[2025-04-04T15:47:16.595+0000] {processor.py:186} INFO - Started process (PID=67) to work on /opt/airflow/dags/ingestion_dag.py
[2025-04-04T15:47:16.596+0000] {processor.py:914} INFO - Processing file /opt/airflow/dags/ingestion_dag.py for tasks to queue
[2025-04-04T15:47:16.600+0000] {logging_mixin.py:190} INFO - [2025-04-04T15:47:16.600+0000] {dagbag.py:588} INFO - Filling up the DagBag from /opt/airflow/dags/ingestion_dag.py
[2025-04-04T15:47:16.624+0000] {processor.py:925} INFO - DAG(s) 'dlt_ingestion_dag' retrieved from /opt/airflow/dags/ingestion_dag.py
[2025-04-04T15:47:16.886+0000] {logging_mixin.py:190} INFO - [2025-04-04T15:47:16.885+0000] {override.py:1912} INFO - Created Permission View: can delete on DAG:dlt_ingestion_dag
[2025-04-04T15:47:16.904+0000] {logging_mixin.py:190} INFO - [2025-04-04T15:47:16.904+0000] {override.py:1912} INFO - Created Permission View: can read on DAG:dlt_ingestion_dag
[2025-04-04T15:47:16.916+0000] {logging_mixin.py:190} INFO - [2025-04-04T15:47:16.915+0000] {override.py:1912} INFO - Created Permission View: can edit on DAG:dlt_ingestion_dag
[2025-04-04T15:47:16.928+0000] {logging_mixin.py:190} INFO - [2025-04-04T15:47:16.927+0000] {override.py:1912} INFO - Created Permission View: menu access on DAG Run:dlt_ingestion_dag
[2025-04-04T15:47:16.940+0000] {logging_mixin.py:190} INFO - [2025-04-04T15:47:16.939+0000] {override.py:1912} INFO - Created Permission View: can read on DAG Run:dlt_ingestion_dag
[2025-04-04T15:47:16.951+0000] {logging_mixin.py:190} INFO - [2025-04-04T15:47:16.950+0000] {override.py:1912} INFO - Created Permission View: can delete on DAG Run:dlt_ingestion_dag
[2025-04-04T15:47:16.962+0000] {logging_mixin.py:190} INFO - [2025-04-04T15:47:16.962+0000] {override.py:1912} INFO - Created Permission View: can create on DAG Run:dlt_ingestion_dag
[2025-04-04T15:47:16.963+0000] {logging_mixin.py:190} INFO - [2025-04-04T15:47:16.963+0000] {dag.py:3239} INFO - Sync 1 DAGs
[2025-04-04T15:47:16.988+0000] {logging_mixin.py:190} INFO - [2025-04-04T15:47:16.988+0000] {dag.py:3262} INFO - Creating ORM DAG for dlt_ingestion_dag
[2025-04-04T15:47:17.010+0000] {logging_mixin.py:190} INFO - [2025-04-04T15:47:17.009+0000] {dag.py:4180} INFO - Setting next_dagrun for dlt_ingestion_dag to 2025-03-01 00:00:00+00:00, run_after=2025-04-01 00:00:00+00:00
[2025-04-04T15:47:17.040+0000] {processor.py:208} INFO - Processing /opt/airflow/dags/ingestion_dag.py took 0.457 seconds
[2025-04-04T15:47:47.162+0000] {processor.py:186} INFO - Started process (PID=131) to work on /opt/airflow/dags/ingestion_dag.py
[2025-04-04T15:47:47.164+0000] {processor.py:914} INFO - Processing file /opt/airflow/dags/ingestion_dag.py for tasks to queue
[2025-04-04T15:47:47.167+0000] {logging_mixin.py:190} INFO - [2025-04-04T15:47:47.167+0000] {dagbag.py:588} INFO - Filling up the DagBag from /opt/airflow/dags/ingestion_dag.py
[2025-04-04T15:47:47.178+0000] {processor.py:925} INFO - DAG(s) 'dlt_ingestion_dag' retrieved from /opt/airflow/dags/ingestion_dag.py
[2025-04-04T15:47:47.201+0000] {logging_mixin.py:190} INFO - [2025-04-04T15:47:47.201+0000] {dag.py:3239} INFO - Sync 1 DAGs
[2025-04-04T15:47:47.232+0000] {logging_mixin.py:190} INFO - [2025-04-04T15:47:47.232+0000] {dag.py:4180} INFO - Setting next_dagrun for dlt_ingestion_dag to 2025-03-01 00:00:00+00:00, run_after=2025-04-01 00:00:00+00:00
[2025-04-04T15:47:47.256+0000] {processor.py:208} INFO - Processing /opt/airflow/dags/ingestion_dag.py took 0.102 seconds
[2025-04-04T15:48:17.601+0000] {processor.py:186} INFO - Started process (PID=195) to work on /opt/airflow/dags/ingestion_dag.py
[2025-04-04T15:48:17.606+0000] {processor.py:914} INFO - Processing file /opt/airflow/dags/ingestion_dag.py for tasks to queue
[2025-04-04T15:48:17.612+0000] {logging_mixin.py:190} INFO - [2025-04-04T15:48:17.612+0000] {dagbag.py:588} INFO - Filling up the DagBag from /opt/airflow/dags/ingestion_dag.py
[2025-04-04T15:48:17.630+0000] {processor.py:925} INFO - DAG(s) 'dlt_ingestion_dag' retrieved from /opt/airflow/dags/ingestion_dag.py
[2025-04-04T15:48:17.667+0000] {logging_mixin.py:190} INFO - [2025-04-04T15:48:17.667+0000] {dag.py:3239} INFO - Sync 1 DAGs
[2025-04-04T15:48:17.721+0000] {logging_mixin.py:190} INFO - [2025-04-04T15:48:17.721+0000] {dag.py:4180} INFO - Setting next_dagrun for dlt_ingestion_dag to 2025-03-01 00:00:00+00:00, run_after=2025-04-01 00:00:00+00:00
[2025-04-04T15:48:17.765+0000] {processor.py:208} INFO - Processing /opt/airflow/dags/ingestion_dag.py took 0.177 seconds
[2025-04-04T15:48:48.659+0000] {processor.py:186} INFO - Started process (PID=259) to work on /opt/airflow/dags/ingestion_dag.py
[2025-04-04T15:48:48.661+0000] {processor.py:914} INFO - Processing file /opt/airflow/dags/ingestion_dag.py for tasks to queue
[2025-04-04T15:48:48.664+0000] {logging_mixin.py:190} INFO - [2025-04-04T15:48:48.663+0000] {dagbag.py:588} INFO - Filling up the DagBag from /opt/airflow/dags/ingestion_dag.py
[2025-04-04T15:48:48.677+0000] {processor.py:925} INFO - DAG(s) 'dlt_ingestion_dag' retrieved from /opt/airflow/dags/ingestion_dag.py
[2025-04-04T15:48:48.706+0000] {logging_mixin.py:190} INFO - [2025-04-04T15:48:48.706+0000] {dag.py:3239} INFO - Sync 1 DAGs
[2025-04-04T15:48:48.745+0000] {logging_mixin.py:190} INFO - [2025-04-04T15:48:48.745+0000] {dag.py:4180} INFO - Setting next_dagrun for dlt_ingestion_dag to 2025-03-01 00:00:00+00:00, run_after=2025-04-01 00:00:00+00:00
[2025-04-04T15:48:48.776+0000] {processor.py:208} INFO - Processing /opt/airflow/dags/ingestion_dag.py took 0.126 seconds
[2025-04-04T15:49:19.604+0000] {processor.py:186} INFO - Started process (PID=323) to work on /opt/airflow/dags/ingestion_dag.py
[2025-04-04T15:49:19.606+0000] {processor.py:914} INFO - Processing file /opt/airflow/dags/ingestion_dag.py for tasks to queue
[2025-04-04T15:49:19.609+0000] {logging_mixin.py:190} INFO - [2025-04-04T15:49:19.608+0000] {dagbag.py:588} INFO - Filling up the DagBag from /opt/airflow/dags/ingestion_dag.py
[2025-04-04T15:49:19.620+0000] {processor.py:925} INFO - DAG(s) 'dlt_ingestion_dag' retrieved from /opt/airflow/dags/ingestion_dag.py
[2025-04-04T15:49:19.648+0000] {logging_mixin.py:190} INFO - [2025-04-04T15:49:19.647+0000] {dag.py:3239} INFO - Sync 1 DAGs
[2025-04-04T15:49:19.683+0000] {logging_mixin.py:190} INFO - [2025-04-04T15:49:19.683+0000] {dag.py:4180} INFO - Setting next_dagrun for dlt_ingestion_dag to 2025-03-01 00:00:00+00:00, run_after=2025-04-01 00:00:00+00:00
[2025-04-04T15:49:19.709+0000] {processor.py:208} INFO - Processing /opt/airflow/dags/ingestion_dag.py took 0.116 seconds
[2025-04-04T15:49:49.907+0000] {processor.py:186} INFO - Started process (PID=387) to work on /opt/airflow/dags/ingestion_dag.py
[2025-04-04T15:49:49.909+0000] {processor.py:914} INFO - Processing file /opt/airflow/dags/ingestion_dag.py for tasks to queue
[2025-04-04T15:49:49.912+0000] {logging_mixin.py:190} INFO - [2025-04-04T15:49:49.911+0000] {dagbag.py:588} INFO - Filling up the DagBag from /opt/airflow/dags/ingestion_dag.py
[2025-04-04T15:49:49.927+0000] {processor.py:925} INFO - DAG(s) 'dlt_ingestion_dag' retrieved from /opt/airflow/dags/ingestion_dag.py
[2025-04-04T15:49:49.953+0000] {logging_mixin.py:190} INFO - [2025-04-04T15:49:49.952+0000] {dag.py:3239} INFO - Sync 1 DAGs
[2025-04-04T15:49:49.987+0000] {logging_mixin.py:190} INFO - [2025-04-04T15:49:49.987+0000] {dag.py:4180} INFO - Setting next_dagrun for dlt_ingestion_dag to 2025-03-01 00:00:00+00:00, run_after=2025-04-01 00:00:00+00:00
[2025-04-04T15:49:50.016+0000] {processor.py:208} INFO - Processing /opt/airflow/dags/ingestion_dag.py took 0.117 seconds
[2025-04-04T15:50:20.600+0000] {processor.py:186} INFO - Started process (PID=451) to work on /opt/airflow/dags/ingestion_dag.py
[2025-04-04T15:50:20.602+0000] {processor.py:914} INFO - Processing file /opt/airflow/dags/ingestion_dag.py for tasks to queue
[2025-04-04T15:50:20.605+0000] {logging_mixin.py:190} INFO - [2025-04-04T15:50:20.605+0000] {dagbag.py:588} INFO - Filling up the DagBag from /opt/airflow/dags/ingestion_dag.py
[2025-04-04T15:50:20.617+0000] {processor.py:925} INFO - DAG(s) 'dlt_ingestion_dag' retrieved from /opt/airflow/dags/ingestion_dag.py
[2025-04-04T15:50:20.644+0000] {logging_mixin.py:190} INFO - [2025-04-04T15:50:20.644+0000] {dag.py:3239} INFO - Sync 1 DAGs
[2025-04-04T15:50:20.684+0000] {logging_mixin.py:190} INFO - [2025-04-04T15:50:20.684+0000] {dag.py:4180} INFO - Setting next_dagrun for dlt_ingestion_dag to 2025-03-01 00:00:00+00:00, run_after=2025-04-01 00:00:00+00:00
[2025-04-04T15:50:20.710+0000] {processor.py:208} INFO - Processing /opt/airflow/dags/ingestion_dag.py took 0.118 seconds
[2025-04-04T15:50:50.875+0000] {processor.py:186} INFO - Started process (PID=515) to work on /opt/airflow/dags/ingestion_dag.py
[2025-04-04T15:50:50.877+0000] {processor.py:914} INFO - Processing file /opt/airflow/dags/ingestion_dag.py for tasks to queue
[2025-04-04T15:50:50.880+0000] {logging_mixin.py:190} INFO - [2025-04-04T15:50:50.880+0000] {dagbag.py:588} INFO - Filling up the DagBag from /opt/airflow/dags/ingestion_dag.py
[2025-04-04T15:50:50.893+0000] {processor.py:925} INFO - DAG(s) 'dlt_ingestion_dag' retrieved from /opt/airflow/dags/ingestion_dag.py
[2025-04-04T15:50:50.920+0000] {logging_mixin.py:190} INFO - [2025-04-04T15:50:50.920+0000] {dag.py:3239} INFO - Sync 1 DAGs
[2025-04-04T15:50:50.954+0000] {logging_mixin.py:190} INFO - [2025-04-04T15:50:50.954+0000] {dag.py:4180} INFO - Setting next_dagrun for dlt_ingestion_dag to 2025-03-01 00:00:00+00:00, run_after=2025-04-01 00:00:00+00:00
[2025-04-04T15:50:50.980+0000] {processor.py:208} INFO - Processing /opt/airflow/dags/ingestion_dag.py took 0.114 seconds
[2025-04-04T15:51:21.838+0000] {processor.py:186} INFO - Started process (PID=579) to work on /opt/airflow/dags/ingestion_dag.py
[2025-04-04T15:51:21.840+0000] {processor.py:914} INFO - Processing file /opt/airflow/dags/ingestion_dag.py for tasks to queue
[2025-04-04T15:51:21.843+0000] {logging_mixin.py:190} INFO - [2025-04-04T15:51:21.843+0000] {dagbag.py:588} INFO - Filling up the DagBag from /opt/airflow/dags/ingestion_dag.py
[2025-04-04T15:51:21.855+0000] {processor.py:925} INFO - DAG(s) 'dlt_ingestion_dag' retrieved from /opt/airflow/dags/ingestion_dag.py
[2025-04-04T15:51:21.884+0000] {logging_mixin.py:190} INFO - [2025-04-04T15:51:21.884+0000] {dag.py:3239} INFO - Sync 1 DAGs
[2025-04-04T15:51:21.924+0000] {logging_mixin.py:190} INFO - [2025-04-04T15:51:21.923+0000] {dag.py:4180} INFO - Setting next_dagrun for dlt_ingestion_dag to 2025-03-01 00:00:00+00:00, run_after=2025-04-01 00:00:00+00:00
[2025-04-04T15:51:21.946+0000] {processor.py:208} INFO - Processing /opt/airflow/dags/ingestion_dag.py took 0.117 seconds
[2025-04-04T15:51:52.175+0000] {processor.py:186} INFO - Started process (PID=643) to work on /opt/airflow/dags/ingestion_dag.py
[2025-04-04T15:51:52.176+0000] {processor.py:914} INFO - Processing file /opt/airflow/dags/ingestion_dag.py for tasks to queue
[2025-04-04T15:51:52.179+0000] {logging_mixin.py:190} INFO - [2025-04-04T15:51:52.179+0000] {dagbag.py:588} INFO - Filling up the DagBag from /opt/airflow/dags/ingestion_dag.py
[2025-04-04T15:51:52.191+0000] {processor.py:925} INFO - DAG(s) 'dlt_ingestion_dag' retrieved from /opt/airflow/dags/ingestion_dag.py
[2025-04-04T15:51:52.215+0000] {logging_mixin.py:190} INFO - [2025-04-04T15:51:52.214+0000] {dag.py:3239} INFO - Sync 1 DAGs
[2025-04-04T15:51:52.251+0000] {logging_mixin.py:190} INFO - [2025-04-04T15:51:52.250+0000] {dag.py:4180} INFO - Setting next_dagrun for dlt_ingestion_dag to 2025-03-01 00:00:00+00:00, run_after=2025-04-01 00:00:00+00:00
[2025-04-04T15:51:52.276+0000] {processor.py:208} INFO - Processing /opt/airflow/dags/ingestion_dag.py took 0.111 seconds
[2025-04-04T15:52:23.077+0000] {processor.py:186} INFO - Started process (PID=707) to work on /opt/airflow/dags/ingestion_dag.py
[2025-04-04T15:52:23.079+0000] {processor.py:914} INFO - Processing file /opt/airflow/dags/ingestion_dag.py for tasks to queue
[2025-04-04T15:52:23.083+0000] {logging_mixin.py:190} INFO - [2025-04-04T15:52:23.082+0000] {dagbag.py:588} INFO - Filling up the DagBag from /opt/airflow/dags/ingestion_dag.py
[2025-04-04T15:52:23.100+0000] {processor.py:925} INFO - DAG(s) 'dlt_ingestion_dag' retrieved from /opt/airflow/dags/ingestion_dag.py
[2025-04-04T15:52:23.133+0000] {logging_mixin.py:190} INFO - [2025-04-04T15:52:23.133+0000] {dag.py:3239} INFO - Sync 1 DAGs
[2025-04-04T15:52:23.184+0000] {logging_mixin.py:190} INFO - [2025-04-04T15:52:23.184+0000] {dag.py:4180} INFO - Setting next_dagrun for dlt_ingestion_dag to 2025-03-01 00:00:00+00:00, run_after=2025-04-01 00:00:00+00:00
[2025-04-04T15:52:23.220+0000] {processor.py:208} INFO - Processing /opt/airflow/dags/ingestion_dag.py took 0.154 seconds
[2025-04-04T15:52:54.007+0000] {processor.py:186} INFO - Started process (PID=771) to work on /opt/airflow/dags/ingestion_dag.py
[2025-04-04T15:52:54.010+0000] {processor.py:914} INFO - Processing file /opt/airflow/dags/ingestion_dag.py for tasks to queue
[2025-04-04T15:52:54.012+0000] {logging_mixin.py:190} INFO - [2025-04-04T15:52:54.012+0000] {dagbag.py:588} INFO - Filling up the DagBag from /opt/airflow/dags/ingestion_dag.py
[2025-04-04T15:52:54.025+0000] {processor.py:925} INFO - DAG(s) 'dlt_ingestion_dag' retrieved from /opt/airflow/dags/ingestion_dag.py
[2025-04-04T15:52:54.052+0000] {logging_mixin.py:190} INFO - [2025-04-04T15:52:54.052+0000] {dag.py:3239} INFO - Sync 1 DAGs
[2025-04-04T15:52:54.092+0000] {logging_mixin.py:190} INFO - [2025-04-04T15:52:54.091+0000] {dag.py:4180} INFO - Setting next_dagrun for dlt_ingestion_dag to 2025-03-01 00:00:00+00:00, run_after=2025-04-01 00:00:00+00:00
[2025-04-04T15:52:54.119+0000] {processor.py:208} INFO - Processing /opt/airflow/dags/ingestion_dag.py took 0.123 seconds
[2025-04-04T15:53:24.744+0000] {processor.py:186} INFO - Started process (PID=835) to work on /opt/airflow/dags/ingestion_dag.py
[2025-04-04T15:53:24.744+0000] {processor.py:914} INFO - Processing file /opt/airflow/dags/ingestion_dag.py for tasks to queue
[2025-04-04T15:53:24.747+0000] {logging_mixin.py:190} INFO - [2025-04-04T15:53:24.747+0000] {dagbag.py:588} INFO - Filling up the DagBag from /opt/airflow/dags/ingestion_dag.py
[2025-04-04T15:53:24.760+0000] {processor.py:925} INFO - DAG(s) 'dlt_ingestion_dag' retrieved from /opt/airflow/dags/ingestion_dag.py
[2025-04-04T15:53:24.791+0000] {logging_mixin.py:190} INFO - [2025-04-04T15:53:24.791+0000] {dag.py:3239} INFO - Sync 1 DAGs
[2025-04-04T15:53:24.831+0000] {logging_mixin.py:190} INFO - [2025-04-04T15:53:24.831+0000] {dag.py:4180} INFO - Setting next_dagrun for dlt_ingestion_dag to 2025-03-01 00:00:00+00:00, run_after=2025-04-01 00:00:00+00:00
[2025-04-04T15:53:24.860+0000] {processor.py:208} INFO - Processing /opt/airflow/dags/ingestion_dag.py took 0.125 seconds
[2025-04-04T15:53:55.282+0000] {processor.py:186} INFO - Started process (PID=899) to work on /opt/airflow/dags/ingestion_dag.py
[2025-04-04T15:53:55.284+0000] {processor.py:914} INFO - Processing file /opt/airflow/dags/ingestion_dag.py for tasks to queue
[2025-04-04T15:53:55.287+0000] {logging_mixin.py:190} INFO - [2025-04-04T15:53:55.287+0000] {dagbag.py:588} INFO - Filling up the DagBag from /opt/airflow/dags/ingestion_dag.py
[2025-04-04T15:53:55.301+0000] {processor.py:925} INFO - DAG(s) 'dlt_ingestion_dag' retrieved from /opt/airflow/dags/ingestion_dag.py
[2025-04-04T15:53:55.329+0000] {logging_mixin.py:190} INFO - [2025-04-04T15:53:55.328+0000] {dag.py:3239} INFO - Sync 1 DAGs
[2025-04-04T15:53:55.367+0000] {logging_mixin.py:190} INFO - [2025-04-04T15:53:55.367+0000] {dag.py:4180} INFO - Setting next_dagrun for dlt_ingestion_dag to 2025-03-01 00:00:00+00:00, run_after=2025-04-01 00:00:00+00:00
[2025-04-04T15:53:55.395+0000] {processor.py:208} INFO - Processing /opt/airflow/dags/ingestion_dag.py took 0.122 seconds
[2025-04-04T15:54:25.518+0000] {processor.py:186} INFO - Started process (PID=963) to work on /opt/airflow/dags/ingestion_dag.py
[2025-04-04T15:54:25.520+0000] {processor.py:914} INFO - Processing file /opt/airflow/dags/ingestion_dag.py for tasks to queue
[2025-04-04T15:54:25.523+0000] {logging_mixin.py:190} INFO - [2025-04-04T15:54:25.522+0000] {dagbag.py:588} INFO - Filling up the DagBag from /opt/airflow/dags/ingestion_dag.py
[2025-04-04T15:54:25.534+0000] {processor.py:925} INFO - DAG(s) 'dlt_ingestion_dag' retrieved from /opt/airflow/dags/ingestion_dag.py
[2025-04-04T15:54:25.561+0000] {logging_mixin.py:190} INFO - [2025-04-04T15:54:25.561+0000] {dag.py:3239} INFO - Sync 1 DAGs
[2025-04-04T15:54:25.597+0000] {logging_mixin.py:190} INFO - [2025-04-04T15:54:25.597+0000] {dag.py:4180} INFO - Setting next_dagrun for dlt_ingestion_dag to 2025-03-01 00:00:00+00:00, run_after=2025-04-01 00:00:00+00:00
[2025-04-04T15:54:25.624+0000] {processor.py:208} INFO - Processing /opt/airflow/dags/ingestion_dag.py took 0.117 seconds
[2025-04-04T15:54:56.121+0000] {processor.py:186} INFO - Started process (PID=1027) to work on /opt/airflow/dags/ingestion_dag.py
[2025-04-04T15:54:56.123+0000] {processor.py:914} INFO - Processing file /opt/airflow/dags/ingestion_dag.py for tasks to queue
[2025-04-04T15:54:56.126+0000] {logging_mixin.py:190} INFO - [2025-04-04T15:54:56.126+0000] {dagbag.py:588} INFO - Filling up the DagBag from /opt/airflow/dags/ingestion_dag.py
[2025-04-04T15:54:56.139+0000] {processor.py:925} INFO - DAG(s) 'dlt_ingestion_dag' retrieved from /opt/airflow/dags/ingestion_dag.py
[2025-04-04T15:54:56.167+0000] {logging_mixin.py:190} INFO - [2025-04-04T15:54:56.166+0000] {dag.py:3239} INFO - Sync 1 DAGs
[2025-04-04T15:54:56.202+0000] {logging_mixin.py:190} INFO - [2025-04-04T15:54:56.201+0000] {dag.py:4180} INFO - Setting next_dagrun for dlt_ingestion_dag to 2025-03-01 00:00:00+00:00, run_after=2025-04-01 00:00:00+00:00
[2025-04-04T15:54:56.229+0000] {processor.py:208} INFO - Processing /opt/airflow/dags/ingestion_dag.py took 0.116 seconds
[2025-04-04T15:55:26.981+0000] {processor.py:186} INFO - Started process (PID=1091) to work on /opt/airflow/dags/ingestion_dag.py
[2025-04-04T15:55:26.983+0000] {processor.py:914} INFO - Processing file /opt/airflow/dags/ingestion_dag.py for tasks to queue
[2025-04-04T15:55:26.987+0000] {logging_mixin.py:190} INFO - [2025-04-04T15:55:26.987+0000] {dagbag.py:588} INFO - Filling up the DagBag from /opt/airflow/dags/ingestion_dag.py
[2025-04-04T15:55:27.003+0000] {processor.py:925} INFO - DAG(s) 'dlt_ingestion_dag' retrieved from /opt/airflow/dags/ingestion_dag.py
[2025-04-04T15:55:27.032+0000] {logging_mixin.py:190} INFO - [2025-04-04T15:55:27.032+0000] {dag.py:3239} INFO - Sync 1 DAGs
[2025-04-04T15:55:27.071+0000] {logging_mixin.py:190} INFO - [2025-04-04T15:55:27.071+0000] {dag.py:4180} INFO - Setting next_dagrun for dlt_ingestion_dag to 2025-03-01 00:00:00+00:00, run_after=2025-04-01 00:00:00+00:00
[2025-04-04T15:55:27.096+0000] {processor.py:208} INFO - Processing /opt/airflow/dags/ingestion_dag.py took 0.126 seconds
[2025-04-04T15:55:57.801+0000] {processor.py:186} INFO - Started process (PID=1155) to work on /opt/airflow/dags/ingestion_dag.py
[2025-04-04T15:55:57.803+0000] {processor.py:914} INFO - Processing file /opt/airflow/dags/ingestion_dag.py for tasks to queue
[2025-04-04T15:55:57.807+0000] {logging_mixin.py:190} INFO - [2025-04-04T15:55:57.806+0000] {dagbag.py:588} INFO - Filling up the DagBag from /opt/airflow/dags/ingestion_dag.py
[2025-04-04T15:55:57.821+0000] {processor.py:925} INFO - DAG(s) 'dlt_ingestion_dag' retrieved from /opt/airflow/dags/ingestion_dag.py
[2025-04-04T15:55:57.858+0000] {logging_mixin.py:190} INFO - [2025-04-04T15:55:57.857+0000] {dag.py:3239} INFO - Sync 1 DAGs
[2025-04-04T15:55:57.913+0000] {logging_mixin.py:190} INFO - [2025-04-04T15:55:57.912+0000] {dag.py:4180} INFO - Setting next_dagrun for dlt_ingestion_dag to 2025-03-01 00:00:00+00:00, run_after=2025-04-01 00:00:00+00:00
[2025-04-04T15:55:57.954+0000] {processor.py:208} INFO - Processing /opt/airflow/dags/ingestion_dag.py took 0.163 seconds
[2025-04-04T15:56:28.487+0000] {processor.py:186} INFO - Started process (PID=1219) to work on /opt/airflow/dags/ingestion_dag.py
[2025-04-04T15:56:28.491+0000] {processor.py:914} INFO - Processing file /opt/airflow/dags/ingestion_dag.py for tasks to queue
[2025-04-04T15:56:28.505+0000] {logging_mixin.py:190} INFO - [2025-04-04T15:56:28.504+0000] {dagbag.py:588} INFO - Filling up the DagBag from /opt/airflow/dags/ingestion_dag.py
[2025-04-04T15:56:28.532+0000] {processor.py:925} INFO - DAG(s) 'dlt_ingestion_dag' retrieved from /opt/airflow/dags/ingestion_dag.py
[2025-04-04T15:56:28.580+0000] {logging_mixin.py:190} INFO - [2025-04-04T15:56:28.580+0000] {dag.py:3239} INFO - Sync 1 DAGs
[2025-04-04T15:56:28.659+0000] {logging_mixin.py:190} INFO - [2025-04-04T15:56:28.659+0000] {dag.py:4180} INFO - Setting next_dagrun for dlt_ingestion_dag to 2025-03-01 00:00:00+00:00, run_after=2025-04-01 00:00:00+00:00
[2025-04-04T15:56:28.720+0000] {processor.py:208} INFO - Processing /opt/airflow/dags/ingestion_dag.py took 0.245 seconds
[2025-04-04T15:56:59.343+0000] {processor.py:186} INFO - Started process (PID=1283) to work on /opt/airflow/dags/ingestion_dag.py
[2025-04-04T15:56:59.344+0000] {processor.py:914} INFO - Processing file /opt/airflow/dags/ingestion_dag.py for tasks to queue
[2025-04-04T15:56:59.349+0000] {logging_mixin.py:190} INFO - [2025-04-04T15:56:59.348+0000] {dagbag.py:588} INFO - Filling up the DagBag from /opt/airflow/dags/ingestion_dag.py
[2025-04-04T15:56:59.361+0000] {processor.py:925} INFO - DAG(s) 'dlt_ingestion_dag' retrieved from /opt/airflow/dags/ingestion_dag.py
[2025-04-04T15:56:59.388+0000] {logging_mixin.py:190} INFO - [2025-04-04T15:56:59.388+0000] {dag.py:3239} INFO - Sync 1 DAGs
[2025-04-04T15:56:59.433+0000] {logging_mixin.py:190} INFO - [2025-04-04T15:56:59.433+0000] {dag.py:4180} INFO - Setting next_dagrun for dlt_ingestion_dag to 2025-03-01 00:00:00+00:00, run_after=2025-04-01 00:00:00+00:00
[2025-04-04T15:56:59.459+0000] {processor.py:208} INFO - Processing /opt/airflow/dags/ingestion_dag.py took 0.125 seconds
[2025-04-04T15:57:29.798+0000] {processor.py:186} INFO - Started process (PID=1347) to work on /opt/airflow/dags/ingestion_dag.py
[2025-04-04T15:57:29.799+0000] {processor.py:914} INFO - Processing file /opt/airflow/dags/ingestion_dag.py for tasks to queue
[2025-04-04T15:57:29.803+0000] {logging_mixin.py:190} INFO - [2025-04-04T15:57:29.802+0000] {dagbag.py:588} INFO - Filling up the DagBag from /opt/airflow/dags/ingestion_dag.py
[2025-04-04T15:57:29.814+0000] {processor.py:925} INFO - DAG(s) 'dlt_ingestion_dag' retrieved from /opt/airflow/dags/ingestion_dag.py
[2025-04-04T15:57:29.839+0000] {logging_mixin.py:190} INFO - [2025-04-04T15:57:29.839+0000] {dag.py:3239} INFO - Sync 1 DAGs
[2025-04-04T15:57:29.870+0000] {logging_mixin.py:190} INFO - [2025-04-04T15:57:29.870+0000] {dag.py:4180} INFO - Setting next_dagrun for dlt_ingestion_dag to 2025-03-01 00:00:00+00:00, run_after=2025-04-01 00:00:00+00:00
[2025-04-04T15:57:29.899+0000] {processor.py:208} INFO - Processing /opt/airflow/dags/ingestion_dag.py took 0.109 seconds
[2025-04-04T15:58:00.044+0000] {processor.py:186} INFO - Started process (PID=1411) to work on /opt/airflow/dags/ingestion_dag.py
[2025-04-04T15:58:00.046+0000] {processor.py:914} INFO - Processing file /opt/airflow/dags/ingestion_dag.py for tasks to queue
[2025-04-04T15:58:00.050+0000] {logging_mixin.py:190} INFO - [2025-04-04T15:58:00.049+0000] {dagbag.py:588} INFO - Filling up the DagBag from /opt/airflow/dags/ingestion_dag.py
[2025-04-04T15:58:00.066+0000] {processor.py:925} INFO - DAG(s) 'dlt_ingestion_dag' retrieved from /opt/airflow/dags/ingestion_dag.py
[2025-04-04T15:58:00.093+0000] {logging_mixin.py:190} INFO - [2025-04-04T15:58:00.093+0000] {dag.py:3239} INFO - Sync 1 DAGs
[2025-04-04T15:58:00.128+0000] {logging_mixin.py:190} INFO - [2025-04-04T15:58:00.128+0000] {dag.py:4180} INFO - Setting next_dagrun for dlt_ingestion_dag to 2025-03-01 00:00:00+00:00, run_after=2025-04-01 00:00:00+00:00
[2025-04-04T15:58:00.153+0000] {processor.py:208} INFO - Processing /opt/airflow/dags/ingestion_dag.py took 0.118 seconds
[2025-04-04T15:58:31.056+0000] {processor.py:186} INFO - Started process (PID=1475) to work on /opt/airflow/dags/ingestion_dag.py
[2025-04-04T15:58:31.057+0000] {processor.py:914} INFO - Processing file /opt/airflow/dags/ingestion_dag.py for tasks to queue
[2025-04-04T15:58:31.062+0000] {logging_mixin.py:190} INFO - [2025-04-04T15:58:31.061+0000] {dagbag.py:588} INFO - Filling up the DagBag from /opt/airflow/dags/ingestion_dag.py
[2025-04-04T15:58:31.087+0000] {processor.py:925} INFO - DAG(s) 'dlt_ingestion_dag' retrieved from /opt/airflow/dags/ingestion_dag.py
[2025-04-04T15:58:31.128+0000] {logging_mixin.py:190} INFO - [2025-04-04T15:58:31.128+0000] {dag.py:3239} INFO - Sync 1 DAGs
[2025-04-04T15:58:31.183+0000] {logging_mixin.py:190} INFO - [2025-04-04T15:58:31.183+0000] {dag.py:4180} INFO - Setting next_dagrun for dlt_ingestion_dag to 2025-03-01 00:00:00+00:00, run_after=2025-04-01 00:00:00+00:00
[2025-04-04T15:58:31.219+0000] {processor.py:208} INFO - Processing /opt/airflow/dags/ingestion_dag.py took 0.176 seconds
[2025-04-04T16:00:46.083+0000] {processor.py:186} INFO - Started process (PID=66) to work on /opt/airflow/dags/ingestion_dag.py
[2025-04-04T16:00:46.085+0000] {processor.py:914} INFO - Processing file /opt/airflow/dags/ingestion_dag.py for tasks to queue
[2025-04-04T16:00:46.089+0000] {logging_mixin.py:190} INFO - [2025-04-04T16:00:46.088+0000] {dagbag.py:588} INFO - Filling up the DagBag from /opt/airflow/dags/ingestion_dag.py
[2025-04-04T16:00:46.120+0000] {processor.py:925} INFO - DAG(s) 'dlt_ingestion_dag' retrieved from /opt/airflow/dags/ingestion_dag.py
[2025-04-04T16:00:46.232+0000] {logging_mixin.py:190} INFO - [2025-04-04T16:00:46.231+0000] {dag.py:3239} INFO - Sync 1 DAGs
[2025-04-04T16:00:46.280+0000] {logging_mixin.py:190} INFO - [2025-04-04T16:00:46.280+0000] {dag.py:4180} INFO - Setting next_dagrun for dlt_ingestion_dag to 2025-03-01 00:00:00+00:00, run_after=2025-04-01 00:00:00+00:00
[2025-04-04T16:00:46.315+0000] {processor.py:208} INFO - Processing /opt/airflow/dags/ingestion_dag.py took 0.240 seconds
[2025-04-04T16:01:16.776+0000] {processor.py:186} INFO - Started process (PID=130) to work on /opt/airflow/dags/ingestion_dag.py
[2025-04-04T16:01:16.778+0000] {processor.py:914} INFO - Processing file /opt/airflow/dags/ingestion_dag.py for tasks to queue
[2025-04-04T16:01:16.782+0000] {logging_mixin.py:190} INFO - [2025-04-04T16:01:16.782+0000] {dagbag.py:588} INFO - Filling up the DagBag from /opt/airflow/dags/ingestion_dag.py
[2025-04-04T16:01:16.795+0000] {processor.py:925} INFO - DAG(s) 'dlt_ingestion_dag' retrieved from /opt/airflow/dags/ingestion_dag.py
[2025-04-04T16:01:16.825+0000] {logging_mixin.py:190} INFO - [2025-04-04T16:01:16.824+0000] {dag.py:3239} INFO - Sync 1 DAGs
[2025-04-04T16:01:16.860+0000] {logging_mixin.py:190} INFO - [2025-04-04T16:01:16.860+0000] {dag.py:4180} INFO - Setting next_dagrun for dlt_ingestion_dag to 2025-03-01 00:00:00+00:00, run_after=2025-04-01 00:00:00+00:00
[2025-04-04T16:01:16.890+0000] {processor.py:208} INFO - Processing /opt/airflow/dags/ingestion_dag.py took 0.122 seconds
[2025-04-04T16:01:47.675+0000] {processor.py:186} INFO - Started process (PID=194) to work on /opt/airflow/dags/ingestion_dag.py
[2025-04-04T16:01:47.677+0000] {processor.py:914} INFO - Processing file /opt/airflow/dags/ingestion_dag.py for tasks to queue
[2025-04-04T16:01:47.680+0000] {logging_mixin.py:190} INFO - [2025-04-04T16:01:47.680+0000] {dagbag.py:588} INFO - Filling up the DagBag from /opt/airflow/dags/ingestion_dag.py
[2025-04-04T16:01:47.692+0000] {processor.py:925} INFO - DAG(s) 'dlt_ingestion_dag' retrieved from /opt/airflow/dags/ingestion_dag.py
[2025-04-04T16:01:47.720+0000] {logging_mixin.py:190} INFO - [2025-04-04T16:01:47.719+0000] {dag.py:3239} INFO - Sync 1 DAGs
[2025-04-04T16:01:47.755+0000] {logging_mixin.py:190} INFO - [2025-04-04T16:01:47.755+0000] {dag.py:4180} INFO - Setting next_dagrun for dlt_ingestion_dag to 2025-03-01 00:00:00+00:00, run_after=2025-04-01 00:00:00+00:00
[2025-04-04T16:01:47.780+0000] {processor.py:208} INFO - Processing /opt/airflow/dags/ingestion_dag.py took 0.113 seconds
[2025-04-04T16:02:17.971+0000] {processor.py:186} INFO - Started process (PID=259) to work on /opt/airflow/dags/ingestion_dag.py
[2025-04-04T16:02:17.972+0000] {processor.py:914} INFO - Processing file /opt/airflow/dags/ingestion_dag.py for tasks to queue
[2025-04-04T16:02:17.976+0000] {logging_mixin.py:190} INFO - [2025-04-04T16:02:17.975+0000] {dagbag.py:588} INFO - Filling up the DagBag from /opt/airflow/dags/ingestion_dag.py
[2025-04-04T16:02:17.988+0000] {processor.py:925} INFO - DAG(s) 'dlt_ingestion_dag' retrieved from /opt/airflow/dags/ingestion_dag.py
[2025-04-04T16:02:18.013+0000] {logging_mixin.py:190} INFO - [2025-04-04T16:02:18.013+0000] {dag.py:3239} INFO - Sync 1 DAGs
[2025-04-04T16:02:18.047+0000] {logging_mixin.py:190} INFO - [2025-04-04T16:02:18.047+0000] {dag.py:4180} INFO - Setting next_dagrun for dlt_ingestion_dag to 2025-03-01 00:00:00+00:00, run_after=2025-04-01 00:00:00+00:00
[2025-04-04T16:02:18.075+0000] {processor.py:208} INFO - Processing /opt/airflow/dags/ingestion_dag.py took 0.113 seconds
[2025-04-04T16:02:48.255+0000] {processor.py:186} INFO - Started process (PID=322) to work on /opt/airflow/dags/ingestion_dag.py
[2025-04-04T16:02:48.256+0000] {processor.py:914} INFO - Processing file /opt/airflow/dags/ingestion_dag.py for tasks to queue
[2025-04-04T16:02:48.259+0000] {logging_mixin.py:190} INFO - [2025-04-04T16:02:48.259+0000] {dagbag.py:588} INFO - Filling up the DagBag from /opt/airflow/dags/ingestion_dag.py
[2025-04-04T16:02:48.271+0000] {processor.py:925} INFO - DAG(s) 'dlt_ingestion_dag' retrieved from /opt/airflow/dags/ingestion_dag.py
[2025-04-04T16:02:48.296+0000] {logging_mixin.py:190} INFO - [2025-04-04T16:02:48.296+0000] {dag.py:3239} INFO - Sync 1 DAGs
[2025-04-04T16:02:48.329+0000] {logging_mixin.py:190} INFO - [2025-04-04T16:02:48.329+0000] {dag.py:4180} INFO - Setting next_dagrun for dlt_ingestion_dag to 2025-03-01 00:00:00+00:00, run_after=2025-04-01 00:00:00+00:00
[2025-04-04T16:02:48.354+0000] {processor.py:208} INFO - Processing /opt/airflow/dags/ingestion_dag.py took 0.107 seconds
