[2025-04-04T15:44:24.843+0000] {processor.py:186} INFO - Started process (PID=123) to work on /home/airflow/.local/lib/python3.12/site-packages/airflow/example_dags/example_dataset_alias_with_no_taskflow.py
[2025-04-04T15:44:24.845+0000] {processor.py:914} INFO - Processing file /home/airflow/.local/lib/python3.12/site-packages/airflow/example_dags/example_dataset_alias_with_no_taskflow.py for tasks to queue
[2025-04-04T15:44:24.849+0000] {logging_mixin.py:190} INFO - [2025-04-04T15:44:24.848+0000] {dagbag.py:588} INFO - Filling up the DagBag from /home/airflow/.local/lib/python3.12/site-packages/airflow/example_dags/example_dataset_alias_with_no_taskflow.py
[2025-04-04T15:44:26.002+0000] {processor.py:925} INFO - DAG(s) 'dataset_alias_example_alias_consumer_with_no_taskflow', 'dataset_alias_example_alias_producer_with_no_taskflow', 'dataset_s3_bucket_producer_with_no_taskflow', 'dataset_s3_bucket_consumer_with_no_taskflow' retrieved from /home/airflow/.local/lib/python3.12/site-packages/airflow/example_dags/example_dataset_alias_with_no_taskflow.py
[2025-04-04T15:44:26.155+0000] {logging_mixin.py:190} INFO - [2025-04-04T15:44:26.154+0000] {override.py:1912} INFO - Created Permission View: can edit on DAG:dataset_alias_example_alias_consumer_with_no_taskflow
[2025-04-04T15:44:26.174+0000] {logging_mixin.py:190} INFO - [2025-04-04T15:44:26.173+0000] {override.py:1912} INFO - Created Permission View: can read on DAG:dataset_alias_example_alias_consumer_with_no_taskflow
[2025-04-04T15:44:26.184+0000] {logging_mixin.py:190} INFO - [2025-04-04T15:44:26.184+0000] {override.py:1912} INFO - Created Permission View: can delete on DAG:dataset_alias_example_alias_consumer_with_no_taskflow
[2025-04-04T15:44:26.196+0000] {logging_mixin.py:190} INFO - [2025-04-04T15:44:26.195+0000] {override.py:1912} INFO - Created Permission View: menu access on DAG Run:dataset_alias_example_alias_consumer_with_no_taskflow
[2025-04-04T15:44:26.207+0000] {logging_mixin.py:190} INFO - [2025-04-04T15:44:26.206+0000] {override.py:1912} INFO - Created Permission View: can read on DAG Run:dataset_alias_example_alias_consumer_with_no_taskflow
[2025-04-04T15:44:26.215+0000] {logging_mixin.py:190} INFO - [2025-04-04T15:44:26.215+0000] {override.py:1912} INFO - Created Permission View: can create on DAG Run:dataset_alias_example_alias_consumer_with_no_taskflow
[2025-04-04T15:44:26.229+0000] {logging_mixin.py:190} INFO - [2025-04-04T15:44:26.228+0000] {override.py:1912} INFO - Created Permission View: can delete on DAG Run:dataset_alias_example_alias_consumer_with_no_taskflow
[2025-04-04T15:44:26.253+0000] {logging_mixin.py:190} INFO - [2025-04-04T15:44:26.252+0000] {override.py:1912} INFO - Created Permission View: can edit on DAG:dataset_alias_example_alias_producer_with_no_taskflow
[2025-04-04T15:44:26.263+0000] {logging_mixin.py:190} INFO - [2025-04-04T15:44:26.262+0000] {override.py:1912} INFO - Created Permission View: can read on DAG:dataset_alias_example_alias_producer_with_no_taskflow
[2025-04-04T15:44:26.276+0000] {logging_mixin.py:190} INFO - [2025-04-04T15:44:26.276+0000] {override.py:1912} INFO - Created Permission View: can delete on DAG:dataset_alias_example_alias_producer_with_no_taskflow
[2025-04-04T15:44:26.289+0000] {logging_mixin.py:190} INFO - [2025-04-04T15:44:26.288+0000] {override.py:1912} INFO - Created Permission View: menu access on DAG Run:dataset_alias_example_alias_producer_with_no_taskflow
[2025-04-04T15:44:26.299+0000] {logging_mixin.py:190} INFO - [2025-04-04T15:44:26.299+0000] {override.py:1912} INFO - Created Permission View: can read on DAG Run:dataset_alias_example_alias_producer_with_no_taskflow
[2025-04-04T15:44:26.312+0000] {logging_mixin.py:190} INFO - [2025-04-04T15:44:26.311+0000] {override.py:1912} INFO - Created Permission View: can create on DAG Run:dataset_alias_example_alias_producer_with_no_taskflow
[2025-04-04T15:44:26.325+0000] {logging_mixin.py:190} INFO - [2025-04-04T15:44:26.324+0000] {override.py:1912} INFO - Created Permission View: can delete on DAG Run:dataset_alias_example_alias_producer_with_no_taskflow
[2025-04-04T15:44:26.348+0000] {logging_mixin.py:190} INFO - [2025-04-04T15:44:26.348+0000] {override.py:1912} INFO - Created Permission View: can edit on DAG:dataset_s3_bucket_producer_with_no_taskflow
[2025-04-04T15:44:26.363+0000] {logging_mixin.py:190} INFO - [2025-04-04T15:44:26.363+0000] {override.py:1912} INFO - Created Permission View: can read on DAG:dataset_s3_bucket_producer_with_no_taskflow
[2025-04-04T15:44:26.372+0000] {logging_mixin.py:190} INFO - [2025-04-04T15:44:26.372+0000] {override.py:1912} INFO - Created Permission View: can delete on DAG:dataset_s3_bucket_producer_with_no_taskflow
[2025-04-04T15:44:26.384+0000] {logging_mixin.py:190} INFO - [2025-04-04T15:44:26.384+0000] {override.py:1912} INFO - Created Permission View: menu access on DAG Run:dataset_s3_bucket_producer_with_no_taskflow
[2025-04-04T15:44:26.395+0000] {logging_mixin.py:190} INFO - [2025-04-04T15:44:26.395+0000] {override.py:1912} INFO - Created Permission View: can read on DAG Run:dataset_s3_bucket_producer_with_no_taskflow
[2025-04-04T15:44:26.407+0000] {logging_mixin.py:190} INFO - [2025-04-04T15:44:26.406+0000] {override.py:1912} INFO - Created Permission View: can create on DAG Run:dataset_s3_bucket_producer_with_no_taskflow
[2025-04-04T15:44:26.418+0000] {logging_mixin.py:190} INFO - [2025-04-04T15:44:26.417+0000] {override.py:1912} INFO - Created Permission View: can delete on DAG Run:dataset_s3_bucket_producer_with_no_taskflow
[2025-04-04T15:44:26.438+0000] {logging_mixin.py:190} INFO - [2025-04-04T15:44:26.438+0000] {override.py:1912} INFO - Created Permission View: can edit on DAG:dataset_s3_bucket_consumer_with_no_taskflow
[2025-04-04T15:44:26.447+0000] {logging_mixin.py:190} INFO - [2025-04-04T15:44:26.446+0000] {override.py:1912} INFO - Created Permission View: can read on DAG:dataset_s3_bucket_consumer_with_no_taskflow
[2025-04-04T15:44:26.455+0000] {logging_mixin.py:190} INFO - [2025-04-04T15:44:26.455+0000] {override.py:1912} INFO - Created Permission View: can delete on DAG:dataset_s3_bucket_consumer_with_no_taskflow
[2025-04-04T15:44:26.465+0000] {logging_mixin.py:190} INFO - [2025-04-04T15:44:26.464+0000] {override.py:1912} INFO - Created Permission View: menu access on DAG Run:dataset_s3_bucket_consumer_with_no_taskflow
[2025-04-04T15:44:26.473+0000] {logging_mixin.py:190} INFO - [2025-04-04T15:44:26.473+0000] {override.py:1912} INFO - Created Permission View: can read on DAG Run:dataset_s3_bucket_consumer_with_no_taskflow
[2025-04-04T15:44:26.482+0000] {logging_mixin.py:190} INFO - [2025-04-04T15:44:26.482+0000] {override.py:1912} INFO - Created Permission View: can create on DAG Run:dataset_s3_bucket_consumer_with_no_taskflow
[2025-04-04T15:44:26.491+0000] {logging_mixin.py:190} INFO - [2025-04-04T15:44:26.490+0000] {override.py:1912} INFO - Created Permission View: can delete on DAG Run:dataset_s3_bucket_consumer_with_no_taskflow
[2025-04-04T15:44:26.491+0000] {logging_mixin.py:190} INFO - [2025-04-04T15:44:26.491+0000] {dag.py:3239} INFO - Sync 4 DAGs
[2025-04-04T15:44:26.510+0000] {logging_mixin.py:190} INFO - [2025-04-04T15:44:26.509+0000] {dag.py:3262} INFO - Creating ORM DAG for dataset_alias_example_alias_consumer_with_no_taskflow
[2025-04-04T15:44:26.511+0000] {logging_mixin.py:190} INFO - [2025-04-04T15:44:26.511+0000] {dag.py:3262} INFO - Creating ORM DAG for dataset_s3_bucket_consumer_with_no_taskflow
[2025-04-04T15:44:26.512+0000] {logging_mixin.py:190} INFO - [2025-04-04T15:44:26.511+0000] {dag.py:3262} INFO - Creating ORM DAG for dataset_s3_bucket_producer_with_no_taskflow
[2025-04-04T15:44:26.512+0000] {logging_mixin.py:190} INFO - [2025-04-04T15:44:26.512+0000] {dag.py:3262} INFO - Creating ORM DAG for dataset_alias_example_alias_producer_with_no_taskflow
[2025-04-04T15:44:26.525+0000] {logging_mixin.py:190} INFO - [2025-04-04T15:44:26.525+0000] {dag.py:4180} INFO - Setting next_dagrun for dataset_alias_example_alias_consumer_with_no_taskflow to None, run_after=None
[2025-04-04T15:44:26.526+0000] {logging_mixin.py:190} INFO - [2025-04-04T15:44:26.526+0000] {dag.py:4180} INFO - Setting next_dagrun for dataset_alias_example_alias_producer_with_no_taskflow to None, run_after=None
[2025-04-04T15:44:26.527+0000] {logging_mixin.py:190} INFO - [2025-04-04T15:44:26.526+0000] {dag.py:4180} INFO - Setting next_dagrun for dataset_s3_bucket_consumer_with_no_taskflow to None, run_after=None
[2025-04-04T15:44:26.527+0000] {logging_mixin.py:190} INFO - [2025-04-04T15:44:26.527+0000] {dag.py:4180} INFO - Setting next_dagrun for dataset_s3_bucket_producer_with_no_taskflow to None, run_after=None
[2025-04-04T15:44:26.571+0000] {processor.py:208} INFO - Processing /home/airflow/.local/lib/python3.12/site-packages/airflow/example_dags/example_dataset_alias_with_no_taskflow.py took 1.738 seconds
[2025-04-04T15:44:56.737+0000] {processor.py:186} INFO - Started process (PID=193) to work on /home/airflow/.local/lib/python3.12/site-packages/airflow/example_dags/example_dataset_alias_with_no_taskflow.py
[2025-04-04T15:44:56.739+0000] {processor.py:914} INFO - Processing file /home/airflow/.local/lib/python3.12/site-packages/airflow/example_dags/example_dataset_alias_with_no_taskflow.py for tasks to queue
[2025-04-04T15:44:56.743+0000] {logging_mixin.py:190} INFO - [2025-04-04T15:44:56.742+0000] {dagbag.py:588} INFO - Filling up the DagBag from /home/airflow/.local/lib/python3.12/site-packages/airflow/example_dags/example_dataset_alias_with_no_taskflow.py
[2025-04-04T15:44:57.975+0000] {processor.py:925} INFO - DAG(s) 'dataset_s3_bucket_producer_with_no_taskflow', 'dataset_alias_example_alias_producer_with_no_taskflow', 'dataset_s3_bucket_consumer_with_no_taskflow', 'dataset_alias_example_alias_consumer_with_no_taskflow' retrieved from /home/airflow/.local/lib/python3.12/site-packages/airflow/example_dags/example_dataset_alias_with_no_taskflow.py
[2025-04-04T15:44:58.020+0000] {logging_mixin.py:190} INFO - [2025-04-04T15:44:58.019+0000] {dag.py:3239} INFO - Sync 4 DAGs
[2025-04-04T15:44:58.067+0000] {logging_mixin.py:190} INFO - [2025-04-04T15:44:58.067+0000] {dag.py:4180} INFO - Setting next_dagrun for dataset_alias_example_alias_consumer_with_no_taskflow to None, run_after=None
[2025-04-04T15:44:58.073+0000] {logging_mixin.py:190} INFO - [2025-04-04T15:44:58.073+0000] {dag.py:4180} INFO - Setting next_dagrun for dataset_alias_example_alias_producer_with_no_taskflow to None, run_after=None
[2025-04-04T15:44:58.076+0000] {logging_mixin.py:190} INFO - [2025-04-04T15:44:58.076+0000] {dag.py:4180} INFO - Setting next_dagrun for dataset_s3_bucket_consumer_with_no_taskflow to None, run_after=None
[2025-04-04T15:44:58.079+0000] {logging_mixin.py:190} INFO - [2025-04-04T15:44:58.079+0000] {dag.py:4180} INFO - Setting next_dagrun for dataset_s3_bucket_producer_with_no_taskflow to None, run_after=None
[2025-04-04T15:44:58.131+0000] {processor.py:208} INFO - Processing /home/airflow/.local/lib/python3.12/site-packages/airflow/example_dags/example_dataset_alias_with_no_taskflow.py took 1.405 seconds
[2025-04-04T15:45:28.790+0000] {processor.py:186} INFO - Started process (PID=256) to work on /home/airflow/.local/lib/python3.12/site-packages/airflow/example_dags/example_dataset_alias_with_no_taskflow.py
[2025-04-04T15:45:28.792+0000] {processor.py:914} INFO - Processing file /home/airflow/.local/lib/python3.12/site-packages/airflow/example_dags/example_dataset_alias_with_no_taskflow.py for tasks to queue
[2025-04-04T15:45:28.795+0000] {logging_mixin.py:190} INFO - [2025-04-04T15:45:28.795+0000] {dagbag.py:588} INFO - Filling up the DagBag from /home/airflow/.local/lib/python3.12/site-packages/airflow/example_dags/example_dataset_alias_with_no_taskflow.py
[2025-04-04T15:45:29.515+0000] {processor.py:925} INFO - DAG(s) 'dataset_s3_bucket_producer_with_no_taskflow', 'dataset_alias_example_alias_consumer_with_no_taskflow', 'dataset_alias_example_alias_producer_with_no_taskflow', 'dataset_s3_bucket_consumer_with_no_taskflow' retrieved from /home/airflow/.local/lib/python3.12/site-packages/airflow/example_dags/example_dataset_alias_with_no_taskflow.py
[2025-04-04T15:45:29.545+0000] {logging_mixin.py:190} INFO - [2025-04-04T15:45:29.545+0000] {dag.py:3239} INFO - Sync 4 DAGs
[2025-04-04T15:45:29.578+0000] {logging_mixin.py:190} INFO - [2025-04-04T15:45:29.578+0000] {dag.py:4180} INFO - Setting next_dagrun for dataset_alias_example_alias_consumer_with_no_taskflow to None, run_after=None
[2025-04-04T15:45:29.582+0000] {logging_mixin.py:190} INFO - [2025-04-04T15:45:29.581+0000] {dag.py:4180} INFO - Setting next_dagrun for dataset_alias_example_alias_producer_with_no_taskflow to None, run_after=None
[2025-04-04T15:45:29.584+0000] {logging_mixin.py:190} INFO - [2025-04-04T15:45:29.583+0000] {dag.py:4180} INFO - Setting next_dagrun for dataset_s3_bucket_consumer_with_no_taskflow to None, run_after=None
[2025-04-04T15:45:29.585+0000] {logging_mixin.py:190} INFO - [2025-04-04T15:45:29.585+0000] {dag.py:4180} INFO - Setting next_dagrun for dataset_s3_bucket_producer_with_no_taskflow to None, run_after=None
[2025-04-04T15:45:29.618+0000] {processor.py:208} INFO - Processing /home/airflow/.local/lib/python3.12/site-packages/airflow/example_dags/example_dataset_alias_with_no_taskflow.py took 0.836 seconds
[2025-04-04T15:45:59.933+0000] {processor.py:186} INFO - Started process (PID=319) to work on /home/airflow/.local/lib/python3.12/site-packages/airflow/example_dags/example_dataset_alias_with_no_taskflow.py
[2025-04-04T15:45:59.934+0000] {processor.py:914} INFO - Processing file /home/airflow/.local/lib/python3.12/site-packages/airflow/example_dags/example_dataset_alias_with_no_taskflow.py for tasks to queue
[2025-04-04T15:45:59.937+0000] {logging_mixin.py:190} INFO - [2025-04-04T15:45:59.937+0000] {dagbag.py:588} INFO - Filling up the DagBag from /home/airflow/.local/lib/python3.12/site-packages/airflow/example_dags/example_dataset_alias_with_no_taskflow.py
[2025-04-04T15:46:00.884+0000] {processor.py:925} INFO - DAG(s) 'dataset_alias_example_alias_producer_with_no_taskflow', 'dataset_alias_example_alias_consumer_with_no_taskflow', 'dataset_s3_bucket_producer_with_no_taskflow', 'dataset_s3_bucket_consumer_with_no_taskflow' retrieved from /home/airflow/.local/lib/python3.12/site-packages/airflow/example_dags/example_dataset_alias_with_no_taskflow.py
[2025-04-04T15:46:00.919+0000] {logging_mixin.py:190} INFO - [2025-04-04T15:46:00.919+0000] {dag.py:3239} INFO - Sync 4 DAGs
[2025-04-04T15:46:00.953+0000] {logging_mixin.py:190} INFO - [2025-04-04T15:46:00.953+0000] {dag.py:4180} INFO - Setting next_dagrun for dataset_alias_example_alias_consumer_with_no_taskflow to None, run_after=None
[2025-04-04T15:46:00.957+0000] {logging_mixin.py:190} INFO - [2025-04-04T15:46:00.957+0000] {dag.py:4180} INFO - Setting next_dagrun for dataset_alias_example_alias_producer_with_no_taskflow to None, run_after=None
[2025-04-04T15:46:00.960+0000] {logging_mixin.py:190} INFO - [2025-04-04T15:46:00.959+0000] {dag.py:4180} INFO - Setting next_dagrun for dataset_s3_bucket_consumer_with_no_taskflow to None, run_after=None
[2025-04-04T15:46:00.961+0000] {logging_mixin.py:190} INFO - [2025-04-04T15:46:00.961+0000] {dag.py:4180} INFO - Setting next_dagrun for dataset_s3_bucket_producer_with_no_taskflow to None, run_after=None
[2025-04-04T15:46:00.995+0000] {processor.py:208} INFO - Processing /home/airflow/.local/lib/python3.12/site-packages/airflow/example_dags/example_dataset_alias_with_no_taskflow.py took 1.070 seconds
[2025-04-04T15:47:26.825+0000] {processor.py:186} INFO - Started process (PID=117) to work on /home/airflow/.local/lib/python3.12/site-packages/airflow/example_dags/example_dataset_alias_with_no_taskflow.py
[2025-04-04T15:47:26.828+0000] {processor.py:914} INFO - Processing file /home/airflow/.local/lib/python3.12/site-packages/airflow/example_dags/example_dataset_alias_with_no_taskflow.py for tasks to queue
[2025-04-04T15:47:26.835+0000] {logging_mixin.py:190} INFO - [2025-04-04T15:47:26.834+0000] {dagbag.py:588} INFO - Filling up the DagBag from /home/airflow/.local/lib/python3.12/site-packages/airflow/example_dags/example_dataset_alias_with_no_taskflow.py
[2025-04-04T15:47:28.163+0000] {processor.py:925} INFO - DAG(s) 'dataset_s3_bucket_consumer_with_no_taskflow', 'dataset_alias_example_alias_producer_with_no_taskflow', 'dataset_alias_example_alias_consumer_with_no_taskflow', 'dataset_s3_bucket_producer_with_no_taskflow' retrieved from /home/airflow/.local/lib/python3.12/site-packages/airflow/example_dags/example_dataset_alias_with_no_taskflow.py
[2025-04-04T15:47:28.208+0000] {logging_mixin.py:190} INFO - [2025-04-04T15:47:28.207+0000] {dag.py:3239} INFO - Sync 4 DAGs
[2025-04-04T15:47:28.248+0000] {logging_mixin.py:190} INFO - [2025-04-04T15:47:28.248+0000] {dag.py:4180} INFO - Setting next_dagrun for dataset_alias_example_alias_consumer_with_no_taskflow to None, run_after=None
[2025-04-04T15:47:28.255+0000] {logging_mixin.py:190} INFO - [2025-04-04T15:47:28.254+0000] {dag.py:4180} INFO - Setting next_dagrun for dataset_alias_example_alias_producer_with_no_taskflow to None, run_after=None
[2025-04-04T15:47:28.258+0000] {logging_mixin.py:190} INFO - [2025-04-04T15:47:28.258+0000] {dag.py:4180} INFO - Setting next_dagrun for dataset_s3_bucket_consumer_with_no_taskflow to None, run_after=None
[2025-04-04T15:47:28.261+0000] {logging_mixin.py:190} INFO - [2025-04-04T15:47:28.260+0000] {dag.py:4180} INFO - Setting next_dagrun for dataset_s3_bucket_producer_with_no_taskflow to None, run_after=None
[2025-04-04T15:47:28.309+0000] {processor.py:208} INFO - Processing /home/airflow/.local/lib/python3.12/site-packages/airflow/example_dags/example_dataset_alias_with_no_taskflow.py took 1.502 seconds
[2025-04-04T15:47:58.568+0000] {processor.py:186} INFO - Started process (PID=188) to work on /home/airflow/.local/lib/python3.12/site-packages/airflow/example_dags/example_dataset_alias_with_no_taskflow.py
[2025-04-04T15:47:58.569+0000] {processor.py:914} INFO - Processing file /home/airflow/.local/lib/python3.12/site-packages/airflow/example_dags/example_dataset_alias_with_no_taskflow.py for tasks to queue
[2025-04-04T15:47:58.571+0000] {logging_mixin.py:190} INFO - [2025-04-04T15:47:58.571+0000] {dagbag.py:588} INFO - Filling up the DagBag from /home/airflow/.local/lib/python3.12/site-packages/airflow/example_dags/example_dataset_alias_with_no_taskflow.py
[2025-04-04T15:47:59.258+0000] {processor.py:925} INFO - DAG(s) 'dataset_alias_example_alias_consumer_with_no_taskflow', 'dataset_s3_bucket_consumer_with_no_taskflow', 'dataset_s3_bucket_producer_with_no_taskflow', 'dataset_alias_example_alias_producer_with_no_taskflow' retrieved from /home/airflow/.local/lib/python3.12/site-packages/airflow/example_dags/example_dataset_alias_with_no_taskflow.py
[2025-04-04T15:47:59.288+0000] {logging_mixin.py:190} INFO - [2025-04-04T15:47:59.288+0000] {dag.py:3239} INFO - Sync 4 DAGs
[2025-04-04T15:47:59.322+0000] {logging_mixin.py:190} INFO - [2025-04-04T15:47:59.321+0000] {dag.py:4180} INFO - Setting next_dagrun for dataset_alias_example_alias_consumer_with_no_taskflow to None, run_after=None
[2025-04-04T15:47:59.325+0000] {logging_mixin.py:190} INFO - [2025-04-04T15:47:59.325+0000] {dag.py:4180} INFO - Setting next_dagrun for dataset_alias_example_alias_producer_with_no_taskflow to None, run_after=None
[2025-04-04T15:47:59.327+0000] {logging_mixin.py:190} INFO - [2025-04-04T15:47:59.327+0000] {dag.py:4180} INFO - Setting next_dagrun for dataset_s3_bucket_consumer_with_no_taskflow to None, run_after=None
[2025-04-04T15:47:59.329+0000] {logging_mixin.py:190} INFO - [2025-04-04T15:47:59.329+0000] {dag.py:4180} INFO - Setting next_dagrun for dataset_s3_bucket_producer_with_no_taskflow to None, run_after=None
[2025-04-04T15:47:59.361+0000] {processor.py:208} INFO - Processing /home/airflow/.local/lib/python3.12/site-packages/airflow/example_dags/example_dataset_alias_with_no_taskflow.py took 0.800 seconds
[2025-04-04T15:48:29.508+0000] {processor.py:186} INFO - Started process (PID=252) to work on /home/airflow/.local/lib/python3.12/site-packages/airflow/example_dags/example_dataset_alias_with_no_taskflow.py
[2025-04-04T15:48:29.510+0000] {processor.py:914} INFO - Processing file /home/airflow/.local/lib/python3.12/site-packages/airflow/example_dags/example_dataset_alias_with_no_taskflow.py for tasks to queue
[2025-04-04T15:48:29.512+0000] {logging_mixin.py:190} INFO - [2025-04-04T15:48:29.512+0000] {dagbag.py:588} INFO - Filling up the DagBag from /home/airflow/.local/lib/python3.12/site-packages/airflow/example_dags/example_dataset_alias_with_no_taskflow.py
[2025-04-04T15:48:30.276+0000] {processor.py:925} INFO - DAG(s) 'dataset_s3_bucket_producer_with_no_taskflow', 'dataset_alias_example_alias_consumer_with_no_taskflow', 'dataset_s3_bucket_consumer_with_no_taskflow', 'dataset_alias_example_alias_producer_with_no_taskflow' retrieved from /home/airflow/.local/lib/python3.12/site-packages/airflow/example_dags/example_dataset_alias_with_no_taskflow.py
[2025-04-04T15:48:30.313+0000] {logging_mixin.py:190} INFO - [2025-04-04T15:48:30.312+0000] {dag.py:3239} INFO - Sync 4 DAGs
[2025-04-04T15:48:30.349+0000] {logging_mixin.py:190} INFO - [2025-04-04T15:48:30.349+0000] {dag.py:4180} INFO - Setting next_dagrun for dataset_alias_example_alias_consumer_with_no_taskflow to None, run_after=None
[2025-04-04T15:48:30.353+0000] {logging_mixin.py:190} INFO - [2025-04-04T15:48:30.353+0000] {dag.py:4180} INFO - Setting next_dagrun for dataset_alias_example_alias_producer_with_no_taskflow to None, run_after=None
[2025-04-04T15:48:30.355+0000] {logging_mixin.py:190} INFO - [2025-04-04T15:48:30.355+0000] {dag.py:4180} INFO - Setting next_dagrun for dataset_s3_bucket_consumer_with_no_taskflow to None, run_after=None
[2025-04-04T15:48:30.357+0000] {logging_mixin.py:190} INFO - [2025-04-04T15:48:30.357+0000] {dag.py:4180} INFO - Setting next_dagrun for dataset_s3_bucket_producer_with_no_taskflow to None, run_after=None
[2025-04-04T15:48:30.395+0000] {processor.py:208} INFO - Processing /home/airflow/.local/lib/python3.12/site-packages/airflow/example_dags/example_dataset_alias_with_no_taskflow.py took 0.895 seconds
[2025-04-04T15:49:00.449+0000] {processor.py:186} INFO - Started process (PID=316) to work on /home/airflow/.local/lib/python3.12/site-packages/airflow/example_dags/example_dataset_alias_with_no_taskflow.py
[2025-04-04T15:49:00.449+0000] {processor.py:914} INFO - Processing file /home/airflow/.local/lib/python3.12/site-packages/airflow/example_dags/example_dataset_alias_with_no_taskflow.py for tasks to queue
[2025-04-04T15:49:00.452+0000] {logging_mixin.py:190} INFO - [2025-04-04T15:49:00.451+0000] {dagbag.py:588} INFO - Filling up the DagBag from /home/airflow/.local/lib/python3.12/site-packages/airflow/example_dags/example_dataset_alias_with_no_taskflow.py
[2025-04-04T15:49:01.219+0000] {processor.py:925} INFO - DAG(s) 'dataset_s3_bucket_consumer_with_no_taskflow', 'dataset_alias_example_alias_consumer_with_no_taskflow', 'dataset_alias_example_alias_producer_with_no_taskflow', 'dataset_s3_bucket_producer_with_no_taskflow' retrieved from /home/airflow/.local/lib/python3.12/site-packages/airflow/example_dags/example_dataset_alias_with_no_taskflow.py
[2025-04-04T15:49:01.250+0000] {logging_mixin.py:190} INFO - [2025-04-04T15:49:01.249+0000] {dag.py:3239} INFO - Sync 4 DAGs
[2025-04-04T15:49:01.285+0000] {logging_mixin.py:190} INFO - [2025-04-04T15:49:01.284+0000] {dag.py:4180} INFO - Setting next_dagrun for dataset_alias_example_alias_consumer_with_no_taskflow to None, run_after=None
[2025-04-04T15:49:01.289+0000] {logging_mixin.py:190} INFO - [2025-04-04T15:49:01.289+0000] {dag.py:4180} INFO - Setting next_dagrun for dataset_alias_example_alias_producer_with_no_taskflow to None, run_after=None
[2025-04-04T15:49:01.292+0000] {logging_mixin.py:190} INFO - [2025-04-04T15:49:01.292+0000] {dag.py:4180} INFO - Setting next_dagrun for dataset_s3_bucket_consumer_with_no_taskflow to None, run_after=None
[2025-04-04T15:49:01.294+0000] {logging_mixin.py:190} INFO - [2025-04-04T15:49:01.294+0000] {dag.py:4180} INFO - Setting next_dagrun for dataset_s3_bucket_producer_with_no_taskflow to None, run_after=None
[2025-04-04T15:49:01.330+0000] {processor.py:208} INFO - Processing /home/airflow/.local/lib/python3.12/site-packages/airflow/example_dags/example_dataset_alias_with_no_taskflow.py took 0.889 seconds
[2025-04-04T15:49:31.737+0000] {processor.py:186} INFO - Started process (PID=380) to work on /home/airflow/.local/lib/python3.12/site-packages/airflow/example_dags/example_dataset_alias_with_no_taskflow.py
[2025-04-04T15:49:31.738+0000] {processor.py:914} INFO - Processing file /home/airflow/.local/lib/python3.12/site-packages/airflow/example_dags/example_dataset_alias_with_no_taskflow.py for tasks to queue
[2025-04-04T15:49:31.741+0000] {logging_mixin.py:190} INFO - [2025-04-04T15:49:31.741+0000] {dagbag.py:588} INFO - Filling up the DagBag from /home/airflow/.local/lib/python3.12/site-packages/airflow/example_dags/example_dataset_alias_with_no_taskflow.py
[2025-04-04T15:49:32.522+0000] {processor.py:925} INFO - DAG(s) 'dataset_s3_bucket_producer_with_no_taskflow', 'dataset_s3_bucket_consumer_with_no_taskflow', 'dataset_alias_example_alias_consumer_with_no_taskflow', 'dataset_alias_example_alias_producer_with_no_taskflow' retrieved from /home/airflow/.local/lib/python3.12/site-packages/airflow/example_dags/example_dataset_alias_with_no_taskflow.py
[2025-04-04T15:49:32.566+0000] {logging_mixin.py:190} INFO - [2025-04-04T15:49:32.565+0000] {dag.py:3239} INFO - Sync 4 DAGs
[2025-04-04T15:49:32.614+0000] {logging_mixin.py:190} INFO - [2025-04-04T15:49:32.614+0000] {dag.py:4180} INFO - Setting next_dagrun for dataset_alias_example_alias_consumer_with_no_taskflow to None, run_after=None
[2025-04-04T15:49:32.620+0000] {logging_mixin.py:190} INFO - [2025-04-04T15:49:32.619+0000] {dag.py:4180} INFO - Setting next_dagrun for dataset_alias_example_alias_producer_with_no_taskflow to None, run_after=None
[2025-04-04T15:49:32.623+0000] {logging_mixin.py:190} INFO - [2025-04-04T15:49:32.622+0000] {dag.py:4180} INFO - Setting next_dagrun for dataset_s3_bucket_consumer_with_no_taskflow to None, run_after=None
[2025-04-04T15:49:32.625+0000] {logging_mixin.py:190} INFO - [2025-04-04T15:49:32.625+0000] {dag.py:4180} INFO - Setting next_dagrun for dataset_s3_bucket_producer_with_no_taskflow to None, run_after=None
[2025-04-04T15:49:32.667+0000] {processor.py:208} INFO - Processing /home/airflow/.local/lib/python3.12/site-packages/airflow/example_dags/example_dataset_alias_with_no_taskflow.py took 0.937 seconds
[2025-04-04T15:50:03.576+0000] {processor.py:186} INFO - Started process (PID=444) to work on /home/airflow/.local/lib/python3.12/site-packages/airflow/example_dags/example_dataset_alias_with_no_taskflow.py
[2025-04-04T15:50:03.577+0000] {processor.py:914} INFO - Processing file /home/airflow/.local/lib/python3.12/site-packages/airflow/example_dags/example_dataset_alias_with_no_taskflow.py for tasks to queue
[2025-04-04T15:50:03.580+0000] {logging_mixin.py:190} INFO - [2025-04-04T15:50:03.580+0000] {dagbag.py:588} INFO - Filling up the DagBag from /home/airflow/.local/lib/python3.12/site-packages/airflow/example_dags/example_dataset_alias_with_no_taskflow.py
[2025-04-04T15:50:04.251+0000] {processor.py:925} INFO - DAG(s) 'dataset_s3_bucket_producer_with_no_taskflow', 'dataset_s3_bucket_consumer_with_no_taskflow', 'dataset_alias_example_alias_producer_with_no_taskflow', 'dataset_alias_example_alias_consumer_with_no_taskflow' retrieved from /home/airflow/.local/lib/python3.12/site-packages/airflow/example_dags/example_dataset_alias_with_no_taskflow.py
[2025-04-04T15:50:04.293+0000] {logging_mixin.py:190} INFO - [2025-04-04T15:50:04.292+0000] {dag.py:3239} INFO - Sync 4 DAGs
[2025-04-04T15:50:04.327+0000] {logging_mixin.py:190} INFO - [2025-04-04T15:50:04.327+0000] {dag.py:4180} INFO - Setting next_dagrun for dataset_alias_example_alias_consumer_with_no_taskflow to None, run_after=None
[2025-04-04T15:50:04.331+0000] {logging_mixin.py:190} INFO - [2025-04-04T15:50:04.330+0000] {dag.py:4180} INFO - Setting next_dagrun for dataset_alias_example_alias_producer_with_no_taskflow to None, run_after=None
[2025-04-04T15:50:04.333+0000] {logging_mixin.py:190} INFO - [2025-04-04T15:50:04.332+0000] {dag.py:4180} INFO - Setting next_dagrun for dataset_s3_bucket_consumer_with_no_taskflow to None, run_after=None
[2025-04-04T15:50:04.334+0000] {logging_mixin.py:190} INFO - [2025-04-04T15:50:04.334+0000] {dag.py:4180} INFO - Setting next_dagrun for dataset_s3_bucket_producer_with_no_taskflow to None, run_after=None
[2025-04-04T15:50:04.361+0000] {processor.py:208} INFO - Processing /home/airflow/.local/lib/python3.12/site-packages/airflow/example_dags/example_dataset_alias_with_no_taskflow.py took 0.795 seconds
[2025-04-04T15:50:34.707+0000] {processor.py:186} INFO - Started process (PID=508) to work on /home/airflow/.local/lib/python3.12/site-packages/airflow/example_dags/example_dataset_alias_with_no_taskflow.py
[2025-04-04T15:50:34.709+0000] {processor.py:914} INFO - Processing file /home/airflow/.local/lib/python3.12/site-packages/airflow/example_dags/example_dataset_alias_with_no_taskflow.py for tasks to queue
[2025-04-04T15:50:34.712+0000] {logging_mixin.py:190} INFO - [2025-04-04T15:50:34.712+0000] {dagbag.py:588} INFO - Filling up the DagBag from /home/airflow/.local/lib/python3.12/site-packages/airflow/example_dags/example_dataset_alias_with_no_taskflow.py
[2025-04-04T15:50:35.380+0000] {processor.py:925} INFO - DAG(s) 'dataset_s3_bucket_consumer_with_no_taskflow', 'dataset_alias_example_alias_producer_with_no_taskflow', 'dataset_alias_example_alias_consumer_with_no_taskflow', 'dataset_s3_bucket_producer_with_no_taskflow' retrieved from /home/airflow/.local/lib/python3.12/site-packages/airflow/example_dags/example_dataset_alias_with_no_taskflow.py
[2025-04-04T15:50:35.407+0000] {logging_mixin.py:190} INFO - [2025-04-04T15:50:35.406+0000] {dag.py:3239} INFO - Sync 4 DAGs
[2025-04-04T15:50:35.439+0000] {logging_mixin.py:190} INFO - [2025-04-04T15:50:35.438+0000] {dag.py:4180} INFO - Setting next_dagrun for dataset_alias_example_alias_consumer_with_no_taskflow to None, run_after=None
[2025-04-04T15:50:35.442+0000] {logging_mixin.py:190} INFO - [2025-04-04T15:50:35.442+0000] {dag.py:4180} INFO - Setting next_dagrun for dataset_alias_example_alias_producer_with_no_taskflow to None, run_after=None
[2025-04-04T15:50:35.444+0000] {logging_mixin.py:190} INFO - [2025-04-04T15:50:35.444+0000] {dag.py:4180} INFO - Setting next_dagrun for dataset_s3_bucket_consumer_with_no_taskflow to None, run_after=None
[2025-04-04T15:50:35.446+0000] {logging_mixin.py:190} INFO - [2025-04-04T15:50:35.445+0000] {dag.py:4180} INFO - Setting next_dagrun for dataset_s3_bucket_producer_with_no_taskflow to None, run_after=None
[2025-04-04T15:50:35.476+0000] {processor.py:208} INFO - Processing /home/airflow/.local/lib/python3.12/site-packages/airflow/example_dags/example_dataset_alias_with_no_taskflow.py took 0.778 seconds
[2025-04-04T15:51:05.731+0000] {processor.py:186} INFO - Started process (PID=572) to work on /home/airflow/.local/lib/python3.12/site-packages/airflow/example_dags/example_dataset_alias_with_no_taskflow.py
[2025-04-04T15:51:05.733+0000] {processor.py:914} INFO - Processing file /home/airflow/.local/lib/python3.12/site-packages/airflow/example_dags/example_dataset_alias_with_no_taskflow.py for tasks to queue
[2025-04-04T15:51:05.736+0000] {logging_mixin.py:190} INFO - [2025-04-04T15:51:05.735+0000] {dagbag.py:588} INFO - Filling up the DagBag from /home/airflow/.local/lib/python3.12/site-packages/airflow/example_dags/example_dataset_alias_with_no_taskflow.py
[2025-04-04T15:51:06.496+0000] {processor.py:925} INFO - DAG(s) 'dataset_alias_example_alias_producer_with_no_taskflow', 'dataset_s3_bucket_producer_with_no_taskflow', 'dataset_alias_example_alias_consumer_with_no_taskflow', 'dataset_s3_bucket_consumer_with_no_taskflow' retrieved from /home/airflow/.local/lib/python3.12/site-packages/airflow/example_dags/example_dataset_alias_with_no_taskflow.py
[2025-04-04T15:51:06.531+0000] {logging_mixin.py:190} INFO - [2025-04-04T15:51:06.530+0000] {dag.py:3239} INFO - Sync 4 DAGs
[2025-04-04T15:51:06.566+0000] {logging_mixin.py:190} INFO - [2025-04-04T15:51:06.565+0000] {dag.py:4180} INFO - Setting next_dagrun for dataset_alias_example_alias_consumer_with_no_taskflow to None, run_after=None
[2025-04-04T15:51:06.569+0000] {logging_mixin.py:190} INFO - [2025-04-04T15:51:06.569+0000] {dag.py:4180} INFO - Setting next_dagrun for dataset_alias_example_alias_producer_with_no_taskflow to None, run_after=None
[2025-04-04T15:51:06.572+0000] {logging_mixin.py:190} INFO - [2025-04-04T15:51:06.571+0000] {dag.py:4180} INFO - Setting next_dagrun for dataset_s3_bucket_consumer_with_no_taskflow to None, run_after=None
[2025-04-04T15:51:06.573+0000] {logging_mixin.py:190} INFO - [2025-04-04T15:51:06.573+0000] {dag.py:4180} INFO - Setting next_dagrun for dataset_s3_bucket_producer_with_no_taskflow to None, run_after=None
[2025-04-04T15:51:06.606+0000] {processor.py:208} INFO - Processing /home/airflow/.local/lib/python3.12/site-packages/airflow/example_dags/example_dataset_alias_with_no_taskflow.py took 0.884 seconds
[2025-04-04T15:51:37.140+0000] {processor.py:186} INFO - Started process (PID=636) to work on /home/airflow/.local/lib/python3.12/site-packages/airflow/example_dags/example_dataset_alias_with_no_taskflow.py
[2025-04-04T15:51:37.142+0000] {processor.py:914} INFO - Processing file /home/airflow/.local/lib/python3.12/site-packages/airflow/example_dags/example_dataset_alias_with_no_taskflow.py for tasks to queue
[2025-04-04T15:51:37.145+0000] {logging_mixin.py:190} INFO - [2025-04-04T15:51:37.145+0000] {dagbag.py:588} INFO - Filling up the DagBag from /home/airflow/.local/lib/python3.12/site-packages/airflow/example_dags/example_dataset_alias_with_no_taskflow.py
[2025-04-04T15:51:37.866+0000] {processor.py:925} INFO - DAG(s) 'dataset_alias_example_alias_consumer_with_no_taskflow', 'dataset_s3_bucket_producer_with_no_taskflow', 'dataset_alias_example_alias_producer_with_no_taskflow', 'dataset_s3_bucket_consumer_with_no_taskflow' retrieved from /home/airflow/.local/lib/python3.12/site-packages/airflow/example_dags/example_dataset_alias_with_no_taskflow.py
[2025-04-04T15:51:37.893+0000] {logging_mixin.py:190} INFO - [2025-04-04T15:51:37.892+0000] {dag.py:3239} INFO - Sync 4 DAGs
[2025-04-04T15:51:37.924+0000] {logging_mixin.py:190} INFO - [2025-04-04T15:51:37.924+0000] {dag.py:4180} INFO - Setting next_dagrun for dataset_alias_example_alias_consumer_with_no_taskflow to None, run_after=None
[2025-04-04T15:51:37.928+0000] {logging_mixin.py:190} INFO - [2025-04-04T15:51:37.928+0000] {dag.py:4180} INFO - Setting next_dagrun for dataset_alias_example_alias_producer_with_no_taskflow to None, run_after=None
[2025-04-04T15:51:37.931+0000] {logging_mixin.py:190} INFO - [2025-04-04T15:51:37.930+0000] {dag.py:4180} INFO - Setting next_dagrun for dataset_s3_bucket_consumer_with_no_taskflow to None, run_after=None
[2025-04-04T15:51:37.933+0000] {logging_mixin.py:190} INFO - [2025-04-04T15:51:37.932+0000] {dag.py:4180} INFO - Setting next_dagrun for dataset_s3_bucket_producer_with_no_taskflow to None, run_after=None
[2025-04-04T15:51:37.966+0000] {processor.py:208} INFO - Processing /home/airflow/.local/lib/python3.12/site-packages/airflow/example_dags/example_dataset_alias_with_no_taskflow.py took 0.833 seconds
[2025-04-04T15:52:08.037+0000] {processor.py:186} INFO - Started process (PID=700) to work on /home/airflow/.local/lib/python3.12/site-packages/airflow/example_dags/example_dataset_alias_with_no_taskflow.py
[2025-04-04T15:52:08.039+0000] {processor.py:914} INFO - Processing file /home/airflow/.local/lib/python3.12/site-packages/airflow/example_dags/example_dataset_alias_with_no_taskflow.py for tasks to queue
[2025-04-04T15:52:08.042+0000] {logging_mixin.py:190} INFO - [2025-04-04T15:52:08.041+0000] {dagbag.py:588} INFO - Filling up the DagBag from /home/airflow/.local/lib/python3.12/site-packages/airflow/example_dags/example_dataset_alias_with_no_taskflow.py
[2025-04-04T15:52:08.696+0000] {processor.py:925} INFO - DAG(s) 'dataset_s3_bucket_producer_with_no_taskflow', 'dataset_alias_example_alias_consumer_with_no_taskflow', 'dataset_s3_bucket_consumer_with_no_taskflow', 'dataset_alias_example_alias_producer_with_no_taskflow' retrieved from /home/airflow/.local/lib/python3.12/site-packages/airflow/example_dags/example_dataset_alias_with_no_taskflow.py
[2025-04-04T15:52:08.724+0000] {logging_mixin.py:190} INFO - [2025-04-04T15:52:08.724+0000] {dag.py:3239} INFO - Sync 4 DAGs
[2025-04-04T15:52:08.760+0000] {logging_mixin.py:190} INFO - [2025-04-04T15:52:08.760+0000] {dag.py:4180} INFO - Setting next_dagrun for dataset_alias_example_alias_consumer_with_no_taskflow to None, run_after=None
[2025-04-04T15:52:08.764+0000] {logging_mixin.py:190} INFO - [2025-04-04T15:52:08.764+0000] {dag.py:4180} INFO - Setting next_dagrun for dataset_alias_example_alias_producer_with_no_taskflow to None, run_after=None
[2025-04-04T15:52:08.766+0000] {logging_mixin.py:190} INFO - [2025-04-04T15:52:08.766+0000] {dag.py:4180} INFO - Setting next_dagrun for dataset_s3_bucket_consumer_with_no_taskflow to None, run_after=None
[2025-04-04T15:52:08.768+0000] {logging_mixin.py:190} INFO - [2025-04-04T15:52:08.768+0000] {dag.py:4180} INFO - Setting next_dagrun for dataset_s3_bucket_producer_with_no_taskflow to None, run_after=None
[2025-04-04T15:52:08.795+0000] {processor.py:208} INFO - Processing /home/airflow/.local/lib/python3.12/site-packages/airflow/example_dags/example_dataset_alias_with_no_taskflow.py took 0.766 seconds
[2025-04-04T15:52:38.984+0000] {processor.py:186} INFO - Started process (PID=764) to work on /home/airflow/.local/lib/python3.12/site-packages/airflow/example_dags/example_dataset_alias_with_no_taskflow.py
[2025-04-04T15:52:38.986+0000] {processor.py:914} INFO - Processing file /home/airflow/.local/lib/python3.12/site-packages/airflow/example_dags/example_dataset_alias_with_no_taskflow.py for tasks to queue
[2025-04-04T15:52:38.989+0000] {logging_mixin.py:190} INFO - [2025-04-04T15:52:38.989+0000] {dagbag.py:588} INFO - Filling up the DagBag from /home/airflow/.local/lib/python3.12/site-packages/airflow/example_dags/example_dataset_alias_with_no_taskflow.py
[2025-04-04T15:52:39.688+0000] {processor.py:925} INFO - DAG(s) 'dataset_s3_bucket_producer_with_no_taskflow', 'dataset_s3_bucket_consumer_with_no_taskflow', 'dataset_alias_example_alias_producer_with_no_taskflow', 'dataset_alias_example_alias_consumer_with_no_taskflow' retrieved from /home/airflow/.local/lib/python3.12/site-packages/airflow/example_dags/example_dataset_alias_with_no_taskflow.py
[2025-04-04T15:52:39.717+0000] {logging_mixin.py:190} INFO - [2025-04-04T15:52:39.716+0000] {dag.py:3239} INFO - Sync 4 DAGs
[2025-04-04T15:52:39.749+0000] {logging_mixin.py:190} INFO - [2025-04-04T15:52:39.748+0000] {dag.py:4180} INFO - Setting next_dagrun for dataset_alias_example_alias_consumer_with_no_taskflow to None, run_after=None
[2025-04-04T15:52:39.752+0000] {logging_mixin.py:190} INFO - [2025-04-04T15:52:39.752+0000] {dag.py:4180} INFO - Setting next_dagrun for dataset_alias_example_alias_producer_with_no_taskflow to None, run_after=None
[2025-04-04T15:52:39.754+0000] {logging_mixin.py:190} INFO - [2025-04-04T15:52:39.754+0000] {dag.py:4180} INFO - Setting next_dagrun for dataset_s3_bucket_consumer_with_no_taskflow to None, run_after=None
[2025-04-04T15:52:39.756+0000] {logging_mixin.py:190} INFO - [2025-04-04T15:52:39.756+0000] {dag.py:4180} INFO - Setting next_dagrun for dataset_s3_bucket_producer_with_no_taskflow to None, run_after=None
[2025-04-04T15:52:39.788+0000] {processor.py:208} INFO - Processing /home/airflow/.local/lib/python3.12/site-packages/airflow/example_dags/example_dataset_alias_with_no_taskflow.py took 0.812 seconds
[2025-04-04T15:53:10.738+0000] {processor.py:186} INFO - Started process (PID=828) to work on /home/airflow/.local/lib/python3.12/site-packages/airflow/example_dags/example_dataset_alias_with_no_taskflow.py
[2025-04-04T15:53:10.740+0000] {processor.py:914} INFO - Processing file /home/airflow/.local/lib/python3.12/site-packages/airflow/example_dags/example_dataset_alias_with_no_taskflow.py for tasks to queue
[2025-04-04T15:53:10.743+0000] {logging_mixin.py:190} INFO - [2025-04-04T15:53:10.742+0000] {dagbag.py:588} INFO - Filling up the DagBag from /home/airflow/.local/lib/python3.12/site-packages/airflow/example_dags/example_dataset_alias_with_no_taskflow.py
[2025-04-04T15:53:11.411+0000] {processor.py:925} INFO - DAG(s) 'dataset_alias_example_alias_consumer_with_no_taskflow', 'dataset_alias_example_alias_producer_with_no_taskflow', 'dataset_s3_bucket_producer_with_no_taskflow', 'dataset_s3_bucket_consumer_with_no_taskflow' retrieved from /home/airflow/.local/lib/python3.12/site-packages/airflow/example_dags/example_dataset_alias_with_no_taskflow.py
[2025-04-04T15:53:11.441+0000] {logging_mixin.py:190} INFO - [2025-04-04T15:53:11.441+0000] {dag.py:3239} INFO - Sync 4 DAGs
[2025-04-04T15:53:11.478+0000] {logging_mixin.py:190} INFO - [2025-04-04T15:53:11.478+0000] {dag.py:4180} INFO - Setting next_dagrun for dataset_alias_example_alias_consumer_with_no_taskflow to None, run_after=None
[2025-04-04T15:53:11.484+0000] {logging_mixin.py:190} INFO - [2025-04-04T15:53:11.484+0000] {dag.py:4180} INFO - Setting next_dagrun for dataset_alias_example_alias_producer_with_no_taskflow to None, run_after=None
[2025-04-04T15:53:11.487+0000] {logging_mixin.py:190} INFO - [2025-04-04T15:53:11.487+0000] {dag.py:4180} INFO - Setting next_dagrun for dataset_s3_bucket_consumer_with_no_taskflow to None, run_after=None
[2025-04-04T15:53:11.490+0000] {logging_mixin.py:190} INFO - [2025-04-04T15:53:11.489+0000] {dag.py:4180} INFO - Setting next_dagrun for dataset_s3_bucket_producer_with_no_taskflow to None, run_after=None
[2025-04-04T15:53:11.519+0000] {processor.py:208} INFO - Processing /home/airflow/.local/lib/python3.12/site-packages/airflow/example_dags/example_dataset_alias_with_no_taskflow.py took 0.790 seconds
[2025-04-04T15:53:42.188+0000] {processor.py:186} INFO - Started process (PID=892) to work on /home/airflow/.local/lib/python3.12/site-packages/airflow/example_dags/example_dataset_alias_with_no_taskflow.py
[2025-04-04T15:53:42.189+0000] {processor.py:914} INFO - Processing file /home/airflow/.local/lib/python3.12/site-packages/airflow/example_dags/example_dataset_alias_with_no_taskflow.py for tasks to queue
[2025-04-04T15:53:42.192+0000] {logging_mixin.py:190} INFO - [2025-04-04T15:53:42.191+0000] {dagbag.py:588} INFO - Filling up the DagBag from /home/airflow/.local/lib/python3.12/site-packages/airflow/example_dags/example_dataset_alias_with_no_taskflow.py
[2025-04-04T15:53:42.947+0000] {processor.py:925} INFO - DAG(s) 'dataset_alias_example_alias_consumer_with_no_taskflow', 'dataset_s3_bucket_producer_with_no_taskflow', 'dataset_s3_bucket_consumer_with_no_taskflow', 'dataset_alias_example_alias_producer_with_no_taskflow' retrieved from /home/airflow/.local/lib/python3.12/site-packages/airflow/example_dags/example_dataset_alias_with_no_taskflow.py
[2025-04-04T15:53:42.978+0000] {logging_mixin.py:190} INFO - [2025-04-04T15:53:42.978+0000] {dag.py:3239} INFO - Sync 4 DAGs
[2025-04-04T15:53:43.019+0000] {logging_mixin.py:190} INFO - [2025-04-04T15:53:43.019+0000] {dag.py:4180} INFO - Setting next_dagrun for dataset_alias_example_alias_consumer_with_no_taskflow to None, run_after=None
[2025-04-04T15:53:43.023+0000] {logging_mixin.py:190} INFO - [2025-04-04T15:53:43.023+0000] {dag.py:4180} INFO - Setting next_dagrun for dataset_alias_example_alias_producer_with_no_taskflow to None, run_after=None
[2025-04-04T15:53:43.025+0000] {logging_mixin.py:190} INFO - [2025-04-04T15:53:43.025+0000] {dag.py:4180} INFO - Setting next_dagrun for dataset_s3_bucket_consumer_with_no_taskflow to None, run_after=None
[2025-04-04T15:53:43.027+0000] {logging_mixin.py:190} INFO - [2025-04-04T15:53:43.027+0000] {dag.py:4180} INFO - Setting next_dagrun for dataset_s3_bucket_producer_with_no_taskflow to None, run_after=None
[2025-04-04T15:53:43.062+0000] {processor.py:208} INFO - Processing /home/airflow/.local/lib/python3.12/site-packages/airflow/example_dags/example_dataset_alias_with_no_taskflow.py took 0.882 seconds
[2025-04-04T15:54:13.307+0000] {processor.py:186} INFO - Started process (PID=956) to work on /home/airflow/.local/lib/python3.12/site-packages/airflow/example_dags/example_dataset_alias_with_no_taskflow.py
[2025-04-04T15:54:13.308+0000] {processor.py:914} INFO - Processing file /home/airflow/.local/lib/python3.12/site-packages/airflow/example_dags/example_dataset_alias_with_no_taskflow.py for tasks to queue
[2025-04-04T15:54:13.311+0000] {logging_mixin.py:190} INFO - [2025-04-04T15:54:13.310+0000] {dagbag.py:588} INFO - Filling up the DagBag from /home/airflow/.local/lib/python3.12/site-packages/airflow/example_dags/example_dataset_alias_with_no_taskflow.py
[2025-04-04T15:54:14.279+0000] {processor.py:925} INFO - DAG(s) 'dataset_s3_bucket_producer_with_no_taskflow', 'dataset_alias_example_alias_consumer_with_no_taskflow', 'dataset_alias_example_alias_producer_with_no_taskflow', 'dataset_s3_bucket_consumer_with_no_taskflow' retrieved from /home/airflow/.local/lib/python3.12/site-packages/airflow/example_dags/example_dataset_alias_with_no_taskflow.py
[2025-04-04T15:54:14.321+0000] {logging_mixin.py:190} INFO - [2025-04-04T15:54:14.320+0000] {dag.py:3239} INFO - Sync 4 DAGs
[2025-04-04T15:54:14.358+0000] {logging_mixin.py:190} INFO - [2025-04-04T15:54:14.358+0000] {dag.py:4180} INFO - Setting next_dagrun for dataset_alias_example_alias_consumer_with_no_taskflow to None, run_after=None
[2025-04-04T15:54:14.363+0000] {logging_mixin.py:190} INFO - [2025-04-04T15:54:14.363+0000] {dag.py:4180} INFO - Setting next_dagrun for dataset_alias_example_alias_producer_with_no_taskflow to None, run_after=None
[2025-04-04T15:54:14.365+0000] {logging_mixin.py:190} INFO - [2025-04-04T15:54:14.365+0000] {dag.py:4180} INFO - Setting next_dagrun for dataset_s3_bucket_consumer_with_no_taskflow to None, run_after=None
[2025-04-04T15:54:14.368+0000] {logging_mixin.py:190} INFO - [2025-04-04T15:54:14.368+0000] {dag.py:4180} INFO - Setting next_dagrun for dataset_s3_bucket_producer_with_no_taskflow to None, run_after=None
[2025-04-04T15:54:14.403+0000] {processor.py:208} INFO - Processing /home/airflow/.local/lib/python3.12/site-packages/airflow/example_dags/example_dataset_alias_with_no_taskflow.py took 1.103 seconds
[2025-04-04T15:54:44.929+0000] {processor.py:186} INFO - Started process (PID=1026) to work on /home/airflow/.local/lib/python3.12/site-packages/airflow/example_dags/example_dataset_alias_with_no_taskflow.py
[2025-04-04T15:54:44.930+0000] {processor.py:914} INFO - Processing file /home/airflow/.local/lib/python3.12/site-packages/airflow/example_dags/example_dataset_alias_with_no_taskflow.py for tasks to queue
[2025-04-04T15:54:44.933+0000] {logging_mixin.py:190} INFO - [2025-04-04T15:54:44.933+0000] {dagbag.py:588} INFO - Filling up the DagBag from /home/airflow/.local/lib/python3.12/site-packages/airflow/example_dags/example_dataset_alias_with_no_taskflow.py
[2025-04-04T15:54:45.951+0000] {processor.py:925} INFO - DAG(s) 'dataset_alias_example_alias_consumer_with_no_taskflow', 'dataset_s3_bucket_producer_with_no_taskflow', 'dataset_s3_bucket_consumer_with_no_taskflow', 'dataset_alias_example_alias_producer_with_no_taskflow' retrieved from /home/airflow/.local/lib/python3.12/site-packages/airflow/example_dags/example_dataset_alias_with_no_taskflow.py
[2025-04-04T15:54:45.996+0000] {logging_mixin.py:190} INFO - [2025-04-04T15:54:45.995+0000] {dag.py:3239} INFO - Sync 4 DAGs
[2025-04-04T15:54:46.046+0000] {logging_mixin.py:190} INFO - [2025-04-04T15:54:46.046+0000] {dag.py:4180} INFO - Setting next_dagrun for dataset_alias_example_alias_consumer_with_no_taskflow to None, run_after=None
[2025-04-04T15:54:46.051+0000] {logging_mixin.py:190} INFO - [2025-04-04T15:54:46.051+0000] {dag.py:4180} INFO - Setting next_dagrun for dataset_alias_example_alias_producer_with_no_taskflow to None, run_after=None
[2025-04-04T15:54:46.054+0000] {logging_mixin.py:190} INFO - [2025-04-04T15:54:46.053+0000] {dag.py:4180} INFO - Setting next_dagrun for dataset_s3_bucket_consumer_with_no_taskflow to None, run_after=None
[2025-04-04T15:54:46.056+0000] {logging_mixin.py:190} INFO - [2025-04-04T15:54:46.056+0000] {dag.py:4180} INFO - Setting next_dagrun for dataset_s3_bucket_producer_with_no_taskflow to None, run_after=None
[2025-04-04T15:54:46.096+0000] {processor.py:208} INFO - Processing /home/airflow/.local/lib/python3.12/site-packages/airflow/example_dags/example_dataset_alias_with_no_taskflow.py took 1.177 seconds
[2025-04-04T15:55:17.005+0000] {processor.py:186} INFO - Started process (PID=1090) to work on /home/airflow/.local/lib/python3.12/site-packages/airflow/example_dags/example_dataset_alias_with_no_taskflow.py
[2025-04-04T15:55:17.007+0000] {processor.py:914} INFO - Processing file /home/airflow/.local/lib/python3.12/site-packages/airflow/example_dags/example_dataset_alias_with_no_taskflow.py for tasks to queue
[2025-04-04T15:55:17.010+0000] {logging_mixin.py:190} INFO - [2025-04-04T15:55:17.010+0000] {dagbag.py:588} INFO - Filling up the DagBag from /home/airflow/.local/lib/python3.12/site-packages/airflow/example_dags/example_dataset_alias_with_no_taskflow.py
[2025-04-04T15:55:17.716+0000] {processor.py:925} INFO - DAG(s) 'dataset_alias_example_alias_producer_with_no_taskflow', 'dataset_alias_example_alias_consumer_with_no_taskflow', 'dataset_s3_bucket_producer_with_no_taskflow', 'dataset_s3_bucket_consumer_with_no_taskflow' retrieved from /home/airflow/.local/lib/python3.12/site-packages/airflow/example_dags/example_dataset_alias_with_no_taskflow.py
[2025-04-04T15:55:17.752+0000] {logging_mixin.py:190} INFO - [2025-04-04T15:55:17.751+0000] {dag.py:3239} INFO - Sync 4 DAGs
[2025-04-04T15:55:17.785+0000] {logging_mixin.py:190} INFO - [2025-04-04T15:55:17.785+0000] {dag.py:4180} INFO - Setting next_dagrun for dataset_alias_example_alias_consumer_with_no_taskflow to None, run_after=None
[2025-04-04T15:55:17.790+0000] {logging_mixin.py:190} INFO - [2025-04-04T15:55:17.790+0000] {dag.py:4180} INFO - Setting next_dagrun for dataset_alias_example_alias_producer_with_no_taskflow to None, run_after=None
[2025-04-04T15:55:17.793+0000] {logging_mixin.py:190} INFO - [2025-04-04T15:55:17.792+0000] {dag.py:4180} INFO - Setting next_dagrun for dataset_s3_bucket_consumer_with_no_taskflow to None, run_after=None
[2025-04-04T15:55:17.795+0000] {logging_mixin.py:190} INFO - [2025-04-04T15:55:17.795+0000] {dag.py:4180} INFO - Setting next_dagrun for dataset_s3_bucket_producer_with_no_taskflow to None, run_after=None
[2025-04-04T15:55:17.829+0000] {processor.py:208} INFO - Processing /home/airflow/.local/lib/python3.12/site-packages/airflow/example_dags/example_dataset_alias_with_no_taskflow.py took 0.833 seconds
[2025-04-04T15:55:47.898+0000] {processor.py:186} INFO - Started process (PID=1154) to work on /home/airflow/.local/lib/python3.12/site-packages/airflow/example_dags/example_dataset_alias_with_no_taskflow.py
[2025-04-04T15:55:47.899+0000] {processor.py:914} INFO - Processing file /home/airflow/.local/lib/python3.12/site-packages/airflow/example_dags/example_dataset_alias_with_no_taskflow.py for tasks to queue
[2025-04-04T15:55:47.902+0000] {logging_mixin.py:190} INFO - [2025-04-04T15:55:47.902+0000] {dagbag.py:588} INFO - Filling up the DagBag from /home/airflow/.local/lib/python3.12/site-packages/airflow/example_dags/example_dataset_alias_with_no_taskflow.py
[2025-04-04T15:55:48.586+0000] {processor.py:925} INFO - DAG(s) 'dataset_s3_bucket_consumer_with_no_taskflow', 'dataset_alias_example_alias_producer_with_no_taskflow', 'dataset_s3_bucket_producer_with_no_taskflow', 'dataset_alias_example_alias_consumer_with_no_taskflow' retrieved from /home/airflow/.local/lib/python3.12/site-packages/airflow/example_dags/example_dataset_alias_with_no_taskflow.py
[2025-04-04T15:55:48.613+0000] {logging_mixin.py:190} INFO - [2025-04-04T15:55:48.612+0000] {dag.py:3239} INFO - Sync 4 DAGs
[2025-04-04T15:55:48.647+0000] {logging_mixin.py:190} INFO - [2025-04-04T15:55:48.647+0000] {dag.py:4180} INFO - Setting next_dagrun for dataset_alias_example_alias_consumer_with_no_taskflow to None, run_after=None
[2025-04-04T15:55:48.651+0000] {logging_mixin.py:190} INFO - [2025-04-04T15:55:48.651+0000] {dag.py:4180} INFO - Setting next_dagrun for dataset_alias_example_alias_producer_with_no_taskflow to None, run_after=None
[2025-04-04T15:55:48.653+0000] {logging_mixin.py:190} INFO - [2025-04-04T15:55:48.653+0000] {dag.py:4180} INFO - Setting next_dagrun for dataset_s3_bucket_consumer_with_no_taskflow to None, run_after=None
[2025-04-04T15:55:48.655+0000] {logging_mixin.py:190} INFO - [2025-04-04T15:55:48.655+0000] {dag.py:4180} INFO - Setting next_dagrun for dataset_s3_bucket_producer_with_no_taskflow to None, run_after=None
[2025-04-04T15:55:48.687+0000] {processor.py:208} INFO - Processing /home/airflow/.local/lib/python3.12/site-packages/airflow/example_dags/example_dataset_alias_with_no_taskflow.py took 0.799 seconds
[2025-04-04T15:56:19.367+0000] {processor.py:186} INFO - Started process (PID=1218) to work on /home/airflow/.local/lib/python3.12/site-packages/airflow/example_dags/example_dataset_alias_with_no_taskflow.py
[2025-04-04T15:56:19.368+0000] {processor.py:914} INFO - Processing file /home/airflow/.local/lib/python3.12/site-packages/airflow/example_dags/example_dataset_alias_with_no_taskflow.py for tasks to queue
[2025-04-04T15:56:19.372+0000] {logging_mixin.py:190} INFO - [2025-04-04T15:56:19.371+0000] {dagbag.py:588} INFO - Filling up the DagBag from /home/airflow/.local/lib/python3.12/site-packages/airflow/example_dags/example_dataset_alias_with_no_taskflow.py
[2025-04-04T15:56:20.236+0000] {processor.py:925} INFO - DAG(s) 'dataset_s3_bucket_producer_with_no_taskflow', 'dataset_alias_example_alias_producer_with_no_taskflow', 'dataset_s3_bucket_consumer_with_no_taskflow', 'dataset_alias_example_alias_consumer_with_no_taskflow' retrieved from /home/airflow/.local/lib/python3.12/site-packages/airflow/example_dags/example_dataset_alias_with_no_taskflow.py
[2025-04-04T15:56:20.271+0000] {logging_mixin.py:190} INFO - [2025-04-04T15:56:20.271+0000] {dag.py:3239} INFO - Sync 4 DAGs
[2025-04-04T15:56:20.306+0000] {logging_mixin.py:190} INFO - [2025-04-04T15:56:20.306+0000] {dag.py:4180} INFO - Setting next_dagrun for dataset_alias_example_alias_consumer_with_no_taskflow to None, run_after=None
[2025-04-04T15:56:20.310+0000] {logging_mixin.py:190} INFO - [2025-04-04T15:56:20.310+0000] {dag.py:4180} INFO - Setting next_dagrun for dataset_alias_example_alias_producer_with_no_taskflow to None, run_after=None
[2025-04-04T15:56:20.312+0000] {logging_mixin.py:190} INFO - [2025-04-04T15:56:20.312+0000] {dag.py:4180} INFO - Setting next_dagrun for dataset_s3_bucket_consumer_with_no_taskflow to None, run_after=None
[2025-04-04T15:56:20.316+0000] {logging_mixin.py:190} INFO - [2025-04-04T15:56:20.315+0000] {dag.py:4180} INFO - Setting next_dagrun for dataset_s3_bucket_producer_with_no_taskflow to None, run_after=None
[2025-04-04T15:56:20.355+0000] {processor.py:208} INFO - Processing /home/airflow/.local/lib/python3.12/site-packages/airflow/example_dags/example_dataset_alias_with_no_taskflow.py took 1.000 seconds
[2025-04-04T15:56:50.420+0000] {processor.py:186} INFO - Started process (PID=1282) to work on /home/airflow/.local/lib/python3.12/site-packages/airflow/example_dags/example_dataset_alias_with_no_taskflow.py
[2025-04-04T15:56:50.421+0000] {processor.py:914} INFO - Processing file /home/airflow/.local/lib/python3.12/site-packages/airflow/example_dags/example_dataset_alias_with_no_taskflow.py for tasks to queue
[2025-04-04T15:56:50.424+0000] {logging_mixin.py:190} INFO - [2025-04-04T15:56:50.423+0000] {dagbag.py:588} INFO - Filling up the DagBag from /home/airflow/.local/lib/python3.12/site-packages/airflow/example_dags/example_dataset_alias_with_no_taskflow.py
[2025-04-04T15:56:51.103+0000] {processor.py:925} INFO - DAG(s) 'dataset_alias_example_alias_consumer_with_no_taskflow', 'dataset_alias_example_alias_producer_with_no_taskflow', 'dataset_s3_bucket_consumer_with_no_taskflow', 'dataset_s3_bucket_producer_with_no_taskflow' retrieved from /home/airflow/.local/lib/python3.12/site-packages/airflow/example_dags/example_dataset_alias_with_no_taskflow.py
[2025-04-04T15:56:51.134+0000] {logging_mixin.py:190} INFO - [2025-04-04T15:56:51.133+0000] {dag.py:3239} INFO - Sync 4 DAGs
[2025-04-04T15:56:51.167+0000] {logging_mixin.py:190} INFO - [2025-04-04T15:56:51.167+0000] {dag.py:4180} INFO - Setting next_dagrun for dataset_alias_example_alias_consumer_with_no_taskflow to None, run_after=None
[2025-04-04T15:56:51.171+0000] {logging_mixin.py:190} INFO - [2025-04-04T15:56:51.171+0000] {dag.py:4180} INFO - Setting next_dagrun for dataset_alias_example_alias_producer_with_no_taskflow to None, run_after=None
[2025-04-04T15:56:51.173+0000] {logging_mixin.py:190} INFO - [2025-04-04T15:56:51.173+0000] {dag.py:4180} INFO - Setting next_dagrun for dataset_s3_bucket_consumer_with_no_taskflow to None, run_after=None
[2025-04-04T15:56:51.175+0000] {logging_mixin.py:190} INFO - [2025-04-04T15:56:51.175+0000] {dag.py:4180} INFO - Setting next_dagrun for dataset_s3_bucket_producer_with_no_taskflow to None, run_after=None
[2025-04-04T15:56:51.209+0000] {processor.py:208} INFO - Processing /home/airflow/.local/lib/python3.12/site-packages/airflow/example_dags/example_dataset_alias_with_no_taskflow.py took 0.798 seconds
[2025-04-04T15:57:21.793+0000] {processor.py:186} INFO - Started process (PID=1346) to work on /home/airflow/.local/lib/python3.12/site-packages/airflow/example_dags/example_dataset_alias_with_no_taskflow.py
[2025-04-04T15:57:21.794+0000] {processor.py:914} INFO - Processing file /home/airflow/.local/lib/python3.12/site-packages/airflow/example_dags/example_dataset_alias_with_no_taskflow.py for tasks to queue
[2025-04-04T15:57:21.797+0000] {logging_mixin.py:190} INFO - [2025-04-04T15:57:21.797+0000] {dagbag.py:588} INFO - Filling up the DagBag from /home/airflow/.local/lib/python3.12/site-packages/airflow/example_dags/example_dataset_alias_with_no_taskflow.py
[2025-04-04T15:57:22.552+0000] {processor.py:925} INFO - DAG(s) 'dataset_alias_example_alias_producer_with_no_taskflow', 'dataset_s3_bucket_producer_with_no_taskflow', 'dataset_alias_example_alias_consumer_with_no_taskflow', 'dataset_s3_bucket_consumer_with_no_taskflow' retrieved from /home/airflow/.local/lib/python3.12/site-packages/airflow/example_dags/example_dataset_alias_with_no_taskflow.py
[2025-04-04T15:57:22.580+0000] {logging_mixin.py:190} INFO - [2025-04-04T15:57:22.579+0000] {dag.py:3239} INFO - Sync 4 DAGs
[2025-04-04T15:57:22.611+0000] {logging_mixin.py:190} INFO - [2025-04-04T15:57:22.610+0000] {dag.py:4180} INFO - Setting next_dagrun for dataset_alias_example_alias_consumer_with_no_taskflow to None, run_after=None
[2025-04-04T15:57:22.614+0000] {logging_mixin.py:190} INFO - [2025-04-04T15:57:22.614+0000] {dag.py:4180} INFO - Setting next_dagrun for dataset_alias_example_alias_producer_with_no_taskflow to None, run_after=None
[2025-04-04T15:57:22.616+0000] {logging_mixin.py:190} INFO - [2025-04-04T15:57:22.616+0000] {dag.py:4180} INFO - Setting next_dagrun for dataset_s3_bucket_consumer_with_no_taskflow to None, run_after=None
[2025-04-04T15:57:22.618+0000] {logging_mixin.py:190} INFO - [2025-04-04T15:57:22.618+0000] {dag.py:4180} INFO - Setting next_dagrun for dataset_s3_bucket_producer_with_no_taskflow to None, run_after=None
[2025-04-04T15:57:22.648+0000] {processor.py:208} INFO - Processing /home/airflow/.local/lib/python3.12/site-packages/airflow/example_dags/example_dataset_alias_with_no_taskflow.py took 0.864 seconds
[2025-04-04T15:57:52.738+0000] {processor.py:186} INFO - Started process (PID=1410) to work on /home/airflow/.local/lib/python3.12/site-packages/airflow/example_dags/example_dataset_alias_with_no_taskflow.py
[2025-04-04T15:57:52.740+0000] {processor.py:914} INFO - Processing file /home/airflow/.local/lib/python3.12/site-packages/airflow/example_dags/example_dataset_alias_with_no_taskflow.py for tasks to queue
[2025-04-04T15:57:52.744+0000] {logging_mixin.py:190} INFO - [2025-04-04T15:57:52.744+0000] {dagbag.py:588} INFO - Filling up the DagBag from /home/airflow/.local/lib/python3.12/site-packages/airflow/example_dags/example_dataset_alias_with_no_taskflow.py
[2025-04-04T15:57:53.470+0000] {processor.py:925} INFO - DAG(s) 'dataset_alias_example_alias_consumer_with_no_taskflow', 'dataset_s3_bucket_consumer_with_no_taskflow', 'dataset_s3_bucket_producer_with_no_taskflow', 'dataset_alias_example_alias_producer_with_no_taskflow' retrieved from /home/airflow/.local/lib/python3.12/site-packages/airflow/example_dags/example_dataset_alias_with_no_taskflow.py
[2025-04-04T15:57:53.500+0000] {logging_mixin.py:190} INFO - [2025-04-04T15:57:53.499+0000] {dag.py:3239} INFO - Sync 4 DAGs
[2025-04-04T15:57:53.535+0000] {logging_mixin.py:190} INFO - [2025-04-04T15:57:53.535+0000] {dag.py:4180} INFO - Setting next_dagrun for dataset_alias_example_alias_consumer_with_no_taskflow to None, run_after=None
[2025-04-04T15:57:53.539+0000] {logging_mixin.py:190} INFO - [2025-04-04T15:57:53.538+0000] {dag.py:4180} INFO - Setting next_dagrun for dataset_alias_example_alias_producer_with_no_taskflow to None, run_after=None
[2025-04-04T15:57:53.541+0000] {logging_mixin.py:190} INFO - [2025-04-04T15:57:53.541+0000] {dag.py:4180} INFO - Setting next_dagrun for dataset_s3_bucket_consumer_with_no_taskflow to None, run_after=None
[2025-04-04T15:57:53.543+0000] {logging_mixin.py:190} INFO - [2025-04-04T15:57:53.542+0000] {dag.py:4180} INFO - Setting next_dagrun for dataset_s3_bucket_producer_with_no_taskflow to None, run_after=None
[2025-04-04T15:57:53.576+0000] {processor.py:208} INFO - Processing /home/airflow/.local/lib/python3.12/site-packages/airflow/example_dags/example_dataset_alias_with_no_taskflow.py took 0.855 seconds
[2025-04-04T15:58:24.009+0000] {processor.py:186} INFO - Started process (PID=1474) to work on /home/airflow/.local/lib/python3.12/site-packages/airflow/example_dags/example_dataset_alias_with_no_taskflow.py
[2025-04-04T15:58:24.010+0000] {processor.py:914} INFO - Processing file /home/airflow/.local/lib/python3.12/site-packages/airflow/example_dags/example_dataset_alias_with_no_taskflow.py for tasks to queue
[2025-04-04T15:58:24.013+0000] {logging_mixin.py:190} INFO - [2025-04-04T15:58:24.013+0000] {dagbag.py:588} INFO - Filling up the DagBag from /home/airflow/.local/lib/python3.12/site-packages/airflow/example_dags/example_dataset_alias_with_no_taskflow.py
[2025-04-04T15:58:24.835+0000] {processor.py:925} INFO - DAG(s) 'dataset_alias_example_alias_producer_with_no_taskflow', 'dataset_alias_example_alias_consumer_with_no_taskflow', 'dataset_s3_bucket_consumer_with_no_taskflow', 'dataset_s3_bucket_producer_with_no_taskflow' retrieved from /home/airflow/.local/lib/python3.12/site-packages/airflow/example_dags/example_dataset_alias_with_no_taskflow.py
[2025-04-04T15:58:24.865+0000] {logging_mixin.py:190} INFO - [2025-04-04T15:58:24.865+0000] {dag.py:3239} INFO - Sync 4 DAGs
[2025-04-04T15:58:24.900+0000] {logging_mixin.py:190} INFO - [2025-04-04T15:58:24.900+0000] {dag.py:4180} INFO - Setting next_dagrun for dataset_alias_example_alias_consumer_with_no_taskflow to None, run_after=None
[2025-04-04T15:58:24.904+0000] {logging_mixin.py:190} INFO - [2025-04-04T15:58:24.904+0000] {dag.py:4180} INFO - Setting next_dagrun for dataset_alias_example_alias_producer_with_no_taskflow to None, run_after=None
[2025-04-04T15:58:24.906+0000] {logging_mixin.py:190} INFO - [2025-04-04T15:58:24.906+0000] {dag.py:4180} INFO - Setting next_dagrun for dataset_s3_bucket_consumer_with_no_taskflow to None, run_after=None
[2025-04-04T15:58:24.908+0000] {logging_mixin.py:190} INFO - [2025-04-04T15:58:24.908+0000] {dag.py:4180} INFO - Setting next_dagrun for dataset_s3_bucket_producer_with_no_taskflow to None, run_after=None
[2025-04-04T15:58:24.942+0000] {processor.py:208} INFO - Processing /home/airflow/.local/lib/python3.12/site-packages/airflow/example_dags/example_dataset_alias_with_no_taskflow.py took 0.944 seconds
[2025-04-04T16:00:56.985+0000] {processor.py:186} INFO - Started process (PID=116) to work on /home/airflow/.local/lib/python3.12/site-packages/airflow/example_dags/example_dataset_alias_with_no_taskflow.py
[2025-04-04T16:00:56.986+0000] {processor.py:914} INFO - Processing file /home/airflow/.local/lib/python3.12/site-packages/airflow/example_dags/example_dataset_alias_with_no_taskflow.py for tasks to queue
[2025-04-04T16:00:56.992+0000] {logging_mixin.py:190} INFO - [2025-04-04T16:00:56.991+0000] {dagbag.py:588} INFO - Filling up the DagBag from /home/airflow/.local/lib/python3.12/site-packages/airflow/example_dags/example_dataset_alias_with_no_taskflow.py
[2025-04-04T16:00:58.495+0000] {processor.py:925} INFO - DAG(s) 'dataset_s3_bucket_consumer_with_no_taskflow', 'dataset_alias_example_alias_producer_with_no_taskflow', 'dataset_s3_bucket_producer_with_no_taskflow', 'dataset_alias_example_alias_consumer_with_no_taskflow' retrieved from /home/airflow/.local/lib/python3.12/site-packages/airflow/example_dags/example_dataset_alias_with_no_taskflow.py
[2025-04-04T16:00:58.553+0000] {logging_mixin.py:190} INFO - [2025-04-04T16:00:58.552+0000] {dag.py:3239} INFO - Sync 4 DAGs
[2025-04-04T16:00:58.648+0000] {logging_mixin.py:190} INFO - [2025-04-04T16:00:58.648+0000] {dag.py:4180} INFO - Setting next_dagrun for dataset_alias_example_alias_consumer_with_no_taskflow to None, run_after=None
[2025-04-04T16:00:58.654+0000] {logging_mixin.py:190} INFO - [2025-04-04T16:00:58.653+0000] {dag.py:4180} INFO - Setting next_dagrun for dataset_alias_example_alias_producer_with_no_taskflow to None, run_after=None
[2025-04-04T16:00:58.657+0000] {logging_mixin.py:190} INFO - [2025-04-04T16:00:58.657+0000] {dag.py:4180} INFO - Setting next_dagrun for dataset_s3_bucket_consumer_with_no_taskflow to None, run_after=None
[2025-04-04T16:00:58.660+0000] {logging_mixin.py:190} INFO - [2025-04-04T16:00:58.659+0000] {dag.py:4180} INFO - Setting next_dagrun for dataset_s3_bucket_producer_with_no_taskflow to None, run_after=None
[2025-04-04T16:00:58.711+0000] {processor.py:208} INFO - Processing /home/airflow/.local/lib/python3.12/site-packages/airflow/example_dags/example_dataset_alias_with_no_taskflow.py took 1.734 seconds
[2025-04-04T16:01:29.656+0000] {processor.py:186} INFO - Started process (PID=192) to work on /home/airflow/.local/lib/python3.12/site-packages/airflow/example_dags/example_dataset_alias_with_no_taskflow.py
[2025-04-04T16:01:29.658+0000] {processor.py:914} INFO - Processing file /home/airflow/.local/lib/python3.12/site-packages/airflow/example_dags/example_dataset_alias_with_no_taskflow.py for tasks to queue
[2025-04-04T16:01:29.661+0000] {logging_mixin.py:190} INFO - [2025-04-04T16:01:29.661+0000] {dagbag.py:588} INFO - Filling up the DagBag from /home/airflow/.local/lib/python3.12/site-packages/airflow/example_dags/example_dataset_alias_with_no_taskflow.py
[2025-04-04T16:01:30.352+0000] {processor.py:925} INFO - DAG(s) 'dataset_s3_bucket_producer_with_no_taskflow', 'dataset_alias_example_alias_producer_with_no_taskflow', 'dataset_s3_bucket_consumer_with_no_taskflow', 'dataset_alias_example_alias_consumer_with_no_taskflow' retrieved from /home/airflow/.local/lib/python3.12/site-packages/airflow/example_dags/example_dataset_alias_with_no_taskflow.py
[2025-04-04T16:01:30.381+0000] {logging_mixin.py:190} INFO - [2025-04-04T16:01:30.380+0000] {dag.py:3239} INFO - Sync 4 DAGs
[2025-04-04T16:01:30.413+0000] {logging_mixin.py:190} INFO - [2025-04-04T16:01:30.413+0000] {dag.py:4180} INFO - Setting next_dagrun for dataset_alias_example_alias_consumer_with_no_taskflow to None, run_after=None
[2025-04-04T16:01:30.417+0000] {logging_mixin.py:190} INFO - [2025-04-04T16:01:30.417+0000] {dag.py:4180} INFO - Setting next_dagrun for dataset_alias_example_alias_producer_with_no_taskflow to None, run_after=None
[2025-04-04T16:01:30.419+0000] {logging_mixin.py:190} INFO - [2025-04-04T16:01:30.419+0000] {dag.py:4180} INFO - Setting next_dagrun for dataset_s3_bucket_consumer_with_no_taskflow to None, run_after=None
[2025-04-04T16:01:30.420+0000] {logging_mixin.py:190} INFO - [2025-04-04T16:01:30.420+0000] {dag.py:4180} INFO - Setting next_dagrun for dataset_s3_bucket_producer_with_no_taskflow to None, run_after=None
[2025-04-04T16:01:30.450+0000] {processor.py:208} INFO - Processing /home/airflow/.local/lib/python3.12/site-packages/airflow/example_dags/example_dataset_alias_with_no_taskflow.py took 0.802 seconds
[2025-04-04T16:02:00.605+0000] {processor.py:186} INFO - Started process (PID=256) to work on /home/airflow/.local/lib/python3.12/site-packages/airflow/example_dags/example_dataset_alias_with_no_taskflow.py
[2025-04-04T16:02:00.607+0000] {processor.py:914} INFO - Processing file /home/airflow/.local/lib/python3.12/site-packages/airflow/example_dags/example_dataset_alias_with_no_taskflow.py for tasks to queue
[2025-04-04T16:02:00.610+0000] {logging_mixin.py:190} INFO - [2025-04-04T16:02:00.610+0000] {dagbag.py:588} INFO - Filling up the DagBag from /home/airflow/.local/lib/python3.12/site-packages/airflow/example_dags/example_dataset_alias_with_no_taskflow.py
[2025-04-04T16:02:01.296+0000] {processor.py:925} INFO - DAG(s) 'dataset_s3_bucket_consumer_with_no_taskflow', 'dataset_alias_example_alias_producer_with_no_taskflow', 'dataset_s3_bucket_producer_with_no_taskflow', 'dataset_alias_example_alias_consumer_with_no_taskflow' retrieved from /home/airflow/.local/lib/python3.12/site-packages/airflow/example_dags/example_dataset_alias_with_no_taskflow.py
[2025-04-04T16:02:01.325+0000] {logging_mixin.py:190} INFO - [2025-04-04T16:02:01.324+0000] {dag.py:3239} INFO - Sync 4 DAGs
[2025-04-04T16:02:01.359+0000] {logging_mixin.py:190} INFO - [2025-04-04T16:02:01.358+0000] {dag.py:4180} INFO - Setting next_dagrun for dataset_alias_example_alias_consumer_with_no_taskflow to None, run_after=None
[2025-04-04T16:02:01.363+0000] {logging_mixin.py:190} INFO - [2025-04-04T16:02:01.363+0000] {dag.py:4180} INFO - Setting next_dagrun for dataset_alias_example_alias_producer_with_no_taskflow to None, run_after=None
[2025-04-04T16:02:01.365+0000] {logging_mixin.py:190} INFO - [2025-04-04T16:02:01.365+0000] {dag.py:4180} INFO - Setting next_dagrun for dataset_s3_bucket_consumer_with_no_taskflow to None, run_after=None
[2025-04-04T16:02:01.367+0000] {logging_mixin.py:190} INFO - [2025-04-04T16:02:01.367+0000] {dag.py:4180} INFO - Setting next_dagrun for dataset_s3_bucket_producer_with_no_taskflow to None, run_after=None
[2025-04-04T16:02:01.398+0000] {processor.py:208} INFO - Processing /home/airflow/.local/lib/python3.12/site-packages/airflow/example_dags/example_dataset_alias_with_no_taskflow.py took 0.802 seconds
[2025-04-04T16:02:32.036+0000] {processor.py:186} INFO - Started process (PID=321) to work on /home/airflow/.local/lib/python3.12/site-packages/airflow/example_dags/example_dataset_alias_with_no_taskflow.py
[2025-04-04T16:02:32.037+0000] {processor.py:914} INFO - Processing file /home/airflow/.local/lib/python3.12/site-packages/airflow/example_dags/example_dataset_alias_with_no_taskflow.py for tasks to queue
[2025-04-04T16:02:32.040+0000] {logging_mixin.py:190} INFO - [2025-04-04T16:02:32.039+0000] {dagbag.py:588} INFO - Filling up the DagBag from /home/airflow/.local/lib/python3.12/site-packages/airflow/example_dags/example_dataset_alias_with_no_taskflow.py
[2025-04-04T16:02:32.991+0000] {processor.py:925} INFO - DAG(s) 'dataset_s3_bucket_consumer_with_no_taskflow', 'dataset_alias_example_alias_producer_with_no_taskflow', 'dataset_s3_bucket_producer_with_no_taskflow', 'dataset_alias_example_alias_consumer_with_no_taskflow' retrieved from /home/airflow/.local/lib/python3.12/site-packages/airflow/example_dags/example_dataset_alias_with_no_taskflow.py
[2025-04-04T16:02:33.018+0000] {logging_mixin.py:190} INFO - [2025-04-04T16:02:33.017+0000] {dag.py:3239} INFO - Sync 4 DAGs
[2025-04-04T16:02:33.053+0000] {logging_mixin.py:190} INFO - [2025-04-04T16:02:33.053+0000] {dag.py:4180} INFO - Setting next_dagrun for dataset_alias_example_alias_consumer_with_no_taskflow to None, run_after=None
[2025-04-04T16:02:33.057+0000] {logging_mixin.py:190} INFO - [2025-04-04T16:02:33.057+0000] {dag.py:4180} INFO - Setting next_dagrun for dataset_alias_example_alias_producer_with_no_taskflow to None, run_after=None
[2025-04-04T16:02:33.059+0000] {logging_mixin.py:190} INFO - [2025-04-04T16:02:33.059+0000] {dag.py:4180} INFO - Setting next_dagrun for dataset_s3_bucket_consumer_with_no_taskflow to None, run_after=None
[2025-04-04T16:02:33.060+0000] {logging_mixin.py:190} INFO - [2025-04-04T16:02:33.060+0000] {dag.py:4180} INFO - Setting next_dagrun for dataset_s3_bucket_producer_with_no_taskflow to None, run_after=None
[2025-04-04T16:02:33.094+0000] {processor.py:208} INFO - Processing /home/airflow/.local/lib/python3.12/site-packages/airflow/example_dags/example_dataset_alias_with_no_taskflow.py took 1.067 seconds
