[2025-04-04T15:44:24.040+0000] {processor.py:186} INFO - Started process (PID=119) to work on /home/airflow/.local/lib/python3.12/site-packages/airflow/example_dags/example_latest_only.py
[2025-04-04T15:44:24.041+0000] {processor.py:914} INFO - Processing file /home/airflow/.local/lib/python3.12/site-packages/airflow/example_dags/example_latest_only.py for tasks to queue
[2025-04-04T15:44:24.044+0000] {logging_mixin.py:190} INFO - [2025-04-04T15:44:24.043+0000] {dagbag.py:588} INFO - Filling up the DagBag from /home/airflow/.local/lib/python3.12/site-packages/airflow/example_dags/example_latest_only.py
[2025-04-04T15:44:24.058+0000] {processor.py:925} INFO - DAG(s) 'latest_only' retrieved from /home/airflow/.local/lib/python3.12/site-packages/airflow/example_dags/example_latest_only.py
[2025-04-04T15:44:24.215+0000] {logging_mixin.py:190} INFO - [2025-04-04T15:44:24.214+0000] {override.py:1912} INFO - Created Permission View: can edit on DAG:latest_only
[2025-04-04T15:44:24.227+0000] {logging_mixin.py:190} INFO - [2025-04-04T15:44:24.227+0000] {override.py:1912} INFO - Created Permission View: can read on DAG:latest_only
[2025-04-04T15:44:24.236+0000] {logging_mixin.py:190} INFO - [2025-04-04T15:44:24.235+0000] {override.py:1912} INFO - Created Permission View: can delete on DAG:latest_only
[2025-04-04T15:44:24.245+0000] {logging_mixin.py:190} INFO - [2025-04-04T15:44:24.245+0000] {override.py:1912} INFO - Created Permission View: menu access on DAG Run:latest_only
[2025-04-04T15:44:24.254+0000] {logging_mixin.py:190} INFO - [2025-04-04T15:44:24.254+0000] {override.py:1912} INFO - Created Permission View: can read on DAG Run:latest_only
[2025-04-04T15:44:24.263+0000] {logging_mixin.py:190} INFO - [2025-04-04T15:44:24.263+0000] {override.py:1912} INFO - Created Permission View: can create on DAG Run:latest_only
[2025-04-04T15:44:24.271+0000] {logging_mixin.py:190} INFO - [2025-04-04T15:44:24.271+0000] {override.py:1912} INFO - Created Permission View: can delete on DAG Run:latest_only
[2025-04-04T15:44:24.272+0000] {logging_mixin.py:190} INFO - [2025-04-04T15:44:24.272+0000] {dag.py:3239} INFO - Sync 1 DAGs
[2025-04-04T15:44:24.289+0000] {logging_mixin.py:190} INFO - [2025-04-04T15:44:24.288+0000] {dag.py:3262} INFO - Creating ORM DAG for latest_only
[2025-04-04T15:44:24.301+0000] {logging_mixin.py:190} INFO - [2025-04-04T15:44:24.301+0000] {dag.py:4180} INFO - Setting next_dagrun for latest_only to 2025-04-04 08:00:00+00:00, run_after=2025-04-04 12:00:00+00:00
[2025-04-04T15:44:24.322+0000] {processor.py:208} INFO - Processing /home/airflow/.local/lib/python3.12/site-packages/airflow/example_dags/example_latest_only.py took 0.293 seconds
[2025-04-04T15:44:54.609+0000] {processor.py:186} INFO - Started process (PID=182) to work on /home/airflow/.local/lib/python3.12/site-packages/airflow/example_dags/example_latest_only.py
[2025-04-04T15:44:54.611+0000] {processor.py:914} INFO - Processing file /home/airflow/.local/lib/python3.12/site-packages/airflow/example_dags/example_latest_only.py for tasks to queue
[2025-04-04T15:44:54.614+0000] {logging_mixin.py:190} INFO - [2025-04-04T15:44:54.613+0000] {dagbag.py:588} INFO - Filling up the DagBag from /home/airflow/.local/lib/python3.12/site-packages/airflow/example_dags/example_latest_only.py
[2025-04-04T15:44:54.623+0000] {processor.py:925} INFO - DAG(s) 'latest_only' retrieved from /home/airflow/.local/lib/python3.12/site-packages/airflow/example_dags/example_latest_only.py
[2025-04-04T15:44:54.650+0000] {logging_mixin.py:190} INFO - [2025-04-04T15:44:54.650+0000] {dag.py:3239} INFO - Sync 1 DAGs
[2025-04-04T15:44:54.681+0000] {logging_mixin.py:190} INFO - [2025-04-04T15:44:54.681+0000] {dag.py:4180} INFO - Setting next_dagrun for latest_only to 2025-04-04 08:00:00+00:00, run_after=2025-04-04 12:00:00+00:00
[2025-04-04T15:44:54.710+0000] {processor.py:208} INFO - Processing /home/airflow/.local/lib/python3.12/site-packages/airflow/example_dags/example_latest_only.py took 0.111 seconds
[2025-04-04T15:45:25.087+0000] {processor.py:186} INFO - Started process (PID=245) to work on /home/airflow/.local/lib/python3.12/site-packages/airflow/example_dags/example_latest_only.py
[2025-04-04T15:45:25.088+0000] {processor.py:914} INFO - Processing file /home/airflow/.local/lib/python3.12/site-packages/airflow/example_dags/example_latest_only.py for tasks to queue
[2025-04-04T15:45:25.091+0000] {logging_mixin.py:190} INFO - [2025-04-04T15:45:25.090+0000] {dagbag.py:588} INFO - Filling up the DagBag from /home/airflow/.local/lib/python3.12/site-packages/airflow/example_dags/example_latest_only.py
[2025-04-04T15:45:25.103+0000] {processor.py:925} INFO - DAG(s) 'latest_only' retrieved from /home/airflow/.local/lib/python3.12/site-packages/airflow/example_dags/example_latest_only.py
[2025-04-04T15:45:25.135+0000] {logging_mixin.py:190} INFO - [2025-04-04T15:45:25.135+0000] {dag.py:3239} INFO - Sync 1 DAGs
[2025-04-04T15:45:25.169+0000] {logging_mixin.py:190} INFO - [2025-04-04T15:45:25.168+0000] {dag.py:4180} INFO - Setting next_dagrun for latest_only to 2025-04-04 08:00:00+00:00, run_after=2025-04-04 12:00:00+00:00
[2025-04-04T15:45:25.197+0000] {processor.py:208} INFO - Processing /home/airflow/.local/lib/python3.12/site-packages/airflow/example_dags/example_latest_only.py took 0.121 seconds
[2025-04-04T15:45:57.963+0000] {processor.py:186} INFO - Started process (PID=308) to work on /home/airflow/.local/lib/python3.12/site-packages/airflow/example_dags/example_latest_only.py
[2025-04-04T15:45:57.966+0000] {processor.py:914} INFO - Processing file /home/airflow/.local/lib/python3.12/site-packages/airflow/example_dags/example_latest_only.py for tasks to queue
[2025-04-04T15:45:57.973+0000] {logging_mixin.py:190} INFO - [2025-04-04T15:45:57.972+0000] {dagbag.py:588} INFO - Filling up the DagBag from /home/airflow/.local/lib/python3.12/site-packages/airflow/example_dags/example_latest_only.py
[2025-04-04T15:45:57.995+0000] {processor.py:925} INFO - DAG(s) 'latest_only' retrieved from /home/airflow/.local/lib/python3.12/site-packages/airflow/example_dags/example_latest_only.py
[2025-04-04T15:45:58.100+0000] {logging_mixin.py:190} INFO - [2025-04-04T15:45:58.099+0000] {dag.py:3239} INFO - Sync 1 DAGs
[2025-04-04T15:45:58.188+0000] {logging_mixin.py:190} INFO - [2025-04-04T15:45:58.188+0000] {dag.py:4180} INFO - Setting next_dagrun for latest_only to 2025-04-04 08:00:00+00:00, run_after=2025-04-04 12:00:00+00:00
[2025-04-04T15:45:58.237+0000] {processor.py:208} INFO - Processing /home/airflow/.local/lib/python3.12/site-packages/airflow/example_dags/example_latest_only.py took 0.292 seconds
[2025-04-04T15:47:26.173+0000] {processor.py:186} INFO - Started process (PID=113) to work on /home/airflow/.local/lib/python3.12/site-packages/airflow/example_dags/example_latest_only.py
[2025-04-04T15:47:26.178+0000] {processor.py:914} INFO - Processing file /home/airflow/.local/lib/python3.12/site-packages/airflow/example_dags/example_latest_only.py for tasks to queue
[2025-04-04T15:47:26.183+0000] {logging_mixin.py:190} INFO - [2025-04-04T15:47:26.182+0000] {dagbag.py:588} INFO - Filling up the DagBag from /home/airflow/.local/lib/python3.12/site-packages/airflow/example_dags/example_latest_only.py
[2025-04-04T15:47:26.206+0000] {processor.py:925} INFO - DAG(s) 'latest_only' retrieved from /home/airflow/.local/lib/python3.12/site-packages/airflow/example_dags/example_latest_only.py
[2025-04-04T15:47:26.250+0000] {logging_mixin.py:190} INFO - [2025-04-04T15:47:26.250+0000] {dag.py:3239} INFO - Sync 1 DAGs
[2025-04-04T15:47:26.303+0000] {logging_mixin.py:190} INFO - [2025-04-04T15:47:26.303+0000] {dag.py:4180} INFO - Setting next_dagrun for latest_only to 2025-04-04 08:00:00+00:00, run_after=2025-04-04 12:00:00+00:00
[2025-04-04T15:47:26.345+0000] {processor.py:208} INFO - Processing /home/airflow/.local/lib/python3.12/site-packages/airflow/example_dags/example_latest_only.py took 0.185 seconds
[2025-04-04T15:47:56.964+0000] {processor.py:186} INFO - Started process (PID=177) to work on /home/airflow/.local/lib/python3.12/site-packages/airflow/example_dags/example_latest_only.py
[2025-04-04T15:47:56.965+0000] {processor.py:914} INFO - Processing file /home/airflow/.local/lib/python3.12/site-packages/airflow/example_dags/example_latest_only.py for tasks to queue
[2025-04-04T15:47:56.968+0000] {logging_mixin.py:190} INFO - [2025-04-04T15:47:56.968+0000] {dagbag.py:588} INFO - Filling up the DagBag from /home/airflow/.local/lib/python3.12/site-packages/airflow/example_dags/example_latest_only.py
[2025-04-04T15:47:56.978+0000] {processor.py:925} INFO - DAG(s) 'latest_only' retrieved from /home/airflow/.local/lib/python3.12/site-packages/airflow/example_dags/example_latest_only.py
[2025-04-04T15:47:57.001+0000] {logging_mixin.py:190} INFO - [2025-04-04T15:47:57.000+0000] {dag.py:3239} INFO - Sync 1 DAGs
[2025-04-04T15:47:57.039+0000] {logging_mixin.py:190} INFO - [2025-04-04T15:47:57.039+0000] {dag.py:4180} INFO - Setting next_dagrun for latest_only to 2025-04-04 08:00:00+00:00, run_after=2025-04-04 12:00:00+00:00
[2025-04-04T15:47:57.061+0000] {processor.py:208} INFO - Processing /home/airflow/.local/lib/python3.12/site-packages/airflow/example_dags/example_latest_only.py took 0.106 seconds
[2025-04-04T15:48:27.805+0000] {processor.py:186} INFO - Started process (PID=241) to work on /home/airflow/.local/lib/python3.12/site-packages/airflow/example_dags/example_latest_only.py
[2025-04-04T15:48:27.806+0000] {processor.py:914} INFO - Processing file /home/airflow/.local/lib/python3.12/site-packages/airflow/example_dags/example_latest_only.py for tasks to queue
[2025-04-04T15:48:27.809+0000] {logging_mixin.py:190} INFO - [2025-04-04T15:48:27.809+0000] {dagbag.py:588} INFO - Filling up the DagBag from /home/airflow/.local/lib/python3.12/site-packages/airflow/example_dags/example_latest_only.py
[2025-04-04T15:48:27.818+0000] {processor.py:925} INFO - DAG(s) 'latest_only' retrieved from /home/airflow/.local/lib/python3.12/site-packages/airflow/example_dags/example_latest_only.py
[2025-04-04T15:48:27.844+0000] {logging_mixin.py:190} INFO - [2025-04-04T15:48:27.844+0000] {dag.py:3239} INFO - Sync 1 DAGs
[2025-04-04T15:48:27.876+0000] {logging_mixin.py:190} INFO - [2025-04-04T15:48:27.876+0000] {dag.py:4180} INFO - Setting next_dagrun for latest_only to 2025-04-04 08:00:00+00:00, run_after=2025-04-04 12:00:00+00:00
[2025-04-04T15:48:27.904+0000] {processor.py:208} INFO - Processing /home/airflow/.local/lib/python3.12/site-packages/airflow/example_dags/example_latest_only.py took 0.107 seconds
[2025-04-04T15:48:58.755+0000] {processor.py:186} INFO - Started process (PID=305) to work on /home/airflow/.local/lib/python3.12/site-packages/airflow/example_dags/example_latest_only.py
[2025-04-04T15:48:58.756+0000] {processor.py:914} INFO - Processing file /home/airflow/.local/lib/python3.12/site-packages/airflow/example_dags/example_latest_only.py for tasks to queue
[2025-04-04T15:48:58.759+0000] {logging_mixin.py:190} INFO - [2025-04-04T15:48:58.759+0000] {dagbag.py:588} INFO - Filling up the DagBag from /home/airflow/.local/lib/python3.12/site-packages/airflow/example_dags/example_latest_only.py
[2025-04-04T15:48:58.769+0000] {processor.py:925} INFO - DAG(s) 'latest_only' retrieved from /home/airflow/.local/lib/python3.12/site-packages/airflow/example_dags/example_latest_only.py
[2025-04-04T15:48:58.798+0000] {logging_mixin.py:190} INFO - [2025-04-04T15:48:58.798+0000] {dag.py:3239} INFO - Sync 1 DAGs
[2025-04-04T15:48:58.844+0000] {logging_mixin.py:190} INFO - [2025-04-04T15:48:58.843+0000] {dag.py:4180} INFO - Setting next_dagrun for latest_only to 2025-04-04 08:00:00+00:00, run_after=2025-04-04 12:00:00+00:00
[2025-04-04T15:48:58.875+0000] {processor.py:208} INFO - Processing /home/airflow/.local/lib/python3.12/site-packages/airflow/example_dags/example_latest_only.py took 0.129 seconds
[2025-04-04T15:49:30.722+0000] {processor.py:186} INFO - Started process (PID=369) to work on /home/airflow/.local/lib/python3.12/site-packages/airflow/example_dags/example_latest_only.py
[2025-04-04T15:49:30.724+0000] {processor.py:914} INFO - Processing file /home/airflow/.local/lib/python3.12/site-packages/airflow/example_dags/example_latest_only.py for tasks to queue
[2025-04-04T15:49:30.728+0000] {logging_mixin.py:190} INFO - [2025-04-04T15:49:30.727+0000] {dagbag.py:588} INFO - Filling up the DagBag from /home/airflow/.local/lib/python3.12/site-packages/airflow/example_dags/example_latest_only.py
[2025-04-04T15:49:30.749+0000] {processor.py:925} INFO - DAG(s) 'latest_only' retrieved from /home/airflow/.local/lib/python3.12/site-packages/airflow/example_dags/example_latest_only.py
[2025-04-04T15:49:30.796+0000] {logging_mixin.py:190} INFO - [2025-04-04T15:49:30.796+0000] {dag.py:3239} INFO - Sync 1 DAGs
[2025-04-04T15:49:30.863+0000] {logging_mixin.py:190} INFO - [2025-04-04T15:49:30.862+0000] {dag.py:4180} INFO - Setting next_dagrun for latest_only to 2025-04-04 08:00:00+00:00, run_after=2025-04-04 12:00:00+00:00
[2025-04-04T15:49:30.910+0000] {processor.py:208} INFO - Processing /home/airflow/.local/lib/python3.12/site-packages/airflow/example_dags/example_latest_only.py took 0.203 seconds
[2025-04-04T15:50:01.682+0000] {processor.py:186} INFO - Started process (PID=433) to work on /home/airflow/.local/lib/python3.12/site-packages/airflow/example_dags/example_latest_only.py
[2025-04-04T15:50:01.684+0000] {processor.py:914} INFO - Processing file /home/airflow/.local/lib/python3.12/site-packages/airflow/example_dags/example_latest_only.py for tasks to queue
[2025-04-04T15:50:01.686+0000] {logging_mixin.py:190} INFO - [2025-04-04T15:50:01.686+0000] {dagbag.py:588} INFO - Filling up the DagBag from /home/airflow/.local/lib/python3.12/site-packages/airflow/example_dags/example_latest_only.py
[2025-04-04T15:50:01.695+0000] {processor.py:925} INFO - DAG(s) 'latest_only' retrieved from /home/airflow/.local/lib/python3.12/site-packages/airflow/example_dags/example_latest_only.py
[2025-04-04T15:50:01.721+0000] {logging_mixin.py:190} INFO - [2025-04-04T15:50:01.721+0000] {dag.py:3239} INFO - Sync 1 DAGs
[2025-04-04T15:50:01.751+0000] {logging_mixin.py:190} INFO - [2025-04-04T15:50:01.751+0000] {dag.py:4180} INFO - Setting next_dagrun for latest_only to 2025-04-04 08:00:00+00:00, run_after=2025-04-04 12:00:00+00:00
[2025-04-04T15:50:01.775+0000] {processor.py:208} INFO - Processing /home/airflow/.local/lib/python3.12/site-packages/airflow/example_dags/example_latest_only.py took 0.101 seconds
[2025-04-04T15:50:33.042+0000] {processor.py:186} INFO - Started process (PID=497) to work on /home/airflow/.local/lib/python3.12/site-packages/airflow/example_dags/example_latest_only.py
[2025-04-04T15:50:33.043+0000] {processor.py:914} INFO - Processing file /home/airflow/.local/lib/python3.12/site-packages/airflow/example_dags/example_latest_only.py for tasks to queue
[2025-04-04T15:50:33.046+0000] {logging_mixin.py:190} INFO - [2025-04-04T15:50:33.045+0000] {dagbag.py:588} INFO - Filling up the DagBag from /home/airflow/.local/lib/python3.12/site-packages/airflow/example_dags/example_latest_only.py
[2025-04-04T15:50:33.053+0000] {processor.py:925} INFO - DAG(s) 'latest_only' retrieved from /home/airflow/.local/lib/python3.12/site-packages/airflow/example_dags/example_latest_only.py
[2025-04-04T15:50:33.076+0000] {logging_mixin.py:190} INFO - [2025-04-04T15:50:33.076+0000] {dag.py:3239} INFO - Sync 1 DAGs
[2025-04-04T15:50:33.104+0000] {logging_mixin.py:190} INFO - [2025-04-04T15:50:33.104+0000] {dag.py:4180} INFO - Setting next_dagrun for latest_only to 2025-04-04 08:00:00+00:00, run_after=2025-04-04 12:00:00+00:00
[2025-04-04T15:50:33.128+0000] {processor.py:208} INFO - Processing /home/airflow/.local/lib/python3.12/site-packages/airflow/example_dags/example_latest_only.py took 0.094 seconds
[2025-04-04T15:51:04.091+0000] {processor.py:186} INFO - Started process (PID=561) to work on /home/airflow/.local/lib/python3.12/site-packages/airflow/example_dags/example_latest_only.py
[2025-04-04T15:51:04.093+0000] {processor.py:914} INFO - Processing file /home/airflow/.local/lib/python3.12/site-packages/airflow/example_dags/example_latest_only.py for tasks to queue
[2025-04-04T15:51:04.095+0000] {logging_mixin.py:190} INFO - [2025-04-04T15:51:04.095+0000] {dagbag.py:588} INFO - Filling up the DagBag from /home/airflow/.local/lib/python3.12/site-packages/airflow/example_dags/example_latest_only.py
[2025-04-04T15:51:04.104+0000] {processor.py:925} INFO - DAG(s) 'latest_only' retrieved from /home/airflow/.local/lib/python3.12/site-packages/airflow/example_dags/example_latest_only.py
[2025-04-04T15:51:04.133+0000] {logging_mixin.py:190} INFO - [2025-04-04T15:51:04.132+0000] {dag.py:3239} INFO - Sync 1 DAGs
[2025-04-04T15:51:04.166+0000] {logging_mixin.py:190} INFO - [2025-04-04T15:51:04.166+0000] {dag.py:4180} INFO - Setting next_dagrun for latest_only to 2025-04-04 08:00:00+00:00, run_after=2025-04-04 12:00:00+00:00
[2025-04-04T15:51:04.195+0000] {processor.py:208} INFO - Processing /home/airflow/.local/lib/python3.12/site-packages/airflow/example_dags/example_latest_only.py took 0.110 seconds
[2025-04-04T15:51:35.278+0000] {processor.py:186} INFO - Started process (PID=625) to work on /home/airflow/.local/lib/python3.12/site-packages/airflow/example_dags/example_latest_only.py
[2025-04-04T15:51:35.278+0000] {processor.py:914} INFO - Processing file /home/airflow/.local/lib/python3.12/site-packages/airflow/example_dags/example_latest_only.py for tasks to queue
[2025-04-04T15:51:35.281+0000] {logging_mixin.py:190} INFO - [2025-04-04T15:51:35.281+0000] {dagbag.py:588} INFO - Filling up the DagBag from /home/airflow/.local/lib/python3.12/site-packages/airflow/example_dags/example_latest_only.py
[2025-04-04T15:51:35.289+0000] {processor.py:925} INFO - DAG(s) 'latest_only' retrieved from /home/airflow/.local/lib/python3.12/site-packages/airflow/example_dags/example_latest_only.py
[2025-04-04T15:51:35.316+0000] {logging_mixin.py:190} INFO - [2025-04-04T15:51:35.315+0000] {dag.py:3239} INFO - Sync 1 DAGs
[2025-04-04T15:51:35.347+0000] {logging_mixin.py:190} INFO - [2025-04-04T15:51:35.347+0000] {dag.py:4180} INFO - Setting next_dagrun for latest_only to 2025-04-04 08:00:00+00:00, run_after=2025-04-04 12:00:00+00:00
[2025-04-04T15:51:35.375+0000] {processor.py:208} INFO - Processing /home/airflow/.local/lib/python3.12/site-packages/airflow/example_dags/example_latest_only.py took 0.104 seconds
[2025-04-04T15:52:06.163+0000] {processor.py:186} INFO - Started process (PID=689) to work on /home/airflow/.local/lib/python3.12/site-packages/airflow/example_dags/example_latest_only.py
[2025-04-04T15:52:06.165+0000] {processor.py:914} INFO - Processing file /home/airflow/.local/lib/python3.12/site-packages/airflow/example_dags/example_latest_only.py for tasks to queue
[2025-04-04T15:52:06.168+0000] {logging_mixin.py:190} INFO - [2025-04-04T15:52:06.168+0000] {dagbag.py:588} INFO - Filling up the DagBag from /home/airflow/.local/lib/python3.12/site-packages/airflow/example_dags/example_latest_only.py
[2025-04-04T15:52:06.178+0000] {processor.py:925} INFO - DAG(s) 'latest_only' retrieved from /home/airflow/.local/lib/python3.12/site-packages/airflow/example_dags/example_latest_only.py
[2025-04-04T15:52:06.207+0000] {logging_mixin.py:190} INFO - [2025-04-04T15:52:06.207+0000] {dag.py:3239} INFO - Sync 1 DAGs
[2025-04-04T15:52:06.246+0000] {logging_mixin.py:190} INFO - [2025-04-04T15:52:06.246+0000] {dag.py:4180} INFO - Setting next_dagrun for latest_only to 2025-04-04 08:00:00+00:00, run_after=2025-04-04 12:00:00+00:00
[2025-04-04T15:52:06.276+0000] {processor.py:208} INFO - Processing /home/airflow/.local/lib/python3.12/site-packages/airflow/example_dags/example_latest_only.py took 0.122 seconds
[2025-04-04T15:52:37.265+0000] {processor.py:186} INFO - Started process (PID=753) to work on /home/airflow/.local/lib/python3.12/site-packages/airflow/example_dags/example_latest_only.py
[2025-04-04T15:52:37.267+0000] {processor.py:914} INFO - Processing file /home/airflow/.local/lib/python3.12/site-packages/airflow/example_dags/example_latest_only.py for tasks to queue
[2025-04-04T15:52:37.269+0000] {logging_mixin.py:190} INFO - [2025-04-04T15:52:37.269+0000] {dagbag.py:588} INFO - Filling up the DagBag from /home/airflow/.local/lib/python3.12/site-packages/airflow/example_dags/example_latest_only.py
[2025-04-04T15:52:37.278+0000] {processor.py:925} INFO - DAG(s) 'latest_only' retrieved from /home/airflow/.local/lib/python3.12/site-packages/airflow/example_dags/example_latest_only.py
[2025-04-04T15:52:37.305+0000] {logging_mixin.py:190} INFO - [2025-04-04T15:52:37.305+0000] {dag.py:3239} INFO - Sync 1 DAGs
[2025-04-04T15:52:37.345+0000] {logging_mixin.py:190} INFO - [2025-04-04T15:52:37.344+0000] {dag.py:4180} INFO - Setting next_dagrun for latest_only to 2025-04-04 08:00:00+00:00, run_after=2025-04-04 12:00:00+00:00
[2025-04-04T15:52:37.371+0000] {processor.py:208} INFO - Processing /home/airflow/.local/lib/python3.12/site-packages/airflow/example_dags/example_latest_only.py took 0.115 seconds
[2025-04-04T15:53:07.920+0000] {processor.py:186} INFO - Started process (PID=817) to work on /home/airflow/.local/lib/python3.12/site-packages/airflow/example_dags/example_latest_only.py
[2025-04-04T15:53:07.921+0000] {processor.py:914} INFO - Processing file /home/airflow/.local/lib/python3.12/site-packages/airflow/example_dags/example_latest_only.py for tasks to queue
[2025-04-04T15:53:07.923+0000] {logging_mixin.py:190} INFO - [2025-04-04T15:53:07.923+0000] {dagbag.py:588} INFO - Filling up the DagBag from /home/airflow/.local/lib/python3.12/site-packages/airflow/example_dags/example_latest_only.py
[2025-04-04T15:53:07.932+0000] {processor.py:925} INFO - DAG(s) 'latest_only' retrieved from /home/airflow/.local/lib/python3.12/site-packages/airflow/example_dags/example_latest_only.py
[2025-04-04T15:53:07.957+0000] {logging_mixin.py:190} INFO - [2025-04-04T15:53:07.957+0000] {dag.py:3239} INFO - Sync 1 DAGs
[2025-04-04T15:53:07.989+0000] {logging_mixin.py:190} INFO - [2025-04-04T15:53:07.988+0000] {dag.py:4180} INFO - Setting next_dagrun for latest_only to 2025-04-04 08:00:00+00:00, run_after=2025-04-04 12:00:00+00:00
[2025-04-04T15:53:08.017+0000] {processor.py:208} INFO - Processing /home/airflow/.local/lib/python3.12/site-packages/airflow/example_dags/example_latest_only.py took 0.104 seconds
[2025-04-04T15:53:39.512+0000] {processor.py:186} INFO - Started process (PID=881) to work on /home/airflow/.local/lib/python3.12/site-packages/airflow/example_dags/example_latest_only.py
[2025-04-04T15:53:39.514+0000] {processor.py:914} INFO - Processing file /home/airflow/.local/lib/python3.12/site-packages/airflow/example_dags/example_latest_only.py for tasks to queue
[2025-04-04T15:53:39.517+0000] {logging_mixin.py:190} INFO - [2025-04-04T15:53:39.516+0000] {dagbag.py:588} INFO - Filling up the DagBag from /home/airflow/.local/lib/python3.12/site-packages/airflow/example_dags/example_latest_only.py
[2025-04-04T15:53:39.525+0000] {processor.py:925} INFO - DAG(s) 'latest_only' retrieved from /home/airflow/.local/lib/python3.12/site-packages/airflow/example_dags/example_latest_only.py
[2025-04-04T15:53:39.551+0000] {logging_mixin.py:190} INFO - [2025-04-04T15:53:39.550+0000] {dag.py:3239} INFO - Sync 1 DAGs
[2025-04-04T15:53:39.581+0000] {logging_mixin.py:190} INFO - [2025-04-04T15:53:39.580+0000] {dag.py:4180} INFO - Setting next_dagrun for latest_only to 2025-04-04 08:00:00+00:00, run_after=2025-04-04 12:00:00+00:00
[2025-04-04T15:53:39.607+0000] {processor.py:208} INFO - Processing /home/airflow/.local/lib/python3.12/site-packages/airflow/example_dags/example_latest_only.py took 0.102 seconds
[2025-04-04T15:54:11.411+0000] {processor.py:186} INFO - Started process (PID=945) to work on /home/airflow/.local/lib/python3.12/site-packages/airflow/example_dags/example_latest_only.py
[2025-04-04T15:54:11.413+0000] {processor.py:914} INFO - Processing file /home/airflow/.local/lib/python3.12/site-packages/airflow/example_dags/example_latest_only.py for tasks to queue
[2025-04-04T15:54:11.418+0000] {logging_mixin.py:190} INFO - [2025-04-04T15:54:11.417+0000] {dagbag.py:588} INFO - Filling up the DagBag from /home/airflow/.local/lib/python3.12/site-packages/airflow/example_dags/example_latest_only.py
[2025-04-04T15:54:11.430+0000] {processor.py:925} INFO - DAG(s) 'latest_only' retrieved from /home/airflow/.local/lib/python3.12/site-packages/airflow/example_dags/example_latest_only.py
[2025-04-04T15:54:11.465+0000] {logging_mixin.py:190} INFO - [2025-04-04T15:54:11.464+0000] {dag.py:3239} INFO - Sync 1 DAGs
[2025-04-04T15:54:11.515+0000] {logging_mixin.py:190} INFO - [2025-04-04T15:54:11.514+0000] {dag.py:4180} INFO - Setting next_dagrun for latest_only to 2025-04-04 08:00:00+00:00, run_after=2025-04-04 12:00:00+00:00
[2025-04-04T15:54:11.546+0000] {processor.py:208} INFO - Processing /home/airflow/.local/lib/python3.12/site-packages/airflow/example_dags/example_latest_only.py took 0.146 seconds
[2025-04-04T15:54:43.115+0000] {processor.py:186} INFO - Started process (PID=1009) to work on /home/airflow/.local/lib/python3.12/site-packages/airflow/example_dags/example_latest_only.py
[2025-04-04T15:54:43.116+0000] {processor.py:914} INFO - Processing file /home/airflow/.local/lib/python3.12/site-packages/airflow/example_dags/example_latest_only.py for tasks to queue
[2025-04-04T15:54:43.120+0000] {logging_mixin.py:190} INFO - [2025-04-04T15:54:43.119+0000] {dagbag.py:588} INFO - Filling up the DagBag from /home/airflow/.local/lib/python3.12/site-packages/airflow/example_dags/example_latest_only.py
[2025-04-04T15:54:43.131+0000] {processor.py:925} INFO - DAG(s) 'latest_only' retrieved from /home/airflow/.local/lib/python3.12/site-packages/airflow/example_dags/example_latest_only.py
[2025-04-04T15:54:43.159+0000] {logging_mixin.py:190} INFO - [2025-04-04T15:54:43.159+0000] {dag.py:3239} INFO - Sync 1 DAGs
[2025-04-04T15:54:43.196+0000] {logging_mixin.py:190} INFO - [2025-04-04T15:54:43.196+0000] {dag.py:4180} INFO - Setting next_dagrun for latest_only to 2025-04-04 08:00:00+00:00, run_after=2025-04-04 12:00:00+00:00
[2025-04-04T15:54:43.228+0000] {processor.py:208} INFO - Processing /home/airflow/.local/lib/python3.12/site-packages/airflow/example_dags/example_latest_only.py took 0.120 seconds
[2025-04-04T15:55:14.178+0000] {processor.py:186} INFO - Started process (PID=1073) to work on /home/airflow/.local/lib/python3.12/site-packages/airflow/example_dags/example_latest_only.py
[2025-04-04T15:55:14.180+0000] {processor.py:914} INFO - Processing file /home/airflow/.local/lib/python3.12/site-packages/airflow/example_dags/example_latest_only.py for tasks to queue
[2025-04-04T15:55:14.184+0000] {logging_mixin.py:190} INFO - [2025-04-04T15:55:14.183+0000] {dagbag.py:588} INFO - Filling up the DagBag from /home/airflow/.local/lib/python3.12/site-packages/airflow/example_dags/example_latest_only.py
[2025-04-04T15:55:14.195+0000] {processor.py:925} INFO - DAG(s) 'latest_only' retrieved from /home/airflow/.local/lib/python3.12/site-packages/airflow/example_dags/example_latest_only.py
[2025-04-04T15:55:14.218+0000] {logging_mixin.py:190} INFO - [2025-04-04T15:55:14.217+0000] {dag.py:3239} INFO - Sync 1 DAGs
[2025-04-04T15:55:14.247+0000] {logging_mixin.py:190} INFO - [2025-04-04T15:55:14.247+0000] {dag.py:4180} INFO - Setting next_dagrun for latest_only to 2025-04-04 08:00:00+00:00, run_after=2025-04-04 12:00:00+00:00
[2025-04-04T15:55:14.272+0000] {processor.py:208} INFO - Processing /home/airflow/.local/lib/python3.12/site-packages/airflow/example_dags/example_latest_only.py took 0.103 seconds
[2025-04-04T15:55:46.104+0000] {processor.py:186} INFO - Started process (PID=1143) to work on /home/airflow/.local/lib/python3.12/site-packages/airflow/example_dags/example_latest_only.py
[2025-04-04T15:55:46.106+0000] {processor.py:914} INFO - Processing file /home/airflow/.local/lib/python3.12/site-packages/airflow/example_dags/example_latest_only.py for tasks to queue
[2025-04-04T15:55:46.110+0000] {logging_mixin.py:190} INFO - [2025-04-04T15:55:46.109+0000] {dagbag.py:588} INFO - Filling up the DagBag from /home/airflow/.local/lib/python3.12/site-packages/airflow/example_dags/example_latest_only.py
[2025-04-04T15:55:46.123+0000] {processor.py:925} INFO - DAG(s) 'latest_only' retrieved from /home/airflow/.local/lib/python3.12/site-packages/airflow/example_dags/example_latest_only.py
[2025-04-04T15:55:46.158+0000] {logging_mixin.py:190} INFO - [2025-04-04T15:55:46.157+0000] {dag.py:3239} INFO - Sync 1 DAGs
[2025-04-04T15:55:46.199+0000] {logging_mixin.py:190} INFO - [2025-04-04T15:55:46.198+0000] {dag.py:4180} INFO - Setting next_dagrun for latest_only to 2025-04-04 08:00:00+00:00, run_after=2025-04-04 12:00:00+00:00
[2025-04-04T15:55:46.221+0000] {processor.py:208} INFO - Processing /home/airflow/.local/lib/python3.12/site-packages/airflow/example_dags/example_latest_only.py took 0.127 seconds
[2025-04-04T15:56:17.613+0000] {processor.py:186} INFO - Started process (PID=1207) to work on /home/airflow/.local/lib/python3.12/site-packages/airflow/example_dags/example_latest_only.py
[2025-04-04T15:56:17.614+0000] {processor.py:914} INFO - Processing file /home/airflow/.local/lib/python3.12/site-packages/airflow/example_dags/example_latest_only.py for tasks to queue
[2025-04-04T15:56:17.617+0000] {logging_mixin.py:190} INFO - [2025-04-04T15:56:17.617+0000] {dagbag.py:588} INFO - Filling up the DagBag from /home/airflow/.local/lib/python3.12/site-packages/airflow/example_dags/example_latest_only.py
[2025-04-04T15:56:17.626+0000] {processor.py:925} INFO - DAG(s) 'latest_only' retrieved from /home/airflow/.local/lib/python3.12/site-packages/airflow/example_dags/example_latest_only.py
[2025-04-04T15:56:17.655+0000] {logging_mixin.py:190} INFO - [2025-04-04T15:56:17.655+0000] {dag.py:3239} INFO - Sync 1 DAGs
[2025-04-04T15:56:17.691+0000] {logging_mixin.py:190} INFO - [2025-04-04T15:56:17.691+0000] {dag.py:4180} INFO - Setting next_dagrun for latest_only to 2025-04-04 08:00:00+00:00, run_after=2025-04-04 12:00:00+00:00
[2025-04-04T15:56:17.715+0000] {processor.py:208} INFO - Processing /home/airflow/.local/lib/python3.12/site-packages/airflow/example_dags/example_latest_only.py took 0.109 seconds
[2025-04-04T15:56:48.672+0000] {processor.py:186} INFO - Started process (PID=1271) to work on /home/airflow/.local/lib/python3.12/site-packages/airflow/example_dags/example_latest_only.py
[2025-04-04T15:56:48.673+0000] {processor.py:914} INFO - Processing file /home/airflow/.local/lib/python3.12/site-packages/airflow/example_dags/example_latest_only.py for tasks to queue
[2025-04-04T15:56:48.676+0000] {logging_mixin.py:190} INFO - [2025-04-04T15:56:48.675+0000] {dagbag.py:588} INFO - Filling up the DagBag from /home/airflow/.local/lib/python3.12/site-packages/airflow/example_dags/example_latest_only.py
[2025-04-04T15:56:48.684+0000] {processor.py:925} INFO - DAG(s) 'latest_only' retrieved from /home/airflow/.local/lib/python3.12/site-packages/airflow/example_dags/example_latest_only.py
[2025-04-04T15:56:48.710+0000] {logging_mixin.py:190} INFO - [2025-04-04T15:56:48.709+0000] {dag.py:3239} INFO - Sync 1 DAGs
[2025-04-04T15:56:48.747+0000] {logging_mixin.py:190} INFO - [2025-04-04T15:56:48.747+0000] {dag.py:4180} INFO - Setting next_dagrun for latest_only to 2025-04-04 08:00:00+00:00, run_after=2025-04-04 12:00:00+00:00
[2025-04-04T15:56:48.774+0000] {processor.py:208} INFO - Processing /home/airflow/.local/lib/python3.12/site-packages/airflow/example_dags/example_latest_only.py took 0.109 seconds
[2025-04-04T15:57:19.755+0000] {processor.py:186} INFO - Started process (PID=1335) to work on /home/airflow/.local/lib/python3.12/site-packages/airflow/example_dags/example_latest_only.py
[2025-04-04T15:57:19.756+0000] {processor.py:914} INFO - Processing file /home/airflow/.local/lib/python3.12/site-packages/airflow/example_dags/example_latest_only.py for tasks to queue
[2025-04-04T15:57:19.758+0000] {logging_mixin.py:190} INFO - [2025-04-04T15:57:19.758+0000] {dagbag.py:588} INFO - Filling up the DagBag from /home/airflow/.local/lib/python3.12/site-packages/airflow/example_dags/example_latest_only.py
[2025-04-04T15:57:19.767+0000] {processor.py:925} INFO - DAG(s) 'latest_only' retrieved from /home/airflow/.local/lib/python3.12/site-packages/airflow/example_dags/example_latest_only.py
[2025-04-04T15:57:19.797+0000] {logging_mixin.py:190} INFO - [2025-04-04T15:57:19.797+0000] {dag.py:3239} INFO - Sync 1 DAGs
[2025-04-04T15:57:19.835+0000] {logging_mixin.py:190} INFO - [2025-04-04T15:57:19.835+0000] {dag.py:4180} INFO - Setting next_dagrun for latest_only to 2025-04-04 08:00:00+00:00, run_after=2025-04-04 12:00:00+00:00
[2025-04-04T15:57:19.859+0000] {processor.py:208} INFO - Processing /home/airflow/.local/lib/python3.12/site-packages/airflow/example_dags/example_latest_only.py took 0.112 seconds
[2025-04-04T15:57:50.905+0000] {processor.py:186} INFO - Started process (PID=1398) to work on /home/airflow/.local/lib/python3.12/site-packages/airflow/example_dags/example_latest_only.py
[2025-04-04T15:57:50.908+0000] {processor.py:914} INFO - Processing file /home/airflow/.local/lib/python3.12/site-packages/airflow/example_dags/example_latest_only.py for tasks to queue
[2025-04-04T15:57:50.913+0000] {logging_mixin.py:190} INFO - [2025-04-04T15:57:50.912+0000] {dagbag.py:588} INFO - Filling up the DagBag from /home/airflow/.local/lib/python3.12/site-packages/airflow/example_dags/example_latest_only.py
[2025-04-04T15:57:50.930+0000] {processor.py:925} INFO - DAG(s) 'latest_only' retrieved from /home/airflow/.local/lib/python3.12/site-packages/airflow/example_dags/example_latest_only.py
[2025-04-04T15:57:50.972+0000] {logging_mixin.py:190} INFO - [2025-04-04T15:57:50.972+0000] {dag.py:3239} INFO - Sync 1 DAGs
[2025-04-04T15:57:51.026+0000] {logging_mixin.py:190} INFO - [2025-04-04T15:57:51.026+0000] {dag.py:4180} INFO - Setting next_dagrun for latest_only to 2025-04-04 08:00:00+00:00, run_after=2025-04-04 12:00:00+00:00
[2025-04-04T15:57:51.076+0000] {processor.py:208} INFO - Processing /home/airflow/.local/lib/python3.12/site-packages/airflow/example_dags/example_latest_only.py took 0.182 seconds
[2025-04-04T15:58:21.745+0000] {processor.py:186} INFO - Started process (PID=1462) to work on /home/airflow/.local/lib/python3.12/site-packages/airflow/example_dags/example_latest_only.py
[2025-04-04T15:58:21.747+0000] {processor.py:914} INFO - Processing file /home/airflow/.local/lib/python3.12/site-packages/airflow/example_dags/example_latest_only.py for tasks to queue
[2025-04-04T15:58:21.752+0000] {logging_mixin.py:190} INFO - [2025-04-04T15:58:21.751+0000] {dagbag.py:588} INFO - Filling up the DagBag from /home/airflow/.local/lib/python3.12/site-packages/airflow/example_dags/example_latest_only.py
[2025-04-04T15:58:21.766+0000] {processor.py:925} INFO - DAG(s) 'latest_only' retrieved from /home/airflow/.local/lib/python3.12/site-packages/airflow/example_dags/example_latest_only.py
[2025-04-04T15:58:21.800+0000] {logging_mixin.py:190} INFO - [2025-04-04T15:58:21.800+0000] {dag.py:3239} INFO - Sync 1 DAGs
[2025-04-04T15:58:21.849+0000] {logging_mixin.py:190} INFO - [2025-04-04T15:58:21.849+0000] {dag.py:4180} INFO - Setting next_dagrun for latest_only to 2025-04-04 08:00:00+00:00, run_after=2025-04-04 12:00:00+00:00
[2025-04-04T15:58:21.881+0000] {processor.py:208} INFO - Processing /home/airflow/.local/lib/python3.12/site-packages/airflow/example_dags/example_latest_only.py took 0.147 seconds
[2025-04-04T16:00:56.627+0000] {processor.py:186} INFO - Started process (PID=112) to work on /home/airflow/.local/lib/python3.12/site-packages/airflow/example_dags/example_latest_only.py
[2025-04-04T16:00:56.628+0000] {processor.py:914} INFO - Processing file /home/airflow/.local/lib/python3.12/site-packages/airflow/example_dags/example_latest_only.py for tasks to queue
[2025-04-04T16:00:56.632+0000] {logging_mixin.py:190} INFO - [2025-04-04T16:00:56.631+0000] {dagbag.py:588} INFO - Filling up the DagBag from /home/airflow/.local/lib/python3.12/site-packages/airflow/example_dags/example_latest_only.py
[2025-04-04T16:00:56.646+0000] {processor.py:925} INFO - DAG(s) 'latest_only' retrieved from /home/airflow/.local/lib/python3.12/site-packages/airflow/example_dags/example_latest_only.py
[2025-04-04T16:00:56.685+0000] {logging_mixin.py:190} INFO - [2025-04-04T16:00:56.685+0000] {dag.py:3239} INFO - Sync 1 DAGs
[2025-04-04T16:00:56.732+0000] {logging_mixin.py:190} INFO - [2025-04-04T16:00:56.732+0000] {dag.py:4180} INFO - Setting next_dagrun for latest_only to 2025-04-04 12:00:00+00:00, run_after=2025-04-04 16:00:00+00:00
[2025-04-04T16:00:56.765+0000] {processor.py:208} INFO - Processing /home/airflow/.local/lib/python3.12/site-packages/airflow/example_dags/example_latest_only.py took 0.150 seconds
[2025-04-04T16:01:27.054+0000] {processor.py:186} INFO - Started process (PID=176) to work on /home/airflow/.local/lib/python3.12/site-packages/airflow/example_dags/example_latest_only.py
[2025-04-04T16:01:27.056+0000] {processor.py:914} INFO - Processing file /home/airflow/.local/lib/python3.12/site-packages/airflow/example_dags/example_latest_only.py for tasks to queue
[2025-04-04T16:01:27.058+0000] {logging_mixin.py:190} INFO - [2025-04-04T16:01:27.058+0000] {dagbag.py:588} INFO - Filling up the DagBag from /home/airflow/.local/lib/python3.12/site-packages/airflow/example_dags/example_latest_only.py
[2025-04-04T16:01:27.067+0000] {processor.py:925} INFO - DAG(s) 'latest_only' retrieved from /home/airflow/.local/lib/python3.12/site-packages/airflow/example_dags/example_latest_only.py
[2025-04-04T16:01:27.091+0000] {logging_mixin.py:190} INFO - [2025-04-04T16:01:27.090+0000] {dag.py:3239} INFO - Sync 1 DAGs
[2025-04-04T16:01:27.120+0000] {logging_mixin.py:190} INFO - [2025-04-04T16:01:27.120+0000] {dag.py:4180} INFO - Setting next_dagrun for latest_only to 2025-04-04 12:00:00+00:00, run_after=2025-04-04 16:00:00+00:00
[2025-04-04T16:01:27.145+0000] {processor.py:208} INFO - Processing /home/airflow/.local/lib/python3.12/site-packages/airflow/example_dags/example_latest_only.py took 0.099 seconds
[2025-04-04T16:01:57.992+0000] {processor.py:186} INFO - Started process (PID=240) to work on /home/airflow/.local/lib/python3.12/site-packages/airflow/example_dags/example_latest_only.py
[2025-04-04T16:01:57.994+0000] {processor.py:914} INFO - Processing file /home/airflow/.local/lib/python3.12/site-packages/airflow/example_dags/example_latest_only.py for tasks to queue
[2025-04-04T16:01:57.997+0000] {logging_mixin.py:190} INFO - [2025-04-04T16:01:57.997+0000] {dagbag.py:588} INFO - Filling up the DagBag from /home/airflow/.local/lib/python3.12/site-packages/airflow/example_dags/example_latest_only.py
[2025-04-04T16:01:58.009+0000] {processor.py:925} INFO - DAG(s) 'latest_only' retrieved from /home/airflow/.local/lib/python3.12/site-packages/airflow/example_dags/example_latest_only.py
[2025-04-04T16:01:58.036+0000] {logging_mixin.py:190} INFO - [2025-04-04T16:01:58.036+0000] {dag.py:3239} INFO - Sync 1 DAGs
[2025-04-04T16:01:58.074+0000] {logging_mixin.py:190} INFO - [2025-04-04T16:01:58.073+0000] {dag.py:4180} INFO - Setting next_dagrun for latest_only to 2025-04-04 12:00:00+00:00, run_after=2025-04-04 16:00:00+00:00
[2025-04-04T16:01:58.098+0000] {processor.py:208} INFO - Processing /home/airflow/.local/lib/python3.12/site-packages/airflow/example_dags/example_latest_only.py took 0.117 seconds
[2025-04-04T16:02:30.401+0000] {processor.py:186} INFO - Started process (PID=310) to work on /home/airflow/.local/lib/python3.12/site-packages/airflow/example_dags/example_latest_only.py
[2025-04-04T16:02:30.402+0000] {processor.py:914} INFO - Processing file /home/airflow/.local/lib/python3.12/site-packages/airflow/example_dags/example_latest_only.py for tasks to queue
[2025-04-04T16:02:30.405+0000] {logging_mixin.py:190} INFO - [2025-04-04T16:02:30.404+0000] {dagbag.py:588} INFO - Filling up the DagBag from /home/airflow/.local/lib/python3.12/site-packages/airflow/example_dags/example_latest_only.py
[2025-04-04T16:02:30.414+0000] {processor.py:925} INFO - DAG(s) 'latest_only' retrieved from /home/airflow/.local/lib/python3.12/site-packages/airflow/example_dags/example_latest_only.py
[2025-04-04T16:02:30.442+0000] {logging_mixin.py:190} INFO - [2025-04-04T16:02:30.442+0000] {dag.py:3239} INFO - Sync 1 DAGs
[2025-04-04T16:02:30.474+0000] {logging_mixin.py:190} INFO - [2025-04-04T16:02:30.474+0000] {dag.py:4180} INFO - Setting next_dagrun for latest_only to 2025-04-04 12:00:00+00:00, run_after=2025-04-04 16:00:00+00:00
[2025-04-04T16:02:30.500+0000] {processor.py:208} INFO - Processing /home/airflow/.local/lib/python3.12/site-packages/airflow/example_dags/example_latest_only.py took 0.107 seconds
