[2025-04-04T15:44:16.565+0000] {processor.py:186} INFO - Started process (PID=102) to work on /home/airflow/.local/lib/python3.12/site-packages/airflow/example_dags/example_complex.py
[2025-04-04T15:44:16.566+0000] {processor.py:914} INFO - Processing file /home/airflow/.local/lib/python3.12/site-packages/airflow/example_dags/example_complex.py for tasks to queue
[2025-04-04T15:44:16.569+0000] {logging_mixin.py:190} INFO - [2025-04-04T15:44:16.568+0000] {dagbag.py:588} INFO - Filling up the DagBag from /home/airflow/.local/lib/python3.12/site-packages/airflow/example_dags/example_complex.py
[2025-04-04T15:44:16.594+0000] {processor.py:925} INFO - DAG(s) 'example_complex' retrieved from /home/airflow/.local/lib/python3.12/site-packages/airflow/example_dags/example_complex.py
[2025-04-04T15:44:16.874+0000] {logging_mixin.py:190} INFO - [2025-04-04T15:44:16.873+0000] {override.py:1912} INFO - Created Permission View: can edit on DAG:example_complex
[2025-04-04T15:44:16.888+0000] {logging_mixin.py:190} INFO - [2025-04-04T15:44:16.887+0000] {override.py:1912} INFO - Created Permission View: can read on DAG:example_complex
[2025-04-04T15:44:16.904+0000] {logging_mixin.py:190} INFO - [2025-04-04T15:44:16.903+0000] {override.py:1912} INFO - Created Permission View: can delete on DAG:example_complex
[2025-04-04T15:44:16.922+0000] {logging_mixin.py:190} INFO - [2025-04-04T15:44:16.921+0000] {override.py:1912} INFO - Created Permission View: menu access on DAG Run:example_complex
[2025-04-04T15:44:16.936+0000] {logging_mixin.py:190} INFO - [2025-04-04T15:44:16.935+0000] {override.py:1912} INFO - Created Permission View: can read on DAG Run:example_complex
[2025-04-04T15:44:16.951+0000] {logging_mixin.py:190} INFO - [2025-04-04T15:44:16.950+0000] {override.py:1912} INFO - Created Permission View: can create on DAG Run:example_complex
[2025-04-04T15:44:16.965+0000] {logging_mixin.py:190} INFO - [2025-04-04T15:44:16.964+0000] {override.py:1912} INFO - Created Permission View: can delete on DAG Run:example_complex
[2025-04-04T15:44:16.966+0000] {logging_mixin.py:190} INFO - [2025-04-04T15:44:16.965+0000] {dag.py:3239} INFO - Sync 1 DAGs
[2025-04-04T15:44:16.995+0000] {logging_mixin.py:190} INFO - [2025-04-04T15:44:16.994+0000] {dag.py:3262} INFO - Creating ORM DAG for example_complex
[2025-04-04T15:44:16.996+0000] {logging_mixin.py:190} INFO - [2025-04-04T15:44:16.996+0000] {dag.py:4180} INFO - Setting next_dagrun for example_complex to None, run_after=None
[2025-04-04T15:44:17.042+0000] {processor.py:208} INFO - Processing /home/airflow/.local/lib/python3.12/site-packages/airflow/example_dags/example_complex.py took 0.495 seconds
[2025-04-04T15:44:47.799+0000] {processor.py:186} INFO - Started process (PID=164) to work on /home/airflow/.local/lib/python3.12/site-packages/airflow/example_dags/example_complex.py
[2025-04-04T15:44:47.801+0000] {processor.py:914} INFO - Processing file /home/airflow/.local/lib/python3.12/site-packages/airflow/example_dags/example_complex.py for tasks to queue
[2025-04-04T15:44:47.804+0000] {logging_mixin.py:190} INFO - [2025-04-04T15:44:47.803+0000] {dagbag.py:588} INFO - Filling up the DagBag from /home/airflow/.local/lib/python3.12/site-packages/airflow/example_dags/example_complex.py
[2025-04-04T15:44:47.829+0000] {processor.py:925} INFO - DAG(s) 'example_complex' retrieved from /home/airflow/.local/lib/python3.12/site-packages/airflow/example_dags/example_complex.py
[2025-04-04T15:44:47.909+0000] {logging_mixin.py:190} INFO - [2025-04-04T15:44:47.909+0000] {dag.py:3239} INFO - Sync 1 DAGs
[2025-04-04T15:44:47.937+0000] {logging_mixin.py:190} INFO - [2025-04-04T15:44:47.937+0000] {dag.py:4180} INFO - Setting next_dagrun for example_complex to None, run_after=None
[2025-04-04T15:44:47.976+0000] {processor.py:208} INFO - Processing /home/airflow/.local/lib/python3.12/site-packages/airflow/example_dags/example_complex.py took 0.189 seconds
[2025-04-04T15:45:18.045+0000] {processor.py:186} INFO - Started process (PID=227) to work on /home/airflow/.local/lib/python3.12/site-packages/airflow/example_dags/example_complex.py
[2025-04-04T15:45:18.047+0000] {processor.py:914} INFO - Processing file /home/airflow/.local/lib/python3.12/site-packages/airflow/example_dags/example_complex.py for tasks to queue
[2025-04-04T15:45:18.051+0000] {logging_mixin.py:190} INFO - [2025-04-04T15:45:18.050+0000] {dagbag.py:588} INFO - Filling up the DagBag from /home/airflow/.local/lib/python3.12/site-packages/airflow/example_dags/example_complex.py
[2025-04-04T15:45:18.093+0000] {processor.py:925} INFO - DAG(s) 'example_complex' retrieved from /home/airflow/.local/lib/python3.12/site-packages/airflow/example_dags/example_complex.py
[2025-04-04T15:45:18.190+0000] {logging_mixin.py:190} INFO - [2025-04-04T15:45:18.189+0000] {dag.py:3239} INFO - Sync 1 DAGs
[2025-04-04T15:45:18.222+0000] {logging_mixin.py:190} INFO - [2025-04-04T15:45:18.222+0000] {dag.py:4180} INFO - Setting next_dagrun for example_complex to None, run_after=None
[2025-04-04T15:45:18.257+0000] {processor.py:208} INFO - Processing /home/airflow/.local/lib/python3.12/site-packages/airflow/example_dags/example_complex.py took 0.226 seconds
[2025-04-04T15:45:48.996+0000] {processor.py:186} INFO - Started process (PID=290) to work on /home/airflow/.local/lib/python3.12/site-packages/airflow/example_dags/example_complex.py
[2025-04-04T15:45:48.997+0000] {processor.py:914} INFO - Processing file /home/airflow/.local/lib/python3.12/site-packages/airflow/example_dags/example_complex.py for tasks to queue
[2025-04-04T15:45:49.000+0000] {logging_mixin.py:190} INFO - [2025-04-04T15:45:49.000+0000] {dagbag.py:588} INFO - Filling up the DagBag from /home/airflow/.local/lib/python3.12/site-packages/airflow/example_dags/example_complex.py
[2025-04-04T15:45:49.015+0000] {processor.py:925} INFO - DAG(s) 'example_complex' retrieved from /home/airflow/.local/lib/python3.12/site-packages/airflow/example_dags/example_complex.py
[2025-04-04T15:45:49.057+0000] {logging_mixin.py:190} INFO - [2025-04-04T15:45:49.057+0000] {dag.py:3239} INFO - Sync 1 DAGs
[2025-04-04T15:45:49.076+0000] {logging_mixin.py:190} INFO - [2025-04-04T15:45:49.075+0000] {dag.py:4180} INFO - Setting next_dagrun for example_complex to None, run_after=None
[2025-04-04T15:45:49.097+0000] {processor.py:208} INFO - Processing /home/airflow/.local/lib/python3.12/site-packages/airflow/example_dags/example_complex.py took 0.109 seconds
[2025-04-04T15:47:21.294+0000] {processor.py:186} INFO - Started process (PID=96) to work on /home/airflow/.local/lib/python3.12/site-packages/airflow/example_dags/example_complex.py
[2025-04-04T15:47:21.296+0000] {processor.py:914} INFO - Processing file /home/airflow/.local/lib/python3.12/site-packages/airflow/example_dags/example_complex.py for tasks to queue
[2025-04-04T15:47:21.299+0000] {logging_mixin.py:190} INFO - [2025-04-04T15:47:21.299+0000] {dagbag.py:588} INFO - Filling up the DagBag from /home/airflow/.local/lib/python3.12/site-packages/airflow/example_dags/example_complex.py
[2025-04-04T15:47:21.329+0000] {processor.py:925} INFO - DAG(s) 'example_complex' retrieved from /home/airflow/.local/lib/python3.12/site-packages/airflow/example_dags/example_complex.py
[2025-04-04T15:47:21.403+0000] {logging_mixin.py:190} INFO - [2025-04-04T15:47:21.402+0000] {dag.py:3239} INFO - Sync 1 DAGs
[2025-04-04T15:47:21.438+0000] {logging_mixin.py:190} INFO - [2025-04-04T15:47:21.438+0000] {dag.py:4180} INFO - Setting next_dagrun for example_complex to None, run_after=None
[2025-04-04T15:47:21.482+0000] {processor.py:208} INFO - Processing /home/airflow/.local/lib/python3.12/site-packages/airflow/example_dags/example_complex.py took 0.198 seconds
[2025-04-04T15:47:52.327+0000] {processor.py:186} INFO - Started process (PID=159) to work on /home/airflow/.local/lib/python3.12/site-packages/airflow/example_dags/example_complex.py
[2025-04-04T15:47:52.328+0000] {processor.py:914} INFO - Processing file /home/airflow/.local/lib/python3.12/site-packages/airflow/example_dags/example_complex.py for tasks to queue
[2025-04-04T15:47:52.331+0000] {logging_mixin.py:190} INFO - [2025-04-04T15:47:52.331+0000] {dagbag.py:588} INFO - Filling up the DagBag from /home/airflow/.local/lib/python3.12/site-packages/airflow/example_dags/example_complex.py
[2025-04-04T15:47:52.347+0000] {processor.py:925} INFO - DAG(s) 'example_complex' retrieved from /home/airflow/.local/lib/python3.12/site-packages/airflow/example_dags/example_complex.py
[2025-04-04T15:47:52.392+0000] {logging_mixin.py:190} INFO - [2025-04-04T15:47:52.392+0000] {dag.py:3239} INFO - Sync 1 DAGs
[2025-04-04T15:47:52.413+0000] {logging_mixin.py:190} INFO - [2025-04-04T15:47:52.412+0000] {dag.py:4180} INFO - Setting next_dagrun for example_complex to None, run_after=None
[2025-04-04T15:47:52.441+0000] {processor.py:208} INFO - Processing /home/airflow/.local/lib/python3.12/site-packages/airflow/example_dags/example_complex.py took 0.122 seconds
[2025-04-04T15:48:22.682+0000] {processor.py:186} INFO - Started process (PID=223) to work on /home/airflow/.local/lib/python3.12/site-packages/airflow/example_dags/example_complex.py
[2025-04-04T15:48:22.684+0000] {processor.py:914} INFO - Processing file /home/airflow/.local/lib/python3.12/site-packages/airflow/example_dags/example_complex.py for tasks to queue
[2025-04-04T15:48:22.686+0000] {logging_mixin.py:190} INFO - [2025-04-04T15:48:22.686+0000] {dagbag.py:588} INFO - Filling up the DagBag from /home/airflow/.local/lib/python3.12/site-packages/airflow/example_dags/example_complex.py
[2025-04-04T15:48:22.702+0000] {processor.py:925} INFO - DAG(s) 'example_complex' retrieved from /home/airflow/.local/lib/python3.12/site-packages/airflow/example_dags/example_complex.py
[2025-04-04T15:48:22.743+0000] {logging_mixin.py:190} INFO - [2025-04-04T15:48:22.742+0000] {dag.py:3239} INFO - Sync 1 DAGs
[2025-04-04T15:48:22.761+0000] {logging_mixin.py:190} INFO - [2025-04-04T15:48:22.761+0000] {dag.py:4180} INFO - Setting next_dagrun for example_complex to None, run_after=None
[2025-04-04T15:48:22.788+0000] {processor.py:208} INFO - Processing /home/airflow/.local/lib/python3.12/site-packages/airflow/example_dags/example_complex.py took 0.112 seconds
[2025-04-04T15:48:54.174+0000] {processor.py:186} INFO - Started process (PID=287) to work on /home/airflow/.local/lib/python3.12/site-packages/airflow/example_dags/example_complex.py
[2025-04-04T15:48:54.176+0000] {processor.py:914} INFO - Processing file /home/airflow/.local/lib/python3.12/site-packages/airflow/example_dags/example_complex.py for tasks to queue
[2025-04-04T15:48:54.180+0000] {logging_mixin.py:190} INFO - [2025-04-04T15:48:54.180+0000] {dagbag.py:588} INFO - Filling up the DagBag from /home/airflow/.local/lib/python3.12/site-packages/airflow/example_dags/example_complex.py
[2025-04-04T15:48:54.207+0000] {processor.py:925} INFO - DAG(s) 'example_complex' retrieved from /home/airflow/.local/lib/python3.12/site-packages/airflow/example_dags/example_complex.py
[2025-04-04T15:48:54.287+0000] {logging_mixin.py:190} INFO - [2025-04-04T15:48:54.286+0000] {dag.py:3239} INFO - Sync 1 DAGs
[2025-04-04T15:48:54.318+0000] {logging_mixin.py:190} INFO - [2025-04-04T15:48:54.318+0000] {dag.py:4180} INFO - Setting next_dagrun for example_complex to None, run_after=None
[2025-04-04T15:48:54.355+0000] {processor.py:208} INFO - Processing /home/airflow/.local/lib/python3.12/site-packages/airflow/example_dags/example_complex.py took 0.192 seconds
[2025-04-04T15:49:25.239+0000] {processor.py:186} INFO - Started process (PID=351) to work on /home/airflow/.local/lib/python3.12/site-packages/airflow/example_dags/example_complex.py
[2025-04-04T15:49:25.241+0000] {processor.py:914} INFO - Processing file /home/airflow/.local/lib/python3.12/site-packages/airflow/example_dags/example_complex.py for tasks to queue
[2025-04-04T15:49:25.244+0000] {logging_mixin.py:190} INFO - [2025-04-04T15:49:25.244+0000] {dagbag.py:588} INFO - Filling up the DagBag from /home/airflow/.local/lib/python3.12/site-packages/airflow/example_dags/example_complex.py
[2025-04-04T15:49:25.263+0000] {processor.py:925} INFO - DAG(s) 'example_complex' retrieved from /home/airflow/.local/lib/python3.12/site-packages/airflow/example_dags/example_complex.py
[2025-04-04T15:49:25.316+0000] {logging_mixin.py:190} INFO - [2025-04-04T15:49:25.315+0000] {dag.py:3239} INFO - Sync 1 DAGs
[2025-04-04T15:49:25.335+0000] {logging_mixin.py:190} INFO - [2025-04-04T15:49:25.335+0000] {dag.py:4180} INFO - Setting next_dagrun for example_complex to None, run_after=None
[2025-04-04T15:49:25.361+0000] {processor.py:208} INFO - Processing /home/airflow/.local/lib/python3.12/site-packages/airflow/example_dags/example_complex.py took 0.133 seconds
[2025-04-04T15:49:55.432+0000] {processor.py:186} INFO - Started process (PID=414) to work on /home/airflow/.local/lib/python3.12/site-packages/airflow/example_dags/example_complex.py
[2025-04-04T15:49:55.434+0000] {processor.py:914} INFO - Processing file /home/airflow/.local/lib/python3.12/site-packages/airflow/example_dags/example_complex.py for tasks to queue
[2025-04-04T15:49:55.438+0000] {logging_mixin.py:190} INFO - [2025-04-04T15:49:55.438+0000] {dagbag.py:588} INFO - Filling up the DagBag from /home/airflow/.local/lib/python3.12/site-packages/airflow/example_dags/example_complex.py
[2025-04-04T15:49:55.454+0000] {processor.py:925} INFO - DAG(s) 'example_complex' retrieved from /home/airflow/.local/lib/python3.12/site-packages/airflow/example_dags/example_complex.py
[2025-04-04T15:49:55.503+0000] {logging_mixin.py:190} INFO - [2025-04-04T15:49:55.502+0000] {dag.py:3239} INFO - Sync 1 DAGs
[2025-04-04T15:49:55.526+0000] {logging_mixin.py:190} INFO - [2025-04-04T15:49:55.525+0000] {dag.py:4180} INFO - Setting next_dagrun for example_complex to None, run_after=None
[2025-04-04T15:49:55.557+0000] {processor.py:208} INFO - Processing /home/airflow/.local/lib/python3.12/site-packages/airflow/example_dags/example_complex.py took 0.132 seconds
[2025-04-04T15:50:25.851+0000] {processor.py:186} INFO - Started process (PID=478) to work on /home/airflow/.local/lib/python3.12/site-packages/airflow/example_dags/example_complex.py
[2025-04-04T15:50:25.853+0000] {processor.py:914} INFO - Processing file /home/airflow/.local/lib/python3.12/site-packages/airflow/example_dags/example_complex.py for tasks to queue
[2025-04-04T15:50:25.855+0000] {logging_mixin.py:190} INFO - [2025-04-04T15:50:25.855+0000] {dagbag.py:588} INFO - Filling up the DagBag from /home/airflow/.local/lib/python3.12/site-packages/airflow/example_dags/example_complex.py
[2025-04-04T15:50:25.870+0000] {processor.py:925} INFO - DAG(s) 'example_complex' retrieved from /home/airflow/.local/lib/python3.12/site-packages/airflow/example_dags/example_complex.py
[2025-04-04T15:50:25.921+0000] {logging_mixin.py:190} INFO - [2025-04-04T15:50:25.921+0000] {dag.py:3239} INFO - Sync 1 DAGs
[2025-04-04T15:50:25.951+0000] {logging_mixin.py:190} INFO - [2025-04-04T15:50:25.950+0000] {dag.py:4180} INFO - Setting next_dagrun for example_complex to None, run_after=None
[2025-04-04T15:50:25.982+0000] {processor.py:208} INFO - Processing /home/airflow/.local/lib/python3.12/site-packages/airflow/example_dags/example_complex.py took 0.138 seconds
[2025-04-04T15:50:56.125+0000] {processor.py:186} INFO - Started process (PID=542) to work on /home/airflow/.local/lib/python3.12/site-packages/airflow/example_dags/example_complex.py
[2025-04-04T15:50:56.127+0000] {processor.py:914} INFO - Processing file /home/airflow/.local/lib/python3.12/site-packages/airflow/example_dags/example_complex.py for tasks to queue
[2025-04-04T15:50:56.131+0000] {logging_mixin.py:190} INFO - [2025-04-04T15:50:56.130+0000] {dagbag.py:588} INFO - Filling up the DagBag from /home/airflow/.local/lib/python3.12/site-packages/airflow/example_dags/example_complex.py
[2025-04-04T15:50:56.148+0000] {processor.py:925} INFO - DAG(s) 'example_complex' retrieved from /home/airflow/.local/lib/python3.12/site-packages/airflow/example_dags/example_complex.py
[2025-04-04T15:50:56.200+0000] {logging_mixin.py:190} INFO - [2025-04-04T15:50:56.199+0000] {dag.py:3239} INFO - Sync 1 DAGs
[2025-04-04T15:50:56.218+0000] {logging_mixin.py:190} INFO - [2025-04-04T15:50:56.218+0000] {dag.py:4180} INFO - Setting next_dagrun for example_complex to None, run_after=None
[2025-04-04T15:50:56.247+0000] {processor.py:208} INFO - Processing /home/airflow/.local/lib/python3.12/site-packages/airflow/example_dags/example_complex.py took 0.133 seconds
[2025-04-04T15:51:27.127+0000] {processor.py:186} INFO - Started process (PID=606) to work on /home/airflow/.local/lib/python3.12/site-packages/airflow/example_dags/example_complex.py
[2025-04-04T15:51:27.128+0000] {processor.py:914} INFO - Processing file /home/airflow/.local/lib/python3.12/site-packages/airflow/example_dags/example_complex.py for tasks to queue
[2025-04-04T15:51:27.131+0000] {logging_mixin.py:190} INFO - [2025-04-04T15:51:27.131+0000] {dagbag.py:588} INFO - Filling up the DagBag from /home/airflow/.local/lib/python3.12/site-packages/airflow/example_dags/example_complex.py
[2025-04-04T15:51:27.146+0000] {processor.py:925} INFO - DAG(s) 'example_complex' retrieved from /home/airflow/.local/lib/python3.12/site-packages/airflow/example_dags/example_complex.py
[2025-04-04T15:51:27.190+0000] {logging_mixin.py:190} INFO - [2025-04-04T15:51:27.189+0000] {dag.py:3239} INFO - Sync 1 DAGs
[2025-04-04T15:51:27.209+0000] {logging_mixin.py:190} INFO - [2025-04-04T15:51:27.208+0000] {dag.py:4180} INFO - Setting next_dagrun for example_complex to None, run_after=None
[2025-04-04T15:51:27.234+0000] {processor.py:208} INFO - Processing /home/airflow/.local/lib/python3.12/site-packages/airflow/example_dags/example_complex.py took 0.113 seconds
[2025-04-04T15:51:57.396+0000] {processor.py:186} INFO - Started process (PID=670) to work on /home/airflow/.local/lib/python3.12/site-packages/airflow/example_dags/example_complex.py
[2025-04-04T15:51:57.397+0000] {processor.py:914} INFO - Processing file /home/airflow/.local/lib/python3.12/site-packages/airflow/example_dags/example_complex.py for tasks to queue
[2025-04-04T15:51:57.400+0000] {logging_mixin.py:190} INFO - [2025-04-04T15:51:57.400+0000] {dagbag.py:588} INFO - Filling up the DagBag from /home/airflow/.local/lib/python3.12/site-packages/airflow/example_dags/example_complex.py
[2025-04-04T15:51:57.415+0000] {processor.py:925} INFO - DAG(s) 'example_complex' retrieved from /home/airflow/.local/lib/python3.12/site-packages/airflow/example_dags/example_complex.py
[2025-04-04T15:51:57.467+0000] {logging_mixin.py:190} INFO - [2025-04-04T15:51:57.466+0000] {dag.py:3239} INFO - Sync 1 DAGs
[2025-04-04T15:51:57.510+0000] {logging_mixin.py:190} INFO - [2025-04-04T15:51:57.509+0000] {dag.py:4180} INFO - Setting next_dagrun for example_complex to None, run_after=None
[2025-04-04T15:51:57.555+0000] {processor.py:208} INFO - Processing /home/airflow/.local/lib/python3.12/site-packages/airflow/example_dags/example_complex.py took 0.166 seconds
[2025-04-04T15:52:28.404+0000] {processor.py:186} INFO - Started process (PID=734) to work on /home/airflow/.local/lib/python3.12/site-packages/airflow/example_dags/example_complex.py
[2025-04-04T15:52:28.405+0000] {processor.py:914} INFO - Processing file /home/airflow/.local/lib/python3.12/site-packages/airflow/example_dags/example_complex.py for tasks to queue
[2025-04-04T15:52:28.408+0000] {logging_mixin.py:190} INFO - [2025-04-04T15:52:28.408+0000] {dagbag.py:588} INFO - Filling up the DagBag from /home/airflow/.local/lib/python3.12/site-packages/airflow/example_dags/example_complex.py
[2025-04-04T15:52:28.423+0000] {processor.py:925} INFO - DAG(s) 'example_complex' retrieved from /home/airflow/.local/lib/python3.12/site-packages/airflow/example_dags/example_complex.py
[2025-04-04T15:52:28.463+0000] {logging_mixin.py:190} INFO - [2025-04-04T15:52:28.462+0000] {dag.py:3239} INFO - Sync 1 DAGs
[2025-04-04T15:52:28.486+0000] {logging_mixin.py:190} INFO - [2025-04-04T15:52:28.486+0000] {dag.py:4180} INFO - Setting next_dagrun for example_complex to None, run_after=None
[2025-04-04T15:52:28.516+0000] {processor.py:208} INFO - Processing /home/airflow/.local/lib/python3.12/site-packages/airflow/example_dags/example_complex.py took 0.119 seconds
[2025-04-04T15:52:59.544+0000] {processor.py:186} INFO - Started process (PID=798) to work on /home/airflow/.local/lib/python3.12/site-packages/airflow/example_dags/example_complex.py
[2025-04-04T15:52:59.564+0000] {processor.py:914} INFO - Processing file /home/airflow/.local/lib/python3.12/site-packages/airflow/example_dags/example_complex.py for tasks to queue
[2025-04-04T15:52:59.574+0000] {logging_mixin.py:190} INFO - [2025-04-04T15:52:59.573+0000] {dagbag.py:588} INFO - Filling up the DagBag from /home/airflow/.local/lib/python3.12/site-packages/airflow/example_dags/example_complex.py
[2025-04-04T15:52:59.602+0000] {processor.py:925} INFO - DAG(s) 'example_complex' retrieved from /home/airflow/.local/lib/python3.12/site-packages/airflow/example_dags/example_complex.py
[2025-04-04T15:52:59.677+0000] {logging_mixin.py:190} INFO - [2025-04-04T15:52:59.677+0000] {dag.py:3239} INFO - Sync 1 DAGs
[2025-04-04T15:52:59.716+0000] {logging_mixin.py:190} INFO - [2025-04-04T15:52:59.715+0000] {dag.py:4180} INFO - Setting next_dagrun for example_complex to None, run_after=None
[2025-04-04T15:52:59.760+0000] {processor.py:208} INFO - Processing /home/airflow/.local/lib/python3.12/site-packages/airflow/example_dags/example_complex.py took 0.251 seconds
[2025-04-04T15:53:30.002+0000] {processor.py:186} INFO - Started process (PID=862) to work on /home/airflow/.local/lib/python3.12/site-packages/airflow/example_dags/example_complex.py
[2025-04-04T15:53:30.003+0000] {processor.py:914} INFO - Processing file /home/airflow/.local/lib/python3.12/site-packages/airflow/example_dags/example_complex.py for tasks to queue
[2025-04-04T15:53:30.005+0000] {logging_mixin.py:190} INFO - [2025-04-04T15:53:30.005+0000] {dagbag.py:588} INFO - Filling up the DagBag from /home/airflow/.local/lib/python3.12/site-packages/airflow/example_dags/example_complex.py
[2025-04-04T15:53:30.024+0000] {processor.py:925} INFO - DAG(s) 'example_complex' retrieved from /home/airflow/.local/lib/python3.12/site-packages/airflow/example_dags/example_complex.py
[2025-04-04T15:53:30.072+0000] {logging_mixin.py:190} INFO - [2025-04-04T15:53:30.072+0000] {dag.py:3239} INFO - Sync 1 DAGs
[2025-04-04T15:53:30.092+0000] {logging_mixin.py:190} INFO - [2025-04-04T15:53:30.092+0000] {dag.py:4180} INFO - Setting next_dagrun for example_complex to None, run_after=None
[2025-04-04T15:53:30.118+0000] {processor.py:208} INFO - Processing /home/airflow/.local/lib/python3.12/site-packages/airflow/example_dags/example_complex.py took 0.125 seconds
[2025-04-04T15:54:00.585+0000] {processor.py:186} INFO - Started process (PID=926) to work on /home/airflow/.local/lib/python3.12/site-packages/airflow/example_dags/example_complex.py
[2025-04-04T15:54:00.586+0000] {processor.py:914} INFO - Processing file /home/airflow/.local/lib/python3.12/site-packages/airflow/example_dags/example_complex.py for tasks to queue
[2025-04-04T15:54:00.589+0000] {logging_mixin.py:190} INFO - [2025-04-04T15:54:00.589+0000] {dagbag.py:588} INFO - Filling up the DagBag from /home/airflow/.local/lib/python3.12/site-packages/airflow/example_dags/example_complex.py
[2025-04-04T15:54:00.606+0000] {processor.py:925} INFO - DAG(s) 'example_complex' retrieved from /home/airflow/.local/lib/python3.12/site-packages/airflow/example_dags/example_complex.py
[2025-04-04T15:54:00.654+0000] {logging_mixin.py:190} INFO - [2025-04-04T15:54:00.654+0000] {dag.py:3239} INFO - Sync 1 DAGs
[2025-04-04T15:54:00.675+0000] {logging_mixin.py:190} INFO - [2025-04-04T15:54:00.675+0000] {dag.py:4180} INFO - Setting next_dagrun for example_complex to None, run_after=None
[2025-04-04T15:54:00.701+0000] {processor.py:208} INFO - Processing /home/airflow/.local/lib/python3.12/site-packages/airflow/example_dags/example_complex.py took 0.126 seconds
[2025-04-04T15:54:30.896+0000] {processor.py:186} INFO - Started process (PID=990) to work on /home/airflow/.local/lib/python3.12/site-packages/airflow/example_dags/example_complex.py
[2025-04-04T15:54:30.897+0000] {processor.py:914} INFO - Processing file /home/airflow/.local/lib/python3.12/site-packages/airflow/example_dags/example_complex.py for tasks to queue
[2025-04-04T15:54:30.899+0000] {logging_mixin.py:190} INFO - [2025-04-04T15:54:30.899+0000] {dagbag.py:588} INFO - Filling up the DagBag from /home/airflow/.local/lib/python3.12/site-packages/airflow/example_dags/example_complex.py
[2025-04-04T15:54:30.917+0000] {processor.py:925} INFO - DAG(s) 'example_complex' retrieved from /home/airflow/.local/lib/python3.12/site-packages/airflow/example_dags/example_complex.py
[2025-04-04T15:54:30.971+0000] {logging_mixin.py:190} INFO - [2025-04-04T15:54:30.970+0000] {dag.py:3239} INFO - Sync 1 DAGs
[2025-04-04T15:54:30.996+0000] {logging_mixin.py:190} INFO - [2025-04-04T15:54:30.995+0000] {dag.py:4180} INFO - Setting next_dagrun for example_complex to None, run_after=None
[2025-04-04T15:54:31.033+0000] {processor.py:208} INFO - Processing /home/airflow/.local/lib/python3.12/site-packages/airflow/example_dags/example_complex.py took 0.144 seconds
[2025-04-04T15:55:01.390+0000] {processor.py:186} INFO - Started process (PID=1054) to work on /home/airflow/.local/lib/python3.12/site-packages/airflow/example_dags/example_complex.py
[2025-04-04T15:55:01.392+0000] {processor.py:914} INFO - Processing file /home/airflow/.local/lib/python3.12/site-packages/airflow/example_dags/example_complex.py for tasks to queue
[2025-04-04T15:55:01.394+0000] {logging_mixin.py:190} INFO - [2025-04-04T15:55:01.394+0000] {dagbag.py:588} INFO - Filling up the DagBag from /home/airflow/.local/lib/python3.12/site-packages/airflow/example_dags/example_complex.py
[2025-04-04T15:55:01.412+0000] {processor.py:925} INFO - DAG(s) 'example_complex' retrieved from /home/airflow/.local/lib/python3.12/site-packages/airflow/example_dags/example_complex.py
[2025-04-04T15:55:01.467+0000] {logging_mixin.py:190} INFO - [2025-04-04T15:55:01.467+0000] {dag.py:3239} INFO - Sync 1 DAGs
[2025-04-04T15:55:01.489+0000] {logging_mixin.py:190} INFO - [2025-04-04T15:55:01.489+0000] {dag.py:4180} INFO - Setting next_dagrun for example_complex to None, run_after=None
[2025-04-04T15:55:01.521+0000] {processor.py:208} INFO - Processing /home/airflow/.local/lib/python3.12/site-packages/airflow/example_dags/example_complex.py took 0.138 seconds
[2025-04-04T15:55:32.145+0000] {processor.py:186} INFO - Started process (PID=1118) to work on /home/airflow/.local/lib/python3.12/site-packages/airflow/example_dags/example_complex.py
[2025-04-04T15:55:32.146+0000] {processor.py:914} INFO - Processing file /home/airflow/.local/lib/python3.12/site-packages/airflow/example_dags/example_complex.py for tasks to queue
[2025-04-04T15:55:32.150+0000] {logging_mixin.py:190} INFO - [2025-04-04T15:55:32.150+0000] {dagbag.py:588} INFO - Filling up the DagBag from /home/airflow/.local/lib/python3.12/site-packages/airflow/example_dags/example_complex.py
[2025-04-04T15:55:32.179+0000] {processor.py:925} INFO - DAG(s) 'example_complex' retrieved from /home/airflow/.local/lib/python3.12/site-packages/airflow/example_dags/example_complex.py
[2025-04-04T15:55:32.237+0000] {logging_mixin.py:190} INFO - [2025-04-04T15:55:32.236+0000] {dag.py:3239} INFO - Sync 1 DAGs
[2025-04-04T15:55:32.258+0000] {logging_mixin.py:190} INFO - [2025-04-04T15:55:32.257+0000] {dag.py:4180} INFO - Setting next_dagrun for example_complex to None, run_after=None
[2025-04-04T15:55:32.285+0000] {processor.py:208} INFO - Processing /home/airflow/.local/lib/python3.12/site-packages/airflow/example_dags/example_complex.py took 0.151 seconds
[2025-04-04T15:56:03.134+0000] {processor.py:186} INFO - Started process (PID=1182) to work on /home/airflow/.local/lib/python3.12/site-packages/airflow/example_dags/example_complex.py
[2025-04-04T15:56:03.136+0000] {processor.py:914} INFO - Processing file /home/airflow/.local/lib/python3.12/site-packages/airflow/example_dags/example_complex.py for tasks to queue
[2025-04-04T15:56:03.139+0000] {logging_mixin.py:190} INFO - [2025-04-04T15:56:03.139+0000] {dagbag.py:588} INFO - Filling up the DagBag from /home/airflow/.local/lib/python3.12/site-packages/airflow/example_dags/example_complex.py
[2025-04-04T15:56:03.155+0000] {processor.py:925} INFO - DAG(s) 'example_complex' retrieved from /home/airflow/.local/lib/python3.12/site-packages/airflow/example_dags/example_complex.py
[2025-04-04T15:56:03.213+0000] {logging_mixin.py:190} INFO - [2025-04-04T15:56:03.213+0000] {dag.py:3239} INFO - Sync 1 DAGs
[2025-04-04T15:56:03.236+0000] {logging_mixin.py:190} INFO - [2025-04-04T15:56:03.236+0000] {dag.py:4180} INFO - Setting next_dagrun for example_complex to None, run_after=None
[2025-04-04T15:56:03.259+0000] {processor.py:208} INFO - Processing /home/airflow/.local/lib/python3.12/site-packages/airflow/example_dags/example_complex.py took 0.132 seconds
[2025-04-04T15:56:33.711+0000] {processor.py:186} INFO - Started process (PID=1246) to work on /home/airflow/.local/lib/python3.12/site-packages/airflow/example_dags/example_complex.py
[2025-04-04T15:56:33.713+0000] {processor.py:914} INFO - Processing file /home/airflow/.local/lib/python3.12/site-packages/airflow/example_dags/example_complex.py for tasks to queue
[2025-04-04T15:56:33.718+0000] {logging_mixin.py:190} INFO - [2025-04-04T15:56:33.717+0000] {dagbag.py:588} INFO - Filling up the DagBag from /home/airflow/.local/lib/python3.12/site-packages/airflow/example_dags/example_complex.py
[2025-04-04T15:56:33.745+0000] {processor.py:925} INFO - DAG(s) 'example_complex' retrieved from /home/airflow/.local/lib/python3.12/site-packages/airflow/example_dags/example_complex.py
[2025-04-04T15:56:33.823+0000] {logging_mixin.py:190} INFO - [2025-04-04T15:56:33.823+0000] {dag.py:3239} INFO - Sync 1 DAGs
[2025-04-04T15:56:33.868+0000] {logging_mixin.py:190} INFO - [2025-04-04T15:56:33.867+0000] {dag.py:4180} INFO - Setting next_dagrun for example_complex to None, run_after=None
[2025-04-04T15:56:33.908+0000] {processor.py:208} INFO - Processing /home/airflow/.local/lib/python3.12/site-packages/airflow/example_dags/example_complex.py took 0.210 seconds
[2025-04-04T15:57:04.122+0000] {processor.py:186} INFO - Started process (PID=1310) to work on /home/airflow/.local/lib/python3.12/site-packages/airflow/example_dags/example_complex.py
[2025-04-04T15:57:04.123+0000] {processor.py:914} INFO - Processing file /home/airflow/.local/lib/python3.12/site-packages/airflow/example_dags/example_complex.py for tasks to queue
[2025-04-04T15:57:04.127+0000] {logging_mixin.py:190} INFO - [2025-04-04T15:57:04.126+0000] {dagbag.py:588} INFO - Filling up the DagBag from /home/airflow/.local/lib/python3.12/site-packages/airflow/example_dags/example_complex.py
[2025-04-04T15:57:04.153+0000] {processor.py:925} INFO - DAG(s) 'example_complex' retrieved from /home/airflow/.local/lib/python3.12/site-packages/airflow/example_dags/example_complex.py
[2025-04-04T15:57:04.218+0000] {logging_mixin.py:190} INFO - [2025-04-04T15:57:04.218+0000] {dag.py:3239} INFO - Sync 1 DAGs
[2025-04-04T15:57:04.251+0000] {logging_mixin.py:190} INFO - [2025-04-04T15:57:04.251+0000] {dag.py:4180} INFO - Setting next_dagrun for example_complex to None, run_after=None
[2025-04-04T15:57:04.288+0000] {processor.py:208} INFO - Processing /home/airflow/.local/lib/python3.12/site-packages/airflow/example_dags/example_complex.py took 0.175 seconds
[2025-04-04T15:57:35.132+0000] {processor.py:186} INFO - Started process (PID=1374) to work on /home/airflow/.local/lib/python3.12/site-packages/airflow/example_dags/example_complex.py
[2025-04-04T15:57:35.134+0000] {processor.py:914} INFO - Processing file /home/airflow/.local/lib/python3.12/site-packages/airflow/example_dags/example_complex.py for tasks to queue
[2025-04-04T15:57:35.137+0000] {logging_mixin.py:190} INFO - [2025-04-04T15:57:35.136+0000] {dagbag.py:588} INFO - Filling up the DagBag from /home/airflow/.local/lib/python3.12/site-packages/airflow/example_dags/example_complex.py
[2025-04-04T15:57:35.152+0000] {processor.py:925} INFO - DAG(s) 'example_complex' retrieved from /home/airflow/.local/lib/python3.12/site-packages/airflow/example_dags/example_complex.py
[2025-04-04T15:57:35.192+0000] {logging_mixin.py:190} INFO - [2025-04-04T15:57:35.192+0000] {dag.py:3239} INFO - Sync 1 DAGs
[2025-04-04T15:57:35.215+0000] {logging_mixin.py:190} INFO - [2025-04-04T15:57:35.215+0000] {dag.py:4180} INFO - Setting next_dagrun for example_complex to None, run_after=None
[2025-04-04T15:57:35.245+0000] {processor.py:208} INFO - Processing /home/airflow/.local/lib/python3.12/site-packages/airflow/example_dags/example_complex.py took 0.120 seconds
[2025-04-04T15:58:05.395+0000] {processor.py:186} INFO - Started process (PID=1438) to work on /home/airflow/.local/lib/python3.12/site-packages/airflow/example_dags/example_complex.py
[2025-04-04T15:58:05.396+0000] {processor.py:914} INFO - Processing file /home/airflow/.local/lib/python3.12/site-packages/airflow/example_dags/example_complex.py for tasks to queue
[2025-04-04T15:58:05.399+0000] {logging_mixin.py:190} INFO - [2025-04-04T15:58:05.399+0000] {dagbag.py:588} INFO - Filling up the DagBag from /home/airflow/.local/lib/python3.12/site-packages/airflow/example_dags/example_complex.py
[2025-04-04T15:58:05.416+0000] {processor.py:925} INFO - DAG(s) 'example_complex' retrieved from /home/airflow/.local/lib/python3.12/site-packages/airflow/example_dags/example_complex.py
[2025-04-04T15:58:05.472+0000] {logging_mixin.py:190} INFO - [2025-04-04T15:58:05.472+0000] {dag.py:3239} INFO - Sync 1 DAGs
[2025-04-04T15:58:05.501+0000] {logging_mixin.py:190} INFO - [2025-04-04T15:58:05.500+0000] {dag.py:4180} INFO - Setting next_dagrun for example_complex to None, run_after=None
[2025-04-04T15:58:05.533+0000] {processor.py:208} INFO - Processing /home/airflow/.local/lib/python3.12/site-packages/airflow/example_dags/example_complex.py took 0.145 seconds
[2025-04-04T15:58:36.260+0000] {processor.py:186} INFO - Started process (PID=1502) to work on /home/airflow/.local/lib/python3.12/site-packages/airflow/example_dags/example_complex.py
[2025-04-04T15:58:36.261+0000] {processor.py:914} INFO - Processing file /home/airflow/.local/lib/python3.12/site-packages/airflow/example_dags/example_complex.py for tasks to queue
[2025-04-04T15:58:36.265+0000] {logging_mixin.py:190} INFO - [2025-04-04T15:58:36.265+0000] {dagbag.py:588} INFO - Filling up the DagBag from /home/airflow/.local/lib/python3.12/site-packages/airflow/example_dags/example_complex.py
[2025-04-04T15:58:36.286+0000] {processor.py:925} INFO - DAG(s) 'example_complex' retrieved from /home/airflow/.local/lib/python3.12/site-packages/airflow/example_dags/example_complex.py
[2025-04-04T15:58:36.329+0000] {logging_mixin.py:190} INFO - [2025-04-04T15:58:36.329+0000] {dag.py:3239} INFO - Sync 1 DAGs
[2025-04-04T15:58:36.350+0000] {logging_mixin.py:190} INFO - [2025-04-04T15:58:36.350+0000] {dag.py:4180} INFO - Setting next_dagrun for example_complex to None, run_after=None
[2025-04-04T15:58:36.374+0000] {processor.py:208} INFO - Processing /home/airflow/.local/lib/python3.12/site-packages/airflow/example_dags/example_complex.py took 0.123 seconds
[2025-04-04T16:00:52.571+0000] {processor.py:186} INFO - Started process (PID=95) to work on /home/airflow/.local/lib/python3.12/site-packages/airflow/example_dags/example_complex.py
[2025-04-04T16:00:52.572+0000] {processor.py:914} INFO - Processing file /home/airflow/.local/lib/python3.12/site-packages/airflow/example_dags/example_complex.py for tasks to queue
[2025-04-04T16:00:52.576+0000] {logging_mixin.py:190} INFO - [2025-04-04T16:00:52.576+0000] {dagbag.py:588} INFO - Filling up the DagBag from /home/airflow/.local/lib/python3.12/site-packages/airflow/example_dags/example_complex.py
[2025-04-04T16:00:52.608+0000] {processor.py:925} INFO - DAG(s) 'example_complex' retrieved from /home/airflow/.local/lib/python3.12/site-packages/airflow/example_dags/example_complex.py
[2025-04-04T16:00:52.715+0000] {logging_mixin.py:190} INFO - [2025-04-04T16:00:52.715+0000] {dag.py:3239} INFO - Sync 1 DAGs
[2025-04-04T16:00:52.746+0000] {logging_mixin.py:190} INFO - [2025-04-04T16:00:52.746+0000] {dag.py:4180} INFO - Setting next_dagrun for example_complex to None, run_after=None
[2025-04-04T16:00:52.781+0000] {processor.py:208} INFO - Processing /home/airflow/.local/lib/python3.12/site-packages/airflow/example_dags/example_complex.py took 0.222 seconds
[2025-04-04T16:01:23.227+0000] {processor.py:186} INFO - Started process (PID=158) to work on /home/airflow/.local/lib/python3.12/site-packages/airflow/example_dags/example_complex.py
[2025-04-04T16:01:23.228+0000] {processor.py:914} INFO - Processing file /home/airflow/.local/lib/python3.12/site-packages/airflow/example_dags/example_complex.py for tasks to queue
[2025-04-04T16:01:23.231+0000] {logging_mixin.py:190} INFO - [2025-04-04T16:01:23.231+0000] {dagbag.py:588} INFO - Filling up the DagBag from /home/airflow/.local/lib/python3.12/site-packages/airflow/example_dags/example_complex.py
[2025-04-04T16:01:23.248+0000] {processor.py:925} INFO - DAG(s) 'example_complex' retrieved from /home/airflow/.local/lib/python3.12/site-packages/airflow/example_dags/example_complex.py
[2025-04-04T16:01:23.305+0000] {logging_mixin.py:190} INFO - [2025-04-04T16:01:23.304+0000] {dag.py:3239} INFO - Sync 1 DAGs
[2025-04-04T16:01:23.326+0000] {logging_mixin.py:190} INFO - [2025-04-04T16:01:23.325+0000] {dag.py:4180} INFO - Setting next_dagrun for example_complex to None, run_after=None
[2025-04-04T16:01:23.350+0000] {processor.py:208} INFO - Processing /home/airflow/.local/lib/python3.12/site-packages/airflow/example_dags/example_complex.py took 0.133 seconds
[2025-04-04T16:01:54.183+0000] {processor.py:186} INFO - Started process (PID=222) to work on /home/airflow/.local/lib/python3.12/site-packages/airflow/example_dags/example_complex.py
[2025-04-04T16:01:54.184+0000] {processor.py:914} INFO - Processing file /home/airflow/.local/lib/python3.12/site-packages/airflow/example_dags/example_complex.py for tasks to queue
[2025-04-04T16:01:54.188+0000] {logging_mixin.py:190} INFO - [2025-04-04T16:01:54.187+0000] {dagbag.py:588} INFO - Filling up the DagBag from /home/airflow/.local/lib/python3.12/site-packages/airflow/example_dags/example_complex.py
[2025-04-04T16:01:54.203+0000] {processor.py:925} INFO - DAG(s) 'example_complex' retrieved from /home/airflow/.local/lib/python3.12/site-packages/airflow/example_dags/example_complex.py
[2025-04-04T16:01:54.257+0000] {logging_mixin.py:190} INFO - [2025-04-04T16:01:54.256+0000] {dag.py:3239} INFO - Sync 1 DAGs
[2025-04-04T16:01:54.278+0000] {logging_mixin.py:190} INFO - [2025-04-04T16:01:54.277+0000] {dag.py:4180} INFO - Setting next_dagrun for example_complex to None, run_after=None
[2025-04-04T16:01:54.306+0000] {processor.py:208} INFO - Processing /home/airflow/.local/lib/python3.12/site-packages/airflow/example_dags/example_complex.py took 0.131 seconds
[2025-04-04T16:02:24.524+0000] {processor.py:186} INFO - Started process (PID=285) to work on /home/airflow/.local/lib/python3.12/site-packages/airflow/example_dags/example_complex.py
[2025-04-04T16:02:24.525+0000] {processor.py:914} INFO - Processing file /home/airflow/.local/lib/python3.12/site-packages/airflow/example_dags/example_complex.py for tasks to queue
[2025-04-04T16:02:24.529+0000] {logging_mixin.py:190} INFO - [2025-04-04T16:02:24.528+0000] {dagbag.py:588} INFO - Filling up the DagBag from /home/airflow/.local/lib/python3.12/site-packages/airflow/example_dags/example_complex.py
[2025-04-04T16:02:24.550+0000] {processor.py:925} INFO - DAG(s) 'example_complex' retrieved from /home/airflow/.local/lib/python3.12/site-packages/airflow/example_dags/example_complex.py
[2025-04-04T16:02:24.625+0000] {logging_mixin.py:190} INFO - [2025-04-04T16:02:24.624+0000] {dag.py:3239} INFO - Sync 1 DAGs
[2025-04-04T16:02:24.655+0000] {logging_mixin.py:190} INFO - [2025-04-04T16:02:24.654+0000] {dag.py:4180} INFO - Setting next_dagrun for example_complex to None, run_after=None
[2025-04-04T16:02:24.695+0000] {processor.py:208} INFO - Processing /home/airflow/.local/lib/python3.12/site-packages/airflow/example_dags/example_complex.py took 0.179 seconds
