[2025-04-04T15:44:19.039+0000] {processor.py:186} INFO - Started process (PID=105) to work on /home/airflow/.local/lib/python3.12/site-packages/airflow/example_dags/example_branch_labels.py
[2025-04-04T15:44:19.041+0000] {processor.py:914} INFO - Processing file /home/airflow/.local/lib/python3.12/site-packages/airflow/example_dags/example_branch_labels.py for tasks to queue
[2025-04-04T15:44:19.047+0000] {logging_mixin.py:190} INFO - [2025-04-04T15:44:19.046+0000] {dagbag.py:588} INFO - Filling up the DagBag from /home/airflow/.local/lib/python3.12/site-packages/airflow/example_dags/example_branch_labels.py
[2025-04-04T15:44:19.078+0000] {processor.py:925} INFO - DAG(s) 'example_branch_labels' retrieved from /home/airflow/.local/lib/python3.12/site-packages/airflow/example_dags/example_branch_labels.py
[2025-04-04T15:44:19.341+0000] {logging_mixin.py:190} INFO - [2025-04-04T15:44:19.339+0000] {override.py:1912} INFO - Created Permission View: can edit on DAG:example_branch_labels
[2025-04-04T15:44:19.365+0000] {logging_mixin.py:190} INFO - [2025-04-04T15:44:19.364+0000] {override.py:1912} INFO - Created Permission View: can read on DAG:example_branch_labels
[2025-04-04T15:44:19.378+0000] {logging_mixin.py:190} INFO - [2025-04-04T15:44:19.378+0000] {override.py:1912} INFO - Created Permission View: can delete on DAG:example_branch_labels
[2025-04-04T15:44:19.393+0000] {logging_mixin.py:190} INFO - [2025-04-04T15:44:19.393+0000] {override.py:1912} INFO - Created Permission View: menu access on DAG Run:example_branch_labels
[2025-04-04T15:44:19.402+0000] {logging_mixin.py:190} INFO - [2025-04-04T15:44:19.401+0000] {override.py:1912} INFO - Created Permission View: can read on DAG Run:example_branch_labels
[2025-04-04T15:44:19.412+0000] {logging_mixin.py:190} INFO - [2025-04-04T15:44:19.412+0000] {override.py:1912} INFO - Created Permission View: can create on DAG Run:example_branch_labels
[2025-04-04T15:44:19.423+0000] {logging_mixin.py:190} INFO - [2025-04-04T15:44:19.423+0000] {override.py:1912} INFO - Created Permission View: can delete on DAG Run:example_branch_labels
[2025-04-04T15:44:19.424+0000] {logging_mixin.py:190} INFO - [2025-04-04T15:44:19.424+0000] {dag.py:3239} INFO - Sync 1 DAGs
[2025-04-04T15:44:19.448+0000] {logging_mixin.py:190} INFO - [2025-04-04T15:44:19.448+0000] {dag.py:3262} INFO - Creating ORM DAG for example_branch_labels
[2025-04-04T15:44:19.466+0000] {logging_mixin.py:190} INFO - [2025-04-04T15:44:19.465+0000] {dag.py:4180} INFO - Setting next_dagrun for example_branch_labels to 2025-04-03 00:00:00+00:00, run_after=2025-04-04 00:00:00+00:00
[2025-04-04T15:44:19.491+0000] {processor.py:208} INFO - Processing /home/airflow/.local/lib/python3.12/site-packages/airflow/example_dags/example_branch_labels.py took 0.462 seconds
[2025-04-04T15:44:50.113+0000] {processor.py:186} INFO - Started process (PID=167) to work on /home/airflow/.local/lib/python3.12/site-packages/airflow/example_dags/example_branch_labels.py
[2025-04-04T15:44:50.115+0000] {processor.py:914} INFO - Processing file /home/airflow/.local/lib/python3.12/site-packages/airflow/example_dags/example_branch_labels.py for tasks to queue
[2025-04-04T15:44:50.120+0000] {logging_mixin.py:190} INFO - [2025-04-04T15:44:50.119+0000] {dagbag.py:588} INFO - Filling up the DagBag from /home/airflow/.local/lib/python3.12/site-packages/airflow/example_dags/example_branch_labels.py
[2025-04-04T15:44:50.143+0000] {processor.py:925} INFO - DAG(s) 'example_branch_labels' retrieved from /home/airflow/.local/lib/python3.12/site-packages/airflow/example_dags/example_branch_labels.py
[2025-04-04T15:44:50.192+0000] {logging_mixin.py:190} INFO - [2025-04-04T15:44:50.192+0000] {dag.py:3239} INFO - Sync 1 DAGs
[2025-04-04T15:44:50.241+0000] {logging_mixin.py:190} INFO - [2025-04-04T15:44:50.241+0000] {dag.py:4180} INFO - Setting next_dagrun for example_branch_labels to 2025-04-03 00:00:00+00:00, run_after=2025-04-04 00:00:00+00:00
[2025-04-04T15:44:50.267+0000] {processor.py:208} INFO - Processing /home/airflow/.local/lib/python3.12/site-packages/airflow/example_dags/example_branch_labels.py took 0.175 seconds
[2025-04-04T15:45:20.326+0000] {processor.py:186} INFO - Started process (PID=229) to work on /home/airflow/.local/lib/python3.12/site-packages/airflow/example_dags/example_branch_labels.py
[2025-04-04T15:45:20.328+0000] {processor.py:914} INFO - Processing file /home/airflow/.local/lib/python3.12/site-packages/airflow/example_dags/example_branch_labels.py for tasks to queue
[2025-04-04T15:45:20.331+0000] {logging_mixin.py:190} INFO - [2025-04-04T15:45:20.331+0000] {dagbag.py:588} INFO - Filling up the DagBag from /home/airflow/.local/lib/python3.12/site-packages/airflow/example_dags/example_branch_labels.py
[2025-04-04T15:45:20.350+0000] {processor.py:925} INFO - DAG(s) 'example_branch_labels' retrieved from /home/airflow/.local/lib/python3.12/site-packages/airflow/example_dags/example_branch_labels.py
[2025-04-04T15:45:20.455+0000] {logging_mixin.py:190} INFO - [2025-04-04T15:45:20.454+0000] {dag.py:3239} INFO - Sync 1 DAGs
[2025-04-04T15:45:20.573+0000] {logging_mixin.py:190} INFO - [2025-04-04T15:45:20.571+0000] {dag.py:4180} INFO - Setting next_dagrun for example_branch_labels to 2025-04-03 00:00:00+00:00, run_after=2025-04-04 00:00:00+00:00
[2025-04-04T15:45:20.677+0000] {processor.py:208} INFO - Processing /home/airflow/.local/lib/python3.12/site-packages/airflow/example_dags/example_branch_labels.py took 0.363 seconds
[2025-04-04T15:45:51.148+0000] {processor.py:186} INFO - Started process (PID=291) to work on /home/airflow/.local/lib/python3.12/site-packages/airflow/example_dags/example_branch_labels.py
[2025-04-04T15:45:51.149+0000] {processor.py:914} INFO - Processing file /home/airflow/.local/lib/python3.12/site-packages/airflow/example_dags/example_branch_labels.py for tasks to queue
[2025-04-04T15:45:51.152+0000] {logging_mixin.py:190} INFO - [2025-04-04T15:45:51.152+0000] {dagbag.py:588} INFO - Filling up the DagBag from /home/airflow/.local/lib/python3.12/site-packages/airflow/example_dags/example_branch_labels.py
[2025-04-04T15:45:51.164+0000] {processor.py:925} INFO - DAG(s) 'example_branch_labels' retrieved from /home/airflow/.local/lib/python3.12/site-packages/airflow/example_dags/example_branch_labels.py
[2025-04-04T15:45:51.192+0000] {logging_mixin.py:190} INFO - [2025-04-04T15:45:51.192+0000] {dag.py:3239} INFO - Sync 1 DAGs
[2025-04-04T15:45:51.224+0000] {logging_mixin.py:190} INFO - [2025-04-04T15:45:51.224+0000] {dag.py:4180} INFO - Setting next_dagrun for example_branch_labels to 2025-04-03 00:00:00+00:00, run_after=2025-04-04 00:00:00+00:00
[2025-04-04T15:45:51.248+0000] {processor.py:208} INFO - Processing /home/airflow/.local/lib/python3.12/site-packages/airflow/example_dags/example_branch_labels.py took 0.108 seconds
[2025-04-04T15:47:23.083+0000] {processor.py:186} INFO - Started process (PID=99) to work on /home/airflow/.local/lib/python3.12/site-packages/airflow/example_dags/example_branch_labels.py
[2025-04-04T15:47:23.085+0000] {processor.py:914} INFO - Processing file /home/airflow/.local/lib/python3.12/site-packages/airflow/example_dags/example_branch_labels.py for tasks to queue
[2025-04-04T15:47:23.089+0000] {logging_mixin.py:190} INFO - [2025-04-04T15:47:23.088+0000] {dagbag.py:588} INFO - Filling up the DagBag from /home/airflow/.local/lib/python3.12/site-packages/airflow/example_dags/example_branch_labels.py
[2025-04-04T15:47:23.107+0000] {processor.py:925} INFO - DAG(s) 'example_branch_labels' retrieved from /home/airflow/.local/lib/python3.12/site-packages/airflow/example_dags/example_branch_labels.py
[2025-04-04T15:47:23.147+0000] {logging_mixin.py:190} INFO - [2025-04-04T15:47:23.147+0000] {dag.py:3239} INFO - Sync 1 DAGs
[2025-04-04T15:47:23.195+0000] {logging_mixin.py:190} INFO - [2025-04-04T15:47:23.194+0000] {dag.py:4180} INFO - Setting next_dagrun for example_branch_labels to 2025-04-03 00:00:00+00:00, run_after=2025-04-04 00:00:00+00:00
[2025-04-04T15:47:23.229+0000] {processor.py:208} INFO - Processing /home/airflow/.local/lib/python3.12/site-packages/airflow/example_dags/example_branch_labels.py took 0.156 seconds
[2025-04-04T15:47:53.489+0000] {processor.py:186} INFO - Started process (PID=162) to work on /home/airflow/.local/lib/python3.12/site-packages/airflow/example_dags/example_branch_labels.py
[2025-04-04T15:47:53.490+0000] {processor.py:914} INFO - Processing file /home/airflow/.local/lib/python3.12/site-packages/airflow/example_dags/example_branch_labels.py for tasks to queue
[2025-04-04T15:47:53.492+0000] {logging_mixin.py:190} INFO - [2025-04-04T15:47:53.492+0000] {dagbag.py:588} INFO - Filling up the DagBag from /home/airflow/.local/lib/python3.12/site-packages/airflow/example_dags/example_branch_labels.py
[2025-04-04T15:47:53.505+0000] {processor.py:925} INFO - DAG(s) 'example_branch_labels' retrieved from /home/airflow/.local/lib/python3.12/site-packages/airflow/example_dags/example_branch_labels.py
[2025-04-04T15:47:53.536+0000] {logging_mixin.py:190} INFO - [2025-04-04T15:47:53.536+0000] {dag.py:3239} INFO - Sync 1 DAGs
[2025-04-04T15:47:53.582+0000] {logging_mixin.py:190} INFO - [2025-04-04T15:47:53.582+0000] {dag.py:4180} INFO - Setting next_dagrun for example_branch_labels to 2025-04-03 00:00:00+00:00, run_after=2025-04-04 00:00:00+00:00
[2025-04-04T15:47:53.611+0000] {processor.py:208} INFO - Processing /home/airflow/.local/lib/python3.12/site-packages/airflow/example_dags/example_branch_labels.py took 0.131 seconds
[2025-04-04T15:48:23.726+0000] {processor.py:186} INFO - Started process (PID=225) to work on /home/airflow/.local/lib/python3.12/site-packages/airflow/example_dags/example_branch_labels.py
[2025-04-04T15:48:23.727+0000] {processor.py:914} INFO - Processing file /home/airflow/.local/lib/python3.12/site-packages/airflow/example_dags/example_branch_labels.py for tasks to queue
[2025-04-04T15:48:23.731+0000] {logging_mixin.py:190} INFO - [2025-04-04T15:48:23.730+0000] {dagbag.py:588} INFO - Filling up the DagBag from /home/airflow/.local/lib/python3.12/site-packages/airflow/example_dags/example_branch_labels.py
[2025-04-04T15:48:23.749+0000] {processor.py:925} INFO - DAG(s) 'example_branch_labels' retrieved from /home/airflow/.local/lib/python3.12/site-packages/airflow/example_dags/example_branch_labels.py
[2025-04-04T15:48:23.777+0000] {logging_mixin.py:190} INFO - [2025-04-04T15:48:23.777+0000] {dag.py:3239} INFO - Sync 1 DAGs
[2025-04-04T15:48:23.812+0000] {logging_mixin.py:190} INFO - [2025-04-04T15:48:23.812+0000] {dag.py:4180} INFO - Setting next_dagrun for example_branch_labels to 2025-04-03 00:00:00+00:00, run_after=2025-04-04 00:00:00+00:00
[2025-04-04T15:48:23.840+0000] {processor.py:208} INFO - Processing /home/airflow/.local/lib/python3.12/site-packages/airflow/example_dags/example_branch_labels.py took 0.125 seconds
[2025-04-04T15:48:54.411+0000] {processor.py:186} INFO - Started process (PID=288) to work on /home/airflow/.local/lib/python3.12/site-packages/airflow/example_dags/example_branch_labels.py
[2025-04-04T15:48:54.416+0000] {processor.py:914} INFO - Processing file /home/airflow/.local/lib/python3.12/site-packages/airflow/example_dags/example_branch_labels.py for tasks to queue
[2025-04-04T15:48:54.420+0000] {logging_mixin.py:190} INFO - [2025-04-04T15:48:54.419+0000] {dagbag.py:588} INFO - Filling up the DagBag from /home/airflow/.local/lib/python3.12/site-packages/airflow/example_dags/example_branch_labels.py
[2025-04-04T15:48:54.440+0000] {processor.py:925} INFO - DAG(s) 'example_branch_labels' retrieved from /home/airflow/.local/lib/python3.12/site-packages/airflow/example_dags/example_branch_labels.py
[2025-04-04T15:48:54.487+0000] {logging_mixin.py:190} INFO - [2025-04-04T15:48:54.487+0000] {dag.py:3239} INFO - Sync 1 DAGs
[2025-04-04T15:48:54.551+0000] {logging_mixin.py:190} INFO - [2025-04-04T15:48:54.551+0000] {dag.py:4180} INFO - Setting next_dagrun for example_branch_labels to 2025-04-03 00:00:00+00:00, run_after=2025-04-04 00:00:00+00:00
[2025-04-04T15:48:54.589+0000] {processor.py:208} INFO - Processing /home/airflow/.local/lib/python3.12/site-packages/airflow/example_dags/example_branch_labels.py took 0.195 seconds
[2025-04-04T15:49:25.401+0000] {processor.py:186} INFO - Started process (PID=352) to work on /home/airflow/.local/lib/python3.12/site-packages/airflow/example_dags/example_branch_labels.py
[2025-04-04T15:49:25.402+0000] {processor.py:914} INFO - Processing file /home/airflow/.local/lib/python3.12/site-packages/airflow/example_dags/example_branch_labels.py for tasks to queue
[2025-04-04T15:49:25.406+0000] {logging_mixin.py:190} INFO - [2025-04-04T15:49:25.405+0000] {dagbag.py:588} INFO - Filling up the DagBag from /home/airflow/.local/lib/python3.12/site-packages/airflow/example_dags/example_branch_labels.py
[2025-04-04T15:49:25.419+0000] {processor.py:925} INFO - DAG(s) 'example_branch_labels' retrieved from /home/airflow/.local/lib/python3.12/site-packages/airflow/example_dags/example_branch_labels.py
[2025-04-04T15:49:25.450+0000] {logging_mixin.py:190} INFO - [2025-04-04T15:49:25.450+0000] {dag.py:3239} INFO - Sync 1 DAGs
[2025-04-04T15:49:25.498+0000] {logging_mixin.py:190} INFO - [2025-04-04T15:49:25.498+0000] {dag.py:4180} INFO - Setting next_dagrun for example_branch_labels to 2025-04-03 00:00:00+00:00, run_after=2025-04-04 00:00:00+00:00
[2025-04-04T15:49:25.529+0000] {processor.py:208} INFO - Processing /home/airflow/.local/lib/python3.12/site-packages/airflow/example_dags/example_branch_labels.py took 0.135 seconds
[2025-04-04T15:49:55.616+0000] {processor.py:186} INFO - Started process (PID=416) to work on /home/airflow/.local/lib/python3.12/site-packages/airflow/example_dags/example_branch_labels.py
[2025-04-04T15:49:55.617+0000] {processor.py:914} INFO - Processing file /home/airflow/.local/lib/python3.12/site-packages/airflow/example_dags/example_branch_labels.py for tasks to queue
[2025-04-04T15:49:55.619+0000] {logging_mixin.py:190} INFO - [2025-04-04T15:49:55.619+0000] {dagbag.py:588} INFO - Filling up the DagBag from /home/airflow/.local/lib/python3.12/site-packages/airflow/example_dags/example_branch_labels.py
[2025-04-04T15:49:55.631+0000] {processor.py:925} INFO - DAG(s) 'example_branch_labels' retrieved from /home/airflow/.local/lib/python3.12/site-packages/airflow/example_dags/example_branch_labels.py
[2025-04-04T15:49:55.655+0000] {logging_mixin.py:190} INFO - [2025-04-04T15:49:55.655+0000] {dag.py:3239} INFO - Sync 1 DAGs
[2025-04-04T15:49:55.686+0000] {logging_mixin.py:190} INFO - [2025-04-04T15:49:55.686+0000] {dag.py:4180} INFO - Setting next_dagrun for example_branch_labels to 2025-04-03 00:00:00+00:00, run_after=2025-04-04 00:00:00+00:00
[2025-04-04T15:49:55.711+0000] {processor.py:208} INFO - Processing /home/airflow/.local/lib/python3.12/site-packages/airflow/example_dags/example_branch_labels.py took 0.103 seconds
[2025-04-04T15:50:25.934+0000] {processor.py:186} INFO - Started process (PID=479) to work on /home/airflow/.local/lib/python3.12/site-packages/airflow/example_dags/example_branch_labels.py
[2025-04-04T15:50:25.937+0000] {processor.py:914} INFO - Processing file /home/airflow/.local/lib/python3.12/site-packages/airflow/example_dags/example_branch_labels.py for tasks to queue
[2025-04-04T15:50:25.941+0000] {logging_mixin.py:190} INFO - [2025-04-04T15:50:25.940+0000] {dagbag.py:588} INFO - Filling up the DagBag from /home/airflow/.local/lib/python3.12/site-packages/airflow/example_dags/example_branch_labels.py
[2025-04-04T15:50:25.956+0000] {processor.py:925} INFO - DAG(s) 'example_branch_labels' retrieved from /home/airflow/.local/lib/python3.12/site-packages/airflow/example_dags/example_branch_labels.py
[2025-04-04T15:50:25.983+0000] {logging_mixin.py:190} INFO - [2025-04-04T15:50:25.983+0000] {dag.py:3239} INFO - Sync 1 DAGs
[2025-04-04T15:50:26.025+0000] {logging_mixin.py:190} INFO - [2025-04-04T15:50:26.025+0000] {dag.py:4180} INFO - Setting next_dagrun for example_branch_labels to 2025-04-03 00:00:00+00:00, run_after=2025-04-04 00:00:00+00:00
[2025-04-04T15:50:26.052+0000] {processor.py:208} INFO - Processing /home/airflow/.local/lib/python3.12/site-packages/airflow/example_dags/example_branch_labels.py took 0.130 seconds
[2025-04-04T15:50:56.218+0000] {processor.py:186} INFO - Started process (PID=543) to work on /home/airflow/.local/lib/python3.12/site-packages/airflow/example_dags/example_branch_labels.py
[2025-04-04T15:50:56.219+0000] {processor.py:914} INFO - Processing file /home/airflow/.local/lib/python3.12/site-packages/airflow/example_dags/example_branch_labels.py for tasks to queue
[2025-04-04T15:50:56.222+0000] {logging_mixin.py:190} INFO - [2025-04-04T15:50:56.221+0000] {dagbag.py:588} INFO - Filling up the DagBag from /home/airflow/.local/lib/python3.12/site-packages/airflow/example_dags/example_branch_labels.py
[2025-04-04T15:50:56.238+0000] {processor.py:925} INFO - DAG(s) 'example_branch_labels' retrieved from /home/airflow/.local/lib/python3.12/site-packages/airflow/example_dags/example_branch_labels.py
[2025-04-04T15:50:56.270+0000] {logging_mixin.py:190} INFO - [2025-04-04T15:50:56.269+0000] {dag.py:3239} INFO - Sync 1 DAGs
[2025-04-04T15:50:56.302+0000] {logging_mixin.py:190} INFO - [2025-04-04T15:50:56.301+0000] {dag.py:4180} INFO - Setting next_dagrun for example_branch_labels to 2025-04-03 00:00:00+00:00, run_after=2025-04-04 00:00:00+00:00
[2025-04-04T15:50:56.327+0000] {processor.py:208} INFO - Processing /home/airflow/.local/lib/python3.12/site-packages/airflow/example_dags/example_branch_labels.py took 0.116 seconds
[2025-04-04T15:51:27.198+0000] {processor.py:186} INFO - Started process (PID=607) to work on /home/airflow/.local/lib/python3.12/site-packages/airflow/example_dags/example_branch_labels.py
[2025-04-04T15:51:27.199+0000] {processor.py:914} INFO - Processing file /home/airflow/.local/lib/python3.12/site-packages/airflow/example_dags/example_branch_labels.py for tasks to queue
[2025-04-04T15:51:27.201+0000] {logging_mixin.py:190} INFO - [2025-04-04T15:51:27.201+0000] {dagbag.py:588} INFO - Filling up the DagBag from /home/airflow/.local/lib/python3.12/site-packages/airflow/example_dags/example_branch_labels.py
[2025-04-04T15:51:27.214+0000] {processor.py:925} INFO - DAG(s) 'example_branch_labels' retrieved from /home/airflow/.local/lib/python3.12/site-packages/airflow/example_dags/example_branch_labels.py
[2025-04-04T15:51:27.243+0000] {logging_mixin.py:190} INFO - [2025-04-04T15:51:27.243+0000] {dag.py:3239} INFO - Sync 1 DAGs
[2025-04-04T15:51:27.277+0000] {logging_mixin.py:190} INFO - [2025-04-04T15:51:27.276+0000] {dag.py:4180} INFO - Setting next_dagrun for example_branch_labels to 2025-04-03 00:00:00+00:00, run_after=2025-04-04 00:00:00+00:00
[2025-04-04T15:51:27.300+0000] {processor.py:208} INFO - Processing /home/airflow/.local/lib/python3.12/site-packages/airflow/example_dags/example_branch_labels.py took 0.109 seconds
[2025-04-04T15:51:57.493+0000] {processor.py:186} INFO - Started process (PID=671) to work on /home/airflow/.local/lib/python3.12/site-packages/airflow/example_dags/example_branch_labels.py
[2025-04-04T15:51:57.494+0000] {processor.py:914} INFO - Processing file /home/airflow/.local/lib/python3.12/site-packages/airflow/example_dags/example_branch_labels.py for tasks to queue
[2025-04-04T15:51:57.505+0000] {logging_mixin.py:190} INFO - [2025-04-04T15:51:57.504+0000] {dagbag.py:588} INFO - Filling up the DagBag from /home/airflow/.local/lib/python3.12/site-packages/airflow/example_dags/example_branch_labels.py
[2025-04-04T15:51:57.528+0000] {processor.py:925} INFO - DAG(s) 'example_branch_labels' retrieved from /home/airflow/.local/lib/python3.12/site-packages/airflow/example_dags/example_branch_labels.py
[2025-04-04T15:51:57.570+0000] {logging_mixin.py:190} INFO - [2025-04-04T15:51:57.569+0000] {dag.py:3239} INFO - Sync 1 DAGs
[2025-04-04T15:51:57.604+0000] {logging_mixin.py:190} INFO - [2025-04-04T15:51:57.603+0000] {dag.py:4180} INFO - Setting next_dagrun for example_branch_labels to 2025-04-03 00:00:00+00:00, run_after=2025-04-04 00:00:00+00:00
[2025-04-04T15:51:57.627+0000] {processor.py:208} INFO - Processing /home/airflow/.local/lib/python3.12/site-packages/airflow/example_dags/example_branch_labels.py took 0.150 seconds
[2025-04-04T15:52:28.485+0000] {processor.py:186} INFO - Started process (PID=735) to work on /home/airflow/.local/lib/python3.12/site-packages/airflow/example_dags/example_branch_labels.py
[2025-04-04T15:52:28.486+0000] {processor.py:914} INFO - Processing file /home/airflow/.local/lib/python3.12/site-packages/airflow/example_dags/example_branch_labels.py for tasks to queue
[2025-04-04T15:52:28.490+0000] {logging_mixin.py:190} INFO - [2025-04-04T15:52:28.489+0000] {dagbag.py:588} INFO - Filling up the DagBag from /home/airflow/.local/lib/python3.12/site-packages/airflow/example_dags/example_branch_labels.py
[2025-04-04T15:52:28.506+0000] {processor.py:925} INFO - DAG(s) 'example_branch_labels' retrieved from /home/airflow/.local/lib/python3.12/site-packages/airflow/example_dags/example_branch_labels.py
[2025-04-04T15:52:28.540+0000] {logging_mixin.py:190} INFO - [2025-04-04T15:52:28.539+0000] {dag.py:3239} INFO - Sync 1 DAGs
[2025-04-04T15:52:28.577+0000] {logging_mixin.py:190} INFO - [2025-04-04T15:52:28.576+0000] {dag.py:4180} INFO - Setting next_dagrun for example_branch_labels to 2025-04-03 00:00:00+00:00, run_after=2025-04-04 00:00:00+00:00
[2025-04-04T15:52:28.599+0000] {processor.py:208} INFO - Processing /home/airflow/.local/lib/python3.12/site-packages/airflow/example_dags/example_branch_labels.py took 0.123 seconds
[2025-04-04T15:52:59.663+0000] {processor.py:186} INFO - Started process (PID=799) to work on /home/airflow/.local/lib/python3.12/site-packages/airflow/example_dags/example_branch_labels.py
[2025-04-04T15:52:59.667+0000] {processor.py:914} INFO - Processing file /home/airflow/.local/lib/python3.12/site-packages/airflow/example_dags/example_branch_labels.py for tasks to queue
[2025-04-04T15:52:59.671+0000] {logging_mixin.py:190} INFO - [2025-04-04T15:52:59.670+0000] {dagbag.py:588} INFO - Filling up the DagBag from /home/airflow/.local/lib/python3.12/site-packages/airflow/example_dags/example_branch_labels.py
[2025-04-04T15:52:59.690+0000] {processor.py:925} INFO - DAG(s) 'example_branch_labels' retrieved from /home/airflow/.local/lib/python3.12/site-packages/airflow/example_dags/example_branch_labels.py
[2025-04-04T15:52:59.732+0000] {logging_mixin.py:190} INFO - [2025-04-04T15:52:59.732+0000] {dag.py:3239} INFO - Sync 1 DAGs
[2025-04-04T15:52:59.789+0000] {logging_mixin.py:190} INFO - [2025-04-04T15:52:59.789+0000] {dag.py:4180} INFO - Setting next_dagrun for example_branch_labels to 2025-04-03 00:00:00+00:00, run_after=2025-04-04 00:00:00+00:00
[2025-04-04T15:52:59.833+0000] {processor.py:208} INFO - Processing /home/airflow/.local/lib/python3.12/site-packages/airflow/example_dags/example_branch_labels.py took 0.181 seconds
[2025-04-04T15:53:30.035+0000] {processor.py:186} INFO - Started process (PID=863) to work on /home/airflow/.local/lib/python3.12/site-packages/airflow/example_dags/example_branch_labels.py
[2025-04-04T15:53:30.037+0000] {processor.py:914} INFO - Processing file /home/airflow/.local/lib/python3.12/site-packages/airflow/example_dags/example_branch_labels.py for tasks to queue
[2025-04-04T15:53:30.039+0000] {logging_mixin.py:190} INFO - [2025-04-04T15:53:30.039+0000] {dagbag.py:588} INFO - Filling up the DagBag from /home/airflow/.local/lib/python3.12/site-packages/airflow/example_dags/example_branch_labels.py
[2025-04-04T15:53:30.054+0000] {processor.py:925} INFO - DAG(s) 'example_branch_labels' retrieved from /home/airflow/.local/lib/python3.12/site-packages/airflow/example_dags/example_branch_labels.py
[2025-04-04T15:53:30.082+0000] {logging_mixin.py:190} INFO - [2025-04-04T15:53:30.081+0000] {dag.py:3239} INFO - Sync 1 DAGs
[2025-04-04T15:53:30.119+0000] {logging_mixin.py:190} INFO - [2025-04-04T15:53:30.118+0000] {dag.py:4180} INFO - Setting next_dagrun for example_branch_labels to 2025-04-03 00:00:00+00:00, run_after=2025-04-04 00:00:00+00:00
[2025-04-04T15:53:30.147+0000] {processor.py:208} INFO - Processing /home/airflow/.local/lib/python3.12/site-packages/airflow/example_dags/example_branch_labels.py took 0.121 seconds
[2025-04-04T15:54:00.604+0000] {processor.py:186} INFO - Started process (PID=927) to work on /home/airflow/.local/lib/python3.12/site-packages/airflow/example_dags/example_branch_labels.py
[2025-04-04T15:54:00.604+0000] {processor.py:914} INFO - Processing file /home/airflow/.local/lib/python3.12/site-packages/airflow/example_dags/example_branch_labels.py for tasks to queue
[2025-04-04T15:54:00.608+0000] {logging_mixin.py:190} INFO - [2025-04-04T15:54:00.607+0000] {dagbag.py:588} INFO - Filling up the DagBag from /home/airflow/.local/lib/python3.12/site-packages/airflow/example_dags/example_branch_labels.py
[2025-04-04T15:54:00.624+0000] {processor.py:925} INFO - DAG(s) 'example_branch_labels' retrieved from /home/airflow/.local/lib/python3.12/site-packages/airflow/example_dags/example_branch_labels.py
[2025-04-04T15:54:00.650+0000] {logging_mixin.py:190} INFO - [2025-04-04T15:54:00.650+0000] {dag.py:3239} INFO - Sync 1 DAGs
[2025-04-04T15:54:00.684+0000] {logging_mixin.py:190} INFO - [2025-04-04T15:54:00.684+0000] {dag.py:4180} INFO - Setting next_dagrun for example_branch_labels to 2025-04-03 00:00:00+00:00, run_after=2025-04-04 00:00:00+00:00
[2025-04-04T15:54:00.712+0000] {processor.py:208} INFO - Processing /home/airflow/.local/lib/python3.12/site-packages/airflow/example_dags/example_branch_labels.py took 0.115 seconds
[2025-04-04T15:54:30.979+0000] {processor.py:186} INFO - Started process (PID=991) to work on /home/airflow/.local/lib/python3.12/site-packages/airflow/example_dags/example_branch_labels.py
[2025-04-04T15:54:30.980+0000] {processor.py:914} INFO - Processing file /home/airflow/.local/lib/python3.12/site-packages/airflow/example_dags/example_branch_labels.py for tasks to queue
[2025-04-04T15:54:30.984+0000] {logging_mixin.py:190} INFO - [2025-04-04T15:54:30.983+0000] {dagbag.py:588} INFO - Filling up the DagBag from /home/airflow/.local/lib/python3.12/site-packages/airflow/example_dags/example_branch_labels.py
[2025-04-04T15:54:31.004+0000] {processor.py:925} INFO - DAG(s) 'example_branch_labels' retrieved from /home/airflow/.local/lib/python3.12/site-packages/airflow/example_dags/example_branch_labels.py
[2025-04-04T15:54:31.057+0000] {logging_mixin.py:190} INFO - [2025-04-04T15:54:31.057+0000] {dag.py:3239} INFO - Sync 1 DAGs
[2025-04-04T15:54:31.114+0000] {logging_mixin.py:190} INFO - [2025-04-04T15:54:31.114+0000] {dag.py:4180} INFO - Setting next_dagrun for example_branch_labels to 2025-04-03 00:00:00+00:00, run_after=2025-04-04 00:00:00+00:00
[2025-04-04T15:54:31.155+0000] {processor.py:208} INFO - Processing /home/airflow/.local/lib/python3.12/site-packages/airflow/example_dags/example_branch_labels.py took 0.188 seconds
[2025-04-04T15:55:01.480+0000] {processor.py:186} INFO - Started process (PID=1055) to work on /home/airflow/.local/lib/python3.12/site-packages/airflow/example_dags/example_branch_labels.py
[2025-04-04T15:55:01.482+0000] {processor.py:914} INFO - Processing file /home/airflow/.local/lib/python3.12/site-packages/airflow/example_dags/example_branch_labels.py for tasks to queue
[2025-04-04T15:55:01.487+0000] {logging_mixin.py:190} INFO - [2025-04-04T15:55:01.486+0000] {dagbag.py:588} INFO - Filling up the DagBag from /home/airflow/.local/lib/python3.12/site-packages/airflow/example_dags/example_branch_labels.py
[2025-04-04T15:55:01.501+0000] {processor.py:925} INFO - DAG(s) 'example_branch_labels' retrieved from /home/airflow/.local/lib/python3.12/site-packages/airflow/example_dags/example_branch_labels.py
[2025-04-04T15:55:01.534+0000] {logging_mixin.py:190} INFO - [2025-04-04T15:55:01.534+0000] {dag.py:3239} INFO - Sync 1 DAGs
[2025-04-04T15:55:01.569+0000] {logging_mixin.py:190} INFO - [2025-04-04T15:55:01.568+0000] {dag.py:4180} INFO - Setting next_dagrun for example_branch_labels to 2025-04-03 00:00:00+00:00, run_after=2025-04-04 00:00:00+00:00
[2025-04-04T15:55:01.594+0000] {processor.py:208} INFO - Processing /home/airflow/.local/lib/python3.12/site-packages/airflow/example_dags/example_branch_labels.py took 0.121 seconds
[2025-04-04T15:55:32.251+0000] {processor.py:186} INFO - Started process (PID=1119) to work on /home/airflow/.local/lib/python3.12/site-packages/airflow/example_dags/example_branch_labels.py
[2025-04-04T15:55:32.252+0000] {processor.py:914} INFO - Processing file /home/airflow/.local/lib/python3.12/site-packages/airflow/example_dags/example_branch_labels.py for tasks to queue
[2025-04-04T15:55:32.256+0000] {logging_mixin.py:190} INFO - [2025-04-04T15:55:32.255+0000] {dagbag.py:588} INFO - Filling up the DagBag from /home/airflow/.local/lib/python3.12/site-packages/airflow/example_dags/example_branch_labels.py
[2025-04-04T15:55:32.270+0000] {processor.py:925} INFO - DAG(s) 'example_branch_labels' retrieved from /home/airflow/.local/lib/python3.12/site-packages/airflow/example_dags/example_branch_labels.py
[2025-04-04T15:55:32.302+0000] {logging_mixin.py:190} INFO - [2025-04-04T15:55:32.301+0000] {dag.py:3239} INFO - Sync 1 DAGs
[2025-04-04T15:55:32.334+0000] {logging_mixin.py:190} INFO - [2025-04-04T15:55:32.334+0000] {dag.py:4180} INFO - Setting next_dagrun for example_branch_labels to 2025-04-03 00:00:00+00:00, run_after=2025-04-04 00:00:00+00:00
[2025-04-04T15:55:32.358+0000] {processor.py:208} INFO - Processing /home/airflow/.local/lib/python3.12/site-packages/airflow/example_dags/example_branch_labels.py took 0.114 seconds
[2025-04-04T15:56:03.226+0000] {processor.py:186} INFO - Started process (PID=1183) to work on /home/airflow/.local/lib/python3.12/site-packages/airflow/example_dags/example_branch_labels.py
[2025-04-04T15:56:03.227+0000] {processor.py:914} INFO - Processing file /home/airflow/.local/lib/python3.12/site-packages/airflow/example_dags/example_branch_labels.py for tasks to queue
[2025-04-04T15:56:03.230+0000] {logging_mixin.py:190} INFO - [2025-04-04T15:56:03.229+0000] {dagbag.py:588} INFO - Filling up the DagBag from /home/airflow/.local/lib/python3.12/site-packages/airflow/example_dags/example_branch_labels.py
[2025-04-04T15:56:03.244+0000] {processor.py:925} INFO - DAG(s) 'example_branch_labels' retrieved from /home/airflow/.local/lib/python3.12/site-packages/airflow/example_dags/example_branch_labels.py
[2025-04-04T15:56:03.269+0000] {logging_mixin.py:190} INFO - [2025-04-04T15:56:03.269+0000] {dag.py:3239} INFO - Sync 1 DAGs
[2025-04-04T15:56:03.303+0000] {logging_mixin.py:190} INFO - [2025-04-04T15:56:03.303+0000] {dag.py:4180} INFO - Setting next_dagrun for example_branch_labels to 2025-04-03 00:00:00+00:00, run_after=2025-04-04 00:00:00+00:00
[2025-04-04T15:56:03.327+0000] {processor.py:208} INFO - Processing /home/airflow/.local/lib/python3.12/site-packages/airflow/example_dags/example_branch_labels.py took 0.108 seconds
[2025-04-04T15:56:33.746+0000] {processor.py:186} INFO - Started process (PID=1247) to work on /home/airflow/.local/lib/python3.12/site-packages/airflow/example_dags/example_branch_labels.py
[2025-04-04T15:56:33.747+0000] {processor.py:914} INFO - Processing file /home/airflow/.local/lib/python3.12/site-packages/airflow/example_dags/example_branch_labels.py for tasks to queue
[2025-04-04T15:56:33.751+0000] {logging_mixin.py:190} INFO - [2025-04-04T15:56:33.750+0000] {dagbag.py:588} INFO - Filling up the DagBag from /home/airflow/.local/lib/python3.12/site-packages/airflow/example_dags/example_branch_labels.py
[2025-04-04T15:56:33.769+0000] {processor.py:925} INFO - DAG(s) 'example_branch_labels' retrieved from /home/airflow/.local/lib/python3.12/site-packages/airflow/example_dags/example_branch_labels.py
[2025-04-04T15:56:33.801+0000] {logging_mixin.py:190} INFO - [2025-04-04T15:56:33.801+0000] {dag.py:3239} INFO - Sync 1 DAGs
[2025-04-04T15:56:33.851+0000] {logging_mixin.py:190} INFO - [2025-04-04T15:56:33.850+0000] {dag.py:4180} INFO - Setting next_dagrun for example_branch_labels to 2025-04-03 00:00:00+00:00, run_after=2025-04-04 00:00:00+00:00
[2025-04-04T15:56:33.885+0000] {processor.py:208} INFO - Processing /home/airflow/.local/lib/python3.12/site-packages/airflow/example_dags/example_branch_labels.py took 0.152 seconds
[2025-04-04T15:57:04.237+0000] {processor.py:186} INFO - Started process (PID=1311) to work on /home/airflow/.local/lib/python3.12/site-packages/airflow/example_dags/example_branch_labels.py
[2025-04-04T15:57:04.238+0000] {processor.py:914} INFO - Processing file /home/airflow/.local/lib/python3.12/site-packages/airflow/example_dags/example_branch_labels.py for tasks to queue
[2025-04-04T15:57:04.242+0000] {logging_mixin.py:190} INFO - [2025-04-04T15:57:04.241+0000] {dagbag.py:588} INFO - Filling up the DagBag from /home/airflow/.local/lib/python3.12/site-packages/airflow/example_dags/example_branch_labels.py
[2025-04-04T15:57:04.260+0000] {processor.py:925} INFO - DAG(s) 'example_branch_labels' retrieved from /home/airflow/.local/lib/python3.12/site-packages/airflow/example_dags/example_branch_labels.py
[2025-04-04T15:57:04.293+0000] {logging_mixin.py:190} INFO - [2025-04-04T15:57:04.293+0000] {dag.py:3239} INFO - Sync 1 DAGs
[2025-04-04T15:57:04.343+0000] {logging_mixin.py:190} INFO - [2025-04-04T15:57:04.342+0000] {dag.py:4180} INFO - Setting next_dagrun for example_branch_labels to 2025-04-03 00:00:00+00:00, run_after=2025-04-04 00:00:00+00:00
[2025-04-04T15:57:04.377+0000] {processor.py:208} INFO - Processing /home/airflow/.local/lib/python3.12/site-packages/airflow/example_dags/example_branch_labels.py took 0.154 seconds
[2025-04-04T15:57:35.182+0000] {processor.py:186} INFO - Started process (PID=1375) to work on /home/airflow/.local/lib/python3.12/site-packages/airflow/example_dags/example_branch_labels.py
[2025-04-04T15:57:35.183+0000] {processor.py:914} INFO - Processing file /home/airflow/.local/lib/python3.12/site-packages/airflow/example_dags/example_branch_labels.py for tasks to queue
[2025-04-04T15:57:35.186+0000] {logging_mixin.py:190} INFO - [2025-04-04T15:57:35.185+0000] {dagbag.py:588} INFO - Filling up the DagBag from /home/airflow/.local/lib/python3.12/site-packages/airflow/example_dags/example_branch_labels.py
[2025-04-04T15:57:35.198+0000] {processor.py:925} INFO - DAG(s) 'example_branch_labels' retrieved from /home/airflow/.local/lib/python3.12/site-packages/airflow/example_dags/example_branch_labels.py
[2025-04-04T15:57:35.227+0000] {logging_mixin.py:190} INFO - [2025-04-04T15:57:35.227+0000] {dag.py:3239} INFO - Sync 1 DAGs
[2025-04-04T15:57:35.270+0000] {logging_mixin.py:190} INFO - [2025-04-04T15:57:35.270+0000] {dag.py:4180} INFO - Setting next_dagrun for example_branch_labels to 2025-04-03 00:00:00+00:00, run_after=2025-04-04 00:00:00+00:00
[2025-04-04T15:57:35.301+0000] {processor.py:208} INFO - Processing /home/airflow/.local/lib/python3.12/site-packages/airflow/example_dags/example_branch_labels.py took 0.126 seconds
[2025-04-04T15:58:05.416+0000] {processor.py:186} INFO - Started process (PID=1439) to work on /home/airflow/.local/lib/python3.12/site-packages/airflow/example_dags/example_branch_labels.py
[2025-04-04T15:58:05.417+0000] {processor.py:914} INFO - Processing file /home/airflow/.local/lib/python3.12/site-packages/airflow/example_dags/example_branch_labels.py for tasks to queue
[2025-04-04T15:58:05.421+0000] {logging_mixin.py:190} INFO - [2025-04-04T15:58:05.420+0000] {dagbag.py:588} INFO - Filling up the DagBag from /home/airflow/.local/lib/python3.12/site-packages/airflow/example_dags/example_branch_labels.py
[2025-04-04T15:58:05.437+0000] {processor.py:925} INFO - DAG(s) 'example_branch_labels' retrieved from /home/airflow/.local/lib/python3.12/site-packages/airflow/example_dags/example_branch_labels.py
[2025-04-04T15:58:05.470+0000] {logging_mixin.py:190} INFO - [2025-04-04T15:58:05.470+0000] {dag.py:3239} INFO - Sync 1 DAGs
[2025-04-04T15:58:05.520+0000] {logging_mixin.py:190} INFO - [2025-04-04T15:58:05.519+0000] {dag.py:4180} INFO - Setting next_dagrun for example_branch_labels to 2025-04-03 00:00:00+00:00, run_after=2025-04-04 00:00:00+00:00
[2025-04-04T15:58:05.548+0000] {processor.py:208} INFO - Processing /home/airflow/.local/lib/python3.12/site-packages/airflow/example_dags/example_branch_labels.py took 0.140 seconds
[2025-04-04T15:58:36.327+0000] {processor.py:186} INFO - Started process (PID=1503) to work on /home/airflow/.local/lib/python3.12/site-packages/airflow/example_dags/example_branch_labels.py
[2025-04-04T15:58:36.328+0000] {processor.py:914} INFO - Processing file /home/airflow/.local/lib/python3.12/site-packages/airflow/example_dags/example_branch_labels.py for tasks to queue
[2025-04-04T15:58:36.331+0000] {logging_mixin.py:190} INFO - [2025-04-04T15:58:36.330+0000] {dagbag.py:588} INFO - Filling up the DagBag from /home/airflow/.local/lib/python3.12/site-packages/airflow/example_dags/example_branch_labels.py
[2025-04-04T15:58:36.343+0000] {processor.py:925} INFO - DAG(s) 'example_branch_labels' retrieved from /home/airflow/.local/lib/python3.12/site-packages/airflow/example_dags/example_branch_labels.py
[2025-04-04T15:58:36.370+0000] {logging_mixin.py:190} INFO - [2025-04-04T15:58:36.369+0000] {dag.py:3239} INFO - Sync 1 DAGs
[2025-04-04T15:58:36.404+0000] {logging_mixin.py:190} INFO - [2025-04-04T15:58:36.404+0000] {dag.py:4180} INFO - Setting next_dagrun for example_branch_labels to 2025-04-03 00:00:00+00:00, run_after=2025-04-04 00:00:00+00:00
[2025-04-04T15:58:36.426+0000] {processor.py:208} INFO - Processing /home/airflow/.local/lib/python3.12/site-packages/airflow/example_dags/example_branch_labels.py took 0.106 seconds
[2025-04-04T16:00:54.385+0000] {processor.py:186} INFO - Started process (PID=98) to work on /home/airflow/.local/lib/python3.12/site-packages/airflow/example_dags/example_branch_labels.py
[2025-04-04T16:00:54.389+0000] {processor.py:914} INFO - Processing file /home/airflow/.local/lib/python3.12/site-packages/airflow/example_dags/example_branch_labels.py for tasks to queue
[2025-04-04T16:00:54.396+0000] {logging_mixin.py:190} INFO - [2025-04-04T16:00:54.395+0000] {dagbag.py:588} INFO - Filling up the DagBag from /home/airflow/.local/lib/python3.12/site-packages/airflow/example_dags/example_branch_labels.py
[2025-04-04T16:00:54.419+0000] {processor.py:925} INFO - DAG(s) 'example_branch_labels' retrieved from /home/airflow/.local/lib/python3.12/site-packages/airflow/example_dags/example_branch_labels.py
[2025-04-04T16:00:54.458+0000] {logging_mixin.py:190} INFO - [2025-04-04T16:00:54.457+0000] {dag.py:3239} INFO - Sync 1 DAGs
[2025-04-04T16:00:54.557+0000] {logging_mixin.py:190} INFO - [2025-04-04T16:00:54.556+0000] {dag.py:4180} INFO - Setting next_dagrun for example_branch_labels to 2025-04-03 00:00:00+00:00, run_after=2025-04-04 00:00:00+00:00
[2025-04-04T16:00:54.589+0000] {processor.py:208} INFO - Processing /home/airflow/.local/lib/python3.12/site-packages/airflow/example_dags/example_branch_labels.py took 0.215 seconds
[2025-04-04T16:01:25.416+0000] {processor.py:186} INFO - Started process (PID=162) to work on /home/airflow/.local/lib/python3.12/site-packages/airflow/example_dags/example_branch_labels.py
[2025-04-04T16:01:25.418+0000] {processor.py:914} INFO - Processing file /home/airflow/.local/lib/python3.12/site-packages/airflow/example_dags/example_branch_labels.py for tasks to queue
[2025-04-04T16:01:25.421+0000] {logging_mixin.py:190} INFO - [2025-04-04T16:01:25.420+0000] {dagbag.py:588} INFO - Filling up the DagBag from /home/airflow/.local/lib/python3.12/site-packages/airflow/example_dags/example_branch_labels.py
[2025-04-04T16:01:25.434+0000] {processor.py:925} INFO - DAG(s) 'example_branch_labels' retrieved from /home/airflow/.local/lib/python3.12/site-packages/airflow/example_dags/example_branch_labels.py
[2025-04-04T16:01:25.459+0000] {logging_mixin.py:190} INFO - [2025-04-04T16:01:25.459+0000] {dag.py:3239} INFO - Sync 1 DAGs
[2025-04-04T16:01:25.490+0000] {logging_mixin.py:190} INFO - [2025-04-04T16:01:25.490+0000] {dag.py:4180} INFO - Setting next_dagrun for example_branch_labels to 2025-04-03 00:00:00+00:00, run_after=2025-04-04 00:00:00+00:00
[2025-04-04T16:01:25.512+0000] {processor.py:208} INFO - Processing /home/airflow/.local/lib/python3.12/site-packages/airflow/example_dags/example_branch_labels.py took 0.104 seconds
[2025-04-04T16:01:56.182+0000] {processor.py:186} INFO - Started process (PID=225) to work on /home/airflow/.local/lib/python3.12/site-packages/airflow/example_dags/example_branch_labels.py
[2025-04-04T16:01:56.183+0000] {processor.py:914} INFO - Processing file /home/airflow/.local/lib/python3.12/site-packages/airflow/example_dags/example_branch_labels.py for tasks to queue
[2025-04-04T16:01:56.186+0000] {logging_mixin.py:190} INFO - [2025-04-04T16:01:56.185+0000] {dagbag.py:588} INFO - Filling up the DagBag from /home/airflow/.local/lib/python3.12/site-packages/airflow/example_dags/example_branch_labels.py
[2025-04-04T16:01:56.198+0000] {processor.py:925} INFO - DAG(s) 'example_branch_labels' retrieved from /home/airflow/.local/lib/python3.12/site-packages/airflow/example_dags/example_branch_labels.py
[2025-04-04T16:01:56.231+0000] {logging_mixin.py:190} INFO - [2025-04-04T16:01:56.231+0000] {dag.py:3239} INFO - Sync 1 DAGs
[2025-04-04T16:01:56.276+0000] {logging_mixin.py:190} INFO - [2025-04-04T16:01:56.276+0000] {dag.py:4180} INFO - Setting next_dagrun for example_branch_labels to 2025-04-03 00:00:00+00:00, run_after=2025-04-04 00:00:00+00:00
[2025-04-04T16:01:56.304+0000] {processor.py:208} INFO - Processing /home/airflow/.local/lib/python3.12/site-packages/airflow/example_dags/example_branch_labels.py took 0.129 seconds
[2025-04-04T16:02:27.069+0000] {processor.py:186} INFO - Started process (PID=288) to work on /home/airflow/.local/lib/python3.12/site-packages/airflow/example_dags/example_branch_labels.py
[2025-04-04T16:02:27.070+0000] {processor.py:914} INFO - Processing file /home/airflow/.local/lib/python3.12/site-packages/airflow/example_dags/example_branch_labels.py for tasks to queue
[2025-04-04T16:02:27.074+0000] {logging_mixin.py:190} INFO - [2025-04-04T16:02:27.073+0000] {dagbag.py:588} INFO - Filling up the DagBag from /home/airflow/.local/lib/python3.12/site-packages/airflow/example_dags/example_branch_labels.py
[2025-04-04T16:02:27.094+0000] {processor.py:925} INFO - DAG(s) 'example_branch_labels' retrieved from /home/airflow/.local/lib/python3.12/site-packages/airflow/example_dags/example_branch_labels.py
[2025-04-04T16:02:27.142+0000] {logging_mixin.py:190} INFO - [2025-04-04T16:02:27.142+0000] {dag.py:3239} INFO - Sync 1 DAGs
[2025-04-04T16:02:27.198+0000] {logging_mixin.py:190} INFO - [2025-04-04T16:02:27.197+0000] {dag.py:4180} INFO - Setting next_dagrun for example_branch_labels to 2025-04-03 00:00:00+00:00, run_after=2025-04-04 00:00:00+00:00
[2025-04-04T16:02:27.246+0000] {processor.py:208} INFO - Processing /home/airflow/.local/lib/python3.12/site-packages/airflow/example_dags/example_branch_labels.py took 0.190 seconds
