[2025-04-04T15:44:13.474+0000] {processor.py:186} INFO - Started process (PID=92) to work on /home/airflow/.local/lib/python3.12/site-packages/airflow/example_dags/example_branch_operator_decorator.py
[2025-04-04T15:44:13.475+0000] {processor.py:914} INFO - Processing file /home/airflow/.local/lib/python3.12/site-packages/airflow/example_dags/example_branch_operator_decorator.py for tasks to queue
[2025-04-04T15:44:13.479+0000] {logging_mixin.py:190} INFO - [2025-04-04T15:44:13.479+0000] {dagbag.py:588} INFO - Filling up the DagBag from /home/airflow/.local/lib/python3.12/site-packages/airflow/example_dags/example_branch_operator_decorator.py
[2025-04-04T15:44:13.528+0000] {processor.py:925} INFO - DAG(s) 'example_branch_python_operator_decorator' retrieved from /home/airflow/.local/lib/python3.12/site-packages/airflow/example_dags/example_branch_operator_decorator.py
[2025-04-04T15:44:13.708+0000] {logging_mixin.py:190} INFO - [2025-04-04T15:44:13.707+0000] {override.py:1912} INFO - Created Permission View: can edit on DAG:example_branch_python_operator_decorator
[2025-04-04T15:44:13.726+0000] {logging_mixin.py:190} INFO - [2025-04-04T15:44:13.725+0000] {override.py:1912} INFO - Created Permission View: can read on DAG:example_branch_python_operator_decorator
[2025-04-04T15:44:13.736+0000] {logging_mixin.py:190} INFO - [2025-04-04T15:44:13.736+0000] {override.py:1912} INFO - Created Permission View: can delete on DAG:example_branch_python_operator_decorator
[2025-04-04T15:44:13.746+0000] {logging_mixin.py:190} INFO - [2025-04-04T15:44:13.746+0000] {override.py:1912} INFO - Created Permission View: menu access on DAG Run:example_branch_python_operator_decorator
[2025-04-04T15:44:13.756+0000] {logging_mixin.py:190} INFO - [2025-04-04T15:44:13.756+0000] {override.py:1912} INFO - Created Permission View: can read on DAG Run:example_branch_python_operator_decorator
[2025-04-04T15:44:13.767+0000] {logging_mixin.py:190} INFO - [2025-04-04T15:44:13.766+0000] {override.py:1912} INFO - Created Permission View: can create on DAG Run:example_branch_python_operator_decorator
[2025-04-04T15:44:13.778+0000] {logging_mixin.py:190} INFO - [2025-04-04T15:44:13.778+0000] {override.py:1912} INFO - Created Permission View: can delete on DAG Run:example_branch_python_operator_decorator
[2025-04-04T15:44:13.779+0000] {logging_mixin.py:190} INFO - [2025-04-04T15:44:13.779+0000] {dag.py:3239} INFO - Sync 1 DAGs
[2025-04-04T15:44:13.805+0000] {logging_mixin.py:190} INFO - [2025-04-04T15:44:13.805+0000] {dag.py:3262} INFO - Creating ORM DAG for example_branch_python_operator_decorator
[2025-04-04T15:44:13.826+0000] {logging_mixin.py:190} INFO - [2025-04-04T15:44:13.826+0000] {dag.py:4180} INFO - Setting next_dagrun for example_branch_python_operator_decorator to 2025-04-03 00:00:00+00:00, run_after=2025-04-04 00:00:00+00:00
[2025-04-04T15:44:13.854+0000] {processor.py:208} INFO - Processing /home/airflow/.local/lib/python3.12/site-packages/airflow/example_dags/example_branch_operator_decorator.py took 0.391 seconds
[2025-04-04T15:44:44.044+0000] {processor.py:186} INFO - Started process (PID=154) to work on /home/airflow/.local/lib/python3.12/site-packages/airflow/example_dags/example_branch_operator_decorator.py
[2025-04-04T15:44:44.045+0000] {processor.py:914} INFO - Processing file /home/airflow/.local/lib/python3.12/site-packages/airflow/example_dags/example_branch_operator_decorator.py for tasks to queue
[2025-04-04T15:44:44.049+0000] {logging_mixin.py:190} INFO - [2025-04-04T15:44:44.048+0000] {dagbag.py:588} INFO - Filling up the DagBag from /home/airflow/.local/lib/python3.12/site-packages/airflow/example_dags/example_branch_operator_decorator.py
[2025-04-04T15:44:44.088+0000] {processor.py:925} INFO - DAG(s) 'example_branch_python_operator_decorator' retrieved from /home/airflow/.local/lib/python3.12/site-packages/airflow/example_dags/example_branch_operator_decorator.py
[2025-04-04T15:44:44.140+0000] {logging_mixin.py:190} INFO - [2025-04-04T15:44:44.140+0000] {dag.py:3239} INFO - Sync 1 DAGs
[2025-04-04T15:44:44.173+0000] {logging_mixin.py:190} INFO - [2025-04-04T15:44:44.173+0000] {dag.py:4180} INFO - Setting next_dagrun for example_branch_python_operator_decorator to 2025-04-03 00:00:00+00:00, run_after=2025-04-04 00:00:00+00:00
[2025-04-04T15:44:44.196+0000] {processor.py:208} INFO - Processing /home/airflow/.local/lib/python3.12/site-packages/airflow/example_dags/example_branch_operator_decorator.py took 0.161 seconds
[2025-04-04T15:45:14.305+0000] {processor.py:186} INFO - Started process (PID=217) to work on /home/airflow/.local/lib/python3.12/site-packages/airflow/example_dags/example_branch_operator_decorator.py
[2025-04-04T15:45:14.306+0000] {processor.py:914} INFO - Processing file /home/airflow/.local/lib/python3.12/site-packages/airflow/example_dags/example_branch_operator_decorator.py for tasks to queue
[2025-04-04T15:45:14.309+0000] {logging_mixin.py:190} INFO - [2025-04-04T15:45:14.308+0000] {dagbag.py:588} INFO - Filling up the DagBag from /home/airflow/.local/lib/python3.12/site-packages/airflow/example_dags/example_branch_operator_decorator.py
[2025-04-04T15:45:14.336+0000] {processor.py:925} INFO - DAG(s) 'example_branch_python_operator_decorator' retrieved from /home/airflow/.local/lib/python3.12/site-packages/airflow/example_dags/example_branch_operator_decorator.py
[2025-04-04T15:45:14.380+0000] {logging_mixin.py:190} INFO - [2025-04-04T15:45:14.380+0000] {dag.py:3239} INFO - Sync 1 DAGs
[2025-04-04T15:45:14.422+0000] {logging_mixin.py:190} INFO - [2025-04-04T15:45:14.421+0000] {dag.py:4180} INFO - Setting next_dagrun for example_branch_python_operator_decorator to 2025-04-03 00:00:00+00:00, run_after=2025-04-04 00:00:00+00:00
[2025-04-04T15:45:14.450+0000] {processor.py:208} INFO - Processing /home/airflow/.local/lib/python3.12/site-packages/airflow/example_dags/example_branch_operator_decorator.py took 0.152 seconds
[2025-04-04T15:45:45.032+0000] {processor.py:186} INFO - Started process (PID=280) to work on /home/airflow/.local/lib/python3.12/site-packages/airflow/example_dags/example_branch_operator_decorator.py
[2025-04-04T15:45:45.034+0000] {processor.py:914} INFO - Processing file /home/airflow/.local/lib/python3.12/site-packages/airflow/example_dags/example_branch_operator_decorator.py for tasks to queue
[2025-04-04T15:45:45.037+0000] {logging_mixin.py:190} INFO - [2025-04-04T15:45:45.037+0000] {dagbag.py:588} INFO - Filling up the DagBag from /home/airflow/.local/lib/python3.12/site-packages/airflow/example_dags/example_branch_operator_decorator.py
[2025-04-04T15:45:45.079+0000] {processor.py:925} INFO - DAG(s) 'example_branch_python_operator_decorator' retrieved from /home/airflow/.local/lib/python3.12/site-packages/airflow/example_dags/example_branch_operator_decorator.py
[2025-04-04T15:45:45.112+0000] {logging_mixin.py:190} INFO - [2025-04-04T15:45:45.111+0000] {dag.py:3239} INFO - Sync 1 DAGs
[2025-04-04T15:45:45.144+0000] {logging_mixin.py:190} INFO - [2025-04-04T15:45:45.144+0000] {dag.py:4180} INFO - Setting next_dagrun for example_branch_python_operator_decorator to 2025-04-03 00:00:00+00:00, run_after=2025-04-04 00:00:00+00:00
[2025-04-04T15:45:45.169+0000] {processor.py:208} INFO - Processing /home/airflow/.local/lib/python3.12/site-packages/airflow/example_dags/example_branch_operator_decorator.py took 0.145 seconds
[2025-04-04T15:47:19.772+0000] {processor.py:186} INFO - Started process (PID=86) to work on /home/airflow/.local/lib/python3.12/site-packages/airflow/example_dags/example_branch_operator_decorator.py
[2025-04-04T15:47:19.773+0000] {processor.py:914} INFO - Processing file /home/airflow/.local/lib/python3.12/site-packages/airflow/example_dags/example_branch_operator_decorator.py for tasks to queue
[2025-04-04T15:47:19.777+0000] {logging_mixin.py:190} INFO - [2025-04-04T15:47:19.776+0000] {dagbag.py:588} INFO - Filling up the DagBag from /home/airflow/.local/lib/python3.12/site-packages/airflow/example_dags/example_branch_operator_decorator.py
[2025-04-04T15:47:19.821+0000] {processor.py:925} INFO - DAG(s) 'example_branch_python_operator_decorator' retrieved from /home/airflow/.local/lib/python3.12/site-packages/airflow/example_dags/example_branch_operator_decorator.py
[2025-04-04T15:47:20.080+0000] {logging_mixin.py:190} INFO - [2025-04-04T15:47:20.080+0000] {dag.py:3239} INFO - Sync 1 DAGs
[2025-04-04T15:47:20.125+0000] {logging_mixin.py:190} INFO - [2025-04-04T15:47:20.124+0000] {dag.py:4180} INFO - Setting next_dagrun for example_branch_python_operator_decorator to 2025-04-03 00:00:00+00:00, run_after=2025-04-04 00:00:00+00:00
[2025-04-04T15:47:20.160+0000] {processor.py:208} INFO - Processing /home/airflow/.local/lib/python3.12/site-packages/airflow/example_dags/example_branch_operator_decorator.py took 0.400 seconds
[2025-04-04T15:47:50.639+0000] {processor.py:186} INFO - Started process (PID=150) to work on /home/airflow/.local/lib/python3.12/site-packages/airflow/example_dags/example_branch_operator_decorator.py
[2025-04-04T15:47:50.640+0000] {processor.py:914} INFO - Processing file /home/airflow/.local/lib/python3.12/site-packages/airflow/example_dags/example_branch_operator_decorator.py for tasks to queue
[2025-04-04T15:47:50.642+0000] {logging_mixin.py:190} INFO - [2025-04-04T15:47:50.642+0000] {dagbag.py:588} INFO - Filling up the DagBag from /home/airflow/.local/lib/python3.12/site-packages/airflow/example_dags/example_branch_operator_decorator.py
[2025-04-04T15:47:50.670+0000] {processor.py:925} INFO - DAG(s) 'example_branch_python_operator_decorator' retrieved from /home/airflow/.local/lib/python3.12/site-packages/airflow/example_dags/example_branch_operator_decorator.py
[2025-04-04T15:47:50.708+0000] {logging_mixin.py:190} INFO - [2025-04-04T15:47:50.708+0000] {dag.py:3239} INFO - Sync 1 DAGs
[2025-04-04T15:47:50.744+0000] {logging_mixin.py:190} INFO - [2025-04-04T15:47:50.744+0000] {dag.py:4180} INFO - Setting next_dagrun for example_branch_python_operator_decorator to 2025-04-03 00:00:00+00:00, run_after=2025-04-04 00:00:00+00:00
[2025-04-04T15:47:50.773+0000] {processor.py:208} INFO - Processing /home/airflow/.local/lib/python3.12/site-packages/airflow/example_dags/example_branch_operator_decorator.py took 0.141 seconds
[2025-04-04T15:48:21.886+0000] {processor.py:186} INFO - Started process (PID=214) to work on /home/airflow/.local/lib/python3.12/site-packages/airflow/example_dags/example_branch_operator_decorator.py
[2025-04-04T15:48:21.889+0000] {processor.py:914} INFO - Processing file /home/airflow/.local/lib/python3.12/site-packages/airflow/example_dags/example_branch_operator_decorator.py for tasks to queue
[2025-04-04T15:48:21.893+0000] {logging_mixin.py:190} INFO - [2025-04-04T15:48:21.892+0000] {dagbag.py:588} INFO - Filling up the DagBag from /home/airflow/.local/lib/python3.12/site-packages/airflow/example_dags/example_branch_operator_decorator.py
[2025-04-04T15:48:21.930+0000] {processor.py:925} INFO - DAG(s) 'example_branch_python_operator_decorator' retrieved from /home/airflow/.local/lib/python3.12/site-packages/airflow/example_dags/example_branch_operator_decorator.py
[2025-04-04T15:48:21.969+0000] {logging_mixin.py:190} INFO - [2025-04-04T15:48:21.969+0000] {dag.py:3239} INFO - Sync 1 DAGs
[2025-04-04T15:48:22.004+0000] {logging_mixin.py:190} INFO - [2025-04-04T15:48:22.004+0000] {dag.py:4180} INFO - Setting next_dagrun for example_branch_python_operator_decorator to 2025-04-03 00:00:00+00:00, run_after=2025-04-04 00:00:00+00:00
[2025-04-04T15:48:22.043+0000] {processor.py:208} INFO - Processing /home/airflow/.local/lib/python3.12/site-packages/airflow/example_dags/example_branch_operator_decorator.py took 0.168 seconds
[2025-04-04T15:48:52.611+0000] {processor.py:186} INFO - Started process (PID=278) to work on /home/airflow/.local/lib/python3.12/site-packages/airflow/example_dags/example_branch_operator_decorator.py
[2025-04-04T15:48:52.613+0000] {processor.py:914} INFO - Processing file /home/airflow/.local/lib/python3.12/site-packages/airflow/example_dags/example_branch_operator_decorator.py for tasks to queue
[2025-04-04T15:48:52.616+0000] {logging_mixin.py:190} INFO - [2025-04-04T15:48:52.616+0000] {dagbag.py:588} INFO - Filling up the DagBag from /home/airflow/.local/lib/python3.12/site-packages/airflow/example_dags/example_branch_operator_decorator.py
[2025-04-04T15:48:52.658+0000] {processor.py:925} INFO - DAG(s) 'example_branch_python_operator_decorator' retrieved from /home/airflow/.local/lib/python3.12/site-packages/airflow/example_dags/example_branch_operator_decorator.py
[2025-04-04T15:48:52.720+0000] {logging_mixin.py:190} INFO - [2025-04-04T15:48:52.719+0000] {dag.py:3239} INFO - Sync 1 DAGs
[2025-04-04T15:48:52.770+0000] {logging_mixin.py:190} INFO - [2025-04-04T15:48:52.769+0000] {dag.py:4180} INFO - Setting next_dagrun for example_branch_python_operator_decorator to 2025-04-03 00:00:00+00:00, run_after=2025-04-04 00:00:00+00:00
[2025-04-04T15:48:52.804+0000] {processor.py:208} INFO - Processing /home/airflow/.local/lib/python3.12/site-packages/airflow/example_dags/example_branch_operator_decorator.py took 0.203 seconds
[2025-04-04T15:49:22.956+0000] {processor.py:186} INFO - Started process (PID=341) to work on /home/airflow/.local/lib/python3.12/site-packages/airflow/example_dags/example_branch_operator_decorator.py
[2025-04-04T15:49:22.957+0000] {processor.py:914} INFO - Processing file /home/airflow/.local/lib/python3.12/site-packages/airflow/example_dags/example_branch_operator_decorator.py for tasks to queue
[2025-04-04T15:49:22.960+0000] {logging_mixin.py:190} INFO - [2025-04-04T15:49:22.959+0000] {dagbag.py:588} INFO - Filling up the DagBag from /home/airflow/.local/lib/python3.12/site-packages/airflow/example_dags/example_branch_operator_decorator.py
[2025-04-04T15:49:22.988+0000] {processor.py:925} INFO - DAG(s) 'example_branch_python_operator_decorator' retrieved from /home/airflow/.local/lib/python3.12/site-packages/airflow/example_dags/example_branch_operator_decorator.py
[2025-04-04T15:49:23.031+0000] {logging_mixin.py:190} INFO - [2025-04-04T15:49:23.031+0000] {dag.py:3239} INFO - Sync 1 DAGs
[2025-04-04T15:49:23.065+0000] {logging_mixin.py:190} INFO - [2025-04-04T15:49:23.065+0000] {dag.py:4180} INFO - Setting next_dagrun for example_branch_python_operator_decorator to 2025-04-03 00:00:00+00:00, run_after=2025-04-04 00:00:00+00:00
[2025-04-04T15:49:23.092+0000] {processor.py:208} INFO - Processing /home/airflow/.local/lib/python3.12/site-packages/airflow/example_dags/example_branch_operator_decorator.py took 0.143 seconds
[2025-04-04T15:49:53.360+0000] {processor.py:186} INFO - Started process (PID=405) to work on /home/airflow/.local/lib/python3.12/site-packages/airflow/example_dags/example_branch_operator_decorator.py
[2025-04-04T15:49:53.361+0000] {processor.py:914} INFO - Processing file /home/airflow/.local/lib/python3.12/site-packages/airflow/example_dags/example_branch_operator_decorator.py for tasks to queue
[2025-04-04T15:49:53.364+0000] {logging_mixin.py:190} INFO - [2025-04-04T15:49:53.363+0000] {dagbag.py:588} INFO - Filling up the DagBag from /home/airflow/.local/lib/python3.12/site-packages/airflow/example_dags/example_branch_operator_decorator.py
[2025-04-04T15:49:53.391+0000] {processor.py:925} INFO - DAG(s) 'example_branch_python_operator_decorator' retrieved from /home/airflow/.local/lib/python3.12/site-packages/airflow/example_dags/example_branch_operator_decorator.py
[2025-04-04T15:49:53.435+0000] {logging_mixin.py:190} INFO - [2025-04-04T15:49:53.435+0000] {dag.py:3239} INFO - Sync 1 DAGs
[2025-04-04T15:49:53.473+0000] {logging_mixin.py:190} INFO - [2025-04-04T15:49:53.473+0000] {dag.py:4180} INFO - Setting next_dagrun for example_branch_python_operator_decorator to 2025-04-03 00:00:00+00:00, run_after=2025-04-04 00:00:00+00:00
[2025-04-04T15:49:53.503+0000] {processor.py:208} INFO - Processing /home/airflow/.local/lib/python3.12/site-packages/airflow/example_dags/example_branch_operator_decorator.py took 0.150 seconds
[2025-04-04T15:50:24.103+0000] {processor.py:186} INFO - Started process (PID=469) to work on /home/airflow/.local/lib/python3.12/site-packages/airflow/example_dags/example_branch_operator_decorator.py
[2025-04-04T15:50:24.104+0000] {processor.py:914} INFO - Processing file /home/airflow/.local/lib/python3.12/site-packages/airflow/example_dags/example_branch_operator_decorator.py for tasks to queue
[2025-04-04T15:50:24.106+0000] {logging_mixin.py:190} INFO - [2025-04-04T15:50:24.106+0000] {dagbag.py:588} INFO - Filling up the DagBag from /home/airflow/.local/lib/python3.12/site-packages/airflow/example_dags/example_branch_operator_decorator.py
[2025-04-04T15:50:24.139+0000] {processor.py:925} INFO - DAG(s) 'example_branch_python_operator_decorator' retrieved from /home/airflow/.local/lib/python3.12/site-packages/airflow/example_dags/example_branch_operator_decorator.py
[2025-04-04T15:50:24.180+0000] {logging_mixin.py:190} INFO - [2025-04-04T15:50:24.180+0000] {dag.py:3239} INFO - Sync 1 DAGs
[2025-04-04T15:50:24.221+0000] {logging_mixin.py:190} INFO - [2025-04-04T15:50:24.220+0000] {dag.py:4180} INFO - Setting next_dagrun for example_branch_python_operator_decorator to 2025-04-03 00:00:00+00:00, run_after=2025-04-04 00:00:00+00:00
[2025-04-04T15:50:24.244+0000] {processor.py:208} INFO - Processing /home/airflow/.local/lib/python3.12/site-packages/airflow/example_dags/example_branch_operator_decorator.py took 0.150 seconds
[2025-04-04T15:50:54.417+0000] {processor.py:186} INFO - Started process (PID=533) to work on /home/airflow/.local/lib/python3.12/site-packages/airflow/example_dags/example_branch_operator_decorator.py
[2025-04-04T15:50:54.419+0000] {processor.py:914} INFO - Processing file /home/airflow/.local/lib/python3.12/site-packages/airflow/example_dags/example_branch_operator_decorator.py for tasks to queue
[2025-04-04T15:50:54.423+0000] {logging_mixin.py:190} INFO - [2025-04-04T15:50:54.422+0000] {dagbag.py:588} INFO - Filling up the DagBag from /home/airflow/.local/lib/python3.12/site-packages/airflow/example_dags/example_branch_operator_decorator.py
[2025-04-04T15:50:54.457+0000] {processor.py:925} INFO - DAG(s) 'example_branch_python_operator_decorator' retrieved from /home/airflow/.local/lib/python3.12/site-packages/airflow/example_dags/example_branch_operator_decorator.py
[2025-04-04T15:50:54.500+0000] {logging_mixin.py:190} INFO - [2025-04-04T15:50:54.500+0000] {dag.py:3239} INFO - Sync 1 DAGs
[2025-04-04T15:50:54.539+0000] {logging_mixin.py:190} INFO - [2025-04-04T15:50:54.539+0000] {dag.py:4180} INFO - Setting next_dagrun for example_branch_python_operator_decorator to 2025-04-03 00:00:00+00:00, run_after=2025-04-04 00:00:00+00:00
[2025-04-04T15:50:54.565+0000] {processor.py:208} INFO - Processing /home/airflow/.local/lib/python3.12/site-packages/airflow/example_dags/example_branch_operator_decorator.py took 0.155 seconds
[2025-04-04T15:51:25.405+0000] {processor.py:186} INFO - Started process (PID=597) to work on /home/airflow/.local/lib/python3.12/site-packages/airflow/example_dags/example_branch_operator_decorator.py
[2025-04-04T15:51:25.407+0000] {processor.py:914} INFO - Processing file /home/airflow/.local/lib/python3.12/site-packages/airflow/example_dags/example_branch_operator_decorator.py for tasks to queue
[2025-04-04T15:51:25.409+0000] {logging_mixin.py:190} INFO - [2025-04-04T15:51:25.409+0000] {dagbag.py:588} INFO - Filling up the DagBag from /home/airflow/.local/lib/python3.12/site-packages/airflow/example_dags/example_branch_operator_decorator.py
[2025-04-04T15:51:25.442+0000] {processor.py:925} INFO - DAG(s) 'example_branch_python_operator_decorator' retrieved from /home/airflow/.local/lib/python3.12/site-packages/airflow/example_dags/example_branch_operator_decorator.py
[2025-04-04T15:51:25.483+0000] {logging_mixin.py:190} INFO - [2025-04-04T15:51:25.483+0000] {dag.py:3239} INFO - Sync 1 DAGs
[2025-04-04T15:51:25.523+0000] {logging_mixin.py:190} INFO - [2025-04-04T15:51:25.522+0000] {dag.py:4180} INFO - Setting next_dagrun for example_branch_python_operator_decorator to 2025-04-03 00:00:00+00:00, run_after=2025-04-04 00:00:00+00:00
[2025-04-04T15:51:25.552+0000] {processor.py:208} INFO - Processing /home/airflow/.local/lib/python3.12/site-packages/airflow/example_dags/example_branch_operator_decorator.py took 0.156 seconds
[2025-04-04T15:51:55.689+0000] {processor.py:186} INFO - Started process (PID=661) to work on /home/airflow/.local/lib/python3.12/site-packages/airflow/example_dags/example_branch_operator_decorator.py
[2025-04-04T15:51:55.690+0000] {processor.py:914} INFO - Processing file /home/airflow/.local/lib/python3.12/site-packages/airflow/example_dags/example_branch_operator_decorator.py for tasks to queue
[2025-04-04T15:51:55.693+0000] {logging_mixin.py:190} INFO - [2025-04-04T15:51:55.692+0000] {dagbag.py:588} INFO - Filling up the DagBag from /home/airflow/.local/lib/python3.12/site-packages/airflow/example_dags/example_branch_operator_decorator.py
[2025-04-04T15:51:55.720+0000] {processor.py:925} INFO - DAG(s) 'example_branch_python_operator_decorator' retrieved from /home/airflow/.local/lib/python3.12/site-packages/airflow/example_dags/example_branch_operator_decorator.py
[2025-04-04T15:51:55.762+0000] {logging_mixin.py:190} INFO - [2025-04-04T15:51:55.761+0000] {dag.py:3239} INFO - Sync 1 DAGs
[2025-04-04T15:51:55.798+0000] {logging_mixin.py:190} INFO - [2025-04-04T15:51:55.798+0000] {dag.py:4180} INFO - Setting next_dagrun for example_branch_python_operator_decorator to 2025-04-03 00:00:00+00:00, run_after=2025-04-04 00:00:00+00:00
[2025-04-04T15:51:55.823+0000] {processor.py:208} INFO - Processing /home/airflow/.local/lib/python3.12/site-packages/airflow/example_dags/example_branch_operator_decorator.py took 0.141 seconds
[2025-04-04T15:52:26.560+0000] {processor.py:186} INFO - Started process (PID=725) to work on /home/airflow/.local/lib/python3.12/site-packages/airflow/example_dags/example_branch_operator_decorator.py
[2025-04-04T15:52:26.562+0000] {processor.py:914} INFO - Processing file /home/airflow/.local/lib/python3.12/site-packages/airflow/example_dags/example_branch_operator_decorator.py for tasks to queue
[2025-04-04T15:52:26.566+0000] {logging_mixin.py:190} INFO - [2025-04-04T15:52:26.565+0000] {dagbag.py:588} INFO - Filling up the DagBag from /home/airflow/.local/lib/python3.12/site-packages/airflow/example_dags/example_branch_operator_decorator.py
[2025-04-04T15:52:26.613+0000] {processor.py:925} INFO - DAG(s) 'example_branch_python_operator_decorator' retrieved from /home/airflow/.local/lib/python3.12/site-packages/airflow/example_dags/example_branch_operator_decorator.py
[2025-04-04T15:52:26.674+0000] {logging_mixin.py:190} INFO - [2025-04-04T15:52:26.673+0000] {dag.py:3239} INFO - Sync 1 DAGs
[2025-04-04T15:52:26.739+0000] {logging_mixin.py:190} INFO - [2025-04-04T15:52:26.738+0000] {dag.py:4180} INFO - Setting next_dagrun for example_branch_python_operator_decorator to 2025-04-03 00:00:00+00:00, run_after=2025-04-04 00:00:00+00:00
[2025-04-04T15:52:26.790+0000] {processor.py:208} INFO - Processing /home/airflow/.local/lib/python3.12/site-packages/airflow/example_dags/example_branch_operator_decorator.py took 0.241 seconds
[2025-04-04T15:52:57.501+0000] {processor.py:186} INFO - Started process (PID=789) to work on /home/airflow/.local/lib/python3.12/site-packages/airflow/example_dags/example_branch_operator_decorator.py
[2025-04-04T15:52:57.503+0000] {processor.py:914} INFO - Processing file /home/airflow/.local/lib/python3.12/site-packages/airflow/example_dags/example_branch_operator_decorator.py for tasks to queue
[2025-04-04T15:52:57.508+0000] {logging_mixin.py:190} INFO - [2025-04-04T15:52:57.508+0000] {dagbag.py:588} INFO - Filling up the DagBag from /home/airflow/.local/lib/python3.12/site-packages/airflow/example_dags/example_branch_operator_decorator.py
[2025-04-04T15:52:57.581+0000] {processor.py:925} INFO - DAG(s) 'example_branch_python_operator_decorator' retrieved from /home/airflow/.local/lib/python3.12/site-packages/airflow/example_dags/example_branch_operator_decorator.py
[2025-04-04T15:52:57.646+0000] {logging_mixin.py:190} INFO - [2025-04-04T15:52:57.646+0000] {dag.py:3239} INFO - Sync 1 DAGs
[2025-04-04T15:52:57.697+0000] {logging_mixin.py:190} INFO - [2025-04-04T15:52:57.697+0000] {dag.py:4180} INFO - Setting next_dagrun for example_branch_python_operator_decorator to 2025-04-03 00:00:00+00:00, run_after=2025-04-04 00:00:00+00:00
[2025-04-04T15:52:57.729+0000] {processor.py:208} INFO - Processing /home/airflow/.local/lib/python3.12/site-packages/airflow/example_dags/example_branch_operator_decorator.py took 0.246 seconds
[2025-04-04T15:53:28.169+0000] {processor.py:186} INFO - Started process (PID=853) to work on /home/airflow/.local/lib/python3.12/site-packages/airflow/example_dags/example_branch_operator_decorator.py
[2025-04-04T15:53:28.170+0000] {processor.py:914} INFO - Processing file /home/airflow/.local/lib/python3.12/site-packages/airflow/example_dags/example_branch_operator_decorator.py for tasks to queue
[2025-04-04T15:53:28.172+0000] {logging_mixin.py:190} INFO - [2025-04-04T15:53:28.172+0000] {dagbag.py:588} INFO - Filling up the DagBag from /home/airflow/.local/lib/python3.12/site-packages/airflow/example_dags/example_branch_operator_decorator.py
[2025-04-04T15:53:28.203+0000] {processor.py:925} INFO - DAG(s) 'example_branch_python_operator_decorator' retrieved from /home/airflow/.local/lib/python3.12/site-packages/airflow/example_dags/example_branch_operator_decorator.py
[2025-04-04T15:53:28.241+0000] {logging_mixin.py:190} INFO - [2025-04-04T15:53:28.241+0000] {dag.py:3239} INFO - Sync 1 DAGs
[2025-04-04T15:53:28.283+0000] {logging_mixin.py:190} INFO - [2025-04-04T15:53:28.282+0000] {dag.py:4180} INFO - Setting next_dagrun for example_branch_python_operator_decorator to 2025-04-03 00:00:00+00:00, run_after=2025-04-04 00:00:00+00:00
[2025-04-04T15:53:28.307+0000] {processor.py:208} INFO - Processing /home/airflow/.local/lib/python3.12/site-packages/airflow/example_dags/example_branch_operator_decorator.py took 0.146 seconds
[2025-04-04T15:53:58.753+0000] {processor.py:186} INFO - Started process (PID=917) to work on /home/airflow/.local/lib/python3.12/site-packages/airflow/example_dags/example_branch_operator_decorator.py
[2025-04-04T15:53:58.755+0000] {processor.py:914} INFO - Processing file /home/airflow/.local/lib/python3.12/site-packages/airflow/example_dags/example_branch_operator_decorator.py for tasks to queue
[2025-04-04T15:53:58.759+0000] {logging_mixin.py:190} INFO - [2025-04-04T15:53:58.758+0000] {dagbag.py:588} INFO - Filling up the DagBag from /home/airflow/.local/lib/python3.12/site-packages/airflow/example_dags/example_branch_operator_decorator.py
[2025-04-04T15:53:58.793+0000] {processor.py:925} INFO - DAG(s) 'example_branch_python_operator_decorator' retrieved from /home/airflow/.local/lib/python3.12/site-packages/airflow/example_dags/example_branch_operator_decorator.py
[2025-04-04T15:53:58.834+0000] {logging_mixin.py:190} INFO - [2025-04-04T15:53:58.834+0000] {dag.py:3239} INFO - Sync 1 DAGs
[2025-04-04T15:53:58.871+0000] {logging_mixin.py:190} INFO - [2025-04-04T15:53:58.871+0000] {dag.py:4180} INFO - Setting next_dagrun for example_branch_python_operator_decorator to 2025-04-03 00:00:00+00:00, run_after=2025-04-04 00:00:00+00:00
[2025-04-04T15:53:58.896+0000] {processor.py:208} INFO - Processing /home/airflow/.local/lib/python3.12/site-packages/airflow/example_dags/example_branch_operator_decorator.py took 0.152 seconds
[2025-04-04T15:54:29.119+0000] {processor.py:186} INFO - Started process (PID=981) to work on /home/airflow/.local/lib/python3.12/site-packages/airflow/example_dags/example_branch_operator_decorator.py
[2025-04-04T15:54:29.120+0000] {processor.py:914} INFO - Processing file /home/airflow/.local/lib/python3.12/site-packages/airflow/example_dags/example_branch_operator_decorator.py for tasks to queue
[2025-04-04T15:54:29.123+0000] {logging_mixin.py:190} INFO - [2025-04-04T15:54:29.123+0000] {dagbag.py:588} INFO - Filling up the DagBag from /home/airflow/.local/lib/python3.12/site-packages/airflow/example_dags/example_branch_operator_decorator.py
[2025-04-04T15:54:29.158+0000] {processor.py:925} INFO - DAG(s) 'example_branch_python_operator_decorator' retrieved from /home/airflow/.local/lib/python3.12/site-packages/airflow/example_dags/example_branch_operator_decorator.py
[2025-04-04T15:54:29.199+0000] {logging_mixin.py:190} INFO - [2025-04-04T15:54:29.199+0000] {dag.py:3239} INFO - Sync 1 DAGs
[2025-04-04T15:54:29.235+0000] {logging_mixin.py:190} INFO - [2025-04-04T15:54:29.235+0000] {dag.py:4180} INFO - Setting next_dagrun for example_branch_python_operator_decorator to 2025-04-03 00:00:00+00:00, run_after=2025-04-04 00:00:00+00:00
[2025-04-04T15:54:29.258+0000] {processor.py:208} INFO - Processing /home/airflow/.local/lib/python3.12/site-packages/airflow/example_dags/example_branch_operator_decorator.py took 0.147 seconds
[2025-04-04T15:54:59.670+0000] {processor.py:186} INFO - Started process (PID=1045) to work on /home/airflow/.local/lib/python3.12/site-packages/airflow/example_dags/example_branch_operator_decorator.py
[2025-04-04T15:54:59.671+0000] {processor.py:914} INFO - Processing file /home/airflow/.local/lib/python3.12/site-packages/airflow/example_dags/example_branch_operator_decorator.py for tasks to queue
[2025-04-04T15:54:59.674+0000] {logging_mixin.py:190} INFO - [2025-04-04T15:54:59.673+0000] {dagbag.py:588} INFO - Filling up the DagBag from /home/airflow/.local/lib/python3.12/site-packages/airflow/example_dags/example_branch_operator_decorator.py
[2025-04-04T15:54:59.712+0000] {processor.py:925} INFO - DAG(s) 'example_branch_python_operator_decorator' retrieved from /home/airflow/.local/lib/python3.12/site-packages/airflow/example_dags/example_branch_operator_decorator.py
[2025-04-04T15:54:59.753+0000] {logging_mixin.py:190} INFO - [2025-04-04T15:54:59.752+0000] {dag.py:3239} INFO - Sync 1 DAGs
[2025-04-04T15:54:59.791+0000] {logging_mixin.py:190} INFO - [2025-04-04T15:54:59.791+0000] {dag.py:4180} INFO - Setting next_dagrun for example_branch_python_operator_decorator to 2025-04-03 00:00:00+00:00, run_after=2025-04-04 00:00:00+00:00
[2025-04-04T15:54:59.816+0000] {processor.py:208} INFO - Processing /home/airflow/.local/lib/python3.12/site-packages/airflow/example_dags/example_branch_operator_decorator.py took 0.153 seconds
[2025-04-04T15:55:30.435+0000] {processor.py:186} INFO - Started process (PID=1109) to work on /home/airflow/.local/lib/python3.12/site-packages/airflow/example_dags/example_branch_operator_decorator.py
[2025-04-04T15:55:30.436+0000] {processor.py:914} INFO - Processing file /home/airflow/.local/lib/python3.12/site-packages/airflow/example_dags/example_branch_operator_decorator.py for tasks to queue
[2025-04-04T15:55:30.438+0000] {logging_mixin.py:190} INFO - [2025-04-04T15:55:30.438+0000] {dagbag.py:588} INFO - Filling up the DagBag from /home/airflow/.local/lib/python3.12/site-packages/airflow/example_dags/example_branch_operator_decorator.py
[2025-04-04T15:55:30.473+0000] {processor.py:925} INFO - DAG(s) 'example_branch_python_operator_decorator' retrieved from /home/airflow/.local/lib/python3.12/site-packages/airflow/example_dags/example_branch_operator_decorator.py
[2025-04-04T15:55:30.511+0000] {logging_mixin.py:190} INFO - [2025-04-04T15:55:30.511+0000] {dag.py:3239} INFO - Sync 1 DAGs
[2025-04-04T15:55:30.544+0000] {logging_mixin.py:190} INFO - [2025-04-04T15:55:30.543+0000] {dag.py:4180} INFO - Setting next_dagrun for example_branch_python_operator_decorator to 2025-04-03 00:00:00+00:00, run_after=2025-04-04 00:00:00+00:00
[2025-04-04T15:55:30.566+0000] {processor.py:208} INFO - Processing /home/airflow/.local/lib/python3.12/site-packages/airflow/example_dags/example_branch_operator_decorator.py took 0.138 seconds
[2025-04-04T15:56:01.426+0000] {processor.py:186} INFO - Started process (PID=1173) to work on /home/airflow/.local/lib/python3.12/site-packages/airflow/example_dags/example_branch_operator_decorator.py
[2025-04-04T15:56:01.427+0000] {processor.py:914} INFO - Processing file /home/airflow/.local/lib/python3.12/site-packages/airflow/example_dags/example_branch_operator_decorator.py for tasks to queue
[2025-04-04T15:56:01.429+0000] {logging_mixin.py:190} INFO - [2025-04-04T15:56:01.429+0000] {dagbag.py:588} INFO - Filling up the DagBag from /home/airflow/.local/lib/python3.12/site-packages/airflow/example_dags/example_branch_operator_decorator.py
[2025-04-04T15:56:01.468+0000] {processor.py:925} INFO - DAG(s) 'example_branch_python_operator_decorator' retrieved from /home/airflow/.local/lib/python3.12/site-packages/airflow/example_dags/example_branch_operator_decorator.py
[2025-04-04T15:56:01.513+0000] {logging_mixin.py:190} INFO - [2025-04-04T15:56:01.513+0000] {dag.py:3239} INFO - Sync 1 DAGs
[2025-04-04T15:56:01.553+0000] {logging_mixin.py:190} INFO - [2025-04-04T15:56:01.553+0000] {dag.py:4180} INFO - Setting next_dagrun for example_branch_python_operator_decorator to 2025-04-03 00:00:00+00:00, run_after=2025-04-04 00:00:00+00:00
[2025-04-04T15:56:01.577+0000] {processor.py:208} INFO - Processing /home/airflow/.local/lib/python3.12/site-packages/airflow/example_dags/example_branch_operator_decorator.py took 0.158 seconds
[2025-04-04T15:56:32.251+0000] {processor.py:186} INFO - Started process (PID=1237) to work on /home/airflow/.local/lib/python3.12/site-packages/airflow/example_dags/example_branch_operator_decorator.py
[2025-04-04T15:56:32.253+0000] {processor.py:914} INFO - Processing file /home/airflow/.local/lib/python3.12/site-packages/airflow/example_dags/example_branch_operator_decorator.py for tasks to queue
[2025-04-04T15:56:32.257+0000] {logging_mixin.py:190} INFO - [2025-04-04T15:56:32.256+0000] {dagbag.py:588} INFO - Filling up the DagBag from /home/airflow/.local/lib/python3.12/site-packages/airflow/example_dags/example_branch_operator_decorator.py
[2025-04-04T15:56:32.302+0000] {processor.py:925} INFO - DAG(s) 'example_branch_python_operator_decorator' retrieved from /home/airflow/.local/lib/python3.12/site-packages/airflow/example_dags/example_branch_operator_decorator.py
[2025-04-04T15:56:32.381+0000] {logging_mixin.py:190} INFO - [2025-04-04T15:56:32.380+0000] {dag.py:3239} INFO - Sync 1 DAGs
[2025-04-04T15:56:32.451+0000] {logging_mixin.py:190} INFO - [2025-04-04T15:56:32.451+0000] {dag.py:4180} INFO - Setting next_dagrun for example_branch_python_operator_decorator to 2025-04-03 00:00:00+00:00, run_after=2025-04-04 00:00:00+00:00
[2025-04-04T15:56:32.532+0000] {processor.py:208} INFO - Processing /home/airflow/.local/lib/python3.12/site-packages/airflow/example_dags/example_branch_operator_decorator.py took 0.291 seconds
[2025-04-04T15:57:02.982+0000] {processor.py:186} INFO - Started process (PID=1301) to work on /home/airflow/.local/lib/python3.12/site-packages/airflow/example_dags/example_branch_operator_decorator.py
[2025-04-04T15:57:02.984+0000] {processor.py:914} INFO - Processing file /home/airflow/.local/lib/python3.12/site-packages/airflow/example_dags/example_branch_operator_decorator.py for tasks to queue
[2025-04-04T15:57:02.988+0000] {logging_mixin.py:190} INFO - [2025-04-04T15:57:02.987+0000] {dagbag.py:588} INFO - Filling up the DagBag from /home/airflow/.local/lib/python3.12/site-packages/airflow/example_dags/example_branch_operator_decorator.py
[2025-04-04T15:57:03.039+0000] {processor.py:925} INFO - DAG(s) 'example_branch_python_operator_decorator' retrieved from /home/airflow/.local/lib/python3.12/site-packages/airflow/example_dags/example_branch_operator_decorator.py
[2025-04-04T15:57:03.126+0000] {logging_mixin.py:190} INFO - [2025-04-04T15:57:03.126+0000] {dag.py:3239} INFO - Sync 1 DAGs
[2025-04-04T15:57:03.190+0000] {logging_mixin.py:190} INFO - [2025-04-04T15:57:03.190+0000] {dag.py:4180} INFO - Setting next_dagrun for example_branch_python_operator_decorator to 2025-04-03 00:00:00+00:00, run_after=2025-04-04 00:00:00+00:00
[2025-04-04T15:57:03.229+0000] {processor.py:208} INFO - Processing /home/airflow/.local/lib/python3.12/site-packages/airflow/example_dags/example_branch_operator_decorator.py took 0.260 seconds
[2025-04-04T15:57:33.303+0000] {processor.py:186} INFO - Started process (PID=1365) to work on /home/airflow/.local/lib/python3.12/site-packages/airflow/example_dags/example_branch_operator_decorator.py
[2025-04-04T15:57:33.304+0000] {processor.py:914} INFO - Processing file /home/airflow/.local/lib/python3.12/site-packages/airflow/example_dags/example_branch_operator_decorator.py for tasks to queue
[2025-04-04T15:57:33.308+0000] {logging_mixin.py:190} INFO - [2025-04-04T15:57:33.308+0000] {dagbag.py:588} INFO - Filling up the DagBag from /home/airflow/.local/lib/python3.12/site-packages/airflow/example_dags/example_branch_operator_decorator.py
[2025-04-04T15:57:33.351+0000] {processor.py:925} INFO - DAG(s) 'example_branch_python_operator_decorator' retrieved from /home/airflow/.local/lib/python3.12/site-packages/airflow/example_dags/example_branch_operator_decorator.py
[2025-04-04T15:57:33.395+0000] {logging_mixin.py:190} INFO - [2025-04-04T15:57:33.395+0000] {dag.py:3239} INFO - Sync 1 DAGs
[2025-04-04T15:57:33.436+0000] {logging_mixin.py:190} INFO - [2025-04-04T15:57:33.436+0000] {dag.py:4180} INFO - Setting next_dagrun for example_branch_python_operator_decorator to 2025-04-03 00:00:00+00:00, run_after=2025-04-04 00:00:00+00:00
[2025-04-04T15:57:33.467+0000] {processor.py:208} INFO - Processing /home/airflow/.local/lib/python3.12/site-packages/airflow/example_dags/example_branch_operator_decorator.py took 0.173 seconds
[2025-04-04T15:58:03.684+0000] {processor.py:186} INFO - Started process (PID=1429) to work on /home/airflow/.local/lib/python3.12/site-packages/airflow/example_dags/example_branch_operator_decorator.py
[2025-04-04T15:58:03.686+0000] {processor.py:914} INFO - Processing file /home/airflow/.local/lib/python3.12/site-packages/airflow/example_dags/example_branch_operator_decorator.py for tasks to queue
[2025-04-04T15:58:03.698+0000] {logging_mixin.py:190} INFO - [2025-04-04T15:58:03.696+0000] {dagbag.py:588} INFO - Filling up the DagBag from /home/airflow/.local/lib/python3.12/site-packages/airflow/example_dags/example_branch_operator_decorator.py
[2025-04-04T15:58:03.776+0000] {processor.py:925} INFO - DAG(s) 'example_branch_python_operator_decorator' retrieved from /home/airflow/.local/lib/python3.12/site-packages/airflow/example_dags/example_branch_operator_decorator.py
[2025-04-04T15:58:03.841+0000] {logging_mixin.py:190} INFO - [2025-04-04T15:58:03.840+0000] {dag.py:3239} INFO - Sync 1 DAGs
[2025-04-04T15:58:03.888+0000] {logging_mixin.py:190} INFO - [2025-04-04T15:58:03.887+0000] {dag.py:4180} INFO - Setting next_dagrun for example_branch_python_operator_decorator to 2025-04-03 00:00:00+00:00, run_after=2025-04-04 00:00:00+00:00
[2025-04-04T15:58:03.922+0000] {processor.py:208} INFO - Processing /home/airflow/.local/lib/python3.12/site-packages/airflow/example_dags/example_branch_operator_decorator.py took 0.258 seconds
[2025-04-04T15:58:34.569+0000] {processor.py:186} INFO - Started process (PID=1493) to work on /home/airflow/.local/lib/python3.12/site-packages/airflow/example_dags/example_branch_operator_decorator.py
[2025-04-04T15:58:34.571+0000] {processor.py:914} INFO - Processing file /home/airflow/.local/lib/python3.12/site-packages/airflow/example_dags/example_branch_operator_decorator.py for tasks to queue
[2025-04-04T15:58:34.574+0000] {logging_mixin.py:190} INFO - [2025-04-04T15:58:34.573+0000] {dagbag.py:588} INFO - Filling up the DagBag from /home/airflow/.local/lib/python3.12/site-packages/airflow/example_dags/example_branch_operator_decorator.py
[2025-04-04T15:58:34.618+0000] {processor.py:925} INFO - DAG(s) 'example_branch_python_operator_decorator' retrieved from /home/airflow/.local/lib/python3.12/site-packages/airflow/example_dags/example_branch_operator_decorator.py
[2025-04-04T15:58:34.663+0000] {logging_mixin.py:190} INFO - [2025-04-04T15:58:34.663+0000] {dag.py:3239} INFO - Sync 1 DAGs
[2025-04-04T15:58:34.709+0000] {logging_mixin.py:190} INFO - [2025-04-04T15:58:34.709+0000] {dag.py:4180} INFO - Setting next_dagrun for example_branch_python_operator_decorator to 2025-04-03 00:00:00+00:00, run_after=2025-04-04 00:00:00+00:00
[2025-04-04T15:58:34.741+0000] {processor.py:208} INFO - Processing /home/airflow/.local/lib/python3.12/site-packages/airflow/example_dags/example_branch_operator_decorator.py took 0.182 seconds
[2025-04-04T16:00:49.777+0000] {processor.py:186} INFO - Started process (PID=85) to work on /home/airflow/.local/lib/python3.12/site-packages/airflow/example_dags/example_branch_operator_decorator.py
[2025-04-04T16:00:49.783+0000] {processor.py:914} INFO - Processing file /home/airflow/.local/lib/python3.12/site-packages/airflow/example_dags/example_branch_operator_decorator.py for tasks to queue
[2025-04-04T16:00:49.787+0000] {logging_mixin.py:190} INFO - [2025-04-04T16:00:49.787+0000] {dagbag.py:588} INFO - Filling up the DagBag from /home/airflow/.local/lib/python3.12/site-packages/airflow/example_dags/example_branch_operator_decorator.py
[2025-04-04T16:00:49.830+0000] {processor.py:925} INFO - DAG(s) 'example_branch_python_operator_decorator' retrieved from /home/airflow/.local/lib/python3.12/site-packages/airflow/example_dags/example_branch_operator_decorator.py
[2025-04-04T16:00:50.121+0000] {logging_mixin.py:190} INFO - [2025-04-04T16:00:50.120+0000] {dag.py:3239} INFO - Sync 1 DAGs
[2025-04-04T16:00:50.167+0000] {logging_mixin.py:190} INFO - [2025-04-04T16:00:50.166+0000] {dag.py:4180} INFO - Setting next_dagrun for example_branch_python_operator_decorator to 2025-04-03 00:00:00+00:00, run_after=2025-04-04 00:00:00+00:00
[2025-04-04T16:00:50.203+0000] {processor.py:208} INFO - Processing /home/airflow/.local/lib/python3.12/site-packages/airflow/example_dags/example_branch_operator_decorator.py took 0.437 seconds
[2025-04-04T16:01:20.504+0000] {processor.py:186} INFO - Started process (PID=148) to work on /home/airflow/.local/lib/python3.12/site-packages/airflow/example_dags/example_branch_operator_decorator.py
[2025-04-04T16:01:20.505+0000] {processor.py:914} INFO - Processing file /home/airflow/.local/lib/python3.12/site-packages/airflow/example_dags/example_branch_operator_decorator.py for tasks to queue
[2025-04-04T16:01:20.508+0000] {logging_mixin.py:190} INFO - [2025-04-04T16:01:20.508+0000] {dagbag.py:588} INFO - Filling up the DagBag from /home/airflow/.local/lib/python3.12/site-packages/airflow/example_dags/example_branch_operator_decorator.py
[2025-04-04T16:01:20.544+0000] {processor.py:925} INFO - DAG(s) 'example_branch_python_operator_decorator' retrieved from /home/airflow/.local/lib/python3.12/site-packages/airflow/example_dags/example_branch_operator_decorator.py
[2025-04-04T16:01:20.586+0000] {logging_mixin.py:190} INFO - [2025-04-04T16:01:20.585+0000] {dag.py:3239} INFO - Sync 1 DAGs
[2025-04-04T16:01:20.621+0000] {logging_mixin.py:190} INFO - [2025-04-04T16:01:20.621+0000] {dag.py:4180} INFO - Setting next_dagrun for example_branch_python_operator_decorator to 2025-04-03 00:00:00+00:00, run_after=2025-04-04 00:00:00+00:00
[2025-04-04T16:01:20.646+0000] {processor.py:208} INFO - Processing /home/airflow/.local/lib/python3.12/site-packages/airflow/example_dags/example_branch_operator_decorator.py took 0.151 seconds
[2025-04-04T16:01:51.219+0000] {processor.py:186} INFO - Started process (PID=212) to work on /home/airflow/.local/lib/python3.12/site-packages/airflow/example_dags/example_branch_operator_decorator.py
[2025-04-04T16:01:51.220+0000] {processor.py:914} INFO - Processing file /home/airflow/.local/lib/python3.12/site-packages/airflow/example_dags/example_branch_operator_decorator.py for tasks to queue
[2025-04-04T16:01:51.224+0000] {logging_mixin.py:190} INFO - [2025-04-04T16:01:51.223+0000] {dagbag.py:588} INFO - Filling up the DagBag from /home/airflow/.local/lib/python3.12/site-packages/airflow/example_dags/example_branch_operator_decorator.py
[2025-04-04T16:01:51.252+0000] {processor.py:925} INFO - DAG(s) 'example_branch_python_operator_decorator' retrieved from /home/airflow/.local/lib/python3.12/site-packages/airflow/example_dags/example_branch_operator_decorator.py
[2025-04-04T16:01:51.311+0000] {logging_mixin.py:190} INFO - [2025-04-04T16:01:51.311+0000] {dag.py:3239} INFO - Sync 1 DAGs
[2025-04-04T16:01:51.358+0000] {logging_mixin.py:190} INFO - [2025-04-04T16:01:51.358+0000] {dag.py:4180} INFO - Setting next_dagrun for example_branch_python_operator_decorator to 2025-04-03 00:00:00+00:00, run_after=2025-04-04 00:00:00+00:00
[2025-04-04T16:01:51.381+0000] {processor.py:208} INFO - Processing /home/airflow/.local/lib/python3.12/site-packages/airflow/example_dags/example_branch_operator_decorator.py took 0.171 seconds
[2025-04-04T16:02:21.464+0000] {processor.py:186} INFO - Started process (PID=276) to work on /home/airflow/.local/lib/python3.12/site-packages/airflow/example_dags/example_branch_operator_decorator.py
[2025-04-04T16:02:21.466+0000] {processor.py:914} INFO - Processing file /home/airflow/.local/lib/python3.12/site-packages/airflow/example_dags/example_branch_operator_decorator.py for tasks to queue
[2025-04-04T16:02:21.470+0000] {logging_mixin.py:190} INFO - [2025-04-04T16:02:21.469+0000] {dagbag.py:588} INFO - Filling up the DagBag from /home/airflow/.local/lib/python3.12/site-packages/airflow/example_dags/example_branch_operator_decorator.py
[2025-04-04T16:02:21.511+0000] {processor.py:925} INFO - DAG(s) 'example_branch_python_operator_decorator' retrieved from /home/airflow/.local/lib/python3.12/site-packages/airflow/example_dags/example_branch_operator_decorator.py
[2025-04-04T16:02:21.559+0000] {logging_mixin.py:190} INFO - [2025-04-04T16:02:21.559+0000] {dag.py:3239} INFO - Sync 1 DAGs
[2025-04-04T16:02:21.593+0000] {logging_mixin.py:190} INFO - [2025-04-04T16:02:21.593+0000] {dag.py:4180} INFO - Setting next_dagrun for example_branch_python_operator_decorator to 2025-04-03 00:00:00+00:00, run_after=2025-04-04 00:00:00+00:00
[2025-04-04T16:02:21.616+0000] {processor.py:208} INFO - Processing /home/airflow/.local/lib/python3.12/site-packages/airflow/example_dags/example_branch_operator_decorator.py took 0.160 seconds
[2025-04-04T16:02:51.682+0000] {processor.py:186} INFO - Started process (PID=339) to work on /home/airflow/.local/lib/python3.12/site-packages/airflow/example_dags/example_branch_operator_decorator.py
[2025-04-04T16:02:51.684+0000] {processor.py:914} INFO - Processing file /home/airflow/.local/lib/python3.12/site-packages/airflow/example_dags/example_branch_operator_decorator.py for tasks to queue
[2025-04-04T16:02:51.689+0000] {logging_mixin.py:190} INFO - [2025-04-04T16:02:51.689+0000] {dagbag.py:588} INFO - Filling up the DagBag from /home/airflow/.local/lib/python3.12/site-packages/airflow/example_dags/example_branch_operator_decorator.py
[2025-04-04T16:02:51.733+0000] {processor.py:925} INFO - DAG(s) 'example_branch_python_operator_decorator' retrieved from /home/airflow/.local/lib/python3.12/site-packages/airflow/example_dags/example_branch_operator_decorator.py
[2025-04-04T16:02:51.787+0000] {logging_mixin.py:190} INFO - [2025-04-04T16:02:51.786+0000] {dag.py:3239} INFO - Sync 1 DAGs
[2025-04-04T16:02:51.830+0000] {logging_mixin.py:190} INFO - [2025-04-04T16:02:51.830+0000] {dag.py:4180} INFO - Setting next_dagrun for example_branch_python_operator_decorator to 2025-04-03 00:00:00+00:00, run_after=2025-04-04 00:00:00+00:00
[2025-04-04T16:02:51.856+0000] {processor.py:208} INFO - Processing /home/airflow/.local/lib/python3.12/site-packages/airflow/example_dags/example_branch_operator_decorator.py took 0.190 seconds
