[2025-04-04T15:44:15.508+0000] {processor.py:186} INFO - Started process (PID=99) to work on /home/airflow/.local/lib/python3.12/site-packages/airflow/example_dags/example_branch_operator.py
[2025-04-04T15:44:15.511+0000] {processor.py:914} INFO - Processing file /home/airflow/.local/lib/python3.12/site-packages/airflow/example_dags/example_branch_operator.py for tasks to queue
[2025-04-04T15:44:15.521+0000] {logging_mixin.py:190} INFO - [2025-04-04T15:44:15.520+0000] {dagbag.py:588} INFO - Filling up the DagBag from /home/airflow/.local/lib/python3.12/site-packages/airflow/example_dags/example_branch_operator.py
[2025-04-04T15:44:15.625+0000] {processor.py:925} INFO - DAG(s) 'example_branch_operator' retrieved from /home/airflow/.local/lib/python3.12/site-packages/airflow/example_dags/example_branch_operator.py
[2025-04-04T15:44:15.857+0000] {logging_mixin.py:190} INFO - [2025-04-04T15:44:15.856+0000] {override.py:1912} INFO - Created Permission View: can edit on DAG:example_branch_operator
[2025-04-04T15:44:15.877+0000] {logging_mixin.py:190} INFO - [2025-04-04T15:44:15.876+0000] {override.py:1912} INFO - Created Permission View: can read on DAG:example_branch_operator
[2025-04-04T15:44:15.911+0000] {logging_mixin.py:190} INFO - [2025-04-04T15:44:15.910+0000] {override.py:1912} INFO - Created Permission View: can delete on DAG:example_branch_operator
[2025-04-04T15:44:15.945+0000] {logging_mixin.py:190} INFO - [2025-04-04T15:44:15.944+0000] {override.py:1912} INFO - Created Permission View: menu access on DAG Run:example_branch_operator
[2025-04-04T15:44:15.963+0000] {logging_mixin.py:190} INFO - [2025-04-04T15:44:15.963+0000] {override.py:1912} INFO - Created Permission View: can read on DAG Run:example_branch_operator
[2025-04-04T15:44:15.977+0000] {logging_mixin.py:190} INFO - [2025-04-04T15:44:15.976+0000] {override.py:1912} INFO - Created Permission View: can create on DAG Run:example_branch_operator
[2025-04-04T15:44:15.990+0000] {logging_mixin.py:190} INFO - [2025-04-04T15:44:15.990+0000] {override.py:1912} INFO - Created Permission View: can delete on DAG Run:example_branch_operator
[2025-04-04T15:44:15.991+0000] {logging_mixin.py:190} INFO - [2025-04-04T15:44:15.991+0000] {dag.py:3239} INFO - Sync 1 DAGs
[2025-04-04T15:44:16.014+0000] {logging_mixin.py:190} INFO - [2025-04-04T15:44:16.013+0000] {dag.py:3262} INFO - Creating ORM DAG for example_branch_operator
[2025-04-04T15:44:16.028+0000] {logging_mixin.py:190} INFO - [2025-04-04T15:44:16.028+0000] {dag.py:4180} INFO - Setting next_dagrun for example_branch_operator to 2025-04-03 00:00:00+00:00, run_after=2025-04-04 00:00:00+00:00
[2025-04-04T15:44:16.050+0000] {processor.py:208} INFO - Processing /home/airflow/.local/lib/python3.12/site-packages/airflow/example_dags/example_branch_operator.py took 0.553 seconds
[2025-04-04T15:44:46.504+0000] {processor.py:186} INFO - Started process (PID=162) to work on /home/airflow/.local/lib/python3.12/site-packages/airflow/example_dags/example_branch_operator.py
[2025-04-04T15:44:46.506+0000] {processor.py:914} INFO - Processing file /home/airflow/.local/lib/python3.12/site-packages/airflow/example_dags/example_branch_operator.py for tasks to queue
[2025-04-04T15:44:46.511+0000] {logging_mixin.py:190} INFO - [2025-04-04T15:44:46.510+0000] {dagbag.py:588} INFO - Filling up the DagBag from /home/airflow/.local/lib/python3.12/site-packages/airflow/example_dags/example_branch_operator.py
[2025-04-04T15:44:46.552+0000] {processor.py:925} INFO - DAG(s) 'example_branch_operator' retrieved from /home/airflow/.local/lib/python3.12/site-packages/airflow/example_dags/example_branch_operator.py
[2025-04-04T15:44:46.617+0000] {logging_mixin.py:190} INFO - [2025-04-04T15:44:46.616+0000] {dag.py:3239} INFO - Sync 1 DAGs
[2025-04-04T15:44:46.680+0000] {logging_mixin.py:190} INFO - [2025-04-04T15:44:46.679+0000] {dag.py:4180} INFO - Setting next_dagrun for example_branch_operator to 2025-04-03 00:00:00+00:00, run_after=2025-04-04 00:00:00+00:00
[2025-04-04T15:44:46.723+0000] {processor.py:208} INFO - Processing /home/airflow/.local/lib/python3.12/site-packages/airflow/example_dags/example_branch_operator.py took 0.233 seconds
[2025-04-04T15:45:17.600+0000] {processor.py:186} INFO - Started process (PID=225) to work on /home/airflow/.local/lib/python3.12/site-packages/airflow/example_dags/example_branch_operator.py
[2025-04-04T15:45:17.601+0000] {processor.py:914} INFO - Processing file /home/airflow/.local/lib/python3.12/site-packages/airflow/example_dags/example_branch_operator.py for tasks to queue
[2025-04-04T15:45:17.605+0000] {logging_mixin.py:190} INFO - [2025-04-04T15:45:17.605+0000] {dagbag.py:588} INFO - Filling up the DagBag from /home/airflow/.local/lib/python3.12/site-packages/airflow/example_dags/example_branch_operator.py
[2025-04-04T15:45:17.641+0000] {processor.py:925} INFO - DAG(s) 'example_branch_operator' retrieved from /home/airflow/.local/lib/python3.12/site-packages/airflow/example_dags/example_branch_operator.py
[2025-04-04T15:45:17.717+0000] {logging_mixin.py:190} INFO - [2025-04-04T15:45:17.716+0000] {dag.py:3239} INFO - Sync 1 DAGs
[2025-04-04T15:45:17.756+0000] {logging_mixin.py:190} INFO - [2025-04-04T15:45:17.755+0000] {dag.py:4180} INFO - Setting next_dagrun for example_branch_operator to 2025-04-03 00:00:00+00:00, run_after=2025-04-04 00:00:00+00:00
[2025-04-04T15:45:17.789+0000] {processor.py:208} INFO - Processing /home/airflow/.local/lib/python3.12/site-packages/airflow/example_dags/example_branch_operator.py took 0.200 seconds
[2025-04-04T15:45:48.671+0000] {processor.py:186} INFO - Started process (PID=288) to work on /home/airflow/.local/lib/python3.12/site-packages/airflow/example_dags/example_branch_operator.py
[2025-04-04T15:45:48.673+0000] {processor.py:914} INFO - Processing file /home/airflow/.local/lib/python3.12/site-packages/airflow/example_dags/example_branch_operator.py for tasks to queue
[2025-04-04T15:45:48.676+0000] {logging_mixin.py:190} INFO - [2025-04-04T15:45:48.675+0000] {dagbag.py:588} INFO - Filling up the DagBag from /home/airflow/.local/lib/python3.12/site-packages/airflow/example_dags/example_branch_operator.py
[2025-04-04T15:45:48.699+0000] {processor.py:925} INFO - DAG(s) 'example_branch_operator' retrieved from /home/airflow/.local/lib/python3.12/site-packages/airflow/example_dags/example_branch_operator.py
[2025-04-04T15:45:48.737+0000] {logging_mixin.py:190} INFO - [2025-04-04T15:45:48.736+0000] {dag.py:3239} INFO - Sync 1 DAGs
[2025-04-04T15:45:48.771+0000] {logging_mixin.py:190} INFO - [2025-04-04T15:45:48.771+0000] {dag.py:4180} INFO - Setting next_dagrun for example_branch_operator to 2025-04-03 00:00:00+00:00, run_after=2025-04-04 00:00:00+00:00
[2025-04-04T15:45:48.796+0000] {processor.py:208} INFO - Processing /home/airflow/.local/lib/python3.12/site-packages/airflow/example_dags/example_branch_operator.py took 0.134 seconds
[2025-04-04T15:47:20.613+0000] {processor.py:186} INFO - Started process (PID=93) to work on /home/airflow/.local/lib/python3.12/site-packages/airflow/example_dags/example_branch_operator.py
[2025-04-04T15:47:20.615+0000] {processor.py:914} INFO - Processing file /home/airflow/.local/lib/python3.12/site-packages/airflow/example_dags/example_branch_operator.py for tasks to queue
[2025-04-04T15:47:20.618+0000] {logging_mixin.py:190} INFO - [2025-04-04T15:47:20.618+0000] {dagbag.py:588} INFO - Filling up the DagBag from /home/airflow/.local/lib/python3.12/site-packages/airflow/example_dags/example_branch_operator.py
[2025-04-04T15:47:20.655+0000] {processor.py:925} INFO - DAG(s) 'example_branch_operator' retrieved from /home/airflow/.local/lib/python3.12/site-packages/airflow/example_dags/example_branch_operator.py
[2025-04-04T15:47:20.949+0000] {logging_mixin.py:190} INFO - [2025-04-04T15:47:20.948+0000] {dag.py:3239} INFO - Sync 1 DAGs
[2025-04-04T15:47:20.992+0000] {logging_mixin.py:190} INFO - [2025-04-04T15:47:20.992+0000] {dag.py:4180} INFO - Setting next_dagrun for example_branch_operator to 2025-04-03 00:00:00+00:00, run_after=2025-04-04 00:00:00+00:00
[2025-04-04T15:47:21.029+0000] {processor.py:208} INFO - Processing /home/airflow/.local/lib/python3.12/site-packages/airflow/example_dags/example_branch_operator.py took 0.426 seconds
[2025-04-04T15:47:51.127+0000] {processor.py:186} INFO - Started process (PID=157) to work on /home/airflow/.local/lib/python3.12/site-packages/airflow/example_dags/example_branch_operator.py
[2025-04-04T15:47:51.127+0000] {processor.py:914} INFO - Processing file /home/airflow/.local/lib/python3.12/site-packages/airflow/example_dags/example_branch_operator.py for tasks to queue
[2025-04-04T15:47:51.130+0000] {logging_mixin.py:190} INFO - [2025-04-04T15:47:51.130+0000] {dagbag.py:588} INFO - Filling up the DagBag from /home/airflow/.local/lib/python3.12/site-packages/airflow/example_dags/example_branch_operator.py
[2025-04-04T15:47:51.152+0000] {processor.py:925} INFO - DAG(s) 'example_branch_operator' retrieved from /home/airflow/.local/lib/python3.12/site-packages/airflow/example_dags/example_branch_operator.py
[2025-04-04T15:47:51.192+0000] {logging_mixin.py:190} INFO - [2025-04-04T15:47:51.192+0000] {dag.py:3239} INFO - Sync 1 DAGs
[2025-04-04T15:47:51.223+0000] {logging_mixin.py:190} INFO - [2025-04-04T15:47:51.223+0000] {dag.py:4180} INFO - Setting next_dagrun for example_branch_operator to 2025-04-03 00:00:00+00:00, run_after=2025-04-04 00:00:00+00:00
[2025-04-04T15:47:51.251+0000] {processor.py:208} INFO - Processing /home/airflow/.local/lib/python3.12/site-packages/airflow/example_dags/example_branch_operator.py took 0.131 seconds
[2025-04-04T15:48:22.515+0000] {processor.py:186} INFO - Started process (PID=221) to work on /home/airflow/.local/lib/python3.12/site-packages/airflow/example_dags/example_branch_operator.py
[2025-04-04T15:48:22.517+0000] {processor.py:914} INFO - Processing file /home/airflow/.local/lib/python3.12/site-packages/airflow/example_dags/example_branch_operator.py for tasks to queue
[2025-04-04T15:48:22.520+0000] {logging_mixin.py:190} INFO - [2025-04-04T15:48:22.520+0000] {dagbag.py:588} INFO - Filling up the DagBag from /home/airflow/.local/lib/python3.12/site-packages/airflow/example_dags/example_branch_operator.py
[2025-04-04T15:48:22.556+0000] {processor.py:925} INFO - DAG(s) 'example_branch_operator' retrieved from /home/airflow/.local/lib/python3.12/site-packages/airflow/example_dags/example_branch_operator.py
[2025-04-04T15:48:22.591+0000] {logging_mixin.py:190} INFO - [2025-04-04T15:48:22.591+0000] {dag.py:3239} INFO - Sync 1 DAGs
[2025-04-04T15:48:22.622+0000] {logging_mixin.py:190} INFO - [2025-04-04T15:48:22.622+0000] {dag.py:4180} INFO - Setting next_dagrun for example_branch_operator to 2025-04-03 00:00:00+00:00, run_after=2025-04-04 00:00:00+00:00
[2025-04-04T15:48:22.646+0000] {processor.py:208} INFO - Processing /home/airflow/.local/lib/python3.12/site-packages/airflow/example_dags/example_branch_operator.py took 0.141 seconds
[2025-04-04T15:48:53.877+0000] {processor.py:186} INFO - Started process (PID=285) to work on /home/airflow/.local/lib/python3.12/site-packages/airflow/example_dags/example_branch_operator.py
[2025-04-04T15:48:53.879+0000] {processor.py:914} INFO - Processing file /home/airflow/.local/lib/python3.12/site-packages/airflow/example_dags/example_branch_operator.py for tasks to queue
[2025-04-04T15:48:53.883+0000] {logging_mixin.py:190} INFO - [2025-04-04T15:48:53.883+0000] {dagbag.py:588} INFO - Filling up the DagBag from /home/airflow/.local/lib/python3.12/site-packages/airflow/example_dags/example_branch_operator.py
[2025-04-04T15:48:53.934+0000] {processor.py:925} INFO - DAG(s) 'example_branch_operator' retrieved from /home/airflow/.local/lib/python3.12/site-packages/airflow/example_dags/example_branch_operator.py
[2025-04-04T15:48:54.022+0000] {logging_mixin.py:190} INFO - [2025-04-04T15:48:54.021+0000] {dag.py:3239} INFO - Sync 1 DAGs
[2025-04-04T15:48:54.091+0000] {logging_mixin.py:190} INFO - [2025-04-04T15:48:54.091+0000] {dag.py:4180} INFO - Setting next_dagrun for example_branch_operator to 2025-04-03 00:00:00+00:00, run_after=2025-04-04 00:00:00+00:00
[2025-04-04T15:48:54.133+0000] {processor.py:208} INFO - Processing /home/airflow/.local/lib/python3.12/site-packages/airflow/example_dags/example_branch_operator.py took 0.267 seconds
[2025-04-04T15:49:24.893+0000] {processor.py:186} INFO - Started process (PID=349) to work on /home/airflow/.local/lib/python3.12/site-packages/airflow/example_dags/example_branch_operator.py
[2025-04-04T15:49:24.895+0000] {processor.py:914} INFO - Processing file /home/airflow/.local/lib/python3.12/site-packages/airflow/example_dags/example_branch_operator.py for tasks to queue
[2025-04-04T15:49:24.897+0000] {logging_mixin.py:190} INFO - [2025-04-04T15:49:24.897+0000] {dagbag.py:588} INFO - Filling up the DagBag from /home/airflow/.local/lib/python3.12/site-packages/airflow/example_dags/example_branch_operator.py
[2025-04-04T15:49:24.923+0000] {processor.py:925} INFO - DAG(s) 'example_branch_operator' retrieved from /home/airflow/.local/lib/python3.12/site-packages/airflow/example_dags/example_branch_operator.py
[2025-04-04T15:49:24.964+0000] {logging_mixin.py:190} INFO - [2025-04-04T15:49:24.963+0000] {dag.py:3239} INFO - Sync 1 DAGs
[2025-04-04T15:49:25.005+0000] {logging_mixin.py:190} INFO - [2025-04-04T15:49:25.005+0000] {dag.py:4180} INFO - Setting next_dagrun for example_branch_operator to 2025-04-03 00:00:00+00:00, run_after=2025-04-04 00:00:00+00:00
[2025-04-04T15:49:25.036+0000] {processor.py:208} INFO - Processing /home/airflow/.local/lib/python3.12/site-packages/airflow/example_dags/example_branch_operator.py took 0.151 seconds
[2025-04-04T15:49:55.093+0000] {processor.py:186} INFO - Started process (PID=412) to work on /home/airflow/.local/lib/python3.12/site-packages/airflow/example_dags/example_branch_operator.py
[2025-04-04T15:49:55.094+0000] {processor.py:914} INFO - Processing file /home/airflow/.local/lib/python3.12/site-packages/airflow/example_dags/example_branch_operator.py for tasks to queue
[2025-04-04T15:49:55.097+0000] {logging_mixin.py:190} INFO - [2025-04-04T15:49:55.096+0000] {dagbag.py:588} INFO - Filling up the DagBag from /home/airflow/.local/lib/python3.12/site-packages/airflow/example_dags/example_branch_operator.py
[2025-04-04T15:49:55.120+0000] {processor.py:925} INFO - DAG(s) 'example_branch_operator' retrieved from /home/airflow/.local/lib/python3.12/site-packages/airflow/example_dags/example_branch_operator.py
[2025-04-04T15:49:55.158+0000] {logging_mixin.py:190} INFO - [2025-04-04T15:49:55.158+0000] {dag.py:3239} INFO - Sync 1 DAGs
[2025-04-04T15:49:55.192+0000] {logging_mixin.py:190} INFO - [2025-04-04T15:49:55.192+0000] {dag.py:4180} INFO - Setting next_dagrun for example_branch_operator to 2025-04-03 00:00:00+00:00, run_after=2025-04-04 00:00:00+00:00
[2025-04-04T15:49:55.218+0000] {processor.py:208} INFO - Processing /home/airflow/.local/lib/python3.12/site-packages/airflow/example_dags/example_branch_operator.py took 0.133 seconds
[2025-04-04T15:50:25.662+0000] {processor.py:186} INFO - Started process (PID=476) to work on /home/airflow/.local/lib/python3.12/site-packages/airflow/example_dags/example_branch_operator.py
[2025-04-04T15:50:25.663+0000] {processor.py:914} INFO - Processing file /home/airflow/.local/lib/python3.12/site-packages/airflow/example_dags/example_branch_operator.py for tasks to queue
[2025-04-04T15:50:25.666+0000] {logging_mixin.py:190} INFO - [2025-04-04T15:50:25.665+0000] {dagbag.py:588} INFO - Filling up the DagBag from /home/airflow/.local/lib/python3.12/site-packages/airflow/example_dags/example_branch_operator.py
[2025-04-04T15:50:25.697+0000] {processor.py:925} INFO - DAG(s) 'example_branch_operator' retrieved from /home/airflow/.local/lib/python3.12/site-packages/airflow/example_dags/example_branch_operator.py
[2025-04-04T15:50:25.738+0000] {logging_mixin.py:190} INFO - [2025-04-04T15:50:25.738+0000] {dag.py:3239} INFO - Sync 1 DAGs
[2025-04-04T15:50:25.780+0000] {logging_mixin.py:190} INFO - [2025-04-04T15:50:25.780+0000] {dag.py:4180} INFO - Setting next_dagrun for example_branch_operator to 2025-04-03 00:00:00+00:00, run_after=2025-04-04 00:00:00+00:00
[2025-04-04T15:50:25.810+0000] {processor.py:208} INFO - Processing /home/airflow/.local/lib/python3.12/site-packages/airflow/example_dags/example_branch_operator.py took 0.156 seconds
[2025-04-04T15:50:55.942+0000] {processor.py:186} INFO - Started process (PID=540) to work on /home/airflow/.local/lib/python3.12/site-packages/airflow/example_dags/example_branch_operator.py
[2025-04-04T15:50:55.943+0000] {processor.py:914} INFO - Processing file /home/airflow/.local/lib/python3.12/site-packages/airflow/example_dags/example_branch_operator.py for tasks to queue
[2025-04-04T15:50:55.946+0000] {logging_mixin.py:190} INFO - [2025-04-04T15:50:55.946+0000] {dagbag.py:588} INFO - Filling up the DagBag from /home/airflow/.local/lib/python3.12/site-packages/airflow/example_dags/example_branch_operator.py
[2025-04-04T15:50:55.970+0000] {processor.py:925} INFO - DAG(s) 'example_branch_operator' retrieved from /home/airflow/.local/lib/python3.12/site-packages/airflow/example_dags/example_branch_operator.py
[2025-04-04T15:50:56.019+0000] {logging_mixin.py:190} INFO - [2025-04-04T15:50:56.019+0000] {dag.py:3239} INFO - Sync 1 DAGs
[2025-04-04T15:50:56.055+0000] {logging_mixin.py:190} INFO - [2025-04-04T15:50:56.055+0000] {dag.py:4180} INFO - Setting next_dagrun for example_branch_operator to 2025-04-03 00:00:00+00:00, run_after=2025-04-04 00:00:00+00:00
[2025-04-04T15:50:56.081+0000] {processor.py:208} INFO - Processing /home/airflow/.local/lib/python3.12/site-packages/airflow/example_dags/example_branch_operator.py took 0.146 seconds
[2025-04-04T15:51:26.956+0000] {processor.py:186} INFO - Started process (PID=604) to work on /home/airflow/.local/lib/python3.12/site-packages/airflow/example_dags/example_branch_operator.py
[2025-04-04T15:51:26.957+0000] {processor.py:914} INFO - Processing file /home/airflow/.local/lib/python3.12/site-packages/airflow/example_dags/example_branch_operator.py for tasks to queue
[2025-04-04T15:51:26.960+0000] {logging_mixin.py:190} INFO - [2025-04-04T15:51:26.960+0000] {dagbag.py:588} INFO - Filling up the DagBag from /home/airflow/.local/lib/python3.12/site-packages/airflow/example_dags/example_branch_operator.py
[2025-04-04T15:51:26.989+0000] {processor.py:925} INFO - DAG(s) 'example_branch_operator' retrieved from /home/airflow/.local/lib/python3.12/site-packages/airflow/example_dags/example_branch_operator.py
[2025-04-04T15:51:27.033+0000] {logging_mixin.py:190} INFO - [2025-04-04T15:51:27.033+0000] {dag.py:3239} INFO - Sync 1 DAGs
[2025-04-04T15:51:27.067+0000] {logging_mixin.py:190} INFO - [2025-04-04T15:51:27.067+0000] {dag.py:4180} INFO - Setting next_dagrun for example_branch_operator to 2025-04-03 00:00:00+00:00, run_after=2025-04-04 00:00:00+00:00
[2025-04-04T15:51:27.089+0000] {processor.py:208} INFO - Processing /home/airflow/.local/lib/python3.12/site-packages/airflow/example_dags/example_branch_operator.py took 0.142 seconds
[2025-04-04T15:51:57.218+0000] {processor.py:186} INFO - Started process (PID=668) to work on /home/airflow/.local/lib/python3.12/site-packages/airflow/example_dags/example_branch_operator.py
[2025-04-04T15:51:57.219+0000] {processor.py:914} INFO - Processing file /home/airflow/.local/lib/python3.12/site-packages/airflow/example_dags/example_branch_operator.py for tasks to queue
[2025-04-04T15:51:57.222+0000] {logging_mixin.py:190} INFO - [2025-04-04T15:51:57.221+0000] {dagbag.py:588} INFO - Filling up the DagBag from /home/airflow/.local/lib/python3.12/site-packages/airflow/example_dags/example_branch_operator.py
[2025-04-04T15:51:57.248+0000] {processor.py:925} INFO - DAG(s) 'example_branch_operator' retrieved from /home/airflow/.local/lib/python3.12/site-packages/airflow/example_dags/example_branch_operator.py
[2025-04-04T15:51:57.284+0000] {logging_mixin.py:190} INFO - [2025-04-04T15:51:57.284+0000] {dag.py:3239} INFO - Sync 1 DAGs
[2025-04-04T15:51:57.327+0000] {logging_mixin.py:190} INFO - [2025-04-04T15:51:57.327+0000] {dag.py:4180} INFO - Setting next_dagrun for example_branch_operator to 2025-04-03 00:00:00+00:00, run_after=2025-04-04 00:00:00+00:00
[2025-04-04T15:51:57.357+0000] {processor.py:208} INFO - Processing /home/airflow/.local/lib/python3.12/site-packages/airflow/example_dags/example_branch_operator.py took 0.147 seconds
[2025-04-04T15:52:28.230+0000] {processor.py:186} INFO - Started process (PID=732) to work on /home/airflow/.local/lib/python3.12/site-packages/airflow/example_dags/example_branch_operator.py
[2025-04-04T15:52:28.231+0000] {processor.py:914} INFO - Processing file /home/airflow/.local/lib/python3.12/site-packages/airflow/example_dags/example_branch_operator.py for tasks to queue
[2025-04-04T15:52:28.234+0000] {logging_mixin.py:190} INFO - [2025-04-04T15:52:28.233+0000] {dagbag.py:588} INFO - Filling up the DagBag from /home/airflow/.local/lib/python3.12/site-packages/airflow/example_dags/example_branch_operator.py
[2025-04-04T15:52:28.257+0000] {processor.py:925} INFO - DAG(s) 'example_branch_operator' retrieved from /home/airflow/.local/lib/python3.12/site-packages/airflow/example_dags/example_branch_operator.py
[2025-04-04T15:52:28.296+0000] {logging_mixin.py:190} INFO - [2025-04-04T15:52:28.296+0000] {dag.py:3239} INFO - Sync 1 DAGs
[2025-04-04T15:52:28.336+0000] {logging_mixin.py:190} INFO - [2025-04-04T15:52:28.335+0000] {dag.py:4180} INFO - Setting next_dagrun for example_branch_operator to 2025-04-03 00:00:00+00:00, run_after=2025-04-04 00:00:00+00:00
[2025-04-04T15:52:28.361+0000] {processor.py:208} INFO - Processing /home/airflow/.local/lib/python3.12/site-packages/airflow/example_dags/example_branch_operator.py took 0.140 seconds
[2025-04-04T15:52:59.182+0000] {processor.py:186} INFO - Started process (PID=796) to work on /home/airflow/.local/lib/python3.12/site-packages/airflow/example_dags/example_branch_operator.py
[2025-04-04T15:52:59.184+0000] {processor.py:914} INFO - Processing file /home/airflow/.local/lib/python3.12/site-packages/airflow/example_dags/example_branch_operator.py for tasks to queue
[2025-04-04T15:52:59.188+0000] {logging_mixin.py:190} INFO - [2025-04-04T15:52:59.187+0000] {dagbag.py:588} INFO - Filling up the DagBag from /home/airflow/.local/lib/python3.12/site-packages/airflow/example_dags/example_branch_operator.py
[2025-04-04T15:52:59.223+0000] {processor.py:925} INFO - DAG(s) 'example_branch_operator' retrieved from /home/airflow/.local/lib/python3.12/site-packages/airflow/example_dags/example_branch_operator.py
[2025-04-04T15:52:59.283+0000] {logging_mixin.py:190} INFO - [2025-04-04T15:52:59.282+0000] {dag.py:3239} INFO - Sync 1 DAGs
[2025-04-04T15:52:59.367+0000] {logging_mixin.py:190} INFO - [2025-04-04T15:52:59.367+0000] {dag.py:4180} INFO - Setting next_dagrun for example_branch_operator to 2025-04-03 00:00:00+00:00, run_after=2025-04-04 00:00:00+00:00
[2025-04-04T15:52:59.415+0000] {processor.py:208} INFO - Processing /home/airflow/.local/lib/python3.12/site-packages/airflow/example_dags/example_branch_operator.py took 0.244 seconds
[2025-04-04T15:53:29.818+0000] {processor.py:186} INFO - Started process (PID=860) to work on /home/airflow/.local/lib/python3.12/site-packages/airflow/example_dags/example_branch_operator.py
[2025-04-04T15:53:29.819+0000] {processor.py:914} INFO - Processing file /home/airflow/.local/lib/python3.12/site-packages/airflow/example_dags/example_branch_operator.py for tasks to queue
[2025-04-04T15:53:29.823+0000] {logging_mixin.py:190} INFO - [2025-04-04T15:53:29.823+0000] {dagbag.py:588} INFO - Filling up the DagBag from /home/airflow/.local/lib/python3.12/site-packages/airflow/example_dags/example_branch_operator.py
[2025-04-04T15:53:29.862+0000] {processor.py:925} INFO - DAG(s) 'example_branch_operator' retrieved from /home/airflow/.local/lib/python3.12/site-packages/airflow/example_dags/example_branch_operator.py
[2025-04-04T15:53:29.917+0000] {logging_mixin.py:190} INFO - [2025-04-04T15:53:29.917+0000] {dag.py:3239} INFO - Sync 1 DAGs
[2025-04-04T15:53:29.962+0000] {logging_mixin.py:190} INFO - [2025-04-04T15:53:29.962+0000] {dag.py:4180} INFO - Setting next_dagrun for example_branch_operator to 2025-04-03 00:00:00+00:00, run_after=2025-04-04 00:00:00+00:00
[2025-04-04T15:53:29.992+0000] {processor.py:208} INFO - Processing /home/airflow/.local/lib/python3.12/site-packages/airflow/example_dags/example_branch_operator.py took 0.186 seconds
[2025-04-04T15:54:00.412+0000] {processor.py:186} INFO - Started process (PID=924) to work on /home/airflow/.local/lib/python3.12/site-packages/airflow/example_dags/example_branch_operator.py
[2025-04-04T15:54:00.413+0000] {processor.py:914} INFO - Processing file /home/airflow/.local/lib/python3.12/site-packages/airflow/example_dags/example_branch_operator.py for tasks to queue
[2025-04-04T15:54:00.416+0000] {logging_mixin.py:190} INFO - [2025-04-04T15:54:00.415+0000] {dagbag.py:588} INFO - Filling up the DagBag from /home/airflow/.local/lib/python3.12/site-packages/airflow/example_dags/example_branch_operator.py
[2025-04-04T15:54:00.439+0000] {processor.py:925} INFO - DAG(s) 'example_branch_operator' retrieved from /home/airflow/.local/lib/python3.12/site-packages/airflow/example_dags/example_branch_operator.py
[2025-04-04T15:54:00.491+0000] {logging_mixin.py:190} INFO - [2025-04-04T15:54:00.491+0000] {dag.py:3239} INFO - Sync 1 DAGs
[2025-04-04T15:54:00.539+0000] {logging_mixin.py:190} INFO - [2025-04-04T15:54:00.538+0000] {dag.py:4180} INFO - Setting next_dagrun for example_branch_operator to 2025-04-03 00:00:00+00:00, run_after=2025-04-04 00:00:00+00:00
[2025-04-04T15:54:00.563+0000] {processor.py:208} INFO - Processing /home/airflow/.local/lib/python3.12/site-packages/airflow/example_dags/example_branch_operator.py took 0.160 seconds
[2025-04-04T15:54:30.631+0000] {processor.py:186} INFO - Started process (PID=988) to work on /home/airflow/.local/lib/python3.12/site-packages/airflow/example_dags/example_branch_operator.py
[2025-04-04T15:54:30.632+0000] {processor.py:914} INFO - Processing file /home/airflow/.local/lib/python3.12/site-packages/airflow/example_dags/example_branch_operator.py for tasks to queue
[2025-04-04T15:54:30.635+0000] {logging_mixin.py:190} INFO - [2025-04-04T15:54:30.634+0000] {dagbag.py:588} INFO - Filling up the DagBag from /home/airflow/.local/lib/python3.12/site-packages/airflow/example_dags/example_branch_operator.py
[2025-04-04T15:54:30.670+0000] {processor.py:925} INFO - DAG(s) 'example_branch_operator' retrieved from /home/airflow/.local/lib/python3.12/site-packages/airflow/example_dags/example_branch_operator.py
[2025-04-04T15:54:30.766+0000] {logging_mixin.py:190} INFO - [2025-04-04T15:54:30.765+0000] {dag.py:3239} INFO - Sync 1 DAGs
[2025-04-04T15:54:30.820+0000] {logging_mixin.py:190} INFO - [2025-04-04T15:54:30.819+0000] {dag.py:4180} INFO - Setting next_dagrun for example_branch_operator to 2025-04-03 00:00:00+00:00, run_after=2025-04-04 00:00:00+00:00
[2025-04-04T15:54:30.855+0000] {processor.py:208} INFO - Processing /home/airflow/.local/lib/python3.12/site-packages/airflow/example_dags/example_branch_operator.py took 0.233 seconds
[2025-04-04T15:55:01.212+0000] {processor.py:186} INFO - Started process (PID=1052) to work on /home/airflow/.local/lib/python3.12/site-packages/airflow/example_dags/example_branch_operator.py
[2025-04-04T15:55:01.213+0000] {processor.py:914} INFO - Processing file /home/airflow/.local/lib/python3.12/site-packages/airflow/example_dags/example_branch_operator.py for tasks to queue
[2025-04-04T15:55:01.216+0000] {logging_mixin.py:190} INFO - [2025-04-04T15:55:01.216+0000] {dagbag.py:588} INFO - Filling up the DagBag from /home/airflow/.local/lib/python3.12/site-packages/airflow/example_dags/example_branch_operator.py
[2025-04-04T15:55:01.248+0000] {processor.py:925} INFO - DAG(s) 'example_branch_operator' retrieved from /home/airflow/.local/lib/python3.12/site-packages/airflow/example_dags/example_branch_operator.py
[2025-04-04T15:55:01.286+0000] {logging_mixin.py:190} INFO - [2025-04-04T15:55:01.286+0000] {dag.py:3239} INFO - Sync 1 DAGs
[2025-04-04T15:55:01.324+0000] {logging_mixin.py:190} INFO - [2025-04-04T15:55:01.324+0000] {dag.py:4180} INFO - Setting next_dagrun for example_branch_operator to 2025-04-03 00:00:00+00:00, run_after=2025-04-04 00:00:00+00:00
[2025-04-04T15:55:01.349+0000] {processor.py:208} INFO - Processing /home/airflow/.local/lib/python3.12/site-packages/airflow/example_dags/example_branch_operator.py took 0.145 seconds
[2025-04-04T15:55:31.958+0000] {processor.py:186} INFO - Started process (PID=1116) to work on /home/airflow/.local/lib/python3.12/site-packages/airflow/example_dags/example_branch_operator.py
[2025-04-04T15:55:31.959+0000] {processor.py:914} INFO - Processing file /home/airflow/.local/lib/python3.12/site-packages/airflow/example_dags/example_branch_operator.py for tasks to queue
[2025-04-04T15:55:31.962+0000] {logging_mixin.py:190} INFO - [2025-04-04T15:55:31.962+0000] {dagbag.py:588} INFO - Filling up the DagBag from /home/airflow/.local/lib/python3.12/site-packages/airflow/example_dags/example_branch_operator.py
[2025-04-04T15:55:31.995+0000] {processor.py:925} INFO - DAG(s) 'example_branch_operator' retrieved from /home/airflow/.local/lib/python3.12/site-packages/airflow/example_dags/example_branch_operator.py
[2025-04-04T15:55:32.038+0000] {logging_mixin.py:190} INFO - [2025-04-04T15:55:32.037+0000] {dag.py:3239} INFO - Sync 1 DAGs
[2025-04-04T15:55:32.072+0000] {logging_mixin.py:190} INFO - [2025-04-04T15:55:32.072+0000] {dag.py:4180} INFO - Setting next_dagrun for example_branch_operator to 2025-04-03 00:00:00+00:00, run_after=2025-04-04 00:00:00+00:00
[2025-04-04T15:55:32.094+0000] {processor.py:208} INFO - Processing /home/airflow/.local/lib/python3.12/site-packages/airflow/example_dags/example_branch_operator.py took 0.145 seconds
[2025-04-04T15:56:02.949+0000] {processor.py:186} INFO - Started process (PID=1180) to work on /home/airflow/.local/lib/python3.12/site-packages/airflow/example_dags/example_branch_operator.py
[2025-04-04T15:56:02.950+0000] {processor.py:914} INFO - Processing file /home/airflow/.local/lib/python3.12/site-packages/airflow/example_dags/example_branch_operator.py for tasks to queue
[2025-04-04T15:56:02.953+0000] {logging_mixin.py:190} INFO - [2025-04-04T15:56:02.952+0000] {dagbag.py:588} INFO - Filling up the DagBag from /home/airflow/.local/lib/python3.12/site-packages/airflow/example_dags/example_branch_operator.py
[2025-04-04T15:56:02.977+0000] {processor.py:925} INFO - DAG(s) 'example_branch_operator' retrieved from /home/airflow/.local/lib/python3.12/site-packages/airflow/example_dags/example_branch_operator.py
[2025-04-04T15:56:03.014+0000] {logging_mixin.py:190} INFO - [2025-04-04T15:56:03.014+0000] {dag.py:3239} INFO - Sync 1 DAGs
[2025-04-04T15:56:03.057+0000] {logging_mixin.py:190} INFO - [2025-04-04T15:56:03.057+0000] {dag.py:4180} INFO - Setting next_dagrun for example_branch_operator to 2025-04-03 00:00:00+00:00, run_after=2025-04-04 00:00:00+00:00
[2025-04-04T15:56:03.089+0000] {processor.py:208} INFO - Processing /home/airflow/.local/lib/python3.12/site-packages/airflow/example_dags/example_branch_operator.py took 0.148 seconds
[2025-04-04T15:56:33.458+0000] {processor.py:186} INFO - Started process (PID=1244) to work on /home/airflow/.local/lib/python3.12/site-packages/airflow/example_dags/example_branch_operator.py
[2025-04-04T15:56:33.461+0000] {processor.py:914} INFO - Processing file /home/airflow/.local/lib/python3.12/site-packages/airflow/example_dags/example_branch_operator.py for tasks to queue
[2025-04-04T15:56:33.465+0000] {logging_mixin.py:190} INFO - [2025-04-04T15:56:33.464+0000] {dagbag.py:588} INFO - Filling up the DagBag from /home/airflow/.local/lib/python3.12/site-packages/airflow/example_dags/example_branch_operator.py
[2025-04-04T15:56:33.537+0000] {processor.py:925} INFO - DAG(s) 'example_branch_operator' retrieved from /home/airflow/.local/lib/python3.12/site-packages/airflow/example_dags/example_branch_operator.py
[2025-04-04T15:56:33.587+0000] {logging_mixin.py:190} INFO - [2025-04-04T15:56:33.587+0000] {dag.py:3239} INFO - Sync 1 DAGs
[2025-04-04T15:56:33.630+0000] {logging_mixin.py:190} INFO - [2025-04-04T15:56:33.630+0000] {dag.py:4180} INFO - Setting next_dagrun for example_branch_operator to 2025-04-03 00:00:00+00:00, run_after=2025-04-04 00:00:00+00:00
[2025-04-04T15:56:33.679+0000] {processor.py:208} INFO - Processing /home/airflow/.local/lib/python3.12/site-packages/airflow/example_dags/example_branch_operator.py took 0.232 seconds
[2025-04-04T15:57:03.885+0000] {processor.py:186} INFO - Started process (PID=1308) to work on /home/airflow/.local/lib/python3.12/site-packages/airflow/example_dags/example_branch_operator.py
[2025-04-04T15:57:03.886+0000] {processor.py:914} INFO - Processing file /home/airflow/.local/lib/python3.12/site-packages/airflow/example_dags/example_branch_operator.py for tasks to queue
[2025-04-04T15:57:03.889+0000] {logging_mixin.py:190} INFO - [2025-04-04T15:57:03.888+0000] {dagbag.py:588} INFO - Filling up the DagBag from /home/airflow/.local/lib/python3.12/site-packages/airflow/example_dags/example_branch_operator.py
[2025-04-04T15:57:03.911+0000] {processor.py:925} INFO - DAG(s) 'example_branch_operator' retrieved from /home/airflow/.local/lib/python3.12/site-packages/airflow/example_dags/example_branch_operator.py
[2025-04-04T15:57:03.970+0000] {logging_mixin.py:190} INFO - [2025-04-04T15:57:03.970+0000] {dag.py:3239} INFO - Sync 1 DAGs
[2025-04-04T15:57:04.017+0000] {logging_mixin.py:190} INFO - [2025-04-04T15:57:04.016+0000] {dag.py:4180} INFO - Setting next_dagrun for example_branch_operator to 2025-04-03 00:00:00+00:00, run_after=2025-04-04 00:00:00+00:00
[2025-04-04T15:57:04.053+0000] {processor.py:208} INFO - Processing /home/airflow/.local/lib/python3.12/site-packages/airflow/example_dags/example_branch_operator.py took 0.176 seconds
[2025-04-04T15:57:34.918+0000] {processor.py:186} INFO - Started process (PID=1372) to work on /home/airflow/.local/lib/python3.12/site-packages/airflow/example_dags/example_branch_operator.py
[2025-04-04T15:57:34.919+0000] {processor.py:914} INFO - Processing file /home/airflow/.local/lib/python3.12/site-packages/airflow/example_dags/example_branch_operator.py for tasks to queue
[2025-04-04T15:57:34.922+0000] {logging_mixin.py:190} INFO - [2025-04-04T15:57:34.922+0000] {dagbag.py:588} INFO - Filling up the DagBag from /home/airflow/.local/lib/python3.12/site-packages/airflow/example_dags/example_branch_operator.py
[2025-04-04T15:57:34.957+0000] {processor.py:925} INFO - DAG(s) 'example_branch_operator' retrieved from /home/airflow/.local/lib/python3.12/site-packages/airflow/example_dags/example_branch_operator.py
[2025-04-04T15:57:35.015+0000] {logging_mixin.py:190} INFO - [2025-04-04T15:57:35.015+0000] {dag.py:3239} INFO - Sync 1 DAGs
[2025-04-04T15:57:35.063+0000] {logging_mixin.py:190} INFO - [2025-04-04T15:57:35.063+0000] {dag.py:4180} INFO - Setting next_dagrun for example_branch_operator to 2025-04-03 00:00:00+00:00, run_after=2025-04-04 00:00:00+00:00
[2025-04-04T15:57:35.092+0000] {processor.py:208} INFO - Processing /home/airflow/.local/lib/python3.12/site-packages/airflow/example_dags/example_branch_operator.py took 0.183 seconds
[2025-04-04T15:58:05.228+0000] {processor.py:186} INFO - Started process (PID=1436) to work on /home/airflow/.local/lib/python3.12/site-packages/airflow/example_dags/example_branch_operator.py
[2025-04-04T15:58:05.230+0000] {processor.py:914} INFO - Processing file /home/airflow/.local/lib/python3.12/site-packages/airflow/example_dags/example_branch_operator.py for tasks to queue
[2025-04-04T15:58:05.233+0000] {logging_mixin.py:190} INFO - [2025-04-04T15:58:05.233+0000] {dagbag.py:588} INFO - Filling up the DagBag from /home/airflow/.local/lib/python3.12/site-packages/airflow/example_dags/example_branch_operator.py
[2025-04-04T15:58:05.260+0000] {processor.py:925} INFO - DAG(s) 'example_branch_operator' retrieved from /home/airflow/.local/lib/python3.12/site-packages/airflow/example_dags/example_branch_operator.py
[2025-04-04T15:58:05.300+0000] {logging_mixin.py:190} INFO - [2025-04-04T15:58:05.299+0000] {dag.py:3239} INFO - Sync 1 DAGs
[2025-04-04T15:58:05.341+0000] {logging_mixin.py:190} INFO - [2025-04-04T15:58:05.341+0000] {dag.py:4180} INFO - Setting next_dagrun for example_branch_operator to 2025-04-03 00:00:00+00:00, run_after=2025-04-04 00:00:00+00:00
[2025-04-04T15:58:05.370+0000] {processor.py:208} INFO - Processing /home/airflow/.local/lib/python3.12/site-packages/airflow/example_dags/example_branch_operator.py took 0.151 seconds
[2025-04-04T15:58:36.089+0000] {processor.py:186} INFO - Started process (PID=1500) to work on /home/airflow/.local/lib/python3.12/site-packages/airflow/example_dags/example_branch_operator.py
[2025-04-04T15:58:36.090+0000] {processor.py:914} INFO - Processing file /home/airflow/.local/lib/python3.12/site-packages/airflow/example_dags/example_branch_operator.py for tasks to queue
[2025-04-04T15:58:36.092+0000] {logging_mixin.py:190} INFO - [2025-04-04T15:58:36.092+0000] {dagbag.py:588} INFO - Filling up the DagBag from /home/airflow/.local/lib/python3.12/site-packages/airflow/example_dags/example_branch_operator.py
[2025-04-04T15:58:36.115+0000] {processor.py:925} INFO - DAG(s) 'example_branch_operator' retrieved from /home/airflow/.local/lib/python3.12/site-packages/airflow/example_dags/example_branch_operator.py
[2025-04-04T15:58:36.157+0000] {logging_mixin.py:190} INFO - [2025-04-04T15:58:36.156+0000] {dag.py:3239} INFO - Sync 1 DAGs
[2025-04-04T15:58:36.194+0000] {logging_mixin.py:190} INFO - [2025-04-04T15:58:36.194+0000] {dag.py:4180} INFO - Setting next_dagrun for example_branch_operator to 2025-04-03 00:00:00+00:00, run_after=2025-04-04 00:00:00+00:00
[2025-04-04T15:58:36.219+0000] {processor.py:208} INFO - Processing /home/airflow/.local/lib/python3.12/site-packages/airflow/example_dags/example_branch_operator.py took 0.140 seconds
[2025-04-04T16:00:51.483+0000] {processor.py:186} INFO - Started process (PID=92) to work on /home/airflow/.local/lib/python3.12/site-packages/airflow/example_dags/example_branch_operator.py
[2025-04-04T16:00:51.487+0000] {processor.py:914} INFO - Processing file /home/airflow/.local/lib/python3.12/site-packages/airflow/example_dags/example_branch_operator.py for tasks to queue
[2025-04-04T16:00:51.491+0000] {logging_mixin.py:190} INFO - [2025-04-04T16:00:51.490+0000] {dagbag.py:588} INFO - Filling up the DagBag from /home/airflow/.local/lib/python3.12/site-packages/airflow/example_dags/example_branch_operator.py
[2025-04-04T16:00:51.534+0000] {processor.py:925} INFO - DAG(s) 'example_branch_operator' retrieved from /home/airflow/.local/lib/python3.12/site-packages/airflow/example_dags/example_branch_operator.py
[2025-04-04T16:00:51.875+0000] {logging_mixin.py:190} INFO - [2025-04-04T16:00:51.874+0000] {dag.py:3239} INFO - Sync 1 DAGs
[2025-04-04T16:00:51.925+0000] {logging_mixin.py:190} INFO - [2025-04-04T16:00:51.924+0000] {dag.py:4180} INFO - Setting next_dagrun for example_branch_operator to 2025-04-03 00:00:00+00:00, run_after=2025-04-04 00:00:00+00:00
[2025-04-04T16:00:51.971+0000] {processor.py:208} INFO - Processing /home/airflow/.local/lib/python3.12/site-packages/airflow/example_dags/example_branch_operator.py took 0.500 seconds
[2025-04-04T16:01:22.162+0000] {processor.py:186} INFO - Started process (PID=155) to work on /home/airflow/.local/lib/python3.12/site-packages/airflow/example_dags/example_branch_operator.py
[2025-04-04T16:01:22.164+0000] {processor.py:914} INFO - Processing file /home/airflow/.local/lib/python3.12/site-packages/airflow/example_dags/example_branch_operator.py for tasks to queue
[2025-04-04T16:01:22.167+0000] {logging_mixin.py:190} INFO - [2025-04-04T16:01:22.166+0000] {dagbag.py:588} INFO - Filling up the DagBag from /home/airflow/.local/lib/python3.12/site-packages/airflow/example_dags/example_branch_operator.py
[2025-04-04T16:01:22.190+0000] {processor.py:925} INFO - DAG(s) 'example_branch_operator' retrieved from /home/airflow/.local/lib/python3.12/site-packages/airflow/example_dags/example_branch_operator.py
[2025-04-04T16:01:22.225+0000] {logging_mixin.py:190} INFO - [2025-04-04T16:01:22.225+0000] {dag.py:3239} INFO - Sync 1 DAGs
[2025-04-04T16:01:22.258+0000] {logging_mixin.py:190} INFO - [2025-04-04T16:01:22.257+0000] {dag.py:4180} INFO - Setting next_dagrun for example_branch_operator to 2025-04-03 00:00:00+00:00, run_after=2025-04-04 00:00:00+00:00
[2025-04-04T16:01:22.287+0000] {processor.py:208} INFO - Processing /home/airflow/.local/lib/python3.12/site-packages/airflow/example_dags/example_branch_operator.py took 0.134 seconds
[2025-04-04T16:01:53.001+0000] {processor.py:186} INFO - Started process (PID=219) to work on /home/airflow/.local/lib/python3.12/site-packages/airflow/example_dags/example_branch_operator.py
[2025-04-04T16:01:53.003+0000] {processor.py:914} INFO - Processing file /home/airflow/.local/lib/python3.12/site-packages/airflow/example_dags/example_branch_operator.py for tasks to queue
[2025-04-04T16:01:53.005+0000] {logging_mixin.py:190} INFO - [2025-04-04T16:01:53.005+0000] {dagbag.py:588} INFO - Filling up the DagBag from /home/airflow/.local/lib/python3.12/site-packages/airflow/example_dags/example_branch_operator.py
[2025-04-04T16:01:53.026+0000] {processor.py:925} INFO - DAG(s) 'example_branch_operator' retrieved from /home/airflow/.local/lib/python3.12/site-packages/airflow/example_dags/example_branch_operator.py
[2025-04-04T16:01:53.067+0000] {logging_mixin.py:190} INFO - [2025-04-04T16:01:53.066+0000] {dag.py:3239} INFO - Sync 1 DAGs
[2025-04-04T16:01:53.099+0000] {logging_mixin.py:190} INFO - [2025-04-04T16:01:53.099+0000] {dag.py:4180} INFO - Setting next_dagrun for example_branch_operator to 2025-04-03 00:00:00+00:00, run_after=2025-04-04 00:00:00+00:00
[2025-04-04T16:01:53.126+0000] {processor.py:208} INFO - Processing /home/airflow/.local/lib/python3.12/site-packages/airflow/example_dags/example_branch_operator.py took 0.131 seconds
[2025-04-04T16:02:23.285+0000] {processor.py:186} INFO - Started process (PID=283) to work on /home/airflow/.local/lib/python3.12/site-packages/airflow/example_dags/example_branch_operator.py
[2025-04-04T16:02:23.286+0000] {processor.py:914} INFO - Processing file /home/airflow/.local/lib/python3.12/site-packages/airflow/example_dags/example_branch_operator.py for tasks to queue
[2025-04-04T16:02:23.291+0000] {logging_mixin.py:190} INFO - [2025-04-04T16:02:23.290+0000] {dagbag.py:588} INFO - Filling up the DagBag from /home/airflow/.local/lib/python3.12/site-packages/airflow/example_dags/example_branch_operator.py
[2025-04-04T16:02:23.329+0000] {processor.py:925} INFO - DAG(s) 'example_branch_operator' retrieved from /home/airflow/.local/lib/python3.12/site-packages/airflow/example_dags/example_branch_operator.py
[2025-04-04T16:02:23.400+0000] {logging_mixin.py:190} INFO - [2025-04-04T16:02:23.400+0000] {dag.py:3239} INFO - Sync 1 DAGs
[2025-04-04T16:02:23.451+0000] {logging_mixin.py:190} INFO - [2025-04-04T16:02:23.451+0000] {dag.py:4180} INFO - Setting next_dagrun for example_branch_operator to 2025-04-03 00:00:00+00:00, run_after=2025-04-04 00:00:00+00:00
[2025-04-04T16:02:23.478+0000] {processor.py:208} INFO - Processing /home/airflow/.local/lib/python3.12/site-packages/airflow/example_dags/example_branch_operator.py took 0.206 seconds
