[2025-04-04T15:44:20.552+0000] {processor.py:186} INFO - Started process (PID=109) to work on /home/airflow/.local/lib/python3.12/site-packages/airflow/example_dags/example_xcom.py
[2025-04-04T15:44:20.554+0000] {processor.py:914} INFO - Processing file /home/airflow/.local/lib/python3.12/site-packages/airflow/example_dags/example_xcom.py for tasks to queue
[2025-04-04T15:44:20.558+0000] {logging_mixin.py:190} INFO - [2025-04-04T15:44:20.557+0000] {dagbag.py:588} INFO - Filling up the DagBag from /home/airflow/.local/lib/python3.12/site-packages/airflow/example_dags/example_xcom.py
[2025-04-04T15:44:20.582+0000] {processor.py:925} INFO - DAG(s) 'example_xcom' retrieved from /home/airflow/.local/lib/python3.12/site-packages/airflow/example_dags/example_xcom.py
[2025-04-04T15:44:20.788+0000] {logging_mixin.py:190} INFO - [2025-04-04T15:44:20.787+0000] {override.py:1912} INFO - Created Permission View: can edit on DAG:example_xcom
[2025-04-04T15:44:20.810+0000] {logging_mixin.py:190} INFO - [2025-04-04T15:44:20.809+0000] {override.py:1912} INFO - Created Permission View: can read on DAG:example_xcom
[2025-04-04T15:44:20.823+0000] {logging_mixin.py:190} INFO - [2025-04-04T15:44:20.822+0000] {override.py:1912} INFO - Created Permission View: can delete on DAG:example_xcom
[2025-04-04T15:44:20.835+0000] {logging_mixin.py:190} INFO - [2025-04-04T15:44:20.834+0000] {override.py:1912} INFO - Created Permission View: menu access on DAG Run:example_xcom
[2025-04-04T15:44:20.847+0000] {logging_mixin.py:190} INFO - [2025-04-04T15:44:20.846+0000] {override.py:1912} INFO - Created Permission View: can read on DAG Run:example_xcom
[2025-04-04T15:44:20.858+0000] {logging_mixin.py:190} INFO - [2025-04-04T15:44:20.857+0000] {override.py:1912} INFO - Created Permission View: can create on DAG Run:example_xcom
[2025-04-04T15:44:20.869+0000] {logging_mixin.py:190} INFO - [2025-04-04T15:44:20.869+0000] {override.py:1912} INFO - Created Permission View: can delete on DAG Run:example_xcom
[2025-04-04T15:44:20.870+0000] {logging_mixin.py:190} INFO - [2025-04-04T15:44:20.870+0000] {dag.py:3239} INFO - Sync 1 DAGs
[2025-04-04T15:44:20.893+0000] {logging_mixin.py:190} INFO - [2025-04-04T15:44:20.892+0000] {dag.py:3262} INFO - Creating ORM DAG for example_xcom
[2025-04-04T15:44:20.909+0000] {logging_mixin.py:190} INFO - [2025-04-04T15:44:20.909+0000] {dag.py:4180} INFO - Setting next_dagrun for example_xcom to 2021-01-01 00:00:00+00:00, run_after=2021-01-01 00:00:00+00:00
[2025-04-04T15:44:20.936+0000] {processor.py:208} INFO - Processing /home/airflow/.local/lib/python3.12/site-packages/airflow/example_dags/example_xcom.py took 0.395 seconds
[2025-04-04T15:44:51.340+0000] {processor.py:186} INFO - Started process (PID=172) to work on /home/airflow/.local/lib/python3.12/site-packages/airflow/example_dags/example_xcom.py
[2025-04-04T15:44:51.342+0000] {processor.py:914} INFO - Processing file /home/airflow/.local/lib/python3.12/site-packages/airflow/example_dags/example_xcom.py for tasks to queue
[2025-04-04T15:44:51.348+0000] {logging_mixin.py:190} INFO - [2025-04-04T15:44:51.347+0000] {dagbag.py:588} INFO - Filling up the DagBag from /home/airflow/.local/lib/python3.12/site-packages/airflow/example_dags/example_xcom.py
[2025-04-04T15:44:51.374+0000] {processor.py:925} INFO - DAG(s) 'example_xcom' retrieved from /home/airflow/.local/lib/python3.12/site-packages/airflow/example_dags/example_xcom.py
[2025-04-04T15:44:51.440+0000] {logging_mixin.py:190} INFO - [2025-04-04T15:44:51.439+0000] {dag.py:3239} INFO - Sync 1 DAGs
[2025-04-04T15:44:51.500+0000] {logging_mixin.py:190} INFO - [2025-04-04T15:44:51.499+0000] {dag.py:4180} INFO - Setting next_dagrun for example_xcom to 2021-01-01 00:00:00+00:00, run_after=2021-01-01 00:00:00+00:00
[2025-04-04T15:44:51.555+0000] {processor.py:208} INFO - Processing /home/airflow/.local/lib/python3.12/site-packages/airflow/example_dags/example_xcom.py took 0.231 seconds
[2025-04-04T15:45:22.208+0000] {processor.py:186} INFO - Started process (PID=235) to work on /home/airflow/.local/lib/python3.12/site-packages/airflow/example_dags/example_xcom.py
[2025-04-04T15:45:22.209+0000] {processor.py:914} INFO - Processing file /home/airflow/.local/lib/python3.12/site-packages/airflow/example_dags/example_xcom.py for tasks to queue
[2025-04-04T15:45:22.213+0000] {logging_mixin.py:190} INFO - [2025-04-04T15:45:22.212+0000] {dagbag.py:588} INFO - Filling up the DagBag from /home/airflow/.local/lib/python3.12/site-packages/airflow/example_dags/example_xcom.py
[2025-04-04T15:45:22.230+0000] {processor.py:925} INFO - DAG(s) 'example_xcom' retrieved from /home/airflow/.local/lib/python3.12/site-packages/airflow/example_dags/example_xcom.py
[2025-04-04T15:45:22.259+0000] {logging_mixin.py:190} INFO - [2025-04-04T15:45:22.258+0000] {dag.py:3239} INFO - Sync 1 DAGs
[2025-04-04T15:45:22.288+0000] {logging_mixin.py:190} INFO - [2025-04-04T15:45:22.288+0000] {dag.py:4180} INFO - Setting next_dagrun for example_xcom to 2021-01-01 00:00:00+00:00, run_after=2021-01-01 00:00:00+00:00
[2025-04-04T15:45:22.311+0000] {processor.py:208} INFO - Processing /home/airflow/.local/lib/python3.12/site-packages/airflow/example_dags/example_xcom.py took 0.110 seconds
[2025-04-04T15:45:55.535+0000] {processor.py:186} INFO - Started process (PID=298) to work on /home/airflow/.local/lib/python3.12/site-packages/airflow/example_dags/example_xcom.py
[2025-04-04T15:45:55.540+0000] {processor.py:914} INFO - Processing file /home/airflow/.local/lib/python3.12/site-packages/airflow/example_dags/example_xcom.py for tasks to queue
[2025-04-04T15:45:55.550+0000] {logging_mixin.py:190} INFO - [2025-04-04T15:45:55.546+0000] {dagbag.py:588} INFO - Filling up the DagBag from /home/airflow/.local/lib/python3.12/site-packages/airflow/example_dags/example_xcom.py
[2025-04-04T15:45:55.587+0000] {processor.py:925} INFO - DAG(s) 'example_xcom' retrieved from /home/airflow/.local/lib/python3.12/site-packages/airflow/example_dags/example_xcom.py
[2025-04-04T15:45:55.658+0000] {logging_mixin.py:190} INFO - [2025-04-04T15:45:55.657+0000] {dag.py:3239} INFO - Sync 1 DAGs
[2025-04-04T15:45:55.718+0000] {logging_mixin.py:190} INFO - [2025-04-04T15:45:55.717+0000] {dag.py:4180} INFO - Setting next_dagrun for example_xcom to 2021-01-01 00:00:00+00:00, run_after=2021-01-01 00:00:00+00:00
[2025-04-04T15:45:55.757+0000] {processor.py:208} INFO - Processing /home/airflow/.local/lib/python3.12/site-packages/airflow/example_dags/example_xcom.py took 0.243 seconds
[2025-04-04T15:47:24.067+0000] {processor.py:186} INFO - Started process (PID=103) to work on /home/airflow/.local/lib/python3.12/site-packages/airflow/example_dags/example_xcom.py
[2025-04-04T15:47:24.071+0000] {processor.py:914} INFO - Processing file /home/airflow/.local/lib/python3.12/site-packages/airflow/example_dags/example_xcom.py for tasks to queue
[2025-04-04T15:47:24.079+0000] {logging_mixin.py:190} INFO - [2025-04-04T15:47:24.078+0000] {dagbag.py:588} INFO - Filling up the DagBag from /home/airflow/.local/lib/python3.12/site-packages/airflow/example_dags/example_xcom.py
[2025-04-04T15:47:24.122+0000] {processor.py:925} INFO - DAG(s) 'example_xcom' retrieved from /home/airflow/.local/lib/python3.12/site-packages/airflow/example_dags/example_xcom.py
[2025-04-04T15:47:24.180+0000] {logging_mixin.py:190} INFO - [2025-04-04T15:47:24.180+0000] {dag.py:3239} INFO - Sync 1 DAGs
[2025-04-04T15:47:24.227+0000] {logging_mixin.py:190} INFO - [2025-04-04T15:47:24.226+0000] {dag.py:4180} INFO - Setting next_dagrun for example_xcom to 2021-01-01 00:00:00+00:00, run_after=2021-01-01 00:00:00+00:00
[2025-04-04T15:47:24.262+0000] {processor.py:208} INFO - Processing /home/airflow/.local/lib/python3.12/site-packages/airflow/example_dags/example_xcom.py took 0.206 seconds
[2025-04-04T15:47:54.379+0000] {processor.py:186} INFO - Started process (PID=167) to work on /home/airflow/.local/lib/python3.12/site-packages/airflow/example_dags/example_xcom.py
[2025-04-04T15:47:54.379+0000] {processor.py:914} INFO - Processing file /home/airflow/.local/lib/python3.12/site-packages/airflow/example_dags/example_xcom.py for tasks to queue
[2025-04-04T15:47:54.382+0000] {logging_mixin.py:190} INFO - [2025-04-04T15:47:54.382+0000] {dagbag.py:588} INFO - Filling up the DagBag from /home/airflow/.local/lib/python3.12/site-packages/airflow/example_dags/example_xcom.py
[2025-04-04T15:47:54.395+0000] {processor.py:925} INFO - DAG(s) 'example_xcom' retrieved from /home/airflow/.local/lib/python3.12/site-packages/airflow/example_dags/example_xcom.py
[2025-04-04T15:47:54.428+0000] {logging_mixin.py:190} INFO - [2025-04-04T15:47:54.428+0000] {dag.py:3239} INFO - Sync 1 DAGs
[2025-04-04T15:47:54.475+0000] {logging_mixin.py:190} INFO - [2025-04-04T15:47:54.474+0000] {dag.py:4180} INFO - Setting next_dagrun for example_xcom to 2021-01-01 00:00:00+00:00, run_after=2021-01-01 00:00:00+00:00
[2025-04-04T15:47:54.503+0000] {processor.py:208} INFO - Processing /home/airflow/.local/lib/python3.12/site-packages/airflow/example_dags/example_xcom.py took 0.133 seconds
[2025-04-04T15:48:24.874+0000] {processor.py:186} INFO - Started process (PID=230) to work on /home/airflow/.local/lib/python3.12/site-packages/airflow/example_dags/example_xcom.py
[2025-04-04T15:48:24.875+0000] {processor.py:914} INFO - Processing file /home/airflow/.local/lib/python3.12/site-packages/airflow/example_dags/example_xcom.py for tasks to queue
[2025-04-04T15:48:24.878+0000] {logging_mixin.py:190} INFO - [2025-04-04T15:48:24.877+0000] {dagbag.py:588} INFO - Filling up the DagBag from /home/airflow/.local/lib/python3.12/site-packages/airflow/example_dags/example_xcom.py
[2025-04-04T15:48:24.890+0000] {processor.py:925} INFO - DAG(s) 'example_xcom' retrieved from /home/airflow/.local/lib/python3.12/site-packages/airflow/example_dags/example_xcom.py
[2025-04-04T15:48:24.919+0000] {logging_mixin.py:190} INFO - [2025-04-04T15:48:24.919+0000] {dag.py:3239} INFO - Sync 1 DAGs
[2025-04-04T15:48:24.953+0000] {logging_mixin.py:190} INFO - [2025-04-04T15:48:24.953+0000] {dag.py:4180} INFO - Setting next_dagrun for example_xcom to 2021-01-01 00:00:00+00:00, run_after=2021-01-01 00:00:00+00:00
[2025-04-04T15:48:24.980+0000] {processor.py:208} INFO - Processing /home/airflow/.local/lib/python3.12/site-packages/airflow/example_dags/example_xcom.py took 0.115 seconds
[2025-04-04T15:48:55.893+0000] {processor.py:186} INFO - Started process (PID=293) to work on /home/airflow/.local/lib/python3.12/site-packages/airflow/example_dags/example_xcom.py
[2025-04-04T15:48:55.894+0000] {processor.py:914} INFO - Processing file /home/airflow/.local/lib/python3.12/site-packages/airflow/example_dags/example_xcom.py for tasks to queue
[2025-04-04T15:48:55.898+0000] {logging_mixin.py:190} INFO - [2025-04-04T15:48:55.897+0000] {dagbag.py:588} INFO - Filling up the DagBag from /home/airflow/.local/lib/python3.12/site-packages/airflow/example_dags/example_xcom.py
[2025-04-04T15:48:55.915+0000] {processor.py:925} INFO - DAG(s) 'example_xcom' retrieved from /home/airflow/.local/lib/python3.12/site-packages/airflow/example_dags/example_xcom.py
[2025-04-04T15:48:55.954+0000] {logging_mixin.py:190} INFO - [2025-04-04T15:48:55.953+0000] {dag.py:3239} INFO - Sync 1 DAGs
[2025-04-04T15:48:56.001+0000] {logging_mixin.py:190} INFO - [2025-04-04T15:48:56.001+0000] {dag.py:4180} INFO - Setting next_dagrun for example_xcom to 2021-01-01 00:00:00+00:00, run_after=2021-01-01 00:00:00+00:00
[2025-04-04T15:48:56.038+0000] {processor.py:208} INFO - Processing /home/airflow/.local/lib/python3.12/site-packages/airflow/example_dags/example_xcom.py took 0.156 seconds
[2025-04-04T15:49:26.794+0000] {processor.py:186} INFO - Started process (PID=357) to work on /home/airflow/.local/lib/python3.12/site-packages/airflow/example_dags/example_xcom.py
[2025-04-04T15:49:26.795+0000] {processor.py:914} INFO - Processing file /home/airflow/.local/lib/python3.12/site-packages/airflow/example_dags/example_xcom.py for tasks to queue
[2025-04-04T15:49:26.798+0000] {logging_mixin.py:190} INFO - [2025-04-04T15:49:26.797+0000] {dagbag.py:588} INFO - Filling up the DagBag from /home/airflow/.local/lib/python3.12/site-packages/airflow/example_dags/example_xcom.py
[2025-04-04T15:49:26.808+0000] {processor.py:925} INFO - DAG(s) 'example_xcom' retrieved from /home/airflow/.local/lib/python3.12/site-packages/airflow/example_dags/example_xcom.py
[2025-04-04T15:49:26.835+0000] {logging_mixin.py:190} INFO - [2025-04-04T15:49:26.834+0000] {dag.py:3239} INFO - Sync 1 DAGs
[2025-04-04T15:49:26.869+0000] {logging_mixin.py:190} INFO - [2025-04-04T15:49:26.868+0000] {dag.py:4180} INFO - Setting next_dagrun for example_xcom to 2021-01-01 00:00:00+00:00, run_after=2021-01-01 00:00:00+00:00
[2025-04-04T15:49:26.901+0000] {processor.py:208} INFO - Processing /home/airflow/.local/lib/python3.12/site-packages/airflow/example_dags/example_xcom.py took 0.115 seconds
[2025-04-04T15:49:57.033+0000] {processor.py:186} INFO - Started process (PID=420) to work on /home/airflow/.local/lib/python3.12/site-packages/airflow/example_dags/example_xcom.py
[2025-04-04T15:49:57.034+0000] {processor.py:914} INFO - Processing file /home/airflow/.local/lib/python3.12/site-packages/airflow/example_dags/example_xcom.py for tasks to queue
[2025-04-04T15:49:57.037+0000] {logging_mixin.py:190} INFO - [2025-04-04T15:49:57.037+0000] {dagbag.py:588} INFO - Filling up the DagBag from /home/airflow/.local/lib/python3.12/site-packages/airflow/example_dags/example_xcom.py
[2025-04-04T15:49:57.049+0000] {processor.py:925} INFO - DAG(s) 'example_xcom' retrieved from /home/airflow/.local/lib/python3.12/site-packages/airflow/example_dags/example_xcom.py
[2025-04-04T15:49:57.076+0000] {logging_mixin.py:190} INFO - [2025-04-04T15:49:57.076+0000] {dag.py:3239} INFO - Sync 1 DAGs
[2025-04-04T15:49:57.109+0000] {logging_mixin.py:190} INFO - [2025-04-04T15:49:57.109+0000] {dag.py:4180} INFO - Setting next_dagrun for example_xcom to 2021-01-01 00:00:00+00:00, run_after=2021-01-01 00:00:00+00:00
[2025-04-04T15:49:57.132+0000] {processor.py:208} INFO - Processing /home/airflow/.local/lib/python3.12/site-packages/airflow/example_dags/example_xcom.py took 0.106 seconds
[2025-04-04T15:50:27.336+0000] {processor.py:186} INFO - Started process (PID=484) to work on /home/airflow/.local/lib/python3.12/site-packages/airflow/example_dags/example_xcom.py
[2025-04-04T15:50:27.337+0000] {processor.py:914} INFO - Processing file /home/airflow/.local/lib/python3.12/site-packages/airflow/example_dags/example_xcom.py for tasks to queue
[2025-04-04T15:50:27.339+0000] {logging_mixin.py:190} INFO - [2025-04-04T15:50:27.339+0000] {dagbag.py:588} INFO - Filling up the DagBag from /home/airflow/.local/lib/python3.12/site-packages/airflow/example_dags/example_xcom.py
[2025-04-04T15:50:27.350+0000] {processor.py:925} INFO - DAG(s) 'example_xcom' retrieved from /home/airflow/.local/lib/python3.12/site-packages/airflow/example_dags/example_xcom.py
[2025-04-04T15:50:27.382+0000] {logging_mixin.py:190} INFO - [2025-04-04T15:50:27.382+0000] {dag.py:3239} INFO - Sync 1 DAGs
[2025-04-04T15:50:27.417+0000] {logging_mixin.py:190} INFO - [2025-04-04T15:50:27.417+0000] {dag.py:4180} INFO - Setting next_dagrun for example_xcom to 2021-01-01 00:00:00+00:00, run_after=2021-01-01 00:00:00+00:00
[2025-04-04T15:50:27.442+0000] {processor.py:208} INFO - Processing /home/airflow/.local/lib/python3.12/site-packages/airflow/example_dags/example_xcom.py took 0.113 seconds
[2025-04-04T15:50:57.524+0000] {processor.py:186} INFO - Started process (PID=547) to work on /home/airflow/.local/lib/python3.12/site-packages/airflow/example_dags/example_xcom.py
[2025-04-04T15:50:57.526+0000] {processor.py:914} INFO - Processing file /home/airflow/.local/lib/python3.12/site-packages/airflow/example_dags/example_xcom.py for tasks to queue
[2025-04-04T15:50:57.531+0000] {logging_mixin.py:190} INFO - [2025-04-04T15:50:57.530+0000] {dagbag.py:588} INFO - Filling up the DagBag from /home/airflow/.local/lib/python3.12/site-packages/airflow/example_dags/example_xcom.py
[2025-04-04T15:50:57.553+0000] {processor.py:925} INFO - DAG(s) 'example_xcom' retrieved from /home/airflow/.local/lib/python3.12/site-packages/airflow/example_dags/example_xcom.py
[2025-04-04T15:50:57.585+0000] {logging_mixin.py:190} INFO - [2025-04-04T15:50:57.584+0000] {dag.py:3239} INFO - Sync 1 DAGs
[2025-04-04T15:50:57.615+0000] {logging_mixin.py:190} INFO - [2025-04-04T15:50:57.614+0000] {dag.py:4180} INFO - Setting next_dagrun for example_xcom to 2021-01-01 00:00:00+00:00, run_after=2021-01-01 00:00:00+00:00
[2025-04-04T15:50:57.637+0000] {processor.py:208} INFO - Processing /home/airflow/.local/lib/python3.12/site-packages/airflow/example_dags/example_xcom.py took 0.126 seconds
[2025-04-04T15:51:28.454+0000] {processor.py:186} INFO - Started process (PID=611) to work on /home/airflow/.local/lib/python3.12/site-packages/airflow/example_dags/example_xcom.py
[2025-04-04T15:51:28.455+0000] {processor.py:914} INFO - Processing file /home/airflow/.local/lib/python3.12/site-packages/airflow/example_dags/example_xcom.py for tasks to queue
[2025-04-04T15:51:28.459+0000] {logging_mixin.py:190} INFO - [2025-04-04T15:51:28.458+0000] {dagbag.py:588} INFO - Filling up the DagBag from /home/airflow/.local/lib/python3.12/site-packages/airflow/example_dags/example_xcom.py
[2025-04-04T15:51:28.473+0000] {processor.py:925} INFO - DAG(s) 'example_xcom' retrieved from /home/airflow/.local/lib/python3.12/site-packages/airflow/example_dags/example_xcom.py
[2025-04-04T15:51:28.506+0000] {logging_mixin.py:190} INFO - [2025-04-04T15:51:28.506+0000] {dag.py:3239} INFO - Sync 1 DAGs
[2025-04-04T15:51:28.541+0000] {logging_mixin.py:190} INFO - [2025-04-04T15:51:28.541+0000] {dag.py:4180} INFO - Setting next_dagrun for example_xcom to 2021-01-01 00:00:00+00:00, run_after=2021-01-01 00:00:00+00:00
[2025-04-04T15:51:28.568+0000] {processor.py:208} INFO - Processing /home/airflow/.local/lib/python3.12/site-packages/airflow/example_dags/example_xcom.py took 0.123 seconds
[2025-04-04T15:51:58.764+0000] {processor.py:186} INFO - Started process (PID=675) to work on /home/airflow/.local/lib/python3.12/site-packages/airflow/example_dags/example_xcom.py
[2025-04-04T15:51:58.765+0000] {processor.py:914} INFO - Processing file /home/airflow/.local/lib/python3.12/site-packages/airflow/example_dags/example_xcom.py for tasks to queue
[2025-04-04T15:51:58.769+0000] {logging_mixin.py:190} INFO - [2025-04-04T15:51:58.769+0000] {dagbag.py:588} INFO - Filling up the DagBag from /home/airflow/.local/lib/python3.12/site-packages/airflow/example_dags/example_xcom.py
[2025-04-04T15:51:58.785+0000] {processor.py:925} INFO - DAG(s) 'example_xcom' retrieved from /home/airflow/.local/lib/python3.12/site-packages/airflow/example_dags/example_xcom.py
[2025-04-04T15:51:58.810+0000] {logging_mixin.py:190} INFO - [2025-04-04T15:51:58.810+0000] {dag.py:3239} INFO - Sync 1 DAGs
[2025-04-04T15:51:58.841+0000] {logging_mixin.py:190} INFO - [2025-04-04T15:51:58.841+0000] {dag.py:4180} INFO - Setting next_dagrun for example_xcom to 2021-01-01 00:00:00+00:00, run_after=2021-01-01 00:00:00+00:00
[2025-04-04T15:51:58.864+0000] {processor.py:208} INFO - Processing /home/airflow/.local/lib/python3.12/site-packages/airflow/example_dags/example_xcom.py took 0.111 seconds
[2025-04-04T15:52:29.730+0000] {processor.py:186} INFO - Started process (PID=739) to work on /home/airflow/.local/lib/python3.12/site-packages/airflow/example_dags/example_xcom.py
[2025-04-04T15:52:29.731+0000] {processor.py:914} INFO - Processing file /home/airflow/.local/lib/python3.12/site-packages/airflow/example_dags/example_xcom.py for tasks to queue
[2025-04-04T15:52:29.734+0000] {logging_mixin.py:190} INFO - [2025-04-04T15:52:29.734+0000] {dagbag.py:588} INFO - Filling up the DagBag from /home/airflow/.local/lib/python3.12/site-packages/airflow/example_dags/example_xcom.py
[2025-04-04T15:52:29.754+0000] {processor.py:925} INFO - DAG(s) 'example_xcom' retrieved from /home/airflow/.local/lib/python3.12/site-packages/airflow/example_dags/example_xcom.py
[2025-04-04T15:52:29.782+0000] {logging_mixin.py:190} INFO - [2025-04-04T15:52:29.782+0000] {dag.py:3239} INFO - Sync 1 DAGs
[2025-04-04T15:52:29.820+0000] {logging_mixin.py:190} INFO - [2025-04-04T15:52:29.819+0000] {dag.py:4180} INFO - Setting next_dagrun for example_xcom to 2021-01-01 00:00:00+00:00, run_after=2021-01-01 00:00:00+00:00
[2025-04-04T15:52:29.848+0000] {processor.py:208} INFO - Processing /home/airflow/.local/lib/python3.12/site-packages/airflow/example_dags/example_xcom.py took 0.127 seconds
[2025-04-04T15:53:00.314+0000] {processor.py:186} INFO - Started process (PID=803) to work on /home/airflow/.local/lib/python3.12/site-packages/airflow/example_dags/example_xcom.py
[2025-04-04T15:53:00.315+0000] {processor.py:914} INFO - Processing file /home/airflow/.local/lib/python3.12/site-packages/airflow/example_dags/example_xcom.py for tasks to queue
[2025-04-04T15:53:00.320+0000] {logging_mixin.py:190} INFO - [2025-04-04T15:53:00.319+0000] {dagbag.py:588} INFO - Filling up the DagBag from /home/airflow/.local/lib/python3.12/site-packages/airflow/example_dags/example_xcom.py
[2025-04-04T15:53:00.339+0000] {processor.py:925} INFO - DAG(s) 'example_xcom' retrieved from /home/airflow/.local/lib/python3.12/site-packages/airflow/example_dags/example_xcom.py
[2025-04-04T15:53:00.381+0000] {logging_mixin.py:190} INFO - [2025-04-04T15:53:00.381+0000] {dag.py:3239} INFO - Sync 1 DAGs
[2025-04-04T15:53:00.431+0000] {logging_mixin.py:190} INFO - [2025-04-04T15:53:00.431+0000] {dag.py:4180} INFO - Setting next_dagrun for example_xcom to 2021-01-01 00:00:00+00:00, run_after=2021-01-01 00:00:00+00:00
[2025-04-04T15:53:00.472+0000] {processor.py:208} INFO - Processing /home/airflow/.local/lib/python3.12/site-packages/airflow/example_dags/example_xcom.py took 0.177 seconds
[2025-04-04T15:53:31.369+0000] {processor.py:186} INFO - Started process (PID=867) to work on /home/airflow/.local/lib/python3.12/site-packages/airflow/example_dags/example_xcom.py
[2025-04-04T15:53:31.371+0000] {processor.py:914} INFO - Processing file /home/airflow/.local/lib/python3.12/site-packages/airflow/example_dags/example_xcom.py for tasks to queue
[2025-04-04T15:53:31.374+0000] {logging_mixin.py:190} INFO - [2025-04-04T15:53:31.373+0000] {dagbag.py:588} INFO - Filling up the DagBag from /home/airflow/.local/lib/python3.12/site-packages/airflow/example_dags/example_xcom.py
[2025-04-04T15:53:31.387+0000] {processor.py:925} INFO - DAG(s) 'example_xcom' retrieved from /home/airflow/.local/lib/python3.12/site-packages/airflow/example_dags/example_xcom.py
[2025-04-04T15:53:31.422+0000] {logging_mixin.py:190} INFO - [2025-04-04T15:53:31.422+0000] {dag.py:3239} INFO - Sync 1 DAGs
[2025-04-04T15:53:31.461+0000] {logging_mixin.py:190} INFO - [2025-04-04T15:53:31.460+0000] {dag.py:4180} INFO - Setting next_dagrun for example_xcom to 2021-01-01 00:00:00+00:00, run_after=2021-01-01 00:00:00+00:00
[2025-04-04T15:53:31.492+0000] {processor.py:208} INFO - Processing /home/airflow/.local/lib/python3.12/site-packages/airflow/example_dags/example_xcom.py took 0.134 seconds
[2025-04-04T15:54:02.056+0000] {processor.py:186} INFO - Started process (PID=931) to work on /home/airflow/.local/lib/python3.12/site-packages/airflow/example_dags/example_xcom.py
[2025-04-04T15:54:02.057+0000] {processor.py:914} INFO - Processing file /home/airflow/.local/lib/python3.12/site-packages/airflow/example_dags/example_xcom.py for tasks to queue
[2025-04-04T15:54:02.060+0000] {logging_mixin.py:190} INFO - [2025-04-04T15:54:02.060+0000] {dagbag.py:588} INFO - Filling up the DagBag from /home/airflow/.local/lib/python3.12/site-packages/airflow/example_dags/example_xcom.py
[2025-04-04T15:54:02.072+0000] {processor.py:925} INFO - DAG(s) 'example_xcom' retrieved from /home/airflow/.local/lib/python3.12/site-packages/airflow/example_dags/example_xcom.py
[2025-04-04T15:54:02.103+0000] {logging_mixin.py:190} INFO - [2025-04-04T15:54:02.103+0000] {dag.py:3239} INFO - Sync 1 DAGs
[2025-04-04T15:54:02.144+0000] {logging_mixin.py:190} INFO - [2025-04-04T15:54:02.143+0000] {dag.py:4180} INFO - Setting next_dagrun for example_xcom to 2021-01-01 00:00:00+00:00, run_after=2021-01-01 00:00:00+00:00
[2025-04-04T15:54:02.173+0000] {processor.py:208} INFO - Processing /home/airflow/.local/lib/python3.12/site-packages/airflow/example_dags/example_xcom.py took 0.125 seconds
[2025-04-04T15:54:32.392+0000] {processor.py:186} INFO - Started process (PID=995) to work on /home/airflow/.local/lib/python3.12/site-packages/airflow/example_dags/example_xcom.py
[2025-04-04T15:54:32.394+0000] {processor.py:914} INFO - Processing file /home/airflow/.local/lib/python3.12/site-packages/airflow/example_dags/example_xcom.py for tasks to queue
[2025-04-04T15:54:32.397+0000] {logging_mixin.py:190} INFO - [2025-04-04T15:54:32.396+0000] {dagbag.py:588} INFO - Filling up the DagBag from /home/airflow/.local/lib/python3.12/site-packages/airflow/example_dags/example_xcom.py
[2025-04-04T15:54:32.410+0000] {processor.py:925} INFO - DAG(s) 'example_xcom' retrieved from /home/airflow/.local/lib/python3.12/site-packages/airflow/example_dags/example_xcom.py
[2025-04-04T15:54:32.439+0000] {logging_mixin.py:190} INFO - [2025-04-04T15:54:32.439+0000] {dag.py:3239} INFO - Sync 1 DAGs
[2025-04-04T15:54:32.471+0000] {logging_mixin.py:190} INFO - [2025-04-04T15:54:32.471+0000] {dag.py:4180} INFO - Setting next_dagrun for example_xcom to 2021-01-01 00:00:00+00:00, run_after=2021-01-01 00:00:00+00:00
[2025-04-04T15:54:32.498+0000] {processor.py:208} INFO - Processing /home/airflow/.local/lib/python3.12/site-packages/airflow/example_dags/example_xcom.py took 0.114 seconds
[2025-04-04T15:55:02.777+0000] {processor.py:186} INFO - Started process (PID=1059) to work on /home/airflow/.local/lib/python3.12/site-packages/airflow/example_dags/example_xcom.py
[2025-04-04T15:55:02.779+0000] {processor.py:914} INFO - Processing file /home/airflow/.local/lib/python3.12/site-packages/airflow/example_dags/example_xcom.py for tasks to queue
[2025-04-04T15:55:02.784+0000] {logging_mixin.py:190} INFO - [2025-04-04T15:55:02.782+0000] {dagbag.py:588} INFO - Filling up the DagBag from /home/airflow/.local/lib/python3.12/site-packages/airflow/example_dags/example_xcom.py
[2025-04-04T15:55:02.799+0000] {processor.py:925} INFO - DAG(s) 'example_xcom' retrieved from /home/airflow/.local/lib/python3.12/site-packages/airflow/example_dags/example_xcom.py
[2025-04-04T15:55:02.842+0000] {logging_mixin.py:190} INFO - [2025-04-04T15:55:02.842+0000] {dag.py:3239} INFO - Sync 1 DAGs
[2025-04-04T15:55:02.889+0000] {logging_mixin.py:190} INFO - [2025-04-04T15:55:02.889+0000] {dag.py:4180} INFO - Setting next_dagrun for example_xcom to 2021-01-01 00:00:00+00:00, run_after=2021-01-01 00:00:00+00:00
[2025-04-04T15:55:02.914+0000] {processor.py:208} INFO - Processing /home/airflow/.local/lib/python3.12/site-packages/airflow/example_dags/example_xcom.py took 0.147 seconds
[2025-04-04T15:55:33.549+0000] {processor.py:186} INFO - Started process (PID=1123) to work on /home/airflow/.local/lib/python3.12/site-packages/airflow/example_dags/example_xcom.py
[2025-04-04T15:55:33.550+0000] {processor.py:914} INFO - Processing file /home/airflow/.local/lib/python3.12/site-packages/airflow/example_dags/example_xcom.py for tasks to queue
[2025-04-04T15:55:33.553+0000] {logging_mixin.py:190} INFO - [2025-04-04T15:55:33.553+0000] {dagbag.py:588} INFO - Filling up the DagBag from /home/airflow/.local/lib/python3.12/site-packages/airflow/example_dags/example_xcom.py
[2025-04-04T15:55:33.565+0000] {processor.py:925} INFO - DAG(s) 'example_xcom' retrieved from /home/airflow/.local/lib/python3.12/site-packages/airflow/example_dags/example_xcom.py
[2025-04-04T15:55:33.596+0000] {logging_mixin.py:190} INFO - [2025-04-04T15:55:33.596+0000] {dag.py:3239} INFO - Sync 1 DAGs
[2025-04-04T15:55:33.640+0000] {logging_mixin.py:190} INFO - [2025-04-04T15:55:33.640+0000] {dag.py:4180} INFO - Setting next_dagrun for example_xcom to 2021-01-01 00:00:00+00:00, run_after=2021-01-01 00:00:00+00:00
[2025-04-04T15:55:33.669+0000] {processor.py:208} INFO - Processing /home/airflow/.local/lib/python3.12/site-packages/airflow/example_dags/example_xcom.py took 0.130 seconds
[2025-04-04T15:56:04.519+0000] {processor.py:186} INFO - Started process (PID=1187) to work on /home/airflow/.local/lib/python3.12/site-packages/airflow/example_dags/example_xcom.py
[2025-04-04T15:56:04.522+0000] {processor.py:914} INFO - Processing file /home/airflow/.local/lib/python3.12/site-packages/airflow/example_dags/example_xcom.py for tasks to queue
[2025-04-04T15:56:04.526+0000] {logging_mixin.py:190} INFO - [2025-04-04T15:56:04.525+0000] {dagbag.py:588} INFO - Filling up the DagBag from /home/airflow/.local/lib/python3.12/site-packages/airflow/example_dags/example_xcom.py
[2025-04-04T15:56:04.545+0000] {processor.py:925} INFO - DAG(s) 'example_xcom' retrieved from /home/airflow/.local/lib/python3.12/site-packages/airflow/example_dags/example_xcom.py
[2025-04-04T15:56:04.593+0000] {logging_mixin.py:190} INFO - [2025-04-04T15:56:04.593+0000] {dag.py:3239} INFO - Sync 1 DAGs
[2025-04-04T15:56:04.636+0000] {logging_mixin.py:190} INFO - [2025-04-04T15:56:04.636+0000] {dag.py:4180} INFO - Setting next_dagrun for example_xcom to 2021-01-01 00:00:00+00:00, run_after=2021-01-01 00:00:00+00:00
[2025-04-04T15:56:04.663+0000] {processor.py:208} INFO - Processing /home/airflow/.local/lib/python3.12/site-packages/airflow/example_dags/example_xcom.py took 0.157 seconds
[2025-04-04T15:56:35.163+0000] {processor.py:186} INFO - Started process (PID=1251) to work on /home/airflow/.local/lib/python3.12/site-packages/airflow/example_dags/example_xcom.py
[2025-04-04T15:56:35.166+0000] {processor.py:914} INFO - Processing file /home/airflow/.local/lib/python3.12/site-packages/airflow/example_dags/example_xcom.py for tasks to queue
[2025-04-04T15:56:35.170+0000] {logging_mixin.py:190} INFO - [2025-04-04T15:56:35.169+0000] {dagbag.py:588} INFO - Filling up the DagBag from /home/airflow/.local/lib/python3.12/site-packages/airflow/example_dags/example_xcom.py
[2025-04-04T15:56:35.191+0000] {processor.py:925} INFO - DAG(s) 'example_xcom' retrieved from /home/airflow/.local/lib/python3.12/site-packages/airflow/example_dags/example_xcom.py
[2025-04-04T15:56:35.234+0000] {logging_mixin.py:190} INFO - [2025-04-04T15:56:35.234+0000] {dag.py:3239} INFO - Sync 1 DAGs
[2025-04-04T15:56:35.285+0000] {logging_mixin.py:190} INFO - [2025-04-04T15:56:35.284+0000] {dag.py:4180} INFO - Setting next_dagrun for example_xcom to 2021-01-01 00:00:00+00:00, run_after=2021-01-01 00:00:00+00:00
[2025-04-04T15:56:35.333+0000] {processor.py:208} INFO - Processing /home/airflow/.local/lib/python3.12/site-packages/airflow/example_dags/example_xcom.py took 0.182 seconds
[2025-04-04T15:57:05.601+0000] {processor.py:186} INFO - Started process (PID=1315) to work on /home/airflow/.local/lib/python3.12/site-packages/airflow/example_dags/example_xcom.py
[2025-04-04T15:57:05.602+0000] {processor.py:914} INFO - Processing file /home/airflow/.local/lib/python3.12/site-packages/airflow/example_dags/example_xcom.py for tasks to queue
[2025-04-04T15:57:05.605+0000] {logging_mixin.py:190} INFO - [2025-04-04T15:57:05.604+0000] {dagbag.py:588} INFO - Filling up the DagBag from /home/airflow/.local/lib/python3.12/site-packages/airflow/example_dags/example_xcom.py
[2025-04-04T15:57:05.616+0000] {processor.py:925} INFO - DAG(s) 'example_xcom' retrieved from /home/airflow/.local/lib/python3.12/site-packages/airflow/example_dags/example_xcom.py
[2025-04-04T15:57:05.642+0000] {logging_mixin.py:190} INFO - [2025-04-04T15:57:05.641+0000] {dag.py:3239} INFO - Sync 1 DAGs
[2025-04-04T15:57:05.698+0000] {logging_mixin.py:190} INFO - [2025-04-04T15:57:05.698+0000] {dag.py:4180} INFO - Setting next_dagrun for example_xcom to 2021-01-01 00:00:00+00:00, run_after=2021-01-01 00:00:00+00:00
[2025-04-04T15:57:05.752+0000] {processor.py:208} INFO - Processing /home/airflow/.local/lib/python3.12/site-packages/airflow/example_dags/example_xcom.py took 0.160 seconds
[2025-04-04T15:57:36.490+0000] {processor.py:186} INFO - Started process (PID=1379) to work on /home/airflow/.local/lib/python3.12/site-packages/airflow/example_dags/example_xcom.py
[2025-04-04T15:57:36.492+0000] {processor.py:914} INFO - Processing file /home/airflow/.local/lib/python3.12/site-packages/airflow/example_dags/example_xcom.py for tasks to queue
[2025-04-04T15:57:36.497+0000] {logging_mixin.py:190} INFO - [2025-04-04T15:57:36.496+0000] {dagbag.py:588} INFO - Filling up the DagBag from /home/airflow/.local/lib/python3.12/site-packages/airflow/example_dags/example_xcom.py
[2025-04-04T15:57:36.541+0000] {processor.py:925} INFO - DAG(s) 'example_xcom' retrieved from /home/airflow/.local/lib/python3.12/site-packages/airflow/example_dags/example_xcom.py
[2025-04-04T15:57:36.666+0000] {logging_mixin.py:190} INFO - [2025-04-04T15:57:36.665+0000] {dag.py:3239} INFO - Sync 1 DAGs
[2025-04-04T15:57:36.773+0000] {logging_mixin.py:190} INFO - [2025-04-04T15:57:36.772+0000] {dag.py:4180} INFO - Setting next_dagrun for example_xcom to 2021-01-01 00:00:00+00:00, run_after=2021-01-01 00:00:00+00:00
[2025-04-04T15:57:36.830+0000] {processor.py:208} INFO - Processing /home/airflow/.local/lib/python3.12/site-packages/airflow/example_dags/example_xcom.py took 0.352 seconds
[2025-04-04T15:58:06.891+0000] {processor.py:186} INFO - Started process (PID=1443) to work on /home/airflow/.local/lib/python3.12/site-packages/airflow/example_dags/example_xcom.py
[2025-04-04T15:58:06.892+0000] {processor.py:914} INFO - Processing file /home/airflow/.local/lib/python3.12/site-packages/airflow/example_dags/example_xcom.py for tasks to queue
[2025-04-04T15:58:06.895+0000] {logging_mixin.py:190} INFO - [2025-04-04T15:58:06.895+0000] {dagbag.py:588} INFO - Filling up the DagBag from /home/airflow/.local/lib/python3.12/site-packages/airflow/example_dags/example_xcom.py
[2025-04-04T15:58:06.908+0000] {processor.py:925} INFO - DAG(s) 'example_xcom' retrieved from /home/airflow/.local/lib/python3.12/site-packages/airflow/example_dags/example_xcom.py
[2025-04-04T15:58:06.943+0000] {logging_mixin.py:190} INFO - [2025-04-04T15:58:06.942+0000] {dag.py:3239} INFO - Sync 1 DAGs
[2025-04-04T15:58:06.991+0000] {logging_mixin.py:190} INFO - [2025-04-04T15:58:06.990+0000] {dag.py:4180} INFO - Setting next_dagrun for example_xcom to 2021-01-01 00:00:00+00:00, run_after=2021-01-01 00:00:00+00:00
[2025-04-04T15:58:07.017+0000] {processor.py:208} INFO - Processing /home/airflow/.local/lib/python3.12/site-packages/airflow/example_dags/example_xcom.py took 0.134 seconds
[2025-04-04T15:58:37.612+0000] {processor.py:186} INFO - Started process (PID=1507) to work on /home/airflow/.local/lib/python3.12/site-packages/airflow/example_dags/example_xcom.py
[2025-04-04T15:58:37.614+0000] {processor.py:914} INFO - Processing file /home/airflow/.local/lib/python3.12/site-packages/airflow/example_dags/example_xcom.py for tasks to queue
[2025-04-04T15:58:37.617+0000] {logging_mixin.py:190} INFO - [2025-04-04T15:58:37.616+0000] {dagbag.py:588} INFO - Filling up the DagBag from /home/airflow/.local/lib/python3.12/site-packages/airflow/example_dags/example_xcom.py
[2025-04-04T15:58:37.630+0000] {processor.py:925} INFO - DAG(s) 'example_xcom' retrieved from /home/airflow/.local/lib/python3.12/site-packages/airflow/example_dags/example_xcom.py
[2025-04-04T15:58:37.659+0000] {logging_mixin.py:190} INFO - [2025-04-04T15:58:37.659+0000] {dag.py:3239} INFO - Sync 1 DAGs
[2025-04-04T15:58:37.694+0000] {logging_mixin.py:190} INFO - [2025-04-04T15:58:37.693+0000] {dag.py:4180} INFO - Setting next_dagrun for example_xcom to 2021-01-01 00:00:00+00:00, run_after=2021-01-01 00:00:00+00:00
[2025-04-04T15:58:37.719+0000] {processor.py:208} INFO - Processing /home/airflow/.local/lib/python3.12/site-packages/airflow/example_dags/example_xcom.py took 0.116 seconds
[2025-04-04T16:00:55.254+0000] {processor.py:186} INFO - Started process (PID=102) to work on /home/airflow/.local/lib/python3.12/site-packages/airflow/example_dags/example_xcom.py
[2025-04-04T16:00:55.256+0000] {processor.py:914} INFO - Processing file /home/airflow/.local/lib/python3.12/site-packages/airflow/example_dags/example_xcom.py for tasks to queue
[2025-04-04T16:00:55.259+0000] {logging_mixin.py:190} INFO - [2025-04-04T16:00:55.258+0000] {dagbag.py:588} INFO - Filling up the DagBag from /home/airflow/.local/lib/python3.12/site-packages/airflow/example_dags/example_xcom.py
[2025-04-04T16:00:55.273+0000] {processor.py:925} INFO - DAG(s) 'example_xcom' retrieved from /home/airflow/.local/lib/python3.12/site-packages/airflow/example_dags/example_xcom.py
[2025-04-04T16:00:55.304+0000] {logging_mixin.py:190} INFO - [2025-04-04T16:00:55.304+0000] {dag.py:3239} INFO - Sync 1 DAGs
[2025-04-04T16:00:55.337+0000] {logging_mixin.py:190} INFO - [2025-04-04T16:00:55.336+0000] {dag.py:4180} INFO - Setting next_dagrun for example_xcom to 2021-01-01 00:00:00+00:00, run_after=2021-01-01 00:00:00+00:00
[2025-04-04T16:00:55.361+0000] {processor.py:208} INFO - Processing /home/airflow/.local/lib/python3.12/site-packages/airflow/example_dags/example_xcom.py took 0.114 seconds
[2025-04-04T16:01:25.925+0000] {processor.py:186} INFO - Started process (PID=166) to work on /home/airflow/.local/lib/python3.12/site-packages/airflow/example_dags/example_xcom.py
[2025-04-04T16:01:25.926+0000] {processor.py:914} INFO - Processing file /home/airflow/.local/lib/python3.12/site-packages/airflow/example_dags/example_xcom.py for tasks to queue
[2025-04-04T16:01:25.929+0000] {logging_mixin.py:190} INFO - [2025-04-04T16:01:25.929+0000] {dagbag.py:588} INFO - Filling up the DagBag from /home/airflow/.local/lib/python3.12/site-packages/airflow/example_dags/example_xcom.py
[2025-04-04T16:01:25.941+0000] {processor.py:925} INFO - DAG(s) 'example_xcom' retrieved from /home/airflow/.local/lib/python3.12/site-packages/airflow/example_dags/example_xcom.py
[2025-04-04T16:01:25.968+0000] {logging_mixin.py:190} INFO - [2025-04-04T16:01:25.968+0000] {dag.py:3239} INFO - Sync 1 DAGs
[2025-04-04T16:01:26.002+0000] {logging_mixin.py:190} INFO - [2025-04-04T16:01:26.001+0000] {dag.py:4180} INFO - Setting next_dagrun for example_xcom to 2021-01-01 00:00:00+00:00, run_after=2021-01-01 00:00:00+00:00
[2025-04-04T16:01:26.027+0000] {processor.py:208} INFO - Processing /home/airflow/.local/lib/python3.12/site-packages/airflow/example_dags/example_xcom.py took 0.110 seconds
[2025-04-04T16:01:56.886+0000] {processor.py:186} INFO - Started process (PID=230) to work on /home/airflow/.local/lib/python3.12/site-packages/airflow/example_dags/example_xcom.py
[2025-04-04T16:01:56.888+0000] {processor.py:914} INFO - Processing file /home/airflow/.local/lib/python3.12/site-packages/airflow/example_dags/example_xcom.py for tasks to queue
[2025-04-04T16:01:56.891+0000] {logging_mixin.py:190} INFO - [2025-04-04T16:01:56.890+0000] {dagbag.py:588} INFO - Filling up the DagBag from /home/airflow/.local/lib/python3.12/site-packages/airflow/example_dags/example_xcom.py
[2025-04-04T16:01:56.902+0000] {processor.py:925} INFO - DAG(s) 'example_xcom' retrieved from /home/airflow/.local/lib/python3.12/site-packages/airflow/example_dags/example_xcom.py
[2025-04-04T16:01:56.926+0000] {logging_mixin.py:190} INFO - [2025-04-04T16:01:56.926+0000] {dag.py:3239} INFO - Sync 1 DAGs
[2025-04-04T16:01:56.955+0000] {logging_mixin.py:190} INFO - [2025-04-04T16:01:56.954+0000] {dag.py:4180} INFO - Setting next_dagrun for example_xcom to 2021-01-01 00:00:00+00:00, run_after=2021-01-01 00:00:00+00:00
[2025-04-04T16:01:56.978+0000] {processor.py:208} INFO - Processing /home/airflow/.local/lib/python3.12/site-packages/airflow/example_dags/example_xcom.py took 0.099 seconds
[2025-04-04T16:02:29.284+0000] {processor.py:186} INFO - Started process (PID=300) to work on /home/airflow/.local/lib/python3.12/site-packages/airflow/example_dags/example_xcom.py
[2025-04-04T16:02:29.285+0000] {processor.py:914} INFO - Processing file /home/airflow/.local/lib/python3.12/site-packages/airflow/example_dags/example_xcom.py for tasks to queue
[2025-04-04T16:02:29.288+0000] {logging_mixin.py:190} INFO - [2025-04-04T16:02:29.287+0000] {dagbag.py:588} INFO - Filling up the DagBag from /home/airflow/.local/lib/python3.12/site-packages/airflow/example_dags/example_xcom.py
[2025-04-04T16:02:29.300+0000] {processor.py:925} INFO - DAG(s) 'example_xcom' retrieved from /home/airflow/.local/lib/python3.12/site-packages/airflow/example_dags/example_xcom.py
[2025-04-04T16:02:29.335+0000] {logging_mixin.py:190} INFO - [2025-04-04T16:02:29.335+0000] {dag.py:3239} INFO - Sync 1 DAGs
[2025-04-04T16:02:29.376+0000] {logging_mixin.py:190} INFO - [2025-04-04T16:02:29.376+0000] {dag.py:4180} INFO - Setting next_dagrun for example_xcom to 2021-01-01 00:00:00+00:00, run_after=2021-01-01 00:00:00+00:00
[2025-04-04T16:02:29.409+0000] {processor.py:208} INFO - Processing /home/airflow/.local/lib/python3.12/site-packages/airflow/example_dags/example_xcom.py took 0.135 seconds
