[2025-04-04T15:44:02.367+0000] {processor.py:186} INFO - Started process (PID=77) to work on /home/airflow/.local/lib/python3.12/site-packages/airflow/example_dags/example_external_task_marker_dag.py
[2025-04-04T15:44:02.371+0000] {processor.py:914} INFO - Processing file /home/airflow/.local/lib/python3.12/site-packages/airflow/example_dags/example_external_task_marker_dag.py for tasks to queue
[2025-04-04T15:44:02.376+0000] {logging_mixin.py:190} INFO - [2025-04-04T15:44:02.376+0000] {dagbag.py:588} INFO - Filling up the DagBag from /home/airflow/.local/lib/python3.12/site-packages/airflow/example_dags/example_external_task_marker_dag.py
[2025-04-04T15:44:02.413+0000] {processor.py:925} INFO - DAG(s) 'example_external_task_marker_parent', 'example_external_task_marker_child' retrieved from /home/airflow/.local/lib/python3.12/site-packages/airflow/example_dags/example_external_task_marker_dag.py
[2025-04-04T15:44:02.779+0000] {logging_mixin.py:190} INFO - [2025-04-04T15:44:02.778+0000] {override.py:1912} INFO - Created Permission View: can edit on DAG:example_external_task_marker_parent
[2025-04-04T15:44:02.811+0000] {logging_mixin.py:190} INFO - [2025-04-04T15:44:02.811+0000] {override.py:1912} INFO - Created Permission View: can read on DAG:example_external_task_marker_parent
[2025-04-04T15:44:02.831+0000] {logging_mixin.py:190} INFO - [2025-04-04T15:44:02.831+0000] {override.py:1912} INFO - Created Permission View: can delete on DAG:example_external_task_marker_parent
[2025-04-04T15:44:02.862+0000] {logging_mixin.py:190} INFO - [2025-04-04T15:44:02.861+0000] {override.py:1912} INFO - Created Permission View: menu access on DAG Run:example_external_task_marker_parent
[2025-04-04T15:44:02.890+0000] {logging_mixin.py:190} INFO - [2025-04-04T15:44:02.889+0000] {override.py:1912} INFO - Created Permission View: can read on DAG Run:example_external_task_marker_parent
[2025-04-04T15:44:02.918+0000] {logging_mixin.py:190} INFO - [2025-04-04T15:44:02.917+0000] {override.py:1912} INFO - Created Permission View: can create on DAG Run:example_external_task_marker_parent
[2025-04-04T15:44:02.960+0000] {logging_mixin.py:190} INFO - [2025-04-04T15:44:02.960+0000] {override.py:1912} INFO - Created Permission View: can delete on DAG Run:example_external_task_marker_parent
[2025-04-04T15:44:03.035+0000] {logging_mixin.py:190} INFO - [2025-04-04T15:44:03.035+0000] {override.py:1912} INFO - Created Permission View: can edit on DAG:example_external_task_marker_child
[2025-04-04T15:44:03.064+0000] {logging_mixin.py:190} INFO - [2025-04-04T15:44:03.064+0000] {override.py:1912} INFO - Created Permission View: can read on DAG:example_external_task_marker_child
[2025-04-04T15:44:03.105+0000] {logging_mixin.py:190} INFO - [2025-04-04T15:44:03.104+0000] {override.py:1912} INFO - Created Permission View: can delete on DAG:example_external_task_marker_child
[2025-04-04T15:44:03.154+0000] {logging_mixin.py:190} INFO - [2025-04-04T15:44:03.154+0000] {override.py:1912} INFO - Created Permission View: menu access on DAG Run:example_external_task_marker_child
[2025-04-04T15:44:03.186+0000] {logging_mixin.py:190} INFO - [2025-04-04T15:44:03.186+0000] {override.py:1912} INFO - Created Permission View: can read on DAG Run:example_external_task_marker_child
[2025-04-04T15:44:03.221+0000] {logging_mixin.py:190} INFO - [2025-04-04T15:44:03.221+0000] {override.py:1912} INFO - Created Permission View: can create on DAG Run:example_external_task_marker_child
[2025-04-04T15:44:03.239+0000] {logging_mixin.py:190} INFO - [2025-04-04T15:44:03.239+0000] {override.py:1912} INFO - Created Permission View: can delete on DAG Run:example_external_task_marker_child
[2025-04-04T15:44:03.240+0000] {logging_mixin.py:190} INFO - [2025-04-04T15:44:03.240+0000] {dag.py:3239} INFO - Sync 2 DAGs
[2025-04-04T15:44:03.297+0000] {logging_mixin.py:190} INFO - [2025-04-04T15:44:03.296+0000] {dag.py:3262} INFO - Creating ORM DAG for example_external_task_marker_child
[2025-04-04T15:44:03.298+0000] {logging_mixin.py:190} INFO - [2025-04-04T15:44:03.298+0000] {dag.py:3262} INFO - Creating ORM DAG for example_external_task_marker_parent
[2025-04-04T15:44:03.299+0000] {logging_mixin.py:190} INFO - [2025-04-04T15:44:03.299+0000] {dag.py:4180} INFO - Setting next_dagrun for example_external_task_marker_child to None, run_after=None
[2025-04-04T15:44:03.304+0000] {logging_mixin.py:190} INFO - [2025-04-04T15:44:03.304+0000] {dag.py:4180} INFO - Setting next_dagrun for example_external_task_marker_parent to None, run_after=None
[2025-04-04T15:44:03.361+0000] {processor.py:208} INFO - Processing /home/airflow/.local/lib/python3.12/site-packages/airflow/example_dags/example_external_task_marker_dag.py took 1.035 seconds
[2025-04-04T15:44:33.576+0000] {processor.py:186} INFO - Started process (PID=140) to work on /home/airflow/.local/lib/python3.12/site-packages/airflow/example_dags/example_external_task_marker_dag.py
[2025-04-04T15:44:33.578+0000] {processor.py:914} INFO - Processing file /home/airflow/.local/lib/python3.12/site-packages/airflow/example_dags/example_external_task_marker_dag.py for tasks to queue
[2025-04-04T15:44:33.581+0000] {logging_mixin.py:190} INFO - [2025-04-04T15:44:33.581+0000] {dagbag.py:588} INFO - Filling up the DagBag from /home/airflow/.local/lib/python3.12/site-packages/airflow/example_dags/example_external_task_marker_dag.py
[2025-04-04T15:44:33.596+0000] {processor.py:925} INFO - DAG(s) 'example_external_task_marker_child', 'example_external_task_marker_parent' retrieved from /home/airflow/.local/lib/python3.12/site-packages/airflow/example_dags/example_external_task_marker_dag.py
[2025-04-04T15:44:33.632+0000] {logging_mixin.py:190} INFO - [2025-04-04T15:44:33.632+0000] {dag.py:3239} INFO - Sync 2 DAGs
[2025-04-04T15:44:33.659+0000] {logging_mixin.py:190} INFO - [2025-04-04T15:44:33.659+0000] {dag.py:4180} INFO - Setting next_dagrun for example_external_task_marker_child to None, run_after=None
[2025-04-04T15:44:33.665+0000] {logging_mixin.py:190} INFO - [2025-04-04T15:44:33.665+0000] {dag.py:4180} INFO - Setting next_dagrun for example_external_task_marker_parent to None, run_after=None
[2025-04-04T15:44:33.689+0000] {processor.py:208} INFO - Processing /home/airflow/.local/lib/python3.12/site-packages/airflow/example_dags/example_external_task_marker_dag.py took 0.123 seconds
[2025-04-04T15:45:04.043+0000] {processor.py:186} INFO - Started process (PID=203) to work on /home/airflow/.local/lib/python3.12/site-packages/airflow/example_dags/example_external_task_marker_dag.py
[2025-04-04T15:45:04.044+0000] {processor.py:914} INFO - Processing file /home/airflow/.local/lib/python3.12/site-packages/airflow/example_dags/example_external_task_marker_dag.py for tasks to queue
[2025-04-04T15:45:04.048+0000] {logging_mixin.py:190} INFO - [2025-04-04T15:45:04.047+0000] {dagbag.py:588} INFO - Filling up the DagBag from /home/airflow/.local/lib/python3.12/site-packages/airflow/example_dags/example_external_task_marker_dag.py
[2025-04-04T15:45:04.063+0000] {processor.py:925} INFO - DAG(s) 'example_external_task_marker_parent', 'example_external_task_marker_child' retrieved from /home/airflow/.local/lib/python3.12/site-packages/airflow/example_dags/example_external_task_marker_dag.py
[2025-04-04T15:45:04.108+0000] {logging_mixin.py:190} INFO - [2025-04-04T15:45:04.108+0000] {dag.py:3239} INFO - Sync 2 DAGs
[2025-04-04T15:45:04.135+0000] {logging_mixin.py:190} INFO - [2025-04-04T15:45:04.135+0000] {dag.py:4180} INFO - Setting next_dagrun for example_external_task_marker_child to None, run_after=None
[2025-04-04T15:45:04.142+0000] {logging_mixin.py:190} INFO - [2025-04-04T15:45:04.141+0000] {dag.py:4180} INFO - Setting next_dagrun for example_external_task_marker_parent to None, run_after=None
[2025-04-04T15:45:04.171+0000] {processor.py:208} INFO - Processing /home/airflow/.local/lib/python3.12/site-packages/airflow/example_dags/example_external_task_marker_dag.py took 0.136 seconds
[2025-04-04T15:45:34.874+0000] {processor.py:186} INFO - Started process (PID=266) to work on /home/airflow/.local/lib/python3.12/site-packages/airflow/example_dags/example_external_task_marker_dag.py
[2025-04-04T15:45:34.875+0000] {processor.py:914} INFO - Processing file /home/airflow/.local/lib/python3.12/site-packages/airflow/example_dags/example_external_task_marker_dag.py for tasks to queue
[2025-04-04T15:45:34.878+0000] {logging_mixin.py:190} INFO - [2025-04-04T15:45:34.877+0000] {dagbag.py:588} INFO - Filling up the DagBag from /home/airflow/.local/lib/python3.12/site-packages/airflow/example_dags/example_external_task_marker_dag.py
[2025-04-04T15:45:34.891+0000] {processor.py:925} INFO - DAG(s) 'example_external_task_marker_parent', 'example_external_task_marker_child' retrieved from /home/airflow/.local/lib/python3.12/site-packages/airflow/example_dags/example_external_task_marker_dag.py
[2025-04-04T15:45:34.922+0000] {logging_mixin.py:190} INFO - [2025-04-04T15:45:34.921+0000] {dag.py:3239} INFO - Sync 2 DAGs
[2025-04-04T15:45:34.942+0000] {logging_mixin.py:190} INFO - [2025-04-04T15:45:34.942+0000] {dag.py:4180} INFO - Setting next_dagrun for example_external_task_marker_child to None, run_after=None
[2025-04-04T15:45:34.948+0000] {logging_mixin.py:190} INFO - [2025-04-04T15:45:34.948+0000] {dag.py:4180} INFO - Setting next_dagrun for example_external_task_marker_parent to None, run_after=None
[2025-04-04T15:45:34.973+0000] {processor.py:208} INFO - Processing /home/airflow/.local/lib/python3.12/site-packages/airflow/example_dags/example_external_task_marker_dag.py took 0.108 seconds
[2025-04-04T15:46:05.210+0000] {processor.py:186} INFO - Started process (PID=329) to work on /home/airflow/.local/lib/python3.12/site-packages/airflow/example_dags/example_external_task_marker_dag.py
[2025-04-04T15:46:05.212+0000] {processor.py:914} INFO - Processing file /home/airflow/.local/lib/python3.12/site-packages/airflow/example_dags/example_external_task_marker_dag.py for tasks to queue
[2025-04-04T15:46:05.215+0000] {logging_mixin.py:190} INFO - [2025-04-04T15:46:05.214+0000] {dagbag.py:588} INFO - Filling up the DagBag from /home/airflow/.local/lib/python3.12/site-packages/airflow/example_dags/example_external_task_marker_dag.py
[2025-04-04T15:46:05.225+0000] {processor.py:925} INFO - DAG(s) 'example_external_task_marker_child', 'example_external_task_marker_parent' retrieved from /home/airflow/.local/lib/python3.12/site-packages/airflow/example_dags/example_external_task_marker_dag.py
[2025-04-04T15:46:05.262+0000] {logging_mixin.py:190} INFO - [2025-04-04T15:46:05.262+0000] {dag.py:3239} INFO - Sync 2 DAGs
[2025-04-04T15:46:05.287+0000] {logging_mixin.py:190} INFO - [2025-04-04T15:46:05.287+0000] {dag.py:4180} INFO - Setting next_dagrun for example_external_task_marker_child to None, run_after=None
[2025-04-04T15:46:05.292+0000] {logging_mixin.py:190} INFO - [2025-04-04T15:46:05.292+0000] {dag.py:4180} INFO - Setting next_dagrun for example_external_task_marker_parent to None, run_after=None
[2025-04-04T15:46:05.315+0000] {processor.py:208} INFO - Processing /home/airflow/.local/lib/python3.12/site-packages/airflow/example_dags/example_external_task_marker_dag.py took 0.113 seconds
[2025-04-04T15:47:17.283+0000] {processor.py:186} INFO - Started process (PID=71) to work on /home/airflow/.local/lib/python3.12/site-packages/airflow/example_dags/example_external_task_marker_dag.py
[2025-04-04T15:47:17.284+0000] {processor.py:914} INFO - Processing file /home/airflow/.local/lib/python3.12/site-packages/airflow/example_dags/example_external_task_marker_dag.py for tasks to queue
[2025-04-04T15:47:17.288+0000] {logging_mixin.py:190} INFO - [2025-04-04T15:47:17.287+0000] {dagbag.py:588} INFO - Filling up the DagBag from /home/airflow/.local/lib/python3.12/site-packages/airflow/example_dags/example_external_task_marker_dag.py
[2025-04-04T15:47:17.303+0000] {processor.py:925} INFO - DAG(s) 'example_external_task_marker_parent', 'example_external_task_marker_child' retrieved from /home/airflow/.local/lib/python3.12/site-packages/airflow/example_dags/example_external_task_marker_dag.py
[2025-04-04T15:47:17.347+0000] {logging_mixin.py:190} INFO - [2025-04-04T15:47:17.347+0000] {dag.py:3239} INFO - Sync 2 DAGs
[2025-04-04T15:47:17.377+0000] {logging_mixin.py:190} INFO - [2025-04-04T15:47:17.377+0000] {dag.py:4180} INFO - Setting next_dagrun for example_external_task_marker_child to None, run_after=None
[2025-04-04T15:47:17.384+0000] {logging_mixin.py:190} INFO - [2025-04-04T15:47:17.384+0000] {dag.py:4180} INFO - Setting next_dagrun for example_external_task_marker_parent to None, run_after=None
[2025-04-04T15:47:17.413+0000] {processor.py:208} INFO - Processing /home/airflow/.local/lib/python3.12/site-packages/airflow/example_dags/example_external_task_marker_dag.py took 0.140 seconds
[2025-04-04T15:47:47.491+0000] {processor.py:186} INFO - Started process (PID=135) to work on /home/airflow/.local/lib/python3.12/site-packages/airflow/example_dags/example_external_task_marker_dag.py
[2025-04-04T15:47:47.492+0000] {processor.py:914} INFO - Processing file /home/airflow/.local/lib/python3.12/site-packages/airflow/example_dags/example_external_task_marker_dag.py for tasks to queue
[2025-04-04T15:47:47.495+0000] {logging_mixin.py:190} INFO - [2025-04-04T15:47:47.494+0000] {dagbag.py:588} INFO - Filling up the DagBag from /home/airflow/.local/lib/python3.12/site-packages/airflow/example_dags/example_external_task_marker_dag.py
[2025-04-04T15:47:47.505+0000] {processor.py:925} INFO - DAG(s) 'example_external_task_marker_parent', 'example_external_task_marker_child' retrieved from /home/airflow/.local/lib/python3.12/site-packages/airflow/example_dags/example_external_task_marker_dag.py
[2025-04-04T15:47:47.541+0000] {logging_mixin.py:190} INFO - [2025-04-04T15:47:47.541+0000] {dag.py:3239} INFO - Sync 2 DAGs
[2025-04-04T15:47:47.571+0000] {logging_mixin.py:190} INFO - [2025-04-04T15:47:47.571+0000] {dag.py:4180} INFO - Setting next_dagrun for example_external_task_marker_child to None, run_after=None
[2025-04-04T15:47:47.578+0000] {logging_mixin.py:190} INFO - [2025-04-04T15:47:47.577+0000] {dag.py:4180} INFO - Setting next_dagrun for example_external_task_marker_parent to None, run_after=None
[2025-04-04T15:47:47.603+0000] {processor.py:208} INFO - Processing /home/airflow/.local/lib/python3.12/site-packages/airflow/example_dags/example_external_task_marker_dag.py took 0.122 seconds
[2025-04-04T15:48:18.089+0000] {processor.py:186} INFO - Started process (PID=199) to work on /home/airflow/.local/lib/python3.12/site-packages/airflow/example_dags/example_external_task_marker_dag.py
[2025-04-04T15:48:18.090+0000] {processor.py:914} INFO - Processing file /home/airflow/.local/lib/python3.12/site-packages/airflow/example_dags/example_external_task_marker_dag.py for tasks to queue
[2025-04-04T15:48:18.094+0000] {logging_mixin.py:190} INFO - [2025-04-04T15:48:18.094+0000] {dagbag.py:588} INFO - Filling up the DagBag from /home/airflow/.local/lib/python3.12/site-packages/airflow/example_dags/example_external_task_marker_dag.py
[2025-04-04T15:48:18.110+0000] {processor.py:925} INFO - DAG(s) 'example_external_task_marker_child', 'example_external_task_marker_parent' retrieved from /home/airflow/.local/lib/python3.12/site-packages/airflow/example_dags/example_external_task_marker_dag.py
[2025-04-04T15:48:18.149+0000] {logging_mixin.py:190} INFO - [2025-04-04T15:48:18.149+0000] {dag.py:3239} INFO - Sync 2 DAGs
[2025-04-04T15:48:18.171+0000] {logging_mixin.py:190} INFO - [2025-04-04T15:48:18.171+0000] {dag.py:4180} INFO - Setting next_dagrun for example_external_task_marker_child to None, run_after=None
[2025-04-04T15:48:18.179+0000] {logging_mixin.py:190} INFO - [2025-04-04T15:48:18.179+0000] {dag.py:4180} INFO - Setting next_dagrun for example_external_task_marker_parent to None, run_after=None
[2025-04-04T15:48:18.203+0000] {processor.py:208} INFO - Processing /home/airflow/.local/lib/python3.12/site-packages/airflow/example_dags/example_external_task_marker_dag.py took 0.124 seconds
[2025-04-04T15:48:49.012+0000] {processor.py:186} INFO - Started process (PID=263) to work on /home/airflow/.local/lib/python3.12/site-packages/airflow/example_dags/example_external_task_marker_dag.py
[2025-04-04T15:48:49.013+0000] {processor.py:914} INFO - Processing file /home/airflow/.local/lib/python3.12/site-packages/airflow/example_dags/example_external_task_marker_dag.py for tasks to queue
[2025-04-04T15:48:49.016+0000] {logging_mixin.py:190} INFO - [2025-04-04T15:48:49.016+0000] {dagbag.py:588} INFO - Filling up the DagBag from /home/airflow/.local/lib/python3.12/site-packages/airflow/example_dags/example_external_task_marker_dag.py
[2025-04-04T15:48:49.030+0000] {processor.py:925} INFO - DAG(s) 'example_external_task_marker_child', 'example_external_task_marker_parent' retrieved from /home/airflow/.local/lib/python3.12/site-packages/airflow/example_dags/example_external_task_marker_dag.py
[2025-04-04T15:48:49.065+0000] {logging_mixin.py:190} INFO - [2025-04-04T15:48:49.065+0000] {dag.py:3239} INFO - Sync 2 DAGs
[2025-04-04T15:48:49.095+0000] {logging_mixin.py:190} INFO - [2025-04-04T15:48:49.094+0000] {dag.py:4180} INFO - Setting next_dagrun for example_external_task_marker_child to None, run_after=None
[2025-04-04T15:48:49.101+0000] {logging_mixin.py:190} INFO - [2025-04-04T15:48:49.100+0000] {dag.py:4180} INFO - Setting next_dagrun for example_external_task_marker_parent to None, run_after=None
[2025-04-04T15:48:49.132+0000] {processor.py:208} INFO - Processing /home/airflow/.local/lib/python3.12/site-packages/airflow/example_dags/example_external_task_marker_dag.py took 0.128 seconds
[2025-04-04T15:49:19.935+0000] {processor.py:186} INFO - Started process (PID=327) to work on /home/airflow/.local/lib/python3.12/site-packages/airflow/example_dags/example_external_task_marker_dag.py
[2025-04-04T15:49:19.936+0000] {processor.py:914} INFO - Processing file /home/airflow/.local/lib/python3.12/site-packages/airflow/example_dags/example_external_task_marker_dag.py for tasks to queue
[2025-04-04T15:49:19.939+0000] {logging_mixin.py:190} INFO - [2025-04-04T15:49:19.939+0000] {dagbag.py:588} INFO - Filling up the DagBag from /home/airflow/.local/lib/python3.12/site-packages/airflow/example_dags/example_external_task_marker_dag.py
[2025-04-04T15:49:19.950+0000] {processor.py:925} INFO - DAG(s) 'example_external_task_marker_child', 'example_external_task_marker_parent' retrieved from /home/airflow/.local/lib/python3.12/site-packages/airflow/example_dags/example_external_task_marker_dag.py
[2025-04-04T15:49:19.978+0000] {logging_mixin.py:190} INFO - [2025-04-04T15:49:19.978+0000] {dag.py:3239} INFO - Sync 2 DAGs
[2025-04-04T15:49:19.997+0000] {logging_mixin.py:190} INFO - [2025-04-04T15:49:19.997+0000] {dag.py:4180} INFO - Setting next_dagrun for example_external_task_marker_child to None, run_after=None
[2025-04-04T15:49:20.002+0000] {logging_mixin.py:190} INFO - [2025-04-04T15:49:20.002+0000] {dag.py:4180} INFO - Setting next_dagrun for example_external_task_marker_parent to None, run_after=None
[2025-04-04T15:49:20.028+0000] {processor.py:208} INFO - Processing /home/airflow/.local/lib/python3.12/site-packages/airflow/example_dags/example_external_task_marker_dag.py took 0.101 seconds
[2025-04-04T15:49:50.232+0000] {processor.py:186} INFO - Started process (PID=391) to work on /home/airflow/.local/lib/python3.12/site-packages/airflow/example_dags/example_external_task_marker_dag.py
[2025-04-04T15:49:50.233+0000] {processor.py:914} INFO - Processing file /home/airflow/.local/lib/python3.12/site-packages/airflow/example_dags/example_external_task_marker_dag.py for tasks to queue
[2025-04-04T15:49:50.236+0000] {logging_mixin.py:190} INFO - [2025-04-04T15:49:50.235+0000] {dagbag.py:588} INFO - Filling up the DagBag from /home/airflow/.local/lib/python3.12/site-packages/airflow/example_dags/example_external_task_marker_dag.py
[2025-04-04T15:49:50.248+0000] {processor.py:925} INFO - DAG(s) 'example_external_task_marker_child', 'example_external_task_marker_parent' retrieved from /home/airflow/.local/lib/python3.12/site-packages/airflow/example_dags/example_external_task_marker_dag.py
[2025-04-04T15:49:50.275+0000] {logging_mixin.py:190} INFO - [2025-04-04T15:49:50.274+0000] {dag.py:3239} INFO - Sync 2 DAGs
[2025-04-04T15:49:50.294+0000] {logging_mixin.py:190} INFO - [2025-04-04T15:49:50.294+0000] {dag.py:4180} INFO - Setting next_dagrun for example_external_task_marker_child to None, run_after=None
[2025-04-04T15:49:50.299+0000] {logging_mixin.py:190} INFO - [2025-04-04T15:49:50.298+0000] {dag.py:4180} INFO - Setting next_dagrun for example_external_task_marker_parent to None, run_after=None
[2025-04-04T15:49:50.319+0000] {processor.py:208} INFO - Processing /home/airflow/.local/lib/python3.12/site-packages/airflow/example_dags/example_external_task_marker_dag.py took 0.095 seconds
[2025-04-04T15:50:20.940+0000] {processor.py:186} INFO - Started process (PID=455) to work on /home/airflow/.local/lib/python3.12/site-packages/airflow/example_dags/example_external_task_marker_dag.py
[2025-04-04T15:50:20.941+0000] {processor.py:914} INFO - Processing file /home/airflow/.local/lib/python3.12/site-packages/airflow/example_dags/example_external_task_marker_dag.py for tasks to queue
[2025-04-04T15:50:20.944+0000] {logging_mixin.py:190} INFO - [2025-04-04T15:50:20.944+0000] {dagbag.py:588} INFO - Filling up the DagBag from /home/airflow/.local/lib/python3.12/site-packages/airflow/example_dags/example_external_task_marker_dag.py
[2025-04-04T15:50:20.955+0000] {processor.py:925} INFO - DAG(s) 'example_external_task_marker_parent', 'example_external_task_marker_child' retrieved from /home/airflow/.local/lib/python3.12/site-packages/airflow/example_dags/example_external_task_marker_dag.py
[2025-04-04T15:50:20.986+0000] {logging_mixin.py:190} INFO - [2025-04-04T15:50:20.986+0000] {dag.py:3239} INFO - Sync 2 DAGs
[2025-04-04T15:50:21.009+0000] {logging_mixin.py:190} INFO - [2025-04-04T15:50:21.009+0000] {dag.py:4180} INFO - Setting next_dagrun for example_external_task_marker_child to None, run_after=None
[2025-04-04T15:50:21.016+0000] {logging_mixin.py:190} INFO - [2025-04-04T15:50:21.016+0000] {dag.py:4180} INFO - Setting next_dagrun for example_external_task_marker_parent to None, run_after=None
[2025-04-04T15:50:21.042+0000] {processor.py:208} INFO - Processing /home/airflow/.local/lib/python3.12/site-packages/airflow/example_dags/example_external_task_marker_dag.py took 0.110 seconds
[2025-04-04T15:50:51.236+0000] {processor.py:186} INFO - Started process (PID=519) to work on /home/airflow/.local/lib/python3.12/site-packages/airflow/example_dags/example_external_task_marker_dag.py
[2025-04-04T15:50:51.238+0000] {processor.py:914} INFO - Processing file /home/airflow/.local/lib/python3.12/site-packages/airflow/example_dags/example_external_task_marker_dag.py for tasks to queue
[2025-04-04T15:50:51.242+0000] {logging_mixin.py:190} INFO - [2025-04-04T15:50:51.242+0000] {dagbag.py:588} INFO - Filling up the DagBag from /home/airflow/.local/lib/python3.12/site-packages/airflow/example_dags/example_external_task_marker_dag.py
[2025-04-04T15:50:51.256+0000] {processor.py:925} INFO - DAG(s) 'example_external_task_marker_parent', 'example_external_task_marker_child' retrieved from /home/airflow/.local/lib/python3.12/site-packages/airflow/example_dags/example_external_task_marker_dag.py
[2025-04-04T15:50:51.286+0000] {logging_mixin.py:190} INFO - [2025-04-04T15:50:51.286+0000] {dag.py:3239} INFO - Sync 2 DAGs
[2025-04-04T15:50:51.305+0000] {logging_mixin.py:190} INFO - [2025-04-04T15:50:51.305+0000] {dag.py:4180} INFO - Setting next_dagrun for example_external_task_marker_child to None, run_after=None
[2025-04-04T15:50:51.310+0000] {logging_mixin.py:190} INFO - [2025-04-04T15:50:51.309+0000] {dag.py:4180} INFO - Setting next_dagrun for example_external_task_marker_parent to None, run_after=None
[2025-04-04T15:50:51.332+0000] {processor.py:208} INFO - Processing /home/airflow/.local/lib/python3.12/site-packages/airflow/example_dags/example_external_task_marker_dag.py took 0.108 seconds
[2025-04-04T15:51:22.172+0000] {processor.py:186} INFO - Started process (PID=583) to work on /home/airflow/.local/lib/python3.12/site-packages/airflow/example_dags/example_external_task_marker_dag.py
[2025-04-04T15:51:22.173+0000] {processor.py:914} INFO - Processing file /home/airflow/.local/lib/python3.12/site-packages/airflow/example_dags/example_external_task_marker_dag.py for tasks to queue
[2025-04-04T15:51:22.176+0000] {logging_mixin.py:190} INFO - [2025-04-04T15:51:22.176+0000] {dagbag.py:588} INFO - Filling up the DagBag from /home/airflow/.local/lib/python3.12/site-packages/airflow/example_dags/example_external_task_marker_dag.py
[2025-04-04T15:51:22.189+0000] {processor.py:925} INFO - DAG(s) 'example_external_task_marker_parent', 'example_external_task_marker_child' retrieved from /home/airflow/.local/lib/python3.12/site-packages/airflow/example_dags/example_external_task_marker_dag.py
[2025-04-04T15:51:22.220+0000] {logging_mixin.py:190} INFO - [2025-04-04T15:51:22.219+0000] {dag.py:3239} INFO - Sync 2 DAGs
[2025-04-04T15:51:22.242+0000] {logging_mixin.py:190} INFO - [2025-04-04T15:51:22.242+0000] {dag.py:4180} INFO - Setting next_dagrun for example_external_task_marker_child to None, run_after=None
[2025-04-04T15:51:22.247+0000] {logging_mixin.py:190} INFO - [2025-04-04T15:51:22.247+0000] {dag.py:4180} INFO - Setting next_dagrun for example_external_task_marker_parent to None, run_after=None
[2025-04-04T15:51:22.271+0000] {processor.py:208} INFO - Processing /home/airflow/.local/lib/python3.12/site-packages/airflow/example_dags/example_external_task_marker_dag.py took 0.108 seconds
[2025-04-04T15:51:52.499+0000] {processor.py:186} INFO - Started process (PID=647) to work on /home/airflow/.local/lib/python3.12/site-packages/airflow/example_dags/example_external_task_marker_dag.py
[2025-04-04T15:51:52.500+0000] {processor.py:914} INFO - Processing file /home/airflow/.local/lib/python3.12/site-packages/airflow/example_dags/example_external_task_marker_dag.py for tasks to queue
[2025-04-04T15:51:52.503+0000] {logging_mixin.py:190} INFO - [2025-04-04T15:51:52.502+0000] {dagbag.py:588} INFO - Filling up the DagBag from /home/airflow/.local/lib/python3.12/site-packages/airflow/example_dags/example_external_task_marker_dag.py
[2025-04-04T15:51:52.513+0000] {processor.py:925} INFO - DAG(s) 'example_external_task_marker_parent', 'example_external_task_marker_child' retrieved from /home/airflow/.local/lib/python3.12/site-packages/airflow/example_dags/example_external_task_marker_dag.py
[2025-04-04T15:51:52.551+0000] {logging_mixin.py:190} INFO - [2025-04-04T15:51:52.550+0000] {dag.py:3239} INFO - Sync 2 DAGs
[2025-04-04T15:51:52.572+0000] {logging_mixin.py:190} INFO - [2025-04-04T15:51:52.572+0000] {dag.py:4180} INFO - Setting next_dagrun for example_external_task_marker_child to None, run_after=None
[2025-04-04T15:51:52.577+0000] {logging_mixin.py:190} INFO - [2025-04-04T15:51:52.576+0000] {dag.py:4180} INFO - Setting next_dagrun for example_external_task_marker_parent to None, run_after=None
[2025-04-04T15:51:52.596+0000] {processor.py:208} INFO - Processing /home/airflow/.local/lib/python3.12/site-packages/airflow/example_dags/example_external_task_marker_dag.py took 0.105 seconds
[2025-04-04T15:52:23.524+0000] {processor.py:186} INFO - Started process (PID=711) to work on /home/airflow/.local/lib/python3.12/site-packages/airflow/example_dags/example_external_task_marker_dag.py
[2025-04-04T15:52:23.537+0000] {processor.py:914} INFO - Processing file /home/airflow/.local/lib/python3.12/site-packages/airflow/example_dags/example_external_task_marker_dag.py for tasks to queue
[2025-04-04T15:52:23.558+0000] {logging_mixin.py:190} INFO - [2025-04-04T15:52:23.557+0000] {dagbag.py:588} INFO - Filling up the DagBag from /home/airflow/.local/lib/python3.12/site-packages/airflow/example_dags/example_external_task_marker_dag.py
[2025-04-04T15:52:23.578+0000] {processor.py:925} INFO - DAG(s) 'example_external_task_marker_parent', 'example_external_task_marker_child' retrieved from /home/airflow/.local/lib/python3.12/site-packages/airflow/example_dags/example_external_task_marker_dag.py
[2025-04-04T15:52:23.651+0000] {logging_mixin.py:190} INFO - [2025-04-04T15:52:23.650+0000] {dag.py:3239} INFO - Sync 2 DAGs
[2025-04-04T15:52:23.686+0000] {logging_mixin.py:190} INFO - [2025-04-04T15:52:23.686+0000] {dag.py:4180} INFO - Setting next_dagrun for example_external_task_marker_child to None, run_after=None
[2025-04-04T15:52:23.694+0000] {logging_mixin.py:190} INFO - [2025-04-04T15:52:23.694+0000] {dag.py:4180} INFO - Setting next_dagrun for example_external_task_marker_parent to None, run_after=None
[2025-04-04T15:52:23.728+0000] {processor.py:208} INFO - Processing /home/airflow/.local/lib/python3.12/site-packages/airflow/example_dags/example_external_task_marker_dag.py took 0.215 seconds
[2025-04-04T15:52:54.355+0000] {processor.py:186} INFO - Started process (PID=775) to work on /home/airflow/.local/lib/python3.12/site-packages/airflow/example_dags/example_external_task_marker_dag.py
[2025-04-04T15:52:54.357+0000] {processor.py:914} INFO - Processing file /home/airflow/.local/lib/python3.12/site-packages/airflow/example_dags/example_external_task_marker_dag.py for tasks to queue
[2025-04-04T15:52:54.361+0000] {logging_mixin.py:190} INFO - [2025-04-04T15:52:54.360+0000] {dagbag.py:588} INFO - Filling up the DagBag from /home/airflow/.local/lib/python3.12/site-packages/airflow/example_dags/example_external_task_marker_dag.py
[2025-04-04T15:52:54.374+0000] {processor.py:925} INFO - DAG(s) 'example_external_task_marker_child', 'example_external_task_marker_parent' retrieved from /home/airflow/.local/lib/python3.12/site-packages/airflow/example_dags/example_external_task_marker_dag.py
[2025-04-04T15:52:54.412+0000] {logging_mixin.py:190} INFO - [2025-04-04T15:52:54.412+0000] {dag.py:3239} INFO - Sync 2 DAGs
[2025-04-04T15:52:54.440+0000] {logging_mixin.py:190} INFO - [2025-04-04T15:52:54.440+0000] {dag.py:4180} INFO - Setting next_dagrun for example_external_task_marker_child to None, run_after=None
[2025-04-04T15:52:54.446+0000] {logging_mixin.py:190} INFO - [2025-04-04T15:52:54.446+0000] {dag.py:4180} INFO - Setting next_dagrun for example_external_task_marker_parent to None, run_after=None
[2025-04-04T15:52:54.473+0000] {processor.py:208} INFO - Processing /home/airflow/.local/lib/python3.12/site-packages/airflow/example_dags/example_external_task_marker_dag.py took 0.129 seconds
[2025-04-04T15:53:25.095+0000] {processor.py:186} INFO - Started process (PID=839) to work on /home/airflow/.local/lib/python3.12/site-packages/airflow/example_dags/example_external_task_marker_dag.py
[2025-04-04T15:53:25.096+0000] {processor.py:914} INFO - Processing file /home/airflow/.local/lib/python3.12/site-packages/airflow/example_dags/example_external_task_marker_dag.py for tasks to queue
[2025-04-04T15:53:25.099+0000] {logging_mixin.py:190} INFO - [2025-04-04T15:53:25.099+0000] {dagbag.py:588} INFO - Filling up the DagBag from /home/airflow/.local/lib/python3.12/site-packages/airflow/example_dags/example_external_task_marker_dag.py
[2025-04-04T15:53:25.112+0000] {processor.py:925} INFO - DAG(s) 'example_external_task_marker_child', 'example_external_task_marker_parent' retrieved from /home/airflow/.local/lib/python3.12/site-packages/airflow/example_dags/example_external_task_marker_dag.py
[2025-04-04T15:53:25.152+0000] {logging_mixin.py:190} INFO - [2025-04-04T15:53:25.151+0000] {dag.py:3239} INFO - Sync 2 DAGs
[2025-04-04T15:53:25.180+0000] {logging_mixin.py:190} INFO - [2025-04-04T15:53:25.179+0000] {dag.py:4180} INFO - Setting next_dagrun for example_external_task_marker_child to None, run_after=None
[2025-04-04T15:53:25.185+0000] {logging_mixin.py:190} INFO - [2025-04-04T15:53:25.185+0000] {dag.py:4180} INFO - Setting next_dagrun for example_external_task_marker_parent to None, run_after=None
[2025-04-04T15:53:25.210+0000] {processor.py:208} INFO - Processing /home/airflow/.local/lib/python3.12/site-packages/airflow/example_dags/example_external_task_marker_dag.py took 0.122 seconds
[2025-04-04T15:53:55.617+0000] {processor.py:186} INFO - Started process (PID=903) to work on /home/airflow/.local/lib/python3.12/site-packages/airflow/example_dags/example_external_task_marker_dag.py
[2025-04-04T15:53:55.618+0000] {processor.py:914} INFO - Processing file /home/airflow/.local/lib/python3.12/site-packages/airflow/example_dags/example_external_task_marker_dag.py for tasks to queue
[2025-04-04T15:53:55.620+0000] {logging_mixin.py:190} INFO - [2025-04-04T15:53:55.620+0000] {dagbag.py:588} INFO - Filling up the DagBag from /home/airflow/.local/lib/python3.12/site-packages/airflow/example_dags/example_external_task_marker_dag.py
[2025-04-04T15:53:55.632+0000] {processor.py:925} INFO - DAG(s) 'example_external_task_marker_parent', 'example_external_task_marker_child' retrieved from /home/airflow/.local/lib/python3.12/site-packages/airflow/example_dags/example_external_task_marker_dag.py
[2025-04-04T15:53:55.663+0000] {logging_mixin.py:190} INFO - [2025-04-04T15:53:55.663+0000] {dag.py:3239} INFO - Sync 2 DAGs
[2025-04-04T15:53:55.687+0000] {logging_mixin.py:190} INFO - [2025-04-04T15:53:55.687+0000] {dag.py:4180} INFO - Setting next_dagrun for example_external_task_marker_child to None, run_after=None
[2025-04-04T15:53:55.692+0000] {logging_mixin.py:190} INFO - [2025-04-04T15:53:55.692+0000] {dag.py:4180} INFO - Setting next_dagrun for example_external_task_marker_parent to None, run_after=None
[2025-04-04T15:53:55.718+0000] {processor.py:208} INFO - Processing /home/airflow/.local/lib/python3.12/site-packages/airflow/example_dags/example_external_task_marker_dag.py took 0.108 seconds
[2025-04-04T15:54:25.851+0000] {processor.py:186} INFO - Started process (PID=967) to work on /home/airflow/.local/lib/python3.12/site-packages/airflow/example_dags/example_external_task_marker_dag.py
[2025-04-04T15:54:25.852+0000] {processor.py:914} INFO - Processing file /home/airflow/.local/lib/python3.12/site-packages/airflow/example_dags/example_external_task_marker_dag.py for tasks to queue
[2025-04-04T15:54:25.854+0000] {logging_mixin.py:190} INFO - [2025-04-04T15:54:25.854+0000] {dagbag.py:588} INFO - Filling up the DagBag from /home/airflow/.local/lib/python3.12/site-packages/airflow/example_dags/example_external_task_marker_dag.py
[2025-04-04T15:54:25.864+0000] {processor.py:925} INFO - DAG(s) 'example_external_task_marker_parent', 'example_external_task_marker_child' retrieved from /home/airflow/.local/lib/python3.12/site-packages/airflow/example_dags/example_external_task_marker_dag.py
[2025-04-04T15:54:25.898+0000] {logging_mixin.py:190} INFO - [2025-04-04T15:54:25.898+0000] {dag.py:3239} INFO - Sync 2 DAGs
[2025-04-04T15:54:25.920+0000] {logging_mixin.py:190} INFO - [2025-04-04T15:54:25.920+0000] {dag.py:4180} INFO - Setting next_dagrun for example_external_task_marker_child to None, run_after=None
[2025-04-04T15:54:25.925+0000] {logging_mixin.py:190} INFO - [2025-04-04T15:54:25.925+0000] {dag.py:4180} INFO - Setting next_dagrun for example_external_task_marker_parent to None, run_after=None
[2025-04-04T15:54:25.949+0000] {processor.py:208} INFO - Processing /home/airflow/.local/lib/python3.12/site-packages/airflow/example_dags/example_external_task_marker_dag.py took 0.106 seconds
[2025-04-04T15:54:56.489+0000] {processor.py:186} INFO - Started process (PID=1031) to work on /home/airflow/.local/lib/python3.12/site-packages/airflow/example_dags/example_external_task_marker_dag.py
[2025-04-04T15:54:56.491+0000] {processor.py:914} INFO - Processing file /home/airflow/.local/lib/python3.12/site-packages/airflow/example_dags/example_external_task_marker_dag.py for tasks to queue
[2025-04-04T15:54:56.495+0000] {logging_mixin.py:190} INFO - [2025-04-04T15:54:56.495+0000] {dagbag.py:588} INFO - Filling up the DagBag from /home/airflow/.local/lib/python3.12/site-packages/airflow/example_dags/example_external_task_marker_dag.py
[2025-04-04T15:54:56.509+0000] {processor.py:925} INFO - DAG(s) 'example_external_task_marker_child', 'example_external_task_marker_parent' retrieved from /home/airflow/.local/lib/python3.12/site-packages/airflow/example_dags/example_external_task_marker_dag.py
[2025-04-04T15:54:56.551+0000] {logging_mixin.py:190} INFO - [2025-04-04T15:54:56.551+0000] {dag.py:3239} INFO - Sync 2 DAGs
[2025-04-04T15:54:56.579+0000] {logging_mixin.py:190} INFO - [2025-04-04T15:54:56.578+0000] {dag.py:4180} INFO - Setting next_dagrun for example_external_task_marker_child to None, run_after=None
[2025-04-04T15:54:56.586+0000] {logging_mixin.py:190} INFO - [2025-04-04T15:54:56.586+0000] {dag.py:4180} INFO - Setting next_dagrun for example_external_task_marker_parent to None, run_after=None
[2025-04-04T15:54:56.616+0000] {processor.py:208} INFO - Processing /home/airflow/.local/lib/python3.12/site-packages/airflow/example_dags/example_external_task_marker_dag.py took 0.136 seconds
[2025-04-04T15:55:27.305+0000] {processor.py:186} INFO - Started process (PID=1095) to work on /home/airflow/.local/lib/python3.12/site-packages/airflow/example_dags/example_external_task_marker_dag.py
[2025-04-04T15:55:27.306+0000] {processor.py:914} INFO - Processing file /home/airflow/.local/lib/python3.12/site-packages/airflow/example_dags/example_external_task_marker_dag.py for tasks to queue
[2025-04-04T15:55:27.309+0000] {logging_mixin.py:190} INFO - [2025-04-04T15:55:27.308+0000] {dagbag.py:588} INFO - Filling up the DagBag from /home/airflow/.local/lib/python3.12/site-packages/airflow/example_dags/example_external_task_marker_dag.py
[2025-04-04T15:55:27.320+0000] {processor.py:925} INFO - DAG(s) 'example_external_task_marker_child', 'example_external_task_marker_parent' retrieved from /home/airflow/.local/lib/python3.12/site-packages/airflow/example_dags/example_external_task_marker_dag.py
[2025-04-04T15:55:27.351+0000] {logging_mixin.py:190} INFO - [2025-04-04T15:55:27.351+0000] {dag.py:3239} INFO - Sync 2 DAGs
[2025-04-04T15:55:27.373+0000] {logging_mixin.py:190} INFO - [2025-04-04T15:55:27.373+0000] {dag.py:4180} INFO - Setting next_dagrun for example_external_task_marker_child to None, run_after=None
[2025-04-04T15:55:27.378+0000] {logging_mixin.py:190} INFO - [2025-04-04T15:55:27.378+0000] {dag.py:4180} INFO - Setting next_dagrun for example_external_task_marker_parent to None, run_after=None
[2025-04-04T15:55:27.401+0000] {processor.py:208} INFO - Processing /home/airflow/.local/lib/python3.12/site-packages/airflow/example_dags/example_external_task_marker_dag.py took 0.104 seconds
[2025-04-04T15:55:58.233+0000] {processor.py:186} INFO - Started process (PID=1159) to work on /home/airflow/.local/lib/python3.12/site-packages/airflow/example_dags/example_external_task_marker_dag.py
[2025-04-04T15:55:58.234+0000] {processor.py:914} INFO - Processing file /home/airflow/.local/lib/python3.12/site-packages/airflow/example_dags/example_external_task_marker_dag.py for tasks to queue
[2025-04-04T15:55:58.239+0000] {logging_mixin.py:190} INFO - [2025-04-04T15:55:58.238+0000] {dagbag.py:588} INFO - Filling up the DagBag from /home/airflow/.local/lib/python3.12/site-packages/airflow/example_dags/example_external_task_marker_dag.py
[2025-04-04T15:55:58.256+0000] {processor.py:925} INFO - DAG(s) 'example_external_task_marker_parent', 'example_external_task_marker_child' retrieved from /home/airflow/.local/lib/python3.12/site-packages/airflow/example_dags/example_external_task_marker_dag.py
[2025-04-04T15:55:58.302+0000] {logging_mixin.py:190} INFO - [2025-04-04T15:55:58.301+0000] {dag.py:3239} INFO - Sync 2 DAGs
[2025-04-04T15:55:58.323+0000] {logging_mixin.py:190} INFO - [2025-04-04T15:55:58.323+0000] {dag.py:4180} INFO - Setting next_dagrun for example_external_task_marker_child to None, run_after=None
[2025-04-04T15:55:58.328+0000] {logging_mixin.py:190} INFO - [2025-04-04T15:55:58.328+0000] {dag.py:4180} INFO - Setting next_dagrun for example_external_task_marker_parent to None, run_after=None
[2025-04-04T15:55:58.349+0000] {processor.py:208} INFO - Processing /home/airflow/.local/lib/python3.12/site-packages/airflow/example_dags/example_external_task_marker_dag.py took 0.127 seconds
[2025-04-04T15:56:28.980+0000] {processor.py:186} INFO - Started process (PID=1223) to work on /home/airflow/.local/lib/python3.12/site-packages/airflow/example_dags/example_external_task_marker_dag.py
[2025-04-04T15:56:28.983+0000] {processor.py:914} INFO - Processing file /home/airflow/.local/lib/python3.12/site-packages/airflow/example_dags/example_external_task_marker_dag.py for tasks to queue
[2025-04-04T15:56:28.988+0000] {logging_mixin.py:190} INFO - [2025-04-04T15:56:28.987+0000] {dagbag.py:588} INFO - Filling up the DagBag from /home/airflow/.local/lib/python3.12/site-packages/airflow/example_dags/example_external_task_marker_dag.py
[2025-04-04T15:56:29.004+0000] {processor.py:925} INFO - DAG(s) 'example_external_task_marker_child', 'example_external_task_marker_parent' retrieved from /home/airflow/.local/lib/python3.12/site-packages/airflow/example_dags/example_external_task_marker_dag.py
[2025-04-04T15:56:29.056+0000] {logging_mixin.py:190} INFO - [2025-04-04T15:56:29.056+0000] {dag.py:3239} INFO - Sync 2 DAGs
[2025-04-04T15:56:29.109+0000] {logging_mixin.py:190} INFO - [2025-04-04T15:56:29.108+0000] {dag.py:4180} INFO - Setting next_dagrun for example_external_task_marker_child to None, run_after=None
[2025-04-04T15:56:29.117+0000] {logging_mixin.py:190} INFO - [2025-04-04T15:56:29.116+0000] {dag.py:4180} INFO - Setting next_dagrun for example_external_task_marker_parent to None, run_after=None
[2025-04-04T15:56:29.178+0000] {processor.py:208} INFO - Processing /home/airflow/.local/lib/python3.12/site-packages/airflow/example_dags/example_external_task_marker_dag.py took 0.210 seconds
[2025-04-04T15:56:59.652+0000] {processor.py:186} INFO - Started process (PID=1287) to work on /home/airflow/.local/lib/python3.12/site-packages/airflow/example_dags/example_external_task_marker_dag.py
[2025-04-04T15:56:59.653+0000] {processor.py:914} INFO - Processing file /home/airflow/.local/lib/python3.12/site-packages/airflow/example_dags/example_external_task_marker_dag.py for tasks to queue
[2025-04-04T15:56:59.656+0000] {logging_mixin.py:190} INFO - [2025-04-04T15:56:59.656+0000] {dagbag.py:588} INFO - Filling up the DagBag from /home/airflow/.local/lib/python3.12/site-packages/airflow/example_dags/example_external_task_marker_dag.py
[2025-04-04T15:56:59.668+0000] {processor.py:925} INFO - DAG(s) 'example_external_task_marker_child', 'example_external_task_marker_parent' retrieved from /home/airflow/.local/lib/python3.12/site-packages/airflow/example_dags/example_external_task_marker_dag.py
[2025-04-04T15:56:59.703+0000] {logging_mixin.py:190} INFO - [2025-04-04T15:56:59.703+0000] {dag.py:3239} INFO - Sync 2 DAGs
[2025-04-04T15:56:59.724+0000] {logging_mixin.py:190} INFO - [2025-04-04T15:56:59.724+0000] {dag.py:4180} INFO - Setting next_dagrun for example_external_task_marker_child to None, run_after=None
[2025-04-04T15:56:59.729+0000] {logging_mixin.py:190} INFO - [2025-04-04T15:56:59.729+0000] {dag.py:4180} INFO - Setting next_dagrun for example_external_task_marker_parent to None, run_after=None
[2025-04-04T15:56:59.751+0000] {processor.py:208} INFO - Processing /home/airflow/.local/lib/python3.12/site-packages/airflow/example_dags/example_external_task_marker_dag.py took 0.111 seconds
[2025-04-04T15:57:30.132+0000] {processor.py:186} INFO - Started process (PID=1351) to work on /home/airflow/.local/lib/python3.12/site-packages/airflow/example_dags/example_external_task_marker_dag.py
[2025-04-04T15:57:30.133+0000] {processor.py:914} INFO - Processing file /home/airflow/.local/lib/python3.12/site-packages/airflow/example_dags/example_external_task_marker_dag.py for tasks to queue
[2025-04-04T15:57:30.136+0000] {logging_mixin.py:190} INFO - [2025-04-04T15:57:30.135+0000] {dagbag.py:588} INFO - Filling up the DagBag from /home/airflow/.local/lib/python3.12/site-packages/airflow/example_dags/example_external_task_marker_dag.py
[2025-04-04T15:57:30.146+0000] {processor.py:925} INFO - DAG(s) 'example_external_task_marker_parent', 'example_external_task_marker_child' retrieved from /home/airflow/.local/lib/python3.12/site-packages/airflow/example_dags/example_external_task_marker_dag.py
[2025-04-04T15:57:30.181+0000] {logging_mixin.py:190} INFO - [2025-04-04T15:57:30.181+0000] {dag.py:3239} INFO - Sync 2 DAGs
[2025-04-04T15:57:30.200+0000] {logging_mixin.py:190} INFO - [2025-04-04T15:57:30.200+0000] {dag.py:4180} INFO - Setting next_dagrun for example_external_task_marker_child to None, run_after=None
[2025-04-04T15:57:30.205+0000] {logging_mixin.py:190} INFO - [2025-04-04T15:57:30.205+0000] {dag.py:4180} INFO - Setting next_dagrun for example_external_task_marker_parent to None, run_after=None
[2025-04-04T15:57:30.229+0000] {processor.py:208} INFO - Processing /home/airflow/.local/lib/python3.12/site-packages/airflow/example_dags/example_external_task_marker_dag.py took 0.106 seconds
[2025-04-04T15:58:00.385+0000] {processor.py:186} INFO - Started process (PID=1415) to work on /home/airflow/.local/lib/python3.12/site-packages/airflow/example_dags/example_external_task_marker_dag.py
[2025-04-04T15:58:00.386+0000] {processor.py:914} INFO - Processing file /home/airflow/.local/lib/python3.12/site-packages/airflow/example_dags/example_external_task_marker_dag.py for tasks to queue
[2025-04-04T15:58:00.389+0000] {logging_mixin.py:190} INFO - [2025-04-04T15:58:00.389+0000] {dagbag.py:588} INFO - Filling up the DagBag from /home/airflow/.local/lib/python3.12/site-packages/airflow/example_dags/example_external_task_marker_dag.py
[2025-04-04T15:58:00.404+0000] {processor.py:925} INFO - DAG(s) 'example_external_task_marker_child', 'example_external_task_marker_parent' retrieved from /home/airflow/.local/lib/python3.12/site-packages/airflow/example_dags/example_external_task_marker_dag.py
[2025-04-04T15:58:00.435+0000] {logging_mixin.py:190} INFO - [2025-04-04T15:58:00.434+0000] {dag.py:3239} INFO - Sync 2 DAGs
[2025-04-04T15:58:00.455+0000] {logging_mixin.py:190} INFO - [2025-04-04T15:58:00.455+0000] {dag.py:4180} INFO - Setting next_dagrun for example_external_task_marker_child to None, run_after=None
[2025-04-04T15:58:00.460+0000] {logging_mixin.py:190} INFO - [2025-04-04T15:58:00.459+0000] {dag.py:4180} INFO - Setting next_dagrun for example_external_task_marker_parent to None, run_after=None
[2025-04-04T15:58:00.483+0000] {processor.py:208} INFO - Processing /home/airflow/.local/lib/python3.12/site-packages/airflow/example_dags/example_external_task_marker_dag.py took 0.106 seconds
[2025-04-04T15:58:31.429+0000] {processor.py:186} INFO - Started process (PID=1479) to work on /home/airflow/.local/lib/python3.12/site-packages/airflow/example_dags/example_external_task_marker_dag.py
[2025-04-04T15:58:31.430+0000] {processor.py:914} INFO - Processing file /home/airflow/.local/lib/python3.12/site-packages/airflow/example_dags/example_external_task_marker_dag.py for tasks to queue
[2025-04-04T15:58:31.434+0000] {logging_mixin.py:190} INFO - [2025-04-04T15:58:31.433+0000] {dagbag.py:588} INFO - Filling up the DagBag from /home/airflow/.local/lib/python3.12/site-packages/airflow/example_dags/example_external_task_marker_dag.py
[2025-04-04T15:58:31.447+0000] {processor.py:925} INFO - DAG(s) 'example_external_task_marker_child', 'example_external_task_marker_parent' retrieved from /home/airflow/.local/lib/python3.12/site-packages/airflow/example_dags/example_external_task_marker_dag.py
[2025-04-04T15:58:31.485+0000] {logging_mixin.py:190} INFO - [2025-04-04T15:58:31.485+0000] {dag.py:3239} INFO - Sync 2 DAGs
[2025-04-04T15:58:31.508+0000] {logging_mixin.py:190} INFO - [2025-04-04T15:58:31.507+0000] {dag.py:4180} INFO - Setting next_dagrun for example_external_task_marker_child to None, run_after=None
[2025-04-04T15:58:31.513+0000] {logging_mixin.py:190} INFO - [2025-04-04T15:58:31.513+0000] {dag.py:4180} INFO - Setting next_dagrun for example_external_task_marker_parent to None, run_after=None
[2025-04-04T15:58:31.539+0000] {processor.py:208} INFO - Processing /home/airflow/.local/lib/python3.12/site-packages/airflow/example_dags/example_external_task_marker_dag.py took 0.120 seconds
[2025-04-04T16:00:46.642+0000] {processor.py:186} INFO - Started process (PID=70) to work on /home/airflow/.local/lib/python3.12/site-packages/airflow/example_dags/example_external_task_marker_dag.py
[2025-04-04T16:00:46.643+0000] {processor.py:914} INFO - Processing file /home/airflow/.local/lib/python3.12/site-packages/airflow/example_dags/example_external_task_marker_dag.py for tasks to queue
[2025-04-04T16:00:46.647+0000] {logging_mixin.py:190} INFO - [2025-04-04T16:00:46.647+0000] {dagbag.py:588} INFO - Filling up the DagBag from /home/airflow/.local/lib/python3.12/site-packages/airflow/example_dags/example_external_task_marker_dag.py
[2025-04-04T16:00:46.667+0000] {processor.py:925} INFO - DAG(s) 'example_external_task_marker_parent', 'example_external_task_marker_child' retrieved from /home/airflow/.local/lib/python3.12/site-packages/airflow/example_dags/example_external_task_marker_dag.py
[2025-04-04T16:00:46.717+0000] {logging_mixin.py:190} INFO - [2025-04-04T16:00:46.716+0000] {dag.py:3239} INFO - Sync 2 DAGs
[2025-04-04T16:00:46.747+0000] {logging_mixin.py:190} INFO - [2025-04-04T16:00:46.746+0000] {dag.py:4180} INFO - Setting next_dagrun for example_external_task_marker_child to None, run_after=None
[2025-04-04T16:00:46.754+0000] {logging_mixin.py:190} INFO - [2025-04-04T16:00:46.753+0000] {dag.py:4180} INFO - Setting next_dagrun for example_external_task_marker_parent to None, run_after=None
[2025-04-04T16:00:46.786+0000] {processor.py:208} INFO - Processing /home/airflow/.local/lib/python3.12/site-packages/airflow/example_dags/example_external_task_marker_dag.py took 0.156 seconds
[2025-04-04T16:01:17.120+0000] {processor.py:186} INFO - Started process (PID=134) to work on /home/airflow/.local/lib/python3.12/site-packages/airflow/example_dags/example_external_task_marker_dag.py
[2025-04-04T16:01:17.121+0000] {processor.py:914} INFO - Processing file /home/airflow/.local/lib/python3.12/site-packages/airflow/example_dags/example_external_task_marker_dag.py for tasks to queue
[2025-04-04T16:01:17.125+0000] {logging_mixin.py:190} INFO - [2025-04-04T16:01:17.124+0000] {dagbag.py:588} INFO - Filling up the DagBag from /home/airflow/.local/lib/python3.12/site-packages/airflow/example_dags/example_external_task_marker_dag.py
[2025-04-04T16:01:17.137+0000] {processor.py:925} INFO - DAG(s) 'example_external_task_marker_child', 'example_external_task_marker_parent' retrieved from /home/airflow/.local/lib/python3.12/site-packages/airflow/example_dags/example_external_task_marker_dag.py
[2025-04-04T16:01:17.170+0000] {logging_mixin.py:190} INFO - [2025-04-04T16:01:17.170+0000] {dag.py:3239} INFO - Sync 2 DAGs
[2025-04-04T16:01:17.194+0000] {logging_mixin.py:190} INFO - [2025-04-04T16:01:17.194+0000] {dag.py:4180} INFO - Setting next_dagrun for example_external_task_marker_child to None, run_after=None
[2025-04-04T16:01:17.199+0000] {logging_mixin.py:190} INFO - [2025-04-04T16:01:17.199+0000] {dag.py:4180} INFO - Setting next_dagrun for example_external_task_marker_parent to None, run_after=None
[2025-04-04T16:01:17.221+0000] {processor.py:208} INFO - Processing /home/airflow/.local/lib/python3.12/site-packages/airflow/example_dags/example_external_task_marker_dag.py took 0.109 seconds
[2025-04-04T16:01:48.018+0000] {processor.py:186} INFO - Started process (PID=198) to work on /home/airflow/.local/lib/python3.12/site-packages/airflow/example_dags/example_external_task_marker_dag.py
[2025-04-04T16:01:48.019+0000] {processor.py:914} INFO - Processing file /home/airflow/.local/lib/python3.12/site-packages/airflow/example_dags/example_external_task_marker_dag.py for tasks to queue
[2025-04-04T16:01:48.022+0000] {logging_mixin.py:190} INFO - [2025-04-04T16:01:48.021+0000] {dagbag.py:588} INFO - Filling up the DagBag from /home/airflow/.local/lib/python3.12/site-packages/airflow/example_dags/example_external_task_marker_dag.py
[2025-04-04T16:01:48.034+0000] {processor.py:925} INFO - DAG(s) 'example_external_task_marker_child', 'example_external_task_marker_parent' retrieved from /home/airflow/.local/lib/python3.12/site-packages/airflow/example_dags/example_external_task_marker_dag.py
[2025-04-04T16:01:48.065+0000] {logging_mixin.py:190} INFO - [2025-04-04T16:01:48.065+0000] {dag.py:3239} INFO - Sync 2 DAGs
[2025-04-04T16:01:48.090+0000] {logging_mixin.py:190} INFO - [2025-04-04T16:01:48.089+0000] {dag.py:4180} INFO - Setting next_dagrun for example_external_task_marker_child to None, run_after=None
[2025-04-04T16:01:48.095+0000] {logging_mixin.py:190} INFO - [2025-04-04T16:01:48.095+0000] {dag.py:4180} INFO - Setting next_dagrun for example_external_task_marker_parent to None, run_after=None
[2025-04-04T16:01:48.120+0000] {processor.py:208} INFO - Processing /home/airflow/.local/lib/python3.12/site-packages/airflow/example_dags/example_external_task_marker_dag.py took 0.111 seconds
[2025-04-04T16:02:18.337+0000] {processor.py:186} INFO - Started process (PID=262) to work on /home/airflow/.local/lib/python3.12/site-packages/airflow/example_dags/example_external_task_marker_dag.py
[2025-04-04T16:02:18.338+0000] {processor.py:914} INFO - Processing file /home/airflow/.local/lib/python3.12/site-packages/airflow/example_dags/example_external_task_marker_dag.py for tasks to queue
[2025-04-04T16:02:18.341+0000] {logging_mixin.py:190} INFO - [2025-04-04T16:02:18.341+0000] {dagbag.py:588} INFO - Filling up the DagBag from /home/airflow/.local/lib/python3.12/site-packages/airflow/example_dags/example_external_task_marker_dag.py
[2025-04-04T16:02:18.352+0000] {processor.py:925} INFO - DAG(s) 'example_external_task_marker_child', 'example_external_task_marker_parent' retrieved from /home/airflow/.local/lib/python3.12/site-packages/airflow/example_dags/example_external_task_marker_dag.py
[2025-04-04T16:02:18.393+0000] {logging_mixin.py:190} INFO - [2025-04-04T16:02:18.392+0000] {dag.py:3239} INFO - Sync 2 DAGs
[2025-04-04T16:02:18.420+0000] {logging_mixin.py:190} INFO - [2025-04-04T16:02:18.420+0000] {dag.py:4180} INFO - Setting next_dagrun for example_external_task_marker_child to None, run_after=None
[2025-04-04T16:02:18.426+0000] {logging_mixin.py:190} INFO - [2025-04-04T16:02:18.426+0000] {dag.py:4180} INFO - Setting next_dagrun for example_external_task_marker_parent to None, run_after=None
[2025-04-04T16:02:18.452+0000] {processor.py:208} INFO - Processing /home/airflow/.local/lib/python3.12/site-packages/airflow/example_dags/example_external_task_marker_dag.py took 0.123 seconds
[2025-04-04T16:02:48.591+0000] {processor.py:186} INFO - Started process (PID=326) to work on /home/airflow/.local/lib/python3.12/site-packages/airflow/example_dags/example_external_task_marker_dag.py
[2025-04-04T16:02:48.593+0000] {processor.py:914} INFO - Processing file /home/airflow/.local/lib/python3.12/site-packages/airflow/example_dags/example_external_task_marker_dag.py for tasks to queue
[2025-04-04T16:02:48.596+0000] {logging_mixin.py:190} INFO - [2025-04-04T16:02:48.595+0000] {dagbag.py:588} INFO - Filling up the DagBag from /home/airflow/.local/lib/python3.12/site-packages/airflow/example_dags/example_external_task_marker_dag.py
[2025-04-04T16:02:48.607+0000] {processor.py:925} INFO - DAG(s) 'example_external_task_marker_parent', 'example_external_task_marker_child' retrieved from /home/airflow/.local/lib/python3.12/site-packages/airflow/example_dags/example_external_task_marker_dag.py
[2025-04-04T16:02:48.635+0000] {logging_mixin.py:190} INFO - [2025-04-04T16:02:48.635+0000] {dag.py:3239} INFO - Sync 2 DAGs
[2025-04-04T16:02:48.656+0000] {logging_mixin.py:190} INFO - [2025-04-04T16:02:48.656+0000] {dag.py:4180} INFO - Setting next_dagrun for example_external_task_marker_child to None, run_after=None
[2025-04-04T16:02:48.661+0000] {logging_mixin.py:190} INFO - [2025-04-04T16:02:48.661+0000] {dag.py:4180} INFO - Setting next_dagrun for example_external_task_marker_parent to None, run_after=None
[2025-04-04T16:02:48.684+0000] {processor.py:208} INFO - Processing /home/airflow/.local/lib/python3.12/site-packages/airflow/example_dags/example_external_task_marker_dag.py took 0.102 seconds
