[2025-04-04T15:44:02.981+0000] {processor.py:186} INFO - Started process (PID=78) to work on /home/airflow/.local/lib/python3.12/site-packages/airflow/example_dags/example_sla_dag.py
[2025-04-04T15:44:02.983+0000] {processor.py:914} INFO - Processing file /home/airflow/.local/lib/python3.12/site-packages/airflow/example_dags/example_sla_dag.py for tasks to queue
[2025-04-04T15:44:02.994+0000] {logging_mixin.py:190} INFO - [2025-04-04T15:44:02.990+0000] {dagbag.py:588} INFO - Filling up the DagBag from /home/airflow/.local/lib/python3.12/site-packages/airflow/example_dags/example_sla_dag.py
[2025-04-04T15:44:03.025+0000] {processor.py:925} INFO - DAG(s) 'example_sla_dag' retrieved from /home/airflow/.local/lib/python3.12/site-packages/airflow/example_dags/example_sla_dag.py
[2025-04-04T15:44:03.451+0000] {logging_mixin.py:190} INFO - [2025-04-04T15:44:03.450+0000] {override.py:1912} INFO - Created Permission View: can edit on DAG:example_sla_dag
[2025-04-04T15:44:03.509+0000] {logging_mixin.py:190} INFO - [2025-04-04T15:44:03.509+0000] {override.py:1912} INFO - Created Permission View: can read on DAG:example_sla_dag
[2025-04-04T15:44:03.552+0000] {logging_mixin.py:190} INFO - [2025-04-04T15:44:03.552+0000] {override.py:1912} INFO - Created Permission View: can delete on DAG:example_sla_dag
[2025-04-04T15:44:03.592+0000] {logging_mixin.py:190} INFO - [2025-04-04T15:44:03.592+0000] {override.py:1912} INFO - Created Permission View: menu access on DAG Run:example_sla_dag
[2025-04-04T15:44:03.630+0000] {logging_mixin.py:190} INFO - [2025-04-04T15:44:03.629+0000] {override.py:1912} INFO - Created Permission View: can read on DAG Run:example_sla_dag
[2025-04-04T15:44:03.669+0000] {logging_mixin.py:190} INFO - [2025-04-04T15:44:03.669+0000] {override.py:1912} INFO - Created Permission View: can create on DAG Run:example_sla_dag
[2025-04-04T15:44:03.704+0000] {logging_mixin.py:190} INFO - [2025-04-04T15:44:03.703+0000] {override.py:1912} INFO - Created Permission View: can delete on DAG Run:example_sla_dag
[2025-04-04T15:44:03.705+0000] {logging_mixin.py:190} INFO - [2025-04-04T15:44:03.705+0000] {dag.py:3239} INFO - Sync 1 DAGs
[2025-04-04T15:44:03.779+0000] {logging_mixin.py:190} INFO - [2025-04-04T15:44:03.779+0000] {dag.py:3262} INFO - Creating ORM DAG for example_sla_dag
[2025-04-04T15:44:03.829+0000] {logging_mixin.py:190} INFO - [2025-04-04T15:44:03.829+0000] {dag.py:4180} INFO - Setting next_dagrun for example_sla_dag to 2025-04-04 15:42:00+00:00, run_after=2025-04-04 15:44:00+00:00
[2025-04-04T15:44:03.887+0000] {processor.py:208} INFO - Processing /home/airflow/.local/lib/python3.12/site-packages/airflow/example_dags/example_sla_dag.py took 0.942 seconds
[2025-04-04T15:44:34.594+0000] {processor.py:186} INFO - Started process (PID=141) to work on /home/airflow/.local/lib/python3.12/site-packages/airflow/example_dags/example_sla_dag.py
[2025-04-04T15:44:34.596+0000] {processor.py:914} INFO - Processing file /home/airflow/.local/lib/python3.12/site-packages/airflow/example_dags/example_sla_dag.py for tasks to queue
[2025-04-04T15:44:34.600+0000] {logging_mixin.py:190} INFO - [2025-04-04T15:44:34.599+0000] {dagbag.py:588} INFO - Filling up the DagBag from /home/airflow/.local/lib/python3.12/site-packages/airflow/example_dags/example_sla_dag.py
[2025-04-04T15:44:34.621+0000] {processor.py:925} INFO - DAG(s) 'example_sla_dag' retrieved from /home/airflow/.local/lib/python3.12/site-packages/airflow/example_dags/example_sla_dag.py
[2025-04-04T15:44:34.664+0000] {logging_mixin.py:190} INFO - [2025-04-04T15:44:34.663+0000] {dag.py:3239} INFO - Sync 1 DAGs
[2025-04-04T15:44:34.718+0000] {logging_mixin.py:190} INFO - [2025-04-04T15:44:34.718+0000] {dag.py:4180} INFO - Setting next_dagrun for example_sla_dag to 2025-04-04 15:42:00+00:00, run_after=2025-04-04 15:44:00+00:00
[2025-04-04T15:44:34.754+0000] {processor.py:208} INFO - Processing /home/airflow/.local/lib/python3.12/site-packages/airflow/example_dags/example_sla_dag.py took 0.168 seconds
[2025-04-04T15:45:05.204+0000] {processor.py:186} INFO - Started process (PID=204) to work on /home/airflow/.local/lib/python3.12/site-packages/airflow/example_dags/example_sla_dag.py
[2025-04-04T15:45:05.208+0000] {processor.py:914} INFO - Processing file /home/airflow/.local/lib/python3.12/site-packages/airflow/example_dags/example_sla_dag.py for tasks to queue
[2025-04-04T15:45:05.214+0000] {logging_mixin.py:190} INFO - [2025-04-04T15:45:05.213+0000] {dagbag.py:588} INFO - Filling up the DagBag from /home/airflow/.local/lib/python3.12/site-packages/airflow/example_dags/example_sla_dag.py
[2025-04-04T15:45:05.243+0000] {processor.py:925} INFO - DAG(s) 'example_sla_dag' retrieved from /home/airflow/.local/lib/python3.12/site-packages/airflow/example_dags/example_sla_dag.py
[2025-04-04T15:45:05.282+0000] {logging_mixin.py:190} INFO - [2025-04-04T15:45:05.281+0000] {dag.py:3239} INFO - Sync 1 DAGs
[2025-04-04T15:45:05.360+0000] {logging_mixin.py:190} INFO - [2025-04-04T15:45:05.359+0000] {dag.py:4180} INFO - Setting next_dagrun for example_sla_dag to 2025-04-04 15:42:00+00:00, run_after=2025-04-04 15:44:00+00:00
[2025-04-04T15:45:05.405+0000] {processor.py:208} INFO - Processing /home/airflow/.local/lib/python3.12/site-packages/airflow/example_dags/example_sla_dag.py took 0.214 seconds
[2025-04-04T15:45:36.012+0000] {processor.py:186} INFO - Started process (PID=267) to work on /home/airflow/.local/lib/python3.12/site-packages/airflow/example_dags/example_sla_dag.py
[2025-04-04T15:45:36.014+0000] {processor.py:914} INFO - Processing file /home/airflow/.local/lib/python3.12/site-packages/airflow/example_dags/example_sla_dag.py for tasks to queue
[2025-04-04T15:45:36.017+0000] {logging_mixin.py:190} INFO - [2025-04-04T15:45:36.017+0000] {dagbag.py:588} INFO - Filling up the DagBag from /home/airflow/.local/lib/python3.12/site-packages/airflow/example_dags/example_sla_dag.py
[2025-04-04T15:45:36.032+0000] {processor.py:925} INFO - DAG(s) 'example_sla_dag' retrieved from /home/airflow/.local/lib/python3.12/site-packages/airflow/example_dags/example_sla_dag.py
[2025-04-04T15:45:36.058+0000] {logging_mixin.py:190} INFO - [2025-04-04T15:45:36.057+0000] {dag.py:3239} INFO - Sync 1 DAGs
[2025-04-04T15:45:36.097+0000] {logging_mixin.py:190} INFO - [2025-04-04T15:45:36.096+0000] {dag.py:4180} INFO - Setting next_dagrun for example_sla_dag to 2025-04-04 15:42:00+00:00, run_after=2025-04-04 15:44:00+00:00
[2025-04-04T15:45:36.122+0000] {processor.py:208} INFO - Processing /home/airflow/.local/lib/python3.12/site-packages/airflow/example_dags/example_sla_dag.py took 0.119 seconds
[2025-04-04T15:46:06.499+0000] {processor.py:186} INFO - Started process (PID=330) to work on /home/airflow/.local/lib/python3.12/site-packages/airflow/example_dags/example_sla_dag.py
[2025-04-04T15:46:06.558+0000] {processor.py:914} INFO - Processing file /home/airflow/.local/lib/python3.12/site-packages/airflow/example_dags/example_sla_dag.py for tasks to queue
[2025-04-04T15:46:06.576+0000] {logging_mixin.py:190} INFO - [2025-04-04T15:46:06.573+0000] {dagbag.py:588} INFO - Filling up the DagBag from /home/airflow/.local/lib/python3.12/site-packages/airflow/example_dags/example_sla_dag.py
[2025-04-04T15:47:17.298+0000] {processor.py:186} INFO - Started process (PID=72) to work on /home/airflow/.local/lib/python3.12/site-packages/airflow/example_dags/example_sla_dag.py
[2025-04-04T15:47:17.300+0000] {processor.py:914} INFO - Processing file /home/airflow/.local/lib/python3.12/site-packages/airflow/example_dags/example_sla_dag.py for tasks to queue
[2025-04-04T15:47:17.304+0000] {logging_mixin.py:190} INFO - [2025-04-04T15:47:17.303+0000] {dagbag.py:588} INFO - Filling up the DagBag from /home/airflow/.local/lib/python3.12/site-packages/airflow/example_dags/example_sla_dag.py
[2025-04-04T15:47:17.324+0000] {processor.py:925} INFO - DAG(s) 'example_sla_dag' retrieved from /home/airflow/.local/lib/python3.12/site-packages/airflow/example_dags/example_sla_dag.py
[2025-04-04T15:47:17.361+0000] {logging_mixin.py:190} INFO - [2025-04-04T15:47:17.361+0000] {dag.py:3239} INFO - Sync 1 DAGs
[2025-04-04T15:47:17.415+0000] {logging_mixin.py:190} INFO - [2025-04-04T15:47:17.415+0000] {dag.py:4180} INFO - Setting next_dagrun for example_sla_dag to 2025-04-04 15:44:00+00:00, run_after=2025-04-04 15:46:00+00:00
[2025-04-04T15:47:17.451+0000] {processor.py:208} INFO - Processing /home/airflow/.local/lib/python3.12/site-packages/airflow/example_dags/example_sla_dag.py took 0.164 seconds
[2025-04-04T15:47:47.628+0000] {processor.py:186} INFO - Started process (PID=136) to work on /home/airflow/.local/lib/python3.12/site-packages/airflow/example_dags/example_sla_dag.py
[2025-04-04T15:47:47.629+0000] {processor.py:914} INFO - Processing file /home/airflow/.local/lib/python3.12/site-packages/airflow/example_dags/example_sla_dag.py for tasks to queue
[2025-04-04T15:47:47.632+0000] {logging_mixin.py:190} INFO - [2025-04-04T15:47:47.631+0000] {dagbag.py:588} INFO - Filling up the DagBag from /home/airflow/.local/lib/python3.12/site-packages/airflow/example_dags/example_sla_dag.py
[2025-04-04T15:47:47.644+0000] {processor.py:925} INFO - DAG(s) 'example_sla_dag' retrieved from /home/airflow/.local/lib/python3.12/site-packages/airflow/example_dags/example_sla_dag.py
[2025-04-04T15:47:47.668+0000] {logging_mixin.py:190} INFO - [2025-04-04T15:47:47.668+0000] {dag.py:3239} INFO - Sync 1 DAGs
[2025-04-04T15:47:47.708+0000] {logging_mixin.py:190} INFO - [2025-04-04T15:47:47.707+0000] {dag.py:4180} INFO - Setting next_dagrun for example_sla_dag to 2025-04-04 15:44:00+00:00, run_after=2025-04-04 15:46:00+00:00
[2025-04-04T15:47:47.737+0000] {processor.py:208} INFO - Processing /home/airflow/.local/lib/python3.12/site-packages/airflow/example_dags/example_sla_dag.py took 0.119 seconds
[2025-04-04T15:48:18.244+0000] {processor.py:186} INFO - Started process (PID=200) to work on /home/airflow/.local/lib/python3.12/site-packages/airflow/example_dags/example_sla_dag.py
[2025-04-04T15:48:18.245+0000] {processor.py:914} INFO - Processing file /home/airflow/.local/lib/python3.12/site-packages/airflow/example_dags/example_sla_dag.py for tasks to queue
[2025-04-04T15:48:18.248+0000] {logging_mixin.py:190} INFO - [2025-04-04T15:48:18.248+0000] {dagbag.py:588} INFO - Filling up the DagBag from /home/airflow/.local/lib/python3.12/site-packages/airflow/example_dags/example_sla_dag.py
[2025-04-04T15:48:18.264+0000] {processor.py:925} INFO - DAG(s) 'example_sla_dag' retrieved from /home/airflow/.local/lib/python3.12/site-packages/airflow/example_dags/example_sla_dag.py
[2025-04-04T15:48:18.290+0000] {logging_mixin.py:190} INFO - [2025-04-04T15:48:18.290+0000] {dag.py:3239} INFO - Sync 1 DAGs
[2025-04-04T15:48:18.331+0000] {logging_mixin.py:190} INFO - [2025-04-04T15:48:18.331+0000] {dag.py:4180} INFO - Setting next_dagrun for example_sla_dag to 2025-04-04 15:46:00+00:00, run_after=2025-04-04 15:48:00+00:00
[2025-04-04T15:48:18.359+0000] {processor.py:208} INFO - Processing /home/airflow/.local/lib/python3.12/site-packages/airflow/example_dags/example_sla_dag.py took 0.124 seconds
[2025-04-04T15:48:49.159+0000] {processor.py:186} INFO - Started process (PID=264) to work on /home/airflow/.local/lib/python3.12/site-packages/airflow/example_dags/example_sla_dag.py
[2025-04-04T15:48:49.160+0000] {processor.py:914} INFO - Processing file /home/airflow/.local/lib/python3.12/site-packages/airflow/example_dags/example_sla_dag.py for tasks to queue
[2025-04-04T15:48:49.163+0000] {logging_mixin.py:190} INFO - [2025-04-04T15:48:49.162+0000] {dagbag.py:588} INFO - Filling up the DagBag from /home/airflow/.local/lib/python3.12/site-packages/airflow/example_dags/example_sla_dag.py
[2025-04-04T15:48:49.176+0000] {processor.py:925} INFO - DAG(s) 'example_sla_dag' retrieved from /home/airflow/.local/lib/python3.12/site-packages/airflow/example_dags/example_sla_dag.py
[2025-04-04T15:48:49.198+0000] {logging_mixin.py:190} INFO - [2025-04-04T15:48:49.198+0000] {dag.py:3239} INFO - Sync 1 DAGs
[2025-04-04T15:48:49.235+0000] {logging_mixin.py:190} INFO - [2025-04-04T15:48:49.235+0000] {dag.py:4180} INFO - Setting next_dagrun for example_sla_dag to 2025-04-04 15:46:00+00:00, run_after=2025-04-04 15:48:00+00:00
[2025-04-04T15:48:49.261+0000] {processor.py:208} INFO - Processing /home/airflow/.local/lib/python3.12/site-packages/airflow/example_dags/example_sla_dag.py took 0.111 seconds
[2025-04-04T15:49:20.049+0000] {processor.py:186} INFO - Started process (PID=328) to work on /home/airflow/.local/lib/python3.12/site-packages/airflow/example_dags/example_sla_dag.py
[2025-04-04T15:49:20.050+0000] {processor.py:914} INFO - Processing file /home/airflow/.local/lib/python3.12/site-packages/airflow/example_dags/example_sla_dag.py for tasks to queue
[2025-04-04T15:49:20.053+0000] {logging_mixin.py:190} INFO - [2025-04-04T15:49:20.052+0000] {dagbag.py:588} INFO - Filling up the DagBag from /home/airflow/.local/lib/python3.12/site-packages/airflow/example_dags/example_sla_dag.py
[2025-04-04T15:49:20.064+0000] {processor.py:925} INFO - DAG(s) 'example_sla_dag' retrieved from /home/airflow/.local/lib/python3.12/site-packages/airflow/example_dags/example_sla_dag.py
[2025-04-04T15:49:20.090+0000] {logging_mixin.py:190} INFO - [2025-04-04T15:49:20.090+0000] {dag.py:3239} INFO - Sync 1 DAGs
[2025-04-04T15:49:20.124+0000] {logging_mixin.py:190} INFO - [2025-04-04T15:49:20.124+0000] {dag.py:4180} INFO - Setting next_dagrun for example_sla_dag to 2025-04-04 15:46:00+00:00, run_after=2025-04-04 15:48:00+00:00
[2025-04-04T15:49:20.150+0000] {processor.py:208} INFO - Processing /home/airflow/.local/lib/python3.12/site-packages/airflow/example_dags/example_sla_dag.py took 0.110 seconds
[2025-04-04T15:49:50.342+0000] {processor.py:186} INFO - Started process (PID=392) to work on /home/airflow/.local/lib/python3.12/site-packages/airflow/example_dags/example_sla_dag.py
[2025-04-04T15:49:50.344+0000] {processor.py:914} INFO - Processing file /home/airflow/.local/lib/python3.12/site-packages/airflow/example_dags/example_sla_dag.py for tasks to queue
[2025-04-04T15:49:50.347+0000] {logging_mixin.py:190} INFO - [2025-04-04T15:49:50.346+0000] {dagbag.py:588} INFO - Filling up the DagBag from /home/airflow/.local/lib/python3.12/site-packages/airflow/example_dags/example_sla_dag.py
[2025-04-04T15:49:50.360+0000] {processor.py:925} INFO - DAG(s) 'example_sla_dag' retrieved from /home/airflow/.local/lib/python3.12/site-packages/airflow/example_dags/example_sla_dag.py
[2025-04-04T15:49:50.384+0000] {logging_mixin.py:190} INFO - [2025-04-04T15:49:50.384+0000] {dag.py:3239} INFO - Sync 1 DAGs
[2025-04-04T15:49:50.417+0000] {logging_mixin.py:190} INFO - [2025-04-04T15:49:50.417+0000] {dag.py:4180} INFO - Setting next_dagrun for example_sla_dag to 2025-04-04 15:46:00+00:00, run_after=2025-04-04 15:48:00+00:00
[2025-04-04T15:49:50.445+0000] {processor.py:208} INFO - Processing /home/airflow/.local/lib/python3.12/site-packages/airflow/example_dags/example_sla_dag.py took 0.111 seconds
[2025-04-04T15:50:21.061+0000] {processor.py:186} INFO - Started process (PID=456) to work on /home/airflow/.local/lib/python3.12/site-packages/airflow/example_dags/example_sla_dag.py
[2025-04-04T15:50:21.063+0000] {processor.py:914} INFO - Processing file /home/airflow/.local/lib/python3.12/site-packages/airflow/example_dags/example_sla_dag.py for tasks to queue
[2025-04-04T15:50:21.066+0000] {logging_mixin.py:190} INFO - [2025-04-04T15:50:21.065+0000] {dagbag.py:588} INFO - Filling up the DagBag from /home/airflow/.local/lib/python3.12/site-packages/airflow/example_dags/example_sla_dag.py
[2025-04-04T15:50:21.078+0000] {processor.py:925} INFO - DAG(s) 'example_sla_dag' retrieved from /home/airflow/.local/lib/python3.12/site-packages/airflow/example_dags/example_sla_dag.py
[2025-04-04T15:50:21.099+0000] {logging_mixin.py:190} INFO - [2025-04-04T15:50:21.099+0000] {dag.py:3239} INFO - Sync 1 DAGs
[2025-04-04T15:50:21.132+0000] {logging_mixin.py:190} INFO - [2025-04-04T15:50:21.132+0000] {dag.py:4180} INFO - Setting next_dagrun for example_sla_dag to 2025-04-04 15:48:00+00:00, run_after=2025-04-04 15:50:00+00:00
[2025-04-04T15:50:21.158+0000] {processor.py:208} INFO - Processing /home/airflow/.local/lib/python3.12/site-packages/airflow/example_dags/example_sla_dag.py took 0.104 seconds
[2025-04-04T15:50:51.355+0000] {processor.py:186} INFO - Started process (PID=520) to work on /home/airflow/.local/lib/python3.12/site-packages/airflow/example_dags/example_sla_dag.py
[2025-04-04T15:50:51.356+0000] {processor.py:914} INFO - Processing file /home/airflow/.local/lib/python3.12/site-packages/airflow/example_dags/example_sla_dag.py for tasks to queue
[2025-04-04T15:50:51.360+0000] {logging_mixin.py:190} INFO - [2025-04-04T15:50:51.359+0000] {dagbag.py:588} INFO - Filling up the DagBag from /home/airflow/.local/lib/python3.12/site-packages/airflow/example_dags/example_sla_dag.py
[2025-04-04T15:50:51.373+0000] {processor.py:925} INFO - DAG(s) 'example_sla_dag' retrieved from /home/airflow/.local/lib/python3.12/site-packages/airflow/example_dags/example_sla_dag.py
[2025-04-04T15:50:51.401+0000] {logging_mixin.py:190} INFO - [2025-04-04T15:50:51.400+0000] {dag.py:3239} INFO - Sync 1 DAGs
[2025-04-04T15:50:51.436+0000] {logging_mixin.py:190} INFO - [2025-04-04T15:50:51.436+0000] {dag.py:4180} INFO - Setting next_dagrun for example_sla_dag to 2025-04-04 15:48:00+00:00, run_after=2025-04-04 15:50:00+00:00
[2025-04-04T15:50:51.462+0000] {processor.py:208} INFO - Processing /home/airflow/.local/lib/python3.12/site-packages/airflow/example_dags/example_sla_dag.py took 0.116 seconds
[2025-04-04T15:51:22.294+0000] {processor.py:186} INFO - Started process (PID=584) to work on /home/airflow/.local/lib/python3.12/site-packages/airflow/example_dags/example_sla_dag.py
[2025-04-04T15:51:22.295+0000] {processor.py:914} INFO - Processing file /home/airflow/.local/lib/python3.12/site-packages/airflow/example_dags/example_sla_dag.py for tasks to queue
[2025-04-04T15:51:22.297+0000] {logging_mixin.py:190} INFO - [2025-04-04T15:51:22.297+0000] {dagbag.py:588} INFO - Filling up the DagBag from /home/airflow/.local/lib/python3.12/site-packages/airflow/example_dags/example_sla_dag.py
[2025-04-04T15:51:22.309+0000] {processor.py:925} INFO - DAG(s) 'example_sla_dag' retrieved from /home/airflow/.local/lib/python3.12/site-packages/airflow/example_dags/example_sla_dag.py
[2025-04-04T15:51:22.333+0000] {logging_mixin.py:190} INFO - [2025-04-04T15:51:22.332+0000] {dag.py:3239} INFO - Sync 1 DAGs
[2025-04-04T15:51:22.366+0000] {logging_mixin.py:190} INFO - [2025-04-04T15:51:22.365+0000] {dag.py:4180} INFO - Setting next_dagrun for example_sla_dag to 2025-04-04 15:48:00+00:00, run_after=2025-04-04 15:50:00+00:00
[2025-04-04T15:51:22.390+0000] {processor.py:208} INFO - Processing /home/airflow/.local/lib/python3.12/site-packages/airflow/example_dags/example_sla_dag.py took 0.106 seconds
[2025-04-04T15:51:52.635+0000] {processor.py:186} INFO - Started process (PID=648) to work on /home/airflow/.local/lib/python3.12/site-packages/airflow/example_dags/example_sla_dag.py
[2025-04-04T15:51:52.636+0000] {processor.py:914} INFO - Processing file /home/airflow/.local/lib/python3.12/site-packages/airflow/example_dags/example_sla_dag.py for tasks to queue
[2025-04-04T15:51:52.638+0000] {logging_mixin.py:190} INFO - [2025-04-04T15:51:52.638+0000] {dagbag.py:588} INFO - Filling up the DagBag from /home/airflow/.local/lib/python3.12/site-packages/airflow/example_dags/example_sla_dag.py
[2025-04-04T15:51:52.650+0000] {processor.py:925} INFO - DAG(s) 'example_sla_dag' retrieved from /home/airflow/.local/lib/python3.12/site-packages/airflow/example_dags/example_sla_dag.py
[2025-04-04T15:51:52.675+0000] {logging_mixin.py:190} INFO - [2025-04-04T15:51:52.675+0000] {dag.py:3239} INFO - Sync 1 DAGs
[2025-04-04T15:51:52.710+0000] {logging_mixin.py:190} INFO - [2025-04-04T15:51:52.710+0000] {dag.py:4180} INFO - Setting next_dagrun for example_sla_dag to 2025-04-04 15:48:00+00:00, run_after=2025-04-04 15:50:00+00:00
[2025-04-04T15:51:52.734+0000] {processor.py:208} INFO - Processing /home/airflow/.local/lib/python3.12/site-packages/airflow/example_dags/example_sla_dag.py took 0.106 seconds
[2025-04-04T15:52:23.729+0000] {processor.py:186} INFO - Started process (PID=712) to work on /home/airflow/.local/lib/python3.12/site-packages/airflow/example_dags/example_sla_dag.py
[2025-04-04T15:52:23.731+0000] {processor.py:914} INFO - Processing file /home/airflow/.local/lib/python3.12/site-packages/airflow/example_dags/example_sla_dag.py for tasks to queue
[2025-04-04T15:52:23.735+0000] {logging_mixin.py:190} INFO - [2025-04-04T15:52:23.735+0000] {dagbag.py:588} INFO - Filling up the DagBag from /home/airflow/.local/lib/python3.12/site-packages/airflow/example_dags/example_sla_dag.py
[2025-04-04T15:52:23.764+0000] {processor.py:925} INFO - DAG(s) 'example_sla_dag' retrieved from /home/airflow/.local/lib/python3.12/site-packages/airflow/example_dags/example_sla_dag.py
[2025-04-04T15:52:23.801+0000] {logging_mixin.py:190} INFO - [2025-04-04T15:52:23.800+0000] {dag.py:3239} INFO - Sync 1 DAGs
[2025-04-04T15:52:23.859+0000] {logging_mixin.py:190} INFO - [2025-04-04T15:52:23.858+0000] {dag.py:4180} INFO - Setting next_dagrun for example_sla_dag to 2025-04-04 15:50:00+00:00, run_after=2025-04-04 15:52:00+00:00
[2025-04-04T15:52:23.895+0000] {processor.py:208} INFO - Processing /home/airflow/.local/lib/python3.12/site-packages/airflow/example_dags/example_sla_dag.py took 0.180 seconds
[2025-04-04T15:52:54.494+0000] {processor.py:186} INFO - Started process (PID=776) to work on /home/airflow/.local/lib/python3.12/site-packages/airflow/example_dags/example_sla_dag.py
[2025-04-04T15:52:54.495+0000] {processor.py:914} INFO - Processing file /home/airflow/.local/lib/python3.12/site-packages/airflow/example_dags/example_sla_dag.py for tasks to queue
[2025-04-04T15:52:54.499+0000] {logging_mixin.py:190} INFO - [2025-04-04T15:52:54.498+0000] {dagbag.py:588} INFO - Filling up the DagBag from /home/airflow/.local/lib/python3.12/site-packages/airflow/example_dags/example_sla_dag.py
[2025-04-04T15:52:54.515+0000] {processor.py:925} INFO - DAG(s) 'example_sla_dag' retrieved from /home/airflow/.local/lib/python3.12/site-packages/airflow/example_dags/example_sla_dag.py
[2025-04-04T15:52:54.544+0000] {logging_mixin.py:190} INFO - [2025-04-04T15:52:54.544+0000] {dag.py:3239} INFO - Sync 1 DAGs
[2025-04-04T15:52:54.582+0000] {logging_mixin.py:190} INFO - [2025-04-04T15:52:54.582+0000] {dag.py:4180} INFO - Setting next_dagrun for example_sla_dag to 2025-04-04 15:50:00+00:00, run_after=2025-04-04 15:52:00+00:00
[2025-04-04T15:52:54.608+0000] {processor.py:208} INFO - Processing /home/airflow/.local/lib/python3.12/site-packages/airflow/example_dags/example_sla_dag.py took 0.124 seconds
[2025-04-04T15:53:25.230+0000] {processor.py:186} INFO - Started process (PID=840) to work on /home/airflow/.local/lib/python3.12/site-packages/airflow/example_dags/example_sla_dag.py
[2025-04-04T15:53:25.231+0000] {processor.py:914} INFO - Processing file /home/airflow/.local/lib/python3.12/site-packages/airflow/example_dags/example_sla_dag.py for tasks to queue
[2025-04-04T15:53:25.234+0000] {logging_mixin.py:190} INFO - [2025-04-04T15:53:25.233+0000] {dagbag.py:588} INFO - Filling up the DagBag from /home/airflow/.local/lib/python3.12/site-packages/airflow/example_dags/example_sla_dag.py
[2025-04-04T15:53:25.254+0000] {processor.py:925} INFO - DAG(s) 'example_sla_dag' retrieved from /home/airflow/.local/lib/python3.12/site-packages/airflow/example_dags/example_sla_dag.py
[2025-04-04T15:53:25.283+0000] {logging_mixin.py:190} INFO - [2025-04-04T15:53:25.283+0000] {dag.py:3239} INFO - Sync 1 DAGs
[2025-04-04T15:53:25.330+0000] {logging_mixin.py:190} INFO - [2025-04-04T15:53:25.330+0000] {dag.py:4180} INFO - Setting next_dagrun for example_sla_dag to 2025-04-04 15:50:00+00:00, run_after=2025-04-04 15:52:00+00:00
[2025-04-04T15:53:25.359+0000] {processor.py:208} INFO - Processing /home/airflow/.local/lib/python3.12/site-packages/airflow/example_dags/example_sla_dag.py took 0.136 seconds
[2025-04-04T15:53:55.738+0000] {processor.py:186} INFO - Started process (PID=904) to work on /home/airflow/.local/lib/python3.12/site-packages/airflow/example_dags/example_sla_dag.py
[2025-04-04T15:53:55.739+0000] {processor.py:914} INFO - Processing file /home/airflow/.local/lib/python3.12/site-packages/airflow/example_dags/example_sla_dag.py for tasks to queue
[2025-04-04T15:53:55.742+0000] {logging_mixin.py:190} INFO - [2025-04-04T15:53:55.742+0000] {dagbag.py:588} INFO - Filling up the DagBag from /home/airflow/.local/lib/python3.12/site-packages/airflow/example_dags/example_sla_dag.py
[2025-04-04T15:53:55.755+0000] {processor.py:925} INFO - DAG(s) 'example_sla_dag' retrieved from /home/airflow/.local/lib/python3.12/site-packages/airflow/example_dags/example_sla_dag.py
[2025-04-04T15:53:55.780+0000] {logging_mixin.py:190} INFO - [2025-04-04T15:53:55.780+0000] {dag.py:3239} INFO - Sync 1 DAGs
[2025-04-04T15:53:55.822+0000] {logging_mixin.py:190} INFO - [2025-04-04T15:53:55.822+0000] {dag.py:4180} INFO - Setting next_dagrun for example_sla_dag to 2025-04-04 15:50:00+00:00, run_after=2025-04-04 15:52:00+00:00
[2025-04-04T15:53:55.848+0000] {processor.py:208} INFO - Processing /home/airflow/.local/lib/python3.12/site-packages/airflow/example_dags/example_sla_dag.py took 0.116 seconds
[2025-04-04T15:54:25.976+0000] {processor.py:186} INFO - Started process (PID=968) to work on /home/airflow/.local/lib/python3.12/site-packages/airflow/example_dags/example_sla_dag.py
[2025-04-04T15:54:25.977+0000] {processor.py:914} INFO - Processing file /home/airflow/.local/lib/python3.12/site-packages/airflow/example_dags/example_sla_dag.py for tasks to queue
[2025-04-04T15:54:25.980+0000] {logging_mixin.py:190} INFO - [2025-04-04T15:54:25.979+0000] {dagbag.py:588} INFO - Filling up the DagBag from /home/airflow/.local/lib/python3.12/site-packages/airflow/example_dags/example_sla_dag.py
[2025-04-04T15:54:25.994+0000] {processor.py:925} INFO - DAG(s) 'example_sla_dag' retrieved from /home/airflow/.local/lib/python3.12/site-packages/airflow/example_dags/example_sla_dag.py
[2025-04-04T15:54:26.015+0000] {logging_mixin.py:190} INFO - [2025-04-04T15:54:26.015+0000] {dag.py:3239} INFO - Sync 1 DAGs
[2025-04-04T15:54:26.048+0000] {logging_mixin.py:190} INFO - [2025-04-04T15:54:26.048+0000] {dag.py:4180} INFO - Setting next_dagrun for example_sla_dag to 2025-04-04 15:52:00+00:00, run_after=2025-04-04 15:54:00+00:00
[2025-04-04T15:54:26.074+0000] {processor.py:208} INFO - Processing /home/airflow/.local/lib/python3.12/site-packages/airflow/example_dags/example_sla_dag.py took 0.106 seconds
[2025-04-04T15:54:56.640+0000] {processor.py:186} INFO - Started process (PID=1032) to work on /home/airflow/.local/lib/python3.12/site-packages/airflow/example_dags/example_sla_dag.py
[2025-04-04T15:54:56.642+0000] {processor.py:914} INFO - Processing file /home/airflow/.local/lib/python3.12/site-packages/airflow/example_dags/example_sla_dag.py for tasks to queue
[2025-04-04T15:54:56.645+0000] {logging_mixin.py:190} INFO - [2025-04-04T15:54:56.645+0000] {dagbag.py:588} INFO - Filling up the DagBag from /home/airflow/.local/lib/python3.12/site-packages/airflow/example_dags/example_sla_dag.py
[2025-04-04T15:54:56.660+0000] {processor.py:925} INFO - DAG(s) 'example_sla_dag' retrieved from /home/airflow/.local/lib/python3.12/site-packages/airflow/example_dags/example_sla_dag.py
[2025-04-04T15:54:56.687+0000] {logging_mixin.py:190} INFO - [2025-04-04T15:54:56.686+0000] {dag.py:3239} INFO - Sync 1 DAGs
[2025-04-04T15:54:56.735+0000] {logging_mixin.py:190} INFO - [2025-04-04T15:54:56.735+0000] {dag.py:4180} INFO - Setting next_dagrun for example_sla_dag to 2025-04-04 15:52:00+00:00, run_after=2025-04-04 15:54:00+00:00
[2025-04-04T15:54:56.770+0000] {processor.py:208} INFO - Processing /home/airflow/.local/lib/python3.12/site-packages/airflow/example_dags/example_sla_dag.py took 0.141 seconds
[2025-04-04T15:55:27.419+0000] {processor.py:186} INFO - Started process (PID=1096) to work on /home/airflow/.local/lib/python3.12/site-packages/airflow/example_dags/example_sla_dag.py
[2025-04-04T15:55:27.420+0000] {processor.py:914} INFO - Processing file /home/airflow/.local/lib/python3.12/site-packages/airflow/example_dags/example_sla_dag.py for tasks to queue
[2025-04-04T15:55:27.424+0000] {logging_mixin.py:190} INFO - [2025-04-04T15:55:27.424+0000] {dagbag.py:588} INFO - Filling up the DagBag from /home/airflow/.local/lib/python3.12/site-packages/airflow/example_dags/example_sla_dag.py
[2025-04-04T15:55:27.439+0000] {processor.py:925} INFO - DAG(s) 'example_sla_dag' retrieved from /home/airflow/.local/lib/python3.12/site-packages/airflow/example_dags/example_sla_dag.py
[2025-04-04T15:55:27.467+0000] {logging_mixin.py:190} INFO - [2025-04-04T15:55:27.466+0000] {dag.py:3239} INFO - Sync 1 DAGs
[2025-04-04T15:55:27.518+0000] {logging_mixin.py:190} INFO - [2025-04-04T15:55:27.518+0000] {dag.py:4180} INFO - Setting next_dagrun for example_sla_dag to 2025-04-04 15:52:00+00:00, run_after=2025-04-04 15:54:00+00:00
[2025-04-04T15:55:27.548+0000] {processor.py:208} INFO - Processing /home/airflow/.local/lib/python3.12/site-packages/airflow/example_dags/example_sla_dag.py took 0.138 seconds
[2025-04-04T15:55:58.401+0000] {processor.py:186} INFO - Started process (PID=1160) to work on /home/airflow/.local/lib/python3.12/site-packages/airflow/example_dags/example_sla_dag.py
[2025-04-04T15:55:58.403+0000] {processor.py:914} INFO - Processing file /home/airflow/.local/lib/python3.12/site-packages/airflow/example_dags/example_sla_dag.py for tasks to queue
[2025-04-04T15:55:58.407+0000] {logging_mixin.py:190} INFO - [2025-04-04T15:55:58.406+0000] {dagbag.py:588} INFO - Filling up the DagBag from /home/airflow/.local/lib/python3.12/site-packages/airflow/example_dags/example_sla_dag.py
[2025-04-04T15:55:58.430+0000] {processor.py:925} INFO - DAG(s) 'example_sla_dag' retrieved from /home/airflow/.local/lib/python3.12/site-packages/airflow/example_dags/example_sla_dag.py
[2025-04-04T15:55:58.468+0000] {logging_mixin.py:190} INFO - [2025-04-04T15:55:58.467+0000] {dag.py:3239} INFO - Sync 1 DAGs
[2025-04-04T15:55:58.522+0000] {logging_mixin.py:190} INFO - [2025-04-04T15:55:58.522+0000] {dag.py:4180} INFO - Setting next_dagrun for example_sla_dag to 2025-04-04 15:52:00+00:00, run_after=2025-04-04 15:54:00+00:00
[2025-04-04T15:55:58.555+0000] {processor.py:208} INFO - Processing /home/airflow/.local/lib/python3.12/site-packages/airflow/example_dags/example_sla_dag.py took 0.173 seconds
[2025-04-04T15:56:29.022+0000] {processor.py:186} INFO - Started process (PID=1224) to work on /home/airflow/.local/lib/python3.12/site-packages/airflow/example_dags/example_sla_dag.py
[2025-04-04T15:56:29.023+0000] {processor.py:914} INFO - Processing file /home/airflow/.local/lib/python3.12/site-packages/airflow/example_dags/example_sla_dag.py for tasks to queue
[2025-04-04T15:56:29.026+0000] {logging_mixin.py:190} INFO - [2025-04-04T15:56:29.025+0000] {dagbag.py:588} INFO - Filling up the DagBag from /home/airflow/.local/lib/python3.12/site-packages/airflow/example_dags/example_sla_dag.py
[2025-04-04T15:56:29.044+0000] {processor.py:925} INFO - DAG(s) 'example_sla_dag' retrieved from /home/airflow/.local/lib/python3.12/site-packages/airflow/example_dags/example_sla_dag.py
[2025-04-04T15:56:29.080+0000] {logging_mixin.py:190} INFO - [2025-04-04T15:56:29.079+0000] {dag.py:3239} INFO - Sync 1 DAGs
[2025-04-04T15:56:29.147+0000] {logging_mixin.py:190} INFO - [2025-04-04T15:56:29.147+0000] {dag.py:4180} INFO - Setting next_dagrun for example_sla_dag to 2025-04-04 15:54:00+00:00, run_after=2025-04-04 15:56:00+00:00
[2025-04-04T15:56:29.204+0000] {processor.py:208} INFO - Processing /home/airflow/.local/lib/python3.12/site-packages/airflow/example_dags/example_sla_dag.py took 0.193 seconds
[2025-04-04T15:56:59.696+0000] {processor.py:186} INFO - Started process (PID=1288) to work on /home/airflow/.local/lib/python3.12/site-packages/airflow/example_dags/example_sla_dag.py
[2025-04-04T15:56:59.697+0000] {processor.py:914} INFO - Processing file /home/airflow/.local/lib/python3.12/site-packages/airflow/example_dags/example_sla_dag.py for tasks to queue
[2025-04-04T15:56:59.700+0000] {logging_mixin.py:190} INFO - [2025-04-04T15:56:59.700+0000] {dagbag.py:588} INFO - Filling up the DagBag from /home/airflow/.local/lib/python3.12/site-packages/airflow/example_dags/example_sla_dag.py
[2025-04-04T15:56:59.714+0000] {processor.py:925} INFO - DAG(s) 'example_sla_dag' retrieved from /home/airflow/.local/lib/python3.12/site-packages/airflow/example_dags/example_sla_dag.py
[2025-04-04T15:56:59.738+0000] {logging_mixin.py:190} INFO - [2025-04-04T15:56:59.738+0000] {dag.py:3239} INFO - Sync 1 DAGs
[2025-04-04T15:56:59.780+0000] {logging_mixin.py:190} INFO - [2025-04-04T15:56:59.779+0000] {dag.py:4180} INFO - Setting next_dagrun for example_sla_dag to 2025-04-04 15:54:00+00:00, run_after=2025-04-04 15:56:00+00:00
[2025-04-04T15:56:59.806+0000] {processor.py:208} INFO - Processing /home/airflow/.local/lib/python3.12/site-packages/airflow/example_dags/example_sla_dag.py took 0.120 seconds
[2025-04-04T15:57:30.255+0000] {processor.py:186} INFO - Started process (PID=1352) to work on /home/airflow/.local/lib/python3.12/site-packages/airflow/example_dags/example_sla_dag.py
[2025-04-04T15:57:30.256+0000] {processor.py:914} INFO - Processing file /home/airflow/.local/lib/python3.12/site-packages/airflow/example_dags/example_sla_dag.py for tasks to queue
[2025-04-04T15:57:30.260+0000] {logging_mixin.py:190} INFO - [2025-04-04T15:57:30.259+0000] {dagbag.py:588} INFO - Filling up the DagBag from /home/airflow/.local/lib/python3.12/site-packages/airflow/example_dags/example_sla_dag.py
[2025-04-04T15:57:30.274+0000] {processor.py:925} INFO - DAG(s) 'example_sla_dag' retrieved from /home/airflow/.local/lib/python3.12/site-packages/airflow/example_dags/example_sla_dag.py
[2025-04-04T15:57:30.297+0000] {logging_mixin.py:190} INFO - [2025-04-04T15:57:30.296+0000] {dag.py:3239} INFO - Sync 1 DAGs
[2025-04-04T15:57:30.330+0000] {logging_mixin.py:190} INFO - [2025-04-04T15:57:30.330+0000] {dag.py:4180} INFO - Setting next_dagrun for example_sla_dag to 2025-04-04 15:54:00+00:00, run_after=2025-04-04 15:56:00+00:00
[2025-04-04T15:57:30.352+0000] {processor.py:208} INFO - Processing /home/airflow/.local/lib/python3.12/site-packages/airflow/example_dags/example_sla_dag.py took 0.109 seconds
[2025-04-04T15:58:00.507+0000] {processor.py:186} INFO - Started process (PID=1416) to work on /home/airflow/.local/lib/python3.12/site-packages/airflow/example_dags/example_sla_dag.py
[2025-04-04T15:58:00.508+0000] {processor.py:914} INFO - Processing file /home/airflow/.local/lib/python3.12/site-packages/airflow/example_dags/example_sla_dag.py for tasks to queue
[2025-04-04T15:58:00.511+0000] {logging_mixin.py:190} INFO - [2025-04-04T15:58:00.510+0000] {dagbag.py:588} INFO - Filling up the DagBag from /home/airflow/.local/lib/python3.12/site-packages/airflow/example_dags/example_sla_dag.py
[2025-04-04T15:58:00.524+0000] {processor.py:925} INFO - DAG(s) 'example_sla_dag' retrieved from /home/airflow/.local/lib/python3.12/site-packages/airflow/example_dags/example_sla_dag.py
[2025-04-04T15:58:00.549+0000] {logging_mixin.py:190} INFO - [2025-04-04T15:58:00.549+0000] {dag.py:3239} INFO - Sync 1 DAGs
[2025-04-04T15:58:00.588+0000] {logging_mixin.py:190} INFO - [2025-04-04T15:58:00.588+0000] {dag.py:4180} INFO - Setting next_dagrun for example_sla_dag to 2025-04-04 15:56:00+00:00, run_after=2025-04-04 15:58:00+00:00
[2025-04-04T15:58:00.612+0000] {processor.py:208} INFO - Processing /home/airflow/.local/lib/python3.12/site-packages/airflow/example_dags/example_sla_dag.py took 0.115 seconds
[2025-04-04T15:58:31.462+0000] {processor.py:186} INFO - Started process (PID=1480) to work on /home/airflow/.local/lib/python3.12/site-packages/airflow/example_dags/example_sla_dag.py
[2025-04-04T15:58:31.463+0000] {processor.py:914} INFO - Processing file /home/airflow/.local/lib/python3.12/site-packages/airflow/example_dags/example_sla_dag.py for tasks to queue
[2025-04-04T15:58:31.466+0000] {logging_mixin.py:190} INFO - [2025-04-04T15:58:31.466+0000] {dagbag.py:588} INFO - Filling up the DagBag from /home/airflow/.local/lib/python3.12/site-packages/airflow/example_dags/example_sla_dag.py
[2025-04-04T15:58:31.486+0000] {processor.py:925} INFO - DAG(s) 'example_sla_dag' retrieved from /home/airflow/.local/lib/python3.12/site-packages/airflow/example_dags/example_sla_dag.py
[2025-04-04T15:58:31.512+0000] {logging_mixin.py:190} INFO - [2025-04-04T15:58:31.511+0000] {dag.py:3239} INFO - Sync 1 DAGs
[2025-04-04T15:58:31.555+0000] {logging_mixin.py:190} INFO - [2025-04-04T15:58:31.555+0000] {dag.py:4180} INFO - Setting next_dagrun for example_sla_dag to 2025-04-04 15:56:00+00:00, run_after=2025-04-04 15:58:00+00:00
[2025-04-04T15:58:31.582+0000] {processor.py:208} INFO - Processing /home/airflow/.local/lib/python3.12/site-packages/airflow/example_dags/example_sla_dag.py took 0.131 seconds
[2025-04-04T16:00:46.814+0000] {processor.py:186} INFO - Started process (PID=71) to work on /home/airflow/.local/lib/python3.12/site-packages/airflow/example_dags/example_sla_dag.py
[2025-04-04T16:00:46.815+0000] {processor.py:914} INFO - Processing file /home/airflow/.local/lib/python3.12/site-packages/airflow/example_dags/example_sla_dag.py for tasks to queue
[2025-04-04T16:00:46.819+0000] {logging_mixin.py:190} INFO - [2025-04-04T16:00:46.819+0000] {dagbag.py:588} INFO - Filling up the DagBag from /home/airflow/.local/lib/python3.12/site-packages/airflow/example_dags/example_sla_dag.py
[2025-04-04T16:00:46.841+0000] {processor.py:925} INFO - DAG(s) 'example_sla_dag' retrieved from /home/airflow/.local/lib/python3.12/site-packages/airflow/example_dags/example_sla_dag.py
[2025-04-04T16:00:46.878+0000] {logging_mixin.py:190} INFO - [2025-04-04T16:00:46.878+0000] {dag.py:3239} INFO - Sync 1 DAGs
[2025-04-04T16:00:46.935+0000] {logging_mixin.py:190} INFO - [2025-04-04T16:00:46.934+0000] {dag.py:4180} INFO - Setting next_dagrun for example_sla_dag to 2025-04-04 15:58:00+00:00, run_after=2025-04-04 16:00:00+00:00
[2025-04-04T16:00:46.971+0000] {processor.py:208} INFO - Processing /home/airflow/.local/lib/python3.12/site-packages/airflow/example_dags/example_sla_dag.py took 0.168 seconds
[2025-04-04T16:01:17.245+0000] {processor.py:186} INFO - Started process (PID=135) to work on /home/airflow/.local/lib/python3.12/site-packages/airflow/example_dags/example_sla_dag.py
[2025-04-04T16:01:17.246+0000] {processor.py:914} INFO - Processing file /home/airflow/.local/lib/python3.12/site-packages/airflow/example_dags/example_sla_dag.py for tasks to queue
[2025-04-04T16:01:17.250+0000] {logging_mixin.py:190} INFO - [2025-04-04T16:01:17.250+0000] {dagbag.py:588} INFO - Filling up the DagBag from /home/airflow/.local/lib/python3.12/site-packages/airflow/example_dags/example_sla_dag.py
[2025-04-04T16:01:17.266+0000] {processor.py:925} INFO - DAG(s) 'example_sla_dag' retrieved from /home/airflow/.local/lib/python3.12/site-packages/airflow/example_dags/example_sla_dag.py
[2025-04-04T16:01:17.294+0000] {logging_mixin.py:190} INFO - [2025-04-04T16:01:17.294+0000] {dag.py:3239} INFO - Sync 1 DAGs
[2025-04-04T16:01:17.326+0000] {logging_mixin.py:190} INFO - [2025-04-04T16:01:17.326+0000] {dag.py:4180} INFO - Setting next_dagrun for example_sla_dag to 2025-04-04 15:58:00+00:00, run_after=2025-04-04 16:00:00+00:00
[2025-04-04T16:01:17.349+0000] {processor.py:208} INFO - Processing /home/airflow/.local/lib/python3.12/site-packages/airflow/example_dags/example_sla_dag.py took 0.115 seconds
[2025-04-04T16:01:48.145+0000] {processor.py:186} INFO - Started process (PID=199) to work on /home/airflow/.local/lib/python3.12/site-packages/airflow/example_dags/example_sla_dag.py
[2025-04-04T16:01:48.146+0000] {processor.py:914} INFO - Processing file /home/airflow/.local/lib/python3.12/site-packages/airflow/example_dags/example_sla_dag.py for tasks to queue
[2025-04-04T16:01:48.149+0000] {logging_mixin.py:190} INFO - [2025-04-04T16:01:48.149+0000] {dagbag.py:588} INFO - Filling up the DagBag from /home/airflow/.local/lib/python3.12/site-packages/airflow/example_dags/example_sla_dag.py
[2025-04-04T16:01:48.162+0000] {processor.py:925} INFO - DAG(s) 'example_sla_dag' retrieved from /home/airflow/.local/lib/python3.12/site-packages/airflow/example_dags/example_sla_dag.py
[2025-04-04T16:01:48.187+0000] {logging_mixin.py:190} INFO - [2025-04-04T16:01:48.187+0000] {dag.py:3239} INFO - Sync 1 DAGs
[2025-04-04T16:01:48.222+0000] {logging_mixin.py:190} INFO - [2025-04-04T16:01:48.222+0000] {dag.py:4180} INFO - Setting next_dagrun for example_sla_dag to 2025-04-04 15:58:00+00:00, run_after=2025-04-04 16:00:00+00:00
[2025-04-04T16:01:48.247+0000] {processor.py:208} INFO - Processing /home/airflow/.local/lib/python3.12/site-packages/airflow/example_dags/example_sla_dag.py took 0.112 seconds
[2025-04-04T16:02:18.474+0000] {processor.py:186} INFO - Started process (PID=263) to work on /home/airflow/.local/lib/python3.12/site-packages/airflow/example_dags/example_sla_dag.py
[2025-04-04T16:02:18.475+0000] {processor.py:914} INFO - Processing file /home/airflow/.local/lib/python3.12/site-packages/airflow/example_dags/example_sla_dag.py for tasks to queue
[2025-04-04T16:02:18.478+0000] {logging_mixin.py:190} INFO - [2025-04-04T16:02:18.478+0000] {dagbag.py:588} INFO - Filling up the DagBag from /home/airflow/.local/lib/python3.12/site-packages/airflow/example_dags/example_sla_dag.py
[2025-04-04T16:02:18.490+0000] {processor.py:925} INFO - DAG(s) 'example_sla_dag' retrieved from /home/airflow/.local/lib/python3.12/site-packages/airflow/example_dags/example_sla_dag.py
[2025-04-04T16:02:18.513+0000] {logging_mixin.py:190} INFO - [2025-04-04T16:02:18.513+0000] {dag.py:3239} INFO - Sync 1 DAGs
[2025-04-04T16:02:18.547+0000] {logging_mixin.py:190} INFO - [2025-04-04T16:02:18.547+0000] {dag.py:4180} INFO - Setting next_dagrun for example_sla_dag to 2025-04-04 16:00:00+00:00, run_after=2025-04-04 16:02:00+00:00
[2025-04-04T16:02:18.573+0000] {processor.py:208} INFO - Processing /home/airflow/.local/lib/python3.12/site-packages/airflow/example_dags/example_sla_dag.py took 0.110 seconds
[2025-04-04T16:02:48.708+0000] {processor.py:186} INFO - Started process (PID=327) to work on /home/airflow/.local/lib/python3.12/site-packages/airflow/example_dags/example_sla_dag.py
[2025-04-04T16:02:48.709+0000] {processor.py:914} INFO - Processing file /home/airflow/.local/lib/python3.12/site-packages/airflow/example_dags/example_sla_dag.py for tasks to queue
[2025-04-04T16:02:48.712+0000] {logging_mixin.py:190} INFO - [2025-04-04T16:02:48.712+0000] {dagbag.py:588} INFO - Filling up the DagBag from /home/airflow/.local/lib/python3.12/site-packages/airflow/example_dags/example_sla_dag.py
[2025-04-04T16:02:48.725+0000] {processor.py:925} INFO - DAG(s) 'example_sla_dag' retrieved from /home/airflow/.local/lib/python3.12/site-packages/airflow/example_dags/example_sla_dag.py
[2025-04-04T16:02:48.749+0000] {logging_mixin.py:190} INFO - [2025-04-04T16:02:48.749+0000] {dag.py:3239} INFO - Sync 1 DAGs
[2025-04-04T16:02:48.783+0000] {logging_mixin.py:190} INFO - [2025-04-04T16:02:48.783+0000] {dag.py:4180} INFO - Setting next_dagrun for example_sla_dag to 2025-04-04 16:00:00+00:00, run_after=2025-04-04 16:02:00+00:00
[2025-04-04T16:02:48.807+0000] {processor.py:208} INFO - Processing /home/airflow/.local/lib/python3.12/site-packages/airflow/example_dags/example_sla_dag.py took 0.108 seconds
