[2025-04-04T15:44:17.998+0000] {processor.py:186} INFO - Started process (PID=104) to work on /home/airflow/.local/lib/python3.12/site-packages/airflow/example_dags/example_dataset_alias.py
[2025-04-04T15:44:17.999+0000] {processor.py:914} INFO - Processing file /home/airflow/.local/lib/python3.12/site-packages/airflow/example_dags/example_dataset_alias.py for tasks to queue
[2025-04-04T15:44:18.003+0000] {logging_mixin.py:190} INFO - [2025-04-04T15:44:18.003+0000] {dagbag.py:588} INFO - Filling up the DagBag from /home/airflow/.local/lib/python3.12/site-packages/airflow/example_dags/example_dataset_alias.py
[2025-04-04T15:44:19.192+0000] {processor.py:925} INFO - DAG(s) 'dataset_alias_example_alias_producer', 'dataset_s3_bucket_producer', 'dataset_alias_example_alias_consumer', 'dataset_s3_bucket_consumer' retrieved from /home/airflow/.local/lib/python3.12/site-packages/airflow/example_dags/example_dataset_alias.py
[2025-04-04T15:44:19.399+0000] {logging_mixin.py:190} INFO - [2025-04-04T15:44:19.398+0000] {override.py:1912} INFO - Created Permission View: can edit on DAG:dataset_alias_example_alias_producer
[2025-04-04T15:44:19.418+0000] {logging_mixin.py:190} INFO - [2025-04-04T15:44:19.418+0000] {override.py:1912} INFO - Created Permission View: can read on DAG:dataset_alias_example_alias_producer
[2025-04-04T15:44:19.430+0000] {logging_mixin.py:190} INFO - [2025-04-04T15:44:19.429+0000] {override.py:1912} INFO - Created Permission View: can delete on DAG:dataset_alias_example_alias_producer
[2025-04-04T15:44:19.442+0000] {logging_mixin.py:190} INFO - [2025-04-04T15:44:19.442+0000] {override.py:1912} INFO - Created Permission View: menu access on DAG Run:dataset_alias_example_alias_producer
[2025-04-04T15:44:19.456+0000] {logging_mixin.py:190} INFO - [2025-04-04T15:44:19.455+0000] {override.py:1912} INFO - Created Permission View: can read on DAG Run:dataset_alias_example_alias_producer
[2025-04-04T15:44:19.470+0000] {logging_mixin.py:190} INFO - [2025-04-04T15:44:19.469+0000] {override.py:1912} INFO - Created Permission View: can create on DAG Run:dataset_alias_example_alias_producer
[2025-04-04T15:44:19.484+0000] {logging_mixin.py:190} INFO - [2025-04-04T15:44:19.483+0000] {override.py:1912} INFO - Created Permission View: can delete on DAG Run:dataset_alias_example_alias_producer
[2025-04-04T15:44:19.526+0000] {logging_mixin.py:190} INFO - [2025-04-04T15:44:19.526+0000] {override.py:1912} INFO - Created Permission View: can edit on DAG:dataset_s3_bucket_producer
[2025-04-04T15:44:19.543+0000] {logging_mixin.py:190} INFO - [2025-04-04T15:44:19.543+0000] {override.py:1912} INFO - Created Permission View: can read on DAG:dataset_s3_bucket_producer
[2025-04-04T15:44:19.561+0000] {logging_mixin.py:190} INFO - [2025-04-04T15:44:19.560+0000] {override.py:1912} INFO - Created Permission View: can delete on DAG:dataset_s3_bucket_producer
[2025-04-04T15:44:19.578+0000] {logging_mixin.py:190} INFO - [2025-04-04T15:44:19.577+0000] {override.py:1912} INFO - Created Permission View: menu access on DAG Run:dataset_s3_bucket_producer
[2025-04-04T15:44:19.602+0000] {logging_mixin.py:190} INFO - [2025-04-04T15:44:19.601+0000] {override.py:1912} INFO - Created Permission View: can read on DAG Run:dataset_s3_bucket_producer
[2025-04-04T15:44:19.617+0000] {logging_mixin.py:190} INFO - [2025-04-04T15:44:19.616+0000] {override.py:1912} INFO - Created Permission View: can create on DAG Run:dataset_s3_bucket_producer
[2025-04-04T15:44:19.630+0000] {logging_mixin.py:190} INFO - [2025-04-04T15:44:19.629+0000] {override.py:1912} INFO - Created Permission View: can delete on DAG Run:dataset_s3_bucket_producer
[2025-04-04T15:44:19.656+0000] {logging_mixin.py:190} INFO - [2025-04-04T15:44:19.656+0000] {override.py:1912} INFO - Created Permission View: can edit on DAG:dataset_alias_example_alias_consumer
[2025-04-04T15:44:19.672+0000] {logging_mixin.py:190} INFO - [2025-04-04T15:44:19.672+0000] {override.py:1912} INFO - Created Permission View: can read on DAG:dataset_alias_example_alias_consumer
[2025-04-04T15:44:19.685+0000] {logging_mixin.py:190} INFO - [2025-04-04T15:44:19.685+0000] {override.py:1912} INFO - Created Permission View: can delete on DAG:dataset_alias_example_alias_consumer
[2025-04-04T15:44:19.698+0000] {logging_mixin.py:190} INFO - [2025-04-04T15:44:19.697+0000] {override.py:1912} INFO - Created Permission View: menu access on DAG Run:dataset_alias_example_alias_consumer
[2025-04-04T15:44:19.714+0000] {logging_mixin.py:190} INFO - [2025-04-04T15:44:19.713+0000] {override.py:1912} INFO - Created Permission View: can read on DAG Run:dataset_alias_example_alias_consumer
[2025-04-04T15:44:19.727+0000] {logging_mixin.py:190} INFO - [2025-04-04T15:44:19.726+0000] {override.py:1912} INFO - Created Permission View: can create on DAG Run:dataset_alias_example_alias_consumer
[2025-04-04T15:44:19.741+0000] {logging_mixin.py:190} INFO - [2025-04-04T15:44:19.740+0000] {override.py:1912} INFO - Created Permission View: can delete on DAG Run:dataset_alias_example_alias_consumer
[2025-04-04T15:44:19.820+0000] {logging_mixin.py:190} INFO - [2025-04-04T15:44:19.819+0000] {override.py:1912} INFO - Created Permission View: can edit on DAG:dataset_s3_bucket_consumer
[2025-04-04T15:44:19.842+0000] {logging_mixin.py:190} INFO - [2025-04-04T15:44:19.842+0000] {override.py:1912} INFO - Created Permission View: can read on DAG:dataset_s3_bucket_consumer
[2025-04-04T15:44:19.856+0000] {logging_mixin.py:190} INFO - [2025-04-04T15:44:19.855+0000] {override.py:1912} INFO - Created Permission View: can delete on DAG:dataset_s3_bucket_consumer
[2025-04-04T15:44:19.867+0000] {logging_mixin.py:190} INFO - [2025-04-04T15:44:19.866+0000] {override.py:1912} INFO - Created Permission View: menu access on DAG Run:dataset_s3_bucket_consumer
[2025-04-04T15:44:19.878+0000] {logging_mixin.py:190} INFO - [2025-04-04T15:44:19.877+0000] {override.py:1912} INFO - Created Permission View: can read on DAG Run:dataset_s3_bucket_consumer
[2025-04-04T15:44:19.891+0000] {logging_mixin.py:190} INFO - [2025-04-04T15:44:19.890+0000] {override.py:1912} INFO - Created Permission View: can create on DAG Run:dataset_s3_bucket_consumer
[2025-04-04T15:44:19.903+0000] {logging_mixin.py:190} INFO - [2025-04-04T15:44:19.902+0000] {override.py:1912} INFO - Created Permission View: can delete on DAG Run:dataset_s3_bucket_consumer
[2025-04-04T15:44:19.904+0000] {logging_mixin.py:190} INFO - [2025-04-04T15:44:19.903+0000] {dag.py:3239} INFO - Sync 4 DAGs
[2025-04-04T15:44:19.932+0000] {logging_mixin.py:190} INFO - [2025-04-04T15:44:19.931+0000] {dag.py:3262} INFO - Creating ORM DAG for dataset_alias_example_alias_producer
[2025-04-04T15:44:19.933+0000] {logging_mixin.py:190} INFO - [2025-04-04T15:44:19.933+0000] {dag.py:3262} INFO - Creating ORM DAG for dataset_s3_bucket_producer
[2025-04-04T15:44:19.935+0000] {logging_mixin.py:190} INFO - [2025-04-04T15:44:19.935+0000] {dag.py:3262} INFO - Creating ORM DAG for dataset_alias_example_alias_consumer
[2025-04-04T15:44:19.937+0000] {logging_mixin.py:190} INFO - [2025-04-04T15:44:19.936+0000] {dag.py:3262} INFO - Creating ORM DAG for dataset_s3_bucket_consumer
[2025-04-04T15:44:19.957+0000] {logging_mixin.py:190} INFO - [2025-04-04T15:44:19.956+0000] {dag.py:4180} INFO - Setting next_dagrun for dataset_alias_example_alias_consumer to None, run_after=None
[2025-04-04T15:44:19.958+0000] {logging_mixin.py:190} INFO - [2025-04-04T15:44:19.958+0000] {dag.py:4180} INFO - Setting next_dagrun for dataset_alias_example_alias_producer to None, run_after=None
[2025-04-04T15:44:19.959+0000] {logging_mixin.py:190} INFO - [2025-04-04T15:44:19.959+0000] {dag.py:4180} INFO - Setting next_dagrun for dataset_s3_bucket_consumer to None, run_after=None
[2025-04-04T15:44:19.961+0000] {logging_mixin.py:190} INFO - [2025-04-04T15:44:19.960+0000] {dag.py:4180} INFO - Setting next_dagrun for dataset_s3_bucket_producer to None, run_after=None
[2025-04-04T15:44:20.052+0000] {processor.py:208} INFO - Processing /home/airflow/.local/lib/python3.12/site-packages/airflow/example_dags/example_dataset_alias.py took 2.066 seconds
[2025-04-04T15:44:50.319+0000] {processor.py:186} INFO - Started process (PID=168) to work on /home/airflow/.local/lib/python3.12/site-packages/airflow/example_dags/example_dataset_alias.py
[2025-04-04T15:44:50.322+0000] {processor.py:914} INFO - Processing file /home/airflow/.local/lib/python3.12/site-packages/airflow/example_dags/example_dataset_alias.py for tasks to queue
[2025-04-04T15:44:50.333+0000] {logging_mixin.py:190} INFO - [2025-04-04T15:44:50.331+0000] {dagbag.py:588} INFO - Filling up the DagBag from /home/airflow/.local/lib/python3.12/site-packages/airflow/example_dags/example_dataset_alias.py
[2025-04-04T15:44:51.706+0000] {processor.py:925} INFO - DAG(s) 'dataset_alias_example_alias_consumer', 'dataset_alias_example_alias_producer', 'dataset_s3_bucket_producer', 'dataset_s3_bucket_consumer' retrieved from /home/airflow/.local/lib/python3.12/site-packages/airflow/example_dags/example_dataset_alias.py
[2025-04-04T15:44:51.749+0000] {logging_mixin.py:190} INFO - [2025-04-04T15:44:51.748+0000] {dag.py:3239} INFO - Sync 4 DAGs
[2025-04-04T15:44:51.792+0000] {logging_mixin.py:190} INFO - [2025-04-04T15:44:51.792+0000] {dag.py:4180} INFO - Setting next_dagrun for dataset_alias_example_alias_consumer to None, run_after=None
[2025-04-04T15:44:51.798+0000] {logging_mixin.py:190} INFO - [2025-04-04T15:44:51.797+0000] {dag.py:4180} INFO - Setting next_dagrun for dataset_alias_example_alias_producer to None, run_after=None
[2025-04-04T15:44:51.801+0000] {logging_mixin.py:190} INFO - [2025-04-04T15:44:51.800+0000] {dag.py:4180} INFO - Setting next_dagrun for dataset_s3_bucket_consumer to None, run_after=None
[2025-04-04T15:44:51.803+0000] {logging_mixin.py:190} INFO - [2025-04-04T15:44:51.802+0000] {dag.py:4180} INFO - Setting next_dagrun for dataset_s3_bucket_producer to None, run_after=None
[2025-04-04T15:44:51.838+0000] {processor.py:208} INFO - Processing /home/airflow/.local/lib/python3.12/site-packages/airflow/example_dags/example_dataset_alias.py took 1.530 seconds
[2025-04-04T15:45:22.163+0000] {processor.py:186} INFO - Started process (PID=234) to work on /home/airflow/.local/lib/python3.12/site-packages/airflow/example_dags/example_dataset_alias.py
[2025-04-04T15:45:22.164+0000] {processor.py:914} INFO - Processing file /home/airflow/.local/lib/python3.12/site-packages/airflow/example_dags/example_dataset_alias.py for tasks to queue
[2025-04-04T15:45:22.169+0000] {logging_mixin.py:190} INFO - [2025-04-04T15:45:22.168+0000] {dagbag.py:588} INFO - Filling up the DagBag from /home/airflow/.local/lib/python3.12/site-packages/airflow/example_dags/example_dataset_alias.py
[2025-04-04T15:45:23.059+0000] {processor.py:925} INFO - DAG(s) 'dataset_s3_bucket_producer', 'dataset_alias_example_alias_producer', 'dataset_s3_bucket_consumer', 'dataset_alias_example_alias_consumer' retrieved from /home/airflow/.local/lib/python3.12/site-packages/airflow/example_dags/example_dataset_alias.py
[2025-04-04T15:45:23.091+0000] {logging_mixin.py:190} INFO - [2025-04-04T15:45:23.090+0000] {dag.py:3239} INFO - Sync 4 DAGs
[2025-04-04T15:45:23.120+0000] {logging_mixin.py:190} INFO - [2025-04-04T15:45:23.120+0000] {dag.py:4180} INFO - Setting next_dagrun for dataset_alias_example_alias_consumer to None, run_after=None
[2025-04-04T15:45:23.124+0000] {logging_mixin.py:190} INFO - [2025-04-04T15:45:23.123+0000] {dag.py:4180} INFO - Setting next_dagrun for dataset_alias_example_alias_producer to None, run_after=None
[2025-04-04T15:45:23.126+0000] {logging_mixin.py:190} INFO - [2025-04-04T15:45:23.126+0000] {dag.py:4180} INFO - Setting next_dagrun for dataset_s3_bucket_consumer to None, run_after=None
[2025-04-04T15:45:23.128+0000] {logging_mixin.py:190} INFO - [2025-04-04T15:45:23.127+0000] {dag.py:4180} INFO - Setting next_dagrun for dataset_s3_bucket_producer to None, run_after=None
[2025-04-04T15:45:23.158+0000] {processor.py:208} INFO - Processing /home/airflow/.local/lib/python3.12/site-packages/airflow/example_dags/example_dataset_alias.py took 1.006 seconds
[2025-04-04T15:45:54.988+0000] {processor.py:186} INFO - Started process (PID=296) to work on /home/airflow/.local/lib/python3.12/site-packages/airflow/example_dags/example_dataset_alias.py
[2025-04-04T15:45:54.992+0000] {processor.py:914} INFO - Processing file /home/airflow/.local/lib/python3.12/site-packages/airflow/example_dags/example_dataset_alias.py for tasks to queue
[2025-04-04T15:45:55.001+0000] {logging_mixin.py:190} INFO - [2025-04-04T15:45:55.001+0000] {dagbag.py:588} INFO - Filling up the DagBag from /home/airflow/.local/lib/python3.12/site-packages/airflow/example_dags/example_dataset_alias.py
[2025-04-04T15:45:56.650+0000] {processor.py:925} INFO - DAG(s) 'dataset_s3_bucket_producer', 'dataset_s3_bucket_consumer', 'dataset_alias_example_alias_consumer', 'dataset_alias_example_alias_producer' retrieved from /home/airflow/.local/lib/python3.12/site-packages/airflow/example_dags/example_dataset_alias.py
[2025-04-04T15:45:56.695+0000] {logging_mixin.py:190} INFO - [2025-04-04T15:45:56.694+0000] {dag.py:3239} INFO - Sync 4 DAGs
[2025-04-04T15:45:56.789+0000] {logging_mixin.py:190} INFO - [2025-04-04T15:45:56.789+0000] {dag.py:4180} INFO - Setting next_dagrun for dataset_alias_example_alias_consumer to None, run_after=None
[2025-04-04T15:45:56.795+0000] {logging_mixin.py:190} INFO - [2025-04-04T15:45:56.794+0000] {dag.py:4180} INFO - Setting next_dagrun for dataset_alias_example_alias_producer to None, run_after=None
[2025-04-04T15:45:56.798+0000] {logging_mixin.py:190} INFO - [2025-04-04T15:45:56.797+0000] {dag.py:4180} INFO - Setting next_dagrun for dataset_s3_bucket_consumer to None, run_after=None
[2025-04-04T15:45:56.801+0000] {logging_mixin.py:190} INFO - [2025-04-04T15:45:56.800+0000] {dag.py:4180} INFO - Setting next_dagrun for dataset_s3_bucket_producer to None, run_after=None
[2025-04-04T15:45:56.843+0000] {processor.py:208} INFO - Processing /home/airflow/.local/lib/python3.12/site-packages/airflow/example_dags/example_dataset_alias.py took 1.898 seconds
[2025-04-04T15:47:22.602+0000] {processor.py:186} INFO - Started process (PID=98) to work on /home/airflow/.local/lib/python3.12/site-packages/airflow/example_dags/example_dataset_alias.py
[2025-04-04T15:47:22.611+0000] {processor.py:914} INFO - Processing file /home/airflow/.local/lib/python3.12/site-packages/airflow/example_dags/example_dataset_alias.py for tasks to queue
[2025-04-04T15:47:22.618+0000] {logging_mixin.py:190} INFO - [2025-04-04T15:47:22.617+0000] {dagbag.py:588} INFO - Filling up the DagBag from /home/airflow/.local/lib/python3.12/site-packages/airflow/example_dags/example_dataset_alias.py
[2025-04-04T15:47:23.846+0000] {processor.py:925} INFO - DAG(s) 'dataset_alias_example_alias_consumer', 'dataset_s3_bucket_consumer', 'dataset_s3_bucket_producer', 'dataset_alias_example_alias_producer' retrieved from /home/airflow/.local/lib/python3.12/site-packages/airflow/example_dags/example_dataset_alias.py
[2025-04-04T15:47:23.939+0000] {logging_mixin.py:190} INFO - [2025-04-04T15:47:23.934+0000] {dag.py:3239} INFO - Sync 4 DAGs
[2025-04-04T15:47:23.999+0000] {logging_mixin.py:190} INFO - [2025-04-04T15:47:23.999+0000] {dag.py:4180} INFO - Setting next_dagrun for dataset_alias_example_alias_consumer to None, run_after=None
[2025-04-04T15:47:24.005+0000] {logging_mixin.py:190} INFO - [2025-04-04T15:47:24.004+0000] {dag.py:4180} INFO - Setting next_dagrun for dataset_alias_example_alias_producer to None, run_after=None
[2025-04-04T15:47:24.008+0000] {logging_mixin.py:190} INFO - [2025-04-04T15:47:24.008+0000] {dag.py:4180} INFO - Setting next_dagrun for dataset_s3_bucket_consumer to None, run_after=None
[2025-04-04T15:47:24.011+0000] {logging_mixin.py:190} INFO - [2025-04-04T15:47:24.011+0000] {dag.py:4180} INFO - Setting next_dagrun for dataset_s3_bucket_producer to None, run_after=None
[2025-04-04T15:47:24.069+0000] {processor.py:208} INFO - Processing /home/airflow/.local/lib/python3.12/site-packages/airflow/example_dags/example_dataset_alias.py took 1.477 seconds
[2025-04-04T15:47:54.210+0000] {processor.py:186} INFO - Started process (PID=165) to work on /home/airflow/.local/lib/python3.12/site-packages/airflow/example_dags/example_dataset_alias.py
[2025-04-04T15:47:54.211+0000] {processor.py:914} INFO - Processing file /home/airflow/.local/lib/python3.12/site-packages/airflow/example_dags/example_dataset_alias.py for tasks to queue
[2025-04-04T15:47:54.214+0000] {logging_mixin.py:190} INFO - [2025-04-04T15:47:54.213+0000] {dagbag.py:588} INFO - Filling up the DagBag from /home/airflow/.local/lib/python3.12/site-packages/airflow/example_dags/example_dataset_alias.py
[2025-04-04T15:47:55.066+0000] {processor.py:925} INFO - DAG(s) 'dataset_alias_example_alias_consumer', 'dataset_s3_bucket_consumer', 'dataset_s3_bucket_producer', 'dataset_alias_example_alias_producer' retrieved from /home/airflow/.local/lib/python3.12/site-packages/airflow/example_dags/example_dataset_alias.py
[2025-04-04T15:47:55.099+0000] {logging_mixin.py:190} INFO - [2025-04-04T15:47:55.099+0000] {dag.py:3239} INFO - Sync 4 DAGs
[2025-04-04T15:47:55.133+0000] {logging_mixin.py:190} INFO - [2025-04-04T15:47:55.133+0000] {dag.py:4180} INFO - Setting next_dagrun for dataset_alias_example_alias_consumer to None, run_after=None
[2025-04-04T15:47:55.137+0000] {logging_mixin.py:190} INFO - [2025-04-04T15:47:55.136+0000] {dag.py:4180} INFO - Setting next_dagrun for dataset_alias_example_alias_producer to None, run_after=None
[2025-04-04T15:47:55.139+0000] {logging_mixin.py:190} INFO - [2025-04-04T15:47:55.139+0000] {dag.py:4180} INFO - Setting next_dagrun for dataset_s3_bucket_consumer to None, run_after=None
[2025-04-04T15:47:55.142+0000] {logging_mixin.py:190} INFO - [2025-04-04T15:47:55.142+0000] {dag.py:4180} INFO - Setting next_dagrun for dataset_s3_bucket_producer to None, run_after=None
[2025-04-04T15:47:55.176+0000] {processor.py:208} INFO - Processing /home/airflow/.local/lib/python3.12/site-packages/airflow/example_dags/example_dataset_alias.py took 0.975 seconds
[2025-04-04T15:48:25.675+0000] {processor.py:186} INFO - Started process (PID=232) to work on /home/airflow/.local/lib/python3.12/site-packages/airflow/example_dags/example_dataset_alias.py
[2025-04-04T15:48:25.676+0000] {processor.py:914} INFO - Processing file /home/airflow/.local/lib/python3.12/site-packages/airflow/example_dags/example_dataset_alias.py for tasks to queue
[2025-04-04T15:48:25.679+0000] {logging_mixin.py:190} INFO - [2025-04-04T15:48:25.679+0000] {dagbag.py:588} INFO - Filling up the DagBag from /home/airflow/.local/lib/python3.12/site-packages/airflow/example_dags/example_dataset_alias.py
[2025-04-04T15:48:26.525+0000] {processor.py:925} INFO - DAG(s) 'dataset_alias_example_alias_producer', 'dataset_s3_bucket_producer', 'dataset_alias_example_alias_consumer', 'dataset_s3_bucket_consumer' retrieved from /home/airflow/.local/lib/python3.12/site-packages/airflow/example_dags/example_dataset_alias.py
[2025-04-04T15:48:26.555+0000] {logging_mixin.py:190} INFO - [2025-04-04T15:48:26.555+0000] {dag.py:3239} INFO - Sync 4 DAGs
[2025-04-04T15:48:26.587+0000] {logging_mixin.py:190} INFO - [2025-04-04T15:48:26.586+0000] {dag.py:4180} INFO - Setting next_dagrun for dataset_alias_example_alias_consumer to None, run_after=None
[2025-04-04T15:48:26.590+0000] {logging_mixin.py:190} INFO - [2025-04-04T15:48:26.590+0000] {dag.py:4180} INFO - Setting next_dagrun for dataset_alias_example_alias_producer to None, run_after=None
[2025-04-04T15:48:26.592+0000] {logging_mixin.py:190} INFO - [2025-04-04T15:48:26.592+0000] {dag.py:4180} INFO - Setting next_dagrun for dataset_s3_bucket_consumer to None, run_after=None
[2025-04-04T15:48:26.594+0000] {logging_mixin.py:190} INFO - [2025-04-04T15:48:26.594+0000] {dag.py:4180} INFO - Setting next_dagrun for dataset_s3_bucket_producer to None, run_after=None
[2025-04-04T15:48:26.627+0000] {processor.py:208} INFO - Processing /home/airflow/.local/lib/python3.12/site-packages/airflow/example_dags/example_dataset_alias.py took 0.960 seconds
[2025-04-04T15:48:56.993+0000] {processor.py:186} INFO - Started process (PID=297) to work on /home/airflow/.local/lib/python3.12/site-packages/airflow/example_dags/example_dataset_alias.py
[2025-04-04T15:48:56.995+0000] {processor.py:914} INFO - Processing file /home/airflow/.local/lib/python3.12/site-packages/airflow/example_dags/example_dataset_alias.py for tasks to queue
[2025-04-04T15:48:56.999+0000] {logging_mixin.py:190} INFO - [2025-04-04T15:48:56.998+0000] {dagbag.py:588} INFO - Filling up the DagBag from /home/airflow/.local/lib/python3.12/site-packages/airflow/example_dags/example_dataset_alias.py
[2025-04-04T15:48:58.263+0000] {processor.py:925} INFO - DAG(s) 'dataset_alias_example_alias_consumer', 'dataset_alias_example_alias_producer', 'dataset_s3_bucket_producer', 'dataset_s3_bucket_consumer' retrieved from /home/airflow/.local/lib/python3.12/site-packages/airflow/example_dags/example_dataset_alias.py
[2025-04-04T15:48:58.300+0000] {logging_mixin.py:190} INFO - [2025-04-04T15:48:58.299+0000] {dag.py:3239} INFO - Sync 4 DAGs
[2025-04-04T15:48:58.335+0000] {logging_mixin.py:190} INFO - [2025-04-04T15:48:58.335+0000] {dag.py:4180} INFO - Setting next_dagrun for dataset_alias_example_alias_consumer to None, run_after=None
[2025-04-04T15:48:58.338+0000] {logging_mixin.py:190} INFO - [2025-04-04T15:48:58.338+0000] {dag.py:4180} INFO - Setting next_dagrun for dataset_alias_example_alias_producer to None, run_after=None
[2025-04-04T15:48:58.341+0000] {logging_mixin.py:190} INFO - [2025-04-04T15:48:58.340+0000] {dag.py:4180} INFO - Setting next_dagrun for dataset_s3_bucket_consumer to None, run_after=None
[2025-04-04T15:48:58.342+0000] {logging_mixin.py:190} INFO - [2025-04-04T15:48:58.342+0000] {dag.py:4180} INFO - Setting next_dagrun for dataset_s3_bucket_producer to None, run_after=None
[2025-04-04T15:48:58.375+0000] {processor.py:208} INFO - Processing /home/airflow/.local/lib/python3.12/site-packages/airflow/example_dags/example_dataset_alias.py took 1.393 seconds
[2025-04-04T15:49:28.494+0000] {processor.py:186} INFO - Started process (PID=361) to work on /home/airflow/.local/lib/python3.12/site-packages/airflow/example_dags/example_dataset_alias.py
[2025-04-04T15:49:28.495+0000] {processor.py:914} INFO - Processing file /home/airflow/.local/lib/python3.12/site-packages/airflow/example_dags/example_dataset_alias.py for tasks to queue
[2025-04-04T15:49:28.499+0000] {logging_mixin.py:190} INFO - [2025-04-04T15:49:28.499+0000] {dagbag.py:588} INFO - Filling up the DagBag from /home/airflow/.local/lib/python3.12/site-packages/airflow/example_dags/example_dataset_alias.py
[2025-04-04T15:49:29.437+0000] {processor.py:925} INFO - DAG(s) 'dataset_s3_bucket_consumer', 'dataset_s3_bucket_producer', 'dataset_alias_example_alias_producer', 'dataset_alias_example_alias_consumer' retrieved from /home/airflow/.local/lib/python3.12/site-packages/airflow/example_dags/example_dataset_alias.py
[2025-04-04T15:49:29.494+0000] {logging_mixin.py:190} INFO - [2025-04-04T15:49:29.493+0000] {dag.py:3239} INFO - Sync 4 DAGs
[2025-04-04T15:49:29.566+0000] {logging_mixin.py:190} INFO - [2025-04-04T15:49:29.566+0000] {dag.py:4180} INFO - Setting next_dagrun for dataset_alias_example_alias_consumer to None, run_after=None
[2025-04-04T15:49:29.574+0000] {logging_mixin.py:190} INFO - [2025-04-04T15:49:29.572+0000] {dag.py:4180} INFO - Setting next_dagrun for dataset_alias_example_alias_producer to None, run_after=None
[2025-04-04T15:49:29.577+0000] {logging_mixin.py:190} INFO - [2025-04-04T15:49:29.577+0000] {dag.py:4180} INFO - Setting next_dagrun for dataset_s3_bucket_consumer to None, run_after=None
[2025-04-04T15:49:29.582+0000] {logging_mixin.py:190} INFO - [2025-04-04T15:49:29.581+0000] {dag.py:4180} INFO - Setting next_dagrun for dataset_s3_bucket_producer to None, run_after=None
[2025-04-04T15:49:29.632+0000] {processor.py:208} INFO - Processing /home/airflow/.local/lib/python3.12/site-packages/airflow/example_dags/example_dataset_alias.py took 1.149 seconds
[2025-04-04T15:50:00.091+0000] {processor.py:186} INFO - Started process (PID=425) to work on /home/airflow/.local/lib/python3.12/site-packages/airflow/example_dags/example_dataset_alias.py
[2025-04-04T15:50:00.092+0000] {processor.py:914} INFO - Processing file /home/airflow/.local/lib/python3.12/site-packages/airflow/example_dags/example_dataset_alias.py for tasks to queue
[2025-04-04T15:50:00.096+0000] {logging_mixin.py:190} INFO - [2025-04-04T15:50:00.095+0000] {dagbag.py:588} INFO - Filling up the DagBag from /home/airflow/.local/lib/python3.12/site-packages/airflow/example_dags/example_dataset_alias.py
[2025-04-04T15:50:00.916+0000] {processor.py:925} INFO - DAG(s) 'dataset_s3_bucket_consumer', 'dataset_alias_example_alias_producer', 'dataset_s3_bucket_producer', 'dataset_alias_example_alias_consumer' retrieved from /home/airflow/.local/lib/python3.12/site-packages/airflow/example_dags/example_dataset_alias.py
[2025-04-04T15:50:00.968+0000] {logging_mixin.py:190} INFO - [2025-04-04T15:50:00.967+0000] {dag.py:3239} INFO - Sync 4 DAGs
[2025-04-04T15:50:01.002+0000] {logging_mixin.py:190} INFO - [2025-04-04T15:50:01.002+0000] {dag.py:4180} INFO - Setting next_dagrun for dataset_alias_example_alias_consumer to None, run_after=None
[2025-04-04T15:50:01.006+0000] {logging_mixin.py:190} INFO - [2025-04-04T15:50:01.006+0000] {dag.py:4180} INFO - Setting next_dagrun for dataset_alias_example_alias_producer to None, run_after=None
[2025-04-04T15:50:01.009+0000] {logging_mixin.py:190} INFO - [2025-04-04T15:50:01.008+0000] {dag.py:4180} INFO - Setting next_dagrun for dataset_s3_bucket_consumer to None, run_after=None
[2025-04-04T15:50:01.012+0000] {logging_mixin.py:190} INFO - [2025-04-04T15:50:01.011+0000] {dag.py:4180} INFO - Setting next_dagrun for dataset_s3_bucket_producer to None, run_after=None
[2025-04-04T15:50:01.051+0000] {processor.py:208} INFO - Processing /home/airflow/.local/lib/python3.12/site-packages/airflow/example_dags/example_dataset_alias.py took 0.969 seconds
[2025-04-04T15:50:31.561+0000] {processor.py:186} INFO - Started process (PID=489) to work on /home/airflow/.local/lib/python3.12/site-packages/airflow/example_dags/example_dataset_alias.py
[2025-04-04T15:50:31.562+0000] {processor.py:914} INFO - Processing file /home/airflow/.local/lib/python3.12/site-packages/airflow/example_dags/example_dataset_alias.py for tasks to queue
[2025-04-04T15:50:31.565+0000] {logging_mixin.py:190} INFO - [2025-04-04T15:50:31.565+0000] {dagbag.py:588} INFO - Filling up the DagBag from /home/airflow/.local/lib/python3.12/site-packages/airflow/example_dags/example_dataset_alias.py
[2025-04-04T15:50:32.297+0000] {processor.py:925} INFO - DAG(s) 'dataset_alias_example_alias_producer', 'dataset_alias_example_alias_consumer', 'dataset_s3_bucket_consumer', 'dataset_s3_bucket_producer' retrieved from /home/airflow/.local/lib/python3.12/site-packages/airflow/example_dags/example_dataset_alias.py
[2025-04-04T15:50:32.334+0000] {logging_mixin.py:190} INFO - [2025-04-04T15:50:32.333+0000] {dag.py:3239} INFO - Sync 4 DAGs
[2025-04-04T15:50:32.368+0000] {logging_mixin.py:190} INFO - [2025-04-04T15:50:32.368+0000] {dag.py:4180} INFO - Setting next_dagrun for dataset_alias_example_alias_consumer to None, run_after=None
[2025-04-04T15:50:32.372+0000] {logging_mixin.py:190} INFO - [2025-04-04T15:50:32.372+0000] {dag.py:4180} INFO - Setting next_dagrun for dataset_alias_example_alias_producer to None, run_after=None
[2025-04-04T15:50:32.374+0000] {logging_mixin.py:190} INFO - [2025-04-04T15:50:32.374+0000] {dag.py:4180} INFO - Setting next_dagrun for dataset_s3_bucket_consumer to None, run_after=None
[2025-04-04T15:50:32.376+0000] {logging_mixin.py:190} INFO - [2025-04-04T15:50:32.376+0000] {dag.py:4180} INFO - Setting next_dagrun for dataset_s3_bucket_producer to None, run_after=None
[2025-04-04T15:50:32.405+0000] {processor.py:208} INFO - Processing /home/airflow/.local/lib/python3.12/site-packages/airflow/example_dags/example_dataset_alias.py took 0.853 seconds
[2025-04-04T15:51:02.740+0000] {processor.py:186} INFO - Started process (PID=553) to work on /home/airflow/.local/lib/python3.12/site-packages/airflow/example_dags/example_dataset_alias.py
[2025-04-04T15:51:02.741+0000] {processor.py:914} INFO - Processing file /home/airflow/.local/lib/python3.12/site-packages/airflow/example_dags/example_dataset_alias.py for tasks to queue
[2025-04-04T15:51:02.744+0000] {logging_mixin.py:190} INFO - [2025-04-04T15:51:02.744+0000] {dagbag.py:588} INFO - Filling up the DagBag from /home/airflow/.local/lib/python3.12/site-packages/airflow/example_dags/example_dataset_alias.py
[2025-04-04T15:51:03.473+0000] {processor.py:925} INFO - DAG(s) 'dataset_s3_bucket_consumer', 'dataset_alias_example_alias_producer', 'dataset_alias_example_alias_consumer', 'dataset_s3_bucket_producer' retrieved from /home/airflow/.local/lib/python3.12/site-packages/airflow/example_dags/example_dataset_alias.py
[2025-04-04T15:51:03.507+0000] {logging_mixin.py:190} INFO - [2025-04-04T15:51:03.507+0000] {dag.py:3239} INFO - Sync 4 DAGs
[2025-04-04T15:51:03.546+0000] {logging_mixin.py:190} INFO - [2025-04-04T15:51:03.546+0000] {dag.py:4180} INFO - Setting next_dagrun for dataset_alias_example_alias_consumer to None, run_after=None
[2025-04-04T15:51:03.551+0000] {logging_mixin.py:190} INFO - [2025-04-04T15:51:03.551+0000] {dag.py:4180} INFO - Setting next_dagrun for dataset_alias_example_alias_producer to None, run_after=None
[2025-04-04T15:51:03.554+0000] {logging_mixin.py:190} INFO - [2025-04-04T15:51:03.553+0000] {dag.py:4180} INFO - Setting next_dagrun for dataset_s3_bucket_consumer to None, run_after=None
[2025-04-04T15:51:03.556+0000] {logging_mixin.py:190} INFO - [2025-04-04T15:51:03.555+0000] {dag.py:4180} INFO - Setting next_dagrun for dataset_s3_bucket_producer to None, run_after=None
[2025-04-04T15:51:03.588+0000] {processor.py:208} INFO - Processing /home/airflow/.local/lib/python3.12/site-packages/airflow/example_dags/example_dataset_alias.py took 0.858 seconds
[2025-04-04T15:51:34.014+0000] {processor.py:186} INFO - Started process (PID=617) to work on /home/airflow/.local/lib/python3.12/site-packages/airflow/example_dags/example_dataset_alias.py
[2025-04-04T15:51:34.016+0000] {processor.py:914} INFO - Processing file /home/airflow/.local/lib/python3.12/site-packages/airflow/example_dags/example_dataset_alias.py for tasks to queue
[2025-04-04T15:51:34.019+0000] {logging_mixin.py:190} INFO - [2025-04-04T15:51:34.019+0000] {dagbag.py:588} INFO - Filling up the DagBag from /home/airflow/.local/lib/python3.12/site-packages/airflow/example_dags/example_dataset_alias.py
[2025-04-04T15:51:34.822+0000] {processor.py:925} INFO - DAG(s) 'dataset_s3_bucket_producer', 'dataset_alias_example_alias_producer', 'dataset_s3_bucket_consumer', 'dataset_alias_example_alias_consumer' retrieved from /home/airflow/.local/lib/python3.12/site-packages/airflow/example_dags/example_dataset_alias.py
[2025-04-04T15:51:34.852+0000] {logging_mixin.py:190} INFO - [2025-04-04T15:51:34.851+0000] {dag.py:3239} INFO - Sync 4 DAGs
[2025-04-04T15:51:34.886+0000] {logging_mixin.py:190} INFO - [2025-04-04T15:51:34.886+0000] {dag.py:4180} INFO - Setting next_dagrun for dataset_alias_example_alias_consumer to None, run_after=None
[2025-04-04T15:51:34.890+0000] {logging_mixin.py:190} INFO - [2025-04-04T15:51:34.890+0000] {dag.py:4180} INFO - Setting next_dagrun for dataset_alias_example_alias_producer to None, run_after=None
[2025-04-04T15:51:34.893+0000] {logging_mixin.py:190} INFO - [2025-04-04T15:51:34.892+0000] {dag.py:4180} INFO - Setting next_dagrun for dataset_s3_bucket_consumer to None, run_after=None
[2025-04-04T15:51:34.895+0000] {logging_mixin.py:190} INFO - [2025-04-04T15:51:34.895+0000] {dag.py:4180} INFO - Setting next_dagrun for dataset_s3_bucket_producer to None, run_after=None
[2025-04-04T15:51:34.928+0000] {processor.py:208} INFO - Processing /home/airflow/.local/lib/python3.12/site-packages/airflow/example_dags/example_dataset_alias.py took 0.925 seconds
[2025-04-04T15:52:05.082+0000] {processor.py:186} INFO - Started process (PID=683) to work on /home/airflow/.local/lib/python3.12/site-packages/airflow/example_dags/example_dataset_alias.py
[2025-04-04T15:52:05.084+0000] {processor.py:914} INFO - Processing file /home/airflow/.local/lib/python3.12/site-packages/airflow/example_dags/example_dataset_alias.py for tasks to queue
[2025-04-04T15:52:05.089+0000] {logging_mixin.py:190} INFO - [2025-04-04T15:52:05.088+0000] {dagbag.py:588} INFO - Filling up the DagBag from /home/airflow/.local/lib/python3.12/site-packages/airflow/example_dags/example_dataset_alias.py
[2025-04-04T15:52:05.980+0000] {processor.py:925} INFO - DAG(s) 'dataset_alias_example_alias_consumer', 'dataset_s3_bucket_consumer', 'dataset_s3_bucket_producer', 'dataset_alias_example_alias_producer' retrieved from /home/airflow/.local/lib/python3.12/site-packages/airflow/example_dags/example_dataset_alias.py
[2025-04-04T15:52:06.024+0000] {logging_mixin.py:190} INFO - [2025-04-04T15:52:06.023+0000] {dag.py:3239} INFO - Sync 4 DAGs
[2025-04-04T15:52:06.073+0000] {logging_mixin.py:190} INFO - [2025-04-04T15:52:06.072+0000] {dag.py:4180} INFO - Setting next_dagrun for dataset_alias_example_alias_consumer to None, run_after=None
[2025-04-04T15:52:06.076+0000] {logging_mixin.py:190} INFO - [2025-04-04T15:52:06.076+0000] {dag.py:4180} INFO - Setting next_dagrun for dataset_alias_example_alias_producer to None, run_after=None
[2025-04-04T15:52:06.078+0000] {logging_mixin.py:190} INFO - [2025-04-04T15:52:06.078+0000] {dag.py:4180} INFO - Setting next_dagrun for dataset_s3_bucket_consumer to None, run_after=None
[2025-04-04T15:52:06.080+0000] {logging_mixin.py:190} INFO - [2025-04-04T15:52:06.080+0000] {dag.py:4180} INFO - Setting next_dagrun for dataset_s3_bucket_producer to None, run_after=None
[2025-04-04T15:52:06.112+0000] {processor.py:208} INFO - Processing /home/airflow/.local/lib/python3.12/site-packages/airflow/example_dags/example_dataset_alias.py took 1.038 seconds
[2025-04-04T15:52:36.358+0000] {processor.py:186} INFO - Started process (PID=747) to work on /home/airflow/.local/lib/python3.12/site-packages/airflow/example_dags/example_dataset_alias.py
[2025-04-04T15:52:36.359+0000] {processor.py:914} INFO - Processing file /home/airflow/.local/lib/python3.12/site-packages/airflow/example_dags/example_dataset_alias.py for tasks to queue
[2025-04-04T15:52:36.362+0000] {logging_mixin.py:190} INFO - [2025-04-04T15:52:36.362+0000] {dagbag.py:588} INFO - Filling up the DagBag from /home/airflow/.local/lib/python3.12/site-packages/airflow/example_dags/example_dataset_alias.py
[2025-04-04T15:52:37.310+0000] {processor.py:925} INFO - DAG(s) 'dataset_alias_example_alias_consumer', 'dataset_alias_example_alias_producer', 'dataset_s3_bucket_consumer', 'dataset_s3_bucket_producer' retrieved from /home/airflow/.local/lib/python3.12/site-packages/airflow/example_dags/example_dataset_alias.py
[2025-04-04T15:52:37.351+0000] {logging_mixin.py:190} INFO - [2025-04-04T15:52:37.350+0000] {dag.py:3239} INFO - Sync 4 DAGs
[2025-04-04T15:52:37.388+0000] {logging_mixin.py:190} INFO - [2025-04-04T15:52:37.388+0000] {dag.py:4180} INFO - Setting next_dagrun for dataset_alias_example_alias_consumer to None, run_after=None
[2025-04-04T15:52:37.394+0000] {logging_mixin.py:190} INFO - [2025-04-04T15:52:37.393+0000] {dag.py:4180} INFO - Setting next_dagrun for dataset_alias_example_alias_producer to None, run_after=None
[2025-04-04T15:52:37.397+0000] {logging_mixin.py:190} INFO - [2025-04-04T15:52:37.396+0000] {dag.py:4180} INFO - Setting next_dagrun for dataset_s3_bucket_consumer to None, run_after=None
[2025-04-04T15:52:37.400+0000] {logging_mixin.py:190} INFO - [2025-04-04T15:52:37.399+0000] {dag.py:4180} INFO - Setting next_dagrun for dataset_s3_bucket_producer to None, run_after=None
[2025-04-04T15:52:37.434+0000] {processor.py:208} INFO - Processing /home/airflow/.local/lib/python3.12/site-packages/airflow/example_dags/example_dataset_alias.py took 1.084 seconds
[2025-04-04T15:53:07.492+0000] {processor.py:186} INFO - Started process (PID=815) to work on /home/airflow/.local/lib/python3.12/site-packages/airflow/example_dags/example_dataset_alias.py
[2025-04-04T15:53:07.494+0000] {processor.py:914} INFO - Processing file /home/airflow/.local/lib/python3.12/site-packages/airflow/example_dags/example_dataset_alias.py for tasks to queue
[2025-04-04T15:53:07.498+0000] {logging_mixin.py:190} INFO - [2025-04-04T15:53:07.497+0000] {dagbag.py:588} INFO - Filling up the DagBag from /home/airflow/.local/lib/python3.12/site-packages/airflow/example_dags/example_dataset_alias.py
[2025-04-04T15:53:08.260+0000] {processor.py:925} INFO - DAG(s) 'dataset_s3_bucket_consumer', 'dataset_alias_example_alias_consumer', 'dataset_alias_example_alias_producer', 'dataset_s3_bucket_producer' retrieved from /home/airflow/.local/lib/python3.12/site-packages/airflow/example_dags/example_dataset_alias.py
[2025-04-04T15:53:08.295+0000] {logging_mixin.py:190} INFO - [2025-04-04T15:53:08.295+0000] {dag.py:3239} INFO - Sync 4 DAGs
[2025-04-04T15:53:08.330+0000] {logging_mixin.py:190} INFO - [2025-04-04T15:53:08.330+0000] {dag.py:4180} INFO - Setting next_dagrun for dataset_alias_example_alias_consumer to None, run_after=None
[2025-04-04T15:53:08.334+0000] {logging_mixin.py:190} INFO - [2025-04-04T15:53:08.333+0000] {dag.py:4180} INFO - Setting next_dagrun for dataset_alias_example_alias_producer to None, run_after=None
[2025-04-04T15:53:08.336+0000] {logging_mixin.py:190} INFO - [2025-04-04T15:53:08.336+0000] {dag.py:4180} INFO - Setting next_dagrun for dataset_s3_bucket_consumer to None, run_after=None
[2025-04-04T15:53:08.338+0000] {logging_mixin.py:190} INFO - [2025-04-04T15:53:08.337+0000] {dag.py:4180} INFO - Setting next_dagrun for dataset_s3_bucket_producer to None, run_after=None
[2025-04-04T15:53:08.364+0000] {processor.py:208} INFO - Processing /home/airflow/.local/lib/python3.12/site-packages/airflow/example_dags/example_dataset_alias.py took 0.880 seconds
[2025-04-04T15:53:38.637+0000] {processor.py:186} INFO - Started process (PID=879) to work on /home/airflow/.local/lib/python3.12/site-packages/airflow/example_dags/example_dataset_alias.py
[2025-04-04T15:53:38.638+0000] {processor.py:914} INFO - Processing file /home/airflow/.local/lib/python3.12/site-packages/airflow/example_dags/example_dataset_alias.py for tasks to queue
[2025-04-04T15:53:38.641+0000] {logging_mixin.py:190} INFO - [2025-04-04T15:53:38.641+0000] {dagbag.py:588} INFO - Filling up the DagBag from /home/airflow/.local/lib/python3.12/site-packages/airflow/example_dags/example_dataset_alias.py
[2025-04-04T15:53:39.359+0000] {processor.py:925} INFO - DAG(s) 'dataset_s3_bucket_consumer', 'dataset_s3_bucket_producer', 'dataset_alias_example_alias_producer', 'dataset_alias_example_alias_consumer' retrieved from /home/airflow/.local/lib/python3.12/site-packages/airflow/example_dags/example_dataset_alias.py
[2025-04-04T15:53:39.386+0000] {logging_mixin.py:190} INFO - [2025-04-04T15:53:39.386+0000] {dag.py:3239} INFO - Sync 4 DAGs
[2025-04-04T15:53:39.420+0000] {logging_mixin.py:190} INFO - [2025-04-04T15:53:39.419+0000] {dag.py:4180} INFO - Setting next_dagrun for dataset_alias_example_alias_consumer to None, run_after=None
[2025-04-04T15:53:39.425+0000] {logging_mixin.py:190} INFO - [2025-04-04T15:53:39.424+0000] {dag.py:4180} INFO - Setting next_dagrun for dataset_alias_example_alias_producer to None, run_after=None
[2025-04-04T15:53:39.427+0000] {logging_mixin.py:190} INFO - [2025-04-04T15:53:39.427+0000] {dag.py:4180} INFO - Setting next_dagrun for dataset_s3_bucket_consumer to None, run_after=None
[2025-04-04T15:53:39.430+0000] {logging_mixin.py:190} INFO - [2025-04-04T15:53:39.429+0000] {dag.py:4180} INFO - Setting next_dagrun for dataset_s3_bucket_producer to None, run_after=None
[2025-04-04T15:53:39.466+0000] {processor.py:208} INFO - Processing /home/airflow/.local/lib/python3.12/site-packages/airflow/example_dags/example_dataset_alias.py took 0.837 seconds
[2025-04-04T15:54:09.739+0000] {processor.py:186} INFO - Started process (PID=943) to work on /home/airflow/.local/lib/python3.12/site-packages/airflow/example_dags/example_dataset_alias.py
[2025-04-04T15:54:09.740+0000] {processor.py:914} INFO - Processing file /home/airflow/.local/lib/python3.12/site-packages/airflow/example_dags/example_dataset_alias.py for tasks to queue
[2025-04-04T15:54:09.745+0000] {logging_mixin.py:190} INFO - [2025-04-04T15:54:09.744+0000] {dagbag.py:588} INFO - Filling up the DagBag from /home/airflow/.local/lib/python3.12/site-packages/airflow/example_dags/example_dataset_alias.py
[2025-04-04T15:54:11.194+0000] {processor.py:925} INFO - DAG(s) 'dataset_s3_bucket_consumer', 'dataset_s3_bucket_producer', 'dataset_alias_example_alias_producer', 'dataset_alias_example_alias_consumer' retrieved from /home/airflow/.local/lib/python3.12/site-packages/airflow/example_dags/example_dataset_alias.py
[2025-04-04T15:54:11.238+0000] {logging_mixin.py:190} INFO - [2025-04-04T15:54:11.237+0000] {dag.py:3239} INFO - Sync 4 DAGs
[2025-04-04T15:54:11.294+0000] {logging_mixin.py:190} INFO - [2025-04-04T15:54:11.294+0000] {dag.py:4180} INFO - Setting next_dagrun for dataset_alias_example_alias_consumer to None, run_after=None
[2025-04-04T15:54:11.300+0000] {logging_mixin.py:190} INFO - [2025-04-04T15:54:11.299+0000] {dag.py:4180} INFO - Setting next_dagrun for dataset_alias_example_alias_producer to None, run_after=None
[2025-04-04T15:54:11.303+0000] {logging_mixin.py:190} INFO - [2025-04-04T15:54:11.302+0000] {dag.py:4180} INFO - Setting next_dagrun for dataset_s3_bucket_consumer to None, run_after=None
[2025-04-04T15:54:11.305+0000] {logging_mixin.py:190} INFO - [2025-04-04T15:54:11.305+0000] {dag.py:4180} INFO - Setting next_dagrun for dataset_s3_bucket_producer to None, run_after=None
[2025-04-04T15:54:11.348+0000] {processor.py:208} INFO - Processing /home/airflow/.local/lib/python3.12/site-packages/airflow/example_dags/example_dataset_alias.py took 1.620 seconds
[2025-04-04T15:54:41.726+0000] {processor.py:186} INFO - Started process (PID=1007) to work on /home/airflow/.local/lib/python3.12/site-packages/airflow/example_dags/example_dataset_alias.py
[2025-04-04T15:54:41.727+0000] {processor.py:914} INFO - Processing file /home/airflow/.local/lib/python3.12/site-packages/airflow/example_dags/example_dataset_alias.py for tasks to queue
[2025-04-04T15:54:41.730+0000] {logging_mixin.py:190} INFO - [2025-04-04T15:54:41.730+0000] {dagbag.py:588} INFO - Filling up the DagBag from /home/airflow/.local/lib/python3.12/site-packages/airflow/example_dags/example_dataset_alias.py
[2025-04-04T15:54:42.726+0000] {processor.py:925} INFO - DAG(s) 'dataset_alias_example_alias_producer', 'dataset_s3_bucket_producer', 'dataset_alias_example_alias_consumer', 'dataset_s3_bucket_consumer' retrieved from /home/airflow/.local/lib/python3.12/site-packages/airflow/example_dags/example_dataset_alias.py
[2025-04-04T15:54:42.763+0000] {logging_mixin.py:190} INFO - [2025-04-04T15:54:42.762+0000] {dag.py:3239} INFO - Sync 4 DAGs
[2025-04-04T15:54:42.799+0000] {logging_mixin.py:190} INFO - [2025-04-04T15:54:42.798+0000] {dag.py:4180} INFO - Setting next_dagrun for dataset_alias_example_alias_consumer to None, run_after=None
[2025-04-04T15:54:42.804+0000] {logging_mixin.py:190} INFO - [2025-04-04T15:54:42.804+0000] {dag.py:4180} INFO - Setting next_dagrun for dataset_alias_example_alias_producer to None, run_after=None
[2025-04-04T15:54:42.815+0000] {logging_mixin.py:190} INFO - [2025-04-04T15:54:42.814+0000] {dag.py:4180} INFO - Setting next_dagrun for dataset_s3_bucket_consumer to None, run_after=None
[2025-04-04T15:54:42.819+0000] {logging_mixin.py:190} INFO - [2025-04-04T15:54:42.818+0000] {dag.py:4180} INFO - Setting next_dagrun for dataset_s3_bucket_producer to None, run_after=None
[2025-04-04T15:54:42.869+0000] {processor.py:208} INFO - Processing /home/airflow/.local/lib/python3.12/site-packages/airflow/example_dags/example_dataset_alias.py took 1.151 seconds
[2025-04-04T15:55:13.091+0000] {processor.py:186} INFO - Started process (PID=1071) to work on /home/airflow/.local/lib/python3.12/site-packages/airflow/example_dags/example_dataset_alias.py
[2025-04-04T15:55:13.093+0000] {processor.py:914} INFO - Processing file /home/airflow/.local/lib/python3.12/site-packages/airflow/example_dags/example_dataset_alias.py for tasks to queue
[2025-04-04T15:55:13.099+0000] {logging_mixin.py:190} INFO - [2025-04-04T15:55:13.099+0000] {dagbag.py:588} INFO - Filling up the DagBag from /home/airflow/.local/lib/python3.12/site-packages/airflow/example_dags/example_dataset_alias.py
[2025-04-04T15:55:14.033+0000] {processor.py:925} INFO - DAG(s) 'dataset_s3_bucket_producer', 'dataset_s3_bucket_consumer', 'dataset_alias_example_alias_producer', 'dataset_alias_example_alias_consumer' retrieved from /home/airflow/.local/lib/python3.12/site-packages/airflow/example_dags/example_dataset_alias.py
[2025-04-04T15:55:14.060+0000] {logging_mixin.py:190} INFO - [2025-04-04T15:55:14.059+0000] {dag.py:3239} INFO - Sync 4 DAGs
[2025-04-04T15:55:14.091+0000] {logging_mixin.py:190} INFO - [2025-04-04T15:55:14.091+0000] {dag.py:4180} INFO - Setting next_dagrun for dataset_alias_example_alias_consumer to None, run_after=None
[2025-04-04T15:55:14.096+0000] {logging_mixin.py:190} INFO - [2025-04-04T15:55:14.095+0000] {dag.py:4180} INFO - Setting next_dagrun for dataset_alias_example_alias_producer to None, run_after=None
[2025-04-04T15:55:14.098+0000] {logging_mixin.py:190} INFO - [2025-04-04T15:55:14.098+0000] {dag.py:4180} INFO - Setting next_dagrun for dataset_s3_bucket_consumer to None, run_after=None
[2025-04-04T15:55:14.101+0000] {logging_mixin.py:190} INFO - [2025-04-04T15:55:14.100+0000] {dag.py:4180} INFO - Setting next_dagrun for dataset_s3_bucket_producer to None, run_after=None
[2025-04-04T15:55:14.130+0000] {processor.py:208} INFO - Processing /home/airflow/.local/lib/python3.12/site-packages/airflow/example_dags/example_dataset_alias.py took 1.046 seconds
[2025-04-04T15:55:45.072+0000] {processor.py:186} INFO - Started process (PID=1141) to work on /home/airflow/.local/lib/python3.12/site-packages/airflow/example_dags/example_dataset_alias.py
[2025-04-04T15:55:45.073+0000] {processor.py:914} INFO - Processing file /home/airflow/.local/lib/python3.12/site-packages/airflow/example_dags/example_dataset_alias.py for tasks to queue
[2025-04-04T15:55:45.076+0000] {logging_mixin.py:190} INFO - [2025-04-04T15:55:45.075+0000] {dagbag.py:588} INFO - Filling up the DagBag from /home/airflow/.local/lib/python3.12/site-packages/airflow/example_dags/example_dataset_alias.py
[2025-04-04T15:55:45.947+0000] {processor.py:925} INFO - DAG(s) 'dataset_alias_example_alias_producer', 'dataset_s3_bucket_consumer', 'dataset_s3_bucket_producer', 'dataset_alias_example_alias_consumer' retrieved from /home/airflow/.local/lib/python3.12/site-packages/airflow/example_dags/example_dataset_alias.py
[2025-04-04T15:55:45.976+0000] {logging_mixin.py:190} INFO - [2025-04-04T15:55:45.975+0000] {dag.py:3239} INFO - Sync 4 DAGs
[2025-04-04T15:55:46.014+0000] {logging_mixin.py:190} INFO - [2025-04-04T15:55:46.014+0000] {dag.py:4180} INFO - Setting next_dagrun for dataset_alias_example_alias_consumer to None, run_after=None
[2025-04-04T15:55:46.017+0000] {logging_mixin.py:190} INFO - [2025-04-04T15:55:46.017+0000] {dag.py:4180} INFO - Setting next_dagrun for dataset_alias_example_alias_producer to None, run_after=None
[2025-04-04T15:55:46.020+0000] {logging_mixin.py:190} INFO - [2025-04-04T15:55:46.019+0000] {dag.py:4180} INFO - Setting next_dagrun for dataset_s3_bucket_consumer to None, run_after=None
[2025-04-04T15:55:46.023+0000] {logging_mixin.py:190} INFO - [2025-04-04T15:55:46.022+0000] {dag.py:4180} INFO - Setting next_dagrun for dataset_s3_bucket_producer to None, run_after=None
[2025-04-04T15:55:46.053+0000] {processor.py:208} INFO - Processing /home/airflow/.local/lib/python3.12/site-packages/airflow/example_dags/example_dataset_alias.py took 0.992 seconds
[2025-04-04T15:56:16.691+0000] {processor.py:186} INFO - Started process (PID=1205) to work on /home/airflow/.local/lib/python3.12/site-packages/airflow/example_dags/example_dataset_alias.py
[2025-04-04T15:56:16.692+0000] {processor.py:914} INFO - Processing file /home/airflow/.local/lib/python3.12/site-packages/airflow/example_dags/example_dataset_alias.py for tasks to queue
[2025-04-04T15:56:16.695+0000] {logging_mixin.py:190} INFO - [2025-04-04T15:56:16.694+0000] {dagbag.py:588} INFO - Filling up the DagBag from /home/airflow/.local/lib/python3.12/site-packages/airflow/example_dags/example_dataset_alias.py
[2025-04-04T15:56:17.443+0000] {processor.py:925} INFO - DAG(s) 'dataset_s3_bucket_consumer', 'dataset_alias_example_alias_producer', 'dataset_s3_bucket_producer', 'dataset_alias_example_alias_consumer' retrieved from /home/airflow/.local/lib/python3.12/site-packages/airflow/example_dags/example_dataset_alias.py
[2025-04-04T15:56:17.474+0000] {logging_mixin.py:190} INFO - [2025-04-04T15:56:17.473+0000] {dag.py:3239} INFO - Sync 4 DAGs
[2025-04-04T15:56:17.534+0000] {logging_mixin.py:190} INFO - [2025-04-04T15:56:17.533+0000] {dag.py:4180} INFO - Setting next_dagrun for dataset_alias_example_alias_consumer to None, run_after=None
[2025-04-04T15:56:17.537+0000] {logging_mixin.py:190} INFO - [2025-04-04T15:56:17.537+0000] {dag.py:4180} INFO - Setting next_dagrun for dataset_alias_example_alias_producer to None, run_after=None
[2025-04-04T15:56:17.540+0000] {logging_mixin.py:190} INFO - [2025-04-04T15:56:17.539+0000] {dag.py:4180} INFO - Setting next_dagrun for dataset_s3_bucket_consumer to None, run_after=None
[2025-04-04T15:56:17.542+0000] {logging_mixin.py:190} INFO - [2025-04-04T15:56:17.541+0000] {dag.py:4180} INFO - Setting next_dagrun for dataset_s3_bucket_producer to None, run_after=None
[2025-04-04T15:56:17.569+0000] {processor.py:208} INFO - Processing /home/airflow/.local/lib/python3.12/site-packages/airflow/example_dags/example_dataset_alias.py took 0.887 seconds
[2025-04-04T15:56:47.778+0000] {processor.py:186} INFO - Started process (PID=1269) to work on /home/airflow/.local/lib/python3.12/site-packages/airflow/example_dags/example_dataset_alias.py
[2025-04-04T15:56:47.779+0000] {processor.py:914} INFO - Processing file /home/airflow/.local/lib/python3.12/site-packages/airflow/example_dags/example_dataset_alias.py for tasks to queue
[2025-04-04T15:56:47.782+0000] {logging_mixin.py:190} INFO - [2025-04-04T15:56:47.782+0000] {dagbag.py:588} INFO - Filling up the DagBag from /home/airflow/.local/lib/python3.12/site-packages/airflow/example_dags/example_dataset_alias.py
[2025-04-04T15:56:48.516+0000] {processor.py:925} INFO - DAG(s) 'dataset_s3_bucket_producer', 'dataset_alias_example_alias_consumer', 'dataset_s3_bucket_consumer', 'dataset_alias_example_alias_producer' retrieved from /home/airflow/.local/lib/python3.12/site-packages/airflow/example_dags/example_dataset_alias.py
[2025-04-04T15:56:48.545+0000] {logging_mixin.py:190} INFO - [2025-04-04T15:56:48.544+0000] {dag.py:3239} INFO - Sync 4 DAGs
[2025-04-04T15:56:48.584+0000] {logging_mixin.py:190} INFO - [2025-04-04T15:56:48.584+0000] {dag.py:4180} INFO - Setting next_dagrun for dataset_alias_example_alias_consumer to None, run_after=None
[2025-04-04T15:56:48.589+0000] {logging_mixin.py:190} INFO - [2025-04-04T15:56:48.589+0000] {dag.py:4180} INFO - Setting next_dagrun for dataset_alias_example_alias_producer to None, run_after=None
[2025-04-04T15:56:48.591+0000] {logging_mixin.py:190} INFO - [2025-04-04T15:56:48.591+0000] {dag.py:4180} INFO - Setting next_dagrun for dataset_s3_bucket_consumer to None, run_after=None
[2025-04-04T15:56:48.593+0000] {logging_mixin.py:190} INFO - [2025-04-04T15:56:48.593+0000] {dag.py:4180} INFO - Setting next_dagrun for dataset_s3_bucket_producer to None, run_after=None
[2025-04-04T15:56:48.624+0000] {processor.py:208} INFO - Processing /home/airflow/.local/lib/python3.12/site-packages/airflow/example_dags/example_dataset_alias.py took 0.854 seconds
[2025-04-04T15:57:19.557+0000] {processor.py:186} INFO - Started process (PID=1333) to work on /home/airflow/.local/lib/python3.12/site-packages/airflow/example_dags/example_dataset_alias.py
[2025-04-04T15:57:19.558+0000] {processor.py:914} INFO - Processing file /home/airflow/.local/lib/python3.12/site-packages/airflow/example_dags/example_dataset_alias.py for tasks to queue
[2025-04-04T15:57:19.562+0000] {logging_mixin.py:190} INFO - [2025-04-04T15:57:19.561+0000] {dagbag.py:588} INFO - Filling up the DagBag from /home/airflow/.local/lib/python3.12/site-packages/airflow/example_dags/example_dataset_alias.py
[2025-04-04T15:57:20.429+0000] {processor.py:925} INFO - DAG(s) 'dataset_alias_example_alias_consumer', 'dataset_s3_bucket_producer', 'dataset_s3_bucket_consumer', 'dataset_alias_example_alias_producer' retrieved from /home/airflow/.local/lib/python3.12/site-packages/airflow/example_dags/example_dataset_alias.py
[2025-04-04T15:57:20.464+0000] {logging_mixin.py:190} INFO - [2025-04-04T15:57:20.464+0000] {dag.py:3239} INFO - Sync 4 DAGs
[2025-04-04T15:57:20.502+0000] {logging_mixin.py:190} INFO - [2025-04-04T15:57:20.502+0000] {dag.py:4180} INFO - Setting next_dagrun for dataset_alias_example_alias_consumer to None, run_after=None
[2025-04-04T15:57:20.506+0000] {logging_mixin.py:190} INFO - [2025-04-04T15:57:20.506+0000] {dag.py:4180} INFO - Setting next_dagrun for dataset_alias_example_alias_producer to None, run_after=None
[2025-04-04T15:57:20.508+0000] {logging_mixin.py:190} INFO - [2025-04-04T15:57:20.508+0000] {dag.py:4180} INFO - Setting next_dagrun for dataset_s3_bucket_consumer to None, run_after=None
[2025-04-04T15:57:20.510+0000] {logging_mixin.py:190} INFO - [2025-04-04T15:57:20.510+0000] {dag.py:4180} INFO - Setting next_dagrun for dataset_s3_bucket_producer to None, run_after=None
[2025-04-04T15:57:20.545+0000] {processor.py:208} INFO - Processing /home/airflow/.local/lib/python3.12/site-packages/airflow/example_dags/example_dataset_alias.py took 0.998 seconds
[2025-04-04T15:57:51.574+0000] {processor.py:186} INFO - Started process (PID=1400) to work on /home/airflow/.local/lib/python3.12/site-packages/airflow/example_dags/example_dataset_alias.py
[2025-04-04T15:57:51.575+0000] {processor.py:914} INFO - Processing file /home/airflow/.local/lib/python3.12/site-packages/airflow/example_dags/example_dataset_alias.py for tasks to queue
[2025-04-04T15:57:51.578+0000] {logging_mixin.py:190} INFO - [2025-04-04T15:57:51.577+0000] {dagbag.py:588} INFO - Filling up the DagBag from /home/airflow/.local/lib/python3.12/site-packages/airflow/example_dags/example_dataset_alias.py
[2025-04-04T15:57:52.803+0000] {processor.py:925} INFO - DAG(s) 'dataset_alias_example_alias_consumer', 'dataset_s3_bucket_producer', 'dataset_s3_bucket_consumer', 'dataset_alias_example_alias_producer' retrieved from /home/airflow/.local/lib/python3.12/site-packages/airflow/example_dags/example_dataset_alias.py
[2025-04-04T15:57:52.831+0000] {logging_mixin.py:190} INFO - [2025-04-04T15:57:52.830+0000] {dag.py:3239} INFO - Sync 4 DAGs
[2025-04-04T15:57:52.862+0000] {logging_mixin.py:190} INFO - [2025-04-04T15:57:52.862+0000] {dag.py:4180} INFO - Setting next_dagrun for dataset_alias_example_alias_consumer to None, run_after=None
[2025-04-04T15:57:52.865+0000] {logging_mixin.py:190} INFO - [2025-04-04T15:57:52.865+0000] {dag.py:4180} INFO - Setting next_dagrun for dataset_alias_example_alias_producer to None, run_after=None
[2025-04-04T15:57:52.867+0000] {logging_mixin.py:190} INFO - [2025-04-04T15:57:52.867+0000] {dag.py:4180} INFO - Setting next_dagrun for dataset_s3_bucket_consumer to None, run_after=None
[2025-04-04T15:57:52.869+0000] {logging_mixin.py:190} INFO - [2025-04-04T15:57:52.869+0000] {dag.py:4180} INFO - Setting next_dagrun for dataset_s3_bucket_producer to None, run_after=None
[2025-04-04T15:57:52.896+0000] {processor.py:208} INFO - Processing /home/airflow/.local/lib/python3.12/site-packages/airflow/example_dags/example_dataset_alias.py took 1.334 seconds
[2025-04-04T15:58:22.950+0000] {processor.py:186} INFO - Started process (PID=1470) to work on /home/airflow/.local/lib/python3.12/site-packages/airflow/example_dags/example_dataset_alias.py
[2025-04-04T15:58:22.951+0000] {processor.py:914} INFO - Processing file /home/airflow/.local/lib/python3.12/site-packages/airflow/example_dags/example_dataset_alias.py for tasks to queue
[2025-04-04T15:58:22.953+0000] {logging_mixin.py:190} INFO - [2025-04-04T15:58:22.953+0000] {dagbag.py:588} INFO - Filling up the DagBag from /home/airflow/.local/lib/python3.12/site-packages/airflow/example_dags/example_dataset_alias.py
[2025-04-04T15:58:23.748+0000] {processor.py:925} INFO - DAG(s) 'dataset_alias_example_alias_producer', 'dataset_alias_example_alias_consumer', 'dataset_s3_bucket_consumer', 'dataset_s3_bucket_producer' retrieved from /home/airflow/.local/lib/python3.12/site-packages/airflow/example_dags/example_dataset_alias.py
[2025-04-04T15:58:23.785+0000] {logging_mixin.py:190} INFO - [2025-04-04T15:58:23.784+0000] {dag.py:3239} INFO - Sync 4 DAGs
[2025-04-04T15:58:23.830+0000] {logging_mixin.py:190} INFO - [2025-04-04T15:58:23.829+0000] {dag.py:4180} INFO - Setting next_dagrun for dataset_alias_example_alias_consumer to None, run_after=None
[2025-04-04T15:58:23.835+0000] {logging_mixin.py:190} INFO - [2025-04-04T15:58:23.835+0000] {dag.py:4180} INFO - Setting next_dagrun for dataset_alias_example_alias_producer to None, run_after=None
[2025-04-04T15:58:23.838+0000] {logging_mixin.py:190} INFO - [2025-04-04T15:58:23.837+0000] {dag.py:4180} INFO - Setting next_dagrun for dataset_s3_bucket_consumer to None, run_after=None
[2025-04-04T15:58:23.841+0000] {logging_mixin.py:190} INFO - [2025-04-04T15:58:23.840+0000] {dag.py:4180} INFO - Setting next_dagrun for dataset_s3_bucket_producer to None, run_after=None
[2025-04-04T15:58:23.880+0000] {processor.py:208} INFO - Processing /home/airflow/.local/lib/python3.12/site-packages/airflow/example_dags/example_dataset_alias.py took 0.937 seconds
[2025-04-04T16:00:53.703+0000] {processor.py:186} INFO - Started process (PID=97) to work on /home/airflow/.local/lib/python3.12/site-packages/airflow/example_dags/example_dataset_alias.py
[2025-04-04T16:00:53.705+0000] {processor.py:914} INFO - Processing file /home/airflow/.local/lib/python3.12/site-packages/airflow/example_dags/example_dataset_alias.py for tasks to queue
[2025-04-04T16:00:53.709+0000] {logging_mixin.py:190} INFO - [2025-04-04T16:00:53.708+0000] {dagbag.py:588} INFO - Filling up the DagBag from /home/airflow/.local/lib/python3.12/site-packages/airflow/example_dags/example_dataset_alias.py
[2025-04-04T16:00:55.109+0000] {processor.py:925} INFO - DAG(s) 'dataset_alias_example_alias_consumer', 'dataset_alias_example_alias_producer', 'dataset_s3_bucket_consumer', 'dataset_s3_bucket_producer' retrieved from /home/airflow/.local/lib/python3.12/site-packages/airflow/example_dags/example_dataset_alias.py
[2025-04-04T16:00:55.140+0000] {logging_mixin.py:190} INFO - [2025-04-04T16:00:55.139+0000] {dag.py:3239} INFO - Sync 4 DAGs
[2025-04-04T16:00:55.175+0000] {logging_mixin.py:190} INFO - [2025-04-04T16:00:55.175+0000] {dag.py:4180} INFO - Setting next_dagrun for dataset_alias_example_alias_consumer to None, run_after=None
[2025-04-04T16:00:55.181+0000] {logging_mixin.py:190} INFO - [2025-04-04T16:00:55.180+0000] {dag.py:4180} INFO - Setting next_dagrun for dataset_alias_example_alias_producer to None, run_after=None
[2025-04-04T16:00:55.184+0000] {logging_mixin.py:190} INFO - [2025-04-04T16:00:55.183+0000] {dag.py:4180} INFO - Setting next_dagrun for dataset_s3_bucket_consumer to None, run_after=None
[2025-04-04T16:00:55.186+0000] {logging_mixin.py:190} INFO - [2025-04-04T16:00:55.186+0000] {dag.py:4180} INFO - Setting next_dagrun for dataset_s3_bucket_producer to None, run_after=None
[2025-04-04T16:00:55.218+0000] {processor.py:208} INFO - Processing /home/airflow/.local/lib/python3.12/site-packages/airflow/example_dags/example_dataset_alias.py took 1.525 seconds
[2025-04-04T16:01:25.361+0000] {processor.py:186} INFO - Started process (PID=161) to work on /home/airflow/.local/lib/python3.12/site-packages/airflow/example_dags/example_dataset_alias.py
[2025-04-04T16:01:25.363+0000] {processor.py:914} INFO - Processing file /home/airflow/.local/lib/python3.12/site-packages/airflow/example_dags/example_dataset_alias.py for tasks to queue
[2025-04-04T16:01:25.366+0000] {logging_mixin.py:190} INFO - [2025-04-04T16:01:25.366+0000] {dagbag.py:588} INFO - Filling up the DagBag from /home/airflow/.local/lib/python3.12/site-packages/airflow/example_dags/example_dataset_alias.py
[2025-04-04T16:01:26.137+0000] {processor.py:925} INFO - DAG(s) 'dataset_alias_example_alias_consumer', 'dataset_s3_bucket_consumer', 'dataset_alias_example_alias_producer', 'dataset_s3_bucket_producer' retrieved from /home/airflow/.local/lib/python3.12/site-packages/airflow/example_dags/example_dataset_alias.py
[2025-04-04T16:01:26.166+0000] {logging_mixin.py:190} INFO - [2025-04-04T16:01:26.165+0000] {dag.py:3239} INFO - Sync 4 DAGs
[2025-04-04T16:01:26.199+0000] {logging_mixin.py:190} INFO - [2025-04-04T16:01:26.199+0000] {dag.py:4180} INFO - Setting next_dagrun for dataset_alias_example_alias_consumer to None, run_after=None
[2025-04-04T16:01:26.203+0000] {logging_mixin.py:190} INFO - [2025-04-04T16:01:26.202+0000] {dag.py:4180} INFO - Setting next_dagrun for dataset_alias_example_alias_producer to None, run_after=None
[2025-04-04T16:01:26.205+0000] {logging_mixin.py:190} INFO - [2025-04-04T16:01:26.204+0000] {dag.py:4180} INFO - Setting next_dagrun for dataset_s3_bucket_consumer to None, run_after=None
[2025-04-04T16:01:26.206+0000] {logging_mixin.py:190} INFO - [2025-04-04T16:01:26.206+0000] {dag.py:4180} INFO - Setting next_dagrun for dataset_s3_bucket_producer to None, run_after=None
[2025-04-04T16:01:26.238+0000] {processor.py:208} INFO - Processing /home/airflow/.local/lib/python3.12/site-packages/airflow/example_dags/example_dataset_alias.py took 0.885 seconds
[2025-04-04T16:01:56.740+0000] {processor.py:186} INFO - Started process (PID=229) to work on /home/airflow/.local/lib/python3.12/site-packages/airflow/example_dags/example_dataset_alias.py
[2025-04-04T16:01:56.741+0000] {processor.py:914} INFO - Processing file /home/airflow/.local/lib/python3.12/site-packages/airflow/example_dags/example_dataset_alias.py for tasks to queue
[2025-04-04T16:01:56.743+0000] {logging_mixin.py:190} INFO - [2025-04-04T16:01:56.743+0000] {dagbag.py:588} INFO - Filling up the DagBag from /home/airflow/.local/lib/python3.12/site-packages/airflow/example_dags/example_dataset_alias.py
[2025-04-04T16:01:57.504+0000] {processor.py:925} INFO - DAG(s) 'dataset_alias_example_alias_consumer', 'dataset_alias_example_alias_producer', 'dataset_s3_bucket_producer', 'dataset_s3_bucket_consumer' retrieved from /home/airflow/.local/lib/python3.12/site-packages/airflow/example_dags/example_dataset_alias.py
[2025-04-04T16:01:57.534+0000] {logging_mixin.py:190} INFO - [2025-04-04T16:01:57.534+0000] {dag.py:3239} INFO - Sync 4 DAGs
[2025-04-04T16:01:57.570+0000] {logging_mixin.py:190} INFO - [2025-04-04T16:01:57.570+0000] {dag.py:4180} INFO - Setting next_dagrun for dataset_alias_example_alias_consumer to None, run_after=None
[2025-04-04T16:01:57.575+0000] {logging_mixin.py:190} INFO - [2025-04-04T16:01:57.575+0000] {dag.py:4180} INFO - Setting next_dagrun for dataset_alias_example_alias_producer to None, run_after=None
[2025-04-04T16:01:57.578+0000] {logging_mixin.py:190} INFO - [2025-04-04T16:01:57.578+0000] {dag.py:4180} INFO - Setting next_dagrun for dataset_s3_bucket_consumer to None, run_after=None
[2025-04-04T16:01:57.580+0000] {logging_mixin.py:190} INFO - [2025-04-04T16:01:57.580+0000] {dag.py:4180} INFO - Setting next_dagrun for dataset_s3_bucket_producer to None, run_after=None
[2025-04-04T16:01:57.613+0000] {processor.py:208} INFO - Processing /home/airflow/.local/lib/python3.12/site-packages/airflow/example_dags/example_dataset_alias.py took 0.883 seconds
[2025-04-04T16:02:28.703+0000] {processor.py:186} INFO - Started process (PID=297) to work on /home/airflow/.local/lib/python3.12/site-packages/airflow/example_dags/example_dataset_alias.py
[2025-04-04T16:02:28.705+0000] {processor.py:914} INFO - Processing file /home/airflow/.local/lib/python3.12/site-packages/airflow/example_dags/example_dataset_alias.py for tasks to queue
[2025-04-04T16:02:28.708+0000] {logging_mixin.py:190} INFO - [2025-04-04T16:02:28.707+0000] {dagbag.py:588} INFO - Filling up the DagBag from /home/airflow/.local/lib/python3.12/site-packages/airflow/example_dags/example_dataset_alias.py
[2025-04-04T16:02:29.631+0000] {processor.py:925} INFO - DAG(s) 'dataset_alias_example_alias_consumer', 'dataset_s3_bucket_producer', 'dataset_alias_example_alias_producer', 'dataset_s3_bucket_consumer' retrieved from /home/airflow/.local/lib/python3.12/site-packages/airflow/example_dags/example_dataset_alias.py
[2025-04-04T16:02:29.674+0000] {logging_mixin.py:190} INFO - [2025-04-04T16:02:29.673+0000] {dag.py:3239} INFO - Sync 4 DAGs
[2025-04-04T16:02:29.720+0000] {logging_mixin.py:190} INFO - [2025-04-04T16:02:29.719+0000] {dag.py:4180} INFO - Setting next_dagrun for dataset_alias_example_alias_consumer to None, run_after=None
[2025-04-04T16:02:29.723+0000] {logging_mixin.py:190} INFO - [2025-04-04T16:02:29.723+0000] {dag.py:4180} INFO - Setting next_dagrun for dataset_alias_example_alias_producer to None, run_after=None
[2025-04-04T16:02:29.726+0000] {logging_mixin.py:190} INFO - [2025-04-04T16:02:29.726+0000] {dag.py:4180} INFO - Setting next_dagrun for dataset_s3_bucket_consumer to None, run_after=None
[2025-04-04T16:02:29.729+0000] {logging_mixin.py:190} INFO - [2025-04-04T16:02:29.728+0000] {dag.py:4180} INFO - Setting next_dagrun for dataset_s3_bucket_producer to None, run_after=None
[2025-04-04T16:02:29.762+0000] {processor.py:208} INFO - Processing /home/airflow/.local/lib/python3.12/site-packages/airflow/example_dags/example_dataset_alias.py took 1.068 seconds
