[2025-04-04T15:44:03.434+0000] {processor.py:186} INFO - Started process (PID=79) to work on /home/airflow/.local/lib/python3.12/site-packages/airflow/example_dags/example_python_operator.py
[2025-04-04T15:44:03.435+0000] {processor.py:914} INFO - Processing file /home/airflow/.local/lib/python3.12/site-packages/airflow/example_dags/example_python_operator.py for tasks to queue
[2025-04-04T15:44:03.439+0000] {logging_mixin.py:190} INFO - [2025-04-04T15:44:03.438+0000] {dagbag.py:588} INFO - Filling up the DagBag from /home/airflow/.local/lib/python3.12/site-packages/airflow/example_dags/example_python_operator.py
[2025-04-04T15:44:03.480+0000] {processor.py:925} INFO - DAG(s) 'example_python_operator' retrieved from /home/airflow/.local/lib/python3.12/site-packages/airflow/example_dags/example_python_operator.py
[2025-04-04T15:44:03.775+0000] {logging_mixin.py:190} INFO - [2025-04-04T15:44:03.773+0000] {override.py:1912} INFO - Created Permission View: can edit on DAG:example_python_operator
[2025-04-04T15:44:03.814+0000] {logging_mixin.py:190} INFO - [2025-04-04T15:44:03.814+0000] {override.py:1912} INFO - Created Permission View: can read on DAG:example_python_operator
[2025-04-04T15:44:03.845+0000] {logging_mixin.py:190} INFO - [2025-04-04T15:44:03.845+0000] {override.py:1912} INFO - Created Permission View: can delete on DAG:example_python_operator
[2025-04-04T15:44:03.877+0000] {logging_mixin.py:190} INFO - [2025-04-04T15:44:03.877+0000] {override.py:1912} INFO - Created Permission View: menu access on DAG Run:example_python_operator
[2025-04-04T15:44:03.911+0000] {logging_mixin.py:190} INFO - [2025-04-04T15:44:03.910+0000] {override.py:1912} INFO - Created Permission View: can read on DAG Run:example_python_operator
[2025-04-04T15:44:03.937+0000] {logging_mixin.py:190} INFO - [2025-04-04T15:44:03.937+0000] {override.py:1912} INFO - Created Permission View: can create on DAG Run:example_python_operator
[2025-04-04T15:44:03.977+0000] {logging_mixin.py:190} INFO - [2025-04-04T15:44:03.976+0000] {override.py:1912} INFO - Created Permission View: can delete on DAG Run:example_python_operator
[2025-04-04T15:44:03.979+0000] {logging_mixin.py:190} INFO - [2025-04-04T15:44:03.979+0000] {dag.py:3239} INFO - Sync 1 DAGs
[2025-04-04T15:44:04.064+0000] {logging_mixin.py:190} INFO - [2025-04-04T15:44:04.059+0000] {dag.py:3262} INFO - Creating ORM DAG for example_python_operator
[2025-04-04T15:44:04.068+0000] {logging_mixin.py:190} INFO - [2025-04-04T15:44:04.067+0000] {dag.py:4180} INFO - Setting next_dagrun for example_python_operator to None, run_after=None
[2025-04-04T15:44:04.217+0000] {processor.py:208} INFO - Processing /home/airflow/.local/lib/python3.12/site-packages/airflow/example_dags/example_python_operator.py took 0.795 seconds
[2025-04-04T15:44:34.610+0000] {processor.py:186} INFO - Started process (PID=142) to work on /home/airflow/.local/lib/python3.12/site-packages/airflow/example_dags/example_python_operator.py
[2025-04-04T15:44:34.612+0000] {processor.py:914} INFO - Processing file /home/airflow/.local/lib/python3.12/site-packages/airflow/example_dags/example_python_operator.py for tasks to queue
[2025-04-04T15:44:34.616+0000] {logging_mixin.py:190} INFO - [2025-04-04T15:44:34.616+0000] {dagbag.py:588} INFO - Filling up the DagBag from /home/airflow/.local/lib/python3.12/site-packages/airflow/example_dags/example_python_operator.py
[2025-04-04T15:44:34.642+0000] {processor.py:925} INFO - DAG(s) 'example_python_operator' retrieved from /home/airflow/.local/lib/python3.12/site-packages/airflow/example_dags/example_python_operator.py
[2025-04-04T15:44:34.681+0000] {logging_mixin.py:190} INFO - [2025-04-04T15:44:34.680+0000] {dag.py:3239} INFO - Sync 1 DAGs
[2025-04-04T15:44:34.741+0000] {logging_mixin.py:190} INFO - [2025-04-04T15:44:34.740+0000] {dag.py:4180} INFO - Setting next_dagrun for example_python_operator to None, run_after=None
[2025-04-04T15:44:34.813+0000] {processor.py:208} INFO - Processing /home/airflow/.local/lib/python3.12/site-packages/airflow/example_dags/example_python_operator.py took 0.212 seconds
[2025-04-04T15:45:05.235+0000] {processor.py:186} INFO - Started process (PID=205) to work on /home/airflow/.local/lib/python3.12/site-packages/airflow/example_dags/example_python_operator.py
[2025-04-04T15:45:05.236+0000] {processor.py:914} INFO - Processing file /home/airflow/.local/lib/python3.12/site-packages/airflow/example_dags/example_python_operator.py for tasks to queue
[2025-04-04T15:45:05.241+0000] {logging_mixin.py:190} INFO - [2025-04-04T15:45:05.240+0000] {dagbag.py:588} INFO - Filling up the DagBag from /home/airflow/.local/lib/python3.12/site-packages/airflow/example_dags/example_python_operator.py
[2025-04-04T15:45:05.273+0000] {processor.py:925} INFO - DAG(s) 'example_python_operator' retrieved from /home/airflow/.local/lib/python3.12/site-packages/airflow/example_dags/example_python_operator.py
[2025-04-04T15:45:05.327+0000] {logging_mixin.py:190} INFO - [2025-04-04T15:45:05.327+0000] {dag.py:3239} INFO - Sync 1 DAGs
[2025-04-04T15:45:05.363+0000] {logging_mixin.py:190} INFO - [2025-04-04T15:45:05.362+0000] {dag.py:4180} INFO - Setting next_dagrun for example_python_operator to None, run_after=None
[2025-04-04T15:45:05.405+0000] {processor.py:208} INFO - Processing /home/airflow/.local/lib/python3.12/site-packages/airflow/example_dags/example_python_operator.py took 0.188 seconds
[2025-04-04T15:45:36.028+0000] {processor.py:186} INFO - Started process (PID=268) to work on /home/airflow/.local/lib/python3.12/site-packages/airflow/example_dags/example_python_operator.py
[2025-04-04T15:45:36.029+0000] {processor.py:914} INFO - Processing file /home/airflow/.local/lib/python3.12/site-packages/airflow/example_dags/example_python_operator.py for tasks to queue
[2025-04-04T15:45:36.032+0000] {logging_mixin.py:190} INFO - [2025-04-04T15:45:36.032+0000] {dagbag.py:588} INFO - Filling up the DagBag from /home/airflow/.local/lib/python3.12/site-packages/airflow/example_dags/example_python_operator.py
[2025-04-04T15:45:36.050+0000] {processor.py:925} INFO - DAG(s) 'example_python_operator' retrieved from /home/airflow/.local/lib/python3.12/site-packages/airflow/example_dags/example_python_operator.py
[2025-04-04T15:45:36.083+0000] {logging_mixin.py:190} INFO - [2025-04-04T15:45:36.083+0000] {dag.py:3239} INFO - Sync 1 DAGs
[2025-04-04T15:45:36.103+0000] {logging_mixin.py:190} INFO - [2025-04-04T15:45:36.103+0000] {dag.py:4180} INFO - Setting next_dagrun for example_python_operator to None, run_after=None
[2025-04-04T15:45:36.131+0000] {processor.py:208} INFO - Processing /home/airflow/.local/lib/python3.12/site-packages/airflow/example_dags/example_python_operator.py took 0.114 seconds
[2025-04-04T15:46:06.546+0000] {processor.py:186} INFO - Started process (PID=331) to work on /home/airflow/.local/lib/python3.12/site-packages/airflow/example_dags/example_python_operator.py
[2025-04-04T15:46:06.555+0000] {processor.py:914} INFO - Processing file /home/airflow/.local/lib/python3.12/site-packages/airflow/example_dags/example_python_operator.py for tasks to queue
[2025-04-04T15:46:06.562+0000] {logging_mixin.py:190} INFO - [2025-04-04T15:46:06.561+0000] {dagbag.py:588} INFO - Filling up the DagBag from /home/airflow/.local/lib/python3.12/site-packages/airflow/example_dags/example_python_operator.py
[2025-04-04T15:46:06.625+0000] {processor.py:925} INFO - DAG(s) 'example_python_operator' retrieved from /home/airflow/.local/lib/python3.12/site-packages/airflow/example_dags/example_python_operator.py
[2025-04-04T15:46:09.510+0000] {logging_mixin.py:190} INFO - [2025-04-04T15:46:09.510+0000] {process_utils.py:266} INFO - Waiting up to 5 seconds for processes to exit...
[2025-04-04T15:47:17.468+0000] {processor.py:186} INFO - Started process (PID=73) to work on /home/airflow/.local/lib/python3.12/site-packages/airflow/example_dags/example_python_operator.py
[2025-04-04T15:47:17.472+0000] {processor.py:914} INFO - Processing file /home/airflow/.local/lib/python3.12/site-packages/airflow/example_dags/example_python_operator.py for tasks to queue
[2025-04-04T15:47:17.481+0000] {logging_mixin.py:190} INFO - [2025-04-04T15:47:17.480+0000] {dagbag.py:588} INFO - Filling up the DagBag from /home/airflow/.local/lib/python3.12/site-packages/airflow/example_dags/example_python_operator.py
[2025-04-04T15:47:17.533+0000] {processor.py:925} INFO - DAG(s) 'example_python_operator' retrieved from /home/airflow/.local/lib/python3.12/site-packages/airflow/example_dags/example_python_operator.py
[2025-04-04T15:47:17.855+0000] {logging_mixin.py:190} INFO - [2025-04-04T15:47:17.855+0000] {dag.py:3239} INFO - Sync 1 DAGs
[2025-04-04T15:47:17.884+0000] {logging_mixin.py:190} INFO - [2025-04-04T15:47:17.884+0000] {dag.py:4180} INFO - Setting next_dagrun for example_python_operator to None, run_after=None
[2025-04-04T15:47:17.917+0000] {processor.py:208} INFO - Processing /home/airflow/.local/lib/python3.12/site-packages/airflow/example_dags/example_python_operator.py took 0.460 seconds
[2025-04-04T15:47:48.672+0000] {processor.py:186} INFO - Started process (PID=137) to work on /home/airflow/.local/lib/python3.12/site-packages/airflow/example_dags/example_python_operator.py
[2025-04-04T15:47:48.674+0000] {processor.py:914} INFO - Processing file /home/airflow/.local/lib/python3.12/site-packages/airflow/example_dags/example_python_operator.py for tasks to queue
[2025-04-04T15:47:48.677+0000] {logging_mixin.py:190} INFO - [2025-04-04T15:47:48.677+0000] {dagbag.py:588} INFO - Filling up the DagBag from /home/airflow/.local/lib/python3.12/site-packages/airflow/example_dags/example_python_operator.py
[2025-04-04T15:47:48.701+0000] {processor.py:925} INFO - DAG(s) 'example_python_operator' retrieved from /home/airflow/.local/lib/python3.12/site-packages/airflow/example_dags/example_python_operator.py
[2025-04-04T15:47:48.739+0000] {logging_mixin.py:190} INFO - [2025-04-04T15:47:48.739+0000] {dag.py:3239} INFO - Sync 1 DAGs
[2025-04-04T15:47:48.768+0000] {logging_mixin.py:190} INFO - [2025-04-04T15:47:48.768+0000] {dag.py:4180} INFO - Setting next_dagrun for example_python_operator to None, run_after=None
[2025-04-04T15:47:48.793+0000] {processor.py:208} INFO - Processing /home/airflow/.local/lib/python3.12/site-packages/airflow/example_dags/example_python_operator.py took 0.133 seconds
[2025-04-04T15:48:19.272+0000] {processor.py:186} INFO - Started process (PID=201) to work on /home/airflow/.local/lib/python3.12/site-packages/airflow/example_dags/example_python_operator.py
[2025-04-04T15:48:19.273+0000] {processor.py:914} INFO - Processing file /home/airflow/.local/lib/python3.12/site-packages/airflow/example_dags/example_python_operator.py for tasks to queue
[2025-04-04T15:48:19.281+0000] {logging_mixin.py:190} INFO - [2025-04-04T15:48:19.281+0000] {dagbag.py:588} INFO - Filling up the DagBag from /home/airflow/.local/lib/python3.12/site-packages/airflow/example_dags/example_python_operator.py
[2025-04-04T15:48:19.304+0000] {processor.py:925} INFO - DAG(s) 'example_python_operator' retrieved from /home/airflow/.local/lib/python3.12/site-packages/airflow/example_dags/example_python_operator.py
[2025-04-04T15:48:19.351+0000] {logging_mixin.py:190} INFO - [2025-04-04T15:48:19.351+0000] {dag.py:3239} INFO - Sync 1 DAGs
[2025-04-04T15:48:19.384+0000] {logging_mixin.py:190} INFO - [2025-04-04T15:48:19.384+0000] {dag.py:4180} INFO - Setting next_dagrun for example_python_operator to None, run_after=None
[2025-04-04T15:48:19.426+0000] {processor.py:208} INFO - Processing /home/airflow/.local/lib/python3.12/site-packages/airflow/example_dags/example_python_operator.py took 0.170 seconds
[2025-04-04T15:48:50.188+0000] {processor.py:186} INFO - Started process (PID=265) to work on /home/airflow/.local/lib/python3.12/site-packages/airflow/example_dags/example_python_operator.py
[2025-04-04T15:48:50.189+0000] {processor.py:914} INFO - Processing file /home/airflow/.local/lib/python3.12/site-packages/airflow/example_dags/example_python_operator.py for tasks to queue
[2025-04-04T15:48:50.192+0000] {logging_mixin.py:190} INFO - [2025-04-04T15:48:50.192+0000] {dagbag.py:588} INFO - Filling up the DagBag from /home/airflow/.local/lib/python3.12/site-packages/airflow/example_dags/example_python_operator.py
[2025-04-04T15:48:50.209+0000] {processor.py:925} INFO - DAG(s) 'example_python_operator' retrieved from /home/airflow/.local/lib/python3.12/site-packages/airflow/example_dags/example_python_operator.py
[2025-04-04T15:48:50.242+0000] {logging_mixin.py:190} INFO - [2025-04-04T15:48:50.242+0000] {dag.py:3239} INFO - Sync 1 DAGs
[2025-04-04T15:48:50.263+0000] {logging_mixin.py:190} INFO - [2025-04-04T15:48:50.262+0000] {dag.py:4180} INFO - Setting next_dagrun for example_python_operator to None, run_after=None
[2025-04-04T15:48:50.289+0000] {processor.py:208} INFO - Processing /home/airflow/.local/lib/python3.12/site-packages/airflow/example_dags/example_python_operator.py took 0.109 seconds
[2025-04-04T15:49:21.087+0000] {processor.py:186} INFO - Started process (PID=329) to work on /home/airflow/.local/lib/python3.12/site-packages/airflow/example_dags/example_python_operator.py
[2025-04-04T15:49:21.089+0000] {processor.py:914} INFO - Processing file /home/airflow/.local/lib/python3.12/site-packages/airflow/example_dags/example_python_operator.py for tasks to queue
[2025-04-04T15:49:21.092+0000] {logging_mixin.py:190} INFO - [2025-04-04T15:49:21.092+0000] {dagbag.py:588} INFO - Filling up the DagBag from /home/airflow/.local/lib/python3.12/site-packages/airflow/example_dags/example_python_operator.py
[2025-04-04T15:49:21.110+0000] {processor.py:925} INFO - DAG(s) 'example_python_operator' retrieved from /home/airflow/.local/lib/python3.12/site-packages/airflow/example_dags/example_python_operator.py
[2025-04-04T15:49:21.142+0000] {logging_mixin.py:190} INFO - [2025-04-04T15:49:21.142+0000] {dag.py:3239} INFO - Sync 1 DAGs
[2025-04-04T15:49:21.163+0000] {logging_mixin.py:190} INFO - [2025-04-04T15:49:21.163+0000] {dag.py:4180} INFO - Setting next_dagrun for example_python_operator to None, run_after=None
[2025-04-04T15:49:21.193+0000] {processor.py:208} INFO - Processing /home/airflow/.local/lib/python3.12/site-packages/airflow/example_dags/example_python_operator.py took 0.114 seconds
[2025-04-04T15:49:51.381+0000] {processor.py:186} INFO - Started process (PID=393) to work on /home/airflow/.local/lib/python3.12/site-packages/airflow/example_dags/example_python_operator.py
[2025-04-04T15:49:51.383+0000] {processor.py:914} INFO - Processing file /home/airflow/.local/lib/python3.12/site-packages/airflow/example_dags/example_python_operator.py for tasks to queue
[2025-04-04T15:49:51.386+0000] {logging_mixin.py:190} INFO - [2025-04-04T15:49:51.386+0000] {dagbag.py:588} INFO - Filling up the DagBag from /home/airflow/.local/lib/python3.12/site-packages/airflow/example_dags/example_python_operator.py
[2025-04-04T15:49:51.402+0000] {processor.py:925} INFO - DAG(s) 'example_python_operator' retrieved from /home/airflow/.local/lib/python3.12/site-packages/airflow/example_dags/example_python_operator.py
[2025-04-04T15:49:51.432+0000] {logging_mixin.py:190} INFO - [2025-04-04T15:49:51.432+0000] {dag.py:3239} INFO - Sync 1 DAGs
[2025-04-04T15:49:51.450+0000] {logging_mixin.py:190} INFO - [2025-04-04T15:49:51.450+0000] {dag.py:4180} INFO - Setting next_dagrun for example_python_operator to None, run_after=None
[2025-04-04T15:49:51.478+0000] {processor.py:208} INFO - Processing /home/airflow/.local/lib/python3.12/site-packages/airflow/example_dags/example_python_operator.py took 0.105 seconds
[2025-04-04T15:50:22.098+0000] {processor.py:186} INFO - Started process (PID=457) to work on /home/airflow/.local/lib/python3.12/site-packages/airflow/example_dags/example_python_operator.py
[2025-04-04T15:50:22.100+0000] {processor.py:914} INFO - Processing file /home/airflow/.local/lib/python3.12/site-packages/airflow/example_dags/example_python_operator.py for tasks to queue
[2025-04-04T15:50:22.103+0000] {logging_mixin.py:190} INFO - [2025-04-04T15:50:22.103+0000] {dagbag.py:588} INFO - Filling up the DagBag from /home/airflow/.local/lib/python3.12/site-packages/airflow/example_dags/example_python_operator.py
[2025-04-04T15:50:22.119+0000] {processor.py:925} INFO - DAG(s) 'example_python_operator' retrieved from /home/airflow/.local/lib/python3.12/site-packages/airflow/example_dags/example_python_operator.py
[2025-04-04T15:50:22.152+0000] {logging_mixin.py:190} INFO - [2025-04-04T15:50:22.152+0000] {dag.py:3239} INFO - Sync 1 DAGs
[2025-04-04T15:50:22.172+0000] {logging_mixin.py:190} INFO - [2025-04-04T15:50:22.172+0000] {dag.py:4180} INFO - Setting next_dagrun for example_python_operator to None, run_after=None
[2025-04-04T15:50:22.198+0000] {processor.py:208} INFO - Processing /home/airflow/.local/lib/python3.12/site-packages/airflow/example_dags/example_python_operator.py took 0.108 seconds
[2025-04-04T15:50:52.384+0000] {processor.py:186} INFO - Started process (PID=521) to work on /home/airflow/.local/lib/python3.12/site-packages/airflow/example_dags/example_python_operator.py
[2025-04-04T15:50:52.386+0000] {processor.py:914} INFO - Processing file /home/airflow/.local/lib/python3.12/site-packages/airflow/example_dags/example_python_operator.py for tasks to queue
[2025-04-04T15:50:52.389+0000] {logging_mixin.py:190} INFO - [2025-04-04T15:50:52.388+0000] {dagbag.py:588} INFO - Filling up the DagBag from /home/airflow/.local/lib/python3.12/site-packages/airflow/example_dags/example_python_operator.py
[2025-04-04T15:50:52.405+0000] {processor.py:925} INFO - DAG(s) 'example_python_operator' retrieved from /home/airflow/.local/lib/python3.12/site-packages/airflow/example_dags/example_python_operator.py
[2025-04-04T15:50:52.434+0000] {logging_mixin.py:190} INFO - [2025-04-04T15:50:52.433+0000] {dag.py:3239} INFO - Sync 1 DAGs
[2025-04-04T15:50:52.452+0000] {logging_mixin.py:190} INFO - [2025-04-04T15:50:52.451+0000] {dag.py:4180} INFO - Setting next_dagrun for example_python_operator to None, run_after=None
[2025-04-04T15:50:52.478+0000] {processor.py:208} INFO - Processing /home/airflow/.local/lib/python3.12/site-packages/airflow/example_dags/example_python_operator.py took 0.103 seconds
[2025-04-04T15:51:23.333+0000] {processor.py:186} INFO - Started process (PID=585) to work on /home/airflow/.local/lib/python3.12/site-packages/airflow/example_dags/example_python_operator.py
[2025-04-04T15:51:23.336+0000] {processor.py:914} INFO - Processing file /home/airflow/.local/lib/python3.12/site-packages/airflow/example_dags/example_python_operator.py for tasks to queue
[2025-04-04T15:51:23.339+0000] {logging_mixin.py:190} INFO - [2025-04-04T15:51:23.338+0000] {dagbag.py:588} INFO - Filling up the DagBag from /home/airflow/.local/lib/python3.12/site-packages/airflow/example_dags/example_python_operator.py
[2025-04-04T15:51:23.355+0000] {processor.py:925} INFO - DAG(s) 'example_python_operator' retrieved from /home/airflow/.local/lib/python3.12/site-packages/airflow/example_dags/example_python_operator.py
[2025-04-04T15:51:23.384+0000] {logging_mixin.py:190} INFO - [2025-04-04T15:51:23.383+0000] {dag.py:3239} INFO - Sync 1 DAGs
[2025-04-04T15:51:23.402+0000] {logging_mixin.py:190} INFO - [2025-04-04T15:51:23.401+0000] {dag.py:4180} INFO - Setting next_dagrun for example_python_operator to None, run_after=None
[2025-04-04T15:51:23.427+0000] {processor.py:208} INFO - Processing /home/airflow/.local/lib/python3.12/site-packages/airflow/example_dags/example_python_operator.py took 0.102 seconds
[2025-04-04T15:51:53.668+0000] {processor.py:186} INFO - Started process (PID=649) to work on /home/airflow/.local/lib/python3.12/site-packages/airflow/example_dags/example_python_operator.py
[2025-04-04T15:51:53.670+0000] {processor.py:914} INFO - Processing file /home/airflow/.local/lib/python3.12/site-packages/airflow/example_dags/example_python_operator.py for tasks to queue
[2025-04-04T15:51:53.673+0000] {logging_mixin.py:190} INFO - [2025-04-04T15:51:53.672+0000] {dagbag.py:588} INFO - Filling up the DagBag from /home/airflow/.local/lib/python3.12/site-packages/airflow/example_dags/example_python_operator.py
[2025-04-04T15:51:53.690+0000] {processor.py:925} INFO - DAG(s) 'example_python_operator' retrieved from /home/airflow/.local/lib/python3.12/site-packages/airflow/example_dags/example_python_operator.py
[2025-04-04T15:51:53.723+0000] {logging_mixin.py:190} INFO - [2025-04-04T15:51:53.723+0000] {dag.py:3239} INFO - Sync 1 DAGs
[2025-04-04T15:51:53.743+0000] {logging_mixin.py:190} INFO - [2025-04-04T15:51:53.743+0000] {dag.py:4180} INFO - Setting next_dagrun for example_python_operator to None, run_after=None
[2025-04-04T15:51:53.771+0000] {processor.py:208} INFO - Processing /home/airflow/.local/lib/python3.12/site-packages/airflow/example_dags/example_python_operator.py took 0.113 seconds
[2025-04-04T15:52:23.952+0000] {processor.py:186} INFO - Started process (PID=713) to work on /home/airflow/.local/lib/python3.12/site-packages/airflow/example_dags/example_python_operator.py
[2025-04-04T15:52:23.954+0000] {processor.py:914} INFO - Processing file /home/airflow/.local/lib/python3.12/site-packages/airflow/example_dags/example_python_operator.py for tasks to queue
[2025-04-04T15:52:23.962+0000] {logging_mixin.py:190} INFO - [2025-04-04T15:52:23.961+0000] {dagbag.py:588} INFO - Filling up the DagBag from /home/airflow/.local/lib/python3.12/site-packages/airflow/example_dags/example_python_operator.py
[2025-04-04T15:52:23.989+0000] {processor.py:925} INFO - DAG(s) 'example_python_operator' retrieved from /home/airflow/.local/lib/python3.12/site-packages/airflow/example_dags/example_python_operator.py
[2025-04-04T15:52:24.035+0000] {logging_mixin.py:190} INFO - [2025-04-04T15:52:24.035+0000] {dag.py:3239} INFO - Sync 1 DAGs
[2025-04-04T15:52:24.081+0000] {logging_mixin.py:190} INFO - [2025-04-04T15:52:24.081+0000] {dag.py:4180} INFO - Setting next_dagrun for example_python_operator to None, run_after=None
[2025-04-04T15:52:24.119+0000] {processor.py:208} INFO - Processing /home/airflow/.local/lib/python3.12/site-packages/airflow/example_dags/example_python_operator.py took 0.184 seconds
[2025-04-04T15:52:54.521+0000] {processor.py:186} INFO - Started process (PID=777) to work on /home/airflow/.local/lib/python3.12/site-packages/airflow/example_dags/example_python_operator.py
[2025-04-04T15:52:54.522+0000] {processor.py:914} INFO - Processing file /home/airflow/.local/lib/python3.12/site-packages/airflow/example_dags/example_python_operator.py for tasks to queue
[2025-04-04T15:52:54.526+0000] {logging_mixin.py:190} INFO - [2025-04-04T15:52:54.526+0000] {dagbag.py:588} INFO - Filling up the DagBag from /home/airflow/.local/lib/python3.12/site-packages/airflow/example_dags/example_python_operator.py
[2025-04-04T15:52:54.547+0000] {processor.py:925} INFO - DAG(s) 'example_python_operator' retrieved from /home/airflow/.local/lib/python3.12/site-packages/airflow/example_dags/example_python_operator.py
[2025-04-04T15:52:54.576+0000] {logging_mixin.py:190} INFO - [2025-04-04T15:52:54.576+0000] {dag.py:3239} INFO - Sync 1 DAGs
[2025-04-04T15:52:54.597+0000] {logging_mixin.py:190} INFO - [2025-04-04T15:52:54.597+0000] {dag.py:4180} INFO - Setting next_dagrun for example_python_operator to None, run_after=None
[2025-04-04T15:52:54.627+0000] {processor.py:208} INFO - Processing /home/airflow/.local/lib/python3.12/site-packages/airflow/example_dags/example_python_operator.py took 0.114 seconds
[2025-04-04T15:53:25.254+0000] {processor.py:186} INFO - Started process (PID=841) to work on /home/airflow/.local/lib/python3.12/site-packages/airflow/example_dags/example_python_operator.py
[2025-04-04T15:53:25.255+0000] {processor.py:914} INFO - Processing file /home/airflow/.local/lib/python3.12/site-packages/airflow/example_dags/example_python_operator.py for tasks to queue
[2025-04-04T15:53:25.259+0000] {logging_mixin.py:190} INFO - [2025-04-04T15:53:25.259+0000] {dagbag.py:588} INFO - Filling up the DagBag from /home/airflow/.local/lib/python3.12/site-packages/airflow/example_dags/example_python_operator.py
[2025-04-04T15:53:25.279+0000] {processor.py:925} INFO - DAG(s) 'example_python_operator' retrieved from /home/airflow/.local/lib/python3.12/site-packages/airflow/example_dags/example_python_operator.py
[2025-04-04T15:53:25.320+0000] {logging_mixin.py:190} INFO - [2025-04-04T15:53:25.319+0000] {dag.py:3239} INFO - Sync 1 DAGs
[2025-04-04T15:53:25.346+0000] {logging_mixin.py:190} INFO - [2025-04-04T15:53:25.345+0000] {dag.py:4180} INFO - Setting next_dagrun for example_python_operator to None, run_after=None
[2025-04-04T15:53:25.376+0000] {processor.py:208} INFO - Processing /home/airflow/.local/lib/python3.12/site-packages/airflow/example_dags/example_python_operator.py took 0.133 seconds
[2025-04-04T15:53:55.759+0000] {processor.py:186} INFO - Started process (PID=905) to work on /home/airflow/.local/lib/python3.12/site-packages/airflow/example_dags/example_python_operator.py
[2025-04-04T15:53:55.760+0000] {processor.py:914} INFO - Processing file /home/airflow/.local/lib/python3.12/site-packages/airflow/example_dags/example_python_operator.py for tasks to queue
[2025-04-04T15:53:55.763+0000] {logging_mixin.py:190} INFO - [2025-04-04T15:53:55.762+0000] {dagbag.py:588} INFO - Filling up the DagBag from /home/airflow/.local/lib/python3.12/site-packages/airflow/example_dags/example_python_operator.py
[2025-04-04T15:53:55.783+0000] {processor.py:925} INFO - DAG(s) 'example_python_operator' retrieved from /home/airflow/.local/lib/python3.12/site-packages/airflow/example_dags/example_python_operator.py
[2025-04-04T15:53:55.816+0000] {logging_mixin.py:190} INFO - [2025-04-04T15:53:55.816+0000] {dag.py:3239} INFO - Sync 1 DAGs
[2025-04-04T15:53:55.837+0000] {logging_mixin.py:190} INFO - [2025-04-04T15:53:55.836+0000] {dag.py:4180} INFO - Setting next_dagrun for example_python_operator to None, run_after=None
[2025-04-04T15:53:55.863+0000] {processor.py:208} INFO - Processing /home/airflow/.local/lib/python3.12/site-packages/airflow/example_dags/example_python_operator.py took 0.114 seconds
[2025-04-04T15:54:26.129+0000] {processor.py:186} INFO - Started process (PID=969) to work on /home/airflow/.local/lib/python3.12/site-packages/airflow/example_dags/example_python_operator.py
[2025-04-04T15:54:26.130+0000] {processor.py:914} INFO - Processing file /home/airflow/.local/lib/python3.12/site-packages/airflow/example_dags/example_python_operator.py for tasks to queue
[2025-04-04T15:54:26.134+0000] {logging_mixin.py:190} INFO - [2025-04-04T15:54:26.134+0000] {dagbag.py:588} INFO - Filling up the DagBag from /home/airflow/.local/lib/python3.12/site-packages/airflow/example_dags/example_python_operator.py
[2025-04-04T15:54:26.153+0000] {processor.py:925} INFO - DAG(s) 'example_python_operator' retrieved from /home/airflow/.local/lib/python3.12/site-packages/airflow/example_dags/example_python_operator.py
[2025-04-04T15:54:26.188+0000] {logging_mixin.py:190} INFO - [2025-04-04T15:54:26.188+0000] {dag.py:3239} INFO - Sync 1 DAGs
[2025-04-04T15:54:26.213+0000] {logging_mixin.py:190} INFO - [2025-04-04T15:54:26.212+0000] {dag.py:4180} INFO - Setting next_dagrun for example_python_operator to None, run_after=None
[2025-04-04T15:54:26.241+0000] {processor.py:208} INFO - Processing /home/airflow/.local/lib/python3.12/site-packages/airflow/example_dags/example_python_operator.py took 0.123 seconds
[2025-04-04T15:54:56.665+0000] {processor.py:186} INFO - Started process (PID=1033) to work on /home/airflow/.local/lib/python3.12/site-packages/airflow/example_dags/example_python_operator.py
[2025-04-04T15:54:56.666+0000] {processor.py:914} INFO - Processing file /home/airflow/.local/lib/python3.12/site-packages/airflow/example_dags/example_python_operator.py for tasks to queue
[2025-04-04T15:54:56.669+0000] {logging_mixin.py:190} INFO - [2025-04-04T15:54:56.668+0000] {dagbag.py:588} INFO - Filling up the DagBag from /home/airflow/.local/lib/python3.12/site-packages/airflow/example_dags/example_python_operator.py
[2025-04-04T15:54:56.689+0000] {processor.py:925} INFO - DAG(s) 'example_python_operator' retrieved from /home/airflow/.local/lib/python3.12/site-packages/airflow/example_dags/example_python_operator.py
[2025-04-04T15:54:56.728+0000] {logging_mixin.py:190} INFO - [2025-04-04T15:54:56.728+0000] {dag.py:3239} INFO - Sync 1 DAGs
[2025-04-04T15:54:56.760+0000] {logging_mixin.py:190} INFO - [2025-04-04T15:54:56.760+0000] {dag.py:4180} INFO - Setting next_dagrun for example_python_operator to None, run_after=None
[2025-04-04T15:54:56.797+0000] {processor.py:208} INFO - Processing /home/airflow/.local/lib/python3.12/site-packages/airflow/example_dags/example_python_operator.py took 0.141 seconds
[2025-04-04T15:55:27.444+0000] {processor.py:186} INFO - Started process (PID=1097) to work on /home/airflow/.local/lib/python3.12/site-packages/airflow/example_dags/example_python_operator.py
[2025-04-04T15:55:27.445+0000] {processor.py:914} INFO - Processing file /home/airflow/.local/lib/python3.12/site-packages/airflow/example_dags/example_python_operator.py for tasks to queue
[2025-04-04T15:55:27.448+0000] {logging_mixin.py:190} INFO - [2025-04-04T15:55:27.448+0000] {dagbag.py:588} INFO - Filling up the DagBag from /home/airflow/.local/lib/python3.12/site-packages/airflow/example_dags/example_python_operator.py
[2025-04-04T15:55:27.469+0000] {processor.py:925} INFO - DAG(s) 'example_python_operator' retrieved from /home/airflow/.local/lib/python3.12/site-packages/airflow/example_dags/example_python_operator.py
[2025-04-04T15:55:27.506+0000] {logging_mixin.py:190} INFO - [2025-04-04T15:55:27.505+0000] {dag.py:3239} INFO - Sync 1 DAGs
[2025-04-04T15:55:27.535+0000] {logging_mixin.py:190} INFO - [2025-04-04T15:55:27.535+0000] {dag.py:4180} INFO - Setting next_dagrun for example_python_operator to None, run_after=None
[2025-04-04T15:55:27.562+0000] {processor.py:208} INFO - Processing /home/airflow/.local/lib/python3.12/site-packages/airflow/example_dags/example_python_operator.py took 0.126 seconds
[2025-04-04T15:55:58.414+0000] {processor.py:186} INFO - Started process (PID=1161) to work on /home/airflow/.local/lib/python3.12/site-packages/airflow/example_dags/example_python_operator.py
[2025-04-04T15:55:58.415+0000] {processor.py:914} INFO - Processing file /home/airflow/.local/lib/python3.12/site-packages/airflow/example_dags/example_python_operator.py for tasks to queue
[2025-04-04T15:55:58.420+0000] {logging_mixin.py:190} INFO - [2025-04-04T15:55:58.419+0000] {dagbag.py:588} INFO - Filling up the DagBag from /home/airflow/.local/lib/python3.12/site-packages/airflow/example_dags/example_python_operator.py
[2025-04-04T15:55:58.446+0000] {processor.py:925} INFO - DAG(s) 'example_python_operator' retrieved from /home/airflow/.local/lib/python3.12/site-packages/airflow/example_dags/example_python_operator.py
[2025-04-04T15:55:58.479+0000] {logging_mixin.py:190} INFO - [2025-04-04T15:55:58.478+0000] {dag.py:3239} INFO - Sync 1 DAGs
[2025-04-04T15:55:58.503+0000] {logging_mixin.py:190} INFO - [2025-04-04T15:55:58.503+0000] {dag.py:4180} INFO - Setting next_dagrun for example_python_operator to None, run_after=None
[2025-04-04T15:55:58.527+0000] {processor.py:208} INFO - Processing /home/airflow/.local/lib/python3.12/site-packages/airflow/example_dags/example_python_operator.py took 0.126 seconds
[2025-04-04T15:56:29.251+0000] {processor.py:186} INFO - Started process (PID=1225) to work on /home/airflow/.local/lib/python3.12/site-packages/airflow/example_dags/example_python_operator.py
[2025-04-04T15:56:29.253+0000] {processor.py:914} INFO - Processing file /home/airflow/.local/lib/python3.12/site-packages/airflow/example_dags/example_python_operator.py for tasks to queue
[2025-04-04T15:56:29.257+0000] {logging_mixin.py:190} INFO - [2025-04-04T15:56:29.256+0000] {dagbag.py:588} INFO - Filling up the DagBag from /home/airflow/.local/lib/python3.12/site-packages/airflow/example_dags/example_python_operator.py
[2025-04-04T15:56:29.292+0000] {processor.py:925} INFO - DAG(s) 'example_python_operator' retrieved from /home/airflow/.local/lib/python3.12/site-packages/airflow/example_dags/example_python_operator.py
[2025-04-04T15:56:29.359+0000] {logging_mixin.py:190} INFO - [2025-04-04T15:56:29.359+0000] {dag.py:3239} INFO - Sync 1 DAGs
[2025-04-04T15:56:29.395+0000] {logging_mixin.py:190} INFO - [2025-04-04T15:56:29.395+0000] {dag.py:4180} INFO - Setting next_dagrun for example_python_operator to None, run_after=None
[2025-04-04T15:56:29.423+0000] {processor.py:208} INFO - Processing /home/airflow/.local/lib/python3.12/site-packages/airflow/example_dags/example_python_operator.py took 0.185 seconds
[2025-04-04T15:56:59.793+0000] {processor.py:186} INFO - Started process (PID=1289) to work on /home/airflow/.local/lib/python3.12/site-packages/airflow/example_dags/example_python_operator.py
[2025-04-04T15:56:59.795+0000] {processor.py:914} INFO - Processing file /home/airflow/.local/lib/python3.12/site-packages/airflow/example_dags/example_python_operator.py for tasks to queue
[2025-04-04T15:56:59.799+0000] {logging_mixin.py:190} INFO - [2025-04-04T15:56:59.798+0000] {dagbag.py:588} INFO - Filling up the DagBag from /home/airflow/.local/lib/python3.12/site-packages/airflow/example_dags/example_python_operator.py
[2025-04-04T15:56:59.818+0000] {processor.py:925} INFO - DAG(s) 'example_python_operator' retrieved from /home/airflow/.local/lib/python3.12/site-packages/airflow/example_dags/example_python_operator.py
[2025-04-04T15:56:59.856+0000] {logging_mixin.py:190} INFO - [2025-04-04T15:56:59.856+0000] {dag.py:3239} INFO - Sync 1 DAGs
[2025-04-04T15:56:59.875+0000] {logging_mixin.py:190} INFO - [2025-04-04T15:56:59.875+0000] {dag.py:4180} INFO - Setting next_dagrun for example_python_operator to None, run_after=None
[2025-04-04T15:56:59.898+0000] {processor.py:208} INFO - Processing /home/airflow/.local/lib/python3.12/site-packages/airflow/example_dags/example_python_operator.py took 0.113 seconds
[2025-04-04T15:57:30.275+0000] {processor.py:186} INFO - Started process (PID=1353) to work on /home/airflow/.local/lib/python3.12/site-packages/airflow/example_dags/example_python_operator.py
[2025-04-04T15:57:30.276+0000] {processor.py:914} INFO - Processing file /home/airflow/.local/lib/python3.12/site-packages/airflow/example_dags/example_python_operator.py for tasks to queue
[2025-04-04T15:57:30.279+0000] {logging_mixin.py:190} INFO - [2025-04-04T15:57:30.278+0000] {dagbag.py:588} INFO - Filling up the DagBag from /home/airflow/.local/lib/python3.12/site-packages/airflow/example_dags/example_python_operator.py
[2025-04-04T15:57:30.294+0000] {processor.py:925} INFO - DAG(s) 'example_python_operator' retrieved from /home/airflow/.local/lib/python3.12/site-packages/airflow/example_dags/example_python_operator.py
[2025-04-04T15:57:30.320+0000] {logging_mixin.py:190} INFO - [2025-04-04T15:57:30.320+0000] {dag.py:3239} INFO - Sync 1 DAGs
[2025-04-04T15:57:30.338+0000] {logging_mixin.py:190} INFO - [2025-04-04T15:57:30.338+0000] {dag.py:4180} INFO - Setting next_dagrun for example_python_operator to None, run_after=None
[2025-04-04T15:57:30.365+0000] {processor.py:208} INFO - Processing /home/airflow/.local/lib/python3.12/site-packages/airflow/example_dags/example_python_operator.py took 0.098 seconds
[2025-04-04T15:58:00.526+0000] {processor.py:186} INFO - Started process (PID=1417) to work on /home/airflow/.local/lib/python3.12/site-packages/airflow/example_dags/example_python_operator.py
[2025-04-04T15:58:00.527+0000] {processor.py:914} INFO - Processing file /home/airflow/.local/lib/python3.12/site-packages/airflow/example_dags/example_python_operator.py for tasks to queue
[2025-04-04T15:58:00.530+0000] {logging_mixin.py:190} INFO - [2025-04-04T15:58:00.530+0000] {dagbag.py:588} INFO - Filling up the DagBag from /home/airflow/.local/lib/python3.12/site-packages/airflow/example_dags/example_python_operator.py
[2025-04-04T15:58:00.547+0000] {processor.py:925} INFO - DAG(s) 'example_python_operator' retrieved from /home/airflow/.local/lib/python3.12/site-packages/airflow/example_dags/example_python_operator.py
[2025-04-04T15:58:00.576+0000] {logging_mixin.py:190} INFO - [2025-04-04T15:58:00.576+0000] {dag.py:3239} INFO - Sync 1 DAGs
[2025-04-04T15:58:00.600+0000] {logging_mixin.py:190} INFO - [2025-04-04T15:58:00.599+0000] {dag.py:4180} INFO - Setting next_dagrun for example_python_operator to None, run_after=None
[2025-04-04T15:58:00.623+0000] {processor.py:208} INFO - Processing /home/airflow/.local/lib/python3.12/site-packages/airflow/example_dags/example_python_operator.py took 0.105 seconds
[2025-04-04T15:58:31.579+0000] {processor.py:186} INFO - Started process (PID=1481) to work on /home/airflow/.local/lib/python3.12/site-packages/airflow/example_dags/example_python_operator.py
[2025-04-04T15:58:31.580+0000] {processor.py:914} INFO - Processing file /home/airflow/.local/lib/python3.12/site-packages/airflow/example_dags/example_python_operator.py for tasks to queue
[2025-04-04T15:58:31.583+0000] {logging_mixin.py:190} INFO - [2025-04-04T15:58:31.583+0000] {dagbag.py:588} INFO - Filling up the DagBag from /home/airflow/.local/lib/python3.12/site-packages/airflow/example_dags/example_python_operator.py
[2025-04-04T15:58:31.602+0000] {processor.py:925} INFO - DAG(s) 'example_python_operator' retrieved from /home/airflow/.local/lib/python3.12/site-packages/airflow/example_dags/example_python_operator.py
[2025-04-04T15:58:31.631+0000] {logging_mixin.py:190} INFO - [2025-04-04T15:58:31.630+0000] {dag.py:3239} INFO - Sync 1 DAGs
[2025-04-04T15:58:31.655+0000] {logging_mixin.py:190} INFO - [2025-04-04T15:58:31.655+0000] {dag.py:4180} INFO - Setting next_dagrun for example_python_operator to None, run_after=None
[2025-04-04T15:58:31.691+0000] {processor.py:208} INFO - Processing /home/airflow/.local/lib/python3.12/site-packages/airflow/example_dags/example_python_operator.py took 0.120 seconds
[2025-04-04T16:00:46.841+0000] {processor.py:186} INFO - Started process (PID=72) to work on /home/airflow/.local/lib/python3.12/site-packages/airflow/example_dags/example_python_operator.py
[2025-04-04T16:00:46.843+0000] {processor.py:914} INFO - Processing file /home/airflow/.local/lib/python3.12/site-packages/airflow/example_dags/example_python_operator.py for tasks to queue
[2025-04-04T16:00:46.848+0000] {logging_mixin.py:190} INFO - [2025-04-04T16:00:46.847+0000] {dagbag.py:588} INFO - Filling up the DagBag from /home/airflow/.local/lib/python3.12/site-packages/airflow/example_dags/example_python_operator.py
[2025-04-04T16:00:46.889+0000] {processor.py:925} INFO - DAG(s) 'example_python_operator' retrieved from /home/airflow/.local/lib/python3.12/site-packages/airflow/example_dags/example_python_operator.py
[2025-04-04T16:00:47.436+0000] {logging_mixin.py:190} INFO - [2025-04-04T16:00:47.436+0000] {dag.py:3239} INFO - Sync 1 DAGs
[2025-04-04T16:00:47.461+0000] {logging_mixin.py:190} INFO - [2025-04-04T16:00:47.461+0000] {dag.py:4180} INFO - Setting next_dagrun for example_python_operator to None, run_after=None
[2025-04-04T16:00:47.502+0000] {processor.py:208} INFO - Processing /home/airflow/.local/lib/python3.12/site-packages/airflow/example_dags/example_python_operator.py took 0.672 seconds
[2025-04-04T16:01:18.288+0000] {processor.py:186} INFO - Started process (PID=136) to work on /home/airflow/.local/lib/python3.12/site-packages/airflow/example_dags/example_python_operator.py
[2025-04-04T16:01:18.290+0000] {processor.py:914} INFO - Processing file /home/airflow/.local/lib/python3.12/site-packages/airflow/example_dags/example_python_operator.py for tasks to queue
[2025-04-04T16:01:18.294+0000] {logging_mixin.py:190} INFO - [2025-04-04T16:01:18.293+0000] {dagbag.py:588} INFO - Filling up the DagBag from /home/airflow/.local/lib/python3.12/site-packages/airflow/example_dags/example_python_operator.py
[2025-04-04T16:01:18.309+0000] {processor.py:925} INFO - DAG(s) 'example_python_operator' retrieved from /home/airflow/.local/lib/python3.12/site-packages/airflow/example_dags/example_python_operator.py
[2025-04-04T16:01:18.340+0000] {logging_mixin.py:190} INFO - [2025-04-04T16:01:18.339+0000] {dag.py:3239} INFO - Sync 1 DAGs
[2025-04-04T16:01:18.359+0000] {logging_mixin.py:190} INFO - [2025-04-04T16:01:18.359+0000] {dag.py:4180} INFO - Setting next_dagrun for example_python_operator to None, run_after=None
[2025-04-04T16:01:18.389+0000] {processor.py:208} INFO - Processing /home/airflow/.local/lib/python3.12/site-packages/airflow/example_dags/example_python_operator.py took 0.112 seconds
[2025-04-04T16:01:49.183+0000] {processor.py:186} INFO - Started process (PID=200) to work on /home/airflow/.local/lib/python3.12/site-packages/airflow/example_dags/example_python_operator.py
[2025-04-04T16:01:49.185+0000] {processor.py:914} INFO - Processing file /home/airflow/.local/lib/python3.12/site-packages/airflow/example_dags/example_python_operator.py for tasks to queue
[2025-04-04T16:01:49.188+0000] {logging_mixin.py:190} INFO - [2025-04-04T16:01:49.187+0000] {dagbag.py:588} INFO - Filling up the DagBag from /home/airflow/.local/lib/python3.12/site-packages/airflow/example_dags/example_python_operator.py
[2025-04-04T16:01:49.205+0000] {processor.py:925} INFO - DAG(s) 'example_python_operator' retrieved from /home/airflow/.local/lib/python3.12/site-packages/airflow/example_dags/example_python_operator.py
[2025-04-04T16:01:49.240+0000] {logging_mixin.py:190} INFO - [2025-04-04T16:01:49.240+0000] {dag.py:3239} INFO - Sync 1 DAGs
[2025-04-04T16:01:49.262+0000] {logging_mixin.py:190} INFO - [2025-04-04T16:01:49.262+0000] {dag.py:4180} INFO - Setting next_dagrun for example_python_operator to None, run_after=None
[2025-04-04T16:01:49.295+0000] {processor.py:208} INFO - Processing /home/airflow/.local/lib/python3.12/site-packages/airflow/example_dags/example_python_operator.py took 0.121 seconds
[2025-04-04T16:02:19.514+0000] {processor.py:186} INFO - Started process (PID=264) to work on /home/airflow/.local/lib/python3.12/site-packages/airflow/example_dags/example_python_operator.py
[2025-04-04T16:02:19.515+0000] {processor.py:914} INFO - Processing file /home/airflow/.local/lib/python3.12/site-packages/airflow/example_dags/example_python_operator.py for tasks to queue
[2025-04-04T16:02:19.518+0000] {logging_mixin.py:190} INFO - [2025-04-04T16:02:19.518+0000] {dagbag.py:588} INFO - Filling up the DagBag from /home/airflow/.local/lib/python3.12/site-packages/airflow/example_dags/example_python_operator.py
[2025-04-04T16:02:19.534+0000] {processor.py:925} INFO - DAG(s) 'example_python_operator' retrieved from /home/airflow/.local/lib/python3.12/site-packages/airflow/example_dags/example_python_operator.py
[2025-04-04T16:02:19.566+0000] {logging_mixin.py:190} INFO - [2025-04-04T16:02:19.566+0000] {dag.py:3239} INFO - Sync 1 DAGs
[2025-04-04T16:02:19.587+0000] {logging_mixin.py:190} INFO - [2025-04-04T16:02:19.587+0000] {dag.py:4180} INFO - Setting next_dagrun for example_python_operator to None, run_after=None
[2025-04-04T16:02:19.616+0000] {processor.py:208} INFO - Processing /home/airflow/.local/lib/python3.12/site-packages/airflow/example_dags/example_python_operator.py took 0.111 seconds
[2025-04-04T16:02:49.750+0000] {processor.py:186} INFO - Started process (PID=328) to work on /home/airflow/.local/lib/python3.12/site-packages/airflow/example_dags/example_python_operator.py
[2025-04-04T16:02:49.751+0000] {processor.py:914} INFO - Processing file /home/airflow/.local/lib/python3.12/site-packages/airflow/example_dags/example_python_operator.py for tasks to queue
[2025-04-04T16:02:49.754+0000] {logging_mixin.py:190} INFO - [2025-04-04T16:02:49.754+0000] {dagbag.py:588} INFO - Filling up the DagBag from /home/airflow/.local/lib/python3.12/site-packages/airflow/example_dags/example_python_operator.py
[2025-04-04T16:02:49.771+0000] {processor.py:925} INFO - DAG(s) 'example_python_operator' retrieved from /home/airflow/.local/lib/python3.12/site-packages/airflow/example_dags/example_python_operator.py
[2025-04-04T16:02:49.802+0000] {logging_mixin.py:190} INFO - [2025-04-04T16:02:49.802+0000] {dag.py:3239} INFO - Sync 1 DAGs
[2025-04-04T16:02:49.821+0000] {logging_mixin.py:190} INFO - [2025-04-04T16:02:49.820+0000] {dag.py:4180} INFO - Setting next_dagrun for example_python_operator to None, run_after=None
[2025-04-04T16:02:49.845+0000] {processor.py:208} INFO - Processing /home/airflow/.local/lib/python3.12/site-packages/airflow/example_dags/example_python_operator.py took 0.105 seconds
