[2025-04-04T15:44:22.057+0000] {processor.py:186} INFO - Started process (PID=113) to work on /home/airflow/.local/lib/python3.12/site-packages/airflow/example_dags/example_local_kubernetes_executor.py
[2025-04-04T15:44:22.058+0000] {processor.py:914} INFO - Processing file /home/airflow/.local/lib/python3.12/site-packages/airflow/example_dags/example_local_kubernetes_executor.py for tasks to queue
[2025-04-04T15:44:22.062+0000] {logging_mixin.py:190} INFO - [2025-04-04T15:44:22.061+0000] {dagbag.py:588} INFO - Filling up the DagBag from /home/airflow/.local/lib/python3.12/site-packages/airflow/example_dags/example_local_kubernetes_executor.py
[2025-04-04T15:44:22.079+0000] {processor.py:925} INFO - DAG(s) 'example_local_kubernetes_executor' retrieved from /home/airflow/.local/lib/python3.12/site-packages/airflow/example_dags/example_local_kubernetes_executor.py
[2025-04-04T15:44:22.238+0000] {logging_mixin.py:190} INFO - [2025-04-04T15:44:22.237+0000] {override.py:1912} INFO - Created Permission View: can edit on DAG:example_local_kubernetes_executor
[2025-04-04T15:44:22.269+0000] {logging_mixin.py:190} INFO - [2025-04-04T15:44:22.269+0000] {override.py:1912} INFO - Created Permission View: can read on DAG:example_local_kubernetes_executor
[2025-04-04T15:44:22.286+0000] {logging_mixin.py:190} INFO - [2025-04-04T15:44:22.286+0000] {override.py:1912} INFO - Created Permission View: can delete on DAG:example_local_kubernetes_executor
[2025-04-04T15:44:22.303+0000] {logging_mixin.py:190} INFO - [2025-04-04T15:44:22.303+0000] {override.py:1912} INFO - Created Permission View: menu access on DAG Run:example_local_kubernetes_executor
[2025-04-04T15:44:22.320+0000] {logging_mixin.py:190} INFO - [2025-04-04T15:44:22.319+0000] {override.py:1912} INFO - Created Permission View: can read on DAG Run:example_local_kubernetes_executor
[2025-04-04T15:44:22.334+0000] {logging_mixin.py:190} INFO - [2025-04-04T15:44:22.333+0000] {override.py:1912} INFO - Created Permission View: can create on DAG Run:example_local_kubernetes_executor
[2025-04-04T15:44:22.347+0000] {logging_mixin.py:190} INFO - [2025-04-04T15:44:22.346+0000] {override.py:1912} INFO - Created Permission View: can delete on DAG Run:example_local_kubernetes_executor
[2025-04-04T15:44:22.348+0000] {logging_mixin.py:190} INFO - [2025-04-04T15:44:22.347+0000] {dag.py:3239} INFO - Sync 1 DAGs
[2025-04-04T15:44:22.373+0000] {logging_mixin.py:190} INFO - [2025-04-04T15:44:22.373+0000] {dag.py:3262} INFO - Creating ORM DAG for example_local_kubernetes_executor
[2025-04-04T15:44:22.374+0000] {logging_mixin.py:190} INFO - [2025-04-04T15:44:22.374+0000] {dag.py:4180} INFO - Setting next_dagrun for example_local_kubernetes_executor to None, run_after=None
[2025-04-04T15:44:22.403+0000] {processor.py:208} INFO - Processing /home/airflow/.local/lib/python3.12/site-packages/airflow/example_dags/example_local_kubernetes_executor.py took 0.363 seconds
[2025-04-04T15:44:52.973+0000] {processor.py:186} INFO - Started process (PID=176) to work on /home/airflow/.local/lib/python3.12/site-packages/airflow/example_dags/example_local_kubernetes_executor.py
[2025-04-04T15:44:52.974+0000] {processor.py:914} INFO - Processing file /home/airflow/.local/lib/python3.12/site-packages/airflow/example_dags/example_local_kubernetes_executor.py for tasks to queue
[2025-04-04T15:44:52.977+0000] {logging_mixin.py:190} INFO - [2025-04-04T15:44:52.977+0000] {dagbag.py:588} INFO - Filling up the DagBag from /home/airflow/.local/lib/python3.12/site-packages/airflow/example_dags/example_local_kubernetes_executor.py
[2025-04-04T15:44:52.992+0000] {processor.py:925} INFO - DAG(s) 'example_local_kubernetes_executor' retrieved from /home/airflow/.local/lib/python3.12/site-packages/airflow/example_dags/example_local_kubernetes_executor.py
[2025-04-04T15:44:53.021+0000] {logging_mixin.py:190} INFO - [2025-04-04T15:44:53.021+0000] {dag.py:3239} INFO - Sync 1 DAGs
[2025-04-04T15:44:53.040+0000] {logging_mixin.py:190} INFO - [2025-04-04T15:44:53.039+0000] {dag.py:4180} INFO - Setting next_dagrun for example_local_kubernetes_executor to None, run_after=None
[2025-04-04T15:44:53.068+0000] {processor.py:208} INFO - Processing /home/airflow/.local/lib/python3.12/site-packages/airflow/example_dags/example_local_kubernetes_executor.py took 0.103 seconds
[2025-04-04T15:45:23.237+0000] {processor.py:186} INFO - Started process (PID=238) to work on /home/airflow/.local/lib/python3.12/site-packages/airflow/example_dags/example_local_kubernetes_executor.py
[2025-04-04T15:45:23.238+0000] {processor.py:914} INFO - Processing file /home/airflow/.local/lib/python3.12/site-packages/airflow/example_dags/example_local_kubernetes_executor.py for tasks to queue
[2025-04-04T15:45:23.241+0000] {logging_mixin.py:190} INFO - [2025-04-04T15:45:23.241+0000] {dagbag.py:588} INFO - Filling up the DagBag from /home/airflow/.local/lib/python3.12/site-packages/airflow/example_dags/example_local_kubernetes_executor.py
[2025-04-04T15:45:23.259+0000] {processor.py:925} INFO - DAG(s) 'example_local_kubernetes_executor' retrieved from /home/airflow/.local/lib/python3.12/site-packages/airflow/example_dags/example_local_kubernetes_executor.py
[2025-04-04T15:45:23.299+0000] {logging_mixin.py:190} INFO - [2025-04-04T15:45:23.298+0000] {dag.py:3239} INFO - Sync 1 DAGs
[2025-04-04T15:45:23.327+0000] {logging_mixin.py:190} INFO - [2025-04-04T15:45:23.326+0000] {dag.py:4180} INFO - Setting next_dagrun for example_local_kubernetes_executor to None, run_after=None
[2025-04-04T15:45:23.354+0000] {processor.py:208} INFO - Processing /home/airflow/.local/lib/python3.12/site-packages/airflow/example_dags/example_local_kubernetes_executor.py took 0.126 seconds
[2025-04-04T15:45:56.913+0000] {processor.py:186} INFO - Started process (PID=302) to work on /home/airflow/.local/lib/python3.12/site-packages/airflow/example_dags/example_local_kubernetes_executor.py
[2025-04-04T15:45:56.915+0000] {processor.py:914} INFO - Processing file /home/airflow/.local/lib/python3.12/site-packages/airflow/example_dags/example_local_kubernetes_executor.py for tasks to queue
[2025-04-04T15:45:56.918+0000] {logging_mixin.py:190} INFO - [2025-04-04T15:45:56.918+0000] {dagbag.py:588} INFO - Filling up the DagBag from /home/airflow/.local/lib/python3.12/site-packages/airflow/example_dags/example_local_kubernetes_executor.py
[2025-04-04T15:45:56.935+0000] {processor.py:925} INFO - DAG(s) 'example_local_kubernetes_executor' retrieved from /home/airflow/.local/lib/python3.12/site-packages/airflow/example_dags/example_local_kubernetes_executor.py
[2025-04-04T15:45:56.977+0000] {logging_mixin.py:190} INFO - [2025-04-04T15:45:56.976+0000] {dag.py:3239} INFO - Sync 1 DAGs
[2025-04-04T15:45:57.010+0000] {logging_mixin.py:190} INFO - [2025-04-04T15:45:57.009+0000] {dag.py:4180} INFO - Setting next_dagrun for example_local_kubernetes_executor to None, run_after=None
[2025-04-04T15:45:57.044+0000] {processor.py:208} INFO - Processing /home/airflow/.local/lib/python3.12/site-packages/airflow/example_dags/example_local_kubernetes_executor.py took 0.143 seconds
[2025-04-04T15:47:24.891+0000] {processor.py:186} INFO - Started process (PID=107) to work on /home/airflow/.local/lib/python3.12/site-packages/airflow/example_dags/example_local_kubernetes_executor.py
[2025-04-04T15:47:24.895+0000] {processor.py:914} INFO - Processing file /home/airflow/.local/lib/python3.12/site-packages/airflow/example_dags/example_local_kubernetes_executor.py for tasks to queue
[2025-04-04T15:47:24.906+0000] {logging_mixin.py:190} INFO - [2025-04-04T15:47:24.905+0000] {dagbag.py:588} INFO - Filling up the DagBag from /home/airflow/.local/lib/python3.12/site-packages/airflow/example_dags/example_local_kubernetes_executor.py
[2025-04-04T15:47:24.960+0000] {processor.py:925} INFO - DAG(s) 'example_local_kubernetes_executor' retrieved from /home/airflow/.local/lib/python3.12/site-packages/airflow/example_dags/example_local_kubernetes_executor.py
[2025-04-04T15:47:25.013+0000] {logging_mixin.py:190} INFO - [2025-04-04T15:47:25.013+0000] {dag.py:3239} INFO - Sync 1 DAGs
[2025-04-04T15:47:25.072+0000] {logging_mixin.py:190} INFO - [2025-04-04T15:47:25.072+0000] {dag.py:4180} INFO - Setting next_dagrun for example_local_kubernetes_executor to None, run_after=None
[2025-04-04T15:47:25.164+0000] {processor.py:208} INFO - Processing /home/airflow/.local/lib/python3.12/site-packages/airflow/example_dags/example_local_kubernetes_executor.py took 0.309 seconds
[2025-04-04T15:47:55.388+0000] {processor.py:186} INFO - Started process (PID=171) to work on /home/airflow/.local/lib/python3.12/site-packages/airflow/example_dags/example_local_kubernetes_executor.py
[2025-04-04T15:47:55.390+0000] {processor.py:914} INFO - Processing file /home/airflow/.local/lib/python3.12/site-packages/airflow/example_dags/example_local_kubernetes_executor.py for tasks to queue
[2025-04-04T15:47:55.394+0000] {logging_mixin.py:190} INFO - [2025-04-04T15:47:55.394+0000] {dagbag.py:588} INFO - Filling up the DagBag from /home/airflow/.local/lib/python3.12/site-packages/airflow/example_dags/example_local_kubernetes_executor.py
[2025-04-04T15:47:55.406+0000] {processor.py:925} INFO - DAG(s) 'example_local_kubernetes_executor' retrieved from /home/airflow/.local/lib/python3.12/site-packages/airflow/example_dags/example_local_kubernetes_executor.py
[2025-04-04T15:47:55.442+0000] {logging_mixin.py:190} INFO - [2025-04-04T15:47:55.441+0000] {dag.py:3239} INFO - Sync 1 DAGs
[2025-04-04T15:47:55.464+0000] {logging_mixin.py:190} INFO - [2025-04-04T15:47:55.463+0000] {dag.py:4180} INFO - Setting next_dagrun for example_local_kubernetes_executor to None, run_after=None
[2025-04-04T15:47:55.489+0000] {processor.py:208} INFO - Processing /home/airflow/.local/lib/python3.12/site-packages/airflow/example_dags/example_local_kubernetes_executor.py took 0.108 seconds
[2025-04-04T15:48:26.210+0000] {processor.py:186} INFO - Started process (PID=235) to work on /home/airflow/.local/lib/python3.12/site-packages/airflow/example_dags/example_local_kubernetes_executor.py
[2025-04-04T15:48:26.211+0000] {processor.py:914} INFO - Processing file /home/airflow/.local/lib/python3.12/site-packages/airflow/example_dags/example_local_kubernetes_executor.py for tasks to queue
[2025-04-04T15:48:26.214+0000] {logging_mixin.py:190} INFO - [2025-04-04T15:48:26.213+0000] {dagbag.py:588} INFO - Filling up the DagBag from /home/airflow/.local/lib/python3.12/site-packages/airflow/example_dags/example_local_kubernetes_executor.py
[2025-04-04T15:48:26.225+0000] {processor.py:925} INFO - DAG(s) 'example_local_kubernetes_executor' retrieved from /home/airflow/.local/lib/python3.12/site-packages/airflow/example_dags/example_local_kubernetes_executor.py
[2025-04-04T15:48:26.257+0000] {logging_mixin.py:190} INFO - [2025-04-04T15:48:26.257+0000] {dag.py:3239} INFO - Sync 1 DAGs
[2025-04-04T15:48:26.277+0000] {logging_mixin.py:190} INFO - [2025-04-04T15:48:26.277+0000] {dag.py:4180} INFO - Setting next_dagrun for example_local_kubernetes_executor to None, run_after=None
[2025-04-04T15:48:26.304+0000] {processor.py:208} INFO - Processing /home/airflow/.local/lib/python3.12/site-packages/airflow/example_dags/example_local_kubernetes_executor.py took 0.102 seconds
[2025-04-04T15:48:57.994+0000] {processor.py:186} INFO - Started process (PID=299) to work on /home/airflow/.local/lib/python3.12/site-packages/airflow/example_dags/example_local_kubernetes_executor.py
[2025-04-04T15:48:57.996+0000] {processor.py:914} INFO - Processing file /home/airflow/.local/lib/python3.12/site-packages/airflow/example_dags/example_local_kubernetes_executor.py for tasks to queue
[2025-04-04T15:48:58.000+0000] {logging_mixin.py:190} INFO - [2025-04-04T15:48:58.000+0000] {dagbag.py:588} INFO - Filling up the DagBag from /home/airflow/.local/lib/python3.12/site-packages/airflow/example_dags/example_local_kubernetes_executor.py
[2025-04-04T15:48:58.023+0000] {processor.py:925} INFO - DAG(s) 'example_local_kubernetes_executor' retrieved from /home/airflow/.local/lib/python3.12/site-packages/airflow/example_dags/example_local_kubernetes_executor.py
[2025-04-04T15:48:58.060+0000] {logging_mixin.py:190} INFO - [2025-04-04T15:48:58.059+0000] {dag.py:3239} INFO - Sync 1 DAGs
[2025-04-04T15:48:58.087+0000] {logging_mixin.py:190} INFO - [2025-04-04T15:48:58.087+0000] {dag.py:4180} INFO - Setting next_dagrun for example_local_kubernetes_executor to None, run_after=None
[2025-04-04T15:48:58.111+0000] {processor.py:208} INFO - Processing /home/airflow/.local/lib/python3.12/site-packages/airflow/example_dags/example_local_kubernetes_executor.py took 0.128 seconds
[2025-04-04T15:49:29.935+0000] {processor.py:186} INFO - Started process (PID=363) to work on /home/airflow/.local/lib/python3.12/site-packages/airflow/example_dags/example_local_kubernetes_executor.py
[2025-04-04T15:49:29.937+0000] {processor.py:914} INFO - Processing file /home/airflow/.local/lib/python3.12/site-packages/airflow/example_dags/example_local_kubernetes_executor.py for tasks to queue
[2025-04-04T15:49:29.942+0000] {logging_mixin.py:190} INFO - [2025-04-04T15:49:29.941+0000] {dagbag.py:588} INFO - Filling up the DagBag from /home/airflow/.local/lib/python3.12/site-packages/airflow/example_dags/example_local_kubernetes_executor.py
[2025-04-04T15:49:29.961+0000] {processor.py:925} INFO - DAG(s) 'example_local_kubernetes_executor' retrieved from /home/airflow/.local/lib/python3.12/site-packages/airflow/example_dags/example_local_kubernetes_executor.py
[2025-04-04T15:49:30.008+0000] {logging_mixin.py:190} INFO - [2025-04-04T15:49:30.008+0000] {dag.py:3239} INFO - Sync 1 DAGs
[2025-04-04T15:49:30.051+0000] {logging_mixin.py:190} INFO - [2025-04-04T15:49:30.050+0000] {dag.py:4180} INFO - Setting next_dagrun for example_local_kubernetes_executor to None, run_after=None
[2025-04-04T15:49:30.093+0000] {processor.py:208} INFO - Processing /home/airflow/.local/lib/python3.12/site-packages/airflow/example_dags/example_local_kubernetes_executor.py took 0.169 seconds
[2025-04-04T15:50:01.106+0000] {processor.py:186} INFO - Started process (PID=427) to work on /home/airflow/.local/lib/python3.12/site-packages/airflow/example_dags/example_local_kubernetes_executor.py
[2025-04-04T15:50:01.108+0000] {processor.py:914} INFO - Processing file /home/airflow/.local/lib/python3.12/site-packages/airflow/example_dags/example_local_kubernetes_executor.py for tasks to queue
[2025-04-04T15:50:01.112+0000] {logging_mixin.py:190} INFO - [2025-04-04T15:50:01.111+0000] {dagbag.py:588} INFO - Filling up the DagBag from /home/airflow/.local/lib/python3.12/site-packages/airflow/example_dags/example_local_kubernetes_executor.py
[2025-04-04T15:50:01.123+0000] {processor.py:925} INFO - DAG(s) 'example_local_kubernetes_executor' retrieved from /home/airflow/.local/lib/python3.12/site-packages/airflow/example_dags/example_local_kubernetes_executor.py
[2025-04-04T15:50:01.151+0000] {logging_mixin.py:190} INFO - [2025-04-04T15:50:01.151+0000] {dag.py:3239} INFO - Sync 1 DAGs
[2025-04-04T15:50:01.172+0000] {logging_mixin.py:190} INFO - [2025-04-04T15:50:01.172+0000] {dag.py:4180} INFO - Setting next_dagrun for example_local_kubernetes_executor to None, run_after=None
[2025-04-04T15:50:01.200+0000] {processor.py:208} INFO - Processing /home/airflow/.local/lib/python3.12/site-packages/airflow/example_dags/example_local_kubernetes_executor.py took 0.100 seconds
[2025-04-04T15:50:32.450+0000] {processor.py:186} INFO - Started process (PID=491) to work on /home/airflow/.local/lib/python3.12/site-packages/airflow/example_dags/example_local_kubernetes_executor.py
[2025-04-04T15:50:32.451+0000] {processor.py:914} INFO - Processing file /home/airflow/.local/lib/python3.12/site-packages/airflow/example_dags/example_local_kubernetes_executor.py for tasks to queue
[2025-04-04T15:50:32.454+0000] {logging_mixin.py:190} INFO - [2025-04-04T15:50:32.453+0000] {dagbag.py:588} INFO - Filling up the DagBag from /home/airflow/.local/lib/python3.12/site-packages/airflow/example_dags/example_local_kubernetes_executor.py
[2025-04-04T15:50:32.464+0000] {processor.py:925} INFO - DAG(s) 'example_local_kubernetes_executor' retrieved from /home/airflow/.local/lib/python3.12/site-packages/airflow/example_dags/example_local_kubernetes_executor.py
[2025-04-04T15:50:32.495+0000] {logging_mixin.py:190} INFO - [2025-04-04T15:50:32.494+0000] {dag.py:3239} INFO - Sync 1 DAGs
[2025-04-04T15:50:32.517+0000] {logging_mixin.py:190} INFO - [2025-04-04T15:50:32.517+0000] {dag.py:4180} INFO - Setting next_dagrun for example_local_kubernetes_executor to None, run_after=None
[2025-04-04T15:50:32.546+0000] {processor.py:208} INFO - Processing /home/airflow/.local/lib/python3.12/site-packages/airflow/example_dags/example_local_kubernetes_executor.py took 0.103 seconds
[2025-04-04T15:51:03.633+0000] {processor.py:186} INFO - Started process (PID=555) to work on /home/airflow/.local/lib/python3.12/site-packages/airflow/example_dags/example_local_kubernetes_executor.py
[2025-04-04T15:51:03.635+0000] {processor.py:914} INFO - Processing file /home/airflow/.local/lib/python3.12/site-packages/airflow/example_dags/example_local_kubernetes_executor.py for tasks to queue
[2025-04-04T15:51:03.638+0000] {logging_mixin.py:190} INFO - [2025-04-04T15:51:03.637+0000] {dagbag.py:588} INFO - Filling up the DagBag from /home/airflow/.local/lib/python3.12/site-packages/airflow/example_dags/example_local_kubernetes_executor.py
[2025-04-04T15:51:03.648+0000] {processor.py:925} INFO - DAG(s) 'example_local_kubernetes_executor' retrieved from /home/airflow/.local/lib/python3.12/site-packages/airflow/example_dags/example_local_kubernetes_executor.py
[2025-04-04T15:51:03.675+0000] {logging_mixin.py:190} INFO - [2025-04-04T15:51:03.674+0000] {dag.py:3239} INFO - Sync 1 DAGs
[2025-04-04T15:51:03.693+0000] {logging_mixin.py:190} INFO - [2025-04-04T15:51:03.693+0000] {dag.py:4180} INFO - Setting next_dagrun for example_local_kubernetes_executor to None, run_after=None
[2025-04-04T15:51:03.718+0000] {processor.py:208} INFO - Processing /home/airflow/.local/lib/python3.12/site-packages/airflow/example_dags/example_local_kubernetes_executor.py took 0.092 seconds
[2025-04-04T15:51:34.553+0000] {processor.py:186} INFO - Started process (PID=619) to work on /home/airflow/.local/lib/python3.12/site-packages/airflow/example_dags/example_local_kubernetes_executor.py
[2025-04-04T15:51:34.554+0000] {processor.py:914} INFO - Processing file /home/airflow/.local/lib/python3.12/site-packages/airflow/example_dags/example_local_kubernetes_executor.py for tasks to queue
[2025-04-04T15:51:34.557+0000] {logging_mixin.py:190} INFO - [2025-04-04T15:51:34.557+0000] {dagbag.py:588} INFO - Filling up the DagBag from /home/airflow/.local/lib/python3.12/site-packages/airflow/example_dags/example_local_kubernetes_executor.py
[2025-04-04T15:51:34.569+0000] {processor.py:925} INFO - DAG(s) 'example_local_kubernetes_executor' retrieved from /home/airflow/.local/lib/python3.12/site-packages/airflow/example_dags/example_local_kubernetes_executor.py
[2025-04-04T15:51:34.596+0000] {logging_mixin.py:190} INFO - [2025-04-04T15:51:34.596+0000] {dag.py:3239} INFO - Sync 1 DAGs
[2025-04-04T15:51:34.615+0000] {logging_mixin.py:190} INFO - [2025-04-04T15:51:34.615+0000] {dag.py:4180} INFO - Setting next_dagrun for example_local_kubernetes_executor to None, run_after=None
[2025-04-04T15:51:34.640+0000] {processor.py:208} INFO - Processing /home/airflow/.local/lib/python3.12/site-packages/airflow/example_dags/example_local_kubernetes_executor.py took 0.094 seconds
[2025-04-04T15:52:04.944+0000] {processor.py:186} INFO - Started process (PID=682) to work on /home/airflow/.local/lib/python3.12/site-packages/airflow/example_dags/example_local_kubernetes_executor.py
[2025-04-04T15:52:04.945+0000] {processor.py:914} INFO - Processing file /home/airflow/.local/lib/python3.12/site-packages/airflow/example_dags/example_local_kubernetes_executor.py for tasks to queue
[2025-04-04T15:52:04.948+0000] {logging_mixin.py:190} INFO - [2025-04-04T15:52:04.947+0000] {dagbag.py:588} INFO - Filling up the DagBag from /home/airflow/.local/lib/python3.12/site-packages/airflow/example_dags/example_local_kubernetes_executor.py
[2025-04-04T15:52:04.959+0000] {processor.py:925} INFO - DAG(s) 'example_local_kubernetes_executor' retrieved from /home/airflow/.local/lib/python3.12/site-packages/airflow/example_dags/example_local_kubernetes_executor.py
[2025-04-04T15:52:04.990+0000] {logging_mixin.py:190} INFO - [2025-04-04T15:52:04.990+0000] {dag.py:3239} INFO - Sync 1 DAGs
[2025-04-04T15:52:05.014+0000] {logging_mixin.py:190} INFO - [2025-04-04T15:52:05.014+0000] {dag.py:4180} INFO - Setting next_dagrun for example_local_kubernetes_executor to None, run_after=None
[2025-04-04T15:52:05.042+0000] {processor.py:208} INFO - Processing /home/airflow/.local/lib/python3.12/site-packages/airflow/example_dags/example_local_kubernetes_executor.py took 0.105 seconds
[2025-04-04T15:52:35.341+0000] {processor.py:186} INFO - Started process (PID=745) to work on /home/airflow/.local/lib/python3.12/site-packages/airflow/example_dags/example_local_kubernetes_executor.py
[2025-04-04T15:52:35.342+0000] {processor.py:914} INFO - Processing file /home/airflow/.local/lib/python3.12/site-packages/airflow/example_dags/example_local_kubernetes_executor.py for tasks to queue
[2025-04-04T15:52:35.345+0000] {logging_mixin.py:190} INFO - [2025-04-04T15:52:35.345+0000] {dagbag.py:588} INFO - Filling up the DagBag from /home/airflow/.local/lib/python3.12/site-packages/airflow/example_dags/example_local_kubernetes_executor.py
[2025-04-04T15:52:35.359+0000] {processor.py:925} INFO - DAG(s) 'example_local_kubernetes_executor' retrieved from /home/airflow/.local/lib/python3.12/site-packages/airflow/example_dags/example_local_kubernetes_executor.py
[2025-04-04T15:52:35.390+0000] {logging_mixin.py:190} INFO - [2025-04-04T15:52:35.390+0000] {dag.py:3239} INFO - Sync 1 DAGs
[2025-04-04T15:52:35.412+0000] {logging_mixin.py:190} INFO - [2025-04-04T15:52:35.411+0000] {dag.py:4180} INFO - Setting next_dagrun for example_local_kubernetes_executor to None, run_after=None
[2025-04-04T15:52:35.437+0000] {processor.py:208} INFO - Processing /home/airflow/.local/lib/python3.12/site-packages/airflow/example_dags/example_local_kubernetes_executor.py took 0.107 seconds
[2025-04-04T15:53:05.654+0000] {processor.py:186} INFO - Started process (PID=809) to work on /home/airflow/.local/lib/python3.12/site-packages/airflow/example_dags/example_local_kubernetes_executor.py
[2025-04-04T15:53:05.654+0000] {processor.py:914} INFO - Processing file /home/airflow/.local/lib/python3.12/site-packages/airflow/example_dags/example_local_kubernetes_executor.py for tasks to queue
[2025-04-04T15:53:05.659+0000] {logging_mixin.py:190} INFO - [2025-04-04T15:53:05.658+0000] {dagbag.py:588} INFO - Filling up the DagBag from /home/airflow/.local/lib/python3.12/site-packages/airflow/example_dags/example_local_kubernetes_executor.py
[2025-04-04T15:53:05.672+0000] {processor.py:925} INFO - DAG(s) 'example_local_kubernetes_executor' retrieved from /home/airflow/.local/lib/python3.12/site-packages/airflow/example_dags/example_local_kubernetes_executor.py
[2025-04-04T15:53:05.701+0000] {logging_mixin.py:190} INFO - [2025-04-04T15:53:05.700+0000] {dag.py:3239} INFO - Sync 1 DAGs
[2025-04-04T15:53:05.721+0000] {logging_mixin.py:190} INFO - [2025-04-04T15:53:05.721+0000] {dag.py:4180} INFO - Setting next_dagrun for example_local_kubernetes_executor to None, run_after=None
[2025-04-04T15:53:05.748+0000] {processor.py:208} INFO - Processing /home/airflow/.local/lib/python3.12/site-packages/airflow/example_dags/example_local_kubernetes_executor.py took 0.101 seconds
[2025-04-04T15:53:35.996+0000] {processor.py:186} INFO - Started process (PID=873) to work on /home/airflow/.local/lib/python3.12/site-packages/airflow/example_dags/example_local_kubernetes_executor.py
[2025-04-04T15:53:35.998+0000] {processor.py:914} INFO - Processing file /home/airflow/.local/lib/python3.12/site-packages/airflow/example_dags/example_local_kubernetes_executor.py for tasks to queue
[2025-04-04T15:53:36.007+0000] {logging_mixin.py:190} INFO - [2025-04-04T15:53:36.006+0000] {dagbag.py:588} INFO - Filling up the DagBag from /home/airflow/.local/lib/python3.12/site-packages/airflow/example_dags/example_local_kubernetes_executor.py
[2025-04-04T15:53:36.044+0000] {processor.py:925} INFO - DAG(s) 'example_local_kubernetes_executor' retrieved from /home/airflow/.local/lib/python3.12/site-packages/airflow/example_dags/example_local_kubernetes_executor.py
[2025-04-04T15:53:36.099+0000] {logging_mixin.py:190} INFO - [2025-04-04T15:53:36.098+0000] {dag.py:3239} INFO - Sync 1 DAGs
[2025-04-04T15:53:36.145+0000] {logging_mixin.py:190} INFO - [2025-04-04T15:53:36.145+0000] {dag.py:4180} INFO - Setting next_dagrun for example_local_kubernetes_executor to None, run_after=None
[2025-04-04T15:53:36.193+0000] {processor.py:208} INFO - Processing /home/airflow/.local/lib/python3.12/site-packages/airflow/example_dags/example_local_kubernetes_executor.py took 0.212 seconds
[2025-04-04T15:54:06.433+0000] {processor.py:186} INFO - Started process (PID=936) to work on /home/airflow/.local/lib/python3.12/site-packages/airflow/example_dags/example_local_kubernetes_executor.py
[2025-04-04T15:54:06.435+0000] {processor.py:914} INFO - Processing file /home/airflow/.local/lib/python3.12/site-packages/airflow/example_dags/example_local_kubernetes_executor.py for tasks to queue
[2025-04-04T15:54:06.439+0000] {logging_mixin.py:190} INFO - [2025-04-04T15:54:06.438+0000] {dagbag.py:588} INFO - Filling up the DagBag from /home/airflow/.local/lib/python3.12/site-packages/airflow/example_dags/example_local_kubernetes_executor.py
[2025-04-04T15:54:06.455+0000] {processor.py:925} INFO - DAG(s) 'example_local_kubernetes_executor' retrieved from /home/airflow/.local/lib/python3.12/site-packages/airflow/example_dags/example_local_kubernetes_executor.py
[2025-04-04T15:54:06.487+0000] {logging_mixin.py:190} INFO - [2025-04-04T15:54:06.487+0000] {dag.py:3239} INFO - Sync 1 DAGs
[2025-04-04T15:54:06.516+0000] {logging_mixin.py:190} INFO - [2025-04-04T15:54:06.516+0000] {dag.py:4180} INFO - Setting next_dagrun for example_local_kubernetes_executor to None, run_after=None
[2025-04-04T15:54:06.554+0000] {processor.py:208} INFO - Processing /home/airflow/.local/lib/python3.12/site-packages/airflow/example_dags/example_local_kubernetes_executor.py took 0.132 seconds
[2025-04-04T15:54:36.626+0000] {processor.py:186} INFO - Started process (PID=999) to work on /home/airflow/.local/lib/python3.12/site-packages/airflow/example_dags/example_local_kubernetes_executor.py
[2025-04-04T15:54:36.627+0000] {processor.py:914} INFO - Processing file /home/airflow/.local/lib/python3.12/site-packages/airflow/example_dags/example_local_kubernetes_executor.py for tasks to queue
[2025-04-04T15:54:36.631+0000] {logging_mixin.py:190} INFO - [2025-04-04T15:54:36.630+0000] {dagbag.py:588} INFO - Filling up the DagBag from /home/airflow/.local/lib/python3.12/site-packages/airflow/example_dags/example_local_kubernetes_executor.py
[2025-04-04T15:54:36.642+0000] {processor.py:925} INFO - DAG(s) 'example_local_kubernetes_executor' retrieved from /home/airflow/.local/lib/python3.12/site-packages/airflow/example_dags/example_local_kubernetes_executor.py
[2025-04-04T15:54:36.669+0000] {logging_mixin.py:190} INFO - [2025-04-04T15:54:36.668+0000] {dag.py:3239} INFO - Sync 1 DAGs
[2025-04-04T15:54:36.694+0000] {logging_mixin.py:190} INFO - [2025-04-04T15:54:36.694+0000] {dag.py:4180} INFO - Setting next_dagrun for example_local_kubernetes_executor to None, run_after=None
[2025-04-04T15:54:36.722+0000] {processor.py:208} INFO - Processing /home/airflow/.local/lib/python3.12/site-packages/airflow/example_dags/example_local_kubernetes_executor.py took 0.104 seconds
[2025-04-04T15:55:07.034+0000] {processor.py:186} INFO - Started process (PID=1063) to work on /home/airflow/.local/lib/python3.12/site-packages/airflow/example_dags/example_local_kubernetes_executor.py
[2025-04-04T15:55:07.035+0000] {processor.py:914} INFO - Processing file /home/airflow/.local/lib/python3.12/site-packages/airflow/example_dags/example_local_kubernetes_executor.py for tasks to queue
[2025-04-04T15:55:07.038+0000] {logging_mixin.py:190} INFO - [2025-04-04T15:55:07.038+0000] {dagbag.py:588} INFO - Filling up the DagBag from /home/airflow/.local/lib/python3.12/site-packages/airflow/example_dags/example_local_kubernetes_executor.py
[2025-04-04T15:55:07.051+0000] {processor.py:925} INFO - DAG(s) 'example_local_kubernetes_executor' retrieved from /home/airflow/.local/lib/python3.12/site-packages/airflow/example_dags/example_local_kubernetes_executor.py
[2025-04-04T15:55:07.078+0000] {logging_mixin.py:190} INFO - [2025-04-04T15:55:07.078+0000] {dag.py:3239} INFO - Sync 1 DAGs
[2025-04-04T15:55:07.100+0000] {logging_mixin.py:190} INFO - [2025-04-04T15:55:07.100+0000] {dag.py:4180} INFO - Setting next_dagrun for example_local_kubernetes_executor to None, run_after=None
[2025-04-04T15:55:07.129+0000] {processor.py:208} INFO - Processing /home/airflow/.local/lib/python3.12/site-packages/airflow/example_dags/example_local_kubernetes_executor.py took 0.102 seconds
[2025-04-04T15:55:37.792+0000] {processor.py:186} INFO - Started process (PID=1127) to work on /home/airflow/.local/lib/python3.12/site-packages/airflow/example_dags/example_local_kubernetes_executor.py
[2025-04-04T15:55:37.793+0000] {processor.py:914} INFO - Processing file /home/airflow/.local/lib/python3.12/site-packages/airflow/example_dags/example_local_kubernetes_executor.py for tasks to queue
[2025-04-04T15:55:37.796+0000] {logging_mixin.py:190} INFO - [2025-04-04T15:55:37.796+0000] {dagbag.py:588} INFO - Filling up the DagBag from /home/airflow/.local/lib/python3.12/site-packages/airflow/example_dags/example_local_kubernetes_executor.py
[2025-04-04T15:55:37.810+0000] {processor.py:925} INFO - DAG(s) 'example_local_kubernetes_executor' retrieved from /home/airflow/.local/lib/python3.12/site-packages/airflow/example_dags/example_local_kubernetes_executor.py
[2025-04-04T15:55:37.844+0000] {logging_mixin.py:190} INFO - [2025-04-04T15:55:37.844+0000] {dag.py:3239} INFO - Sync 1 DAGs
[2025-04-04T15:55:37.871+0000] {logging_mixin.py:190} INFO - [2025-04-04T15:55:37.871+0000] {dag.py:4180} INFO - Setting next_dagrun for example_local_kubernetes_executor to None, run_after=None
[2025-04-04T15:55:37.907+0000] {processor.py:208} INFO - Processing /home/airflow/.local/lib/python3.12/site-packages/airflow/example_dags/example_local_kubernetes_executor.py took 0.122 seconds
[2025-04-04T15:56:08.144+0000] {processor.py:186} INFO - Started process (PID=1191) to work on /home/airflow/.local/lib/python3.12/site-packages/airflow/example_dags/example_local_kubernetes_executor.py
[2025-04-04T15:56:08.145+0000] {processor.py:914} INFO - Processing file /home/airflow/.local/lib/python3.12/site-packages/airflow/example_dags/example_local_kubernetes_executor.py for tasks to queue
[2025-04-04T15:56:08.148+0000] {logging_mixin.py:190} INFO - [2025-04-04T15:56:08.147+0000] {dagbag.py:588} INFO - Filling up the DagBag from /home/airflow/.local/lib/python3.12/site-packages/airflow/example_dags/example_local_kubernetes_executor.py
[2025-04-04T15:56:08.161+0000] {processor.py:925} INFO - DAG(s) 'example_local_kubernetes_executor' retrieved from /home/airflow/.local/lib/python3.12/site-packages/airflow/example_dags/example_local_kubernetes_executor.py
[2025-04-04T15:56:08.185+0000] {logging_mixin.py:190} INFO - [2025-04-04T15:56:08.185+0000] {dag.py:3239} INFO - Sync 1 DAGs
[2025-04-04T15:56:08.203+0000] {logging_mixin.py:190} INFO - [2025-04-04T15:56:08.203+0000] {dag.py:4180} INFO - Setting next_dagrun for example_local_kubernetes_executor to None, run_after=None
[2025-04-04T15:56:08.231+0000] {processor.py:208} INFO - Processing /home/airflow/.local/lib/python3.12/site-packages/airflow/example_dags/example_local_kubernetes_executor.py took 0.095 seconds
[2025-04-04T15:56:38.574+0000] {processor.py:186} INFO - Started process (PID=1255) to work on /home/airflow/.local/lib/python3.12/site-packages/airflow/example_dags/example_local_kubernetes_executor.py
[2025-04-04T15:56:38.575+0000] {processor.py:914} INFO - Processing file /home/airflow/.local/lib/python3.12/site-packages/airflow/example_dags/example_local_kubernetes_executor.py for tasks to queue
[2025-04-04T15:56:38.579+0000] {logging_mixin.py:190} INFO - [2025-04-04T15:56:38.578+0000] {dagbag.py:588} INFO - Filling up the DagBag from /home/airflow/.local/lib/python3.12/site-packages/airflow/example_dags/example_local_kubernetes_executor.py
[2025-04-04T15:56:38.593+0000] {processor.py:925} INFO - DAG(s) 'example_local_kubernetes_executor' retrieved from /home/airflow/.local/lib/python3.12/site-packages/airflow/example_dags/example_local_kubernetes_executor.py
[2025-04-04T15:56:38.619+0000] {logging_mixin.py:190} INFO - [2025-04-04T15:56:38.619+0000] {dag.py:3239} INFO - Sync 1 DAGs
[2025-04-04T15:56:38.647+0000] {logging_mixin.py:190} INFO - [2025-04-04T15:56:38.647+0000] {dag.py:4180} INFO - Setting next_dagrun for example_local_kubernetes_executor to None, run_after=None
[2025-04-04T15:56:38.683+0000] {processor.py:208} INFO - Processing /home/airflow/.local/lib/python3.12/site-packages/airflow/example_dags/example_local_kubernetes_executor.py took 0.116 seconds
[2025-04-04T15:57:08.850+0000] {processor.py:186} INFO - Started process (PID=1318) to work on /home/airflow/.local/lib/python3.12/site-packages/airflow/example_dags/example_local_kubernetes_executor.py
[2025-04-04T15:57:08.852+0000] {processor.py:914} INFO - Processing file /home/airflow/.local/lib/python3.12/site-packages/airflow/example_dags/example_local_kubernetes_executor.py for tasks to queue
[2025-04-04T15:57:08.857+0000] {logging_mixin.py:190} INFO - [2025-04-04T15:57:08.856+0000] {dagbag.py:588} INFO - Filling up the DagBag from /home/airflow/.local/lib/python3.12/site-packages/airflow/example_dags/example_local_kubernetes_executor.py
[2025-04-04T15:57:08.874+0000] {processor.py:925} INFO - DAG(s) 'example_local_kubernetes_executor' retrieved from /home/airflow/.local/lib/python3.12/site-packages/airflow/example_dags/example_local_kubernetes_executor.py
[2025-04-04T15:57:08.914+0000] {logging_mixin.py:190} INFO - [2025-04-04T15:57:08.913+0000] {dag.py:3239} INFO - Sync 1 DAGs
[2025-04-04T15:57:08.945+0000] {logging_mixin.py:190} INFO - [2025-04-04T15:57:08.944+0000] {dag.py:4180} INFO - Setting next_dagrun for example_local_kubernetes_executor to None, run_after=None
[2025-04-04T15:57:08.971+0000] {processor.py:208} INFO - Processing /home/airflow/.local/lib/python3.12/site-packages/airflow/example_dags/example_local_kubernetes_executor.py took 0.140 seconds
[2025-04-04T15:57:40.184+0000] {processor.py:186} INFO - Started process (PID=1383) to work on /home/airflow/.local/lib/python3.12/site-packages/airflow/example_dags/example_local_kubernetes_executor.py
[2025-04-04T15:57:40.190+0000] {processor.py:914} INFO - Processing file /home/airflow/.local/lib/python3.12/site-packages/airflow/example_dags/example_local_kubernetes_executor.py for tasks to queue
[2025-04-04T15:57:40.198+0000] {logging_mixin.py:190} INFO - [2025-04-04T15:57:40.197+0000] {dagbag.py:588} INFO - Filling up the DagBag from /home/airflow/.local/lib/python3.12/site-packages/airflow/example_dags/example_local_kubernetes_executor.py
[2025-04-04T15:57:40.239+0000] {processor.py:925} INFO - DAG(s) 'example_local_kubernetes_executor' retrieved from /home/airflow/.local/lib/python3.12/site-packages/airflow/example_dags/example_local_kubernetes_executor.py
[2025-04-04T15:57:40.313+0000] {logging_mixin.py:190} INFO - [2025-04-04T15:57:40.312+0000] {dag.py:3239} INFO - Sync 1 DAGs
[2025-04-04T15:57:40.393+0000] {logging_mixin.py:190} INFO - [2025-04-04T15:57:40.393+0000] {dag.py:4180} INFO - Setting next_dagrun for example_local_kubernetes_executor to None, run_after=None
[2025-04-04T15:57:40.472+0000] {processor.py:208} INFO - Processing /home/airflow/.local/lib/python3.12/site-packages/airflow/example_dags/example_local_kubernetes_executor.py took 0.318 seconds
[2025-04-04T15:58:11.424+0000] {processor.py:186} INFO - Started process (PID=1447) to work on /home/airflow/.local/lib/python3.12/site-packages/airflow/example_dags/example_local_kubernetes_executor.py
[2025-04-04T15:58:11.427+0000] {processor.py:914} INFO - Processing file /home/airflow/.local/lib/python3.12/site-packages/airflow/example_dags/example_local_kubernetes_executor.py for tasks to queue
[2025-04-04T15:58:11.432+0000] {logging_mixin.py:190} INFO - [2025-04-04T15:58:11.432+0000] {dagbag.py:588} INFO - Filling up the DagBag from /home/airflow/.local/lib/python3.12/site-packages/airflow/example_dags/example_local_kubernetes_executor.py
[2025-04-04T15:58:11.452+0000] {processor.py:925} INFO - DAG(s) 'example_local_kubernetes_executor' retrieved from /home/airflow/.local/lib/python3.12/site-packages/airflow/example_dags/example_local_kubernetes_executor.py
[2025-04-04T15:58:11.490+0000] {logging_mixin.py:190} INFO - [2025-04-04T15:58:11.490+0000] {dag.py:3239} INFO - Sync 1 DAGs
[2025-04-04T15:58:11.518+0000] {logging_mixin.py:190} INFO - [2025-04-04T15:58:11.518+0000] {dag.py:4180} INFO - Setting next_dagrun for example_local_kubernetes_executor to None, run_after=None
[2025-04-04T15:58:11.548+0000] {processor.py:208} INFO - Processing /home/airflow/.local/lib/python3.12/site-packages/airflow/example_dags/example_local_kubernetes_executor.py took 0.141 seconds
[2025-04-04T15:58:41.944+0000] {processor.py:186} INFO - Started process (PID=1511) to work on /home/airflow/.local/lib/python3.12/site-packages/airflow/example_dags/example_local_kubernetes_executor.py
[2025-04-04T15:58:41.945+0000] {processor.py:914} INFO - Processing file /home/airflow/.local/lib/python3.12/site-packages/airflow/example_dags/example_local_kubernetes_executor.py for tasks to queue
[2025-04-04T15:58:41.948+0000] {logging_mixin.py:190} INFO - [2025-04-04T15:58:41.947+0000] {dagbag.py:588} INFO - Filling up the DagBag from /home/airflow/.local/lib/python3.12/site-packages/airflow/example_dags/example_local_kubernetes_executor.py
[2025-04-04T15:58:41.959+0000] {processor.py:925} INFO - DAG(s) 'example_local_kubernetes_executor' retrieved from /home/airflow/.local/lib/python3.12/site-packages/airflow/example_dags/example_local_kubernetes_executor.py
[2025-04-04T15:58:41.983+0000] {logging_mixin.py:190} INFO - [2025-04-04T15:58:41.982+0000] {dag.py:3239} INFO - Sync 1 DAGs
[2025-04-04T15:58:42.002+0000] {logging_mixin.py:190} INFO - [2025-04-04T15:58:42.002+0000] {dag.py:4180} INFO - Setting next_dagrun for example_local_kubernetes_executor to None, run_after=None
[2025-04-04T15:58:42.024+0000] {processor.py:208} INFO - Processing /home/airflow/.local/lib/python3.12/site-packages/airflow/example_dags/example_local_kubernetes_executor.py took 0.087 seconds
[2025-04-04T16:00:55.694+0000] {processor.py:186} INFO - Started process (PID=106) to work on /home/airflow/.local/lib/python3.12/site-packages/airflow/example_dags/example_local_kubernetes_executor.py
[2025-04-04T16:00:55.695+0000] {processor.py:914} INFO - Processing file /home/airflow/.local/lib/python3.12/site-packages/airflow/example_dags/example_local_kubernetes_executor.py for tasks to queue
[2025-04-04T16:00:55.700+0000] {logging_mixin.py:190} INFO - [2025-04-04T16:00:55.699+0000] {dagbag.py:588} INFO - Filling up the DagBag from /home/airflow/.local/lib/python3.12/site-packages/airflow/example_dags/example_local_kubernetes_executor.py
[2025-04-04T16:00:55.719+0000] {processor.py:925} INFO - DAG(s) 'example_local_kubernetes_executor' retrieved from /home/airflow/.local/lib/python3.12/site-packages/airflow/example_dags/example_local_kubernetes_executor.py
[2025-04-04T16:00:55.756+0000] {logging_mixin.py:190} INFO - [2025-04-04T16:00:55.756+0000] {dag.py:3239} INFO - Sync 1 DAGs
[2025-04-04T16:00:55.786+0000] {logging_mixin.py:190} INFO - [2025-04-04T16:00:55.785+0000] {dag.py:4180} INFO - Setting next_dagrun for example_local_kubernetes_executor to None, run_after=None
[2025-04-04T16:00:55.818+0000] {processor.py:208} INFO - Processing /home/airflow/.local/lib/python3.12/site-packages/airflow/example_dags/example_local_kubernetes_executor.py took 0.136 seconds
[2025-04-04T16:01:26.292+0000] {processor.py:186} INFO - Started process (PID=169) to work on /home/airflow/.local/lib/python3.12/site-packages/airflow/example_dags/example_local_kubernetes_executor.py
[2025-04-04T16:01:26.293+0000] {processor.py:914} INFO - Processing file /home/airflow/.local/lib/python3.12/site-packages/airflow/example_dags/example_local_kubernetes_executor.py for tasks to queue
[2025-04-04T16:01:26.298+0000] {logging_mixin.py:190} INFO - [2025-04-04T16:01:26.297+0000] {dagbag.py:588} INFO - Filling up the DagBag from /home/airflow/.local/lib/python3.12/site-packages/airflow/example_dags/example_local_kubernetes_executor.py
[2025-04-04T16:01:26.313+0000] {processor.py:925} INFO - DAG(s) 'example_local_kubernetes_executor' retrieved from /home/airflow/.local/lib/python3.12/site-packages/airflow/example_dags/example_local_kubernetes_executor.py
[2025-04-04T16:01:26.340+0000] {logging_mixin.py:190} INFO - [2025-04-04T16:01:26.340+0000] {dag.py:3239} INFO - Sync 1 DAGs
[2025-04-04T16:01:26.360+0000] {logging_mixin.py:190} INFO - [2025-04-04T16:01:26.359+0000] {dag.py:4180} INFO - Setting next_dagrun for example_local_kubernetes_executor to None, run_after=None
[2025-04-04T16:01:26.383+0000] {processor.py:208} INFO - Processing /home/airflow/.local/lib/python3.12/site-packages/airflow/example_dags/example_local_kubernetes_executor.py took 0.100 seconds
[2025-04-04T16:01:57.266+0000] {processor.py:186} INFO - Started process (PID=233) to work on /home/airflow/.local/lib/python3.12/site-packages/airflow/example_dags/example_local_kubernetes_executor.py
[2025-04-04T16:01:57.267+0000] {processor.py:914} INFO - Processing file /home/airflow/.local/lib/python3.12/site-packages/airflow/example_dags/example_local_kubernetes_executor.py for tasks to queue
[2025-04-04T16:01:57.270+0000] {logging_mixin.py:190} INFO - [2025-04-04T16:01:57.270+0000] {dagbag.py:588} INFO - Filling up the DagBag from /home/airflow/.local/lib/python3.12/site-packages/airflow/example_dags/example_local_kubernetes_executor.py
[2025-04-04T16:01:57.285+0000] {processor.py:925} INFO - DAG(s) 'example_local_kubernetes_executor' retrieved from /home/airflow/.local/lib/python3.12/site-packages/airflow/example_dags/example_local_kubernetes_executor.py
[2025-04-04T16:01:57.316+0000] {logging_mixin.py:190} INFO - [2025-04-04T16:01:57.316+0000] {dag.py:3239} INFO - Sync 1 DAGs
[2025-04-04T16:01:57.337+0000] {logging_mixin.py:190} INFO - [2025-04-04T16:01:57.337+0000] {dag.py:4180} INFO - Setting next_dagrun for example_local_kubernetes_executor to None, run_after=None
[2025-04-04T16:01:57.364+0000] {processor.py:208} INFO - Processing /home/airflow/.local/lib/python3.12/site-packages/airflow/example_dags/example_local_kubernetes_executor.py took 0.106 seconds
[2025-04-04T16:02:29.766+0000] {processor.py:186} INFO - Started process (PID=303) to work on /home/airflow/.local/lib/python3.12/site-packages/airflow/example_dags/example_local_kubernetes_executor.py
[2025-04-04T16:02:29.768+0000] {processor.py:914} INFO - Processing file /home/airflow/.local/lib/python3.12/site-packages/airflow/example_dags/example_local_kubernetes_executor.py for tasks to queue
[2025-04-04T16:02:29.772+0000] {logging_mixin.py:190} INFO - [2025-04-04T16:02:29.771+0000] {dagbag.py:588} INFO - Filling up the DagBag from /home/airflow/.local/lib/python3.12/site-packages/airflow/example_dags/example_local_kubernetes_executor.py
[2025-04-04T16:02:29.786+0000] {processor.py:925} INFO - DAG(s) 'example_local_kubernetes_executor' retrieved from /home/airflow/.local/lib/python3.12/site-packages/airflow/example_dags/example_local_kubernetes_executor.py
[2025-04-04T16:02:29.812+0000] {logging_mixin.py:190} INFO - [2025-04-04T16:02:29.811+0000] {dag.py:3239} INFO - Sync 1 DAGs
[2025-04-04T16:02:29.832+0000] {logging_mixin.py:190} INFO - [2025-04-04T16:02:29.832+0000] {dag.py:4180} INFO - Setting next_dagrun for example_local_kubernetes_executor to None, run_after=None
[2025-04-04T16:02:29.858+0000] {processor.py:208} INFO - Processing /home/airflow/.local/lib/python3.12/site-packages/airflow/example_dags/example_local_kubernetes_executor.py took 0.102 seconds
