[2025-04-04T15:44:23.597+0000] {processor.py:186} INFO - Started process (PID=117) to work on /home/airflow/.local/lib/python3.12/site-packages/airflow/example_dags/example_bash_operator.py
[2025-04-04T15:44:23.598+0000] {processor.py:914} INFO - Processing file /home/airflow/.local/lib/python3.12/site-packages/airflow/example_dags/example_bash_operator.py for tasks to queue
[2025-04-04T15:44:23.603+0000] {logging_mixin.py:190} INFO - [2025-04-04T15:44:23.602+0000] {dagbag.py:588} INFO - Filling up the DagBag from /home/airflow/.local/lib/python3.12/site-packages/airflow/example_dags/example_bash_operator.py
[2025-04-04T15:44:23.632+0000] {processor.py:925} INFO - DAG(s) 'example_bash_operator' retrieved from /home/airflow/.local/lib/python3.12/site-packages/airflow/example_dags/example_bash_operator.py
[2025-04-04T15:44:23.851+0000] {logging_mixin.py:190} INFO - [2025-04-04T15:44:23.850+0000] {override.py:1912} INFO - Created Permission View: can edit on DAG:example_bash_operator
[2025-04-04T15:44:23.868+0000] {logging_mixin.py:190} INFO - [2025-04-04T15:44:23.868+0000] {override.py:1912} INFO - Created Permission View: can read on DAG:example_bash_operator
[2025-04-04T15:44:23.880+0000] {logging_mixin.py:190} INFO - [2025-04-04T15:44:23.879+0000] {override.py:1912} INFO - Created Permission View: can delete on DAG:example_bash_operator
[2025-04-04T15:44:23.890+0000] {logging_mixin.py:190} INFO - [2025-04-04T15:44:23.889+0000] {override.py:1912} INFO - Created Permission View: menu access on DAG Run:example_bash_operator
[2025-04-04T15:44:23.900+0000] {logging_mixin.py:190} INFO - [2025-04-04T15:44:23.899+0000] {override.py:1912} INFO - Created Permission View: can read on DAG Run:example_bash_operator
[2025-04-04T15:44:23.912+0000] {logging_mixin.py:190} INFO - [2025-04-04T15:44:23.911+0000] {override.py:1912} INFO - Created Permission View: can create on DAG Run:example_bash_operator
[2025-04-04T15:44:23.922+0000] {logging_mixin.py:190} INFO - [2025-04-04T15:44:23.922+0000] {override.py:1912} INFO - Created Permission View: can delete on DAG Run:example_bash_operator
[2025-04-04T15:44:23.923+0000] {logging_mixin.py:190} INFO - [2025-04-04T15:44:23.923+0000] {dag.py:3239} INFO - Sync 1 DAGs
[2025-04-04T15:44:23.945+0000] {logging_mixin.py:190} INFO - [2025-04-04T15:44:23.945+0000] {dag.py:3262} INFO - Creating ORM DAG for example_bash_operator
[2025-04-04T15:44:23.966+0000] {logging_mixin.py:190} INFO - [2025-04-04T15:44:23.965+0000] {dag.py:4180} INFO - Setting next_dagrun for example_bash_operator to 2025-04-03 00:00:00+00:00, run_after=2025-04-04 00:00:00+00:00
[2025-04-04T15:44:23.992+0000] {processor.py:208} INFO - Processing /home/airflow/.local/lib/python3.12/site-packages/airflow/example_dags/example_bash_operator.py took 0.409 seconds
[2025-04-04T15:44:54.450+0000] {processor.py:186} INFO - Started process (PID=180) to work on /home/airflow/.local/lib/python3.12/site-packages/airflow/example_dags/example_bash_operator.py
[2025-04-04T15:44:54.451+0000] {processor.py:914} INFO - Processing file /home/airflow/.local/lib/python3.12/site-packages/airflow/example_dags/example_bash_operator.py for tasks to queue
[2025-04-04T15:44:54.455+0000] {logging_mixin.py:190} INFO - [2025-04-04T15:44:54.455+0000] {dagbag.py:588} INFO - Filling up the DagBag from /home/airflow/.local/lib/python3.12/site-packages/airflow/example_dags/example_bash_operator.py
[2025-04-04T15:44:54.474+0000] {processor.py:925} INFO - DAG(s) 'example_bash_operator' retrieved from /home/airflow/.local/lib/python3.12/site-packages/airflow/example_dags/example_bash_operator.py
[2025-04-04T15:44:54.510+0000] {logging_mixin.py:190} INFO - [2025-04-04T15:44:54.510+0000] {dag.py:3239} INFO - Sync 1 DAGs
[2025-04-04T15:44:54.541+0000] {logging_mixin.py:190} INFO - [2025-04-04T15:44:54.541+0000] {dag.py:4180} INFO - Setting next_dagrun for example_bash_operator to 2025-04-03 00:00:00+00:00, run_after=2025-04-04 00:00:00+00:00
[2025-04-04T15:44:54.568+0000] {processor.py:208} INFO - Processing /home/airflow/.local/lib/python3.12/site-packages/airflow/example_dags/example_bash_operator.py took 0.127 seconds
[2025-04-04T15:45:24.906+0000] {processor.py:186} INFO - Started process (PID=243) to work on /home/airflow/.local/lib/python3.12/site-packages/airflow/example_dags/example_bash_operator.py
[2025-04-04T15:45:24.907+0000] {processor.py:914} INFO - Processing file /home/airflow/.local/lib/python3.12/site-packages/airflow/example_dags/example_bash_operator.py for tasks to queue
[2025-04-04T15:45:24.911+0000] {logging_mixin.py:190} INFO - [2025-04-04T15:45:24.910+0000] {dagbag.py:588} INFO - Filling up the DagBag from /home/airflow/.local/lib/python3.12/site-packages/airflow/example_dags/example_bash_operator.py
[2025-04-04T15:45:24.931+0000] {processor.py:925} INFO - DAG(s) 'example_bash_operator' retrieved from /home/airflow/.local/lib/python3.12/site-packages/airflow/example_dags/example_bash_operator.py
[2025-04-04T15:45:24.965+0000] {logging_mixin.py:190} INFO - [2025-04-04T15:45:24.965+0000] {dag.py:3239} INFO - Sync 1 DAGs
[2025-04-04T15:45:25.005+0000] {logging_mixin.py:190} INFO - [2025-04-04T15:45:25.004+0000] {dag.py:4180} INFO - Setting next_dagrun for example_bash_operator to 2025-04-03 00:00:00+00:00, run_after=2025-04-04 00:00:00+00:00
[2025-04-04T15:45:25.039+0000] {processor.py:208} INFO - Processing /home/airflow/.local/lib/python3.12/site-packages/airflow/example_dags/example_bash_operator.py took 0.142 seconds
[2025-04-04T15:45:57.508+0000] {processor.py:186} INFO - Started process (PID=306) to work on /home/airflow/.local/lib/python3.12/site-packages/airflow/example_dags/example_bash_operator.py
[2025-04-04T15:45:57.513+0000] {processor.py:914} INFO - Processing file /home/airflow/.local/lib/python3.12/site-packages/airflow/example_dags/example_bash_operator.py for tasks to queue
[2025-04-04T15:45:57.522+0000] {logging_mixin.py:190} INFO - [2025-04-04T15:45:57.521+0000] {dagbag.py:588} INFO - Filling up the DagBag from /home/airflow/.local/lib/python3.12/site-packages/airflow/example_dags/example_bash_operator.py
[2025-04-04T15:45:57.603+0000] {processor.py:925} INFO - DAG(s) 'example_bash_operator' retrieved from /home/airflow/.local/lib/python3.12/site-packages/airflow/example_dags/example_bash_operator.py
[2025-04-04T15:45:57.726+0000] {logging_mixin.py:190} INFO - [2025-04-04T15:45:57.726+0000] {dag.py:3239} INFO - Sync 1 DAGs
[2025-04-04T15:45:57.831+0000] {logging_mixin.py:190} INFO - [2025-04-04T15:45:57.830+0000] {dag.py:4180} INFO - Setting next_dagrun for example_bash_operator to 2025-04-03 00:00:00+00:00, run_after=2025-04-04 00:00:00+00:00
[2025-04-04T15:45:57.878+0000] {processor.py:208} INFO - Processing /home/airflow/.local/lib/python3.12/site-packages/airflow/example_dags/example_bash_operator.py took 0.393 seconds
[2025-04-04T15:47:25.843+0000] {processor.py:186} INFO - Started process (PID=111) to work on /home/airflow/.local/lib/python3.12/site-packages/airflow/example_dags/example_bash_operator.py
[2025-04-04T15:47:25.845+0000] {processor.py:914} INFO - Processing file /home/airflow/.local/lib/python3.12/site-packages/airflow/example_dags/example_bash_operator.py for tasks to queue
[2025-04-04T15:47:25.852+0000] {logging_mixin.py:190} INFO - [2025-04-04T15:47:25.851+0000] {dagbag.py:588} INFO - Filling up the DagBag from /home/airflow/.local/lib/python3.12/site-packages/airflow/example_dags/example_bash_operator.py
[2025-04-04T15:47:25.896+0000] {processor.py:925} INFO - DAG(s) 'example_bash_operator' retrieved from /home/airflow/.local/lib/python3.12/site-packages/airflow/example_dags/example_bash_operator.py
[2025-04-04T15:47:25.972+0000] {logging_mixin.py:190} INFO - [2025-04-04T15:47:25.972+0000] {dag.py:3239} INFO - Sync 1 DAGs
[2025-04-04T15:47:26.030+0000] {logging_mixin.py:190} INFO - [2025-04-04T15:47:26.030+0000] {dag.py:4180} INFO - Setting next_dagrun for example_bash_operator to 2025-04-03 00:00:00+00:00, run_after=2025-04-04 00:00:00+00:00
[2025-04-04T15:47:26.065+0000] {processor.py:208} INFO - Processing /home/airflow/.local/lib/python3.12/site-packages/airflow/example_dags/example_bash_operator.py took 0.236 seconds
[2025-04-04T15:47:56.808+0000] {processor.py:186} INFO - Started process (PID=175) to work on /home/airflow/.local/lib/python3.12/site-packages/airflow/example_dags/example_bash_operator.py
[2025-04-04T15:47:56.809+0000] {processor.py:914} INFO - Processing file /home/airflow/.local/lib/python3.12/site-packages/airflow/example_dags/example_bash_operator.py for tasks to queue
[2025-04-04T15:47:56.812+0000] {logging_mixin.py:190} INFO - [2025-04-04T15:47:56.811+0000] {dagbag.py:588} INFO - Filling up the DagBag from /home/airflow/.local/lib/python3.12/site-packages/airflow/example_dags/example_bash_operator.py
[2025-04-04T15:47:56.835+0000] {processor.py:925} INFO - DAG(s) 'example_bash_operator' retrieved from /home/airflow/.local/lib/python3.12/site-packages/airflow/example_dags/example_bash_operator.py
[2025-04-04T15:47:56.871+0000] {logging_mixin.py:190} INFO - [2025-04-04T15:47:56.870+0000] {dag.py:3239} INFO - Sync 1 DAGs
[2025-04-04T15:47:56.903+0000] {logging_mixin.py:190} INFO - [2025-04-04T15:47:56.903+0000] {dag.py:4180} INFO - Setting next_dagrun for example_bash_operator to 2025-04-03 00:00:00+00:00, run_after=2025-04-04 00:00:00+00:00
[2025-04-04T15:47:56.925+0000] {processor.py:208} INFO - Processing /home/airflow/.local/lib/python3.12/site-packages/airflow/example_dags/example_bash_operator.py took 0.126 seconds
[2025-04-04T15:48:27.652+0000] {processor.py:186} INFO - Started process (PID=239) to work on /home/airflow/.local/lib/python3.12/site-packages/airflow/example_dags/example_bash_operator.py
[2025-04-04T15:48:27.653+0000] {processor.py:914} INFO - Processing file /home/airflow/.local/lib/python3.12/site-packages/airflow/example_dags/example_bash_operator.py for tasks to queue
[2025-04-04T15:48:27.657+0000] {logging_mixin.py:190} INFO - [2025-04-04T15:48:27.656+0000] {dagbag.py:588} INFO - Filling up the DagBag from /home/airflow/.local/lib/python3.12/site-packages/airflow/example_dags/example_bash_operator.py
[2025-04-04T15:48:27.676+0000] {processor.py:925} INFO - DAG(s) 'example_bash_operator' retrieved from /home/airflow/.local/lib/python3.12/site-packages/airflow/example_dags/example_bash_operator.py
[2025-04-04T15:48:27.712+0000] {logging_mixin.py:190} INFO - [2025-04-04T15:48:27.712+0000] {dag.py:3239} INFO - Sync 1 DAGs
[2025-04-04T15:48:27.744+0000] {logging_mixin.py:190} INFO - [2025-04-04T15:48:27.744+0000] {dag.py:4180} INFO - Setting next_dagrun for example_bash_operator to 2025-04-03 00:00:00+00:00, run_after=2025-04-04 00:00:00+00:00
[2025-04-04T15:48:27.767+0000] {processor.py:208} INFO - Processing /home/airflow/.local/lib/python3.12/site-packages/airflow/example_dags/example_bash_operator.py took 0.123 seconds
[2025-04-04T15:48:58.544+0000] {processor.py:186} INFO - Started process (PID=303) to work on /home/airflow/.local/lib/python3.12/site-packages/airflow/example_dags/example_bash_operator.py
[2025-04-04T15:48:58.545+0000] {processor.py:914} INFO - Processing file /home/airflow/.local/lib/python3.12/site-packages/airflow/example_dags/example_bash_operator.py for tasks to queue
[2025-04-04T15:48:58.551+0000] {logging_mixin.py:190} INFO - [2025-04-04T15:48:58.551+0000] {dagbag.py:588} INFO - Filling up the DagBag from /home/airflow/.local/lib/python3.12/site-packages/airflow/example_dags/example_bash_operator.py
[2025-04-04T15:48:58.577+0000] {processor.py:925} INFO - DAG(s) 'example_bash_operator' retrieved from /home/airflow/.local/lib/python3.12/site-packages/airflow/example_dags/example_bash_operator.py
[2025-04-04T15:48:58.625+0000] {logging_mixin.py:190} INFO - [2025-04-04T15:48:58.625+0000] {dag.py:3239} INFO - Sync 1 DAGs
[2025-04-04T15:48:58.671+0000] {logging_mixin.py:190} INFO - [2025-04-04T15:48:58.671+0000] {dag.py:4180} INFO - Setting next_dagrun for example_bash_operator to 2025-04-03 00:00:00+00:00, run_after=2025-04-04 00:00:00+00:00
[2025-04-04T15:48:58.705+0000] {processor.py:208} INFO - Processing /home/airflow/.local/lib/python3.12/site-packages/airflow/example_dags/example_bash_operator.py took 0.184 seconds
[2025-04-04T15:49:30.408+0000] {processor.py:186} INFO - Started process (PID=367) to work on /home/airflow/.local/lib/python3.12/site-packages/airflow/example_dags/example_bash_operator.py
[2025-04-04T15:49:30.416+0000] {processor.py:914} INFO - Processing file /home/airflow/.local/lib/python3.12/site-packages/airflow/example_dags/example_bash_operator.py for tasks to queue
[2025-04-04T15:49:30.423+0000] {logging_mixin.py:190} INFO - [2025-04-04T15:49:30.422+0000] {dagbag.py:588} INFO - Filling up the DagBag from /home/airflow/.local/lib/python3.12/site-packages/airflow/example_dags/example_bash_operator.py
[2025-04-04T15:49:30.463+0000] {processor.py:925} INFO - DAG(s) 'example_bash_operator' retrieved from /home/airflow/.local/lib/python3.12/site-packages/airflow/example_dags/example_bash_operator.py
[2025-04-04T15:49:30.545+0000] {logging_mixin.py:190} INFO - [2025-04-04T15:49:30.544+0000] {dag.py:3239} INFO - Sync 1 DAGs
[2025-04-04T15:49:30.614+0000] {logging_mixin.py:190} INFO - [2025-04-04T15:49:30.613+0000] {dag.py:4180} INFO - Setting next_dagrun for example_bash_operator to 2025-04-03 00:00:00+00:00, run_after=2025-04-04 00:00:00+00:00
[2025-04-04T15:49:30.652+0000] {processor.py:208} INFO - Processing /home/airflow/.local/lib/python3.12/site-packages/airflow/example_dags/example_bash_operator.py took 0.271 seconds
[2025-04-04T15:50:01.518+0000] {processor.py:186} INFO - Started process (PID=431) to work on /home/airflow/.local/lib/python3.12/site-packages/airflow/example_dags/example_bash_operator.py
[2025-04-04T15:50:01.519+0000] {processor.py:914} INFO - Processing file /home/airflow/.local/lib/python3.12/site-packages/airflow/example_dags/example_bash_operator.py for tasks to queue
[2025-04-04T15:50:01.522+0000] {logging_mixin.py:190} INFO - [2025-04-04T15:50:01.521+0000] {dagbag.py:588} INFO - Filling up the DagBag from /home/airflow/.local/lib/python3.12/site-packages/airflow/example_dags/example_bash_operator.py
[2025-04-04T15:50:01.546+0000] {processor.py:925} INFO - DAG(s) 'example_bash_operator' retrieved from /home/airflow/.local/lib/python3.12/site-packages/airflow/example_dags/example_bash_operator.py
[2025-04-04T15:50:01.587+0000] {logging_mixin.py:190} INFO - [2025-04-04T15:50:01.587+0000] {dag.py:3239} INFO - Sync 1 DAGs
[2025-04-04T15:50:01.626+0000] {logging_mixin.py:190} INFO - [2025-04-04T15:50:01.625+0000] {dag.py:4180} INFO - Setting next_dagrun for example_bash_operator to 2025-04-03 00:00:00+00:00, run_after=2025-04-04 00:00:00+00:00
[2025-04-04T15:50:01.656+0000] {processor.py:208} INFO - Processing /home/airflow/.local/lib/python3.12/site-packages/airflow/example_dags/example_bash_operator.py took 0.148 seconds
[2025-04-04T15:50:32.878+0000] {processor.py:186} INFO - Started process (PID=495) to work on /home/airflow/.local/lib/python3.12/site-packages/airflow/example_dags/example_bash_operator.py
[2025-04-04T15:50:32.879+0000] {processor.py:914} INFO - Processing file /home/airflow/.local/lib/python3.12/site-packages/airflow/example_dags/example_bash_operator.py for tasks to queue
[2025-04-04T15:50:32.881+0000] {logging_mixin.py:190} INFO - [2025-04-04T15:50:32.881+0000] {dagbag.py:588} INFO - Filling up the DagBag from /home/airflow/.local/lib/python3.12/site-packages/airflow/example_dags/example_bash_operator.py
[2025-04-04T15:50:32.901+0000] {processor.py:925} INFO - DAG(s) 'example_bash_operator' retrieved from /home/airflow/.local/lib/python3.12/site-packages/airflow/example_dags/example_bash_operator.py
[2025-04-04T15:50:32.947+0000] {logging_mixin.py:190} INFO - [2025-04-04T15:50:32.946+0000] {dag.py:3239} INFO - Sync 1 DAGs
[2025-04-04T15:50:32.980+0000] {logging_mixin.py:190} INFO - [2025-04-04T15:50:32.980+0000] {dag.py:4180} INFO - Setting next_dagrun for example_bash_operator to 2025-04-03 00:00:00+00:00, run_after=2025-04-04 00:00:00+00:00
[2025-04-04T15:50:33.004+0000] {processor.py:208} INFO - Processing /home/airflow/.local/lib/python3.12/site-packages/airflow/example_dags/example_bash_operator.py took 0.134 seconds
[2025-04-04T15:51:03.929+0000] {processor.py:186} INFO - Started process (PID=559) to work on /home/airflow/.local/lib/python3.12/site-packages/airflow/example_dags/example_bash_operator.py
[2025-04-04T15:51:03.930+0000] {processor.py:914} INFO - Processing file /home/airflow/.local/lib/python3.12/site-packages/airflow/example_dags/example_bash_operator.py for tasks to queue
[2025-04-04T15:51:03.933+0000] {logging_mixin.py:190} INFO - [2025-04-04T15:51:03.932+0000] {dagbag.py:588} INFO - Filling up the DagBag from /home/airflow/.local/lib/python3.12/site-packages/airflow/example_dags/example_bash_operator.py
[2025-04-04T15:51:03.951+0000] {processor.py:925} INFO - DAG(s) 'example_bash_operator' retrieved from /home/airflow/.local/lib/python3.12/site-packages/airflow/example_dags/example_bash_operator.py
[2025-04-04T15:51:03.987+0000] {logging_mixin.py:190} INFO - [2025-04-04T15:51:03.987+0000] {dag.py:3239} INFO - Sync 1 DAGs
[2025-04-04T15:51:04.024+0000] {logging_mixin.py:190} INFO - [2025-04-04T15:51:04.024+0000] {dag.py:4180} INFO - Setting next_dagrun for example_bash_operator to 2025-04-03 00:00:00+00:00, run_after=2025-04-04 00:00:00+00:00
[2025-04-04T15:51:04.054+0000] {processor.py:208} INFO - Processing /home/airflow/.local/lib/python3.12/site-packages/airflow/example_dags/example_bash_operator.py took 0.134 seconds
[2025-04-04T15:51:35.116+0000] {processor.py:186} INFO - Started process (PID=623) to work on /home/airflow/.local/lib/python3.12/site-packages/airflow/example_dags/example_bash_operator.py
[2025-04-04T15:51:35.117+0000] {processor.py:914} INFO - Processing file /home/airflow/.local/lib/python3.12/site-packages/airflow/example_dags/example_bash_operator.py for tasks to queue
[2025-04-04T15:51:35.120+0000] {logging_mixin.py:190} INFO - [2025-04-04T15:51:35.120+0000] {dagbag.py:588} INFO - Filling up the DagBag from /home/airflow/.local/lib/python3.12/site-packages/airflow/example_dags/example_bash_operator.py
[2025-04-04T15:51:35.138+0000] {processor.py:925} INFO - DAG(s) 'example_bash_operator' retrieved from /home/airflow/.local/lib/python3.12/site-packages/airflow/example_dags/example_bash_operator.py
[2025-04-04T15:51:35.181+0000] {logging_mixin.py:190} INFO - [2025-04-04T15:51:35.181+0000] {dag.py:3239} INFO - Sync 1 DAGs
[2025-04-04T15:51:35.214+0000] {logging_mixin.py:190} INFO - [2025-04-04T15:51:35.214+0000] {dag.py:4180} INFO - Setting next_dagrun for example_bash_operator to 2025-04-03 00:00:00+00:00, run_after=2025-04-04 00:00:00+00:00
[2025-04-04T15:51:35.239+0000] {processor.py:208} INFO - Processing /home/airflow/.local/lib/python3.12/site-packages/airflow/example_dags/example_bash_operator.py took 0.131 seconds
[2025-04-04T15:52:05.927+0000] {processor.py:186} INFO - Started process (PID=687) to work on /home/airflow/.local/lib/python3.12/site-packages/airflow/example_dags/example_bash_operator.py
[2025-04-04T15:52:05.929+0000] {processor.py:914} INFO - Processing file /home/airflow/.local/lib/python3.12/site-packages/airflow/example_dags/example_bash_operator.py for tasks to queue
[2025-04-04T15:52:05.931+0000] {logging_mixin.py:190} INFO - [2025-04-04T15:52:05.931+0000] {dagbag.py:588} INFO - Filling up the DagBag from /home/airflow/.local/lib/python3.12/site-packages/airflow/example_dags/example_bash_operator.py
[2025-04-04T15:52:05.950+0000] {processor.py:925} INFO - DAG(s) 'example_bash_operator' retrieved from /home/airflow/.local/lib/python3.12/site-packages/airflow/example_dags/example_bash_operator.py
[2025-04-04T15:52:05.998+0000] {logging_mixin.py:190} INFO - [2025-04-04T15:52:05.998+0000] {dag.py:3239} INFO - Sync 1 DAGs
[2025-04-04T15:52:06.046+0000] {logging_mixin.py:190} INFO - [2025-04-04T15:52:06.045+0000] {dag.py:4180} INFO - Setting next_dagrun for example_bash_operator to 2025-04-03 00:00:00+00:00, run_after=2025-04-04 00:00:00+00:00
[2025-04-04T15:52:06.076+0000] {processor.py:208} INFO - Processing /home/airflow/.local/lib/python3.12/site-packages/airflow/example_dags/example_bash_operator.py took 0.157 seconds
[2025-04-04T15:52:36.891+0000] {processor.py:186} INFO - Started process (PID=751) to work on /home/airflow/.local/lib/python3.12/site-packages/airflow/example_dags/example_bash_operator.py
[2025-04-04T15:52:36.893+0000] {processor.py:914} INFO - Processing file /home/airflow/.local/lib/python3.12/site-packages/airflow/example_dags/example_bash_operator.py for tasks to queue
[2025-04-04T15:52:36.897+0000] {logging_mixin.py:190} INFO - [2025-04-04T15:52:36.896+0000] {dagbag.py:588} INFO - Filling up the DagBag from /home/airflow/.local/lib/python3.12/site-packages/airflow/example_dags/example_bash_operator.py
[2025-04-04T15:52:36.924+0000] {processor.py:925} INFO - DAG(s) 'example_bash_operator' retrieved from /home/airflow/.local/lib/python3.12/site-packages/airflow/example_dags/example_bash_operator.py
[2025-04-04T15:52:36.984+0000] {logging_mixin.py:190} INFO - [2025-04-04T15:52:36.983+0000] {dag.py:3239} INFO - Sync 1 DAGs
[2025-04-04T15:52:37.034+0000] {logging_mixin.py:190} INFO - [2025-04-04T15:52:37.033+0000] {dag.py:4180} INFO - Setting next_dagrun for example_bash_operator to 2025-04-03 00:00:00+00:00, run_after=2025-04-04 00:00:00+00:00
[2025-04-04T15:52:37.065+0000] {processor.py:208} INFO - Processing /home/airflow/.local/lib/python3.12/site-packages/airflow/example_dags/example_bash_operator.py took 0.186 seconds
[2025-04-04T15:53:07.317+0000] {processor.py:186} INFO - Started process (PID=814) to work on /home/airflow/.local/lib/python3.12/site-packages/airflow/example_dags/example_bash_operator.py
[2025-04-04T15:53:07.318+0000] {processor.py:914} INFO - Processing file /home/airflow/.local/lib/python3.12/site-packages/airflow/example_dags/example_bash_operator.py for tasks to queue
[2025-04-04T15:53:07.321+0000] {logging_mixin.py:190} INFO - [2025-04-04T15:53:07.320+0000] {dagbag.py:588} INFO - Filling up the DagBag from /home/airflow/.local/lib/python3.12/site-packages/airflow/example_dags/example_bash_operator.py
[2025-04-04T15:53:07.339+0000] {processor.py:925} INFO - DAG(s) 'example_bash_operator' retrieved from /home/airflow/.local/lib/python3.12/site-packages/airflow/example_dags/example_bash_operator.py
[2025-04-04T15:53:07.382+0000] {logging_mixin.py:190} INFO - [2025-04-04T15:53:07.381+0000] {dag.py:3239} INFO - Sync 1 DAGs
[2025-04-04T15:53:07.420+0000] {logging_mixin.py:190} INFO - [2025-04-04T15:53:07.420+0000] {dag.py:4180} INFO - Setting next_dagrun for example_bash_operator to 2025-04-03 00:00:00+00:00, run_after=2025-04-04 00:00:00+00:00
[2025-04-04T15:53:07.451+0000] {processor.py:208} INFO - Processing /home/airflow/.local/lib/python3.12/site-packages/airflow/example_dags/example_bash_operator.py took 0.142 seconds
[2025-04-04T15:53:37.595+0000] {processor.py:186} INFO - Started process (PID=877) to work on /home/airflow/.local/lib/python3.12/site-packages/airflow/example_dags/example_bash_operator.py
[2025-04-04T15:53:37.597+0000] {processor.py:914} INFO - Processing file /home/airflow/.local/lib/python3.12/site-packages/airflow/example_dags/example_bash_operator.py for tasks to queue
[2025-04-04T15:53:37.600+0000] {logging_mixin.py:190} INFO - [2025-04-04T15:53:37.600+0000] {dagbag.py:588} INFO - Filling up the DagBag from /home/airflow/.local/lib/python3.12/site-packages/airflow/example_dags/example_bash_operator.py
[2025-04-04T15:53:37.618+0000] {processor.py:925} INFO - DAG(s) 'example_bash_operator' retrieved from /home/airflow/.local/lib/python3.12/site-packages/airflow/example_dags/example_bash_operator.py
[2025-04-04T15:53:37.654+0000] {logging_mixin.py:190} INFO - [2025-04-04T15:53:37.654+0000] {dag.py:3239} INFO - Sync 1 DAGs
[2025-04-04T15:53:37.685+0000] {logging_mixin.py:190} INFO - [2025-04-04T15:53:37.685+0000] {dag.py:4180} INFO - Setting next_dagrun for example_bash_operator to 2025-04-03 00:00:00+00:00, run_after=2025-04-04 00:00:00+00:00
[2025-04-04T15:53:37.708+0000] {processor.py:208} INFO - Processing /home/airflow/.local/lib/python3.12/site-packages/airflow/example_dags/example_bash_operator.py took 0.120 seconds
[2025-04-04T15:54:08.191+0000] {processor.py:186} INFO - Started process (PID=941) to work on /home/airflow/.local/lib/python3.12/site-packages/airflow/example_dags/example_bash_operator.py
[2025-04-04T15:54:08.192+0000] {processor.py:914} INFO - Processing file /home/airflow/.local/lib/python3.12/site-packages/airflow/example_dags/example_bash_operator.py for tasks to queue
[2025-04-04T15:54:08.196+0000] {logging_mixin.py:190} INFO - [2025-04-04T15:54:08.196+0000] {dagbag.py:588} INFO - Filling up the DagBag from /home/airflow/.local/lib/python3.12/site-packages/airflow/example_dags/example_bash_operator.py
[2025-04-04T15:54:08.222+0000] {processor.py:925} INFO - DAG(s) 'example_bash_operator' retrieved from /home/airflow/.local/lib/python3.12/site-packages/airflow/example_dags/example_bash_operator.py
[2025-04-04T15:54:08.301+0000] {logging_mixin.py:190} INFO - [2025-04-04T15:54:08.300+0000] {dag.py:3239} INFO - Sync 1 DAGs
[2025-04-04T15:54:08.359+0000] {logging_mixin.py:190} INFO - [2025-04-04T15:54:08.359+0000] {dag.py:4180} INFO - Setting next_dagrun for example_bash_operator to 2025-04-03 00:00:00+00:00, run_after=2025-04-04 00:00:00+00:00
[2025-04-04T15:54:08.392+0000] {processor.py:208} INFO - Processing /home/airflow/.local/lib/python3.12/site-packages/airflow/example_dags/example_bash_operator.py took 0.213 seconds
[2025-04-04T15:54:38.758+0000] {processor.py:186} INFO - Started process (PID=1004) to work on /home/airflow/.local/lib/python3.12/site-packages/airflow/example_dags/example_bash_operator.py
[2025-04-04T15:54:38.759+0000] {processor.py:914} INFO - Processing file /home/airflow/.local/lib/python3.12/site-packages/airflow/example_dags/example_bash_operator.py for tasks to queue
[2025-04-04T15:54:38.762+0000] {logging_mixin.py:190} INFO - [2025-04-04T15:54:38.762+0000] {dagbag.py:588} INFO - Filling up the DagBag from /home/airflow/.local/lib/python3.12/site-packages/airflow/example_dags/example_bash_operator.py
[2025-04-04T15:54:38.780+0000] {processor.py:925} INFO - DAG(s) 'example_bash_operator' retrieved from /home/airflow/.local/lib/python3.12/site-packages/airflow/example_dags/example_bash_operator.py
[2025-04-04T15:54:38.816+0000] {logging_mixin.py:190} INFO - [2025-04-04T15:54:38.816+0000] {dag.py:3239} INFO - Sync 1 DAGs
[2025-04-04T15:54:38.858+0000] {logging_mixin.py:190} INFO - [2025-04-04T15:54:38.858+0000] {dag.py:4180} INFO - Setting next_dagrun for example_bash_operator to 2025-04-03 00:00:00+00:00, run_after=2025-04-04 00:00:00+00:00
[2025-04-04T15:54:38.880+0000] {processor.py:208} INFO - Processing /home/airflow/.local/lib/python3.12/site-packages/airflow/example_dags/example_bash_operator.py took 0.132 seconds
[2025-04-04T15:55:09.483+0000] {processor.py:186} INFO - Started process (PID=1068) to work on /home/airflow/.local/lib/python3.12/site-packages/airflow/example_dags/example_bash_operator.py
[2025-04-04T15:55:09.484+0000] {processor.py:914} INFO - Processing file /home/airflow/.local/lib/python3.12/site-packages/airflow/example_dags/example_bash_operator.py for tasks to queue
[2025-04-04T15:55:09.487+0000] {logging_mixin.py:190} INFO - [2025-04-04T15:55:09.486+0000] {dagbag.py:588} INFO - Filling up the DagBag from /home/airflow/.local/lib/python3.12/site-packages/airflow/example_dags/example_bash_operator.py
[2025-04-04T15:55:09.507+0000] {processor.py:925} INFO - DAG(s) 'example_bash_operator' retrieved from /home/airflow/.local/lib/python3.12/site-packages/airflow/example_dags/example_bash_operator.py
[2025-04-04T15:55:09.553+0000] {logging_mixin.py:190} INFO - [2025-04-04T15:55:09.553+0000] {dag.py:3239} INFO - Sync 1 DAGs
[2025-04-04T15:55:09.585+0000] {logging_mixin.py:190} INFO - [2025-04-04T15:55:09.585+0000] {dag.py:4180} INFO - Setting next_dagrun for example_bash_operator to 2025-04-03 00:00:00+00:00, run_after=2025-04-04 00:00:00+00:00
[2025-04-04T15:55:09.612+0000] {processor.py:208} INFO - Processing /home/airflow/.local/lib/python3.12/site-packages/airflow/example_dags/example_bash_operator.py took 0.136 seconds
[2025-04-04T15:55:40.011+0000] {processor.py:186} INFO - Started process (PID=1131) to work on /home/airflow/.local/lib/python3.12/site-packages/airflow/example_dags/example_bash_operator.py
[2025-04-04T15:55:40.012+0000] {processor.py:914} INFO - Processing file /home/airflow/.local/lib/python3.12/site-packages/airflow/example_dags/example_bash_operator.py for tasks to queue
[2025-04-04T15:55:40.015+0000] {logging_mixin.py:190} INFO - [2025-04-04T15:55:40.015+0000] {dagbag.py:588} INFO - Filling up the DagBag from /home/airflow/.local/lib/python3.12/site-packages/airflow/example_dags/example_bash_operator.py
[2025-04-04T15:55:40.031+0000] {processor.py:925} INFO - DAG(s) 'example_bash_operator' retrieved from /home/airflow/.local/lib/python3.12/site-packages/airflow/example_dags/example_bash_operator.py
[2025-04-04T15:55:40.065+0000] {logging_mixin.py:190} INFO - [2025-04-04T15:55:40.065+0000] {dag.py:3239} INFO - Sync 1 DAGs
[2025-04-04T15:55:40.101+0000] {logging_mixin.py:190} INFO - [2025-04-04T15:55:40.101+0000] {dag.py:4180} INFO - Setting next_dagrun for example_bash_operator to 2025-04-03 00:00:00+00:00, run_after=2025-04-04 00:00:00+00:00
[2025-04-04T15:55:40.132+0000] {processor.py:208} INFO - Processing /home/airflow/.local/lib/python3.12/site-packages/airflow/example_dags/example_bash_operator.py took 0.130 seconds
[2025-04-04T15:56:10.382+0000] {processor.py:186} INFO - Started process (PID=1195) to work on /home/airflow/.local/lib/python3.12/site-packages/airflow/example_dags/example_bash_operator.py
[2025-04-04T15:56:10.383+0000] {processor.py:914} INFO - Processing file /home/airflow/.local/lib/python3.12/site-packages/airflow/example_dags/example_bash_operator.py for tasks to queue
[2025-04-04T15:56:10.387+0000] {logging_mixin.py:190} INFO - [2025-04-04T15:56:10.386+0000] {dagbag.py:588} INFO - Filling up the DagBag from /home/airflow/.local/lib/python3.12/site-packages/airflow/example_dags/example_bash_operator.py
[2025-04-04T15:56:10.410+0000] {processor.py:925} INFO - DAG(s) 'example_bash_operator' retrieved from /home/airflow/.local/lib/python3.12/site-packages/airflow/example_dags/example_bash_operator.py
[2025-04-04T15:56:10.465+0000] {logging_mixin.py:190} INFO - [2025-04-04T15:56:10.464+0000] {dag.py:3239} INFO - Sync 1 DAGs
[2025-04-04T15:56:10.514+0000] {logging_mixin.py:190} INFO - [2025-04-04T15:56:10.513+0000] {dag.py:4180} INFO - Setting next_dagrun for example_bash_operator to 2025-04-03 00:00:00+00:00, run_after=2025-04-04 00:00:00+00:00
[2025-04-04T15:56:10.553+0000] {processor.py:208} INFO - Processing /home/airflow/.local/lib/python3.12/site-packages/airflow/example_dags/example_bash_operator.py took 0.181 seconds
[2025-04-04T15:56:40.935+0000] {processor.py:186} INFO - Started process (PID=1259) to work on /home/airflow/.local/lib/python3.12/site-packages/airflow/example_dags/example_bash_operator.py
[2025-04-04T15:56:40.936+0000] {processor.py:914} INFO - Processing file /home/airflow/.local/lib/python3.12/site-packages/airflow/example_dags/example_bash_operator.py for tasks to queue
[2025-04-04T15:56:40.938+0000] {logging_mixin.py:190} INFO - [2025-04-04T15:56:40.938+0000] {dagbag.py:588} INFO - Filling up the DagBag from /home/airflow/.local/lib/python3.12/site-packages/airflow/example_dags/example_bash_operator.py
[2025-04-04T15:56:40.955+0000] {processor.py:925} INFO - DAG(s) 'example_bash_operator' retrieved from /home/airflow/.local/lib/python3.12/site-packages/airflow/example_dags/example_bash_operator.py
[2025-04-04T15:56:40.988+0000] {logging_mixin.py:190} INFO - [2025-04-04T15:56:40.988+0000] {dag.py:3239} INFO - Sync 1 DAGs
[2025-04-04T15:56:41.021+0000] {logging_mixin.py:190} INFO - [2025-04-04T15:56:41.021+0000] {dag.py:4180} INFO - Setting next_dagrun for example_bash_operator to 2025-04-03 00:00:00+00:00, run_after=2025-04-04 00:00:00+00:00
[2025-04-04T15:56:41.050+0000] {processor.py:208} INFO - Processing /home/airflow/.local/lib/python3.12/site-packages/airflow/example_dags/example_bash_operator.py took 0.122 seconds
[2025-04-04T15:57:11.302+0000] {processor.py:186} INFO - Started process (PID=1323) to work on /home/airflow/.local/lib/python3.12/site-packages/airflow/example_dags/example_bash_operator.py
[2025-04-04T15:57:11.305+0000] {processor.py:914} INFO - Processing file /home/airflow/.local/lib/python3.12/site-packages/airflow/example_dags/example_bash_operator.py for tasks to queue
[2025-04-04T15:57:11.312+0000] {logging_mixin.py:190} INFO - [2025-04-04T15:57:11.311+0000] {dagbag.py:588} INFO - Filling up the DagBag from /home/airflow/.local/lib/python3.12/site-packages/airflow/example_dags/example_bash_operator.py
[2025-04-04T15:57:11.335+0000] {processor.py:925} INFO - DAG(s) 'example_bash_operator' retrieved from /home/airflow/.local/lib/python3.12/site-packages/airflow/example_dags/example_bash_operator.py
[2025-04-04T15:57:11.385+0000] {logging_mixin.py:190} INFO - [2025-04-04T15:57:11.384+0000] {dag.py:3239} INFO - Sync 1 DAGs
[2025-04-04T15:57:11.421+0000] {logging_mixin.py:190} INFO - [2025-04-04T15:57:11.420+0000] {dag.py:4180} INFO - Setting next_dagrun for example_bash_operator to 2025-04-03 00:00:00+00:00, run_after=2025-04-04 00:00:00+00:00
[2025-04-04T15:57:11.444+0000] {processor.py:208} INFO - Processing /home/airflow/.local/lib/python3.12/site-packages/airflow/example_dags/example_bash_operator.py took 0.152 seconds
[2025-04-04T15:57:42.224+0000] {processor.py:186} INFO - Started process (PID=1387) to work on /home/airflow/.local/lib/python3.12/site-packages/airflow/example_dags/example_bash_operator.py
[2025-04-04T15:57:42.231+0000] {processor.py:914} INFO - Processing file /home/airflow/.local/lib/python3.12/site-packages/airflow/example_dags/example_bash_operator.py for tasks to queue
[2025-04-04T15:57:42.246+0000] {logging_mixin.py:190} INFO - [2025-04-04T15:57:42.246+0000] {dagbag.py:588} INFO - Filling up the DagBag from /home/airflow/.local/lib/python3.12/site-packages/airflow/example_dags/example_bash_operator.py
[2025-04-04T15:57:42.373+0000] {processor.py:925} INFO - DAG(s) 'example_bash_operator' retrieved from /home/airflow/.local/lib/python3.12/site-packages/airflow/example_dags/example_bash_operator.py
[2025-04-04T15:57:42.529+0000] {logging_mixin.py:190} INFO - [2025-04-04T15:57:42.529+0000] {dag.py:3239} INFO - Sync 1 DAGs
[2025-04-04T15:57:42.618+0000] {logging_mixin.py:190} INFO - [2025-04-04T15:57:42.617+0000] {dag.py:4180} INFO - Setting next_dagrun for example_bash_operator to 2025-04-03 00:00:00+00:00, run_after=2025-04-04 00:00:00+00:00
[2025-04-04T15:57:42.680+0000] {processor.py:208} INFO - Processing /home/airflow/.local/lib/python3.12/site-packages/airflow/example_dags/example_bash_operator.py took 0.473 seconds
[2025-04-04T15:58:12.892+0000] {processor.py:186} INFO - Started process (PID=1451) to work on /home/airflow/.local/lib/python3.12/site-packages/airflow/example_dags/example_bash_operator.py
[2025-04-04T15:58:12.893+0000] {processor.py:914} INFO - Processing file /home/airflow/.local/lib/python3.12/site-packages/airflow/example_dags/example_bash_operator.py for tasks to queue
[2025-04-04T15:58:12.896+0000] {logging_mixin.py:190} INFO - [2025-04-04T15:58:12.895+0000] {dagbag.py:588} INFO - Filling up the DagBag from /home/airflow/.local/lib/python3.12/site-packages/airflow/example_dags/example_bash_operator.py
[2025-04-04T15:58:12.917+0000] {processor.py:925} INFO - DAG(s) 'example_bash_operator' retrieved from /home/airflow/.local/lib/python3.12/site-packages/airflow/example_dags/example_bash_operator.py
[2025-04-04T15:58:12.967+0000] {logging_mixin.py:190} INFO - [2025-04-04T15:58:12.966+0000] {dag.py:3239} INFO - Sync 1 DAGs
[2025-04-04T15:58:13.011+0000] {logging_mixin.py:190} INFO - [2025-04-04T15:58:13.011+0000] {dag.py:4180} INFO - Setting next_dagrun for example_bash_operator to 2025-04-03 00:00:00+00:00, run_after=2025-04-04 00:00:00+00:00
[2025-04-04T15:58:13.039+0000] {processor.py:208} INFO - Processing /home/airflow/.local/lib/python3.12/site-packages/airflow/example_dags/example_bash_operator.py took 0.159 seconds
[2025-04-04T15:58:43.269+0000] {processor.py:186} INFO - Started process (PID=1515) to work on /home/airflow/.local/lib/python3.12/site-packages/airflow/example_dags/example_bash_operator.py
[2025-04-04T15:58:43.270+0000] {processor.py:914} INFO - Processing file /home/airflow/.local/lib/python3.12/site-packages/airflow/example_dags/example_bash_operator.py for tasks to queue
[2025-04-04T15:58:43.272+0000] {logging_mixin.py:190} INFO - [2025-04-04T15:58:43.272+0000] {dagbag.py:588} INFO - Filling up the DagBag from /home/airflow/.local/lib/python3.12/site-packages/airflow/example_dags/example_bash_operator.py
[2025-04-04T15:58:43.289+0000] {processor.py:925} INFO - DAG(s) 'example_bash_operator' retrieved from /home/airflow/.local/lib/python3.12/site-packages/airflow/example_dags/example_bash_operator.py
[2025-04-04T15:58:43.327+0000] {logging_mixin.py:190} INFO - [2025-04-04T15:58:43.326+0000] {dag.py:3239} INFO - Sync 1 DAGs
[2025-04-04T15:58:43.363+0000] {logging_mixin.py:190} INFO - [2025-04-04T15:58:43.362+0000] {dag.py:4180} INFO - Setting next_dagrun for example_bash_operator to 2025-04-03 00:00:00+00:00, run_after=2025-04-04 00:00:00+00:00
[2025-04-04T15:58:43.388+0000] {processor.py:208} INFO - Processing /home/airflow/.local/lib/python3.12/site-packages/airflow/example_dags/example_bash_operator.py took 0.129 seconds
[2025-04-04T16:00:56.439+0000] {processor.py:186} INFO - Started process (PID=110) to work on /home/airflow/.local/lib/python3.12/site-packages/airflow/example_dags/example_bash_operator.py
[2025-04-04T16:00:56.440+0000] {processor.py:914} INFO - Processing file /home/airflow/.local/lib/python3.12/site-packages/airflow/example_dags/example_bash_operator.py for tasks to queue
[2025-04-04T16:00:56.442+0000] {logging_mixin.py:190} INFO - [2025-04-04T16:00:56.442+0000] {dagbag.py:588} INFO - Filling up the DagBag from /home/airflow/.local/lib/python3.12/site-packages/airflow/example_dags/example_bash_operator.py
[2025-04-04T16:00:56.461+0000] {processor.py:925} INFO - DAG(s) 'example_bash_operator' retrieved from /home/airflow/.local/lib/python3.12/site-packages/airflow/example_dags/example_bash_operator.py
[2025-04-04T16:00:56.502+0000] {logging_mixin.py:190} INFO - [2025-04-04T16:00:56.502+0000] {dag.py:3239} INFO - Sync 1 DAGs
[2025-04-04T16:00:56.537+0000] {logging_mixin.py:190} INFO - [2025-04-04T16:00:56.537+0000] {dag.py:4180} INFO - Setting next_dagrun for example_bash_operator to 2025-04-03 00:00:00+00:00, run_after=2025-04-04 00:00:00+00:00
[2025-04-04T16:00:56.561+0000] {processor.py:208} INFO - Processing /home/airflow/.local/lib/python3.12/site-packages/airflow/example_dags/example_bash_operator.py took 0.130 seconds
[2025-04-04T16:01:26.884+0000] {processor.py:186} INFO - Started process (PID=174) to work on /home/airflow/.local/lib/python3.12/site-packages/airflow/example_dags/example_bash_operator.py
[2025-04-04T16:01:26.886+0000] {processor.py:914} INFO - Processing file /home/airflow/.local/lib/python3.12/site-packages/airflow/example_dags/example_bash_operator.py for tasks to queue
[2025-04-04T16:01:26.889+0000] {logging_mixin.py:190} INFO - [2025-04-04T16:01:26.888+0000] {dagbag.py:588} INFO - Filling up the DagBag from /home/airflow/.local/lib/python3.12/site-packages/airflow/example_dags/example_bash_operator.py
[2025-04-04T16:01:26.908+0000] {processor.py:925} INFO - DAG(s) 'example_bash_operator' retrieved from /home/airflow/.local/lib/python3.12/site-packages/airflow/example_dags/example_bash_operator.py
[2025-04-04T16:01:26.947+0000] {logging_mixin.py:190} INFO - [2025-04-04T16:01:26.947+0000] {dag.py:3239} INFO - Sync 1 DAGs
[2025-04-04T16:01:26.985+0000] {logging_mixin.py:190} INFO - [2025-04-04T16:01:26.985+0000] {dag.py:4180} INFO - Setting next_dagrun for example_bash_operator to 2025-04-03 00:00:00+00:00, run_after=2025-04-04 00:00:00+00:00
[2025-04-04T16:01:27.015+0000] {processor.py:208} INFO - Processing /home/airflow/.local/lib/python3.12/site-packages/airflow/example_dags/example_bash_operator.py took 0.139 seconds
[2025-04-04T16:01:57.827+0000] {processor.py:186} INFO - Started process (PID=238) to work on /home/airflow/.local/lib/python3.12/site-packages/airflow/example_dags/example_bash_operator.py
[2025-04-04T16:01:57.828+0000] {processor.py:914} INFO - Processing file /home/airflow/.local/lib/python3.12/site-packages/airflow/example_dags/example_bash_operator.py for tasks to queue
[2025-04-04T16:01:57.830+0000] {logging_mixin.py:190} INFO - [2025-04-04T16:01:57.830+0000] {dagbag.py:588} INFO - Filling up the DagBag from /home/airflow/.local/lib/python3.12/site-packages/airflow/example_dags/example_bash_operator.py
[2025-04-04T16:01:57.847+0000] {processor.py:925} INFO - DAG(s) 'example_bash_operator' retrieved from /home/airflow/.local/lib/python3.12/site-packages/airflow/example_dags/example_bash_operator.py
[2025-04-04T16:01:57.882+0000] {logging_mixin.py:190} INFO - [2025-04-04T16:01:57.882+0000] {dag.py:3239} INFO - Sync 1 DAGs
[2025-04-04T16:01:57.922+0000] {logging_mixin.py:190} INFO - [2025-04-04T16:01:57.922+0000] {dag.py:4180} INFO - Setting next_dagrun for example_bash_operator to 2025-04-03 00:00:00+00:00, run_after=2025-04-04 00:00:00+00:00
[2025-04-04T16:01:57.947+0000] {processor.py:208} INFO - Processing /home/airflow/.local/lib/python3.12/site-packages/airflow/example_dags/example_bash_operator.py took 0.127 seconds
[2025-04-04T16:02:30.241+0000] {processor.py:186} INFO - Started process (PID=308) to work on /home/airflow/.local/lib/python3.12/site-packages/airflow/example_dags/example_bash_operator.py
[2025-04-04T16:02:30.242+0000] {processor.py:914} INFO - Processing file /home/airflow/.local/lib/python3.12/site-packages/airflow/example_dags/example_bash_operator.py for tasks to queue
[2025-04-04T16:02:30.245+0000] {logging_mixin.py:190} INFO - [2025-04-04T16:02:30.244+0000] {dagbag.py:588} INFO - Filling up the DagBag from /home/airflow/.local/lib/python3.12/site-packages/airflow/example_dags/example_bash_operator.py
[2025-04-04T16:02:30.262+0000] {processor.py:925} INFO - DAG(s) 'example_bash_operator' retrieved from /home/airflow/.local/lib/python3.12/site-packages/airflow/example_dags/example_bash_operator.py
[2025-04-04T16:02:30.302+0000] {logging_mixin.py:190} INFO - [2025-04-04T16:02:30.302+0000] {dag.py:3239} INFO - Sync 1 DAGs
[2025-04-04T16:02:30.338+0000] {logging_mixin.py:190} INFO - [2025-04-04T16:02:30.337+0000] {dag.py:4180} INFO - Setting next_dagrun for example_bash_operator to 2025-04-03 00:00:00+00:00, run_after=2025-04-04 00:00:00+00:00
[2025-04-04T16:02:30.363+0000] {processor.py:208} INFO - Processing /home/airflow/.local/lib/python3.12/site-packages/airflow/example_dags/example_bash_operator.py took 0.129 seconds
