[2025-04-04T15:44:25.363+0000] {processor.py:186} INFO - Started process (PID=125) to work on /home/airflow/.local/lib/python3.12/site-packages/airflow/example_dags/example_time_delta_sensor_async.py
[2025-04-04T15:44:25.364+0000] {processor.py:914} INFO - Processing file /home/airflow/.local/lib/python3.12/site-packages/airflow/example_dags/example_time_delta_sensor_async.py for tasks to queue
[2025-04-04T15:44:25.368+0000] {logging_mixin.py:190} INFO - [2025-04-04T15:44:25.367+0000] {dagbag.py:588} INFO - Filling up the DagBag from /home/airflow/.local/lib/python3.12/site-packages/airflow/example_dags/example_time_delta_sensor_async.py
[2025-04-04T15:44:25.380+0000] {processor.py:925} INFO - DAG(s) 'example_time_delta_sensor_async' retrieved from /home/airflow/.local/lib/python3.12/site-packages/airflow/example_dags/example_time_delta_sensor_async.py
[2025-04-04T15:44:25.571+0000] {logging_mixin.py:190} INFO - [2025-04-04T15:44:25.570+0000] {override.py:1912} INFO - Created Permission View: can edit on DAG:example_time_delta_sensor_async
[2025-04-04T15:44:25.587+0000] {logging_mixin.py:190} INFO - [2025-04-04T15:44:25.587+0000] {override.py:1912} INFO - Created Permission View: can read on DAG:example_time_delta_sensor_async
[2025-04-04T15:44:25.602+0000] {logging_mixin.py:190} INFO - [2025-04-04T15:44:25.602+0000] {override.py:1912} INFO - Created Permission View: can delete on DAG:example_time_delta_sensor_async
[2025-04-04T15:44:25.629+0000] {logging_mixin.py:190} INFO - [2025-04-04T15:44:25.628+0000] {override.py:1912} INFO - Created Permission View: menu access on DAG Run:example_time_delta_sensor_async
[2025-04-04T15:44:25.643+0000] {logging_mixin.py:190} INFO - [2025-04-04T15:44:25.642+0000] {override.py:1912} INFO - Created Permission View: can read on DAG Run:example_time_delta_sensor_async
[2025-04-04T15:44:25.658+0000] {logging_mixin.py:190} INFO - [2025-04-04T15:44:25.657+0000] {override.py:1912} INFO - Created Permission View: can create on DAG Run:example_time_delta_sensor_async
[2025-04-04T15:44:25.676+0000] {logging_mixin.py:190} INFO - [2025-04-04T15:44:25.675+0000] {override.py:1912} INFO - Created Permission View: can delete on DAG Run:example_time_delta_sensor_async
[2025-04-04T15:44:25.677+0000] {logging_mixin.py:190} INFO - [2025-04-04T15:44:25.676+0000] {dag.py:3239} INFO - Sync 1 DAGs
[2025-04-04T15:44:25.707+0000] {logging_mixin.py:190} INFO - [2025-04-04T15:44:25.706+0000] {dag.py:3262} INFO - Creating ORM DAG for example_time_delta_sensor_async
[2025-04-04T15:44:25.709+0000] {logging_mixin.py:190} INFO - [2025-04-04T15:44:25.708+0000] {dag.py:4180} INFO - Setting next_dagrun for example_time_delta_sensor_async to None, run_after=None
[2025-04-04T15:44:25.743+0000] {processor.py:208} INFO - Processing /home/airflow/.local/lib/python3.12/site-packages/airflow/example_dags/example_time_delta_sensor_async.py took 0.389 seconds
[2025-04-04T15:44:56.126+0000] {processor.py:186} INFO - Started process (PID=187) to work on /home/airflow/.local/lib/python3.12/site-packages/airflow/example_dags/example_time_delta_sensor_async.py
[2025-04-04T15:44:56.129+0000] {processor.py:914} INFO - Processing file /home/airflow/.local/lib/python3.12/site-packages/airflow/example_dags/example_time_delta_sensor_async.py for tasks to queue
[2025-04-04T15:44:56.134+0000] {logging_mixin.py:190} INFO - [2025-04-04T15:44:56.133+0000] {dagbag.py:588} INFO - Filling up the DagBag from /home/airflow/.local/lib/python3.12/site-packages/airflow/example_dags/example_time_delta_sensor_async.py
[2025-04-04T15:44:56.147+0000] {processor.py:925} INFO - DAG(s) 'example_time_delta_sensor_async' retrieved from /home/airflow/.local/lib/python3.12/site-packages/airflow/example_dags/example_time_delta_sensor_async.py
[2025-04-04T15:44:56.203+0000] {logging_mixin.py:190} INFO - [2025-04-04T15:44:56.203+0000] {dag.py:3239} INFO - Sync 1 DAGs
[2025-04-04T15:44:56.237+0000] {logging_mixin.py:190} INFO - [2025-04-04T15:44:56.236+0000] {dag.py:4180} INFO - Setting next_dagrun for example_time_delta_sensor_async to None, run_after=None
[2025-04-04T15:44:56.278+0000] {processor.py:208} INFO - Processing /home/airflow/.local/lib/python3.12/site-packages/airflow/example_dags/example_time_delta_sensor_async.py took 0.167 seconds
[2025-04-04T15:45:26.412+0000] {processor.py:186} INFO - Started process (PID=250) to work on /home/airflow/.local/lib/python3.12/site-packages/airflow/example_dags/example_time_delta_sensor_async.py
[2025-04-04T15:45:26.413+0000] {processor.py:914} INFO - Processing file /home/airflow/.local/lib/python3.12/site-packages/airflow/example_dags/example_time_delta_sensor_async.py for tasks to queue
[2025-04-04T15:45:26.415+0000] {logging_mixin.py:190} INFO - [2025-04-04T15:45:26.415+0000] {dagbag.py:588} INFO - Filling up the DagBag from /home/airflow/.local/lib/python3.12/site-packages/airflow/example_dags/example_time_delta_sensor_async.py
[2025-04-04T15:45:26.424+0000] {processor.py:925} INFO - DAG(s) 'example_time_delta_sensor_async' retrieved from /home/airflow/.local/lib/python3.12/site-packages/airflow/example_dags/example_time_delta_sensor_async.py
[2025-04-04T15:45:26.453+0000] {logging_mixin.py:190} INFO - [2025-04-04T15:45:26.453+0000] {dag.py:3239} INFO - Sync 1 DAGs
[2025-04-04T15:45:26.484+0000] {logging_mixin.py:190} INFO - [2025-04-04T15:45:26.484+0000] {dag.py:4180} INFO - Setting next_dagrun for example_time_delta_sensor_async to None, run_after=None
[2025-04-04T15:45:26.518+0000] {processor.py:208} INFO - Processing /home/airflow/.local/lib/python3.12/site-packages/airflow/example_dags/example_time_delta_sensor_async.py took 0.114 seconds
[2025-04-04T15:45:58.625+0000] {processor.py:186} INFO - Started process (PID=313) to work on /home/airflow/.local/lib/python3.12/site-packages/airflow/example_dags/example_time_delta_sensor_async.py
[2025-04-04T15:45:58.626+0000] {processor.py:914} INFO - Processing file /home/airflow/.local/lib/python3.12/site-packages/airflow/example_dags/example_time_delta_sensor_async.py for tasks to queue
[2025-04-04T15:45:58.629+0000] {logging_mixin.py:190} INFO - [2025-04-04T15:45:58.629+0000] {dagbag.py:588} INFO - Filling up the DagBag from /home/airflow/.local/lib/python3.12/site-packages/airflow/example_dags/example_time_delta_sensor_async.py
[2025-04-04T15:45:58.641+0000] {processor.py:925} INFO - DAG(s) 'example_time_delta_sensor_async' retrieved from /home/airflow/.local/lib/python3.12/site-packages/airflow/example_dags/example_time_delta_sensor_async.py
[2025-04-04T15:45:58.673+0000] {logging_mixin.py:190} INFO - [2025-04-04T15:45:58.672+0000] {dag.py:3239} INFO - Sync 1 DAGs
[2025-04-04T15:45:58.700+0000] {logging_mixin.py:190} INFO - [2025-04-04T15:45:58.700+0000] {dag.py:4180} INFO - Setting next_dagrun for example_time_delta_sensor_async to None, run_after=None
[2025-04-04T15:45:58.733+0000] {processor.py:208} INFO - Processing /home/airflow/.local/lib/python3.12/site-packages/airflow/example_dags/example_time_delta_sensor_async.py took 0.118 seconds
[2025-04-04T15:47:27.282+0000] {processor.py:186} INFO - Started process (PID=119) to work on /home/airflow/.local/lib/python3.12/site-packages/airflow/example_dags/example_time_delta_sensor_async.py
[2025-04-04T15:47:27.284+0000] {processor.py:914} INFO - Processing file /home/airflow/.local/lib/python3.12/site-packages/airflow/example_dags/example_time_delta_sensor_async.py for tasks to queue
[2025-04-04T15:47:27.290+0000] {logging_mixin.py:190} INFO - [2025-04-04T15:47:27.290+0000] {dagbag.py:588} INFO - Filling up the DagBag from /home/airflow/.local/lib/python3.12/site-packages/airflow/example_dags/example_time_delta_sensor_async.py
[2025-04-04T15:47:27.305+0000] {processor.py:925} INFO - DAG(s) 'example_time_delta_sensor_async' retrieved from /home/airflow/.local/lib/python3.12/site-packages/airflow/example_dags/example_time_delta_sensor_async.py
[2025-04-04T15:47:27.344+0000] {logging_mixin.py:190} INFO - [2025-04-04T15:47:27.344+0000] {dag.py:3239} INFO - Sync 1 DAGs
[2025-04-04T15:47:27.381+0000] {logging_mixin.py:190} INFO - [2025-04-04T15:47:27.378+0000] {dag.py:4180} INFO - Setting next_dagrun for example_time_delta_sensor_async to None, run_after=None
[2025-04-04T15:47:27.421+0000] {processor.py:208} INFO - Processing /home/airflow/.local/lib/python3.12/site-packages/airflow/example_dags/example_time_delta_sensor_async.py took 0.154 seconds
[2025-04-04T15:47:58.299+0000] {processor.py:186} INFO - Started process (PID=182) to work on /home/airflow/.local/lib/python3.12/site-packages/airflow/example_dags/example_time_delta_sensor_async.py
[2025-04-04T15:47:58.301+0000] {processor.py:914} INFO - Processing file /home/airflow/.local/lib/python3.12/site-packages/airflow/example_dags/example_time_delta_sensor_async.py for tasks to queue
[2025-04-04T15:47:58.304+0000] {logging_mixin.py:190} INFO - [2025-04-04T15:47:58.303+0000] {dagbag.py:588} INFO - Filling up the DagBag from /home/airflow/.local/lib/python3.12/site-packages/airflow/example_dags/example_time_delta_sensor_async.py
[2025-04-04T15:47:58.313+0000] {processor.py:925} INFO - DAG(s) 'example_time_delta_sensor_async' retrieved from /home/airflow/.local/lib/python3.12/site-packages/airflow/example_dags/example_time_delta_sensor_async.py
[2025-04-04T15:47:58.337+0000] {logging_mixin.py:190} INFO - [2025-04-04T15:47:58.337+0000] {dag.py:3239} INFO - Sync 1 DAGs
[2025-04-04T15:47:58.361+0000] {logging_mixin.py:190} INFO - [2025-04-04T15:47:58.361+0000] {dag.py:4180} INFO - Setting next_dagrun for example_time_delta_sensor_async to None, run_after=None
[2025-04-04T15:47:58.385+0000] {processor.py:208} INFO - Processing /home/airflow/.local/lib/python3.12/site-packages/airflow/example_dags/example_time_delta_sensor_async.py took 0.094 seconds
[2025-04-04T15:48:29.247+0000] {processor.py:186} INFO - Started process (PID=246) to work on /home/airflow/.local/lib/python3.12/site-packages/airflow/example_dags/example_time_delta_sensor_async.py
[2025-04-04T15:48:29.249+0000] {processor.py:914} INFO - Processing file /home/airflow/.local/lib/python3.12/site-packages/airflow/example_dags/example_time_delta_sensor_async.py for tasks to queue
[2025-04-04T15:48:29.253+0000] {logging_mixin.py:190} INFO - [2025-04-04T15:48:29.253+0000] {dagbag.py:588} INFO - Filling up the DagBag from /home/airflow/.local/lib/python3.12/site-packages/airflow/example_dags/example_time_delta_sensor_async.py
[2025-04-04T15:48:29.267+0000] {processor.py:925} INFO - DAG(s) 'example_time_delta_sensor_async' retrieved from /home/airflow/.local/lib/python3.12/site-packages/airflow/example_dags/example_time_delta_sensor_async.py
[2025-04-04T15:48:29.292+0000] {logging_mixin.py:190} INFO - [2025-04-04T15:48:29.291+0000] {dag.py:3239} INFO - Sync 1 DAGs
[2025-04-04T15:48:29.314+0000] {logging_mixin.py:190} INFO - [2025-04-04T15:48:29.314+0000] {dag.py:4180} INFO - Setting next_dagrun for example_time_delta_sensor_async to None, run_after=None
[2025-04-04T15:48:29.338+0000] {processor.py:208} INFO - Processing /home/airflow/.local/lib/python3.12/site-packages/airflow/example_dags/example_time_delta_sensor_async.py took 0.102 seconds
[2025-04-04T15:49:00.128+0000] {processor.py:186} INFO - Started process (PID=310) to work on /home/airflow/.local/lib/python3.12/site-packages/airflow/example_dags/example_time_delta_sensor_async.py
[2025-04-04T15:49:00.129+0000] {processor.py:914} INFO - Processing file /home/airflow/.local/lib/python3.12/site-packages/airflow/example_dags/example_time_delta_sensor_async.py for tasks to queue
[2025-04-04T15:49:00.131+0000] {logging_mixin.py:190} INFO - [2025-04-04T15:49:00.131+0000] {dagbag.py:588} INFO - Filling up the DagBag from /home/airflow/.local/lib/python3.12/site-packages/airflow/example_dags/example_time_delta_sensor_async.py
[2025-04-04T15:49:00.142+0000] {processor.py:925} INFO - DAG(s) 'example_time_delta_sensor_async' retrieved from /home/airflow/.local/lib/python3.12/site-packages/airflow/example_dags/example_time_delta_sensor_async.py
[2025-04-04T15:49:00.170+0000] {logging_mixin.py:190} INFO - [2025-04-04T15:49:00.170+0000] {dag.py:3239} INFO - Sync 1 DAGs
[2025-04-04T15:49:00.191+0000] {logging_mixin.py:190} INFO - [2025-04-04T15:49:00.191+0000] {dag.py:4180} INFO - Setting next_dagrun for example_time_delta_sensor_async to None, run_after=None
[2025-04-04T15:49:00.216+0000] {processor.py:208} INFO - Processing /home/airflow/.local/lib/python3.12/site-packages/airflow/example_dags/example_time_delta_sensor_async.py took 0.098 seconds
[2025-04-04T15:49:31.306+0000] {processor.py:186} INFO - Started process (PID=374) to work on /home/airflow/.local/lib/python3.12/site-packages/airflow/example_dags/example_time_delta_sensor_async.py
[2025-04-04T15:49:31.309+0000] {processor.py:914} INFO - Processing file /home/airflow/.local/lib/python3.12/site-packages/airflow/example_dags/example_time_delta_sensor_async.py for tasks to queue
[2025-04-04T15:49:31.313+0000] {logging_mixin.py:190} INFO - [2025-04-04T15:49:31.312+0000] {dagbag.py:588} INFO - Filling up the DagBag from /home/airflow/.local/lib/python3.12/site-packages/airflow/example_dags/example_time_delta_sensor_async.py
[2025-04-04T15:49:31.327+0000] {processor.py:925} INFO - DAG(s) 'example_time_delta_sensor_async' retrieved from /home/airflow/.local/lib/python3.12/site-packages/airflow/example_dags/example_time_delta_sensor_async.py
[2025-04-04T15:49:31.363+0000] {logging_mixin.py:190} INFO - [2025-04-04T15:49:31.362+0000] {dag.py:3239} INFO - Sync 1 DAGs
[2025-04-04T15:49:31.396+0000] {logging_mixin.py:190} INFO - [2025-04-04T15:49:31.396+0000] {dag.py:4180} INFO - Setting next_dagrun for example_time_delta_sensor_async to None, run_after=None
[2025-04-04T15:49:31.438+0000] {processor.py:208} INFO - Processing /home/airflow/.local/lib/python3.12/site-packages/airflow/example_dags/example_time_delta_sensor_async.py took 0.151 seconds
[2025-04-04T15:50:02.295+0000] {processor.py:186} INFO - Started process (PID=438) to work on /home/airflow/.local/lib/python3.12/site-packages/airflow/example_dags/example_time_delta_sensor_async.py
[2025-04-04T15:50:02.297+0000] {processor.py:914} INFO - Processing file /home/airflow/.local/lib/python3.12/site-packages/airflow/example_dags/example_time_delta_sensor_async.py for tasks to queue
[2025-04-04T15:50:02.300+0000] {logging_mixin.py:190} INFO - [2025-04-04T15:50:02.299+0000] {dagbag.py:588} INFO - Filling up the DagBag from /home/airflow/.local/lib/python3.12/site-packages/airflow/example_dags/example_time_delta_sensor_async.py
[2025-04-04T15:50:02.309+0000] {processor.py:925} INFO - DAG(s) 'example_time_delta_sensor_async' retrieved from /home/airflow/.local/lib/python3.12/site-packages/airflow/example_dags/example_time_delta_sensor_async.py
[2025-04-04T15:50:02.336+0000] {logging_mixin.py:190} INFO - [2025-04-04T15:50:02.335+0000] {dag.py:3239} INFO - Sync 1 DAGs
[2025-04-04T15:50:02.356+0000] {logging_mixin.py:190} INFO - [2025-04-04T15:50:02.355+0000] {dag.py:4180} INFO - Setting next_dagrun for example_time_delta_sensor_async to None, run_after=None
[2025-04-04T15:50:02.381+0000] {processor.py:208} INFO - Processing /home/airflow/.local/lib/python3.12/site-packages/airflow/example_dags/example_time_delta_sensor_async.py took 0.094 seconds
[2025-04-04T15:50:33.447+0000] {processor.py:186} INFO - Started process (PID=502) to work on /home/airflow/.local/lib/python3.12/site-packages/airflow/example_dags/example_time_delta_sensor_async.py
[2025-04-04T15:50:33.448+0000] {processor.py:914} INFO - Processing file /home/airflow/.local/lib/python3.12/site-packages/airflow/example_dags/example_time_delta_sensor_async.py for tasks to queue
[2025-04-04T15:50:33.451+0000] {logging_mixin.py:190} INFO - [2025-04-04T15:50:33.450+0000] {dagbag.py:588} INFO - Filling up the DagBag from /home/airflow/.local/lib/python3.12/site-packages/airflow/example_dags/example_time_delta_sensor_async.py
[2025-04-04T15:50:33.461+0000] {processor.py:925} INFO - DAG(s) 'example_time_delta_sensor_async' retrieved from /home/airflow/.local/lib/python3.12/site-packages/airflow/example_dags/example_time_delta_sensor_async.py
[2025-04-04T15:50:33.488+0000] {logging_mixin.py:190} INFO - [2025-04-04T15:50:33.488+0000] {dag.py:3239} INFO - Sync 1 DAGs
[2025-04-04T15:50:33.508+0000] {logging_mixin.py:190} INFO - [2025-04-04T15:50:33.508+0000] {dag.py:4180} INFO - Setting next_dagrun for example_time_delta_sensor_async to None, run_after=None
[2025-04-04T15:50:33.536+0000] {processor.py:208} INFO - Processing /home/airflow/.local/lib/python3.12/site-packages/airflow/example_dags/example_time_delta_sensor_async.py took 0.097 seconds
[2025-04-04T15:51:04.461+0000] {processor.py:186} INFO - Started process (PID=566) to work on /home/airflow/.local/lib/python3.12/site-packages/airflow/example_dags/example_time_delta_sensor_async.py
[2025-04-04T15:51:04.462+0000] {processor.py:914} INFO - Processing file /home/airflow/.local/lib/python3.12/site-packages/airflow/example_dags/example_time_delta_sensor_async.py for tasks to queue
[2025-04-04T15:51:04.464+0000] {logging_mixin.py:190} INFO - [2025-04-04T15:51:04.464+0000] {dagbag.py:588} INFO - Filling up the DagBag from /home/airflow/.local/lib/python3.12/site-packages/airflow/example_dags/example_time_delta_sensor_async.py
[2025-04-04T15:51:04.474+0000] {processor.py:925} INFO - DAG(s) 'example_time_delta_sensor_async' retrieved from /home/airflow/.local/lib/python3.12/site-packages/airflow/example_dags/example_time_delta_sensor_async.py
[2025-04-04T15:51:04.502+0000] {logging_mixin.py:190} INFO - [2025-04-04T15:51:04.502+0000] {dag.py:3239} INFO - Sync 1 DAGs
[2025-04-04T15:51:04.522+0000] {logging_mixin.py:190} INFO - [2025-04-04T15:51:04.522+0000] {dag.py:4180} INFO - Setting next_dagrun for example_time_delta_sensor_async to None, run_after=None
[2025-04-04T15:51:04.550+0000] {processor.py:208} INFO - Processing /home/airflow/.local/lib/python3.12/site-packages/airflow/example_dags/example_time_delta_sensor_async.py took 0.097 seconds
[2025-04-04T15:51:35.823+0000] {processor.py:186} INFO - Started process (PID=630) to work on /home/airflow/.local/lib/python3.12/site-packages/airflow/example_dags/example_time_delta_sensor_async.py
[2025-04-04T15:51:35.824+0000] {processor.py:914} INFO - Processing file /home/airflow/.local/lib/python3.12/site-packages/airflow/example_dags/example_time_delta_sensor_async.py for tasks to queue
[2025-04-04T15:51:35.828+0000] {logging_mixin.py:190} INFO - [2025-04-04T15:51:35.828+0000] {dagbag.py:588} INFO - Filling up the DagBag from /home/airflow/.local/lib/python3.12/site-packages/airflow/example_dags/example_time_delta_sensor_async.py
[2025-04-04T15:51:35.839+0000] {processor.py:925} INFO - DAG(s) 'example_time_delta_sensor_async' retrieved from /home/airflow/.local/lib/python3.12/site-packages/airflow/example_dags/example_time_delta_sensor_async.py
[2025-04-04T15:51:35.875+0000] {logging_mixin.py:190} INFO - [2025-04-04T15:51:35.874+0000] {dag.py:3239} INFO - Sync 1 DAGs
[2025-04-04T15:51:35.897+0000] {logging_mixin.py:190} INFO - [2025-04-04T15:51:35.896+0000] {dag.py:4180} INFO - Setting next_dagrun for example_time_delta_sensor_async to None, run_after=None
[2025-04-04T15:51:35.931+0000] {processor.py:208} INFO - Processing /home/airflow/.local/lib/python3.12/site-packages/airflow/example_dags/example_time_delta_sensor_async.py took 0.116 seconds
[2025-04-04T15:52:06.609+0000] {processor.py:186} INFO - Started process (PID=694) to work on /home/airflow/.local/lib/python3.12/site-packages/airflow/example_dags/example_time_delta_sensor_async.py
[2025-04-04T15:52:06.610+0000] {processor.py:914} INFO - Processing file /home/airflow/.local/lib/python3.12/site-packages/airflow/example_dags/example_time_delta_sensor_async.py for tasks to queue
[2025-04-04T15:52:06.613+0000] {logging_mixin.py:190} INFO - [2025-04-04T15:52:06.613+0000] {dagbag.py:588} INFO - Filling up the DagBag from /home/airflow/.local/lib/python3.12/site-packages/airflow/example_dags/example_time_delta_sensor_async.py
[2025-04-04T15:52:06.624+0000] {processor.py:925} INFO - DAG(s) 'example_time_delta_sensor_async' retrieved from /home/airflow/.local/lib/python3.12/site-packages/airflow/example_dags/example_time_delta_sensor_async.py
[2025-04-04T15:52:06.660+0000] {logging_mixin.py:190} INFO - [2025-04-04T15:52:06.660+0000] {dag.py:3239} INFO - Sync 1 DAGs
[2025-04-04T15:52:06.693+0000] {logging_mixin.py:190} INFO - [2025-04-04T15:52:06.693+0000] {dag.py:4180} INFO - Setting next_dagrun for example_time_delta_sensor_async to None, run_after=None
[2025-04-04T15:52:06.724+0000] {processor.py:208} INFO - Processing /home/airflow/.local/lib/python3.12/site-packages/airflow/example_dags/example_time_delta_sensor_async.py took 0.127 seconds
[2025-04-04T15:52:37.730+0000] {processor.py:186} INFO - Started process (PID=758) to work on /home/airflow/.local/lib/python3.12/site-packages/airflow/example_dags/example_time_delta_sensor_async.py
[2025-04-04T15:52:37.731+0000] {processor.py:914} INFO - Processing file /home/airflow/.local/lib/python3.12/site-packages/airflow/example_dags/example_time_delta_sensor_async.py for tasks to queue
[2025-04-04T15:52:37.734+0000] {logging_mixin.py:190} INFO - [2025-04-04T15:52:37.733+0000] {dagbag.py:588} INFO - Filling up the DagBag from /home/airflow/.local/lib/python3.12/site-packages/airflow/example_dags/example_time_delta_sensor_async.py
[2025-04-04T15:52:37.742+0000] {processor.py:925} INFO - DAG(s) 'example_time_delta_sensor_async' retrieved from /home/airflow/.local/lib/python3.12/site-packages/airflow/example_dags/example_time_delta_sensor_async.py
[2025-04-04T15:52:37.766+0000] {logging_mixin.py:190} INFO - [2025-04-04T15:52:37.766+0000] {dag.py:3239} INFO - Sync 1 DAGs
[2025-04-04T15:52:37.786+0000] {logging_mixin.py:190} INFO - [2025-04-04T15:52:37.786+0000] {dag.py:4180} INFO - Setting next_dagrun for example_time_delta_sensor_async to None, run_after=None
[2025-04-04T15:52:37.810+0000] {processor.py:208} INFO - Processing /home/airflow/.local/lib/python3.12/site-packages/airflow/example_dags/example_time_delta_sensor_async.py took 0.088 seconds
[2025-04-04T15:53:08.451+0000] {processor.py:186} INFO - Started process (PID=822) to work on /home/airflow/.local/lib/python3.12/site-packages/airflow/example_dags/example_time_delta_sensor_async.py
[2025-04-04T15:53:08.452+0000] {processor.py:914} INFO - Processing file /home/airflow/.local/lib/python3.12/site-packages/airflow/example_dags/example_time_delta_sensor_async.py for tasks to queue
[2025-04-04T15:53:08.454+0000] {logging_mixin.py:190} INFO - [2025-04-04T15:53:08.454+0000] {dagbag.py:588} INFO - Filling up the DagBag from /home/airflow/.local/lib/python3.12/site-packages/airflow/example_dags/example_time_delta_sensor_async.py
[2025-04-04T15:53:08.462+0000] {processor.py:925} INFO - DAG(s) 'example_time_delta_sensor_async' retrieved from /home/airflow/.local/lib/python3.12/site-packages/airflow/example_dags/example_time_delta_sensor_async.py
[2025-04-04T15:53:08.491+0000] {logging_mixin.py:190} INFO - [2025-04-04T15:53:08.491+0000] {dag.py:3239} INFO - Sync 1 DAGs
[2025-04-04T15:53:08.514+0000] {logging_mixin.py:190} INFO - [2025-04-04T15:53:08.514+0000] {dag.py:4180} INFO - Setting next_dagrun for example_time_delta_sensor_async to None, run_after=None
[2025-04-04T15:53:08.543+0000] {processor.py:208} INFO - Processing /home/airflow/.local/lib/python3.12/site-packages/airflow/example_dags/example_time_delta_sensor_async.py took 0.100 seconds
[2025-04-04T15:53:39.918+0000] {processor.py:186} INFO - Started process (PID=886) to work on /home/airflow/.local/lib/python3.12/site-packages/airflow/example_dags/example_time_delta_sensor_async.py
[2025-04-04T15:53:39.919+0000] {processor.py:914} INFO - Processing file /home/airflow/.local/lib/python3.12/site-packages/airflow/example_dags/example_time_delta_sensor_async.py for tasks to queue
[2025-04-04T15:53:39.922+0000] {logging_mixin.py:190} INFO - [2025-04-04T15:53:39.921+0000] {dagbag.py:588} INFO - Filling up the DagBag from /home/airflow/.local/lib/python3.12/site-packages/airflow/example_dags/example_time_delta_sensor_async.py
[2025-04-04T15:53:39.934+0000] {processor.py:925} INFO - DAG(s) 'example_time_delta_sensor_async' retrieved from /home/airflow/.local/lib/python3.12/site-packages/airflow/example_dags/example_time_delta_sensor_async.py
[2025-04-04T15:53:39.965+0000] {logging_mixin.py:190} INFO - [2025-04-04T15:53:39.964+0000] {dag.py:3239} INFO - Sync 1 DAGs
[2025-04-04T15:53:39.996+0000] {logging_mixin.py:190} INFO - [2025-04-04T15:53:39.995+0000] {dag.py:4180} INFO - Setting next_dagrun for example_time_delta_sensor_async to None, run_after=None
[2025-04-04T15:53:40.036+0000] {processor.py:208} INFO - Processing /home/airflow/.local/lib/python3.12/site-packages/airflow/example_dags/example_time_delta_sensor_async.py took 0.129 seconds
[2025-04-04T15:54:11.983+0000] {processor.py:186} INFO - Started process (PID=950) to work on /home/airflow/.local/lib/python3.12/site-packages/airflow/example_dags/example_time_delta_sensor_async.py
[2025-04-04T15:54:11.985+0000] {processor.py:914} INFO - Processing file /home/airflow/.local/lib/python3.12/site-packages/airflow/example_dags/example_time_delta_sensor_async.py for tasks to queue
[2025-04-04T15:54:11.989+0000] {logging_mixin.py:190} INFO - [2025-04-04T15:54:11.988+0000] {dagbag.py:588} INFO - Filling up the DagBag from /home/airflow/.local/lib/python3.12/site-packages/airflow/example_dags/example_time_delta_sensor_async.py
[2025-04-04T15:54:12.001+0000] {processor.py:925} INFO - DAG(s) 'example_time_delta_sensor_async' retrieved from /home/airflow/.local/lib/python3.12/site-packages/airflow/example_dags/example_time_delta_sensor_async.py
[2025-04-04T15:54:12.033+0000] {logging_mixin.py:190} INFO - [2025-04-04T15:54:12.033+0000] {dag.py:3239} INFO - Sync 1 DAGs
[2025-04-04T15:54:12.062+0000] {logging_mixin.py:190} INFO - [2025-04-04T15:54:12.061+0000] {dag.py:4180} INFO - Setting next_dagrun for example_time_delta_sensor_async to None, run_after=None
[2025-04-04T15:54:12.096+0000] {processor.py:208} INFO - Processing /home/airflow/.local/lib/python3.12/site-packages/airflow/example_dags/example_time_delta_sensor_async.py took 0.124 seconds
[2025-04-04T15:54:43.623+0000] {processor.py:186} INFO - Started process (PID=1014) to work on /home/airflow/.local/lib/python3.12/site-packages/airflow/example_dags/example_time_delta_sensor_async.py
[2025-04-04T15:54:43.624+0000] {processor.py:914} INFO - Processing file /home/airflow/.local/lib/python3.12/site-packages/airflow/example_dags/example_time_delta_sensor_async.py for tasks to queue
[2025-04-04T15:54:43.628+0000] {logging_mixin.py:190} INFO - [2025-04-04T15:54:43.627+0000] {dagbag.py:588} INFO - Filling up the DagBag from /home/airflow/.local/lib/python3.12/site-packages/airflow/example_dags/example_time_delta_sensor_async.py
[2025-04-04T15:54:43.636+0000] {processor.py:925} INFO - DAG(s) 'example_time_delta_sensor_async' retrieved from /home/airflow/.local/lib/python3.12/site-packages/airflow/example_dags/example_time_delta_sensor_async.py
[2025-04-04T15:54:43.666+0000] {logging_mixin.py:190} INFO - [2025-04-04T15:54:43.666+0000] {dag.py:3239} INFO - Sync 1 DAGs
[2025-04-04T15:54:43.696+0000] {logging_mixin.py:190} INFO - [2025-04-04T15:54:43.696+0000] {dag.py:4180} INFO - Setting next_dagrun for example_time_delta_sensor_async to None, run_after=None
[2025-04-04T15:54:43.728+0000] {processor.py:208} INFO - Processing /home/airflow/.local/lib/python3.12/site-packages/airflow/example_dags/example_time_delta_sensor_async.py took 0.115 seconds
[2025-04-04T15:55:14.624+0000] {processor.py:186} INFO - Started process (PID=1078) to work on /home/airflow/.local/lib/python3.12/site-packages/airflow/example_dags/example_time_delta_sensor_async.py
[2025-04-04T15:55:14.625+0000] {processor.py:914} INFO - Processing file /home/airflow/.local/lib/python3.12/site-packages/airflow/example_dags/example_time_delta_sensor_async.py for tasks to queue
[2025-04-04T15:55:14.628+0000] {logging_mixin.py:190} INFO - [2025-04-04T15:55:14.628+0000] {dagbag.py:588} INFO - Filling up the DagBag from /home/airflow/.local/lib/python3.12/site-packages/airflow/example_dags/example_time_delta_sensor_async.py
[2025-04-04T15:55:14.636+0000] {processor.py:925} INFO - DAG(s) 'example_time_delta_sensor_async' retrieved from /home/airflow/.local/lib/python3.12/site-packages/airflow/example_dags/example_time_delta_sensor_async.py
[2025-04-04T15:55:14.661+0000] {logging_mixin.py:190} INFO - [2025-04-04T15:55:14.661+0000] {dag.py:3239} INFO - Sync 1 DAGs
[2025-04-04T15:55:14.681+0000] {logging_mixin.py:190} INFO - [2025-04-04T15:55:14.680+0000] {dag.py:4180} INFO - Setting next_dagrun for example_time_delta_sensor_async to None, run_after=None
[2025-04-04T15:55:14.707+0000] {processor.py:208} INFO - Processing /home/airflow/.local/lib/python3.12/site-packages/airflow/example_dags/example_time_delta_sensor_async.py took 0.090 seconds
[2025-04-04T15:55:46.540+0000] {processor.py:186} INFO - Started process (PID=1148) to work on /home/airflow/.local/lib/python3.12/site-packages/airflow/example_dags/example_time_delta_sensor_async.py
[2025-04-04T15:55:46.541+0000] {processor.py:914} INFO - Processing file /home/airflow/.local/lib/python3.12/site-packages/airflow/example_dags/example_time_delta_sensor_async.py for tasks to queue
[2025-04-04T15:55:46.544+0000] {logging_mixin.py:190} INFO - [2025-04-04T15:55:46.544+0000] {dagbag.py:588} INFO - Filling up the DagBag from /home/airflow/.local/lib/python3.12/site-packages/airflow/example_dags/example_time_delta_sensor_async.py
[2025-04-04T15:55:46.553+0000] {processor.py:925} INFO - DAG(s) 'example_time_delta_sensor_async' retrieved from /home/airflow/.local/lib/python3.12/site-packages/airflow/example_dags/example_time_delta_sensor_async.py
[2025-04-04T15:55:46.582+0000] {logging_mixin.py:190} INFO - [2025-04-04T15:55:46.582+0000] {dag.py:3239} INFO - Sync 1 DAGs
[2025-04-04T15:55:46.606+0000] {logging_mixin.py:190} INFO - [2025-04-04T15:55:46.606+0000] {dag.py:4180} INFO - Setting next_dagrun for example_time_delta_sensor_async to None, run_after=None
[2025-04-04T15:55:46.633+0000] {processor.py:208} INFO - Processing /home/airflow/.local/lib/python3.12/site-packages/airflow/example_dags/example_time_delta_sensor_async.py took 0.102 seconds
[2025-04-04T15:56:18.062+0000] {processor.py:186} INFO - Started process (PID=1212) to work on /home/airflow/.local/lib/python3.12/site-packages/airflow/example_dags/example_time_delta_sensor_async.py
[2025-04-04T15:56:18.064+0000] {processor.py:914} INFO - Processing file /home/airflow/.local/lib/python3.12/site-packages/airflow/example_dags/example_time_delta_sensor_async.py for tasks to queue
[2025-04-04T15:56:18.068+0000] {logging_mixin.py:190} INFO - [2025-04-04T15:56:18.067+0000] {dagbag.py:588} INFO - Filling up the DagBag from /home/airflow/.local/lib/python3.12/site-packages/airflow/example_dags/example_time_delta_sensor_async.py
[2025-04-04T15:56:18.080+0000] {processor.py:925} INFO - DAG(s) 'example_time_delta_sensor_async' retrieved from /home/airflow/.local/lib/python3.12/site-packages/airflow/example_dags/example_time_delta_sensor_async.py
[2025-04-04T15:56:18.114+0000] {logging_mixin.py:190} INFO - [2025-04-04T15:56:18.113+0000] {dag.py:3239} INFO - Sync 1 DAGs
[2025-04-04T15:56:18.144+0000] {logging_mixin.py:190} INFO - [2025-04-04T15:56:18.144+0000] {dag.py:4180} INFO - Setting next_dagrun for example_time_delta_sensor_async to None, run_after=None
[2025-04-04T15:56:18.180+0000] {processor.py:208} INFO - Processing /home/airflow/.local/lib/python3.12/site-packages/airflow/example_dags/example_time_delta_sensor_async.py took 0.129 seconds
[2025-04-04T15:56:49.084+0000] {processor.py:186} INFO - Started process (PID=1276) to work on /home/airflow/.local/lib/python3.12/site-packages/airflow/example_dags/example_time_delta_sensor_async.py
[2025-04-04T15:56:49.084+0000] {processor.py:914} INFO - Processing file /home/airflow/.local/lib/python3.12/site-packages/airflow/example_dags/example_time_delta_sensor_async.py for tasks to queue
[2025-04-04T15:56:49.087+0000] {logging_mixin.py:190} INFO - [2025-04-04T15:56:49.086+0000] {dagbag.py:588} INFO - Filling up the DagBag from /home/airflow/.local/lib/python3.12/site-packages/airflow/example_dags/example_time_delta_sensor_async.py
[2025-04-04T15:56:49.095+0000] {processor.py:925} INFO - DAG(s) 'example_time_delta_sensor_async' retrieved from /home/airflow/.local/lib/python3.12/site-packages/airflow/example_dags/example_time_delta_sensor_async.py
[2025-04-04T15:56:49.118+0000] {logging_mixin.py:190} INFO - [2025-04-04T15:56:49.117+0000] {dag.py:3239} INFO - Sync 1 DAGs
[2025-04-04T15:56:49.135+0000] {logging_mixin.py:190} INFO - [2025-04-04T15:56:49.135+0000] {dag.py:4180} INFO - Setting next_dagrun for example_time_delta_sensor_async to None, run_after=None
[2025-04-04T15:56:49.163+0000] {processor.py:208} INFO - Processing /home/airflow/.local/lib/python3.12/site-packages/airflow/example_dags/example_time_delta_sensor_async.py took 0.087 seconds
[2025-04-04T15:57:20.477+0000] {processor.py:186} INFO - Started process (PID=1340) to work on /home/airflow/.local/lib/python3.12/site-packages/airflow/example_dags/example_time_delta_sensor_async.py
[2025-04-04T15:57:20.479+0000] {processor.py:914} INFO - Processing file /home/airflow/.local/lib/python3.12/site-packages/airflow/example_dags/example_time_delta_sensor_async.py for tasks to queue
[2025-04-04T15:57:20.483+0000] {logging_mixin.py:190} INFO - [2025-04-04T15:57:20.483+0000] {dagbag.py:588} INFO - Filling up the DagBag from /home/airflow/.local/lib/python3.12/site-packages/airflow/example_dags/example_time_delta_sensor_async.py
[2025-04-04T15:57:20.492+0000] {processor.py:925} INFO - DAG(s) 'example_time_delta_sensor_async' retrieved from /home/airflow/.local/lib/python3.12/site-packages/airflow/example_dags/example_time_delta_sensor_async.py
[2025-04-04T15:57:20.517+0000] {logging_mixin.py:190} INFO - [2025-04-04T15:57:20.517+0000] {dag.py:3239} INFO - Sync 1 DAGs
[2025-04-04T15:57:20.544+0000] {logging_mixin.py:190} INFO - [2025-04-04T15:57:20.543+0000] {dag.py:4180} INFO - Setting next_dagrun for example_time_delta_sensor_async to None, run_after=None
[2025-04-04T15:57:20.576+0000] {processor.py:208} INFO - Processing /home/airflow/.local/lib/python3.12/site-packages/airflow/example_dags/example_time_delta_sensor_async.py took 0.107 seconds
[2025-04-04T15:57:52.213+0000] {processor.py:186} INFO - Started process (PID=1404) to work on /home/airflow/.local/lib/python3.12/site-packages/airflow/example_dags/example_time_delta_sensor_async.py
[2025-04-04T15:57:52.215+0000] {processor.py:914} INFO - Processing file /home/airflow/.local/lib/python3.12/site-packages/airflow/example_dags/example_time_delta_sensor_async.py for tasks to queue
[2025-04-04T15:57:52.217+0000] {logging_mixin.py:190} INFO - [2025-04-04T15:57:52.217+0000] {dagbag.py:588} INFO - Filling up the DagBag from /home/airflow/.local/lib/python3.12/site-packages/airflow/example_dags/example_time_delta_sensor_async.py
[2025-04-04T15:57:52.226+0000] {processor.py:925} INFO - DAG(s) 'example_time_delta_sensor_async' retrieved from /home/airflow/.local/lib/python3.12/site-packages/airflow/example_dags/example_time_delta_sensor_async.py
[2025-04-04T15:57:52.250+0000] {logging_mixin.py:190} INFO - [2025-04-04T15:57:52.250+0000] {dag.py:3239} INFO - Sync 1 DAGs
[2025-04-04T15:57:52.270+0000] {logging_mixin.py:190} INFO - [2025-04-04T15:57:52.270+0000] {dag.py:4180} INFO - Setting next_dagrun for example_time_delta_sensor_async to None, run_after=None
[2025-04-04T15:57:52.294+0000] {processor.py:208} INFO - Processing /home/airflow/.local/lib/python3.12/site-packages/airflow/example_dags/example_time_delta_sensor_async.py took 0.089 seconds
[2025-04-04T15:58:22.659+0000] {processor.py:186} INFO - Started process (PID=1467) to work on /home/airflow/.local/lib/python3.12/site-packages/airflow/example_dags/example_time_delta_sensor_async.py
[2025-04-04T15:58:22.661+0000] {processor.py:914} INFO - Processing file /home/airflow/.local/lib/python3.12/site-packages/airflow/example_dags/example_time_delta_sensor_async.py for tasks to queue
[2025-04-04T15:58:22.665+0000] {logging_mixin.py:190} INFO - [2025-04-04T15:58:22.664+0000] {dagbag.py:588} INFO - Filling up the DagBag from /home/airflow/.local/lib/python3.12/site-packages/airflow/example_dags/example_time_delta_sensor_async.py
[2025-04-04T15:58:22.676+0000] {processor.py:925} INFO - DAG(s) 'example_time_delta_sensor_async' retrieved from /home/airflow/.local/lib/python3.12/site-packages/airflow/example_dags/example_time_delta_sensor_async.py
[2025-04-04T15:58:22.712+0000] {logging_mixin.py:190} INFO - [2025-04-04T15:58:22.712+0000] {dag.py:3239} INFO - Sync 1 DAGs
[2025-04-04T15:58:22.742+0000] {logging_mixin.py:190} INFO - [2025-04-04T15:58:22.741+0000] {dag.py:4180} INFO - Setting next_dagrun for example_time_delta_sensor_async to None, run_after=None
[2025-04-04T15:58:22.777+0000] {processor.py:208} INFO - Processing /home/airflow/.local/lib/python3.12/site-packages/airflow/example_dags/example_time_delta_sensor_async.py took 0.129 seconds
[2025-04-04T16:00:57.868+0000] {processor.py:186} INFO - Started process (PID=118) to work on /home/airflow/.local/lib/python3.12/site-packages/airflow/example_dags/example_time_delta_sensor_async.py
[2025-04-04T16:00:57.875+0000] {processor.py:914} INFO - Processing file /home/airflow/.local/lib/python3.12/site-packages/airflow/example_dags/example_time_delta_sensor_async.py for tasks to queue
[2025-04-04T16:00:57.886+0000] {logging_mixin.py:190} INFO - [2025-04-04T16:00:57.885+0000] {dagbag.py:588} INFO - Filling up the DagBag from /home/airflow/.local/lib/python3.12/site-packages/airflow/example_dags/example_time_delta_sensor_async.py
[2025-04-04T16:00:57.922+0000] {processor.py:925} INFO - DAG(s) 'example_time_delta_sensor_async' retrieved from /home/airflow/.local/lib/python3.12/site-packages/airflow/example_dags/example_time_delta_sensor_async.py
[2025-04-04T16:00:57.978+0000] {logging_mixin.py:190} INFO - [2025-04-04T16:00:57.978+0000] {dag.py:3239} INFO - Sync 1 DAGs
[2025-04-04T16:00:58.010+0000] {logging_mixin.py:190} INFO - [2025-04-04T16:00:58.009+0000] {dag.py:4180} INFO - Setting next_dagrun for example_time_delta_sensor_async to None, run_after=None
[2025-04-04T16:00:58.056+0000] {processor.py:208} INFO - Processing /home/airflow/.local/lib/python3.12/site-packages/airflow/example_dags/example_time_delta_sensor_async.py took 0.213 seconds
[2025-04-04T16:01:28.369+0000] {processor.py:186} INFO - Started process (PID=181) to work on /home/airflow/.local/lib/python3.12/site-packages/airflow/example_dags/example_time_delta_sensor_async.py
[2025-04-04T16:01:28.370+0000] {processor.py:914} INFO - Processing file /home/airflow/.local/lib/python3.12/site-packages/airflow/example_dags/example_time_delta_sensor_async.py for tasks to queue
[2025-04-04T16:01:28.374+0000] {logging_mixin.py:190} INFO - [2025-04-04T16:01:28.374+0000] {dagbag.py:588} INFO - Filling up the DagBag from /home/airflow/.local/lib/python3.12/site-packages/airflow/example_dags/example_time_delta_sensor_async.py
[2025-04-04T16:01:28.386+0000] {processor.py:925} INFO - DAG(s) 'example_time_delta_sensor_async' retrieved from /home/airflow/.local/lib/python3.12/site-packages/airflow/example_dags/example_time_delta_sensor_async.py
[2025-04-04T16:01:28.415+0000] {logging_mixin.py:190} INFO - [2025-04-04T16:01:28.415+0000] {dag.py:3239} INFO - Sync 1 DAGs
[2025-04-04T16:01:28.441+0000] {logging_mixin.py:190} INFO - [2025-04-04T16:01:28.441+0000] {dag.py:4180} INFO - Setting next_dagrun for example_time_delta_sensor_async to None, run_after=None
[2025-04-04T16:01:28.465+0000] {processor.py:208} INFO - Processing /home/airflow/.local/lib/python3.12/site-packages/airflow/example_dags/example_time_delta_sensor_async.py took 0.108 seconds
[2025-04-04T16:01:59.307+0000] {processor.py:186} INFO - Started process (PID=251) to work on /home/airflow/.local/lib/python3.12/site-packages/airflow/example_dags/example_time_delta_sensor_async.py
[2025-04-04T16:01:59.308+0000] {processor.py:914} INFO - Processing file /home/airflow/.local/lib/python3.12/site-packages/airflow/example_dags/example_time_delta_sensor_async.py for tasks to queue
[2025-04-04T16:01:59.312+0000] {logging_mixin.py:190} INFO - [2025-04-04T16:01:59.312+0000] {dagbag.py:588} INFO - Filling up the DagBag from /home/airflow/.local/lib/python3.12/site-packages/airflow/example_dags/example_time_delta_sensor_async.py
[2025-04-04T16:01:59.321+0000] {processor.py:925} INFO - DAG(s) 'example_time_delta_sensor_async' retrieved from /home/airflow/.local/lib/python3.12/site-packages/airflow/example_dags/example_time_delta_sensor_async.py
[2025-04-04T16:01:59.349+0000] {logging_mixin.py:190} INFO - [2025-04-04T16:01:59.348+0000] {dag.py:3239} INFO - Sync 1 DAGs
[2025-04-04T16:01:59.370+0000] {logging_mixin.py:190} INFO - [2025-04-04T16:01:59.369+0000] {dag.py:4180} INFO - Setting next_dagrun for example_time_delta_sensor_async to None, run_after=None
[2025-04-04T16:01:59.396+0000] {processor.py:208} INFO - Processing /home/airflow/.local/lib/python3.12/site-packages/airflow/example_dags/example_time_delta_sensor_async.py took 0.101 seconds
[2025-04-04T16:02:30.747+0000] {processor.py:186} INFO - Started process (PID=315) to work on /home/airflow/.local/lib/python3.12/site-packages/airflow/example_dags/example_time_delta_sensor_async.py
[2025-04-04T16:02:30.748+0000] {processor.py:914} INFO - Processing file /home/airflow/.local/lib/python3.12/site-packages/airflow/example_dags/example_time_delta_sensor_async.py for tasks to queue
[2025-04-04T16:02:30.751+0000] {logging_mixin.py:190} INFO - [2025-04-04T16:02:30.750+0000] {dagbag.py:588} INFO - Filling up the DagBag from /home/airflow/.local/lib/python3.12/site-packages/airflow/example_dags/example_time_delta_sensor_async.py
[2025-04-04T16:02:30.760+0000] {processor.py:925} INFO - DAG(s) 'example_time_delta_sensor_async' retrieved from /home/airflow/.local/lib/python3.12/site-packages/airflow/example_dags/example_time_delta_sensor_async.py
[2025-04-04T16:02:30.786+0000] {logging_mixin.py:190} INFO - [2025-04-04T16:02:30.786+0000] {dag.py:3239} INFO - Sync 1 DAGs
[2025-04-04T16:02:30.811+0000] {logging_mixin.py:190} INFO - [2025-04-04T16:02:30.811+0000] {dag.py:4180} INFO - Setting next_dagrun for example_time_delta_sensor_async to None, run_after=None
[2025-04-04T16:02:30.838+0000] {processor.py:208} INFO - Processing /home/airflow/.local/lib/python3.12/site-packages/airflow/example_dags/example_time_delta_sensor_async.py took 0.098 seconds
