[2025-04-04T15:44:17.118+0000] {processor.py:186} INFO - Started process (PID=103) to work on /home/airflow/.local/lib/python3.12/site-packages/airflow/example_dags/example_inlet_event_extra.py
[2025-04-04T15:44:17.120+0000] {processor.py:914} INFO - Processing file /home/airflow/.local/lib/python3.12/site-packages/airflow/example_dags/example_inlet_event_extra.py for tasks to queue
[2025-04-04T15:44:17.124+0000] {logging_mixin.py:190} INFO - [2025-04-04T15:44:17.124+0000] {dagbag.py:588} INFO - Filling up the DagBag from /home/airflow/.local/lib/python3.12/site-packages/airflow/example_dags/example_inlet_event_extra.py
[2025-04-04T15:44:18.388+0000] {processor.py:925} INFO - DAG(s) 'read_dataset_event', 'read_dataset_event_from_classic' retrieved from /home/airflow/.local/lib/python3.12/site-packages/airflow/example_dags/example_inlet_event_extra.py
[2025-04-04T15:44:18.624+0000] {logging_mixin.py:190} INFO - [2025-04-04T15:44:18.623+0000] {override.py:1912} INFO - Created Permission View: can edit on DAG:read_dataset_event
[2025-04-04T15:44:18.641+0000] {logging_mixin.py:190} INFO - [2025-04-04T15:44:18.641+0000] {override.py:1912} INFO - Created Permission View: can read on DAG:read_dataset_event
[2025-04-04T15:44:18.651+0000] {logging_mixin.py:190} INFO - [2025-04-04T15:44:18.651+0000] {override.py:1912} INFO - Created Permission View: can delete on DAG:read_dataset_event
[2025-04-04T15:44:18.660+0000] {logging_mixin.py:190} INFO - [2025-04-04T15:44:18.660+0000] {override.py:1912} INFO - Created Permission View: menu access on DAG Run:read_dataset_event
[2025-04-04T15:44:18.673+0000] {logging_mixin.py:190} INFO - [2025-04-04T15:44:18.672+0000] {override.py:1912} INFO - Created Permission View: can read on DAG Run:read_dataset_event
[2025-04-04T15:44:18.686+0000] {logging_mixin.py:190} INFO - [2025-04-04T15:44:18.685+0000] {override.py:1912} INFO - Created Permission View: can create on DAG Run:read_dataset_event
[2025-04-04T15:44:18.699+0000] {logging_mixin.py:190} INFO - [2025-04-04T15:44:18.698+0000] {override.py:1912} INFO - Created Permission View: can delete on DAG Run:read_dataset_event
[2025-04-04T15:44:18.721+0000] {logging_mixin.py:190} INFO - [2025-04-04T15:44:18.720+0000] {override.py:1912} INFO - Created Permission View: can edit on DAG:read_dataset_event_from_classic
[2025-04-04T15:44:18.751+0000] {logging_mixin.py:190} INFO - [2025-04-04T15:44:18.749+0000] {override.py:1912} INFO - Created Permission View: can read on DAG:read_dataset_event_from_classic
[2025-04-04T15:44:18.773+0000] {logging_mixin.py:190} INFO - [2025-04-04T15:44:18.773+0000] {override.py:1912} INFO - Created Permission View: can delete on DAG:read_dataset_event_from_classic
[2025-04-04T15:44:18.793+0000] {logging_mixin.py:190} INFO - [2025-04-04T15:44:18.793+0000] {override.py:1912} INFO - Created Permission View: menu access on DAG Run:read_dataset_event_from_classic
[2025-04-04T15:44:18.811+0000] {logging_mixin.py:190} INFO - [2025-04-04T15:44:18.811+0000] {override.py:1912} INFO - Created Permission View: can read on DAG Run:read_dataset_event_from_classic
[2025-04-04T15:44:18.832+0000] {logging_mixin.py:190} INFO - [2025-04-04T15:44:18.831+0000] {override.py:1912} INFO - Created Permission View: can create on DAG Run:read_dataset_event_from_classic
[2025-04-04T15:44:18.846+0000] {logging_mixin.py:190} INFO - [2025-04-04T15:44:18.845+0000] {override.py:1912} INFO - Created Permission View: can delete on DAG Run:read_dataset_event_from_classic
[2025-04-04T15:44:18.847+0000] {logging_mixin.py:190} INFO - [2025-04-04T15:44:18.847+0000] {dag.py:3239} INFO - Sync 2 DAGs
[2025-04-04T15:44:18.889+0000] {logging_mixin.py:190} INFO - [2025-04-04T15:44:18.888+0000] {dag.py:3262} INFO - Creating ORM DAG for read_dataset_event_from_classic
[2025-04-04T15:44:18.891+0000] {logging_mixin.py:190} INFO - [2025-04-04T15:44:18.890+0000] {dag.py:3262} INFO - Creating ORM DAG for read_dataset_event
[2025-04-04T15:44:18.927+0000] {logging_mixin.py:190} INFO - [2025-04-04T15:44:18.927+0000] {dag.py:4180} INFO - Setting next_dagrun for read_dataset_event to 2025-04-03 00:00:00+00:00, run_after=2025-04-04 00:00:00+00:00
[2025-04-04T15:44:18.933+0000] {logging_mixin.py:190} INFO - [2025-04-04T15:44:18.933+0000] {dag.py:4180} INFO - Setting next_dagrun for read_dataset_event_from_classic to 2025-04-03 00:00:00+00:00, run_after=2025-04-04 00:00:00+00:00
[2025-04-04T15:44:18.969+0000] {processor.py:208} INFO - Processing /home/airflow/.local/lib/python3.12/site-packages/airflow/example_dags/example_inlet_event_extra.py took 1.862 seconds
[2025-04-04T15:44:49.058+0000] {processor.py:186} INFO - Started process (PID=166) to work on /home/airflow/.local/lib/python3.12/site-packages/airflow/example_dags/example_inlet_event_extra.py
[2025-04-04T15:44:49.060+0000] {processor.py:914} INFO - Processing file /home/airflow/.local/lib/python3.12/site-packages/airflow/example_dags/example_inlet_event_extra.py for tasks to queue
[2025-04-04T15:44:49.066+0000] {logging_mixin.py:190} INFO - [2025-04-04T15:44:49.065+0000] {dagbag.py:588} INFO - Filling up the DagBag from /home/airflow/.local/lib/python3.12/site-packages/airflow/example_dags/example_inlet_event_extra.py
[2025-04-04T15:44:50.354+0000] {processor.py:925} INFO - DAG(s) 'read_dataset_event', 'read_dataset_event_from_classic' retrieved from /home/airflow/.local/lib/python3.12/site-packages/airflow/example_dags/example_inlet_event_extra.py
[2025-04-04T15:44:50.450+0000] {logging_mixin.py:190} INFO - [2025-04-04T15:44:50.449+0000] {dag.py:3239} INFO - Sync 2 DAGs
[2025-04-04T15:44:50.555+0000] {logging_mixin.py:190} INFO - [2025-04-04T15:44:50.554+0000] {dag.py:4180} INFO - Setting next_dagrun for read_dataset_event to 2025-04-03 00:00:00+00:00, run_after=2025-04-04 00:00:00+00:00
[2025-04-04T15:44:50.572+0000] {logging_mixin.py:190} INFO - [2025-04-04T15:44:50.571+0000] {dag.py:4180} INFO - Setting next_dagrun for read_dataset_event_from_classic to 2025-04-03 00:00:00+00:00, run_after=2025-04-04 00:00:00+00:00
[2025-04-04T15:44:50.613+0000] {processor.py:208} INFO - Processing /home/airflow/.local/lib/python3.12/site-packages/airflow/example_dags/example_inlet_event_extra.py took 1.567 seconds
[2025-04-04T15:45:20.752+0000] {processor.py:186} INFO - Started process (PID=230) to work on /home/airflow/.local/lib/python3.12/site-packages/airflow/example_dags/example_inlet_event_extra.py
[2025-04-04T15:45:20.753+0000] {processor.py:914} INFO - Processing file /home/airflow/.local/lib/python3.12/site-packages/airflow/example_dags/example_inlet_event_extra.py for tasks to queue
[2025-04-04T15:45:20.757+0000] {logging_mixin.py:190} INFO - [2025-04-04T15:45:20.757+0000] {dagbag.py:588} INFO - Filling up the DagBag from /home/airflow/.local/lib/python3.12/site-packages/airflow/example_dags/example_inlet_event_extra.py
[2025-04-04T15:45:21.946+0000] {processor.py:925} INFO - DAG(s) 'read_dataset_event_from_classic', 'read_dataset_event' retrieved from /home/airflow/.local/lib/python3.12/site-packages/airflow/example_dags/example_inlet_event_extra.py
[2025-04-04T15:45:21.984+0000] {logging_mixin.py:190} INFO - [2025-04-04T15:45:21.984+0000] {dag.py:3239} INFO - Sync 2 DAGs
[2025-04-04T15:45:22.050+0000] {logging_mixin.py:190} INFO - [2025-04-04T15:45:22.049+0000] {dag.py:4180} INFO - Setting next_dagrun for read_dataset_event to 2025-04-03 00:00:00+00:00, run_after=2025-04-04 00:00:00+00:00
[2025-04-04T15:45:22.063+0000] {logging_mixin.py:190} INFO - [2025-04-04T15:45:22.062+0000] {dag.py:4180} INFO - Setting next_dagrun for read_dataset_event_from_classic to 2025-04-03 00:00:00+00:00, run_after=2025-04-04 00:00:00+00:00
[2025-04-04T15:45:22.095+0000] {processor.py:208} INFO - Processing /home/airflow/.local/lib/python3.12/site-packages/airflow/example_dags/example_inlet_event_extra.py took 1.352 seconds
[2025-04-04T15:45:52.188+0000] {processor.py:186} INFO - Started process (PID=293) to work on /home/airflow/.local/lib/python3.12/site-packages/airflow/example_dags/example_inlet_event_extra.py
[2025-04-04T15:45:52.190+0000] {processor.py:914} INFO - Processing file /home/airflow/.local/lib/python3.12/site-packages/airflow/example_dags/example_inlet_event_extra.py for tasks to queue
[2025-04-04T15:45:52.194+0000] {logging_mixin.py:190} INFO - [2025-04-04T15:45:52.193+0000] {dagbag.py:588} INFO - Filling up the DagBag from /home/airflow/.local/lib/python3.12/site-packages/airflow/example_dags/example_inlet_event_extra.py
[2025-04-04T15:45:53.582+0000] {processor.py:925} INFO - DAG(s) 'read_dataset_event_from_classic', 'read_dataset_event' retrieved from /home/airflow/.local/lib/python3.12/site-packages/airflow/example_dags/example_inlet_event_extra.py
[2025-04-04T15:45:53.727+0000] {logging_mixin.py:190} INFO - [2025-04-04T15:45:53.727+0000] {dag.py:3239} INFO - Sync 2 DAGs
[2025-04-04T15:45:53.888+0000] {logging_mixin.py:190} INFO - [2025-04-04T15:45:53.888+0000] {dag.py:4180} INFO - Setting next_dagrun for read_dataset_event to 2025-04-03 00:00:00+00:00, run_after=2025-04-04 00:00:00+00:00
[2025-04-04T15:45:53.929+0000] {logging_mixin.py:190} INFO - [2025-04-04T15:45:53.928+0000] {dag.py:4180} INFO - Setting next_dagrun for read_dataset_event_from_classic to 2025-04-03 00:00:00+00:00, run_after=2025-04-04 00:00:00+00:00
[2025-04-04T15:45:54.049+0000] {processor.py:208} INFO - Processing /home/airflow/.local/lib/python3.12/site-packages/airflow/example_dags/example_inlet_event_extra.py took 1.875 seconds
[2025-04-04T15:47:21.534+0000] {processor.py:186} INFO - Started process (PID=97) to work on /home/airflow/.local/lib/python3.12/site-packages/airflow/example_dags/example_inlet_event_extra.py
[2025-04-04T15:47:21.535+0000] {processor.py:914} INFO - Processing file /home/airflow/.local/lib/python3.12/site-packages/airflow/example_dags/example_inlet_event_extra.py for tasks to queue
[2025-04-04T15:47:21.539+0000] {logging_mixin.py:190} INFO - [2025-04-04T15:47:21.539+0000] {dagbag.py:588} INFO - Filling up the DagBag from /home/airflow/.local/lib/python3.12/site-packages/airflow/example_dags/example_inlet_event_extra.py
[2025-04-04T15:47:22.879+0000] {processor.py:925} INFO - DAG(s) 'read_dataset_event', 'read_dataset_event_from_classic' retrieved from /home/airflow/.local/lib/python3.12/site-packages/airflow/example_dags/example_inlet_event_extra.py
[2025-04-04T15:47:22.918+0000] {logging_mixin.py:190} INFO - [2025-04-04T15:47:22.917+0000] {dag.py:3239} INFO - Sync 2 DAGs
[2025-04-04T15:47:22.971+0000] {logging_mixin.py:190} INFO - [2025-04-04T15:47:22.971+0000] {dag.py:4180} INFO - Setting next_dagrun for read_dataset_event to 2025-04-03 00:00:00+00:00, run_after=2025-04-04 00:00:00+00:00
[2025-04-04T15:47:22.982+0000] {logging_mixin.py:190} INFO - [2025-04-04T15:47:22.982+0000] {dag.py:4180} INFO - Setting next_dagrun for read_dataset_event_from_classic to 2025-04-03 00:00:00+00:00, run_after=2025-04-04 00:00:00+00:00
[2025-04-04T15:47:23.017+0000] {processor.py:208} INFO - Processing /home/airflow/.local/lib/python3.12/site-packages/airflow/example_dags/example_inlet_event_extra.py took 1.493 seconds
[2025-04-04T15:47:53.261+0000] {processor.py:186} INFO - Started process (PID=161) to work on /home/airflow/.local/lib/python3.12/site-packages/airflow/example_dags/example_inlet_event_extra.py
[2025-04-04T15:47:53.262+0000] {processor.py:914} INFO - Processing file /home/airflow/.local/lib/python3.12/site-packages/airflow/example_dags/example_inlet_event_extra.py for tasks to queue
[2025-04-04T15:47:53.265+0000] {logging_mixin.py:190} INFO - [2025-04-04T15:47:53.265+0000] {dagbag.py:588} INFO - Filling up the DagBag from /home/airflow/.local/lib/python3.12/site-packages/airflow/example_dags/example_inlet_event_extra.py
[2025-04-04T15:47:54.059+0000] {processor.py:925} INFO - DAG(s) 'read_dataset_event', 'read_dataset_event_from_classic' retrieved from /home/airflow/.local/lib/python3.12/site-packages/airflow/example_dags/example_inlet_event_extra.py
[2025-04-04T15:47:54.085+0000] {logging_mixin.py:190} INFO - [2025-04-04T15:47:54.084+0000] {dag.py:3239} INFO - Sync 2 DAGs
[2025-04-04T15:47:54.124+0000] {logging_mixin.py:190} INFO - [2025-04-04T15:47:54.123+0000] {dag.py:4180} INFO - Setting next_dagrun for read_dataset_event to 2025-04-03 00:00:00+00:00, run_after=2025-04-04 00:00:00+00:00
[2025-04-04T15:47:54.131+0000] {logging_mixin.py:190} INFO - [2025-04-04T15:47:54.131+0000] {dag.py:4180} INFO - Setting next_dagrun for read_dataset_event_from_classic to 2025-04-03 00:00:00+00:00, run_after=2025-04-04 00:00:00+00:00
[2025-04-04T15:47:54.156+0000] {processor.py:208} INFO - Processing /home/airflow/.local/lib/python3.12/site-packages/airflow/example_dags/example_inlet_event_extra.py took 0.903 seconds
[2025-04-04T15:48:24.694+0000] {processor.py:186} INFO - Started process (PID=228) to work on /home/airflow/.local/lib/python3.12/site-packages/airflow/example_dags/example_inlet_event_extra.py
[2025-04-04T15:48:24.696+0000] {processor.py:914} INFO - Processing file /home/airflow/.local/lib/python3.12/site-packages/airflow/example_dags/example_inlet_event_extra.py for tasks to queue
[2025-04-04T15:48:24.699+0000] {logging_mixin.py:190} INFO - [2025-04-04T15:48:24.698+0000] {dagbag.py:588} INFO - Filling up the DagBag from /home/airflow/.local/lib/python3.12/site-packages/airflow/example_dags/example_inlet_event_extra.py
[2025-04-04T15:48:25.554+0000] {processor.py:925} INFO - DAG(s) 'read_dataset_event', 'read_dataset_event_from_classic' retrieved from /home/airflow/.local/lib/python3.12/site-packages/airflow/example_dags/example_inlet_event_extra.py
[2025-04-04T15:48:25.580+0000] {logging_mixin.py:190} INFO - [2025-04-04T15:48:25.580+0000] {dag.py:3239} INFO - Sync 2 DAGs
[2025-04-04T15:48:25.610+0000] {logging_mixin.py:190} INFO - [2025-04-04T15:48:25.610+0000] {dag.py:4180} INFO - Setting next_dagrun for read_dataset_event to 2025-04-03 00:00:00+00:00, run_after=2025-04-04 00:00:00+00:00
[2025-04-04T15:48:25.617+0000] {logging_mixin.py:190} INFO - [2025-04-04T15:48:25.617+0000] {dag.py:4180} INFO - Setting next_dagrun for read_dataset_event_from_classic to 2025-04-03 00:00:00+00:00, run_after=2025-04-04 00:00:00+00:00
[2025-04-04T15:48:25.636+0000] {processor.py:208} INFO - Processing /home/airflow/.local/lib/python3.12/site-packages/airflow/example_dags/example_inlet_event_extra.py took 0.950 seconds
[2025-04-04T15:48:56.199+0000] {processor.py:186} INFO - Started process (PID=295) to work on /home/airflow/.local/lib/python3.12/site-packages/airflow/example_dags/example_inlet_event_extra.py
[2025-04-04T15:48:56.201+0000] {processor.py:914} INFO - Processing file /home/airflow/.local/lib/python3.12/site-packages/airflow/example_dags/example_inlet_event_extra.py for tasks to queue
[2025-04-04T15:48:56.206+0000] {logging_mixin.py:190} INFO - [2025-04-04T15:48:56.205+0000] {dagbag.py:588} INFO - Filling up the DagBag from /home/airflow/.local/lib/python3.12/site-packages/airflow/example_dags/example_inlet_event_extra.py
[2025-04-04T15:48:57.483+0000] {processor.py:925} INFO - DAG(s) 'read_dataset_event_from_classic', 'read_dataset_event' retrieved from /home/airflow/.local/lib/python3.12/site-packages/airflow/example_dags/example_inlet_event_extra.py
[2025-04-04T15:48:57.600+0000] {logging_mixin.py:190} INFO - [2025-04-04T15:48:57.599+0000] {dag.py:3239} INFO - Sync 2 DAGs
[2025-04-04T15:48:57.679+0000] {logging_mixin.py:190} INFO - [2025-04-04T15:48:57.679+0000] {dag.py:4180} INFO - Setting next_dagrun for read_dataset_event to 2025-04-03 00:00:00+00:00, run_after=2025-04-04 00:00:00+00:00
[2025-04-04T15:48:57.699+0000] {logging_mixin.py:190} INFO - [2025-04-04T15:48:57.699+0000] {dag.py:4180} INFO - Setting next_dagrun for read_dataset_event_from_classic to 2025-04-03 00:00:00+00:00, run_after=2025-04-04 00:00:00+00:00
[2025-04-04T15:48:57.735+0000] {processor.py:208} INFO - Processing /home/airflow/.local/lib/python3.12/site-packages/airflow/example_dags/example_inlet_event_extra.py took 1.547 seconds
[2025-04-04T15:49:28.478+0000] {processor.py:186} INFO - Started process (PID=360) to work on /home/airflow/.local/lib/python3.12/site-packages/airflow/example_dags/example_inlet_event_extra.py
[2025-04-04T15:49:28.480+0000] {processor.py:914} INFO - Processing file /home/airflow/.local/lib/python3.12/site-packages/airflow/example_dags/example_inlet_event_extra.py for tasks to queue
[2025-04-04T15:49:28.485+0000] {logging_mixin.py:190} INFO - [2025-04-04T15:49:28.484+0000] {dagbag.py:588} INFO - Filling up the DagBag from /home/airflow/.local/lib/python3.12/site-packages/airflow/example_dags/example_inlet_event_extra.py
[2025-04-04T15:49:29.728+0000] {processor.py:925} INFO - DAG(s) 'read_dataset_event', 'read_dataset_event_from_classic' retrieved from /home/airflow/.local/lib/python3.12/site-packages/airflow/example_dags/example_inlet_event_extra.py
[2025-04-04T15:49:29.779+0000] {logging_mixin.py:190} INFO - [2025-04-04T15:49:29.778+0000] {dag.py:3239} INFO - Sync 2 DAGs
[2025-04-04T15:49:29.844+0000] {logging_mixin.py:190} INFO - [2025-04-04T15:49:29.843+0000] {dag.py:4180} INFO - Setting next_dagrun for read_dataset_event to 2025-04-03 00:00:00+00:00, run_after=2025-04-04 00:00:00+00:00
[2025-04-04T15:49:29.858+0000] {logging_mixin.py:190} INFO - [2025-04-04T15:49:29.858+0000] {dag.py:4180} INFO - Setting next_dagrun for read_dataset_event_from_classic to 2025-04-03 00:00:00+00:00, run_after=2025-04-04 00:00:00+00:00
[2025-04-04T15:49:29.893+0000] {processor.py:208} INFO - Processing /home/airflow/.local/lib/python3.12/site-packages/airflow/example_dags/example_inlet_event_extra.py took 1.426 seconds
[2025-04-04T15:50:00.080+0000] {processor.py:186} INFO - Started process (PID=424) to work on /home/airflow/.local/lib/python3.12/site-packages/airflow/example_dags/example_inlet_event_extra.py
[2025-04-04T15:50:00.082+0000] {processor.py:914} INFO - Processing file /home/airflow/.local/lib/python3.12/site-packages/airflow/example_dags/example_inlet_event_extra.py for tasks to queue
[2025-04-04T15:50:00.086+0000] {logging_mixin.py:190} INFO - [2025-04-04T15:50:00.086+0000] {dagbag.py:588} INFO - Filling up the DagBag from /home/airflow/.local/lib/python3.12/site-packages/airflow/example_dags/example_inlet_event_extra.py
[2025-04-04T15:50:00.882+0000] {processor.py:925} INFO - DAG(s) 'read_dataset_event', 'read_dataset_event_from_classic' retrieved from /home/airflow/.local/lib/python3.12/site-packages/airflow/example_dags/example_inlet_event_extra.py
[2025-04-04T15:50:00.915+0000] {logging_mixin.py:190} INFO - [2025-04-04T15:50:00.915+0000] {dag.py:3239} INFO - Sync 2 DAGs
[2025-04-04T15:50:00.969+0000] {logging_mixin.py:190} INFO - [2025-04-04T15:50:00.969+0000] {dag.py:4180} INFO - Setting next_dagrun for read_dataset_event to 2025-04-03 00:00:00+00:00, run_after=2025-04-04 00:00:00+00:00
[2025-04-04T15:50:00.976+0000] {logging_mixin.py:190} INFO - [2025-04-04T15:50:00.975+0000] {dag.py:4180} INFO - Setting next_dagrun for read_dataset_event_from_classic to 2025-04-03 00:00:00+00:00, run_after=2025-04-04 00:00:00+00:00
[2025-04-04T15:50:00.998+0000] {processor.py:208} INFO - Processing /home/airflow/.local/lib/python3.12/site-packages/airflow/example_dags/example_inlet_event_extra.py took 0.928 seconds
[2025-04-04T15:50:31.548+0000] {processor.py:186} INFO - Started process (PID=488) to work on /home/airflow/.local/lib/python3.12/site-packages/airflow/example_dags/example_inlet_event_extra.py
[2025-04-04T15:50:31.550+0000] {processor.py:914} INFO - Processing file /home/airflow/.local/lib/python3.12/site-packages/airflow/example_dags/example_inlet_event_extra.py for tasks to queue
[2025-04-04T15:50:31.554+0000] {logging_mixin.py:190} INFO - [2025-04-04T15:50:31.553+0000] {dagbag.py:588} INFO - Filling up the DagBag from /home/airflow/.local/lib/python3.12/site-packages/airflow/example_dags/example_inlet_event_extra.py
[2025-04-04T15:50:32.270+0000] {processor.py:925} INFO - DAG(s) 'read_dataset_event_from_classic', 'read_dataset_event' retrieved from /home/airflow/.local/lib/python3.12/site-packages/airflow/example_dags/example_inlet_event_extra.py
[2025-04-04T15:50:32.302+0000] {logging_mixin.py:190} INFO - [2025-04-04T15:50:32.302+0000] {dag.py:3239} INFO - Sync 2 DAGs
[2025-04-04T15:50:32.344+0000] {logging_mixin.py:190} INFO - [2025-04-04T15:50:32.344+0000] {dag.py:4180} INFO - Setting next_dagrun for read_dataset_event to 2025-04-03 00:00:00+00:00, run_after=2025-04-04 00:00:00+00:00
[2025-04-04T15:50:32.352+0000] {logging_mixin.py:190} INFO - [2025-04-04T15:50:32.352+0000] {dag.py:4180} INFO - Setting next_dagrun for read_dataset_event_from_classic to 2025-04-03 00:00:00+00:00, run_after=2025-04-04 00:00:00+00:00
[2025-04-04T15:50:32.373+0000] {processor.py:208} INFO - Processing /home/airflow/.local/lib/python3.12/site-packages/airflow/example_dags/example_inlet_event_extra.py took 0.837 seconds
[2025-04-04T15:51:02.727+0000] {processor.py:186} INFO - Started process (PID=552) to work on /home/airflow/.local/lib/python3.12/site-packages/airflow/example_dags/example_inlet_event_extra.py
[2025-04-04T15:51:02.728+0000] {processor.py:914} INFO - Processing file /home/airflow/.local/lib/python3.12/site-packages/airflow/example_dags/example_inlet_event_extra.py for tasks to queue
[2025-04-04T15:51:02.733+0000] {logging_mixin.py:190} INFO - [2025-04-04T15:51:02.732+0000] {dagbag.py:588} INFO - Filling up the DagBag from /home/airflow/.local/lib/python3.12/site-packages/airflow/example_dags/example_inlet_event_extra.py
[2025-04-04T15:51:03.442+0000] {processor.py:925} INFO - DAG(s) 'read_dataset_event', 'read_dataset_event_from_classic' retrieved from /home/airflow/.local/lib/python3.12/site-packages/airflow/example_dags/example_inlet_event_extra.py
[2025-04-04T15:51:03.473+0000] {logging_mixin.py:190} INFO - [2025-04-04T15:51:03.472+0000] {dag.py:3239} INFO - Sync 2 DAGs
[2025-04-04T15:51:03.513+0000] {logging_mixin.py:190} INFO - [2025-04-04T15:51:03.512+0000] {dag.py:4180} INFO - Setting next_dagrun for read_dataset_event to 2025-04-03 00:00:00+00:00, run_after=2025-04-04 00:00:00+00:00
[2025-04-04T15:51:03.520+0000] {logging_mixin.py:190} INFO - [2025-04-04T15:51:03.520+0000] {dag.py:4180} INFO - Setting next_dagrun for read_dataset_event_from_classic to 2025-04-03 00:00:00+00:00, run_after=2025-04-04 00:00:00+00:00
[2025-04-04T15:51:03.546+0000] {processor.py:208} INFO - Processing /home/airflow/.local/lib/python3.12/site-packages/airflow/example_dags/example_inlet_event_extra.py took 0.828 seconds
[2025-04-04T15:51:33.609+0000] {processor.py:186} INFO - Started process (PID=616) to work on /home/airflow/.local/lib/python3.12/site-packages/airflow/example_dags/example_inlet_event_extra.py
[2025-04-04T15:51:33.610+0000] {processor.py:914} INFO - Processing file /home/airflow/.local/lib/python3.12/site-packages/airflow/example_dags/example_inlet_event_extra.py for tasks to queue
[2025-04-04T15:51:33.614+0000] {logging_mixin.py:190} INFO - [2025-04-04T15:51:33.613+0000] {dagbag.py:588} INFO - Filling up the DagBag from /home/airflow/.local/lib/python3.12/site-packages/airflow/example_dags/example_inlet_event_extra.py
[2025-04-04T15:51:34.270+0000] {processor.py:925} INFO - DAG(s) 'read_dataset_event_from_classic', 'read_dataset_event' retrieved from /home/airflow/.local/lib/python3.12/site-packages/airflow/example_dags/example_inlet_event_extra.py
[2025-04-04T15:51:34.305+0000] {logging_mixin.py:190} INFO - [2025-04-04T15:51:34.304+0000] {dag.py:3239} INFO - Sync 2 DAGs
[2025-04-04T15:51:34.342+0000] {logging_mixin.py:190} INFO - [2025-04-04T15:51:34.342+0000] {dag.py:4180} INFO - Setting next_dagrun for read_dataset_event to 2025-04-03 00:00:00+00:00, run_after=2025-04-04 00:00:00+00:00
[2025-04-04T15:51:34.349+0000] {logging_mixin.py:190} INFO - [2025-04-04T15:51:34.349+0000] {dag.py:4180} INFO - Setting next_dagrun for read_dataset_event_from_classic to 2025-04-03 00:00:00+00:00, run_after=2025-04-04 00:00:00+00:00
[2025-04-04T15:51:34.370+0000] {processor.py:208} INFO - Processing /home/airflow/.local/lib/python3.12/site-packages/airflow/example_dags/example_inlet_event_extra.py took 0.769 seconds
[2025-04-04T15:52:04.529+0000] {processor.py:186} INFO - Started process (PID=680) to work on /home/airflow/.local/lib/python3.12/site-packages/airflow/example_dags/example_inlet_event_extra.py
[2025-04-04T15:52:04.531+0000] {processor.py:914} INFO - Processing file /home/airflow/.local/lib/python3.12/site-packages/airflow/example_dags/example_inlet_event_extra.py for tasks to queue
[2025-04-04T15:52:04.534+0000] {logging_mixin.py:190} INFO - [2025-04-04T15:52:04.534+0000] {dagbag.py:588} INFO - Filling up the DagBag from /home/airflow/.local/lib/python3.12/site-packages/airflow/example_dags/example_inlet_event_extra.py
[2025-04-04T15:52:05.257+0000] {processor.py:925} INFO - DAG(s) 'read_dataset_event', 'read_dataset_event_from_classic' retrieved from /home/airflow/.local/lib/python3.12/site-packages/airflow/example_dags/example_inlet_event_extra.py
[2025-04-04T15:52:05.289+0000] {logging_mixin.py:190} INFO - [2025-04-04T15:52:05.289+0000] {dag.py:3239} INFO - Sync 2 DAGs
[2025-04-04T15:52:05.323+0000] {logging_mixin.py:190} INFO - [2025-04-04T15:52:05.323+0000] {dag.py:4180} INFO - Setting next_dagrun for read_dataset_event to 2025-04-03 00:00:00+00:00, run_after=2025-04-04 00:00:00+00:00
[2025-04-04T15:52:05.332+0000] {logging_mixin.py:190} INFO - [2025-04-04T15:52:05.332+0000] {dag.py:4180} INFO - Setting next_dagrun for read_dataset_event_from_classic to 2025-04-03 00:00:00+00:00, run_after=2025-04-04 00:00:00+00:00
[2025-04-04T15:52:05.352+0000] {processor.py:208} INFO - Processing /home/airflow/.local/lib/python3.12/site-packages/airflow/example_dags/example_inlet_event_extra.py took 0.833 seconds
[2025-04-04T15:52:35.497+0000] {processor.py:186} INFO - Started process (PID=746) to work on /home/airflow/.local/lib/python3.12/site-packages/airflow/example_dags/example_inlet_event_extra.py
[2025-04-04T15:52:35.498+0000] {processor.py:914} INFO - Processing file /home/airflow/.local/lib/python3.12/site-packages/airflow/example_dags/example_inlet_event_extra.py for tasks to queue
[2025-04-04T15:52:35.502+0000] {logging_mixin.py:190} INFO - [2025-04-04T15:52:35.501+0000] {dagbag.py:588} INFO - Filling up the DagBag from /home/airflow/.local/lib/python3.12/site-packages/airflow/example_dags/example_inlet_event_extra.py
[2025-04-04T15:52:36.233+0000] {processor.py:925} INFO - DAG(s) 'read_dataset_event', 'read_dataset_event_from_classic' retrieved from /home/airflow/.local/lib/python3.12/site-packages/airflow/example_dags/example_inlet_event_extra.py
[2025-04-04T15:52:36.260+0000] {logging_mixin.py:190} INFO - [2025-04-04T15:52:36.260+0000] {dag.py:3239} INFO - Sync 2 DAGs
[2025-04-04T15:52:36.297+0000] {logging_mixin.py:190} INFO - [2025-04-04T15:52:36.296+0000] {dag.py:4180} INFO - Setting next_dagrun for read_dataset_event to 2025-04-03 00:00:00+00:00, run_after=2025-04-04 00:00:00+00:00
[2025-04-04T15:52:36.308+0000] {logging_mixin.py:190} INFO - [2025-04-04T15:52:36.307+0000] {dag.py:4180} INFO - Setting next_dagrun for read_dataset_event_from_classic to 2025-04-03 00:00:00+00:00, run_after=2025-04-04 00:00:00+00:00
[2025-04-04T15:52:36.334+0000] {processor.py:208} INFO - Processing /home/airflow/.local/lib/python3.12/site-packages/airflow/example_dags/example_inlet_event_extra.py took 0.848 seconds
[2025-04-04T15:53:06.802+0000] {processor.py:186} INFO - Started process (PID=810) to work on /home/airflow/.local/lib/python3.12/site-packages/airflow/example_dags/example_inlet_event_extra.py
[2025-04-04T15:53:06.803+0000] {processor.py:914} INFO - Processing file /home/airflow/.local/lib/python3.12/site-packages/airflow/example_dags/example_inlet_event_extra.py for tasks to queue
[2025-04-04T15:53:06.805+0000] {logging_mixin.py:190} INFO - [2025-04-04T15:53:06.805+0000] {dagbag.py:588} INFO - Filling up the DagBag from /home/airflow/.local/lib/python3.12/site-packages/airflow/example_dags/example_inlet_event_extra.py
[2025-04-04T15:53:07.662+0000] {processor.py:925} INFO - DAG(s) 'read_dataset_event_from_classic', 'read_dataset_event' retrieved from /home/airflow/.local/lib/python3.12/site-packages/airflow/example_dags/example_inlet_event_extra.py
[2025-04-04T15:53:07.686+0000] {logging_mixin.py:190} INFO - [2025-04-04T15:53:07.686+0000] {dag.py:3239} INFO - Sync 2 DAGs
[2025-04-04T15:53:07.717+0000] {logging_mixin.py:190} INFO - [2025-04-04T15:53:07.717+0000] {dag.py:4180} INFO - Setting next_dagrun for read_dataset_event to 2025-04-03 00:00:00+00:00, run_after=2025-04-04 00:00:00+00:00
[2025-04-04T15:53:07.725+0000] {logging_mixin.py:190} INFO - [2025-04-04T15:53:07.725+0000] {dag.py:4180} INFO - Setting next_dagrun for read_dataset_event_from_classic to 2025-04-03 00:00:00+00:00, run_after=2025-04-04 00:00:00+00:00
[2025-04-04T15:53:07.745+0000] {processor.py:208} INFO - Processing /home/airflow/.local/lib/python3.12/site-packages/airflow/example_dags/example_inlet_event_extra.py took 0.951 seconds
[2025-04-04T15:53:38.627+0000] {processor.py:186} INFO - Started process (PID=878) to work on /home/airflow/.local/lib/python3.12/site-packages/airflow/example_dags/example_inlet_event_extra.py
[2025-04-04T15:53:38.629+0000] {processor.py:914} INFO - Processing file /home/airflow/.local/lib/python3.12/site-packages/airflow/example_dags/example_inlet_event_extra.py for tasks to queue
[2025-04-04T15:53:38.632+0000] {logging_mixin.py:190} INFO - [2025-04-04T15:53:38.632+0000] {dagbag.py:588} INFO - Filling up the DagBag from /home/airflow/.local/lib/python3.12/site-packages/airflow/example_dags/example_inlet_event_extra.py
[2025-04-04T15:53:39.338+0000] {processor.py:925} INFO - DAG(s) 'read_dataset_event', 'read_dataset_event_from_classic' retrieved from /home/airflow/.local/lib/python3.12/site-packages/airflow/example_dags/example_inlet_event_extra.py
[2025-04-04T15:53:39.363+0000] {logging_mixin.py:190} INFO - [2025-04-04T15:53:39.362+0000] {dag.py:3239} INFO - Sync 2 DAGs
[2025-04-04T15:53:39.394+0000] {logging_mixin.py:190} INFO - [2025-04-04T15:53:39.394+0000] {dag.py:4180} INFO - Setting next_dagrun for read_dataset_event to 2025-04-03 00:00:00+00:00, run_after=2025-04-04 00:00:00+00:00
[2025-04-04T15:53:39.403+0000] {logging_mixin.py:190} INFO - [2025-04-04T15:53:39.403+0000] {dag.py:4180} INFO - Setting next_dagrun for read_dataset_event_from_classic to 2025-04-03 00:00:00+00:00, run_after=2025-04-04 00:00:00+00:00
[2025-04-04T15:53:39.426+0000] {processor.py:208} INFO - Processing /home/airflow/.local/lib/python3.12/site-packages/airflow/example_dags/example_inlet_event_extra.py took 0.811 seconds
[2025-04-04T15:54:09.723+0000] {processor.py:186} INFO - Started process (PID=942) to work on /home/airflow/.local/lib/python3.12/site-packages/airflow/example_dags/example_inlet_event_extra.py
[2025-04-04T15:54:09.724+0000] {processor.py:914} INFO - Processing file /home/airflow/.local/lib/python3.12/site-packages/airflow/example_dags/example_inlet_event_extra.py for tasks to queue
[2025-04-04T15:54:09.728+0000] {logging_mixin.py:190} INFO - [2025-04-04T15:54:09.728+0000] {dagbag.py:588} INFO - Filling up the DagBag from /home/airflow/.local/lib/python3.12/site-packages/airflow/example_dags/example_inlet_event_extra.py
[2025-04-04T15:54:11.069+0000] {processor.py:925} INFO - DAG(s) 'read_dataset_event', 'read_dataset_event_from_classic' retrieved from /home/airflow/.local/lib/python3.12/site-packages/airflow/example_dags/example_inlet_event_extra.py
[2025-04-04T15:54:11.132+0000] {logging_mixin.py:190} INFO - [2025-04-04T15:54:11.131+0000] {dag.py:3239} INFO - Sync 2 DAGs
[2025-04-04T15:54:11.185+0000] {logging_mixin.py:190} INFO - [2025-04-04T15:54:11.184+0000] {dag.py:4180} INFO - Setting next_dagrun for read_dataset_event to 2025-04-03 00:00:00+00:00, run_after=2025-04-04 00:00:00+00:00
[2025-04-04T15:54:11.199+0000] {logging_mixin.py:190} INFO - [2025-04-04T15:54:11.199+0000] {dag.py:4180} INFO - Setting next_dagrun for read_dataset_event_from_classic to 2025-04-03 00:00:00+00:00, run_after=2025-04-04 00:00:00+00:00
[2025-04-04T15:54:11.229+0000] {processor.py:208} INFO - Processing /home/airflow/.local/lib/python3.12/site-packages/airflow/example_dags/example_inlet_event_extra.py took 1.517 seconds
[2025-04-04T15:54:41.716+0000] {processor.py:186} INFO - Started process (PID=1006) to work on /home/airflow/.local/lib/python3.12/site-packages/airflow/example_dags/example_inlet_event_extra.py
[2025-04-04T15:54:41.718+0000] {processor.py:914} INFO - Processing file /home/airflow/.local/lib/python3.12/site-packages/airflow/example_dags/example_inlet_event_extra.py for tasks to queue
[2025-04-04T15:54:41.721+0000] {logging_mixin.py:190} INFO - [2025-04-04T15:54:41.721+0000] {dagbag.py:588} INFO - Filling up the DagBag from /home/airflow/.local/lib/python3.12/site-packages/airflow/example_dags/example_inlet_event_extra.py
[2025-04-04T15:54:42.729+0000] {processor.py:925} INFO - DAG(s) 'read_dataset_event', 'read_dataset_event_from_classic' retrieved from /home/airflow/.local/lib/python3.12/site-packages/airflow/example_dags/example_inlet_event_extra.py
[2025-04-04T15:54:42.768+0000] {logging_mixin.py:190} INFO - [2025-04-04T15:54:42.768+0000] {dag.py:3239} INFO - Sync 2 DAGs
[2025-04-04T15:54:42.828+0000] {logging_mixin.py:190} INFO - [2025-04-04T15:54:42.827+0000] {dag.py:4180} INFO - Setting next_dagrun for read_dataset_event to 2025-04-03 00:00:00+00:00, run_after=2025-04-04 00:00:00+00:00
[2025-04-04T15:54:42.843+0000] {logging_mixin.py:190} INFO - [2025-04-04T15:54:42.843+0000] {dag.py:4180} INFO - Setting next_dagrun for read_dataset_event_from_classic to 2025-04-03 00:00:00+00:00, run_after=2025-04-04 00:00:00+00:00
[2025-04-04T15:54:42.886+0000] {processor.py:208} INFO - Processing /home/airflow/.local/lib/python3.12/site-packages/airflow/example_dags/example_inlet_event_extra.py took 1.181 seconds
[2025-04-04T15:55:13.079+0000] {processor.py:186} INFO - Started process (PID=1070) to work on /home/airflow/.local/lib/python3.12/site-packages/airflow/example_dags/example_inlet_event_extra.py
[2025-04-04T15:55:13.080+0000] {processor.py:914} INFO - Processing file /home/airflow/.local/lib/python3.12/site-packages/airflow/example_dags/example_inlet_event_extra.py for tasks to queue
[2025-04-04T15:55:13.084+0000] {logging_mixin.py:190} INFO - [2025-04-04T15:55:13.084+0000] {dagbag.py:588} INFO - Filling up the DagBag from /home/airflow/.local/lib/python3.12/site-packages/airflow/example_dags/example_inlet_event_extra.py
[2025-04-04T15:55:14.008+0000] {processor.py:925} INFO - DAG(s) 'read_dataset_event', 'read_dataset_event_from_classic' retrieved from /home/airflow/.local/lib/python3.12/site-packages/airflow/example_dags/example_inlet_event_extra.py
[2025-04-04T15:55:14.035+0000] {logging_mixin.py:190} INFO - [2025-04-04T15:55:14.034+0000] {dag.py:3239} INFO - Sync 2 DAGs
[2025-04-04T15:55:14.066+0000] {logging_mixin.py:190} INFO - [2025-04-04T15:55:14.066+0000] {dag.py:4180} INFO - Setting next_dagrun for read_dataset_event to 2025-04-03 00:00:00+00:00, run_after=2025-04-04 00:00:00+00:00
[2025-04-04T15:55:14.073+0000] {logging_mixin.py:190} INFO - [2025-04-04T15:55:14.073+0000] {dag.py:4180} INFO - Setting next_dagrun for read_dataset_event_from_classic to 2025-04-03 00:00:00+00:00, run_after=2025-04-04 00:00:00+00:00
[2025-04-04T15:55:14.096+0000] {processor.py:208} INFO - Processing /home/airflow/.local/lib/python3.12/site-packages/airflow/example_dags/example_inlet_event_extra.py took 1.029 seconds
[2025-04-04T15:55:45.054+0000] {processor.py:186} INFO - Started process (PID=1140) to work on /home/airflow/.local/lib/python3.12/site-packages/airflow/example_dags/example_inlet_event_extra.py
[2025-04-04T15:55:45.055+0000] {processor.py:914} INFO - Processing file /home/airflow/.local/lib/python3.12/site-packages/airflow/example_dags/example_inlet_event_extra.py for tasks to queue
[2025-04-04T15:55:45.059+0000] {logging_mixin.py:190} INFO - [2025-04-04T15:55:45.058+0000] {dagbag.py:588} INFO - Filling up the DagBag from /home/airflow/.local/lib/python3.12/site-packages/airflow/example_dags/example_inlet_event_extra.py
[2025-04-04T15:55:45.923+0000] {processor.py:925} INFO - DAG(s) 'read_dataset_event', 'read_dataset_event_from_classic' retrieved from /home/airflow/.local/lib/python3.12/site-packages/airflow/example_dags/example_inlet_event_extra.py
[2025-04-04T15:55:45.949+0000] {logging_mixin.py:190} INFO - [2025-04-04T15:55:45.949+0000] {dag.py:3239} INFO - Sync 2 DAGs
[2025-04-04T15:55:45.985+0000] {logging_mixin.py:190} INFO - [2025-04-04T15:55:45.985+0000] {dag.py:4180} INFO - Setting next_dagrun for read_dataset_event to 2025-04-03 00:00:00+00:00, run_after=2025-04-04 00:00:00+00:00
[2025-04-04T15:55:45.995+0000] {logging_mixin.py:190} INFO - [2025-04-04T15:55:45.994+0000] {dag.py:4180} INFO - Setting next_dagrun for read_dataset_event_from_classic to 2025-04-03 00:00:00+00:00, run_after=2025-04-04 00:00:00+00:00
[2025-04-04T15:55:46.017+0000] {processor.py:208} INFO - Processing /home/airflow/.local/lib/python3.12/site-packages/airflow/example_dags/example_inlet_event_extra.py took 0.969 seconds
[2025-04-04T15:56:16.680+0000] {processor.py:186} INFO - Started process (PID=1204) to work on /home/airflow/.local/lib/python3.12/site-packages/airflow/example_dags/example_inlet_event_extra.py
[2025-04-04T15:56:16.682+0000] {processor.py:914} INFO - Processing file /home/airflow/.local/lib/python3.12/site-packages/airflow/example_dags/example_inlet_event_extra.py for tasks to queue
[2025-04-04T15:56:16.685+0000] {logging_mixin.py:190} INFO - [2025-04-04T15:56:16.685+0000] {dagbag.py:588} INFO - Filling up the DagBag from /home/airflow/.local/lib/python3.12/site-packages/airflow/example_dags/example_inlet_event_extra.py
[2025-04-04T15:56:17.415+0000] {processor.py:925} INFO - DAG(s) 'read_dataset_event', 'read_dataset_event_from_classic' retrieved from /home/airflow/.local/lib/python3.12/site-packages/airflow/example_dags/example_inlet_event_extra.py
[2025-04-04T15:56:17.442+0000] {logging_mixin.py:190} INFO - [2025-04-04T15:56:17.442+0000] {dag.py:3239} INFO - Sync 2 DAGs
[2025-04-04T15:56:17.481+0000] {logging_mixin.py:190} INFO - [2025-04-04T15:56:17.481+0000] {dag.py:4180} INFO - Setting next_dagrun for read_dataset_event to 2025-04-03 00:00:00+00:00, run_after=2025-04-04 00:00:00+00:00
[2025-04-04T15:56:17.489+0000] {logging_mixin.py:190} INFO - [2025-04-04T15:56:17.488+0000] {dag.py:4180} INFO - Setting next_dagrun for read_dataset_event_from_classic to 2025-04-03 00:00:00+00:00, run_after=2025-04-04 00:00:00+00:00
[2025-04-04T15:56:17.522+0000] {processor.py:208} INFO - Processing /home/airflow/.local/lib/python3.12/site-packages/airflow/example_dags/example_inlet_event_extra.py took 0.851 seconds
[2025-04-04T15:56:47.767+0000] {processor.py:186} INFO - Started process (PID=1268) to work on /home/airflow/.local/lib/python3.12/site-packages/airflow/example_dags/example_inlet_event_extra.py
[2025-04-04T15:56:47.769+0000] {processor.py:914} INFO - Processing file /home/airflow/.local/lib/python3.12/site-packages/airflow/example_dags/example_inlet_event_extra.py for tasks to queue
[2025-04-04T15:56:47.772+0000] {logging_mixin.py:190} INFO - [2025-04-04T15:56:47.771+0000] {dagbag.py:588} INFO - Filling up the DagBag from /home/airflow/.local/lib/python3.12/site-packages/airflow/example_dags/example_inlet_event_extra.py
[2025-04-04T15:56:48.494+0000] {processor.py:925} INFO - DAG(s) 'read_dataset_event', 'read_dataset_event_from_classic' retrieved from /home/airflow/.local/lib/python3.12/site-packages/airflow/example_dags/example_inlet_event_extra.py
[2025-04-04T15:56:48.518+0000] {logging_mixin.py:190} INFO - [2025-04-04T15:56:48.518+0000] {dag.py:3239} INFO - Sync 2 DAGs
[2025-04-04T15:56:48.553+0000] {logging_mixin.py:190} INFO - [2025-04-04T15:56:48.552+0000] {dag.py:4180} INFO - Setting next_dagrun for read_dataset_event to 2025-04-03 00:00:00+00:00, run_after=2025-04-04 00:00:00+00:00
[2025-04-04T15:56:48.560+0000] {logging_mixin.py:190} INFO - [2025-04-04T15:56:48.560+0000] {dag.py:4180} INFO - Setting next_dagrun for read_dataset_event_from_classic to 2025-04-03 00:00:00+00:00, run_after=2025-04-04 00:00:00+00:00
[2025-04-04T15:56:48.584+0000] {processor.py:208} INFO - Processing /home/airflow/.local/lib/python3.12/site-packages/airflow/example_dags/example_inlet_event_extra.py took 0.825 seconds
[2025-04-04T15:57:18.657+0000] {processor.py:186} INFO - Started process (PID=1332) to work on /home/airflow/.local/lib/python3.12/site-packages/airflow/example_dags/example_inlet_event_extra.py
[2025-04-04T15:57:18.658+0000] {processor.py:914} INFO - Processing file /home/airflow/.local/lib/python3.12/site-packages/airflow/example_dags/example_inlet_event_extra.py for tasks to queue
[2025-04-04T15:57:18.662+0000] {logging_mixin.py:190} INFO - [2025-04-04T15:57:18.661+0000] {dagbag.py:588} INFO - Filling up the DagBag from /home/airflow/.local/lib/python3.12/site-packages/airflow/example_dags/example_inlet_event_extra.py
[2025-04-04T15:57:19.424+0000] {processor.py:925} INFO - DAG(s) 'read_dataset_event', 'read_dataset_event_from_classic' retrieved from /home/airflow/.local/lib/python3.12/site-packages/airflow/example_dags/example_inlet_event_extra.py
[2025-04-04T15:57:19.451+0000] {logging_mixin.py:190} INFO - [2025-04-04T15:57:19.451+0000] {dag.py:3239} INFO - Sync 2 DAGs
[2025-04-04T15:57:19.490+0000] {logging_mixin.py:190} INFO - [2025-04-04T15:57:19.490+0000] {dag.py:4180} INFO - Setting next_dagrun for read_dataset_event to 2025-04-03 00:00:00+00:00, run_after=2025-04-04 00:00:00+00:00
[2025-04-04T15:57:19.498+0000] {logging_mixin.py:190} INFO - [2025-04-04T15:57:19.498+0000] {dag.py:4180} INFO - Setting next_dagrun for read_dataset_event_from_classic to 2025-04-03 00:00:00+00:00, run_after=2025-04-04 00:00:00+00:00
[2025-04-04T15:57:19.527+0000] {processor.py:208} INFO - Processing /home/airflow/.local/lib/python3.12/site-packages/airflow/example_dags/example_inlet_event_extra.py took 0.879 seconds
[2025-04-04T15:57:49.872+0000] {processor.py:186} INFO - Started process (PID=1396) to work on /home/airflow/.local/lib/python3.12/site-packages/airflow/example_dags/example_inlet_event_extra.py
[2025-04-04T15:57:49.874+0000] {processor.py:914} INFO - Processing file /home/airflow/.local/lib/python3.12/site-packages/airflow/example_dags/example_inlet_event_extra.py for tasks to queue
[2025-04-04T15:57:49.878+0000] {logging_mixin.py:190} INFO - [2025-04-04T15:57:49.877+0000] {dagbag.py:588} INFO - Filling up the DagBag from /home/airflow/.local/lib/python3.12/site-packages/airflow/example_dags/example_inlet_event_extra.py
[2025-04-04T15:57:51.070+0000] {processor.py:925} INFO - DAG(s) 'read_dataset_event', 'read_dataset_event_from_classic' retrieved from /home/airflow/.local/lib/python3.12/site-packages/airflow/example_dags/example_inlet_event_extra.py
[2025-04-04T15:57:51.112+0000] {logging_mixin.py:190} INFO - [2025-04-04T15:57:51.112+0000] {dag.py:3239} INFO - Sync 2 DAGs
[2025-04-04T15:57:51.162+0000] {logging_mixin.py:190} INFO - [2025-04-04T15:57:51.162+0000] {dag.py:4180} INFO - Setting next_dagrun for read_dataset_event to 2025-04-03 00:00:00+00:00, run_after=2025-04-04 00:00:00+00:00
[2025-04-04T15:57:51.171+0000] {logging_mixin.py:190} INFO - [2025-04-04T15:57:51.170+0000] {dag.py:4180} INFO - Setting next_dagrun for read_dataset_event_from_classic to 2025-04-03 00:00:00+00:00, run_after=2025-04-04 00:00:00+00:00
[2025-04-04T15:57:51.212+0000] {processor.py:208} INFO - Processing /home/airflow/.local/lib/python3.12/site-packages/airflow/example_dags/example_inlet_event_extra.py took 1.356 seconds
[2025-04-04T15:58:21.735+0000] {processor.py:186} INFO - Started process (PID=1461) to work on /home/airflow/.local/lib/python3.12/site-packages/airflow/example_dags/example_inlet_event_extra.py
[2025-04-04T15:58:21.738+0000] {processor.py:914} INFO - Processing file /home/airflow/.local/lib/python3.12/site-packages/airflow/example_dags/example_inlet_event_extra.py for tasks to queue
[2025-04-04T15:58:21.742+0000] {logging_mixin.py:190} INFO - [2025-04-04T15:58:21.741+0000] {dagbag.py:588} INFO - Filling up the DagBag from /home/airflow/.local/lib/python3.12/site-packages/airflow/example_dags/example_inlet_event_extra.py
[2025-04-04T15:58:22.781+0000] {processor.py:925} INFO - DAG(s) 'read_dataset_event_from_classic', 'read_dataset_event' retrieved from /home/airflow/.local/lib/python3.12/site-packages/airflow/example_dags/example_inlet_event_extra.py
[2025-04-04T15:58:22.817+0000] {logging_mixin.py:190} INFO - [2025-04-04T15:58:22.816+0000] {dag.py:3239} INFO - Sync 2 DAGs
[2025-04-04T15:58:22.871+0000] {logging_mixin.py:190} INFO - [2025-04-04T15:58:22.870+0000] {dag.py:4180} INFO - Setting next_dagrun for read_dataset_event to 2025-04-03 00:00:00+00:00, run_after=2025-04-04 00:00:00+00:00
[2025-04-04T15:58:22.881+0000] {logging_mixin.py:190} INFO - [2025-04-04T15:58:22.881+0000] {dag.py:4180} INFO - Setting next_dagrun for read_dataset_event_from_classic to 2025-04-03 00:00:00+00:00, run_after=2025-04-04 00:00:00+00:00
[2025-04-04T15:58:22.900+0000] {processor.py:208} INFO - Processing /home/airflow/.local/lib/python3.12/site-packages/airflow/example_dags/example_inlet_event_extra.py took 1.178 seconds
[2025-04-04T16:00:52.837+0000] {processor.py:186} INFO - Started process (PID=96) to work on /home/airflow/.local/lib/python3.12/site-packages/airflow/example_dags/example_inlet_event_extra.py
[2025-04-04T16:00:52.839+0000] {processor.py:914} INFO - Processing file /home/airflow/.local/lib/python3.12/site-packages/airflow/example_dags/example_inlet_event_extra.py for tasks to queue
[2025-04-04T16:00:52.842+0000] {logging_mixin.py:190} INFO - [2025-04-04T16:00:52.842+0000] {dagbag.py:588} INFO - Filling up the DagBag from /home/airflow/.local/lib/python3.12/site-packages/airflow/example_dags/example_inlet_event_extra.py
[2025-04-04T16:00:54.166+0000] {processor.py:925} INFO - DAG(s) 'read_dataset_event', 'read_dataset_event_from_classic' retrieved from /home/airflow/.local/lib/python3.12/site-packages/airflow/example_dags/example_inlet_event_extra.py
[2025-04-04T16:00:54.206+0000] {logging_mixin.py:190} INFO - [2025-04-04T16:00:54.206+0000] {dag.py:3239} INFO - Sync 2 DAGs
[2025-04-04T16:00:54.264+0000] {logging_mixin.py:190} INFO - [2025-04-04T16:00:54.264+0000] {dag.py:4180} INFO - Setting next_dagrun for read_dataset_event to 2025-04-03 00:00:00+00:00, run_after=2025-04-04 00:00:00+00:00
[2025-04-04T16:00:54.276+0000] {logging_mixin.py:190} INFO - [2025-04-04T16:00:54.275+0000] {dag.py:4180} INFO - Setting next_dagrun for read_dataset_event_from_classic to 2025-04-03 00:00:00+00:00, run_after=2025-04-04 00:00:00+00:00
[2025-04-04T16:00:54.306+0000] {processor.py:208} INFO - Processing /home/airflow/.local/lib/python3.12/site-packages/airflow/example_dags/example_inlet_event_extra.py took 1.480 seconds
[2025-04-04T16:01:24.396+0000] {processor.py:186} INFO - Started process (PID=160) to work on /home/airflow/.local/lib/python3.12/site-packages/airflow/example_dags/example_inlet_event_extra.py
[2025-04-04T16:01:24.397+0000] {processor.py:914} INFO - Processing file /home/airflow/.local/lib/python3.12/site-packages/airflow/example_dags/example_inlet_event_extra.py for tasks to queue
[2025-04-04T16:01:24.400+0000] {logging_mixin.py:190} INFO - [2025-04-04T16:01:24.399+0000] {dagbag.py:588} INFO - Filling up the DagBag from /home/airflow/.local/lib/python3.12/site-packages/airflow/example_dags/example_inlet_event_extra.py
[2025-04-04T16:01:25.220+0000] {processor.py:925} INFO - DAG(s) 'read_dataset_event_from_classic', 'read_dataset_event' retrieved from /home/airflow/.local/lib/python3.12/site-packages/airflow/example_dags/example_inlet_event_extra.py
[2025-04-04T16:01:25.246+0000] {logging_mixin.py:190} INFO - [2025-04-04T16:01:25.246+0000] {dag.py:3239} INFO - Sync 2 DAGs
[2025-04-04T16:01:25.288+0000] {logging_mixin.py:190} INFO - [2025-04-04T16:01:25.288+0000] {dag.py:4180} INFO - Setting next_dagrun for read_dataset_event to 2025-04-03 00:00:00+00:00, run_after=2025-04-04 00:00:00+00:00
[2025-04-04T16:01:25.296+0000] {logging_mixin.py:190} INFO - [2025-04-04T16:01:25.296+0000] {dag.py:4180} INFO - Setting next_dagrun for read_dataset_event_from_classic to 2025-04-03 00:00:00+00:00, run_after=2025-04-04 00:00:00+00:00
[2025-04-04T16:01:25.320+0000] {processor.py:208} INFO - Processing /home/airflow/.local/lib/python3.12/site-packages/airflow/example_dags/example_inlet_event_extra.py took 0.931 seconds
[2025-04-04T16:01:55.981+0000] {processor.py:186} INFO - Started process (PID=224) to work on /home/airflow/.local/lib/python3.12/site-packages/airflow/example_dags/example_inlet_event_extra.py
[2025-04-04T16:01:55.983+0000] {processor.py:914} INFO - Processing file /home/airflow/.local/lib/python3.12/site-packages/airflow/example_dags/example_inlet_event_extra.py for tasks to queue
[2025-04-04T16:01:55.986+0000] {logging_mixin.py:190} INFO - [2025-04-04T16:01:55.986+0000] {dagbag.py:588} INFO - Filling up the DagBag from /home/airflow/.local/lib/python3.12/site-packages/airflow/example_dags/example_inlet_event_extra.py
[2025-04-04T16:01:56.758+0000] {processor.py:925} INFO - DAG(s) 'read_dataset_event_from_classic', 'read_dataset_event' retrieved from /home/airflow/.local/lib/python3.12/site-packages/airflow/example_dags/example_inlet_event_extra.py
[2025-04-04T16:01:56.782+0000] {logging_mixin.py:190} INFO - [2025-04-04T16:01:56.782+0000] {dag.py:3239} INFO - Sync 2 DAGs
[2025-04-04T16:01:56.818+0000] {logging_mixin.py:190} INFO - [2025-04-04T16:01:56.817+0000] {dag.py:4180} INFO - Setting next_dagrun for read_dataset_event to 2025-04-03 00:00:00+00:00, run_after=2025-04-04 00:00:00+00:00
[2025-04-04T16:01:56.825+0000] {logging_mixin.py:190} INFO - [2025-04-04T16:01:56.824+0000] {dag.py:4180} INFO - Setting next_dagrun for read_dataset_event_from_classic to 2025-04-03 00:00:00+00:00, run_after=2025-04-04 00:00:00+00:00
[2025-04-04T16:01:56.844+0000] {processor.py:208} INFO - Processing /home/airflow/.local/lib/python3.12/site-packages/airflow/example_dags/example_inlet_event_extra.py took 0.871 seconds
[2025-04-04T16:02:27.691+0000] {processor.py:186} INFO - Started process (PID=290) to work on /home/airflow/.local/lib/python3.12/site-packages/airflow/example_dags/example_inlet_event_extra.py
[2025-04-04T16:02:27.693+0000] {processor.py:914} INFO - Processing file /home/airflow/.local/lib/python3.12/site-packages/airflow/example_dags/example_inlet_event_extra.py for tasks to queue
[2025-04-04T16:02:27.698+0000] {logging_mixin.py:190} INFO - [2025-04-04T16:02:27.697+0000] {dagbag.py:588} INFO - Filling up the DagBag from /home/airflow/.local/lib/python3.12/site-packages/airflow/example_dags/example_inlet_event_extra.py
[2025-04-04T16:02:28.806+0000] {processor.py:925} INFO - DAG(s) 'read_dataset_event', 'read_dataset_event_from_classic' retrieved from /home/airflow/.local/lib/python3.12/site-packages/airflow/example_dags/example_inlet_event_extra.py
[2025-04-04T16:02:28.839+0000] {logging_mixin.py:190} INFO - [2025-04-04T16:02:28.839+0000] {dag.py:3239} INFO - Sync 2 DAGs
[2025-04-04T16:02:28.889+0000] {logging_mixin.py:190} INFO - [2025-04-04T16:02:28.889+0000] {dag.py:4180} INFO - Setting next_dagrun for read_dataset_event to 2025-04-03 00:00:00+00:00, run_after=2025-04-04 00:00:00+00:00
[2025-04-04T16:02:28.899+0000] {logging_mixin.py:190} INFO - [2025-04-04T16:02:28.899+0000] {dag.py:4180} INFO - Setting next_dagrun for read_dataset_event_from_classic to 2025-04-03 00:00:00+00:00, run_after=2025-04-04 00:00:00+00:00
[2025-04-04T16:02:28.924+0000] {processor.py:208} INFO - Processing /home/airflow/.local/lib/python3.12/site-packages/airflow/example_dags/example_inlet_event_extra.py took 1.246 seconds
