[2025-04-04T15:44:12.093+0000] {processor.py:186} INFO - Started process (PID=89) to work on /home/airflow/.local/lib/python3.12/site-packages/airflow/example_dags/example_latest_only_with_trigger.py
[2025-04-04T15:44:12.094+0000] {processor.py:914} INFO - Processing file /home/airflow/.local/lib/python3.12/site-packages/airflow/example_dags/example_latest_only_with_trigger.py for tasks to queue
[2025-04-04T15:44:12.098+0000] {logging_mixin.py:190} INFO - [2025-04-04T15:44:12.097+0000] {dagbag.py:588} INFO - Filling up the DagBag from /home/airflow/.local/lib/python3.12/site-packages/airflow/example_dags/example_latest_only_with_trigger.py
[2025-04-04T15:44:12.114+0000] {processor.py:925} INFO - DAG(s) 'latest_only_with_trigger' retrieved from /home/airflow/.local/lib/python3.12/site-packages/airflow/example_dags/example_latest_only_with_trigger.py
[2025-04-04T15:44:12.281+0000] {logging_mixin.py:190} INFO - [2025-04-04T15:44:12.280+0000] {override.py:1912} INFO - Created Permission View: can edit on DAG:latest_only_with_trigger
[2025-04-04T15:44:12.298+0000] {logging_mixin.py:190} INFO - [2025-04-04T15:44:12.298+0000] {override.py:1912} INFO - Created Permission View: can read on DAG:latest_only_with_trigger
[2025-04-04T15:44:12.308+0000] {logging_mixin.py:190} INFO - [2025-04-04T15:44:12.308+0000] {override.py:1912} INFO - Created Permission View: can delete on DAG:latest_only_with_trigger
[2025-04-04T15:44:12.319+0000] {logging_mixin.py:190} INFO - [2025-04-04T15:44:12.319+0000] {override.py:1912} INFO - Created Permission View: menu access on DAG Run:latest_only_with_trigger
[2025-04-04T15:44:12.330+0000] {logging_mixin.py:190} INFO - [2025-04-04T15:44:12.329+0000] {override.py:1912} INFO - Created Permission View: can read on DAG Run:latest_only_with_trigger
[2025-04-04T15:44:12.340+0000] {logging_mixin.py:190} INFO - [2025-04-04T15:44:12.339+0000] {override.py:1912} INFO - Created Permission View: can create on DAG Run:latest_only_with_trigger
[2025-04-04T15:44:12.351+0000] {logging_mixin.py:190} INFO - [2025-04-04T15:44:12.351+0000] {override.py:1912} INFO - Created Permission View: can delete on DAG Run:latest_only_with_trigger
[2025-04-04T15:44:12.352+0000] {logging_mixin.py:190} INFO - [2025-04-04T15:44:12.352+0000] {dag.py:3239} INFO - Sync 1 DAGs
[2025-04-04T15:44:12.381+0000] {logging_mixin.py:190} INFO - [2025-04-04T15:44:12.381+0000] {dag.py:3262} INFO - Creating ORM DAG for latest_only_with_trigger
[2025-04-04T15:44:12.395+0000] {logging_mixin.py:190} INFO - [2025-04-04T15:44:12.395+0000] {dag.py:4180} INFO - Setting next_dagrun for latest_only_with_trigger to 2025-04-04 08:00:00+00:00, run_after=2025-04-04 12:00:00+00:00
[2025-04-04T15:44:12.461+0000] {processor.py:208} INFO - Processing /home/airflow/.local/lib/python3.12/site-packages/airflow/example_dags/example_latest_only_with_trigger.py took 0.379 seconds
[2025-04-04T15:44:42.689+0000] {processor.py:186} INFO - Started process (PID=151) to work on /home/airflow/.local/lib/python3.12/site-packages/airflow/example_dags/example_latest_only_with_trigger.py
[2025-04-04T15:44:42.691+0000] {processor.py:914} INFO - Processing file /home/airflow/.local/lib/python3.12/site-packages/airflow/example_dags/example_latest_only_with_trigger.py for tasks to queue
[2025-04-04T15:44:42.694+0000] {logging_mixin.py:190} INFO - [2025-04-04T15:44:42.694+0000] {dagbag.py:588} INFO - Filling up the DagBag from /home/airflow/.local/lib/python3.12/site-packages/airflow/example_dags/example_latest_only_with_trigger.py
[2025-04-04T15:44:42.709+0000] {processor.py:925} INFO - DAG(s) 'latest_only_with_trigger' retrieved from /home/airflow/.local/lib/python3.12/site-packages/airflow/example_dags/example_latest_only_with_trigger.py
[2025-04-04T15:44:42.748+0000] {logging_mixin.py:190} INFO - [2025-04-04T15:44:42.748+0000] {dag.py:3239} INFO - Sync 1 DAGs
[2025-04-04T15:44:42.784+0000] {logging_mixin.py:190} INFO - [2025-04-04T15:44:42.784+0000] {dag.py:4180} INFO - Setting next_dagrun for latest_only_with_trigger to 2025-04-04 08:00:00+00:00, run_after=2025-04-04 12:00:00+00:00
[2025-04-04T15:44:42.810+0000] {processor.py:208} INFO - Processing /home/airflow/.local/lib/python3.12/site-packages/airflow/example_dags/example_latest_only_with_trigger.py took 0.132 seconds
[2025-04-04T15:45:13.087+0000] {processor.py:186} INFO - Started process (PID=214) to work on /home/airflow/.local/lib/python3.12/site-packages/airflow/example_dags/example_latest_only_with_trigger.py
[2025-04-04T15:45:13.087+0000] {processor.py:914} INFO - Processing file /home/airflow/.local/lib/python3.12/site-packages/airflow/example_dags/example_latest_only_with_trigger.py for tasks to queue
[2025-04-04T15:45:13.090+0000] {logging_mixin.py:190} INFO - [2025-04-04T15:45:13.090+0000] {dagbag.py:588} INFO - Filling up the DagBag from /home/airflow/.local/lib/python3.12/site-packages/airflow/example_dags/example_latest_only_with_trigger.py
[2025-04-04T15:45:13.100+0000] {processor.py:925} INFO - DAG(s) 'latest_only_with_trigger' retrieved from /home/airflow/.local/lib/python3.12/site-packages/airflow/example_dags/example_latest_only_with_trigger.py
[2025-04-04T15:45:13.128+0000] {logging_mixin.py:190} INFO - [2025-04-04T15:45:13.127+0000] {dag.py:3239} INFO - Sync 1 DAGs
[2025-04-04T15:45:13.159+0000] {logging_mixin.py:190} INFO - [2025-04-04T15:45:13.158+0000] {dag.py:4180} INFO - Setting next_dagrun for latest_only_with_trigger to 2025-04-04 08:00:00+00:00, run_after=2025-04-04 12:00:00+00:00
[2025-04-04T15:45:13.185+0000] {processor.py:208} INFO - Processing /home/airflow/.local/lib/python3.12/site-packages/airflow/example_dags/example_latest_only_with_trigger.py took 0.106 seconds
[2025-04-04T15:45:43.801+0000] {processor.py:186} INFO - Started process (PID=277) to work on /home/airflow/.local/lib/python3.12/site-packages/airflow/example_dags/example_latest_only_with_trigger.py
[2025-04-04T15:45:43.803+0000] {processor.py:914} INFO - Processing file /home/airflow/.local/lib/python3.12/site-packages/airflow/example_dags/example_latest_only_with_trigger.py for tasks to queue
[2025-04-04T15:45:43.806+0000] {logging_mixin.py:190} INFO - [2025-04-04T15:45:43.805+0000] {dagbag.py:588} INFO - Filling up the DagBag from /home/airflow/.local/lib/python3.12/site-packages/airflow/example_dags/example_latest_only_with_trigger.py
[2025-04-04T15:45:43.817+0000] {processor.py:925} INFO - DAG(s) 'latest_only_with_trigger' retrieved from /home/airflow/.local/lib/python3.12/site-packages/airflow/example_dags/example_latest_only_with_trigger.py
[2025-04-04T15:45:43.845+0000] {logging_mixin.py:190} INFO - [2025-04-04T15:45:43.845+0000] {dag.py:3239} INFO - Sync 1 DAGs
[2025-04-04T15:45:43.885+0000] {logging_mixin.py:190} INFO - [2025-04-04T15:45:43.885+0000] {dag.py:4180} INFO - Setting next_dagrun for latest_only_with_trigger to 2025-04-04 08:00:00+00:00, run_after=2025-04-04 12:00:00+00:00
[2025-04-04T15:45:43.914+0000] {processor.py:208} INFO - Processing /home/airflow/.local/lib/python3.12/site-packages/airflow/example_dags/example_latest_only_with_trigger.py took 0.122 seconds
[2025-04-04T15:47:19.405+0000] {processor.py:186} INFO - Started process (PID=83) to work on /home/airflow/.local/lib/python3.12/site-packages/airflow/example_dags/example_latest_only_with_trigger.py
[2025-04-04T15:47:19.406+0000] {processor.py:914} INFO - Processing file /home/airflow/.local/lib/python3.12/site-packages/airflow/example_dags/example_latest_only_with_trigger.py for tasks to queue
[2025-04-04T15:47:19.411+0000] {logging_mixin.py:190} INFO - [2025-04-04T15:47:19.410+0000] {dagbag.py:588} INFO - Filling up the DagBag from /home/airflow/.local/lib/python3.12/site-packages/airflow/example_dags/example_latest_only_with_trigger.py
[2025-04-04T15:47:19.425+0000] {processor.py:925} INFO - DAG(s) 'latest_only_with_trigger' retrieved from /home/airflow/.local/lib/python3.12/site-packages/airflow/example_dags/example_latest_only_with_trigger.py
[2025-04-04T15:47:19.465+0000] {logging_mixin.py:190} INFO - [2025-04-04T15:47:19.464+0000] {dag.py:3239} INFO - Sync 1 DAGs
[2025-04-04T15:47:19.515+0000] {logging_mixin.py:190} INFO - [2025-04-04T15:47:19.515+0000] {dag.py:4180} INFO - Setting next_dagrun for latest_only_with_trigger to 2025-04-04 08:00:00+00:00, run_after=2025-04-04 12:00:00+00:00
[2025-04-04T15:47:19.547+0000] {processor.py:208} INFO - Processing /home/airflow/.local/lib/python3.12/site-packages/airflow/example_dags/example_latest_only_with_trigger.py took 0.153 seconds
[2025-04-04T15:47:49.627+0000] {processor.py:186} INFO - Started process (PID=147) to work on /home/airflow/.local/lib/python3.12/site-packages/airflow/example_dags/example_latest_only_with_trigger.py
[2025-04-04T15:47:49.628+0000] {processor.py:914} INFO - Processing file /home/airflow/.local/lib/python3.12/site-packages/airflow/example_dags/example_latest_only_with_trigger.py for tasks to queue
[2025-04-04T15:47:49.630+0000] {logging_mixin.py:190} INFO - [2025-04-04T15:47:49.630+0000] {dagbag.py:588} INFO - Filling up the DagBag from /home/airflow/.local/lib/python3.12/site-packages/airflow/example_dags/example_latest_only_with_trigger.py
[2025-04-04T15:47:49.639+0000] {processor.py:925} INFO - DAG(s) 'latest_only_with_trigger' retrieved from /home/airflow/.local/lib/python3.12/site-packages/airflow/example_dags/example_latest_only_with_trigger.py
[2025-04-04T15:47:49.663+0000] {logging_mixin.py:190} INFO - [2025-04-04T15:47:49.663+0000] {dag.py:3239} INFO - Sync 1 DAGs
[2025-04-04T15:47:49.693+0000] {logging_mixin.py:190} INFO - [2025-04-04T15:47:49.692+0000] {dag.py:4180} INFO - Setting next_dagrun for latest_only_with_trigger to 2025-04-04 08:00:00+00:00, run_after=2025-04-04 12:00:00+00:00
[2025-04-04T15:47:49.715+0000] {processor.py:208} INFO - Processing /home/airflow/.local/lib/python3.12/site-packages/airflow/example_dags/example_latest_only_with_trigger.py took 0.095 seconds
[2025-04-04T15:48:20.373+0000] {processor.py:186} INFO - Started process (PID=210) to work on /home/airflow/.local/lib/python3.12/site-packages/airflow/example_dags/example_latest_only_with_trigger.py
[2025-04-04T15:48:20.375+0000] {processor.py:914} INFO - Processing file /home/airflow/.local/lib/python3.12/site-packages/airflow/example_dags/example_latest_only_with_trigger.py for tasks to queue
[2025-04-04T15:48:20.379+0000] {logging_mixin.py:190} INFO - [2025-04-04T15:48:20.378+0000] {dagbag.py:588} INFO - Filling up the DagBag from /home/airflow/.local/lib/python3.12/site-packages/airflow/example_dags/example_latest_only_with_trigger.py
[2025-04-04T15:48:20.393+0000] {processor.py:925} INFO - DAG(s) 'latest_only_with_trigger' retrieved from /home/airflow/.local/lib/python3.12/site-packages/airflow/example_dags/example_latest_only_with_trigger.py
[2025-04-04T15:48:20.431+0000] {logging_mixin.py:190} INFO - [2025-04-04T15:48:20.431+0000] {dag.py:3239} INFO - Sync 1 DAGs
[2025-04-04T15:48:20.481+0000] {logging_mixin.py:190} INFO - [2025-04-04T15:48:20.481+0000] {dag.py:4180} INFO - Setting next_dagrun for latest_only_with_trigger to 2025-04-04 08:00:00+00:00, run_after=2025-04-04 12:00:00+00:00
[2025-04-04T15:48:20.523+0000] {processor.py:208} INFO - Processing /home/airflow/.local/lib/python3.12/site-packages/airflow/example_dags/example_latest_only_with_trigger.py took 0.161 seconds
[2025-04-04T15:48:51.058+0000] {processor.py:186} INFO - Started process (PID=274) to work on /home/airflow/.local/lib/python3.12/site-packages/airflow/example_dags/example_latest_only_with_trigger.py
[2025-04-04T15:48:51.059+0000] {processor.py:914} INFO - Processing file /home/airflow/.local/lib/python3.12/site-packages/airflow/example_dags/example_latest_only_with_trigger.py for tasks to queue
[2025-04-04T15:48:51.063+0000] {logging_mixin.py:190} INFO - [2025-04-04T15:48:51.062+0000] {dagbag.py:588} INFO - Filling up the DagBag from /home/airflow/.local/lib/python3.12/site-packages/airflow/example_dags/example_latest_only_with_trigger.py
[2025-04-04T15:48:51.074+0000] {processor.py:925} INFO - DAG(s) 'latest_only_with_trigger' retrieved from /home/airflow/.local/lib/python3.12/site-packages/airflow/example_dags/example_latest_only_with_trigger.py
[2025-04-04T15:48:51.097+0000] {logging_mixin.py:190} INFO - [2025-04-04T15:48:51.096+0000] {dag.py:3239} INFO - Sync 1 DAGs
[2025-04-04T15:48:51.127+0000] {logging_mixin.py:190} INFO - [2025-04-04T15:48:51.127+0000] {dag.py:4180} INFO - Setting next_dagrun for latest_only_with_trigger to 2025-04-04 08:00:00+00:00, run_after=2025-04-04 12:00:00+00:00
[2025-04-04T15:48:51.154+0000] {processor.py:208} INFO - Processing /home/airflow/.local/lib/python3.12/site-packages/airflow/example_dags/example_latest_only_with_trigger.py took 0.105 seconds
[2025-04-04T15:49:21.663+0000] {processor.py:186} INFO - Started process (PID=338) to work on /home/airflow/.local/lib/python3.12/site-packages/airflow/example_dags/example_latest_only_with_trigger.py
[2025-04-04T15:49:21.664+0000] {processor.py:914} INFO - Processing file /home/airflow/.local/lib/python3.12/site-packages/airflow/example_dags/example_latest_only_with_trigger.py for tasks to queue
[2025-04-04T15:49:21.668+0000] {logging_mixin.py:190} INFO - [2025-04-04T15:49:21.668+0000] {dagbag.py:588} INFO - Filling up the DagBag from /home/airflow/.local/lib/python3.12/site-packages/airflow/example_dags/example_latest_only_with_trigger.py
[2025-04-04T15:49:21.680+0000] {processor.py:925} INFO - DAG(s) 'latest_only_with_trigger' retrieved from /home/airflow/.local/lib/python3.12/site-packages/airflow/example_dags/example_latest_only_with_trigger.py
[2025-04-04T15:49:21.704+0000] {logging_mixin.py:190} INFO - [2025-04-04T15:49:21.703+0000] {dag.py:3239} INFO - Sync 1 DAGs
[2025-04-04T15:49:21.734+0000] {logging_mixin.py:190} INFO - [2025-04-04T15:49:21.734+0000] {dag.py:4180} INFO - Setting next_dagrun for latest_only_with_trigger to 2025-04-04 08:00:00+00:00, run_after=2025-04-04 12:00:00+00:00
[2025-04-04T15:49:21.761+0000] {processor.py:208} INFO - Processing /home/airflow/.local/lib/python3.12/site-packages/airflow/example_dags/example_latest_only_with_trigger.py took 0.105 seconds
[2025-04-04T15:49:52.100+0000] {processor.py:186} INFO - Started process (PID=402) to work on /home/airflow/.local/lib/python3.12/site-packages/airflow/example_dags/example_latest_only_with_trigger.py
[2025-04-04T15:49:52.101+0000] {processor.py:914} INFO - Processing file /home/airflow/.local/lib/python3.12/site-packages/airflow/example_dags/example_latest_only_with_trigger.py for tasks to queue
[2025-04-04T15:49:52.104+0000] {logging_mixin.py:190} INFO - [2025-04-04T15:49:52.104+0000] {dagbag.py:588} INFO - Filling up the DagBag from /home/airflow/.local/lib/python3.12/site-packages/airflow/example_dags/example_latest_only_with_trigger.py
[2025-04-04T15:49:52.114+0000] {processor.py:925} INFO - DAG(s) 'latest_only_with_trigger' retrieved from /home/airflow/.local/lib/python3.12/site-packages/airflow/example_dags/example_latest_only_with_trigger.py
[2025-04-04T15:49:52.138+0000] {logging_mixin.py:190} INFO - [2025-04-04T15:49:52.138+0000] {dag.py:3239} INFO - Sync 1 DAGs
[2025-04-04T15:49:52.169+0000] {logging_mixin.py:190} INFO - [2025-04-04T15:49:52.169+0000] {dag.py:4180} INFO - Setting next_dagrun for latest_only_with_trigger to 2025-04-04 08:00:00+00:00, run_after=2025-04-04 12:00:00+00:00
[2025-04-04T15:49:52.194+0000] {processor.py:208} INFO - Processing /home/airflow/.local/lib/python3.12/site-packages/airflow/example_dags/example_latest_only_with_trigger.py took 0.101 seconds
[2025-04-04T15:50:22.847+0000] {processor.py:186} INFO - Started process (PID=466) to work on /home/airflow/.local/lib/python3.12/site-packages/airflow/example_dags/example_latest_only_with_trigger.py
[2025-04-04T15:50:22.849+0000] {processor.py:914} INFO - Processing file /home/airflow/.local/lib/python3.12/site-packages/airflow/example_dags/example_latest_only_with_trigger.py for tasks to queue
[2025-04-04T15:50:22.851+0000] {logging_mixin.py:190} INFO - [2025-04-04T15:50:22.851+0000] {dagbag.py:588} INFO - Filling up the DagBag from /home/airflow/.local/lib/python3.12/site-packages/airflow/example_dags/example_latest_only_with_trigger.py
[2025-04-04T15:50:22.861+0000] {processor.py:925} INFO - DAG(s) 'latest_only_with_trigger' retrieved from /home/airflow/.local/lib/python3.12/site-packages/airflow/example_dags/example_latest_only_with_trigger.py
[2025-04-04T15:50:22.890+0000] {logging_mixin.py:190} INFO - [2025-04-04T15:50:22.889+0000] {dag.py:3239} INFO - Sync 1 DAGs
[2025-04-04T15:50:22.924+0000] {logging_mixin.py:190} INFO - [2025-04-04T15:50:22.924+0000] {dag.py:4180} INFO - Setting next_dagrun for latest_only_with_trigger to 2025-04-04 08:00:00+00:00, run_after=2025-04-04 12:00:00+00:00
[2025-04-04T15:50:22.952+0000] {processor.py:208} INFO - Processing /home/airflow/.local/lib/python3.12/site-packages/airflow/example_dags/example_latest_only_with_trigger.py took 0.112 seconds
[2025-04-04T15:50:53.158+0000] {processor.py:186} INFO - Started process (PID=530) to work on /home/airflow/.local/lib/python3.12/site-packages/airflow/example_dags/example_latest_only_with_trigger.py
[2025-04-04T15:50:53.160+0000] {processor.py:914} INFO - Processing file /home/airflow/.local/lib/python3.12/site-packages/airflow/example_dags/example_latest_only_with_trigger.py for tasks to queue
[2025-04-04T15:50:53.162+0000] {logging_mixin.py:190} INFO - [2025-04-04T15:50:53.162+0000] {dagbag.py:588} INFO - Filling up the DagBag from /home/airflow/.local/lib/python3.12/site-packages/airflow/example_dags/example_latest_only_with_trigger.py
[2025-04-04T15:50:53.173+0000] {processor.py:925} INFO - DAG(s) 'latest_only_with_trigger' retrieved from /home/airflow/.local/lib/python3.12/site-packages/airflow/example_dags/example_latest_only_with_trigger.py
[2025-04-04T15:50:53.198+0000] {logging_mixin.py:190} INFO - [2025-04-04T15:50:53.198+0000] {dag.py:3239} INFO - Sync 1 DAGs
[2025-04-04T15:50:53.230+0000] {logging_mixin.py:190} INFO - [2025-04-04T15:50:53.230+0000] {dag.py:4180} INFO - Setting next_dagrun for latest_only_with_trigger to 2025-04-04 08:00:00+00:00, run_after=2025-04-04 12:00:00+00:00
[2025-04-04T15:50:53.257+0000] {processor.py:208} INFO - Processing /home/airflow/.local/lib/python3.12/site-packages/airflow/example_dags/example_latest_only_with_trigger.py took 0.106 seconds
[2025-04-04T15:51:24.142+0000] {processor.py:186} INFO - Started process (PID=594) to work on /home/airflow/.local/lib/python3.12/site-packages/airflow/example_dags/example_latest_only_with_trigger.py
[2025-04-04T15:51:24.143+0000] {processor.py:914} INFO - Processing file /home/airflow/.local/lib/python3.12/site-packages/airflow/example_dags/example_latest_only_with_trigger.py for tasks to queue
[2025-04-04T15:51:24.145+0000] {logging_mixin.py:190} INFO - [2025-04-04T15:51:24.145+0000] {dagbag.py:588} INFO - Filling up the DagBag from /home/airflow/.local/lib/python3.12/site-packages/airflow/example_dags/example_latest_only_with_trigger.py
[2025-04-04T15:51:24.157+0000] {processor.py:925} INFO - DAG(s) 'latest_only_with_trigger' retrieved from /home/airflow/.local/lib/python3.12/site-packages/airflow/example_dags/example_latest_only_with_trigger.py
[2025-04-04T15:51:24.183+0000] {logging_mixin.py:190} INFO - [2025-04-04T15:51:24.183+0000] {dag.py:3239} INFO - Sync 1 DAGs
[2025-04-04T15:51:24.219+0000] {logging_mixin.py:190} INFO - [2025-04-04T15:51:24.219+0000] {dag.py:4180} INFO - Setting next_dagrun for latest_only_with_trigger to 2025-04-04 08:00:00+00:00, run_after=2025-04-04 12:00:00+00:00
[2025-04-04T15:51:24.248+0000] {processor.py:208} INFO - Processing /home/airflow/.local/lib/python3.12/site-packages/airflow/example_dags/example_latest_only_with_trigger.py took 0.115 seconds
[2025-04-04T15:51:54.453+0000] {processor.py:186} INFO - Started process (PID=658) to work on /home/airflow/.local/lib/python3.12/site-packages/airflow/example_dags/example_latest_only_with_trigger.py
[2025-04-04T15:51:54.455+0000] {processor.py:914} INFO - Processing file /home/airflow/.local/lib/python3.12/site-packages/airflow/example_dags/example_latest_only_with_trigger.py for tasks to queue
[2025-04-04T15:51:54.457+0000] {logging_mixin.py:190} INFO - [2025-04-04T15:51:54.457+0000] {dagbag.py:588} INFO - Filling up the DagBag from /home/airflow/.local/lib/python3.12/site-packages/airflow/example_dags/example_latest_only_with_trigger.py
[2025-04-04T15:51:54.467+0000] {processor.py:925} INFO - DAG(s) 'latest_only_with_trigger' retrieved from /home/airflow/.local/lib/python3.12/site-packages/airflow/example_dags/example_latest_only_with_trigger.py
[2025-04-04T15:51:54.499+0000] {logging_mixin.py:190} INFO - [2025-04-04T15:51:54.499+0000] {dag.py:3239} INFO - Sync 1 DAGs
[2025-04-04T15:51:54.538+0000] {logging_mixin.py:190} INFO - [2025-04-04T15:51:54.538+0000] {dag.py:4180} INFO - Setting next_dagrun for latest_only_with_trigger to 2025-04-04 08:00:00+00:00, run_after=2025-04-04 12:00:00+00:00
[2025-04-04T15:51:54.561+0000] {processor.py:208} INFO - Processing /home/airflow/.local/lib/python3.12/site-packages/airflow/example_dags/example_latest_only_with_trigger.py took 0.116 seconds
[2025-04-04T15:52:25.182+0000] {processor.py:186} INFO - Started process (PID=722) to work on /home/airflow/.local/lib/python3.12/site-packages/airflow/example_dags/example_latest_only_with_trigger.py
[2025-04-04T15:52:25.183+0000] {processor.py:914} INFO - Processing file /home/airflow/.local/lib/python3.12/site-packages/airflow/example_dags/example_latest_only_with_trigger.py for tasks to queue
[2025-04-04T15:52:25.187+0000] {logging_mixin.py:190} INFO - [2025-04-04T15:52:25.187+0000] {dagbag.py:588} INFO - Filling up the DagBag from /home/airflow/.local/lib/python3.12/site-packages/airflow/example_dags/example_latest_only_with_trigger.py
[2025-04-04T15:52:25.203+0000] {processor.py:925} INFO - DAG(s) 'latest_only_with_trigger' retrieved from /home/airflow/.local/lib/python3.12/site-packages/airflow/example_dags/example_latest_only_with_trigger.py
[2025-04-04T15:52:25.251+0000] {logging_mixin.py:190} INFO - [2025-04-04T15:52:25.251+0000] {dag.py:3239} INFO - Sync 1 DAGs
[2025-04-04T15:52:25.311+0000] {logging_mixin.py:190} INFO - [2025-04-04T15:52:25.311+0000] {dag.py:4180} INFO - Setting next_dagrun for latest_only_with_trigger to 2025-04-04 08:00:00+00:00, run_after=2025-04-04 12:00:00+00:00
[2025-04-04T15:52:25.348+0000] {processor.py:208} INFO - Processing /home/airflow/.local/lib/python3.12/site-packages/airflow/example_dags/example_latest_only_with_trigger.py took 0.180 seconds
[2025-04-04T15:52:56.234+0000] {processor.py:186} INFO - Started process (PID=786) to work on /home/airflow/.local/lib/python3.12/site-packages/airflow/example_dags/example_latest_only_with_trigger.py
[2025-04-04T15:52:56.236+0000] {processor.py:914} INFO - Processing file /home/airflow/.local/lib/python3.12/site-packages/airflow/example_dags/example_latest_only_with_trigger.py for tasks to queue
[2025-04-04T15:52:56.238+0000] {logging_mixin.py:190} INFO - [2025-04-04T15:52:56.238+0000] {dagbag.py:588} INFO - Filling up the DagBag from /home/airflow/.local/lib/python3.12/site-packages/airflow/example_dags/example_latest_only_with_trigger.py
[2025-04-04T15:52:56.248+0000] {processor.py:925} INFO - DAG(s) 'latest_only_with_trigger' retrieved from /home/airflow/.local/lib/python3.12/site-packages/airflow/example_dags/example_latest_only_with_trigger.py
[2025-04-04T15:52:56.275+0000] {logging_mixin.py:190} INFO - [2025-04-04T15:52:56.275+0000] {dag.py:3239} INFO - Sync 1 DAGs
[2025-04-04T15:52:56.305+0000] {logging_mixin.py:190} INFO - [2025-04-04T15:52:56.305+0000] {dag.py:4180} INFO - Setting next_dagrun for latest_only_with_trigger to 2025-04-04 08:00:00+00:00, run_after=2025-04-04 12:00:00+00:00
[2025-04-04T15:52:56.331+0000] {processor.py:208} INFO - Processing /home/airflow/.local/lib/python3.12/site-packages/airflow/example_dags/example_latest_only_with_trigger.py took 0.106 seconds
[2025-04-04T15:53:26.919+0000] {processor.py:186} INFO - Started process (PID=850) to work on /home/airflow/.local/lib/python3.12/site-packages/airflow/example_dags/example_latest_only_with_trigger.py
[2025-04-04T15:53:26.920+0000] {processor.py:914} INFO - Processing file /home/airflow/.local/lib/python3.12/site-packages/airflow/example_dags/example_latest_only_with_trigger.py for tasks to queue
[2025-04-04T15:53:26.922+0000] {logging_mixin.py:190} INFO - [2025-04-04T15:53:26.922+0000] {dagbag.py:588} INFO - Filling up the DagBag from /home/airflow/.local/lib/python3.12/site-packages/airflow/example_dags/example_latest_only_with_trigger.py
[2025-04-04T15:53:26.933+0000] {processor.py:925} INFO - DAG(s) 'latest_only_with_trigger' retrieved from /home/airflow/.local/lib/python3.12/site-packages/airflow/example_dags/example_latest_only_with_trigger.py
[2025-04-04T15:53:26.963+0000] {logging_mixin.py:190} INFO - [2025-04-04T15:53:26.963+0000] {dag.py:3239} INFO - Sync 1 DAGs
[2025-04-04T15:53:26.997+0000] {logging_mixin.py:190} INFO - [2025-04-04T15:53:26.996+0000] {dag.py:4180} INFO - Setting next_dagrun for latest_only_with_trigger to 2025-04-04 08:00:00+00:00, run_after=2025-04-04 12:00:00+00:00
[2025-04-04T15:53:27.025+0000] {processor.py:208} INFO - Processing /home/airflow/.local/lib/python3.12/site-packages/airflow/example_dags/example_latest_only_with_trigger.py took 0.113 seconds
[2025-04-04T15:53:57.443+0000] {processor.py:186} INFO - Started process (PID=914) to work on /home/airflow/.local/lib/python3.12/site-packages/airflow/example_dags/example_latest_only_with_trigger.py
[2025-04-04T15:53:57.444+0000] {processor.py:914} INFO - Processing file /home/airflow/.local/lib/python3.12/site-packages/airflow/example_dags/example_latest_only_with_trigger.py for tasks to queue
[2025-04-04T15:53:57.448+0000] {logging_mixin.py:190} INFO - [2025-04-04T15:53:57.447+0000] {dagbag.py:588} INFO - Filling up the DagBag from /home/airflow/.local/lib/python3.12/site-packages/airflow/example_dags/example_latest_only_with_trigger.py
[2025-04-04T15:53:57.468+0000] {processor.py:925} INFO - DAG(s) 'latest_only_with_trigger' retrieved from /home/airflow/.local/lib/python3.12/site-packages/airflow/example_dags/example_latest_only_with_trigger.py
[2025-04-04T15:53:57.529+0000] {logging_mixin.py:190} INFO - [2025-04-04T15:53:57.528+0000] {dag.py:3239} INFO - Sync 1 DAGs
[2025-04-04T15:53:57.590+0000] {logging_mixin.py:190} INFO - [2025-04-04T15:53:57.590+0000] {dag.py:4180} INFO - Setting next_dagrun for latest_only_with_trigger to 2025-04-04 08:00:00+00:00, run_after=2025-04-04 12:00:00+00:00
[2025-04-04T15:53:57.623+0000] {processor.py:208} INFO - Processing /home/airflow/.local/lib/python3.12/site-packages/airflow/example_dags/example_latest_only_with_trigger.py took 0.193 seconds
[2025-04-04T15:54:27.887+0000] {processor.py:186} INFO - Started process (PID=978) to work on /home/airflow/.local/lib/python3.12/site-packages/airflow/example_dags/example_latest_only_with_trigger.py
[2025-04-04T15:54:27.889+0000] {processor.py:914} INFO - Processing file /home/airflow/.local/lib/python3.12/site-packages/airflow/example_dags/example_latest_only_with_trigger.py for tasks to queue
[2025-04-04T15:54:27.891+0000] {logging_mixin.py:190} INFO - [2025-04-04T15:54:27.891+0000] {dagbag.py:588} INFO - Filling up the DagBag from /home/airflow/.local/lib/python3.12/site-packages/airflow/example_dags/example_latest_only_with_trigger.py
[2025-04-04T15:54:27.900+0000] {processor.py:925} INFO - DAG(s) 'latest_only_with_trigger' retrieved from /home/airflow/.local/lib/python3.12/site-packages/airflow/example_dags/example_latest_only_with_trigger.py
[2025-04-04T15:54:27.924+0000] {logging_mixin.py:190} INFO - [2025-04-04T15:54:27.924+0000] {dag.py:3239} INFO - Sync 1 DAGs
[2025-04-04T15:54:27.955+0000] {logging_mixin.py:190} INFO - [2025-04-04T15:54:27.955+0000] {dag.py:4180} INFO - Setting next_dagrun for latest_only_with_trigger to 2025-04-04 08:00:00+00:00, run_after=2025-04-04 12:00:00+00:00
[2025-04-04T15:54:27.980+0000] {processor.py:208} INFO - Processing /home/airflow/.local/lib/python3.12/site-packages/airflow/example_dags/example_latest_only_with_trigger.py took 0.100 seconds
[2025-04-04T15:54:58.389+0000] {processor.py:186} INFO - Started process (PID=1042) to work on /home/airflow/.local/lib/python3.12/site-packages/airflow/example_dags/example_latest_only_with_trigger.py
[2025-04-04T15:54:58.390+0000] {processor.py:914} INFO - Processing file /home/airflow/.local/lib/python3.12/site-packages/airflow/example_dags/example_latest_only_with_trigger.py for tasks to queue
[2025-04-04T15:54:58.392+0000] {logging_mixin.py:190} INFO - [2025-04-04T15:54:58.392+0000] {dagbag.py:588} INFO - Filling up the DagBag from /home/airflow/.local/lib/python3.12/site-packages/airflow/example_dags/example_latest_only_with_trigger.py
[2025-04-04T15:54:58.402+0000] {processor.py:925} INFO - DAG(s) 'latest_only_with_trigger' retrieved from /home/airflow/.local/lib/python3.12/site-packages/airflow/example_dags/example_latest_only_with_trigger.py
[2025-04-04T15:54:58.438+0000] {logging_mixin.py:190} INFO - [2025-04-04T15:54:58.438+0000] {dag.py:3239} INFO - Sync 1 DAGs
[2025-04-04T15:54:58.475+0000] {logging_mixin.py:190} INFO - [2025-04-04T15:54:58.474+0000] {dag.py:4180} INFO - Setting next_dagrun for latest_only_with_trigger to 2025-04-04 08:00:00+00:00, run_after=2025-04-04 12:00:00+00:00
[2025-04-04T15:54:58.508+0000] {processor.py:208} INFO - Processing /home/airflow/.local/lib/python3.12/site-packages/airflow/example_dags/example_latest_only_with_trigger.py took 0.127 seconds
[2025-04-04T15:55:29.193+0000] {processor.py:186} INFO - Started process (PID=1106) to work on /home/airflow/.local/lib/python3.12/site-packages/airflow/example_dags/example_latest_only_with_trigger.py
[2025-04-04T15:55:29.194+0000] {processor.py:914} INFO - Processing file /home/airflow/.local/lib/python3.12/site-packages/airflow/example_dags/example_latest_only_with_trigger.py for tasks to queue
[2025-04-04T15:55:29.197+0000] {logging_mixin.py:190} INFO - [2025-04-04T15:55:29.196+0000] {dagbag.py:588} INFO - Filling up the DagBag from /home/airflow/.local/lib/python3.12/site-packages/airflow/example_dags/example_latest_only_with_trigger.py
[2025-04-04T15:55:29.206+0000] {processor.py:925} INFO - DAG(s) 'latest_only_with_trigger' retrieved from /home/airflow/.local/lib/python3.12/site-packages/airflow/example_dags/example_latest_only_with_trigger.py
[2025-04-04T15:55:29.235+0000] {logging_mixin.py:190} INFO - [2025-04-04T15:55:29.235+0000] {dag.py:3239} INFO - Sync 1 DAGs
[2025-04-04T15:55:29.268+0000] {logging_mixin.py:190} INFO - [2025-04-04T15:55:29.268+0000] {dag.py:4180} INFO - Setting next_dagrun for latest_only_with_trigger to 2025-04-04 08:00:00+00:00, run_after=2025-04-04 12:00:00+00:00
[2025-04-04T15:55:29.295+0000] {processor.py:208} INFO - Processing /home/airflow/.local/lib/python3.12/site-packages/airflow/example_dags/example_latest_only_with_trigger.py took 0.110 seconds
[2025-04-04T15:56:00.178+0000] {processor.py:186} INFO - Started process (PID=1170) to work on /home/airflow/.local/lib/python3.12/site-packages/airflow/example_dags/example_latest_only_with_trigger.py
[2025-04-04T15:56:00.178+0000] {processor.py:914} INFO - Processing file /home/airflow/.local/lib/python3.12/site-packages/airflow/example_dags/example_latest_only_with_trigger.py for tasks to queue
[2025-04-04T15:56:00.182+0000] {logging_mixin.py:190} INFO - [2025-04-04T15:56:00.181+0000] {dagbag.py:588} INFO - Filling up the DagBag from /home/airflow/.local/lib/python3.12/site-packages/airflow/example_dags/example_latest_only_with_trigger.py
[2025-04-04T15:56:00.191+0000] {processor.py:925} INFO - DAG(s) 'latest_only_with_trigger' retrieved from /home/airflow/.local/lib/python3.12/site-packages/airflow/example_dags/example_latest_only_with_trigger.py
[2025-04-04T15:56:00.224+0000] {logging_mixin.py:190} INFO - [2025-04-04T15:56:00.223+0000] {dag.py:3239} INFO - Sync 1 DAGs
[2025-04-04T15:56:00.257+0000] {logging_mixin.py:190} INFO - [2025-04-04T15:56:00.257+0000] {dag.py:4180} INFO - Setting next_dagrun for latest_only_with_trigger to 2025-04-04 08:00:00+00:00, run_after=2025-04-04 12:00:00+00:00
[2025-04-04T15:56:00.286+0000] {processor.py:208} INFO - Processing /home/airflow/.local/lib/python3.12/site-packages/airflow/example_dags/example_latest_only_with_trigger.py took 0.115 seconds
[2025-04-04T15:56:31.010+0000] {processor.py:186} INFO - Started process (PID=1234) to work on /home/airflow/.local/lib/python3.12/site-packages/airflow/example_dags/example_latest_only_with_trigger.py
[2025-04-04T15:56:31.012+0000] {processor.py:914} INFO - Processing file /home/airflow/.local/lib/python3.12/site-packages/airflow/example_dags/example_latest_only_with_trigger.py for tasks to queue
[2025-04-04T15:56:31.016+0000] {logging_mixin.py:190} INFO - [2025-04-04T15:56:31.015+0000] {dagbag.py:588} INFO - Filling up the DagBag from /home/airflow/.local/lib/python3.12/site-packages/airflow/example_dags/example_latest_only_with_trigger.py
[2025-04-04T15:56:31.028+0000] {processor.py:925} INFO - DAG(s) 'latest_only_with_trigger' retrieved from /home/airflow/.local/lib/python3.12/site-packages/airflow/example_dags/example_latest_only_with_trigger.py
[2025-04-04T15:56:31.065+0000] {logging_mixin.py:190} INFO - [2025-04-04T15:56:31.064+0000] {dag.py:3239} INFO - Sync 1 DAGs
[2025-04-04T15:56:31.114+0000] {logging_mixin.py:190} INFO - [2025-04-04T15:56:31.114+0000] {dag.py:4180} INFO - Setting next_dagrun for latest_only_with_trigger to 2025-04-04 08:00:00+00:00, run_after=2025-04-04 12:00:00+00:00
[2025-04-04T15:56:31.153+0000] {processor.py:208} INFO - Processing /home/airflow/.local/lib/python3.12/site-packages/airflow/example_dags/example_latest_only_with_trigger.py took 0.159 seconds
[2025-04-04T15:57:01.550+0000] {processor.py:186} INFO - Started process (PID=1298) to work on /home/airflow/.local/lib/python3.12/site-packages/airflow/example_dags/example_latest_only_with_trigger.py
[2025-04-04T15:57:01.551+0000] {processor.py:914} INFO - Processing file /home/airflow/.local/lib/python3.12/site-packages/airflow/example_dags/example_latest_only_with_trigger.py for tasks to queue
[2025-04-04T15:57:01.555+0000] {logging_mixin.py:190} INFO - [2025-04-04T15:57:01.555+0000] {dagbag.py:588} INFO - Filling up the DagBag from /home/airflow/.local/lib/python3.12/site-packages/airflow/example_dags/example_latest_only_with_trigger.py
[2025-04-04T15:57:01.571+0000] {processor.py:925} INFO - DAG(s) 'latest_only_with_trigger' retrieved from /home/airflow/.local/lib/python3.12/site-packages/airflow/example_dags/example_latest_only_with_trigger.py
[2025-04-04T15:57:01.615+0000] {logging_mixin.py:190} INFO - [2025-04-04T15:57:01.615+0000] {dag.py:3239} INFO - Sync 1 DAGs
[2025-04-04T15:57:01.656+0000] {logging_mixin.py:190} INFO - [2025-04-04T15:57:01.655+0000] {dag.py:4180} INFO - Setting next_dagrun for latest_only_with_trigger to 2025-04-04 08:00:00+00:00, run_after=2025-04-04 12:00:00+00:00
[2025-04-04T15:57:01.692+0000] {processor.py:208} INFO - Processing /home/airflow/.local/lib/python3.12/site-packages/airflow/example_dags/example_latest_only_with_trigger.py took 0.155 seconds
[2025-04-04T15:57:32.064+0000] {processor.py:186} INFO - Started process (PID=1362) to work on /home/airflow/.local/lib/python3.12/site-packages/airflow/example_dags/example_latest_only_with_trigger.py
[2025-04-04T15:57:32.065+0000] {processor.py:914} INFO - Processing file /home/airflow/.local/lib/python3.12/site-packages/airflow/example_dags/example_latest_only_with_trigger.py for tasks to queue
[2025-04-04T15:57:32.068+0000] {logging_mixin.py:190} INFO - [2025-04-04T15:57:32.068+0000] {dagbag.py:588} INFO - Filling up the DagBag from /home/airflow/.local/lib/python3.12/site-packages/airflow/example_dags/example_latest_only_with_trigger.py
[2025-04-04T15:57:32.077+0000] {processor.py:925} INFO - DAG(s) 'latest_only_with_trigger' retrieved from /home/airflow/.local/lib/python3.12/site-packages/airflow/example_dags/example_latest_only_with_trigger.py
[2025-04-04T15:57:32.102+0000] {logging_mixin.py:190} INFO - [2025-04-04T15:57:32.102+0000] {dag.py:3239} INFO - Sync 1 DAGs
[2025-04-04T15:57:32.131+0000] {logging_mixin.py:190} INFO - [2025-04-04T15:57:32.131+0000] {dag.py:4180} INFO - Setting next_dagrun for latest_only_with_trigger to 2025-04-04 08:00:00+00:00, run_after=2025-04-04 12:00:00+00:00
[2025-04-04T15:57:32.157+0000] {processor.py:208} INFO - Processing /home/airflow/.local/lib/python3.12/site-packages/airflow/example_dags/example_latest_only_with_trigger.py took 0.100 seconds
[2025-04-04T15:58:02.354+0000] {processor.py:186} INFO - Started process (PID=1426) to work on /home/airflow/.local/lib/python3.12/site-packages/airflow/example_dags/example_latest_only_with_trigger.py
[2025-04-04T15:58:02.355+0000] {processor.py:914} INFO - Processing file /home/airflow/.local/lib/python3.12/site-packages/airflow/example_dags/example_latest_only_with_trigger.py for tasks to queue
[2025-04-04T15:58:02.358+0000] {logging_mixin.py:190} INFO - [2025-04-04T15:58:02.358+0000] {dagbag.py:588} INFO - Filling up the DagBag from /home/airflow/.local/lib/python3.12/site-packages/airflow/example_dags/example_latest_only_with_trigger.py
[2025-04-04T15:58:02.369+0000] {processor.py:925} INFO - DAG(s) 'latest_only_with_trigger' retrieved from /home/airflow/.local/lib/python3.12/site-packages/airflow/example_dags/example_latest_only_with_trigger.py
[2025-04-04T15:58:02.400+0000] {logging_mixin.py:190} INFO - [2025-04-04T15:58:02.400+0000] {dag.py:3239} INFO - Sync 1 DAGs
[2025-04-04T15:58:02.450+0000] {logging_mixin.py:190} INFO - [2025-04-04T15:58:02.449+0000] {dag.py:4180} INFO - Setting next_dagrun for latest_only_with_trigger to 2025-04-04 08:00:00+00:00, run_after=2025-04-04 12:00:00+00:00
[2025-04-04T15:58:02.480+0000] {processor.py:208} INFO - Processing /home/airflow/.local/lib/python3.12/site-packages/airflow/example_dags/example_latest_only_with_trigger.py took 0.134 seconds
[2025-04-04T15:58:33.267+0000] {processor.py:186} INFO - Started process (PID=1490) to work on /home/airflow/.local/lib/python3.12/site-packages/airflow/example_dags/example_latest_only_with_trigger.py
[2025-04-04T15:58:33.268+0000] {processor.py:914} INFO - Processing file /home/airflow/.local/lib/python3.12/site-packages/airflow/example_dags/example_latest_only_with_trigger.py for tasks to queue
[2025-04-04T15:58:33.271+0000] {logging_mixin.py:190} INFO - [2025-04-04T15:58:33.271+0000] {dagbag.py:588} INFO - Filling up the DagBag from /home/airflow/.local/lib/python3.12/site-packages/airflow/example_dags/example_latest_only_with_trigger.py
[2025-04-04T15:58:33.282+0000] {processor.py:925} INFO - DAG(s) 'latest_only_with_trigger' retrieved from /home/airflow/.local/lib/python3.12/site-packages/airflow/example_dags/example_latest_only_with_trigger.py
[2025-04-04T15:58:33.312+0000] {logging_mixin.py:190} INFO - [2025-04-04T15:58:33.311+0000] {dag.py:3239} INFO - Sync 1 DAGs
[2025-04-04T15:58:33.345+0000] {logging_mixin.py:190} INFO - [2025-04-04T15:58:33.344+0000] {dag.py:4180} INFO - Setting next_dagrun for latest_only_with_trigger to 2025-04-04 08:00:00+00:00, run_after=2025-04-04 12:00:00+00:00
[2025-04-04T15:58:33.370+0000] {processor.py:208} INFO - Processing /home/airflow/.local/lib/python3.12/site-packages/airflow/example_dags/example_latest_only_with_trigger.py took 0.114 seconds
[2025-04-04T16:00:49.038+0000] {processor.py:186} INFO - Started process (PID=82) to work on /home/airflow/.local/lib/python3.12/site-packages/airflow/example_dags/example_latest_only_with_trigger.py
[2025-04-04T16:00:49.039+0000] {processor.py:914} INFO - Processing file /home/airflow/.local/lib/python3.12/site-packages/airflow/example_dags/example_latest_only_with_trigger.py for tasks to queue
[2025-04-04T16:00:49.043+0000] {logging_mixin.py:190} INFO - [2025-04-04T16:00:49.043+0000] {dagbag.py:588} INFO - Filling up the DagBag from /home/airflow/.local/lib/python3.12/site-packages/airflow/example_dags/example_latest_only_with_trigger.py
[2025-04-04T16:00:49.060+0000] {processor.py:925} INFO - DAG(s) 'latest_only_with_trigger' retrieved from /home/airflow/.local/lib/python3.12/site-packages/airflow/example_dags/example_latest_only_with_trigger.py
[2025-04-04T16:00:49.102+0000] {logging_mixin.py:190} INFO - [2025-04-04T16:00:49.102+0000] {dag.py:3239} INFO - Sync 1 DAGs
[2025-04-04T16:00:49.153+0000] {logging_mixin.py:190} INFO - [2025-04-04T16:00:49.153+0000] {dag.py:4180} INFO - Setting next_dagrun for latest_only_with_trigger to 2025-04-04 12:00:00+00:00, run_after=2025-04-04 16:00:00+00:00
[2025-04-04T16:00:49.203+0000] {processor.py:208} INFO - Processing /home/airflow/.local/lib/python3.12/site-packages/airflow/example_dags/example_latest_only_with_trigger.py took 0.177 seconds
[2025-04-04T16:01:19.332+0000] {processor.py:186} INFO - Started process (PID=145) to work on /home/airflow/.local/lib/python3.12/site-packages/airflow/example_dags/example_latest_only_with_trigger.py
[2025-04-04T16:01:19.333+0000] {processor.py:914} INFO - Processing file /home/airflow/.local/lib/python3.12/site-packages/airflow/example_dags/example_latest_only_with_trigger.py for tasks to queue
[2025-04-04T16:01:19.336+0000] {logging_mixin.py:190} INFO - [2025-04-04T16:01:19.335+0000] {dagbag.py:588} INFO - Filling up the DagBag from /home/airflow/.local/lib/python3.12/site-packages/airflow/example_dags/example_latest_only_with_trigger.py
[2025-04-04T16:01:19.344+0000] {processor.py:925} INFO - DAG(s) 'latest_only_with_trigger' retrieved from /home/airflow/.local/lib/python3.12/site-packages/airflow/example_dags/example_latest_only_with_trigger.py
[2025-04-04T16:01:19.369+0000] {logging_mixin.py:190} INFO - [2025-04-04T16:01:19.368+0000] {dag.py:3239} INFO - Sync 1 DAGs
[2025-04-04T16:01:19.399+0000] {logging_mixin.py:190} INFO - [2025-04-04T16:01:19.399+0000] {dag.py:4180} INFO - Setting next_dagrun for latest_only_with_trigger to 2025-04-04 12:00:00+00:00, run_after=2025-04-04 16:00:00+00:00
[2025-04-04T16:01:19.427+0000] {processor.py:208} INFO - Processing /home/airflow/.local/lib/python3.12/site-packages/airflow/example_dags/example_latest_only_with_trigger.py took 0.102 seconds
[2025-04-04T16:01:50.037+0000] {processor.py:186} INFO - Started process (PID=209) to work on /home/airflow/.local/lib/python3.12/site-packages/airflow/example_dags/example_latest_only_with_trigger.py
[2025-04-04T16:01:50.039+0000] {processor.py:914} INFO - Processing file /home/airflow/.local/lib/python3.12/site-packages/airflow/example_dags/example_latest_only_with_trigger.py for tasks to queue
[2025-04-04T16:01:50.042+0000] {logging_mixin.py:190} INFO - [2025-04-04T16:01:50.041+0000] {dagbag.py:588} INFO - Filling up the DagBag from /home/airflow/.local/lib/python3.12/site-packages/airflow/example_dags/example_latest_only_with_trigger.py
[2025-04-04T16:01:50.051+0000] {processor.py:925} INFO - DAG(s) 'latest_only_with_trigger' retrieved from /home/airflow/.local/lib/python3.12/site-packages/airflow/example_dags/example_latest_only_with_trigger.py
[2025-04-04T16:01:50.084+0000] {logging_mixin.py:190} INFO - [2025-04-04T16:01:50.084+0000] {dag.py:3239} INFO - Sync 1 DAGs
[2025-04-04T16:01:50.122+0000] {logging_mixin.py:190} INFO - [2025-04-04T16:01:50.122+0000] {dag.py:4180} INFO - Setting next_dagrun for latest_only_with_trigger to 2025-04-04 12:00:00+00:00, run_after=2025-04-04 16:00:00+00:00
[2025-04-04T16:01:50.147+0000] {processor.py:208} INFO - Processing /home/airflow/.local/lib/python3.12/site-packages/airflow/example_dags/example_latest_only_with_trigger.py took 0.119 seconds
[2025-04-04T16:02:20.295+0000] {processor.py:186} INFO - Started process (PID=273) to work on /home/airflow/.local/lib/python3.12/site-packages/airflow/example_dags/example_latest_only_with_trigger.py
[2025-04-04T16:02:20.296+0000] {processor.py:914} INFO - Processing file /home/airflow/.local/lib/python3.12/site-packages/airflow/example_dags/example_latest_only_with_trigger.py for tasks to queue
[2025-04-04T16:02:20.300+0000] {logging_mixin.py:190} INFO - [2025-04-04T16:02:20.299+0000] {dagbag.py:588} INFO - Filling up the DagBag from /home/airflow/.local/lib/python3.12/site-packages/airflow/example_dags/example_latest_only_with_trigger.py
[2025-04-04T16:02:20.310+0000] {processor.py:925} INFO - DAG(s) 'latest_only_with_trigger' retrieved from /home/airflow/.local/lib/python3.12/site-packages/airflow/example_dags/example_latest_only_with_trigger.py
[2025-04-04T16:02:20.336+0000] {logging_mixin.py:190} INFO - [2025-04-04T16:02:20.335+0000] {dag.py:3239} INFO - Sync 1 DAGs
[2025-04-04T16:02:20.367+0000] {logging_mixin.py:190} INFO - [2025-04-04T16:02:20.367+0000] {dag.py:4180} INFO - Setting next_dagrun for latest_only_with_trigger to 2025-04-04 12:00:00+00:00, run_after=2025-04-04 16:00:00+00:00
[2025-04-04T16:02:20.390+0000] {processor.py:208} INFO - Processing /home/airflow/.local/lib/python3.12/site-packages/airflow/example_dags/example_latest_only_with_trigger.py took 0.104 seconds
[2025-04-04T16:02:50.521+0000] {processor.py:186} INFO - Started process (PID=337) to work on /home/airflow/.local/lib/python3.12/site-packages/airflow/example_dags/example_latest_only_with_trigger.py
[2025-04-04T16:02:50.522+0000] {processor.py:914} INFO - Processing file /home/airflow/.local/lib/python3.12/site-packages/airflow/example_dags/example_latest_only_with_trigger.py for tasks to queue
[2025-04-04T16:02:50.525+0000] {logging_mixin.py:190} INFO - [2025-04-04T16:02:50.524+0000] {dagbag.py:588} INFO - Filling up the DagBag from /home/airflow/.local/lib/python3.12/site-packages/airflow/example_dags/example_latest_only_with_trigger.py
[2025-04-04T16:02:50.534+0000] {processor.py:925} INFO - DAG(s) 'latest_only_with_trigger' retrieved from /home/airflow/.local/lib/python3.12/site-packages/airflow/example_dags/example_latest_only_with_trigger.py
[2025-04-04T16:02:50.559+0000] {logging_mixin.py:190} INFO - [2025-04-04T16:02:50.559+0000] {dag.py:3239} INFO - Sync 1 DAGs
[2025-04-04T16:02:50.596+0000] {logging_mixin.py:190} INFO - [2025-04-04T16:02:50.596+0000] {dag.py:4180} INFO - Setting next_dagrun for latest_only_with_trigger to 2025-04-04 12:00:00+00:00, run_after=2025-04-04 16:00:00+00:00
[2025-04-04T16:02:50.620+0000] {processor.py:208} INFO - Processing /home/airflow/.local/lib/python3.12/site-packages/airflow/example_dags/example_latest_only_with_trigger.py took 0.107 seconds
