[2025-04-04T15:44:23.690+0000] {processor.py:186} INFO - Started process (PID=118) to work on /home/airflow/.local/lib/python3.12/site-packages/airflow/example_dags/example_branch_python_dop_operator_3.py
[2025-04-04T15:44:23.691+0000] {processor.py:914} INFO - Processing file /home/airflow/.local/lib/python3.12/site-packages/airflow/example_dags/example_branch_python_dop_operator_3.py for tasks to queue
[2025-04-04T15:44:23.694+0000] {logging_mixin.py:190} INFO - [2025-04-04T15:44:23.693+0000] {dagbag.py:588} INFO - Filling up the DagBag from /home/airflow/.local/lib/python3.12/site-packages/airflow/example_dags/example_branch_python_dop_operator_3.py
[2025-04-04T15:44:23.711+0000] {processor.py:925} INFO - DAG(s) 'example_branch_dop_operator_v3' retrieved from /home/airflow/.local/lib/python3.12/site-packages/airflow/example_dags/example_branch_python_dop_operator_3.py
[2025-04-04T15:44:23.874+0000] {logging_mixin.py:190} INFO - [2025-04-04T15:44:23.874+0000] {override.py:1912} INFO - Created Permission View: can edit on DAG:example_branch_dop_operator_v3
[2025-04-04T15:44:23.887+0000] {logging_mixin.py:190} INFO - [2025-04-04T15:44:23.887+0000] {override.py:1912} INFO - Created Permission View: can read on DAG:example_branch_dop_operator_v3
[2025-04-04T15:44:23.898+0000] {logging_mixin.py:190} INFO - [2025-04-04T15:44:23.898+0000] {override.py:1912} INFO - Created Permission View: can delete on DAG:example_branch_dop_operator_v3
[2025-04-04T15:44:23.911+0000] {logging_mixin.py:190} INFO - [2025-04-04T15:44:23.910+0000] {override.py:1912} INFO - Created Permission View: menu access on DAG Run:example_branch_dop_operator_v3
[2025-04-04T15:44:23.921+0000] {logging_mixin.py:190} INFO - [2025-04-04T15:44:23.921+0000] {override.py:1912} INFO - Created Permission View: can read on DAG Run:example_branch_dop_operator_v3
[2025-04-04T15:44:23.932+0000] {logging_mixin.py:190} INFO - [2025-04-04T15:44:23.932+0000] {override.py:1912} INFO - Created Permission View: can create on DAG Run:example_branch_dop_operator_v3
[2025-04-04T15:44:23.943+0000] {logging_mixin.py:190} INFO - [2025-04-04T15:44:23.943+0000] {override.py:1912} INFO - Created Permission View: can delete on DAG Run:example_branch_dop_operator_v3
[2025-04-04T15:44:23.944+0000] {logging_mixin.py:190} INFO - [2025-04-04T15:44:23.944+0000] {dag.py:3239} INFO - Sync 1 DAGs
[2025-04-04T15:44:23.961+0000] {logging_mixin.py:190} INFO - [2025-04-04T15:44:23.961+0000] {dag.py:3262} INFO - Creating ORM DAG for example_branch_dop_operator_v3
[2025-04-04T15:44:23.985+0000] {logging_mixin.py:190} INFO - [2025-04-04T15:44:23.984+0000] {dag.py:4180} INFO - Setting next_dagrun for example_branch_dop_operator_v3 to 2025-04-04 15:43:00+00:00, run_after=2025-04-04 15:44:00+00:00
[2025-04-04T15:44:24.013+0000] {processor.py:208} INFO - Processing /home/airflow/.local/lib/python3.12/site-packages/airflow/example_dags/example_branch_python_dop_operator_3.py took 0.332 seconds
[2025-04-04T15:44:54.462+0000] {processor.py:186} INFO - Started process (PID=181) to work on /home/airflow/.local/lib/python3.12/site-packages/airflow/example_dags/example_branch_python_dop_operator_3.py
[2025-04-04T15:44:54.463+0000] {processor.py:914} INFO - Processing file /home/airflow/.local/lib/python3.12/site-packages/airflow/example_dags/example_branch_python_dop_operator_3.py for tasks to queue
[2025-04-04T15:44:54.466+0000] {logging_mixin.py:190} INFO - [2025-04-04T15:44:54.465+0000] {dagbag.py:588} INFO - Filling up the DagBag from /home/airflow/.local/lib/python3.12/site-packages/airflow/example_dags/example_branch_python_dop_operator_3.py
[2025-04-04T15:44:54.480+0000] {processor.py:925} INFO - DAG(s) 'example_branch_dop_operator_v3' retrieved from /home/airflow/.local/lib/python3.12/site-packages/airflow/example_dags/example_branch_python_dop_operator_3.py
[2025-04-04T15:44:54.504+0000] {logging_mixin.py:190} INFO - [2025-04-04T15:44:54.503+0000] {dag.py:3239} INFO - Sync 1 DAGs
[2025-04-04T15:44:54.538+0000] {logging_mixin.py:190} INFO - [2025-04-04T15:44:54.538+0000] {dag.py:4180} INFO - Setting next_dagrun for example_branch_dop_operator_v3 to 2025-04-04 15:43:00+00:00, run_after=2025-04-04 15:44:00+00:00
[2025-04-04T15:44:54.565+0000] {processor.py:208} INFO - Processing /home/airflow/.local/lib/python3.12/site-packages/airflow/example_dags/example_branch_python_dop_operator_3.py took 0.113 seconds
[2025-04-04T15:45:24.954+0000] {processor.py:186} INFO - Started process (PID=244) to work on /home/airflow/.local/lib/python3.12/site-packages/airflow/example_dags/example_branch_python_dop_operator_3.py
[2025-04-04T15:45:24.955+0000] {processor.py:914} INFO - Processing file /home/airflow/.local/lib/python3.12/site-packages/airflow/example_dags/example_branch_python_dop_operator_3.py for tasks to queue
[2025-04-04T15:45:24.957+0000] {logging_mixin.py:190} INFO - [2025-04-04T15:45:24.957+0000] {dagbag.py:588} INFO - Filling up the DagBag from /home/airflow/.local/lib/python3.12/site-packages/airflow/example_dags/example_branch_python_dop_operator_3.py
[2025-04-04T15:45:24.970+0000] {processor.py:925} INFO - DAG(s) 'example_branch_dop_operator_v3' retrieved from /home/airflow/.local/lib/python3.12/site-packages/airflow/example_dags/example_branch_python_dop_operator_3.py
[2025-04-04T15:45:24.997+0000] {logging_mixin.py:190} INFO - [2025-04-04T15:45:24.997+0000] {dag.py:3239} INFO - Sync 1 DAGs
[2025-04-04T15:45:25.044+0000] {logging_mixin.py:190} INFO - [2025-04-04T15:45:25.043+0000] {dag.py:4180} INFO - Setting next_dagrun for example_branch_dop_operator_v3 to 2025-04-04 15:44:00+00:00, run_after=2025-04-04 15:45:00+00:00
[2025-04-04T15:45:25.078+0000] {processor.py:208} INFO - Processing /home/airflow/.local/lib/python3.12/site-packages/airflow/example_dags/example_branch_python_dop_operator_3.py took 0.132 seconds
[2025-04-04T15:45:57.733+0000] {processor.py:186} INFO - Started process (PID=307) to work on /home/airflow/.local/lib/python3.12/site-packages/airflow/example_dags/example_branch_python_dop_operator_3.py
[2025-04-04T15:45:57.736+0000] {processor.py:914} INFO - Processing file /home/airflow/.local/lib/python3.12/site-packages/airflow/example_dags/example_branch_python_dop_operator_3.py for tasks to queue
[2025-04-04T15:45:57.745+0000] {logging_mixin.py:190} INFO - [2025-04-04T15:45:57.744+0000] {dagbag.py:588} INFO - Filling up the DagBag from /home/airflow/.local/lib/python3.12/site-packages/airflow/example_dags/example_branch_python_dop_operator_3.py
[2025-04-04T15:45:57.783+0000] {processor.py:925} INFO - DAG(s) 'example_branch_dop_operator_v3' retrieved from /home/airflow/.local/lib/python3.12/site-packages/airflow/example_dags/example_branch_python_dop_operator_3.py
[2025-04-04T15:45:57.845+0000] {logging_mixin.py:190} INFO - [2025-04-04T15:45:57.845+0000] {dag.py:3239} INFO - Sync 1 DAGs
[2025-04-04T15:45:57.910+0000] {logging_mixin.py:190} INFO - [2025-04-04T15:45:57.909+0000] {dag.py:4180} INFO - Setting next_dagrun for example_branch_dop_operator_v3 to 2025-04-04 15:44:00+00:00, run_after=2025-04-04 15:45:00+00:00
[2025-04-04T15:45:57.982+0000] {processor.py:208} INFO - Processing /home/airflow/.local/lib/python3.12/site-packages/airflow/example_dags/example_branch_python_dop_operator_3.py took 0.285 seconds
[2025-04-04T15:47:26.116+0000] {processor.py:186} INFO - Started process (PID=112) to work on /home/airflow/.local/lib/python3.12/site-packages/airflow/example_dags/example_branch_python_dop_operator_3.py
[2025-04-04T15:47:26.117+0000] {processor.py:914} INFO - Processing file /home/airflow/.local/lib/python3.12/site-packages/airflow/example_dags/example_branch_python_dop_operator_3.py for tasks to queue
[2025-04-04T15:47:26.122+0000] {logging_mixin.py:190} INFO - [2025-04-04T15:47:26.121+0000] {dagbag.py:588} INFO - Filling up the DagBag from /home/airflow/.local/lib/python3.12/site-packages/airflow/example_dags/example_branch_python_dop_operator_3.py
[2025-04-04T15:47:26.148+0000] {processor.py:925} INFO - DAG(s) 'example_branch_dop_operator_v3' retrieved from /home/airflow/.local/lib/python3.12/site-packages/airflow/example_dags/example_branch_python_dop_operator_3.py
[2025-04-04T15:47:26.187+0000] {logging_mixin.py:190} INFO - [2025-04-04T15:47:26.187+0000] {dag.py:3239} INFO - Sync 1 DAGs
[2025-04-04T15:47:26.250+0000] {logging_mixin.py:190} INFO - [2025-04-04T15:47:26.250+0000] {dag.py:4180} INFO - Setting next_dagrun for example_branch_dop_operator_v3 to 2025-04-04 15:46:00+00:00, run_after=2025-04-04 15:47:00+00:00
[2025-04-04T15:47:26.297+0000] {processor.py:208} INFO - Processing /home/airflow/.local/lib/python3.12/site-packages/airflow/example_dags/example_branch_python_dop_operator_3.py took 0.193 seconds
[2025-04-04T15:47:56.845+0000] {processor.py:186} INFO - Started process (PID=176) to work on /home/airflow/.local/lib/python3.12/site-packages/airflow/example_dags/example_branch_python_dop_operator_3.py
[2025-04-04T15:47:56.846+0000] {processor.py:914} INFO - Processing file /home/airflow/.local/lib/python3.12/site-packages/airflow/example_dags/example_branch_python_dop_operator_3.py for tasks to queue
[2025-04-04T15:47:56.848+0000] {logging_mixin.py:190} INFO - [2025-04-04T15:47:56.848+0000] {dagbag.py:588} INFO - Filling up the DagBag from /home/airflow/.local/lib/python3.12/site-packages/airflow/example_dags/example_branch_python_dop_operator_3.py
[2025-04-04T15:47:56.861+0000] {processor.py:925} INFO - DAG(s) 'example_branch_dop_operator_v3' retrieved from /home/airflow/.local/lib/python3.12/site-packages/airflow/example_dags/example_branch_python_dop_operator_3.py
[2025-04-04T15:47:56.884+0000] {logging_mixin.py:190} INFO - [2025-04-04T15:47:56.884+0000] {dag.py:3239} INFO - Sync 1 DAGs
[2025-04-04T15:47:56.918+0000] {logging_mixin.py:190} INFO - [2025-04-04T15:47:56.918+0000] {dag.py:4180} INFO - Setting next_dagrun for example_branch_dop_operator_v3 to 2025-04-04 15:46:00+00:00, run_after=2025-04-04 15:47:00+00:00
[2025-04-04T15:47:56.941+0000] {processor.py:208} INFO - Processing /home/airflow/.local/lib/python3.12/site-packages/airflow/example_dags/example_branch_python_dop_operator_3.py took 0.106 seconds
[2025-04-04T15:48:27.680+0000] {processor.py:186} INFO - Started process (PID=240) to work on /home/airflow/.local/lib/python3.12/site-packages/airflow/example_dags/example_branch_python_dop_operator_3.py
[2025-04-04T15:48:27.682+0000] {processor.py:914} INFO - Processing file /home/airflow/.local/lib/python3.12/site-packages/airflow/example_dags/example_branch_python_dop_operator_3.py for tasks to queue
[2025-04-04T15:48:27.684+0000] {logging_mixin.py:190} INFO - [2025-04-04T15:48:27.684+0000] {dagbag.py:588} INFO - Filling up the DagBag from /home/airflow/.local/lib/python3.12/site-packages/airflow/example_dags/example_branch_python_dop_operator_3.py
[2025-04-04T15:48:27.697+0000] {processor.py:925} INFO - DAG(s) 'example_branch_dop_operator_v3' retrieved from /home/airflow/.local/lib/python3.12/site-packages/airflow/example_dags/example_branch_python_dop_operator_3.py
[2025-04-04T15:48:27.723+0000] {logging_mixin.py:190} INFO - [2025-04-04T15:48:27.723+0000] {dag.py:3239} INFO - Sync 1 DAGs
[2025-04-04T15:48:27.758+0000] {logging_mixin.py:190} INFO - [2025-04-04T15:48:27.758+0000] {dag.py:4180} INFO - Setting next_dagrun for example_branch_dop_operator_v3 to 2025-04-04 15:47:00+00:00, run_after=2025-04-04 15:48:00+00:00
[2025-04-04T15:48:27.782+0000] {processor.py:208} INFO - Processing /home/airflow/.local/lib/python3.12/site-packages/airflow/example_dags/example_branch_python_dop_operator_3.py took 0.109 seconds
[2025-04-04T15:48:58.624+0000] {processor.py:186} INFO - Started process (PID=304) to work on /home/airflow/.local/lib/python3.12/site-packages/airflow/example_dags/example_branch_python_dop_operator_3.py
[2025-04-04T15:48:58.625+0000] {processor.py:914} INFO - Processing file /home/airflow/.local/lib/python3.12/site-packages/airflow/example_dags/example_branch_python_dop_operator_3.py for tasks to queue
[2025-04-04T15:48:58.628+0000] {logging_mixin.py:190} INFO - [2025-04-04T15:48:58.627+0000] {dagbag.py:588} INFO - Filling up the DagBag from /home/airflow/.local/lib/python3.12/site-packages/airflow/example_dags/example_branch_python_dop_operator_3.py
[2025-04-04T15:48:58.642+0000] {processor.py:925} INFO - DAG(s) 'example_branch_dop_operator_v3' retrieved from /home/airflow/.local/lib/python3.12/site-packages/airflow/example_dags/example_branch_python_dop_operator_3.py
[2025-04-04T15:48:58.671+0000] {logging_mixin.py:190} INFO - [2025-04-04T15:48:58.670+0000] {dag.py:3239} INFO - Sync 1 DAGs
[2025-04-04T15:48:58.716+0000] {logging_mixin.py:190} INFO - [2025-04-04T15:48:58.716+0000] {dag.py:4180} INFO - Setting next_dagrun for example_branch_dop_operator_v3 to 2025-04-04 15:47:00+00:00, run_after=2025-04-04 15:48:00+00:00
[2025-04-04T15:48:58.751+0000] {processor.py:208} INFO - Processing /home/airflow/.local/lib/python3.12/site-packages/airflow/example_dags/example_branch_python_dop_operator_3.py took 0.138 seconds
[2025-04-04T15:49:30.541+0000] {processor.py:186} INFO - Started process (PID=368) to work on /home/airflow/.local/lib/python3.12/site-packages/airflow/example_dags/example_branch_python_dop_operator_3.py
[2025-04-04T15:49:30.542+0000] {processor.py:914} INFO - Processing file /home/airflow/.local/lib/python3.12/site-packages/airflow/example_dags/example_branch_python_dop_operator_3.py for tasks to queue
[2025-04-04T15:49:30.551+0000] {logging_mixin.py:190} INFO - [2025-04-04T15:49:30.546+0000] {dagbag.py:588} INFO - Filling up the DagBag from /home/airflow/.local/lib/python3.12/site-packages/airflow/example_dags/example_branch_python_dop_operator_3.py
[2025-04-04T15:49:30.577+0000] {processor.py:925} INFO - DAG(s) 'example_branch_dop_operator_v3' retrieved from /home/airflow/.local/lib/python3.12/site-packages/airflow/example_dags/example_branch_python_dop_operator_3.py
[2025-04-04T15:49:30.620+0000] {logging_mixin.py:190} INFO - [2025-04-04T15:49:30.619+0000] {dag.py:3239} INFO - Sync 1 DAGs
[2025-04-04T15:49:30.680+0000] {logging_mixin.py:190} INFO - [2025-04-04T15:49:30.680+0000] {dag.py:4180} INFO - Setting next_dagrun for example_branch_dop_operator_v3 to 2025-04-04 15:48:00+00:00, run_after=2025-04-04 15:49:00+00:00
[2025-04-04T15:49:30.718+0000] {processor.py:208} INFO - Processing /home/airflow/.local/lib/python3.12/site-packages/airflow/example_dags/example_branch_python_dop_operator_3.py took 0.196 seconds
[2025-04-04T15:50:01.529+0000] {processor.py:186} INFO - Started process (PID=432) to work on /home/airflow/.local/lib/python3.12/site-packages/airflow/example_dags/example_branch_python_dop_operator_3.py
[2025-04-04T15:50:01.531+0000] {processor.py:914} INFO - Processing file /home/airflow/.local/lib/python3.12/site-packages/airflow/example_dags/example_branch_python_dop_operator_3.py for tasks to queue
[2025-04-04T15:50:01.535+0000] {logging_mixin.py:190} INFO - [2025-04-04T15:50:01.534+0000] {dagbag.py:588} INFO - Filling up the DagBag from /home/airflow/.local/lib/python3.12/site-packages/airflow/example_dags/example_branch_python_dop_operator_3.py
[2025-04-04T15:50:01.552+0000] {processor.py:925} INFO - DAG(s) 'example_branch_dop_operator_v3' retrieved from /home/airflow/.local/lib/python3.12/site-packages/airflow/example_dags/example_branch_python_dop_operator_3.py
[2025-04-04T15:50:01.578+0000] {logging_mixin.py:190} INFO - [2025-04-04T15:50:01.577+0000] {dag.py:3239} INFO - Sync 1 DAGs
[2025-04-04T15:50:01.617+0000] {logging_mixin.py:190} INFO - [2025-04-04T15:50:01.616+0000] {dag.py:4180} INFO - Setting next_dagrun for example_branch_dop_operator_v3 to 2025-04-04 15:49:00+00:00, run_after=2025-04-04 15:50:00+00:00
[2025-04-04T15:50:01.645+0000] {processor.py:208} INFO - Processing /home/airflow/.local/lib/python3.12/site-packages/airflow/example_dags/example_branch_python_dop_operator_3.py took 0.125 seconds
[2025-04-04T15:50:32.889+0000] {processor.py:186} INFO - Started process (PID=496) to work on /home/airflow/.local/lib/python3.12/site-packages/airflow/example_dags/example_branch_python_dop_operator_3.py
[2025-04-04T15:50:32.890+0000] {processor.py:914} INFO - Processing file /home/airflow/.local/lib/python3.12/site-packages/airflow/example_dags/example_branch_python_dop_operator_3.py for tasks to queue
[2025-04-04T15:50:32.893+0000] {logging_mixin.py:190} INFO - [2025-04-04T15:50:32.893+0000] {dagbag.py:588} INFO - Filling up the DagBag from /home/airflow/.local/lib/python3.12/site-packages/airflow/example_dags/example_branch_python_dop_operator_3.py
[2025-04-04T15:50:32.907+0000] {processor.py:925} INFO - DAG(s) 'example_branch_dop_operator_v3' retrieved from /home/airflow/.local/lib/python3.12/site-packages/airflow/example_dags/example_branch_python_dop_operator_3.py
[2025-04-04T15:50:32.936+0000] {logging_mixin.py:190} INFO - [2025-04-04T15:50:32.936+0000] {dag.py:3239} INFO - Sync 1 DAGs
[2025-04-04T15:50:32.976+0000] {logging_mixin.py:190} INFO - [2025-04-04T15:50:32.975+0000] {dag.py:4180} INFO - Setting next_dagrun for example_branch_dop_operator_v3 to 2025-04-04 15:49:00+00:00, run_after=2025-04-04 15:50:00+00:00
[2025-04-04T15:50:33.000+0000] {processor.py:208} INFO - Processing /home/airflow/.local/lib/python3.12/site-packages/airflow/example_dags/example_branch_python_dop_operator_3.py took 0.119 seconds
[2025-04-04T15:51:03.987+0000] {processor.py:186} INFO - Started process (PID=560) to work on /home/airflow/.local/lib/python3.12/site-packages/airflow/example_dags/example_branch_python_dop_operator_3.py
[2025-04-04T15:51:03.988+0000] {processor.py:914} INFO - Processing file /home/airflow/.local/lib/python3.12/site-packages/airflow/example_dags/example_branch_python_dop_operator_3.py for tasks to queue
[2025-04-04T15:51:03.991+0000] {logging_mixin.py:190} INFO - [2025-04-04T15:51:03.991+0000] {dagbag.py:588} INFO - Filling up the DagBag from /home/airflow/.local/lib/python3.12/site-packages/airflow/example_dags/example_branch_python_dop_operator_3.py
[2025-04-04T15:51:04.004+0000] {processor.py:925} INFO - DAG(s) 'example_branch_dop_operator_v3' retrieved from /home/airflow/.local/lib/python3.12/site-packages/airflow/example_dags/example_branch_python_dop_operator_3.py
[2025-04-04T15:51:04.034+0000] {logging_mixin.py:190} INFO - [2025-04-04T15:51:04.034+0000] {dag.py:3239} INFO - Sync 1 DAGs
[2025-04-04T15:51:04.079+0000] {logging_mixin.py:190} INFO - [2025-04-04T15:51:04.079+0000] {dag.py:4180} INFO - Setting next_dagrun for example_branch_dop_operator_v3 to 2025-04-04 15:50:00+00:00, run_after=2025-04-04 15:51:00+00:00
[2025-04-04T15:51:04.102+0000] {processor.py:208} INFO - Processing /home/airflow/.local/lib/python3.12/site-packages/airflow/example_dags/example_branch_python_dop_operator_3.py took 0.121 seconds
[2025-04-04T15:51:35.126+0000] {processor.py:186} INFO - Started process (PID=624) to work on /home/airflow/.local/lib/python3.12/site-packages/airflow/example_dags/example_branch_python_dop_operator_3.py
[2025-04-04T15:51:35.127+0000] {processor.py:914} INFO - Processing file /home/airflow/.local/lib/python3.12/site-packages/airflow/example_dags/example_branch_python_dop_operator_3.py for tasks to queue
[2025-04-04T15:51:35.130+0000] {logging_mixin.py:190} INFO - [2025-04-04T15:51:35.130+0000] {dagbag.py:588} INFO - Filling up the DagBag from /home/airflow/.local/lib/python3.12/site-packages/airflow/example_dags/example_branch_python_dop_operator_3.py
[2025-04-04T15:51:35.143+0000] {processor.py:925} INFO - DAG(s) 'example_branch_dop_operator_v3' retrieved from /home/airflow/.local/lib/python3.12/site-packages/airflow/example_dags/example_branch_python_dop_operator_3.py
[2025-04-04T15:51:35.174+0000] {logging_mixin.py:190} INFO - [2025-04-04T15:51:35.174+0000] {dag.py:3239} INFO - Sync 1 DAGs
[2025-04-04T15:51:35.211+0000] {logging_mixin.py:190} INFO - [2025-04-04T15:51:35.210+0000] {dag.py:4180} INFO - Setting next_dagrun for example_branch_dop_operator_v3 to 2025-04-04 15:50:00+00:00, run_after=2025-04-04 15:51:00+00:00
[2025-04-04T15:51:35.235+0000] {processor.py:208} INFO - Processing /home/airflow/.local/lib/python3.12/site-packages/airflow/example_dags/example_branch_python_dop_operator_3.py took 0.116 seconds
[2025-04-04T15:52:06.113+0000] {processor.py:186} INFO - Started process (PID=688) to work on /home/airflow/.local/lib/python3.12/site-packages/airflow/example_dags/example_branch_python_dop_operator_3.py
[2025-04-04T15:52:06.114+0000] {processor.py:914} INFO - Processing file /home/airflow/.local/lib/python3.12/site-packages/airflow/example_dags/example_branch_python_dop_operator_3.py for tasks to queue
[2025-04-04T15:52:06.118+0000] {logging_mixin.py:190} INFO - [2025-04-04T15:52:06.117+0000] {dagbag.py:588} INFO - Filling up the DagBag from /home/airflow/.local/lib/python3.12/site-packages/airflow/example_dags/example_branch_python_dop_operator_3.py
[2025-04-04T15:52:06.132+0000] {processor.py:925} INFO - DAG(s) 'example_branch_dop_operator_v3' retrieved from /home/airflow/.local/lib/python3.12/site-packages/airflow/example_dags/example_branch_python_dop_operator_3.py
[2025-04-04T15:52:06.164+0000] {logging_mixin.py:190} INFO - [2025-04-04T15:52:06.164+0000] {dag.py:3239} INFO - Sync 1 DAGs
[2025-04-04T15:52:06.209+0000] {logging_mixin.py:190} INFO - [2025-04-04T15:52:06.209+0000] {dag.py:4180} INFO - Setting next_dagrun for example_branch_dop_operator_v3 to 2025-04-04 15:51:00+00:00, run_after=2025-04-04 15:52:00+00:00
[2025-04-04T15:52:06.239+0000] {processor.py:208} INFO - Processing /home/airflow/.local/lib/python3.12/site-packages/airflow/example_dags/example_branch_python_dop_operator_3.py took 0.133 seconds
[2025-04-04T15:52:37.107+0000] {processor.py:186} INFO - Started process (PID=752) to work on /home/airflow/.local/lib/python3.12/site-packages/airflow/example_dags/example_branch_python_dop_operator_3.py
[2025-04-04T15:52:37.109+0000] {processor.py:914} INFO - Processing file /home/airflow/.local/lib/python3.12/site-packages/airflow/example_dags/example_branch_python_dop_operator_3.py for tasks to queue
[2025-04-04T15:52:37.112+0000] {logging_mixin.py:190} INFO - [2025-04-04T15:52:37.111+0000] {dagbag.py:588} INFO - Filling up the DagBag from /home/airflow/.local/lib/python3.12/site-packages/airflow/example_dags/example_branch_python_dop_operator_3.py
[2025-04-04T15:52:37.126+0000] {processor.py:925} INFO - DAG(s) 'example_branch_dop_operator_v3' retrieved from /home/airflow/.local/lib/python3.12/site-packages/airflow/example_dags/example_branch_python_dop_operator_3.py
[2025-04-04T15:52:37.155+0000] {logging_mixin.py:190} INFO - [2025-04-04T15:52:37.155+0000] {dag.py:3239} INFO - Sync 1 DAGs
[2025-04-04T15:52:37.199+0000] {logging_mixin.py:190} INFO - [2025-04-04T15:52:37.198+0000] {dag.py:4180} INFO - Setting next_dagrun for example_branch_dop_operator_v3 to 2025-04-04 15:51:00+00:00, run_after=2025-04-04 15:52:00+00:00
[2025-04-04T15:52:37.225+0000] {processor.py:208} INFO - Processing /home/airflow/.local/lib/python3.12/site-packages/airflow/example_dags/example_branch_python_dop_operator_3.py took 0.126 seconds
[2025-04-04T15:53:07.790+0000] {processor.py:186} INFO - Started process (PID=816) to work on /home/airflow/.local/lib/python3.12/site-packages/airflow/example_dags/example_branch_python_dop_operator_3.py
[2025-04-04T15:53:07.791+0000] {processor.py:914} INFO - Processing file /home/airflow/.local/lib/python3.12/site-packages/airflow/example_dags/example_branch_python_dop_operator_3.py for tasks to queue
[2025-04-04T15:53:07.793+0000] {logging_mixin.py:190} INFO - [2025-04-04T15:53:07.793+0000] {dagbag.py:588} INFO - Filling up the DagBag from /home/airflow/.local/lib/python3.12/site-packages/airflow/example_dags/example_branch_python_dop_operator_3.py
[2025-04-04T15:53:07.806+0000] {processor.py:925} INFO - DAG(s) 'example_branch_dop_operator_v3' retrieved from /home/airflow/.local/lib/python3.12/site-packages/airflow/example_dags/example_branch_python_dop_operator_3.py
[2025-04-04T15:53:07.829+0000] {logging_mixin.py:190} INFO - [2025-04-04T15:53:07.828+0000] {dag.py:3239} INFO - Sync 1 DAGs
[2025-04-04T15:53:07.863+0000] {logging_mixin.py:190} INFO - [2025-04-04T15:53:07.862+0000] {dag.py:4180} INFO - Setting next_dagrun for example_branch_dop_operator_v3 to 2025-04-04 15:52:00+00:00, run_after=2025-04-04 15:53:00+00:00
[2025-04-04T15:53:07.884+0000] {processor.py:208} INFO - Processing /home/airflow/.local/lib/python3.12/site-packages/airflow/example_dags/example_branch_python_dop_operator_3.py took 0.102 seconds
[2025-04-04T15:53:39.474+0000] {processor.py:186} INFO - Started process (PID=880) to work on /home/airflow/.local/lib/python3.12/site-packages/airflow/example_dags/example_branch_python_dop_operator_3.py
[2025-04-04T15:53:39.475+0000] {processor.py:914} INFO - Processing file /home/airflow/.local/lib/python3.12/site-packages/airflow/example_dags/example_branch_python_dop_operator_3.py for tasks to queue
[2025-04-04T15:53:39.478+0000] {logging_mixin.py:190} INFO - [2025-04-04T15:53:39.478+0000] {dagbag.py:588} INFO - Filling up the DagBag from /home/airflow/.local/lib/python3.12/site-packages/airflow/example_dags/example_branch_python_dop_operator_3.py
[2025-04-04T15:53:39.494+0000] {processor.py:925} INFO - DAG(s) 'example_branch_dop_operator_v3' retrieved from /home/airflow/.local/lib/python3.12/site-packages/airflow/example_dags/example_branch_python_dop_operator_3.py
[2025-04-04T15:53:39.517+0000] {logging_mixin.py:190} INFO - [2025-04-04T15:53:39.517+0000] {dag.py:3239} INFO - Sync 1 DAGs
[2025-04-04T15:53:39.559+0000] {logging_mixin.py:190} INFO - [2025-04-04T15:53:39.559+0000] {dag.py:4180} INFO - Setting next_dagrun for example_branch_dop_operator_v3 to 2025-04-04 15:52:00+00:00, run_after=2025-04-04 15:53:00+00:00
[2025-04-04T15:53:39.581+0000] {processor.py:208} INFO - Processing /home/airflow/.local/lib/python3.12/site-packages/airflow/example_dags/example_branch_python_dop_operator_3.py took 0.116 seconds
[2025-04-04T15:54:11.286+0000] {processor.py:186} INFO - Started process (PID=944) to work on /home/airflow/.local/lib/python3.12/site-packages/airflow/example_dags/example_branch_python_dop_operator_3.py
[2025-04-04T15:54:11.287+0000] {processor.py:914} INFO - Processing file /home/airflow/.local/lib/python3.12/site-packages/airflow/example_dags/example_branch_python_dop_operator_3.py for tasks to queue
[2025-04-04T15:54:11.292+0000] {logging_mixin.py:190} INFO - [2025-04-04T15:54:11.291+0000] {dagbag.py:588} INFO - Filling up the DagBag from /home/airflow/.local/lib/python3.12/site-packages/airflow/example_dags/example_branch_python_dop_operator_3.py
[2025-04-04T15:54:11.312+0000] {processor.py:925} INFO - DAG(s) 'example_branch_dop_operator_v3' retrieved from /home/airflow/.local/lib/python3.12/site-packages/airflow/example_dags/example_branch_python_dop_operator_3.py
[2025-04-04T15:54:11.348+0000] {logging_mixin.py:190} INFO - [2025-04-04T15:54:11.347+0000] {dag.py:3239} INFO - Sync 1 DAGs
[2025-04-04T15:54:11.406+0000] {logging_mixin.py:190} INFO - [2025-04-04T15:54:11.405+0000] {dag.py:4180} INFO - Setting next_dagrun for example_branch_dop_operator_v3 to 2025-04-04 15:53:00+00:00, run_after=2025-04-04 15:54:00+00:00
[2025-04-04T15:54:11.440+0000] {processor.py:208} INFO - Processing /home/airflow/.local/lib/python3.12/site-packages/airflow/example_dags/example_branch_python_dop_operator_3.py took 0.164 seconds
[2025-04-04T15:54:42.928+0000] {processor.py:186} INFO - Started process (PID=1008) to work on /home/airflow/.local/lib/python3.12/site-packages/airflow/example_dags/example_branch_python_dop_operator_3.py
[2025-04-04T15:54:42.929+0000] {processor.py:914} INFO - Processing file /home/airflow/.local/lib/python3.12/site-packages/airflow/example_dags/example_branch_python_dop_operator_3.py for tasks to queue
[2025-04-04T15:54:42.933+0000] {logging_mixin.py:190} INFO - [2025-04-04T15:54:42.933+0000] {dagbag.py:588} INFO - Filling up the DagBag from /home/airflow/.local/lib/python3.12/site-packages/airflow/example_dags/example_branch_python_dop_operator_3.py
[2025-04-04T15:54:42.951+0000] {processor.py:925} INFO - DAG(s) 'example_branch_dop_operator_v3' retrieved from /home/airflow/.local/lib/python3.12/site-packages/airflow/example_dags/example_branch_python_dop_operator_3.py
[2025-04-04T15:54:42.989+0000] {logging_mixin.py:190} INFO - [2025-04-04T15:54:42.989+0000] {dag.py:3239} INFO - Sync 1 DAGs
[2025-04-04T15:54:43.043+0000] {logging_mixin.py:190} INFO - [2025-04-04T15:54:43.043+0000] {dag.py:4180} INFO - Setting next_dagrun for example_branch_dop_operator_v3 to 2025-04-04 15:53:00+00:00, run_after=2025-04-04 15:54:00+00:00
[2025-04-04T15:54:43.074+0000] {processor.py:208} INFO - Processing /home/airflow/.local/lib/python3.12/site-packages/airflow/example_dags/example_branch_python_dop_operator_3.py took 0.156 seconds
[2025-04-04T15:55:14.134+0000] {processor.py:186} INFO - Started process (PID=1072) to work on /home/airflow/.local/lib/python3.12/site-packages/airflow/example_dags/example_branch_python_dop_operator_3.py
[2025-04-04T15:55:14.135+0000] {processor.py:914} INFO - Processing file /home/airflow/.local/lib/python3.12/site-packages/airflow/example_dags/example_branch_python_dop_operator_3.py for tasks to queue
[2025-04-04T15:55:14.139+0000] {logging_mixin.py:190} INFO - [2025-04-04T15:55:14.138+0000] {dagbag.py:588} INFO - Filling up the DagBag from /home/airflow/.local/lib/python3.12/site-packages/airflow/example_dags/example_branch_python_dop_operator_3.py
[2025-04-04T15:55:14.154+0000] {processor.py:925} INFO - DAG(s) 'example_branch_dop_operator_v3' retrieved from /home/airflow/.local/lib/python3.12/site-packages/airflow/example_dags/example_branch_python_dop_operator_3.py
[2025-04-04T15:55:14.183+0000] {logging_mixin.py:190} INFO - [2025-04-04T15:55:14.183+0000] {dag.py:3239} INFO - Sync 1 DAGs
[2025-04-04T15:55:14.222+0000] {logging_mixin.py:190} INFO - [2025-04-04T15:55:14.222+0000] {dag.py:4180} INFO - Setting next_dagrun for example_branch_dop_operator_v3 to 2025-04-04 15:54:00+00:00, run_after=2025-04-04 15:55:00+00:00
[2025-04-04T15:55:14.246+0000] {processor.py:208} INFO - Processing /home/airflow/.local/lib/python3.12/site-packages/airflow/example_dags/example_branch_python_dop_operator_3.py took 0.119 seconds
[2025-04-04T15:55:46.060+0000] {processor.py:186} INFO - Started process (PID=1142) to work on /home/airflow/.local/lib/python3.12/site-packages/airflow/example_dags/example_branch_python_dop_operator_3.py
[2025-04-04T15:55:46.061+0000] {processor.py:914} INFO - Processing file /home/airflow/.local/lib/python3.12/site-packages/airflow/example_dags/example_branch_python_dop_operator_3.py for tasks to queue
[2025-04-04T15:55:46.064+0000] {logging_mixin.py:190} INFO - [2025-04-04T15:55:46.063+0000] {dagbag.py:588} INFO - Filling up the DagBag from /home/airflow/.local/lib/python3.12/site-packages/airflow/example_dags/example_branch_python_dop_operator_3.py
[2025-04-04T15:55:46.081+0000] {processor.py:925} INFO - DAG(s) 'example_branch_dop_operator_v3' retrieved from /home/airflow/.local/lib/python3.12/site-packages/airflow/example_dags/example_branch_python_dop_operator_3.py
[2025-04-04T15:55:46.107+0000] {logging_mixin.py:190} INFO - [2025-04-04T15:55:46.107+0000] {dag.py:3239} INFO - Sync 1 DAGs
[2025-04-04T15:55:46.156+0000] {logging_mixin.py:190} INFO - [2025-04-04T15:55:46.155+0000] {dag.py:4180} INFO - Setting next_dagrun for example_branch_dop_operator_v3 to 2025-04-04 15:54:00+00:00, run_after=2025-04-04 15:55:00+00:00
[2025-04-04T15:55:46.187+0000] {processor.py:208} INFO - Processing /home/airflow/.local/lib/python3.12/site-packages/airflow/example_dags/example_branch_python_dop_operator_3.py took 0.135 seconds
[2025-04-04T15:56:17.562+0000] {processor.py:186} INFO - Started process (PID=1206) to work on /home/airflow/.local/lib/python3.12/site-packages/airflow/example_dags/example_branch_python_dop_operator_3.py
[2025-04-04T15:56:17.563+0000] {processor.py:914} INFO - Processing file /home/airflow/.local/lib/python3.12/site-packages/airflow/example_dags/example_branch_python_dop_operator_3.py for tasks to queue
[2025-04-04T15:56:17.566+0000] {logging_mixin.py:190} INFO - [2025-04-04T15:56:17.565+0000] {dagbag.py:588} INFO - Filling up the DagBag from /home/airflow/.local/lib/python3.12/site-packages/airflow/example_dags/example_branch_python_dop_operator_3.py
[2025-04-04T15:56:17.579+0000] {processor.py:925} INFO - DAG(s) 'example_branch_dop_operator_v3' retrieved from /home/airflow/.local/lib/python3.12/site-packages/airflow/example_dags/example_branch_python_dop_operator_3.py
[2025-04-04T15:56:17.606+0000] {logging_mixin.py:190} INFO - [2025-04-04T15:56:17.606+0000] {dag.py:3239} INFO - Sync 1 DAGs
[2025-04-04T15:56:17.648+0000] {logging_mixin.py:190} INFO - [2025-04-04T15:56:17.647+0000] {dag.py:4180} INFO - Setting next_dagrun for example_branch_dop_operator_v3 to 2025-04-04 15:55:00+00:00, run_after=2025-04-04 15:56:00+00:00
[2025-04-04T15:56:17.675+0000] {processor.py:208} INFO - Processing /home/airflow/.local/lib/python3.12/site-packages/airflow/example_dags/example_branch_python_dop_operator_3.py took 0.120 seconds
[2025-04-04T15:56:48.625+0000] {processor.py:186} INFO - Started process (PID=1270) to work on /home/airflow/.local/lib/python3.12/site-packages/airflow/example_dags/example_branch_python_dop_operator_3.py
[2025-04-04T15:56:48.626+0000] {processor.py:914} INFO - Processing file /home/airflow/.local/lib/python3.12/site-packages/airflow/example_dags/example_branch_python_dop_operator_3.py for tasks to queue
[2025-04-04T15:56:48.629+0000] {logging_mixin.py:190} INFO - [2025-04-04T15:56:48.628+0000] {dagbag.py:588} INFO - Filling up the DagBag from /home/airflow/.local/lib/python3.12/site-packages/airflow/example_dags/example_branch_python_dop_operator_3.py
[2025-04-04T15:56:48.642+0000] {processor.py:925} INFO - DAG(s) 'example_branch_dop_operator_v3' retrieved from /home/airflow/.local/lib/python3.12/site-packages/airflow/example_dags/example_branch_python_dop_operator_3.py
[2025-04-04T15:56:48.670+0000] {logging_mixin.py:190} INFO - [2025-04-04T15:56:48.670+0000] {dag.py:3239} INFO - Sync 1 DAGs
[2025-04-04T15:56:48.711+0000] {logging_mixin.py:190} INFO - [2025-04-04T15:56:48.710+0000] {dag.py:4180} INFO - Setting next_dagrun for example_branch_dop_operator_v3 to 2025-04-04 15:55:00+00:00, run_after=2025-04-04 15:56:00+00:00
[2025-04-04T15:56:48.743+0000] {processor.py:208} INFO - Processing /home/airflow/.local/lib/python3.12/site-packages/airflow/example_dags/example_branch_python_dop_operator_3.py took 0.127 seconds
[2025-04-04T15:57:19.585+0000] {processor.py:186} INFO - Started process (PID=1334) to work on /home/airflow/.local/lib/python3.12/site-packages/airflow/example_dags/example_branch_python_dop_operator_3.py
[2025-04-04T15:57:19.586+0000] {processor.py:914} INFO - Processing file /home/airflow/.local/lib/python3.12/site-packages/airflow/example_dags/example_branch_python_dop_operator_3.py for tasks to queue
[2025-04-04T15:57:19.589+0000] {logging_mixin.py:190} INFO - [2025-04-04T15:57:19.588+0000] {dagbag.py:588} INFO - Filling up the DagBag from /home/airflow/.local/lib/python3.12/site-packages/airflow/example_dags/example_branch_python_dop_operator_3.py
[2025-04-04T15:57:19.602+0000] {processor.py:925} INFO - DAG(s) 'example_branch_dop_operator_v3' retrieved from /home/airflow/.local/lib/python3.12/site-packages/airflow/example_dags/example_branch_python_dop_operator_3.py
[2025-04-04T15:57:19.633+0000] {logging_mixin.py:190} INFO - [2025-04-04T15:57:19.633+0000] {dag.py:3239} INFO - Sync 1 DAGs
[2025-04-04T15:57:19.687+0000] {logging_mixin.py:190} INFO - [2025-04-04T15:57:19.686+0000] {dag.py:4180} INFO - Setting next_dagrun for example_branch_dop_operator_v3 to 2025-04-04 15:56:00+00:00, run_after=2025-04-04 15:57:00+00:00
[2025-04-04T15:57:19.718+0000] {processor.py:208} INFO - Processing /home/airflow/.local/lib/python3.12/site-packages/airflow/example_dags/example_branch_python_dop_operator_3.py took 0.141 seconds
[2025-04-04T15:57:49.881+0000] {processor.py:186} INFO - Started process (PID=1397) to work on /home/airflow/.local/lib/python3.12/site-packages/airflow/example_dags/example_branch_python_dop_operator_3.py
[2025-04-04T15:57:49.883+0000] {processor.py:914} INFO - Processing file /home/airflow/.local/lib/python3.12/site-packages/airflow/example_dags/example_branch_python_dop_operator_3.py for tasks to queue
[2025-04-04T15:57:49.888+0000] {logging_mixin.py:190} INFO - [2025-04-04T15:57:49.888+0000] {dagbag.py:588} INFO - Filling up the DagBag from /home/airflow/.local/lib/python3.12/site-packages/airflow/example_dags/example_branch_python_dop_operator_3.py
[2025-04-04T15:57:49.909+0000] {processor.py:925} INFO - DAG(s) 'example_branch_dop_operator_v3' retrieved from /home/airflow/.local/lib/python3.12/site-packages/airflow/example_dags/example_branch_python_dop_operator_3.py
[2025-04-04T15:57:49.947+0000] {logging_mixin.py:190} INFO - [2025-04-04T15:57:49.946+0000] {dag.py:3239} INFO - Sync 1 DAGs
[2025-04-04T15:57:50.009+0000] {logging_mixin.py:190} INFO - [2025-04-04T15:57:50.008+0000] {dag.py:4180} INFO - Setting next_dagrun for example_branch_dop_operator_v3 to 2025-04-04 15:56:00+00:00, run_after=2025-04-04 15:57:00+00:00
[2025-04-04T15:57:50.058+0000] {processor.py:208} INFO - Processing /home/airflow/.local/lib/python3.12/site-packages/airflow/example_dags/example_branch_python_dop_operator_3.py took 0.187 seconds
[2025-04-04T15:58:20.686+0000] {processor.py:186} INFO - Started process (PID=1460) to work on /home/airflow/.local/lib/python3.12/site-packages/airflow/example_dags/example_branch_python_dop_operator_3.py
[2025-04-04T15:58:20.688+0000] {processor.py:914} INFO - Processing file /home/airflow/.local/lib/python3.12/site-packages/airflow/example_dags/example_branch_python_dop_operator_3.py for tasks to queue
[2025-04-04T15:58:20.691+0000] {logging_mixin.py:190} INFO - [2025-04-04T15:58:20.690+0000] {dagbag.py:588} INFO - Filling up the DagBag from /home/airflow/.local/lib/python3.12/site-packages/airflow/example_dags/example_branch_python_dop_operator_3.py
[2025-04-04T15:58:20.706+0000] {processor.py:925} INFO - DAG(s) 'example_branch_dop_operator_v3' retrieved from /home/airflow/.local/lib/python3.12/site-packages/airflow/example_dags/example_branch_python_dop_operator_3.py
[2025-04-04T15:58:20.729+0000] {logging_mixin.py:190} INFO - [2025-04-04T15:58:20.729+0000] {dag.py:3239} INFO - Sync 1 DAGs
[2025-04-04T15:58:20.785+0000] {logging_mixin.py:190} INFO - [2025-04-04T15:58:20.784+0000] {dag.py:4180} INFO - Setting next_dagrun for example_branch_dop_operator_v3 to 2025-04-04 15:57:00+00:00, run_after=2025-04-04 15:58:00+00:00
[2025-04-04T15:58:20.821+0000] {processor.py:208} INFO - Processing /home/airflow/.local/lib/python3.12/site-packages/airflow/example_dags/example_branch_python_dop_operator_3.py took 0.144 seconds
[2025-04-04T16:00:56.600+0000] {processor.py:186} INFO - Started process (PID=111) to work on /home/airflow/.local/lib/python3.12/site-packages/airflow/example_dags/example_branch_python_dop_operator_3.py
[2025-04-04T16:00:56.602+0000] {processor.py:914} INFO - Processing file /home/airflow/.local/lib/python3.12/site-packages/airflow/example_dags/example_branch_python_dop_operator_3.py for tasks to queue
[2025-04-04T16:00:56.605+0000] {logging_mixin.py:190} INFO - [2025-04-04T16:00:56.605+0000] {dagbag.py:588} INFO - Filling up the DagBag from /home/airflow/.local/lib/python3.12/site-packages/airflow/example_dags/example_branch_python_dop_operator_3.py
[2025-04-04T16:00:56.622+0000] {processor.py:925} INFO - DAG(s) 'example_branch_dop_operator_v3' retrieved from /home/airflow/.local/lib/python3.12/site-packages/airflow/example_dags/example_branch_python_dop_operator_3.py
[2025-04-04T16:00:56.647+0000] {logging_mixin.py:190} INFO - [2025-04-04T16:00:56.647+0000] {dag.py:3239} INFO - Sync 1 DAGs
[2025-04-04T16:00:56.691+0000] {logging_mixin.py:190} INFO - [2025-04-04T16:00:56.691+0000] {dag.py:4180} INFO - Setting next_dagrun for example_branch_dop_operator_v3 to 2025-04-04 15:59:00+00:00, run_after=2025-04-04 16:00:00+00:00
[2025-04-04T16:00:56.714+0000] {processor.py:208} INFO - Processing /home/airflow/.local/lib/python3.12/site-packages/airflow/example_dags/example_branch_python_dop_operator_3.py took 0.124 seconds
[2025-04-04T16:01:27.026+0000] {processor.py:186} INFO - Started process (PID=175) to work on /home/airflow/.local/lib/python3.12/site-packages/airflow/example_dags/example_branch_python_dop_operator_3.py
[2025-04-04T16:01:27.027+0000] {processor.py:914} INFO - Processing file /home/airflow/.local/lib/python3.12/site-packages/airflow/example_dags/example_branch_python_dop_operator_3.py for tasks to queue
[2025-04-04T16:01:27.030+0000] {logging_mixin.py:190} INFO - [2025-04-04T16:01:27.029+0000] {dagbag.py:588} INFO - Filling up the DagBag from /home/airflow/.local/lib/python3.12/site-packages/airflow/example_dags/example_branch_python_dop_operator_3.py
[2025-04-04T16:01:27.044+0000] {processor.py:925} INFO - DAG(s) 'example_branch_dop_operator_v3' retrieved from /home/airflow/.local/lib/python3.12/site-packages/airflow/example_dags/example_branch_python_dop_operator_3.py
[2025-04-04T16:01:27.068+0000] {logging_mixin.py:190} INFO - [2025-04-04T16:01:27.068+0000] {dag.py:3239} INFO - Sync 1 DAGs
[2025-04-04T16:01:27.104+0000] {logging_mixin.py:190} INFO - [2025-04-04T16:01:27.103+0000] {dag.py:4180} INFO - Setting next_dagrun for example_branch_dop_operator_v3 to 2025-04-04 16:00:00+00:00, run_after=2025-04-04 16:01:00+00:00
[2025-04-04T16:01:27.126+0000] {processor.py:208} INFO - Processing /home/airflow/.local/lib/python3.12/site-packages/airflow/example_dags/example_branch_python_dop_operator_3.py took 0.109 seconds
[2025-04-04T16:01:57.913+0000] {processor.py:186} INFO - Started process (PID=239) to work on /home/airflow/.local/lib/python3.12/site-packages/airflow/example_dags/example_branch_python_dop_operator_3.py
[2025-04-04T16:01:57.914+0000] {processor.py:914} INFO - Processing file /home/airflow/.local/lib/python3.12/site-packages/airflow/example_dags/example_branch_python_dop_operator_3.py for tasks to queue
[2025-04-04T16:01:57.918+0000] {logging_mixin.py:190} INFO - [2025-04-04T16:01:57.917+0000] {dagbag.py:588} INFO - Filling up the DagBag from /home/airflow/.local/lib/python3.12/site-packages/airflow/example_dags/example_branch_python_dop_operator_3.py
[2025-04-04T16:01:57.931+0000] {processor.py:925} INFO - DAG(s) 'example_branch_dop_operator_v3' retrieved from /home/airflow/.local/lib/python3.12/site-packages/airflow/example_dags/example_branch_python_dop_operator_3.py
[2025-04-04T16:01:57.957+0000] {logging_mixin.py:190} INFO - [2025-04-04T16:01:57.957+0000] {dag.py:3239} INFO - Sync 1 DAGs
[2025-04-04T16:01:58.000+0000] {logging_mixin.py:190} INFO - [2025-04-04T16:01:58.000+0000] {dag.py:4180} INFO - Setting next_dagrun for example_branch_dop_operator_v3 to 2025-04-04 16:00:00+00:00, run_after=2025-04-04 16:01:00+00:00
[2025-04-04T16:01:58.027+0000] {processor.py:208} INFO - Processing /home/airflow/.local/lib/python3.12/site-packages/airflow/example_dags/example_branch_python_dop_operator_3.py took 0.125 seconds
[2025-04-04T16:02:30.299+0000] {processor.py:186} INFO - Started process (PID=309) to work on /home/airflow/.local/lib/python3.12/site-packages/airflow/example_dags/example_branch_python_dop_operator_3.py
[2025-04-04T16:02:30.300+0000] {processor.py:914} INFO - Processing file /home/airflow/.local/lib/python3.12/site-packages/airflow/example_dags/example_branch_python_dop_operator_3.py for tasks to queue
[2025-04-04T16:02:30.302+0000] {logging_mixin.py:190} INFO - [2025-04-04T16:02:30.302+0000] {dagbag.py:588} INFO - Filling up the DagBag from /home/airflow/.local/lib/python3.12/site-packages/airflow/example_dags/example_branch_python_dop_operator_3.py
[2025-04-04T16:02:30.316+0000] {processor.py:925} INFO - DAG(s) 'example_branch_dop_operator_v3' retrieved from /home/airflow/.local/lib/python3.12/site-packages/airflow/example_dags/example_branch_python_dop_operator_3.py
[2025-04-04T16:02:30.343+0000] {logging_mixin.py:190} INFO - [2025-04-04T16:02:30.343+0000] {dag.py:3239} INFO - Sync 1 DAGs
[2025-04-04T16:02:30.386+0000] {logging_mixin.py:190} INFO - [2025-04-04T16:02:30.385+0000] {dag.py:4180} INFO - Setting next_dagrun for example_branch_dop_operator_v3 to 2025-04-04 16:01:00+00:00, run_after=2025-04-04 16:02:00+00:00
[2025-04-04T16:02:30.409+0000] {processor.py:208} INFO - Processing /home/airflow/.local/lib/python3.12/site-packages/airflow/example_dags/example_branch_python_dop_operator_3.py took 0.118 seconds
