[2025-04-04T15:44:20.096+0000] {processor.py:186} INFO - Started process (PID=107) to work on /home/airflow/.local/lib/python3.12/site-packages/airflow/example_dags/example_display_name.py
[2025-04-04T15:44:20.098+0000] {processor.py:914} INFO - Processing file /home/airflow/.local/lib/python3.12/site-packages/airflow/example_dags/example_display_name.py for tasks to queue
[2025-04-04T15:44:20.103+0000] {logging_mixin.py:190} INFO - [2025-04-04T15:44:20.102+0000] {dagbag.py:588} INFO - Filling up the DagBag from /home/airflow/.local/lib/python3.12/site-packages/airflow/example_dags/example_display_name.py
[2025-04-04T15:44:20.117+0000] {processor.py:925} INFO - DAG(s) 'example_display_name' retrieved from /home/airflow/.local/lib/python3.12/site-packages/airflow/example_dags/example_display_name.py
[2025-04-04T15:44:20.359+0000] {logging_mixin.py:190} INFO - [2025-04-04T15:44:20.356+0000] {override.py:1912} INFO - Created Permission View: can edit on DAG:example_display_name
[2025-04-04T15:44:20.382+0000] {logging_mixin.py:190} INFO - [2025-04-04T15:44:20.382+0000] {override.py:1912} INFO - Created Permission View: can read on DAG:example_display_name
[2025-04-04T15:44:20.394+0000] {logging_mixin.py:190} INFO - [2025-04-04T15:44:20.393+0000] {override.py:1912} INFO - Created Permission View: can delete on DAG:example_display_name
[2025-04-04T15:44:20.405+0000] {logging_mixin.py:190} INFO - [2025-04-04T15:44:20.404+0000] {override.py:1912} INFO - Created Permission View: menu access on DAG Run:example_display_name
[2025-04-04T15:44:20.420+0000] {logging_mixin.py:190} INFO - [2025-04-04T15:44:20.419+0000] {override.py:1912} INFO - Created Permission View: can read on DAG Run:example_display_name
[2025-04-04T15:44:20.431+0000] {logging_mixin.py:190} INFO - [2025-04-04T15:44:20.431+0000] {override.py:1912} INFO - Created Permission View: can create on DAG Run:example_display_name
[2025-04-04T15:44:20.443+0000] {logging_mixin.py:190} INFO - [2025-04-04T15:44:20.443+0000] {override.py:1912} INFO - Created Permission View: can delete on DAG Run:example_display_name
[2025-04-04T15:44:20.444+0000] {logging_mixin.py:190} INFO - [2025-04-04T15:44:20.444+0000] {dag.py:3239} INFO - Sync 1 DAGs
[2025-04-04T15:44:20.470+0000] {logging_mixin.py:190} INFO - [2025-04-04T15:44:20.470+0000] {dag.py:3262} INFO - Creating ORM DAG for example_display_name
[2025-04-04T15:44:20.472+0000] {logging_mixin.py:190} INFO - [2025-04-04T15:44:20.471+0000] {dag.py:4180} INFO - Setting next_dagrun for example_display_name to None, run_after=None
[2025-04-04T15:44:20.501+0000] {processor.py:208} INFO - Processing /home/airflow/.local/lib/python3.12/site-packages/airflow/example_dags/example_display_name.py took 0.414 seconds
[2025-04-04T15:44:50.927+0000] {processor.py:186} INFO - Started process (PID=170) to work on /home/airflow/.local/lib/python3.12/site-packages/airflow/example_dags/example_display_name.py
[2025-04-04T15:44:50.929+0000] {processor.py:914} INFO - Processing file /home/airflow/.local/lib/python3.12/site-packages/airflow/example_dags/example_display_name.py for tasks to queue
[2025-04-04T15:44:50.934+0000] {logging_mixin.py:190} INFO - [2025-04-04T15:44:50.933+0000] {dagbag.py:588} INFO - Filling up the DagBag from /home/airflow/.local/lib/python3.12/site-packages/airflow/example_dags/example_display_name.py
[2025-04-04T15:44:50.949+0000] {processor.py:925} INFO - DAG(s) 'example_display_name' retrieved from /home/airflow/.local/lib/python3.12/site-packages/airflow/example_dags/example_display_name.py
[2025-04-04T15:44:50.989+0000] {logging_mixin.py:190} INFO - [2025-04-04T15:44:50.989+0000] {dag.py:3239} INFO - Sync 1 DAGs
[2025-04-04T15:44:51.011+0000] {logging_mixin.py:190} INFO - [2025-04-04T15:44:51.011+0000] {dag.py:4180} INFO - Setting next_dagrun for example_display_name to None, run_after=None
[2025-04-04T15:44:51.046+0000] {processor.py:208} INFO - Processing /home/airflow/.local/lib/python3.12/site-packages/airflow/example_dags/example_display_name.py took 0.129 seconds
[2025-04-04T15:45:21.851+0000] {processor.py:186} INFO - Started process (PID=232) to work on /home/airflow/.local/lib/python3.12/site-packages/airflow/example_dags/example_display_name.py
[2025-04-04T15:45:21.852+0000] {processor.py:914} INFO - Processing file /home/airflow/.local/lib/python3.12/site-packages/airflow/example_dags/example_display_name.py for tasks to queue
[2025-04-04T15:45:21.857+0000] {logging_mixin.py:190} INFO - [2025-04-04T15:45:21.856+0000] {dagbag.py:588} INFO - Filling up the DagBag from /home/airflow/.local/lib/python3.12/site-packages/airflow/example_dags/example_display_name.py
[2025-04-04T15:45:21.873+0000] {processor.py:925} INFO - DAG(s) 'example_display_name' retrieved from /home/airflow/.local/lib/python3.12/site-packages/airflow/example_dags/example_display_name.py
[2025-04-04T15:45:21.908+0000] {logging_mixin.py:190} INFO - [2025-04-04T15:45:21.908+0000] {dag.py:3239} INFO - Sync 1 DAGs
[2025-04-04T15:45:21.938+0000] {logging_mixin.py:190} INFO - [2025-04-04T15:45:21.938+0000] {dag.py:4180} INFO - Setting next_dagrun for example_display_name to None, run_after=None
[2025-04-04T15:45:21.968+0000] {processor.py:208} INFO - Processing /home/airflow/.local/lib/python3.12/site-packages/airflow/example_dags/example_display_name.py took 0.128 seconds
[2025-04-04T15:45:54.699+0000] {processor.py:186} INFO - Started process (PID=295) to work on /home/airflow/.local/lib/python3.12/site-packages/airflow/example_dags/example_display_name.py
[2025-04-04T15:45:54.705+0000] {processor.py:914} INFO - Processing file /home/airflow/.local/lib/python3.12/site-packages/airflow/example_dags/example_display_name.py for tasks to queue
[2025-04-04T15:45:54.714+0000] {logging_mixin.py:190} INFO - [2025-04-04T15:45:54.712+0000] {dagbag.py:588} INFO - Filling up the DagBag from /home/airflow/.local/lib/python3.12/site-packages/airflow/example_dags/example_display_name.py
[2025-04-04T15:45:54.751+0000] {processor.py:925} INFO - DAG(s) 'example_display_name' retrieved from /home/airflow/.local/lib/python3.12/site-packages/airflow/example_dags/example_display_name.py
[2025-04-04T15:45:54.839+0000] {logging_mixin.py:190} INFO - [2025-04-04T15:45:54.839+0000] {dag.py:3239} INFO - Sync 1 DAGs
[2025-04-04T15:45:54.895+0000] {logging_mixin.py:190} INFO - [2025-04-04T15:45:54.895+0000] {dag.py:4180} INFO - Setting next_dagrun for example_display_name to None, run_after=None
[2025-04-04T15:45:54.939+0000] {processor.py:208} INFO - Processing /home/airflow/.local/lib/python3.12/site-packages/airflow/example_dags/example_display_name.py took 0.252 seconds
[2025-04-04T15:47:23.508+0000] {processor.py:186} INFO - Started process (PID=101) to work on /home/airflow/.local/lib/python3.12/site-packages/airflow/example_dags/example_display_name.py
[2025-04-04T15:47:23.510+0000] {processor.py:914} INFO - Processing file /home/airflow/.local/lib/python3.12/site-packages/airflow/example_dags/example_display_name.py for tasks to queue
[2025-04-04T15:47:23.514+0000] {logging_mixin.py:190} INFO - [2025-04-04T15:47:23.513+0000] {dagbag.py:588} INFO - Filling up the DagBag from /home/airflow/.local/lib/python3.12/site-packages/airflow/example_dags/example_display_name.py
[2025-04-04T15:47:23.529+0000] {processor.py:925} INFO - DAG(s) 'example_display_name' retrieved from /home/airflow/.local/lib/python3.12/site-packages/airflow/example_dags/example_display_name.py
[2025-04-04T15:47:23.566+0000] {logging_mixin.py:190} INFO - [2025-04-04T15:47:23.566+0000] {dag.py:3239} INFO - Sync 1 DAGs
[2025-04-04T15:47:23.638+0000] {logging_mixin.py:190} INFO - [2025-04-04T15:47:23.637+0000] {dag.py:4180} INFO - Setting next_dagrun for example_display_name to None, run_after=None
[2025-04-04T15:47:23.708+0000] {processor.py:208} INFO - Processing /home/airflow/.local/lib/python3.12/site-packages/airflow/example_dags/example_display_name.py took 0.210 seconds
[2025-04-04T15:47:53.818+0000] {processor.py:186} INFO - Started process (PID=164) to work on /home/airflow/.local/lib/python3.12/site-packages/airflow/example_dags/example_display_name.py
[2025-04-04T15:47:53.819+0000] {processor.py:914} INFO - Processing file /home/airflow/.local/lib/python3.12/site-packages/airflow/example_dags/example_display_name.py for tasks to queue
[2025-04-04T15:47:53.824+0000] {logging_mixin.py:190} INFO - [2025-04-04T15:47:53.823+0000] {dagbag.py:588} INFO - Filling up the DagBag from /home/airflow/.local/lib/python3.12/site-packages/airflow/example_dags/example_display_name.py
[2025-04-04T15:47:53.837+0000] {processor.py:925} INFO - DAG(s) 'example_display_name' retrieved from /home/airflow/.local/lib/python3.12/site-packages/airflow/example_dags/example_display_name.py
[2025-04-04T15:47:53.864+0000] {logging_mixin.py:190} INFO - [2025-04-04T15:47:53.863+0000] {dag.py:3239} INFO - Sync 1 DAGs
[2025-04-04T15:47:53.885+0000] {logging_mixin.py:190} INFO - [2025-04-04T15:47:53.884+0000] {dag.py:4180} INFO - Setting next_dagrun for example_display_name to None, run_after=None
[2025-04-04T15:47:53.916+0000] {processor.py:208} INFO - Processing /home/airflow/.local/lib/python3.12/site-packages/airflow/example_dags/example_display_name.py took 0.107 seconds
[2025-04-04T15:48:24.039+0000] {processor.py:186} INFO - Started process (PID=227) to work on /home/airflow/.local/lib/python3.12/site-packages/airflow/example_dags/example_display_name.py
[2025-04-04T15:48:24.041+0000] {processor.py:914} INFO - Processing file /home/airflow/.local/lib/python3.12/site-packages/airflow/example_dags/example_display_name.py for tasks to queue
[2025-04-04T15:48:24.045+0000] {logging_mixin.py:190} INFO - [2025-04-04T15:48:24.044+0000] {dagbag.py:588} INFO - Filling up the DagBag from /home/airflow/.local/lib/python3.12/site-packages/airflow/example_dags/example_display_name.py
[2025-04-04T15:48:24.060+0000] {processor.py:925} INFO - DAG(s) 'example_display_name' retrieved from /home/airflow/.local/lib/python3.12/site-packages/airflow/example_dags/example_display_name.py
[2025-04-04T15:48:24.089+0000] {logging_mixin.py:190} INFO - [2025-04-04T15:48:24.088+0000] {dag.py:3239} INFO - Sync 1 DAGs
[2025-04-04T15:48:24.110+0000] {logging_mixin.py:190} INFO - [2025-04-04T15:48:24.110+0000] {dag.py:4180} INFO - Setting next_dagrun for example_display_name to None, run_after=None
[2025-04-04T15:48:24.137+0000] {processor.py:208} INFO - Processing /home/airflow/.local/lib/python3.12/site-packages/airflow/example_dags/example_display_name.py took 0.110 seconds
[2025-04-04T15:48:54.648+0000] {processor.py:186} INFO - Started process (PID=290) to work on /home/airflow/.local/lib/python3.12/site-packages/airflow/example_dags/example_display_name.py
[2025-04-04T15:48:54.650+0000] {processor.py:914} INFO - Processing file /home/airflow/.local/lib/python3.12/site-packages/airflow/example_dags/example_display_name.py for tasks to queue
[2025-04-04T15:48:54.654+0000] {logging_mixin.py:190} INFO - [2025-04-04T15:48:54.653+0000] {dagbag.py:588} INFO - Filling up the DagBag from /home/airflow/.local/lib/python3.12/site-packages/airflow/example_dags/example_display_name.py
[2025-04-04T15:48:54.669+0000] {processor.py:925} INFO - DAG(s) 'example_display_name' retrieved from /home/airflow/.local/lib/python3.12/site-packages/airflow/example_dags/example_display_name.py
[2025-04-04T15:48:54.709+0000] {logging_mixin.py:190} INFO - [2025-04-04T15:48:54.709+0000] {dag.py:3239} INFO - Sync 1 DAGs
[2025-04-04T15:48:54.741+0000] {logging_mixin.py:190} INFO - [2025-04-04T15:48:54.740+0000] {dag.py:4180} INFO - Setting next_dagrun for example_display_name to None, run_after=None
[2025-04-04T15:48:54.777+0000] {processor.py:208} INFO - Processing /home/airflow/.local/lib/python3.12/site-packages/airflow/example_dags/example_display_name.py took 0.141 seconds
[2025-04-04T15:49:25.584+0000] {processor.py:186} INFO - Started process (PID=354) to work on /home/airflow/.local/lib/python3.12/site-packages/airflow/example_dags/example_display_name.py
[2025-04-04T15:49:25.585+0000] {processor.py:914} INFO - Processing file /home/airflow/.local/lib/python3.12/site-packages/airflow/example_dags/example_display_name.py for tasks to queue
[2025-04-04T15:49:25.588+0000] {logging_mixin.py:190} INFO - [2025-04-04T15:49:25.588+0000] {dagbag.py:588} INFO - Filling up the DagBag from /home/airflow/.local/lib/python3.12/site-packages/airflow/example_dags/example_display_name.py
[2025-04-04T15:49:25.598+0000] {processor.py:925} INFO - DAG(s) 'example_display_name' retrieved from /home/airflow/.local/lib/python3.12/site-packages/airflow/example_dags/example_display_name.py
[2025-04-04T15:49:25.623+0000] {logging_mixin.py:190} INFO - [2025-04-04T15:49:25.623+0000] {dag.py:3239} INFO - Sync 1 DAGs
[2025-04-04T15:49:25.640+0000] {logging_mixin.py:190} INFO - [2025-04-04T15:49:25.640+0000] {dag.py:4180} INFO - Setting next_dagrun for example_display_name to None, run_after=None
[2025-04-04T15:49:25.664+0000] {processor.py:208} INFO - Processing /home/airflow/.local/lib/python3.12/site-packages/airflow/example_dags/example_display_name.py took 0.087 seconds
[2025-04-04T15:49:55.887+0000] {processor.py:186} INFO - Started process (PID=418) to work on /home/airflow/.local/lib/python3.12/site-packages/airflow/example_dags/example_display_name.py
[2025-04-04T15:49:55.888+0000] {processor.py:914} INFO - Processing file /home/airflow/.local/lib/python3.12/site-packages/airflow/example_dags/example_display_name.py for tasks to queue
[2025-04-04T15:49:55.891+0000] {logging_mixin.py:190} INFO - [2025-04-04T15:49:55.890+0000] {dagbag.py:588} INFO - Filling up the DagBag from /home/airflow/.local/lib/python3.12/site-packages/airflow/example_dags/example_display_name.py
[2025-04-04T15:49:55.900+0000] {processor.py:925} INFO - DAG(s) 'example_display_name' retrieved from /home/airflow/.local/lib/python3.12/site-packages/airflow/example_dags/example_display_name.py
[2025-04-04T15:49:55.922+0000] {logging_mixin.py:190} INFO - [2025-04-04T15:49:55.922+0000] {dag.py:3239} INFO - Sync 1 DAGs
[2025-04-04T15:49:55.940+0000] {logging_mixin.py:190} INFO - [2025-04-04T15:49:55.940+0000] {dag.py:4180} INFO - Setting next_dagrun for example_display_name to None, run_after=None
[2025-04-04T15:49:55.962+0000] {processor.py:208} INFO - Processing /home/airflow/.local/lib/python3.12/site-packages/airflow/example_dags/example_display_name.py took 0.081 seconds
[2025-04-04T15:50:26.088+0000] {processor.py:186} INFO - Started process (PID=481) to work on /home/airflow/.local/lib/python3.12/site-packages/airflow/example_dags/example_display_name.py
[2025-04-04T15:50:26.089+0000] {processor.py:914} INFO - Processing file /home/airflow/.local/lib/python3.12/site-packages/airflow/example_dags/example_display_name.py for tasks to queue
[2025-04-04T15:50:26.091+0000] {logging_mixin.py:190} INFO - [2025-04-04T15:50:26.091+0000] {dagbag.py:588} INFO - Filling up the DagBag from /home/airflow/.local/lib/python3.12/site-packages/airflow/example_dags/example_display_name.py
[2025-04-04T15:50:26.100+0000] {processor.py:925} INFO - DAG(s) 'example_display_name' retrieved from /home/airflow/.local/lib/python3.12/site-packages/airflow/example_dags/example_display_name.py
[2025-04-04T15:50:26.123+0000] {logging_mixin.py:190} INFO - [2025-04-04T15:50:26.123+0000] {dag.py:3239} INFO - Sync 1 DAGs
[2025-04-04T15:50:26.142+0000] {logging_mixin.py:190} INFO - [2025-04-04T15:50:26.141+0000] {dag.py:4180} INFO - Setting next_dagrun for example_display_name to None, run_after=None
[2025-04-04T15:50:26.169+0000] {processor.py:208} INFO - Processing /home/airflow/.local/lib/python3.12/site-packages/airflow/example_dags/example_display_name.py took 0.088 seconds
[2025-04-04T15:50:56.370+0000] {processor.py:186} INFO - Started process (PID=545) to work on /home/airflow/.local/lib/python3.12/site-packages/airflow/example_dags/example_display_name.py
[2025-04-04T15:50:56.372+0000] {processor.py:914} INFO - Processing file /home/airflow/.local/lib/python3.12/site-packages/airflow/example_dags/example_display_name.py for tasks to queue
[2025-04-04T15:50:56.375+0000] {logging_mixin.py:190} INFO - [2025-04-04T15:50:56.374+0000] {dagbag.py:588} INFO - Filling up the DagBag from /home/airflow/.local/lib/python3.12/site-packages/airflow/example_dags/example_display_name.py
[2025-04-04T15:50:56.384+0000] {processor.py:925} INFO - DAG(s) 'example_display_name' retrieved from /home/airflow/.local/lib/python3.12/site-packages/airflow/example_dags/example_display_name.py
[2025-04-04T15:50:56.409+0000] {logging_mixin.py:190} INFO - [2025-04-04T15:50:56.409+0000] {dag.py:3239} INFO - Sync 1 DAGs
[2025-04-04T15:50:56.429+0000] {logging_mixin.py:190} INFO - [2025-04-04T15:50:56.428+0000] {dag.py:4180} INFO - Setting next_dagrun for example_display_name to None, run_after=None
[2025-04-04T15:50:56.451+0000] {processor.py:208} INFO - Processing /home/airflow/.local/lib/python3.12/site-packages/airflow/example_dags/example_display_name.py took 0.091 seconds
[2025-04-04T15:51:27.340+0000] {processor.py:186} INFO - Started process (PID=609) to work on /home/airflow/.local/lib/python3.12/site-packages/airflow/example_dags/example_display_name.py
[2025-04-04T15:51:27.341+0000] {processor.py:914} INFO - Processing file /home/airflow/.local/lib/python3.12/site-packages/airflow/example_dags/example_display_name.py for tasks to queue
[2025-04-04T15:51:27.344+0000] {logging_mixin.py:190} INFO - [2025-04-04T15:51:27.343+0000] {dagbag.py:588} INFO - Filling up the DagBag from /home/airflow/.local/lib/python3.12/site-packages/airflow/example_dags/example_display_name.py
[2025-04-04T15:51:27.354+0000] {processor.py:925} INFO - DAG(s) 'example_display_name' retrieved from /home/airflow/.local/lib/python3.12/site-packages/airflow/example_dags/example_display_name.py
[2025-04-04T15:51:27.380+0000] {logging_mixin.py:190} INFO - [2025-04-04T15:51:27.380+0000] {dag.py:3239} INFO - Sync 1 DAGs
[2025-04-04T15:51:27.404+0000] {logging_mixin.py:190} INFO - [2025-04-04T15:51:27.403+0000] {dag.py:4180} INFO - Setting next_dagrun for example_display_name to None, run_after=None
[2025-04-04T15:51:27.428+0000] {processor.py:208} INFO - Processing /home/airflow/.local/lib/python3.12/site-packages/airflow/example_dags/example_display_name.py took 0.097 seconds
[2025-04-04T15:51:57.666+0000] {processor.py:186} INFO - Started process (PID=673) to work on /home/airflow/.local/lib/python3.12/site-packages/airflow/example_dags/example_display_name.py
[2025-04-04T15:51:57.667+0000] {processor.py:914} INFO - Processing file /home/airflow/.local/lib/python3.12/site-packages/airflow/example_dags/example_display_name.py for tasks to queue
[2025-04-04T15:51:57.670+0000] {logging_mixin.py:190} INFO - [2025-04-04T15:51:57.669+0000] {dagbag.py:588} INFO - Filling up the DagBag from /home/airflow/.local/lib/python3.12/site-packages/airflow/example_dags/example_display_name.py
[2025-04-04T15:51:57.680+0000] {processor.py:925} INFO - DAG(s) 'example_display_name' retrieved from /home/airflow/.local/lib/python3.12/site-packages/airflow/example_dags/example_display_name.py
[2025-04-04T15:51:57.702+0000] {logging_mixin.py:190} INFO - [2025-04-04T15:51:57.702+0000] {dag.py:3239} INFO - Sync 1 DAGs
[2025-04-04T15:51:57.721+0000] {logging_mixin.py:190} INFO - [2025-04-04T15:51:57.721+0000] {dag.py:4180} INFO - Setting next_dagrun for example_display_name to None, run_after=None
[2025-04-04T15:51:57.745+0000] {processor.py:208} INFO - Processing /home/airflow/.local/lib/python3.12/site-packages/airflow/example_dags/example_display_name.py took 0.088 seconds
[2025-04-04T15:52:28.634+0000] {processor.py:186} INFO - Started process (PID=737) to work on /home/airflow/.local/lib/python3.12/site-packages/airflow/example_dags/example_display_name.py
[2025-04-04T15:52:28.635+0000] {processor.py:914} INFO - Processing file /home/airflow/.local/lib/python3.12/site-packages/airflow/example_dags/example_display_name.py for tasks to queue
[2025-04-04T15:52:28.638+0000] {logging_mixin.py:190} INFO - [2025-04-04T15:52:28.638+0000] {dagbag.py:588} INFO - Filling up the DagBag from /home/airflow/.local/lib/python3.12/site-packages/airflow/example_dags/example_display_name.py
[2025-04-04T15:52:28.647+0000] {processor.py:925} INFO - DAG(s) 'example_display_name' retrieved from /home/airflow/.local/lib/python3.12/site-packages/airflow/example_dags/example_display_name.py
[2025-04-04T15:52:28.674+0000] {logging_mixin.py:190} INFO - [2025-04-04T15:52:28.674+0000] {dag.py:3239} INFO - Sync 1 DAGs
[2025-04-04T15:52:28.693+0000] {logging_mixin.py:190} INFO - [2025-04-04T15:52:28.693+0000] {dag.py:4180} INFO - Setting next_dagrun for example_display_name to None, run_after=None
[2025-04-04T15:52:28.718+0000] {processor.py:208} INFO - Processing /home/airflow/.local/lib/python3.12/site-packages/airflow/example_dags/example_display_name.py took 0.091 seconds
[2025-04-04T15:52:59.895+0000] {processor.py:186} INFO - Started process (PID=801) to work on /home/airflow/.local/lib/python3.12/site-packages/airflow/example_dags/example_display_name.py
[2025-04-04T15:52:59.896+0000] {processor.py:914} INFO - Processing file /home/airflow/.local/lib/python3.12/site-packages/airflow/example_dags/example_display_name.py for tasks to queue
[2025-04-04T15:52:59.903+0000] {logging_mixin.py:190} INFO - [2025-04-04T15:52:59.903+0000] {dagbag.py:588} INFO - Filling up the DagBag from /home/airflow/.local/lib/python3.12/site-packages/airflow/example_dags/example_display_name.py
[2025-04-04T15:52:59.920+0000] {processor.py:925} INFO - DAG(s) 'example_display_name' retrieved from /home/airflow/.local/lib/python3.12/site-packages/airflow/example_dags/example_display_name.py
[2025-04-04T15:52:59.969+0000] {logging_mixin.py:190} INFO - [2025-04-04T15:52:59.968+0000] {dag.py:3239} INFO - Sync 1 DAGs
[2025-04-04T15:53:00.004+0000] {logging_mixin.py:190} INFO - [2025-04-04T15:53:00.004+0000] {dag.py:4180} INFO - Setting next_dagrun for example_display_name to None, run_after=None
[2025-04-04T15:53:00.055+0000] {processor.py:208} INFO - Processing /home/airflow/.local/lib/python3.12/site-packages/airflow/example_dags/example_display_name.py took 0.174 seconds
[2025-04-04T15:53:30.190+0000] {processor.py:186} INFO - Started process (PID=865) to work on /home/airflow/.local/lib/python3.12/site-packages/airflow/example_dags/example_display_name.py
[2025-04-04T15:53:30.191+0000] {processor.py:914} INFO - Processing file /home/airflow/.local/lib/python3.12/site-packages/airflow/example_dags/example_display_name.py for tasks to queue
[2025-04-04T15:53:30.195+0000] {logging_mixin.py:190} INFO - [2025-04-04T15:53:30.194+0000] {dagbag.py:588} INFO - Filling up the DagBag from /home/airflow/.local/lib/python3.12/site-packages/airflow/example_dags/example_display_name.py
[2025-04-04T15:53:30.207+0000] {processor.py:925} INFO - DAG(s) 'example_display_name' retrieved from /home/airflow/.local/lib/python3.12/site-packages/airflow/example_dags/example_display_name.py
[2025-04-04T15:53:30.239+0000] {logging_mixin.py:190} INFO - [2025-04-04T15:53:30.238+0000] {dag.py:3239} INFO - Sync 1 DAGs
[2025-04-04T15:53:30.266+0000] {logging_mixin.py:190} INFO - [2025-04-04T15:53:30.265+0000] {dag.py:4180} INFO - Setting next_dagrun for example_display_name to None, run_after=None
[2025-04-04T15:53:30.298+0000] {processor.py:208} INFO - Processing /home/airflow/.local/lib/python3.12/site-packages/airflow/example_dags/example_display_name.py took 0.115 seconds
[2025-04-04T15:54:00.890+0000] {processor.py:186} INFO - Started process (PID=929) to work on /home/airflow/.local/lib/python3.12/site-packages/airflow/example_dags/example_display_name.py
[2025-04-04T15:54:00.892+0000] {processor.py:914} INFO - Processing file /home/airflow/.local/lib/python3.12/site-packages/airflow/example_dags/example_display_name.py for tasks to queue
[2025-04-04T15:54:00.895+0000] {logging_mixin.py:190} INFO - [2025-04-04T15:54:00.894+0000] {dagbag.py:588} INFO - Filling up the DagBag from /home/airflow/.local/lib/python3.12/site-packages/airflow/example_dags/example_display_name.py
[2025-04-04T15:54:00.905+0000] {processor.py:925} INFO - DAG(s) 'example_display_name' retrieved from /home/airflow/.local/lib/python3.12/site-packages/airflow/example_dags/example_display_name.py
[2025-04-04T15:54:00.932+0000] {logging_mixin.py:190} INFO - [2025-04-04T15:54:00.932+0000] {dag.py:3239} INFO - Sync 1 DAGs
[2025-04-04T15:54:00.954+0000] {logging_mixin.py:190} INFO - [2025-04-04T15:54:00.953+0000] {dag.py:4180} INFO - Setting next_dagrun for example_display_name to None, run_after=None
[2025-04-04T15:54:00.981+0000] {processor.py:208} INFO - Processing /home/airflow/.local/lib/python3.12/site-packages/airflow/example_dags/example_display_name.py took 0.100 seconds
[2025-04-04T15:54:31.231+0000] {processor.py:186} INFO - Started process (PID=993) to work on /home/airflow/.local/lib/python3.12/site-packages/airflow/example_dags/example_display_name.py
[2025-04-04T15:54:31.235+0000] {processor.py:914} INFO - Processing file /home/airflow/.local/lib/python3.12/site-packages/airflow/example_dags/example_display_name.py for tasks to queue
[2025-04-04T15:54:31.239+0000] {logging_mixin.py:190} INFO - [2025-04-04T15:54:31.238+0000] {dagbag.py:588} INFO - Filling up the DagBag from /home/airflow/.local/lib/python3.12/site-packages/airflow/example_dags/example_display_name.py
[2025-04-04T15:54:31.254+0000] {processor.py:925} INFO - DAG(s) 'example_display_name' retrieved from /home/airflow/.local/lib/python3.12/site-packages/airflow/example_dags/example_display_name.py
[2025-04-04T15:54:31.288+0000] {logging_mixin.py:190} INFO - [2025-04-04T15:54:31.288+0000] {dag.py:3239} INFO - Sync 1 DAGs
[2025-04-04T15:54:31.310+0000] {logging_mixin.py:190} INFO - [2025-04-04T15:54:31.309+0000] {dag.py:4180} INFO - Setting next_dagrun for example_display_name to None, run_after=None
[2025-04-04T15:54:31.334+0000] {processor.py:208} INFO - Processing /home/airflow/.local/lib/python3.12/site-packages/airflow/example_dags/example_display_name.py took 0.121 seconds
[2025-04-04T15:55:01.634+0000] {processor.py:186} INFO - Started process (PID=1057) to work on /home/airflow/.local/lib/python3.12/site-packages/airflow/example_dags/example_display_name.py
[2025-04-04T15:55:01.635+0000] {processor.py:914} INFO - Processing file /home/airflow/.local/lib/python3.12/site-packages/airflow/example_dags/example_display_name.py for tasks to queue
[2025-04-04T15:55:01.638+0000] {logging_mixin.py:190} INFO - [2025-04-04T15:55:01.638+0000] {dagbag.py:588} INFO - Filling up the DagBag from /home/airflow/.local/lib/python3.12/site-packages/airflow/example_dags/example_display_name.py
[2025-04-04T15:55:01.649+0000] {processor.py:925} INFO - DAG(s) 'example_display_name' retrieved from /home/airflow/.local/lib/python3.12/site-packages/airflow/example_dags/example_display_name.py
[2025-04-04T15:55:01.674+0000] {logging_mixin.py:190} INFO - [2025-04-04T15:55:01.674+0000] {dag.py:3239} INFO - Sync 1 DAGs
[2025-04-04T15:55:01.698+0000] {logging_mixin.py:190} INFO - [2025-04-04T15:55:01.698+0000] {dag.py:4180} INFO - Setting next_dagrun for example_display_name to None, run_after=None
[2025-04-04T15:55:01.721+0000] {processor.py:208} INFO - Processing /home/airflow/.local/lib/python3.12/site-packages/airflow/example_dags/example_display_name.py took 0.095 seconds
[2025-04-04T15:55:32.394+0000] {processor.py:186} INFO - Started process (PID=1121) to work on /home/airflow/.local/lib/python3.12/site-packages/airflow/example_dags/example_display_name.py
[2025-04-04T15:55:32.395+0000] {processor.py:914} INFO - Processing file /home/airflow/.local/lib/python3.12/site-packages/airflow/example_dags/example_display_name.py for tasks to queue
[2025-04-04T15:55:32.398+0000] {logging_mixin.py:190} INFO - [2025-04-04T15:55:32.397+0000] {dagbag.py:588} INFO - Filling up the DagBag from /home/airflow/.local/lib/python3.12/site-packages/airflow/example_dags/example_display_name.py
[2025-04-04T15:55:32.409+0000] {processor.py:925} INFO - DAG(s) 'example_display_name' retrieved from /home/airflow/.local/lib/python3.12/site-packages/airflow/example_dags/example_display_name.py
[2025-04-04T15:55:32.435+0000] {logging_mixin.py:190} INFO - [2025-04-04T15:55:32.435+0000] {dag.py:3239} INFO - Sync 1 DAGs
[2025-04-04T15:55:32.456+0000] {logging_mixin.py:190} INFO - [2025-04-04T15:55:32.455+0000] {dag.py:4180} INFO - Setting next_dagrun for example_display_name to None, run_after=None
[2025-04-04T15:55:32.483+0000] {processor.py:208} INFO - Processing /home/airflow/.local/lib/python3.12/site-packages/airflow/example_dags/example_display_name.py took 0.098 seconds
[2025-04-04T15:56:03.365+0000] {processor.py:186} INFO - Started process (PID=1185) to work on /home/airflow/.local/lib/python3.12/site-packages/airflow/example_dags/example_display_name.py
[2025-04-04T15:56:03.366+0000] {processor.py:914} INFO - Processing file /home/airflow/.local/lib/python3.12/site-packages/airflow/example_dags/example_display_name.py for tasks to queue
[2025-04-04T15:56:03.368+0000] {logging_mixin.py:190} INFO - [2025-04-04T15:56:03.368+0000] {dagbag.py:588} INFO - Filling up the DagBag from /home/airflow/.local/lib/python3.12/site-packages/airflow/example_dags/example_display_name.py
[2025-04-04T15:56:03.377+0000] {processor.py:925} INFO - DAG(s) 'example_display_name' retrieved from /home/airflow/.local/lib/python3.12/site-packages/airflow/example_dags/example_display_name.py
[2025-04-04T15:56:03.400+0000] {logging_mixin.py:190} INFO - [2025-04-04T15:56:03.400+0000] {dag.py:3239} INFO - Sync 1 DAGs
[2025-04-04T15:56:03.420+0000] {logging_mixin.py:190} INFO - [2025-04-04T15:56:03.420+0000] {dag.py:4180} INFO - Setting next_dagrun for example_display_name to None, run_after=None
[2025-04-04T15:56:03.447+0000] {processor.py:208} INFO - Processing /home/airflow/.local/lib/python3.12/site-packages/airflow/example_dags/example_display_name.py took 0.089 seconds
[2025-04-04T15:56:33.976+0000] {processor.py:186} INFO - Started process (PID=1249) to work on /home/airflow/.local/lib/python3.12/site-packages/airflow/example_dags/example_display_name.py
[2025-04-04T15:56:33.977+0000] {processor.py:914} INFO - Processing file /home/airflow/.local/lib/python3.12/site-packages/airflow/example_dags/example_display_name.py for tasks to queue
[2025-04-04T15:56:33.981+0000] {logging_mixin.py:190} INFO - [2025-04-04T15:56:33.980+0000] {dagbag.py:588} INFO - Filling up the DagBag from /home/airflow/.local/lib/python3.12/site-packages/airflow/example_dags/example_display_name.py
[2025-04-04T15:56:33.995+0000] {processor.py:925} INFO - DAG(s) 'example_display_name' retrieved from /home/airflow/.local/lib/python3.12/site-packages/airflow/example_dags/example_display_name.py
[2025-04-04T15:56:34.026+0000] {logging_mixin.py:190} INFO - [2025-04-04T15:56:34.026+0000] {dag.py:3239} INFO - Sync 1 DAGs
[2025-04-04T15:56:34.049+0000] {logging_mixin.py:190} INFO - [2025-04-04T15:56:34.049+0000] {dag.py:4180} INFO - Setting next_dagrun for example_display_name to None, run_after=None
[2025-04-04T15:56:34.087+0000] {processor.py:208} INFO - Processing /home/airflow/.local/lib/python3.12/site-packages/airflow/example_dags/example_display_name.py took 0.124 seconds
[2025-04-04T15:57:04.425+0000] {processor.py:186} INFO - Started process (PID=1313) to work on /home/airflow/.local/lib/python3.12/site-packages/airflow/example_dags/example_display_name.py
[2025-04-04T15:57:04.426+0000] {processor.py:914} INFO - Processing file /home/airflow/.local/lib/python3.12/site-packages/airflow/example_dags/example_display_name.py for tasks to queue
[2025-04-04T15:57:04.430+0000] {logging_mixin.py:190} INFO - [2025-04-04T15:57:04.429+0000] {dagbag.py:588} INFO - Filling up the DagBag from /home/airflow/.local/lib/python3.12/site-packages/airflow/example_dags/example_display_name.py
[2025-04-04T15:57:04.444+0000] {processor.py:925} INFO - DAG(s) 'example_display_name' retrieved from /home/airflow/.local/lib/python3.12/site-packages/airflow/example_dags/example_display_name.py
[2025-04-04T15:57:04.477+0000] {logging_mixin.py:190} INFO - [2025-04-04T15:57:04.477+0000] {dag.py:3239} INFO - Sync 1 DAGs
[2025-04-04T15:57:04.509+0000] {logging_mixin.py:190} INFO - [2025-04-04T15:57:04.509+0000] {dag.py:4180} INFO - Setting next_dagrun for example_display_name to None, run_after=None
[2025-04-04T15:57:04.545+0000] {processor.py:208} INFO - Processing /home/airflow/.local/lib/python3.12/site-packages/airflow/example_dags/example_display_name.py took 0.132 seconds
[2025-04-04T15:57:35.346+0000] {processor.py:186} INFO - Started process (PID=1377) to work on /home/airflow/.local/lib/python3.12/site-packages/airflow/example_dags/example_display_name.py
[2025-04-04T15:57:35.347+0000] {processor.py:914} INFO - Processing file /home/airflow/.local/lib/python3.12/site-packages/airflow/example_dags/example_display_name.py for tasks to queue
[2025-04-04T15:57:35.350+0000] {logging_mixin.py:190} INFO - [2025-04-04T15:57:35.350+0000] {dagbag.py:588} INFO - Filling up the DagBag from /home/airflow/.local/lib/python3.12/site-packages/airflow/example_dags/example_display_name.py
[2025-04-04T15:57:35.359+0000] {processor.py:925} INFO - DAG(s) 'example_display_name' retrieved from /home/airflow/.local/lib/python3.12/site-packages/airflow/example_dags/example_display_name.py
[2025-04-04T15:57:35.386+0000] {logging_mixin.py:190} INFO - [2025-04-04T15:57:35.385+0000] {dag.py:3239} INFO - Sync 1 DAGs
[2025-04-04T15:57:35.409+0000] {logging_mixin.py:190} INFO - [2025-04-04T15:57:35.409+0000] {dag.py:4180} INFO - Setting next_dagrun for example_display_name to None, run_after=None
[2025-04-04T15:57:35.434+0000] {processor.py:208} INFO - Processing /home/airflow/.local/lib/python3.12/site-packages/airflow/example_dags/example_display_name.py took 0.096 seconds
[2025-04-04T15:58:05.731+0000] {processor.py:186} INFO - Started process (PID=1441) to work on /home/airflow/.local/lib/python3.12/site-packages/airflow/example_dags/example_display_name.py
[2025-04-04T15:58:05.732+0000] {processor.py:914} INFO - Processing file /home/airflow/.local/lib/python3.12/site-packages/airflow/example_dags/example_display_name.py for tasks to queue
[2025-04-04T15:58:05.735+0000] {logging_mixin.py:190} INFO - [2025-04-04T15:58:05.734+0000] {dagbag.py:588} INFO - Filling up the DagBag from /home/airflow/.local/lib/python3.12/site-packages/airflow/example_dags/example_display_name.py
[2025-04-04T15:58:05.745+0000] {processor.py:925} INFO - DAG(s) 'example_display_name' retrieved from /home/airflow/.local/lib/python3.12/site-packages/airflow/example_dags/example_display_name.py
[2025-04-04T15:58:05.770+0000] {logging_mixin.py:190} INFO - [2025-04-04T15:58:05.770+0000] {dag.py:3239} INFO - Sync 1 DAGs
[2025-04-04T15:58:05.790+0000] {logging_mixin.py:190} INFO - [2025-04-04T15:58:05.790+0000] {dag.py:4180} INFO - Setting next_dagrun for example_display_name to None, run_after=None
[2025-04-04T15:58:05.820+0000] {processor.py:208} INFO - Processing /home/airflow/.local/lib/python3.12/site-packages/airflow/example_dags/example_display_name.py took 0.098 seconds
[2025-04-04T15:58:36.466+0000] {processor.py:186} INFO - Started process (PID=1505) to work on /home/airflow/.local/lib/python3.12/site-packages/airflow/example_dags/example_display_name.py
[2025-04-04T15:58:36.467+0000] {processor.py:914} INFO - Processing file /home/airflow/.local/lib/python3.12/site-packages/airflow/example_dags/example_display_name.py for tasks to queue
[2025-04-04T15:58:36.469+0000] {logging_mixin.py:190} INFO - [2025-04-04T15:58:36.469+0000] {dagbag.py:588} INFO - Filling up the DagBag from /home/airflow/.local/lib/python3.12/site-packages/airflow/example_dags/example_display_name.py
[2025-04-04T15:58:36.480+0000] {processor.py:925} INFO - DAG(s) 'example_display_name' retrieved from /home/airflow/.local/lib/python3.12/site-packages/airflow/example_dags/example_display_name.py
[2025-04-04T15:58:36.505+0000] {logging_mixin.py:190} INFO - [2025-04-04T15:58:36.505+0000] {dag.py:3239} INFO - Sync 1 DAGs
[2025-04-04T15:58:36.527+0000] {logging_mixin.py:190} INFO - [2025-04-04T15:58:36.526+0000] {dag.py:4180} INFO - Setting next_dagrun for example_display_name to None, run_after=None
[2025-04-04T15:58:36.551+0000] {processor.py:208} INFO - Processing /home/airflow/.local/lib/python3.12/site-packages/airflow/example_dags/example_display_name.py took 0.093 seconds
[2025-04-04T16:00:54.886+0000] {processor.py:186} INFO - Started process (PID=100) to work on /home/airflow/.local/lib/python3.12/site-packages/airflow/example_dags/example_display_name.py
[2025-04-04T16:00:54.888+0000] {processor.py:914} INFO - Processing file /home/airflow/.local/lib/python3.12/site-packages/airflow/example_dags/example_display_name.py for tasks to queue
[2025-04-04T16:00:54.892+0000] {logging_mixin.py:190} INFO - [2025-04-04T16:00:54.891+0000] {dagbag.py:588} INFO - Filling up the DagBag from /home/airflow/.local/lib/python3.12/site-packages/airflow/example_dags/example_display_name.py
[2025-04-04T16:00:54.909+0000] {processor.py:925} INFO - DAG(s) 'example_display_name' retrieved from /home/airflow/.local/lib/python3.12/site-packages/airflow/example_dags/example_display_name.py
[2025-04-04T16:00:54.951+0000] {logging_mixin.py:190} INFO - [2025-04-04T16:00:54.951+0000] {dag.py:3239} INFO - Sync 1 DAGs
[2025-04-04T16:00:54.982+0000] {logging_mixin.py:190} INFO - [2025-04-04T16:00:54.981+0000] {dag.py:4180} INFO - Setting next_dagrun for example_display_name to None, run_after=None
[2025-04-04T16:00:55.016+0000] {processor.py:208} INFO - Processing /home/airflow/.local/lib/python3.12/site-packages/airflow/example_dags/example_display_name.py took 0.142 seconds
[2025-04-04T16:01:25.683+0000] {processor.py:186} INFO - Started process (PID=164) to work on /home/airflow/.local/lib/python3.12/site-packages/airflow/example_dags/example_display_name.py
[2025-04-04T16:01:25.684+0000] {processor.py:914} INFO - Processing file /home/airflow/.local/lib/python3.12/site-packages/airflow/example_dags/example_display_name.py for tasks to queue
[2025-04-04T16:01:25.687+0000] {logging_mixin.py:190} INFO - [2025-04-04T16:01:25.687+0000] {dagbag.py:588} INFO - Filling up the DagBag from /home/airflow/.local/lib/python3.12/site-packages/airflow/example_dags/example_display_name.py
[2025-04-04T16:01:25.696+0000] {processor.py:925} INFO - DAG(s) 'example_display_name' retrieved from /home/airflow/.local/lib/python3.12/site-packages/airflow/example_dags/example_display_name.py
[2025-04-04T16:01:25.719+0000] {logging_mixin.py:190} INFO - [2025-04-04T16:01:25.718+0000] {dag.py:3239} INFO - Sync 1 DAGs
[2025-04-04T16:01:25.736+0000] {logging_mixin.py:190} INFO - [2025-04-04T16:01:25.736+0000] {dag.py:4180} INFO - Setting next_dagrun for example_display_name to None, run_after=None
[2025-04-04T16:01:25.758+0000] {processor.py:208} INFO - Processing /home/airflow/.local/lib/python3.12/site-packages/airflow/example_dags/example_display_name.py took 0.082 seconds
[2025-04-04T16:01:56.477+0000] {processor.py:186} INFO - Started process (PID=227) to work on /home/airflow/.local/lib/python3.12/site-packages/airflow/example_dags/example_display_name.py
[2025-04-04T16:01:56.478+0000] {processor.py:914} INFO - Processing file /home/airflow/.local/lib/python3.12/site-packages/airflow/example_dags/example_display_name.py for tasks to queue
[2025-04-04T16:01:56.480+0000] {logging_mixin.py:190} INFO - [2025-04-04T16:01:56.480+0000] {dagbag.py:588} INFO - Filling up the DagBag from /home/airflow/.local/lib/python3.12/site-packages/airflow/example_dags/example_display_name.py
[2025-04-04T16:01:56.489+0000] {processor.py:925} INFO - DAG(s) 'example_display_name' retrieved from /home/airflow/.local/lib/python3.12/site-packages/airflow/example_dags/example_display_name.py
[2025-04-04T16:01:56.512+0000] {logging_mixin.py:190} INFO - [2025-04-04T16:01:56.512+0000] {dag.py:3239} INFO - Sync 1 DAGs
[2025-04-04T16:01:56.531+0000] {logging_mixin.py:190} INFO - [2025-04-04T16:01:56.531+0000] {dag.py:4180} INFO - Setting next_dagrun for example_display_name to None, run_after=None
[2025-04-04T16:01:56.556+0000] {processor.py:208} INFO - Processing /home/airflow/.local/lib/python3.12/site-packages/airflow/example_dags/example_display_name.py took 0.087 seconds
[2025-04-04T16:02:28.977+0000] {processor.py:186} INFO - Started process (PID=298) to work on /home/airflow/.local/lib/python3.12/site-packages/airflow/example_dags/example_display_name.py
[2025-04-04T16:02:28.978+0000] {processor.py:914} INFO - Processing file /home/airflow/.local/lib/python3.12/site-packages/airflow/example_dags/example_display_name.py for tasks to queue
[2025-04-04T16:02:28.981+0000] {logging_mixin.py:190} INFO - [2025-04-04T16:02:28.980+0000] {dagbag.py:588} INFO - Filling up the DagBag from /home/airflow/.local/lib/python3.12/site-packages/airflow/example_dags/example_display_name.py
[2025-04-04T16:02:28.992+0000] {processor.py:925} INFO - DAG(s) 'example_display_name' retrieved from /home/airflow/.local/lib/python3.12/site-packages/airflow/example_dags/example_display_name.py
[2025-04-04T16:02:29.023+0000] {logging_mixin.py:190} INFO - [2025-04-04T16:02:29.022+0000] {dag.py:3239} INFO - Sync 1 DAGs
[2025-04-04T16:02:29.050+0000] {logging_mixin.py:190} INFO - [2025-04-04T16:02:29.050+0000] {dag.py:4180} INFO - Setting next_dagrun for example_display_name to None, run_after=None
[2025-04-04T16:02:29.084+0000] {processor.py:208} INFO - Processing /home/airflow/.local/lib/python3.12/site-packages/airflow/example_dags/example_display_name.py took 0.115 seconds
