[2025-04-04T15:44:14.271+0000] {processor.py:186} INFO - Started process (PID=94) to work on /home/airflow/.local/lib/python3.12/site-packages/airflow/example_dags/example_task_group.py
[2025-04-04T15:44:14.272+0000] {processor.py:914} INFO - Processing file /home/airflow/.local/lib/python3.12/site-packages/airflow/example_dags/example_task_group.py for tasks to queue
[2025-04-04T15:44:14.277+0000] {logging_mixin.py:190} INFO - [2025-04-04T15:44:14.276+0000] {dagbag.py:588} INFO - Filling up the DagBag from /home/airflow/.local/lib/python3.12/site-packages/airflow/example_dags/example_task_group.py
[2025-04-04T15:44:14.297+0000] {processor.py:925} INFO - DAG(s) 'example_task_group' retrieved from /home/airflow/.local/lib/python3.12/site-packages/airflow/example_dags/example_task_group.py
[2025-04-04T15:44:14.565+0000] {logging_mixin.py:190} INFO - [2025-04-04T15:44:14.564+0000] {override.py:1912} INFO - Created Permission View: can edit on DAG:example_task_group
[2025-04-04T15:44:14.593+0000] {logging_mixin.py:190} INFO - [2025-04-04T15:44:14.592+0000] {override.py:1912} INFO - Created Permission View: can read on DAG:example_task_group
[2025-04-04T15:44:14.615+0000] {logging_mixin.py:190} INFO - [2025-04-04T15:44:14.613+0000] {override.py:1912} INFO - Created Permission View: can delete on DAG:example_task_group
[2025-04-04T15:44:14.640+0000] {logging_mixin.py:190} INFO - [2025-04-04T15:44:14.639+0000] {override.py:1912} INFO - Created Permission View: menu access on DAG Run:example_task_group
[2025-04-04T15:44:14.674+0000] {logging_mixin.py:190} INFO - [2025-04-04T15:44:14.674+0000] {override.py:1912} INFO - Created Permission View: can read on DAG Run:example_task_group
[2025-04-04T15:44:14.691+0000] {logging_mixin.py:190} INFO - [2025-04-04T15:44:14.691+0000] {override.py:1912} INFO - Created Permission View: can create on DAG Run:example_task_group
[2025-04-04T15:44:14.699+0000] {logging_mixin.py:190} INFO - [2025-04-04T15:44:14.699+0000] {override.py:1912} INFO - Created Permission View: can delete on DAG Run:example_task_group
[2025-04-04T15:44:14.700+0000] {logging_mixin.py:190} INFO - [2025-04-04T15:44:14.700+0000] {dag.py:3239} INFO - Sync 1 DAGs
[2025-04-04T15:44:14.723+0000] {logging_mixin.py:190} INFO - [2025-04-04T15:44:14.722+0000] {dag.py:3262} INFO - Creating ORM DAG for example_task_group
[2025-04-04T15:44:14.724+0000] {logging_mixin.py:190} INFO - [2025-04-04T15:44:14.724+0000] {dag.py:4180} INFO - Setting next_dagrun for example_task_group to None, run_after=None
[2025-04-04T15:44:14.776+0000] {processor.py:208} INFO - Processing /home/airflow/.local/lib/python3.12/site-packages/airflow/example_dags/example_task_group.py took 0.521 seconds
[2025-04-04T15:44:45.493+0000] {processor.py:186} INFO - Started process (PID=157) to work on /home/airflow/.local/lib/python3.12/site-packages/airflow/example_dags/example_task_group.py
[2025-04-04T15:44:45.495+0000] {processor.py:914} INFO - Processing file /home/airflow/.local/lib/python3.12/site-packages/airflow/example_dags/example_task_group.py for tasks to queue
[2025-04-04T15:44:45.498+0000] {logging_mixin.py:190} INFO - [2025-04-04T15:44:45.498+0000] {dagbag.py:588} INFO - Filling up the DagBag from /home/airflow/.local/lib/python3.12/site-packages/airflow/example_dags/example_task_group.py
[2025-04-04T15:44:45.519+0000] {processor.py:925} INFO - DAG(s) 'example_task_group' retrieved from /home/airflow/.local/lib/python3.12/site-packages/airflow/example_dags/example_task_group.py
[2025-04-04T15:44:45.564+0000] {logging_mixin.py:190} INFO - [2025-04-04T15:44:45.564+0000] {dag.py:3239} INFO - Sync 1 DAGs
[2025-04-04T15:44:45.593+0000] {logging_mixin.py:190} INFO - [2025-04-04T15:44:45.592+0000] {dag.py:4180} INFO - Setting next_dagrun for example_task_group to None, run_after=None
[2025-04-04T15:44:45.625+0000] {processor.py:208} INFO - Processing /home/airflow/.local/lib/python3.12/site-packages/airflow/example_dags/example_task_group.py took 0.143 seconds
[2025-04-04T15:45:15.740+0000] {processor.py:186} INFO - Started process (PID=219) to work on /home/airflow/.local/lib/python3.12/site-packages/airflow/example_dags/example_task_group.py
[2025-04-04T15:45:15.741+0000] {processor.py:914} INFO - Processing file /home/airflow/.local/lib/python3.12/site-packages/airflow/example_dags/example_task_group.py for tasks to queue
[2025-04-04T15:45:15.745+0000] {logging_mixin.py:190} INFO - [2025-04-04T15:45:15.744+0000] {dagbag.py:588} INFO - Filling up the DagBag from /home/airflow/.local/lib/python3.12/site-packages/airflow/example_dags/example_task_group.py
[2025-04-04T15:45:15.762+0000] {processor.py:925} INFO - DAG(s) 'example_task_group' retrieved from /home/airflow/.local/lib/python3.12/site-packages/airflow/example_dags/example_task_group.py
[2025-04-04T15:45:15.825+0000] {logging_mixin.py:190} INFO - [2025-04-04T15:45:15.824+0000] {dag.py:3239} INFO - Sync 1 DAGs
[2025-04-04T15:45:15.862+0000] {logging_mixin.py:190} INFO - [2025-04-04T15:45:15.861+0000] {dag.py:4180} INFO - Setting next_dagrun for example_task_group to None, run_after=None
[2025-04-04T15:45:15.908+0000] {processor.py:208} INFO - Processing /home/airflow/.local/lib/python3.12/site-packages/airflow/example_dags/example_task_group.py took 0.180 seconds
[2025-04-04T15:45:46.134+0000] {processor.py:186} INFO - Started process (PID=282) to work on /home/airflow/.local/lib/python3.12/site-packages/airflow/example_dags/example_task_group.py
[2025-04-04T15:45:46.135+0000] {processor.py:914} INFO - Processing file /home/airflow/.local/lib/python3.12/site-packages/airflow/example_dags/example_task_group.py for tasks to queue
[2025-04-04T15:45:46.138+0000] {logging_mixin.py:190} INFO - [2025-04-04T15:45:46.138+0000] {dagbag.py:588} INFO - Filling up the DagBag from /home/airflow/.local/lib/python3.12/site-packages/airflow/example_dags/example_task_group.py
[2025-04-04T15:45:46.151+0000] {processor.py:925} INFO - DAG(s) 'example_task_group' retrieved from /home/airflow/.local/lib/python3.12/site-packages/airflow/example_dags/example_task_group.py
[2025-04-04T15:45:46.186+0000] {logging_mixin.py:190} INFO - [2025-04-04T15:45:46.186+0000] {dag.py:3239} INFO - Sync 1 DAGs
[2025-04-04T15:45:46.213+0000] {logging_mixin.py:190} INFO - [2025-04-04T15:45:46.213+0000] {dag.py:4180} INFO - Setting next_dagrun for example_task_group to None, run_after=None
[2025-04-04T15:45:46.241+0000] {processor.py:208} INFO - Processing /home/airflow/.local/lib/python3.12/site-packages/airflow/example_dags/example_task_group.py took 0.116 seconds
[2025-04-04T15:47:20.127+0000] {processor.py:186} INFO - Started process (PID=88) to work on /home/airflow/.local/lib/python3.12/site-packages/airflow/example_dags/example_task_group.py
[2025-04-04T15:47:20.129+0000] {processor.py:914} INFO - Processing file /home/airflow/.local/lib/python3.12/site-packages/airflow/example_dags/example_task_group.py for tasks to queue
[2025-04-04T15:47:20.133+0000] {logging_mixin.py:190} INFO - [2025-04-04T15:47:20.132+0000] {dagbag.py:588} INFO - Filling up the DagBag from /home/airflow/.local/lib/python3.12/site-packages/airflow/example_dags/example_task_group.py
[2025-04-04T15:47:20.152+0000] {processor.py:925} INFO - DAG(s) 'example_task_group' retrieved from /home/airflow/.local/lib/python3.12/site-packages/airflow/example_dags/example_task_group.py
[2025-04-04T15:47:20.198+0000] {logging_mixin.py:190} INFO - [2025-04-04T15:47:20.197+0000] {dag.py:3239} INFO - Sync 1 DAGs
[2025-04-04T15:47:20.230+0000] {logging_mixin.py:190} INFO - [2025-04-04T15:47:20.230+0000] {dag.py:4180} INFO - Setting next_dagrun for example_task_group to None, run_after=None
[2025-04-04T15:47:20.265+0000] {processor.py:208} INFO - Processing /home/airflow/.local/lib/python3.12/site-packages/airflow/example_dags/example_task_group.py took 0.148 seconds
[2025-04-04T15:47:50.811+0000] {processor.py:186} INFO - Started process (PID=152) to work on /home/airflow/.local/lib/python3.12/site-packages/airflow/example_dags/example_task_group.py
[2025-04-04T15:47:50.812+0000] {processor.py:914} INFO - Processing file /home/airflow/.local/lib/python3.12/site-packages/airflow/example_dags/example_task_group.py for tasks to queue
[2025-04-04T15:47:50.816+0000] {logging_mixin.py:190} INFO - [2025-04-04T15:47:50.815+0000] {dagbag.py:588} INFO - Filling up the DagBag from /home/airflow/.local/lib/python3.12/site-packages/airflow/example_dags/example_task_group.py
[2025-04-04T15:47:50.830+0000] {processor.py:925} INFO - DAG(s) 'example_task_group' retrieved from /home/airflow/.local/lib/python3.12/site-packages/airflow/example_dags/example_task_group.py
[2025-04-04T15:47:50.857+0000] {logging_mixin.py:190} INFO - [2025-04-04T15:47:50.857+0000] {dag.py:3239} INFO - Sync 1 DAGs
[2025-04-04T15:47:50.880+0000] {logging_mixin.py:190} INFO - [2025-04-04T15:47:50.880+0000] {dag.py:4180} INFO - Setting next_dagrun for example_task_group to None, run_after=None
[2025-04-04T15:47:50.910+0000] {processor.py:208} INFO - Processing /home/airflow/.local/lib/python3.12/site-packages/airflow/example_dags/example_task_group.py took 0.107 seconds
[2025-04-04T15:48:22.089+0000] {processor.py:186} INFO - Started process (PID=216) to work on /home/airflow/.local/lib/python3.12/site-packages/airflow/example_dags/example_task_group.py
[2025-04-04T15:48:22.090+0000] {processor.py:914} INFO - Processing file /home/airflow/.local/lib/python3.12/site-packages/airflow/example_dags/example_task_group.py for tasks to queue
[2025-04-04T15:48:22.094+0000] {logging_mixin.py:190} INFO - [2025-04-04T15:48:22.093+0000] {dagbag.py:588} INFO - Filling up the DagBag from /home/airflow/.local/lib/python3.12/site-packages/airflow/example_dags/example_task_group.py
[2025-04-04T15:48:22.110+0000] {processor.py:925} INFO - DAG(s) 'example_task_group' retrieved from /home/airflow/.local/lib/python3.12/site-packages/airflow/example_dags/example_task_group.py
[2025-04-04T15:48:22.147+0000] {logging_mixin.py:190} INFO - [2025-04-04T15:48:22.147+0000] {dag.py:3239} INFO - Sync 1 DAGs
[2025-04-04T15:48:22.168+0000] {logging_mixin.py:190} INFO - [2025-04-04T15:48:22.167+0000] {dag.py:4180} INFO - Setting next_dagrun for example_task_group to None, run_after=None
[2025-04-04T15:48:22.193+0000] {processor.py:208} INFO - Processing /home/airflow/.local/lib/python3.12/site-packages/airflow/example_dags/example_task_group.py took 0.114 seconds
[2025-04-04T15:48:53.057+0000] {processor.py:186} INFO - Started process (PID=280) to work on /home/airflow/.local/lib/python3.12/site-packages/airflow/example_dags/example_task_group.py
[2025-04-04T15:48:53.058+0000] {processor.py:914} INFO - Processing file /home/airflow/.local/lib/python3.12/site-packages/airflow/example_dags/example_task_group.py for tasks to queue
[2025-04-04T15:48:53.062+0000] {logging_mixin.py:190} INFO - [2025-04-04T15:48:53.061+0000] {dagbag.py:588} INFO - Filling up the DagBag from /home/airflow/.local/lib/python3.12/site-packages/airflow/example_dags/example_task_group.py
[2025-04-04T15:48:53.079+0000] {processor.py:925} INFO - DAG(s) 'example_task_group' retrieved from /home/airflow/.local/lib/python3.12/site-packages/airflow/example_dags/example_task_group.py
[2025-04-04T15:48:53.124+0000] {logging_mixin.py:190} INFO - [2025-04-04T15:48:53.124+0000] {dag.py:3239} INFO - Sync 1 DAGs
[2025-04-04T15:48:53.151+0000] {logging_mixin.py:190} INFO - [2025-04-04T15:48:53.151+0000] {dag.py:4180} INFO - Setting next_dagrun for example_task_group to None, run_after=None
[2025-04-04T15:48:53.184+0000] {processor.py:208} INFO - Processing /home/airflow/.local/lib/python3.12/site-packages/airflow/example_dags/example_task_group.py took 0.139 seconds
[2025-04-04T15:49:23.288+0000] {processor.py:186} INFO - Started process (PID=343) to work on /home/airflow/.local/lib/python3.12/site-packages/airflow/example_dags/example_task_group.py
[2025-04-04T15:49:23.290+0000] {processor.py:914} INFO - Processing file /home/airflow/.local/lib/python3.12/site-packages/airflow/example_dags/example_task_group.py for tasks to queue
[2025-04-04T15:49:23.293+0000] {logging_mixin.py:190} INFO - [2025-04-04T15:49:23.293+0000] {dagbag.py:588} INFO - Filling up the DagBag from /home/airflow/.local/lib/python3.12/site-packages/airflow/example_dags/example_task_group.py
[2025-04-04T15:49:23.304+0000] {processor.py:925} INFO - DAG(s) 'example_task_group' retrieved from /home/airflow/.local/lib/python3.12/site-packages/airflow/example_dags/example_task_group.py
[2025-04-04T15:49:23.332+0000] {logging_mixin.py:190} INFO - [2025-04-04T15:49:23.332+0000] {dag.py:3239} INFO - Sync 1 DAGs
[2025-04-04T15:49:23.351+0000] {logging_mixin.py:190} INFO - [2025-04-04T15:49:23.350+0000] {dag.py:4180} INFO - Setting next_dagrun for example_task_group to None, run_after=None
[2025-04-04T15:49:23.378+0000] {processor.py:208} INFO - Processing /home/airflow/.local/lib/python3.12/site-packages/airflow/example_dags/example_task_group.py took 0.098 seconds
[2025-04-04T15:49:53.550+0000] {processor.py:186} INFO - Started process (PID=407) to work on /home/airflow/.local/lib/python3.12/site-packages/airflow/example_dags/example_task_group.py
[2025-04-04T15:49:53.551+0000] {processor.py:914} INFO - Processing file /home/airflow/.local/lib/python3.12/site-packages/airflow/example_dags/example_task_group.py for tasks to queue
[2025-04-04T15:49:53.555+0000] {logging_mixin.py:190} INFO - [2025-04-04T15:49:53.554+0000] {dagbag.py:588} INFO - Filling up the DagBag from /home/airflow/.local/lib/python3.12/site-packages/airflow/example_dags/example_task_group.py
[2025-04-04T15:49:53.569+0000] {processor.py:925} INFO - DAG(s) 'example_task_group' retrieved from /home/airflow/.local/lib/python3.12/site-packages/airflow/example_dags/example_task_group.py
[2025-04-04T15:49:53.595+0000] {logging_mixin.py:190} INFO - [2025-04-04T15:49:53.594+0000] {dag.py:3239} INFO - Sync 1 DAGs
[2025-04-04T15:49:53.616+0000] {logging_mixin.py:190} INFO - [2025-04-04T15:49:53.615+0000] {dag.py:4180} INFO - Setting next_dagrun for example_task_group to None, run_after=None
[2025-04-04T15:49:53.640+0000] {processor.py:208} INFO - Processing /home/airflow/.local/lib/python3.12/site-packages/airflow/example_dags/example_task_group.py took 0.102 seconds
[2025-04-04T15:50:24.287+0000] {processor.py:186} INFO - Started process (PID=471) to work on /home/airflow/.local/lib/python3.12/site-packages/airflow/example_dags/example_task_group.py
[2025-04-04T15:50:24.288+0000] {processor.py:914} INFO - Processing file /home/airflow/.local/lib/python3.12/site-packages/airflow/example_dags/example_task_group.py for tasks to queue
[2025-04-04T15:50:24.290+0000] {logging_mixin.py:190} INFO - [2025-04-04T15:50:24.290+0000] {dagbag.py:588} INFO - Filling up the DagBag from /home/airflow/.local/lib/python3.12/site-packages/airflow/example_dags/example_task_group.py
[2025-04-04T15:50:24.302+0000] {processor.py:925} INFO - DAG(s) 'example_task_group' retrieved from /home/airflow/.local/lib/python3.12/site-packages/airflow/example_dags/example_task_group.py
[2025-04-04T15:50:24.328+0000] {logging_mixin.py:190} INFO - [2025-04-04T15:50:24.328+0000] {dag.py:3239} INFO - Sync 1 DAGs
[2025-04-04T15:50:24.349+0000] {logging_mixin.py:190} INFO - [2025-04-04T15:50:24.349+0000] {dag.py:4180} INFO - Setting next_dagrun for example_task_group to None, run_after=None
[2025-04-04T15:50:24.376+0000] {processor.py:208} INFO - Processing /home/airflow/.local/lib/python3.12/site-packages/airflow/example_dags/example_task_group.py took 0.098 seconds
[2025-04-04T15:50:54.607+0000] {processor.py:186} INFO - Started process (PID=535) to work on /home/airflow/.local/lib/python3.12/site-packages/airflow/example_dags/example_task_group.py
[2025-04-04T15:50:54.608+0000] {processor.py:914} INFO - Processing file /home/airflow/.local/lib/python3.12/site-packages/airflow/example_dags/example_task_group.py for tasks to queue
[2025-04-04T15:50:54.611+0000] {logging_mixin.py:190} INFO - [2025-04-04T15:50:54.611+0000] {dagbag.py:588} INFO - Filling up the DagBag from /home/airflow/.local/lib/python3.12/site-packages/airflow/example_dags/example_task_group.py
[2025-04-04T15:50:54.623+0000] {processor.py:925} INFO - DAG(s) 'example_task_group' retrieved from /home/airflow/.local/lib/python3.12/site-packages/airflow/example_dags/example_task_group.py
[2025-04-04T15:50:54.649+0000] {logging_mixin.py:190} INFO - [2025-04-04T15:50:54.649+0000] {dag.py:3239} INFO - Sync 1 DAGs
[2025-04-04T15:50:54.668+0000] {logging_mixin.py:190} INFO - [2025-04-04T15:50:54.668+0000] {dag.py:4180} INFO - Setting next_dagrun for example_task_group to None, run_after=None
[2025-04-04T15:50:54.697+0000] {processor.py:208} INFO - Processing /home/airflow/.local/lib/python3.12/site-packages/airflow/example_dags/example_task_group.py took 0.099 seconds
[2025-04-04T15:51:25.593+0000] {processor.py:186} INFO - Started process (PID=599) to work on /home/airflow/.local/lib/python3.12/site-packages/airflow/example_dags/example_task_group.py
[2025-04-04T15:51:25.595+0000] {processor.py:914} INFO - Processing file /home/airflow/.local/lib/python3.12/site-packages/airflow/example_dags/example_task_group.py for tasks to queue
[2025-04-04T15:51:25.597+0000] {logging_mixin.py:190} INFO - [2025-04-04T15:51:25.597+0000] {dagbag.py:588} INFO - Filling up the DagBag from /home/airflow/.local/lib/python3.12/site-packages/airflow/example_dags/example_task_group.py
[2025-04-04T15:51:25.608+0000] {processor.py:925} INFO - DAG(s) 'example_task_group' retrieved from /home/airflow/.local/lib/python3.12/site-packages/airflow/example_dags/example_task_group.py
[2025-04-04T15:51:25.634+0000] {logging_mixin.py:190} INFO - [2025-04-04T15:51:25.634+0000] {dag.py:3239} INFO - Sync 1 DAGs
[2025-04-04T15:51:25.659+0000] {logging_mixin.py:190} INFO - [2025-04-04T15:51:25.658+0000] {dag.py:4180} INFO - Setting next_dagrun for example_task_group to None, run_after=None
[2025-04-04T15:51:25.686+0000] {processor.py:208} INFO - Processing /home/airflow/.local/lib/python3.12/site-packages/airflow/example_dags/example_task_group.py took 0.101 seconds
[2025-04-04T15:51:55.863+0000] {processor.py:186} INFO - Started process (PID=663) to work on /home/airflow/.local/lib/python3.12/site-packages/airflow/example_dags/example_task_group.py
[2025-04-04T15:51:55.864+0000] {processor.py:914} INFO - Processing file /home/airflow/.local/lib/python3.12/site-packages/airflow/example_dags/example_task_group.py for tasks to queue
[2025-04-04T15:51:55.867+0000] {logging_mixin.py:190} INFO - [2025-04-04T15:51:55.867+0000] {dagbag.py:588} INFO - Filling up the DagBag from /home/airflow/.local/lib/python3.12/site-packages/airflow/example_dags/example_task_group.py
[2025-04-04T15:51:55.878+0000] {processor.py:925} INFO - DAG(s) 'example_task_group' retrieved from /home/airflow/.local/lib/python3.12/site-packages/airflow/example_dags/example_task_group.py
[2025-04-04T15:51:55.903+0000] {logging_mixin.py:190} INFO - [2025-04-04T15:51:55.903+0000] {dag.py:3239} INFO - Sync 1 DAGs
[2025-04-04T15:51:55.921+0000] {logging_mixin.py:190} INFO - [2025-04-04T15:51:55.921+0000] {dag.py:4180} INFO - Setting next_dagrun for example_task_group to None, run_after=None
[2025-04-04T15:51:55.947+0000] {processor.py:208} INFO - Processing /home/airflow/.local/lib/python3.12/site-packages/airflow/example_dags/example_task_group.py took 0.093 seconds
[2025-04-04T15:52:26.881+0000] {processor.py:186} INFO - Started process (PID=727) to work on /home/airflow/.local/lib/python3.12/site-packages/airflow/example_dags/example_task_group.py
[2025-04-04T15:52:26.883+0000] {processor.py:914} INFO - Processing file /home/airflow/.local/lib/python3.12/site-packages/airflow/example_dags/example_task_group.py for tasks to queue
[2025-04-04T15:52:26.888+0000] {logging_mixin.py:190} INFO - [2025-04-04T15:52:26.887+0000] {dagbag.py:588} INFO - Filling up the DagBag from /home/airflow/.local/lib/python3.12/site-packages/airflow/example_dags/example_task_group.py
[2025-04-04T15:52:26.903+0000] {processor.py:925} INFO - DAG(s) 'example_task_group' retrieved from /home/airflow/.local/lib/python3.12/site-packages/airflow/example_dags/example_task_group.py
[2025-04-04T15:52:26.935+0000] {logging_mixin.py:190} INFO - [2025-04-04T15:52:26.935+0000] {dag.py:3239} INFO - Sync 1 DAGs
[2025-04-04T15:52:26.954+0000] {logging_mixin.py:190} INFO - [2025-04-04T15:52:26.954+0000] {dag.py:4180} INFO - Setting next_dagrun for example_task_group to None, run_after=None
[2025-04-04T15:52:26.979+0000] {processor.py:208} INFO - Processing /home/airflow/.local/lib/python3.12/site-packages/airflow/example_dags/example_task_group.py took 0.109 seconds
[2025-04-04T15:52:57.765+0000] {processor.py:186} INFO - Started process (PID=791) to work on /home/airflow/.local/lib/python3.12/site-packages/airflow/example_dags/example_task_group.py
[2025-04-04T15:52:57.766+0000] {processor.py:914} INFO - Processing file /home/airflow/.local/lib/python3.12/site-packages/airflow/example_dags/example_task_group.py for tasks to queue
[2025-04-04T15:52:57.769+0000] {logging_mixin.py:190} INFO - [2025-04-04T15:52:57.769+0000] {dagbag.py:588} INFO - Filling up the DagBag from /home/airflow/.local/lib/python3.12/site-packages/airflow/example_dags/example_task_group.py
[2025-04-04T15:52:57.780+0000] {processor.py:925} INFO - DAG(s) 'example_task_group' retrieved from /home/airflow/.local/lib/python3.12/site-packages/airflow/example_dags/example_task_group.py
[2025-04-04T15:52:57.807+0000] {logging_mixin.py:190} INFO - [2025-04-04T15:52:57.807+0000] {dag.py:3239} INFO - Sync 1 DAGs
[2025-04-04T15:52:57.825+0000] {logging_mixin.py:190} INFO - [2025-04-04T15:52:57.825+0000] {dag.py:4180} INFO - Setting next_dagrun for example_task_group to None, run_after=None
[2025-04-04T15:52:57.848+0000] {processor.py:208} INFO - Processing /home/airflow/.local/lib/python3.12/site-packages/airflow/example_dags/example_task_group.py took 0.089 seconds
[2025-04-04T15:53:28.347+0000] {processor.py:186} INFO - Started process (PID=855) to work on /home/airflow/.local/lib/python3.12/site-packages/airflow/example_dags/example_task_group.py
[2025-04-04T15:53:28.348+0000] {processor.py:914} INFO - Processing file /home/airflow/.local/lib/python3.12/site-packages/airflow/example_dags/example_task_group.py for tasks to queue
[2025-04-04T15:53:28.351+0000] {logging_mixin.py:190} INFO - [2025-04-04T15:53:28.351+0000] {dagbag.py:588} INFO - Filling up the DagBag from /home/airflow/.local/lib/python3.12/site-packages/airflow/example_dags/example_task_group.py
[2025-04-04T15:53:28.362+0000] {processor.py:925} INFO - DAG(s) 'example_task_group' retrieved from /home/airflow/.local/lib/python3.12/site-packages/airflow/example_dags/example_task_group.py
[2025-04-04T15:53:28.389+0000] {logging_mixin.py:190} INFO - [2025-04-04T15:53:28.389+0000] {dag.py:3239} INFO - Sync 1 DAGs
[2025-04-04T15:53:28.411+0000] {logging_mixin.py:190} INFO - [2025-04-04T15:53:28.410+0000] {dag.py:4180} INFO - Setting next_dagrun for example_task_group to None, run_after=None
[2025-04-04T15:53:28.435+0000] {processor.py:208} INFO - Processing /home/airflow/.local/lib/python3.12/site-packages/airflow/example_dags/example_task_group.py took 0.097 seconds
[2025-04-04T15:53:58.940+0000] {processor.py:186} INFO - Started process (PID=919) to work on /home/airflow/.local/lib/python3.12/site-packages/airflow/example_dags/example_task_group.py
[2025-04-04T15:53:58.941+0000] {processor.py:914} INFO - Processing file /home/airflow/.local/lib/python3.12/site-packages/airflow/example_dags/example_task_group.py for tasks to queue
[2025-04-04T15:53:58.944+0000] {logging_mixin.py:190} INFO - [2025-04-04T15:53:58.943+0000] {dagbag.py:588} INFO - Filling up the DagBag from /home/airflow/.local/lib/python3.12/site-packages/airflow/example_dags/example_task_group.py
[2025-04-04T15:53:58.955+0000] {processor.py:925} INFO - DAG(s) 'example_task_group' retrieved from /home/airflow/.local/lib/python3.12/site-packages/airflow/example_dags/example_task_group.py
[2025-04-04T15:53:58.985+0000] {logging_mixin.py:190} INFO - [2025-04-04T15:53:58.984+0000] {dag.py:3239} INFO - Sync 1 DAGs
[2025-04-04T15:53:59.005+0000] {logging_mixin.py:190} INFO - [2025-04-04T15:53:59.005+0000] {dag.py:4180} INFO - Setting next_dagrun for example_task_group to None, run_after=None
[2025-04-04T15:53:59.032+0000] {processor.py:208} INFO - Processing /home/airflow/.local/lib/python3.12/site-packages/airflow/example_dags/example_task_group.py took 0.102 seconds
[2025-04-04T15:54:29.299+0000] {processor.py:186} INFO - Started process (PID=983) to work on /home/airflow/.local/lib/python3.12/site-packages/airflow/example_dags/example_task_group.py
[2025-04-04T15:54:29.300+0000] {processor.py:914} INFO - Processing file /home/airflow/.local/lib/python3.12/site-packages/airflow/example_dags/example_task_group.py for tasks to queue
[2025-04-04T15:54:29.303+0000] {logging_mixin.py:190} INFO - [2025-04-04T15:54:29.303+0000] {dagbag.py:588} INFO - Filling up the DagBag from /home/airflow/.local/lib/python3.12/site-packages/airflow/example_dags/example_task_group.py
[2025-04-04T15:54:29.315+0000] {processor.py:925} INFO - DAG(s) 'example_task_group' retrieved from /home/airflow/.local/lib/python3.12/site-packages/airflow/example_dags/example_task_group.py
[2025-04-04T15:54:29.341+0000] {logging_mixin.py:190} INFO - [2025-04-04T15:54:29.341+0000] {dag.py:3239} INFO - Sync 1 DAGs
[2025-04-04T15:54:29.360+0000] {logging_mixin.py:190} INFO - [2025-04-04T15:54:29.360+0000] {dag.py:4180} INFO - Setting next_dagrun for example_task_group to None, run_after=None
[2025-04-04T15:54:29.388+0000] {processor.py:208} INFO - Processing /home/airflow/.local/lib/python3.12/site-packages/airflow/example_dags/example_task_group.py took 0.096 seconds
[2025-04-04T15:54:59.858+0000] {processor.py:186} INFO - Started process (PID=1047) to work on /home/airflow/.local/lib/python3.12/site-packages/airflow/example_dags/example_task_group.py
[2025-04-04T15:54:59.859+0000] {processor.py:914} INFO - Processing file /home/airflow/.local/lib/python3.12/site-packages/airflow/example_dags/example_task_group.py for tasks to queue
[2025-04-04T15:54:59.863+0000] {logging_mixin.py:190} INFO - [2025-04-04T15:54:59.862+0000] {dagbag.py:588} INFO - Filling up the DagBag from /home/airflow/.local/lib/python3.12/site-packages/airflow/example_dags/example_task_group.py
[2025-04-04T15:54:59.873+0000] {processor.py:925} INFO - DAG(s) 'example_task_group' retrieved from /home/airflow/.local/lib/python3.12/site-packages/airflow/example_dags/example_task_group.py
[2025-04-04T15:54:59.903+0000] {logging_mixin.py:190} INFO - [2025-04-04T15:54:59.903+0000] {dag.py:3239} INFO - Sync 1 DAGs
[2025-04-04T15:54:59.921+0000] {logging_mixin.py:190} INFO - [2025-04-04T15:54:59.921+0000] {dag.py:4180} INFO - Setting next_dagrun for example_task_group to None, run_after=None
[2025-04-04T15:54:59.946+0000] {processor.py:208} INFO - Processing /home/airflow/.local/lib/python3.12/site-packages/airflow/example_dags/example_task_group.py took 0.097 seconds
[2025-04-04T15:55:30.606+0000] {processor.py:186} INFO - Started process (PID=1111) to work on /home/airflow/.local/lib/python3.12/site-packages/airflow/example_dags/example_task_group.py
[2025-04-04T15:55:30.608+0000] {processor.py:914} INFO - Processing file /home/airflow/.local/lib/python3.12/site-packages/airflow/example_dags/example_task_group.py for tasks to queue
[2025-04-04T15:55:30.611+0000] {logging_mixin.py:190} INFO - [2025-04-04T15:55:30.610+0000] {dagbag.py:588} INFO - Filling up the DagBag from /home/airflow/.local/lib/python3.12/site-packages/airflow/example_dags/example_task_group.py
[2025-04-04T15:55:30.622+0000] {processor.py:925} INFO - DAG(s) 'example_task_group' retrieved from /home/airflow/.local/lib/python3.12/site-packages/airflow/example_dags/example_task_group.py
[2025-04-04T15:55:30.649+0000] {logging_mixin.py:190} INFO - [2025-04-04T15:55:30.649+0000] {dag.py:3239} INFO - Sync 1 DAGs
[2025-04-04T15:55:30.668+0000] {logging_mixin.py:190} INFO - [2025-04-04T15:55:30.668+0000] {dag.py:4180} INFO - Setting next_dagrun for example_task_group to None, run_after=None
[2025-04-04T15:55:30.696+0000] {processor.py:208} INFO - Processing /home/airflow/.local/lib/python3.12/site-packages/airflow/example_dags/example_task_group.py took 0.097 seconds
[2025-04-04T15:56:01.616+0000] {processor.py:186} INFO - Started process (PID=1175) to work on /home/airflow/.local/lib/python3.12/site-packages/airflow/example_dags/example_task_group.py
[2025-04-04T15:56:01.617+0000] {processor.py:914} INFO - Processing file /home/airflow/.local/lib/python3.12/site-packages/airflow/example_dags/example_task_group.py for tasks to queue
[2025-04-04T15:56:01.620+0000] {logging_mixin.py:190} INFO - [2025-04-04T15:56:01.620+0000] {dagbag.py:588} INFO - Filling up the DagBag from /home/airflow/.local/lib/python3.12/site-packages/airflow/example_dags/example_task_group.py
[2025-04-04T15:56:01.630+0000] {processor.py:925} INFO - DAG(s) 'example_task_group' retrieved from /home/airflow/.local/lib/python3.12/site-packages/airflow/example_dags/example_task_group.py
[2025-04-04T15:56:01.656+0000] {logging_mixin.py:190} INFO - [2025-04-04T15:56:01.656+0000] {dag.py:3239} INFO - Sync 1 DAGs
[2025-04-04T15:56:01.675+0000] {logging_mixin.py:190} INFO - [2025-04-04T15:56:01.674+0000] {dag.py:4180} INFO - Setting next_dagrun for example_task_group to None, run_after=None
[2025-04-04T15:56:01.701+0000] {processor.py:208} INFO - Processing /home/airflow/.local/lib/python3.12/site-packages/airflow/example_dags/example_task_group.py took 0.092 seconds
[2025-04-04T15:56:32.595+0000] {processor.py:186} INFO - Started process (PID=1239) to work on /home/airflow/.local/lib/python3.12/site-packages/airflow/example_dags/example_task_group.py
[2025-04-04T15:56:32.597+0000] {processor.py:914} INFO - Processing file /home/airflow/.local/lib/python3.12/site-packages/airflow/example_dags/example_task_group.py for tasks to queue
[2025-04-04T15:56:32.601+0000] {logging_mixin.py:190} INFO - [2025-04-04T15:56:32.601+0000] {dagbag.py:588} INFO - Filling up the DagBag from /home/airflow/.local/lib/python3.12/site-packages/airflow/example_dags/example_task_group.py
[2025-04-04T15:56:32.615+0000] {processor.py:925} INFO - DAG(s) 'example_task_group' retrieved from /home/airflow/.local/lib/python3.12/site-packages/airflow/example_dags/example_task_group.py
[2025-04-04T15:56:32.649+0000] {logging_mixin.py:190} INFO - [2025-04-04T15:56:32.649+0000] {dag.py:3239} INFO - Sync 1 DAGs
[2025-04-04T15:56:32.672+0000] {logging_mixin.py:190} INFO - [2025-04-04T15:56:32.672+0000] {dag.py:4180} INFO - Setting next_dagrun for example_task_group to None, run_after=None
[2025-04-04T15:56:32.746+0000] {processor.py:208} INFO - Processing /home/airflow/.local/lib/python3.12/site-packages/airflow/example_dags/example_task_group.py took 0.161 seconds
[2025-04-04T15:57:03.494+0000] {processor.py:186} INFO - Started process (PID=1303) to work on /home/airflow/.local/lib/python3.12/site-packages/airflow/example_dags/example_task_group.py
[2025-04-04T15:57:03.496+0000] {processor.py:914} INFO - Processing file /home/airflow/.local/lib/python3.12/site-packages/airflow/example_dags/example_task_group.py for tasks to queue
[2025-04-04T15:57:03.500+0000] {logging_mixin.py:190} INFO - [2025-04-04T15:57:03.500+0000] {dagbag.py:588} INFO - Filling up the DagBag from /home/airflow/.local/lib/python3.12/site-packages/airflow/example_dags/example_task_group.py
[2025-04-04T15:57:03.516+0000] {processor.py:925} INFO - DAG(s) 'example_task_group' retrieved from /home/airflow/.local/lib/python3.12/site-packages/airflow/example_dags/example_task_group.py
[2025-04-04T15:57:03.565+0000] {logging_mixin.py:190} INFO - [2025-04-04T15:57:03.565+0000] {dag.py:3239} INFO - Sync 1 DAGs
[2025-04-04T15:57:03.593+0000] {logging_mixin.py:190} INFO - [2025-04-04T15:57:03.593+0000] {dag.py:4180} INFO - Setting next_dagrun for example_task_group to None, run_after=None
[2025-04-04T15:57:03.623+0000] {processor.py:208} INFO - Processing /home/airflow/.local/lib/python3.12/site-packages/airflow/example_dags/example_task_group.py took 0.143 seconds
[2025-04-04T15:57:34.540+0000] {processor.py:186} INFO - Started process (PID=1367) to work on /home/airflow/.local/lib/python3.12/site-packages/airflow/example_dags/example_task_group.py
[2025-04-04T15:57:34.541+0000] {processor.py:914} INFO - Processing file /home/airflow/.local/lib/python3.12/site-packages/airflow/example_dags/example_task_group.py for tasks to queue
[2025-04-04T15:57:34.545+0000] {logging_mixin.py:190} INFO - [2025-04-04T15:57:34.545+0000] {dagbag.py:588} INFO - Filling up the DagBag from /home/airflow/.local/lib/python3.12/site-packages/airflow/example_dags/example_task_group.py
[2025-04-04T15:57:34.564+0000] {processor.py:925} INFO - DAG(s) 'example_task_group' retrieved from /home/airflow/.local/lib/python3.12/site-packages/airflow/example_dags/example_task_group.py
[2025-04-04T15:57:34.604+0000] {logging_mixin.py:190} INFO - [2025-04-04T15:57:34.603+0000] {dag.py:3239} INFO - Sync 1 DAGs
[2025-04-04T15:57:34.627+0000] {logging_mixin.py:190} INFO - [2025-04-04T15:57:34.627+0000] {dag.py:4180} INFO - Setting next_dagrun for example_task_group to None, run_after=None
[2025-04-04T15:57:34.663+0000] {processor.py:208} INFO - Processing /home/airflow/.local/lib/python3.12/site-packages/airflow/example_dags/example_task_group.py took 0.143 seconds
[2025-04-04T15:58:04.814+0000] {processor.py:186} INFO - Started process (PID=1431) to work on /home/airflow/.local/lib/python3.12/site-packages/airflow/example_dags/example_task_group.py
[2025-04-04T15:58:04.815+0000] {processor.py:914} INFO - Processing file /home/airflow/.local/lib/python3.12/site-packages/airflow/example_dags/example_task_group.py for tasks to queue
[2025-04-04T15:58:04.818+0000] {logging_mixin.py:190} INFO - [2025-04-04T15:58:04.817+0000] {dagbag.py:588} INFO - Filling up the DagBag from /home/airflow/.local/lib/python3.12/site-packages/airflow/example_dags/example_task_group.py
[2025-04-04T15:58:04.831+0000] {processor.py:925} INFO - DAG(s) 'example_task_group' retrieved from /home/airflow/.local/lib/python3.12/site-packages/airflow/example_dags/example_task_group.py
[2025-04-04T15:58:04.863+0000] {logging_mixin.py:190} INFO - [2025-04-04T15:58:04.862+0000] {dag.py:3239} INFO - Sync 1 DAGs
[2025-04-04T15:58:04.888+0000] {logging_mixin.py:190} INFO - [2025-04-04T15:58:04.888+0000] {dag.py:4180} INFO - Setting next_dagrun for example_task_group to None, run_after=None
[2025-04-04T15:58:04.917+0000] {processor.py:208} INFO - Processing /home/airflow/.local/lib/python3.12/site-packages/airflow/example_dags/example_task_group.py took 0.112 seconds
[2025-04-04T15:58:35.799+0000] {processor.py:186} INFO - Started process (PID=1495) to work on /home/airflow/.local/lib/python3.12/site-packages/airflow/example_dags/example_task_group.py
[2025-04-04T15:58:35.800+0000] {processor.py:914} INFO - Processing file /home/airflow/.local/lib/python3.12/site-packages/airflow/example_dags/example_task_group.py for tasks to queue
[2025-04-04T15:58:35.803+0000] {logging_mixin.py:190} INFO - [2025-04-04T15:58:35.803+0000] {dagbag.py:588} INFO - Filling up the DagBag from /home/airflow/.local/lib/python3.12/site-packages/airflow/example_dags/example_task_group.py
[2025-04-04T15:58:35.814+0000] {processor.py:925} INFO - DAG(s) 'example_task_group' retrieved from /home/airflow/.local/lib/python3.12/site-packages/airflow/example_dags/example_task_group.py
[2025-04-04T15:58:35.848+0000] {logging_mixin.py:190} INFO - [2025-04-04T15:58:35.848+0000] {dag.py:3239} INFO - Sync 1 DAGs
[2025-04-04T15:58:35.867+0000] {logging_mixin.py:190} INFO - [2025-04-04T15:58:35.866+0000] {dag.py:4180} INFO - Setting next_dagrun for example_task_group to None, run_after=None
[2025-04-04T15:58:35.891+0000] {processor.py:208} INFO - Processing /home/airflow/.local/lib/python3.12/site-packages/airflow/example_dags/example_task_group.py took 0.099 seconds
[2025-04-04T16:00:50.454+0000] {processor.py:186} INFO - Started process (PID=87) to work on /home/airflow/.local/lib/python3.12/site-packages/airflow/example_dags/example_task_group.py
[2025-04-04T16:00:50.455+0000] {processor.py:914} INFO - Processing file /home/airflow/.local/lib/python3.12/site-packages/airflow/example_dags/example_task_group.py for tasks to queue
[2025-04-04T16:00:50.459+0000] {logging_mixin.py:190} INFO - [2025-04-04T16:00:50.459+0000] {dagbag.py:588} INFO - Filling up the DagBag from /home/airflow/.local/lib/python3.12/site-packages/airflow/example_dags/example_task_group.py
[2025-04-04T16:00:50.478+0000] {processor.py:925} INFO - DAG(s) 'example_task_group' retrieved from /home/airflow/.local/lib/python3.12/site-packages/airflow/example_dags/example_task_group.py
[2025-04-04T16:00:50.524+0000] {logging_mixin.py:190} INFO - [2025-04-04T16:00:50.524+0000] {dag.py:3239} INFO - Sync 1 DAGs
[2025-04-04T16:00:50.560+0000] {logging_mixin.py:190} INFO - [2025-04-04T16:00:50.559+0000] {dag.py:4180} INFO - Setting next_dagrun for example_task_group to None, run_after=None
[2025-04-04T16:00:50.589+0000] {processor.py:208} INFO - Processing /home/airflow/.local/lib/python3.12/site-packages/airflow/example_dags/example_task_group.py took 0.147 seconds
[2025-04-04T16:01:20.702+0000] {processor.py:186} INFO - Started process (PID=150) to work on /home/airflow/.local/lib/python3.12/site-packages/airflow/example_dags/example_task_group.py
[2025-04-04T16:01:20.703+0000] {processor.py:914} INFO - Processing file /home/airflow/.local/lib/python3.12/site-packages/airflow/example_dags/example_task_group.py for tasks to queue
[2025-04-04T16:01:20.706+0000] {logging_mixin.py:190} INFO - [2025-04-04T16:01:20.706+0000] {dagbag.py:588} INFO - Filling up the DagBag from /home/airflow/.local/lib/python3.12/site-packages/airflow/example_dags/example_task_group.py
[2025-04-04T16:01:20.720+0000] {processor.py:925} INFO - DAG(s) 'example_task_group' retrieved from /home/airflow/.local/lib/python3.12/site-packages/airflow/example_dags/example_task_group.py
[2025-04-04T16:01:20.756+0000] {logging_mixin.py:190} INFO - [2025-04-04T16:01:20.756+0000] {dag.py:3239} INFO - Sync 1 DAGs
[2025-04-04T16:01:20.782+0000] {logging_mixin.py:190} INFO - [2025-04-04T16:01:20.781+0000] {dag.py:4180} INFO - Setting next_dagrun for example_task_group to None, run_after=None
[2025-04-04T16:01:20.812+0000] {processor.py:208} INFO - Processing /home/airflow/.local/lib/python3.12/site-packages/airflow/example_dags/example_task_group.py took 0.118 seconds
[2025-04-04T16:01:51.562+0000] {processor.py:186} INFO - Started process (PID=214) to work on /home/airflow/.local/lib/python3.12/site-packages/airflow/example_dags/example_task_group.py
[2025-04-04T16:01:51.564+0000] {processor.py:914} INFO - Processing file /home/airflow/.local/lib/python3.12/site-packages/airflow/example_dags/example_task_group.py for tasks to queue
[2025-04-04T16:01:51.567+0000] {logging_mixin.py:190} INFO - [2025-04-04T16:01:51.566+0000] {dagbag.py:588} INFO - Filling up the DagBag from /home/airflow/.local/lib/python3.12/site-packages/airflow/example_dags/example_task_group.py
[2025-04-04T16:01:51.579+0000] {processor.py:925} INFO - DAG(s) 'example_task_group' retrieved from /home/airflow/.local/lib/python3.12/site-packages/airflow/example_dags/example_task_group.py
[2025-04-04T16:01:51.608+0000] {logging_mixin.py:190} INFO - [2025-04-04T16:01:51.608+0000] {dag.py:3239} INFO - Sync 1 DAGs
[2025-04-04T16:01:51.627+0000] {logging_mixin.py:190} INFO - [2025-04-04T16:01:51.627+0000] {dag.py:4180} INFO - Setting next_dagrun for example_task_group to None, run_after=None
[2025-04-04T16:01:51.654+0000] {processor.py:208} INFO - Processing /home/airflow/.local/lib/python3.12/site-packages/airflow/example_dags/example_task_group.py took 0.101 seconds
[2025-04-04T16:02:21.779+0000] {processor.py:186} INFO - Started process (PID=278) to work on /home/airflow/.local/lib/python3.12/site-packages/airflow/example_dags/example_task_group.py
[2025-04-04T16:02:21.780+0000] {processor.py:914} INFO - Processing file /home/airflow/.local/lib/python3.12/site-packages/airflow/example_dags/example_task_group.py for tasks to queue
[2025-04-04T16:02:21.783+0000] {logging_mixin.py:190} INFO - [2025-04-04T16:02:21.782+0000] {dagbag.py:588} INFO - Filling up the DagBag from /home/airflow/.local/lib/python3.12/site-packages/airflow/example_dags/example_task_group.py
[2025-04-04T16:02:21.797+0000] {processor.py:925} INFO - DAG(s) 'example_task_group' retrieved from /home/airflow/.local/lib/python3.12/site-packages/airflow/example_dags/example_task_group.py
[2025-04-04T16:02:21.832+0000] {logging_mixin.py:190} INFO - [2025-04-04T16:02:21.831+0000] {dag.py:3239} INFO - Sync 1 DAGs
[2025-04-04T16:02:21.852+0000] {logging_mixin.py:190} INFO - [2025-04-04T16:02:21.852+0000] {dag.py:4180} INFO - Setting next_dagrun for example_task_group to None, run_after=None
[2025-04-04T16:02:21.876+0000] {processor.py:208} INFO - Processing /home/airflow/.local/lib/python3.12/site-packages/airflow/example_dags/example_task_group.py took 0.105 seconds
[2025-04-04T16:02:51.982+0000] {processor.py:186} INFO - Started process (PID=342) to work on /home/airflow/.local/lib/python3.12/site-packages/airflow/example_dags/example_task_group.py
[2025-04-04T16:02:51.984+0000] {processor.py:914} INFO - Processing file /home/airflow/.local/lib/python3.12/site-packages/airflow/example_dags/example_task_group.py for tasks to queue
[2025-04-04T16:02:51.987+0000] {logging_mixin.py:190} INFO - [2025-04-04T16:02:51.986+0000] {dagbag.py:588} INFO - Filling up the DagBag from /home/airflow/.local/lib/python3.12/site-packages/airflow/example_dags/example_task_group.py
[2025-04-04T16:02:51.999+0000] {processor.py:925} INFO - DAG(s) 'example_task_group' retrieved from /home/airflow/.local/lib/python3.12/site-packages/airflow/example_dags/example_task_group.py
[2025-04-04T16:02:52.027+0000] {logging_mixin.py:190} INFO - [2025-04-04T16:02:52.027+0000] {dag.py:3239} INFO - Sync 1 DAGs
[2025-04-04T16:02:52.046+0000] {logging_mixin.py:190} INFO - [2025-04-04T16:02:52.046+0000] {dag.py:4180} INFO - Setting next_dagrun for example_task_group to None, run_after=None
[2025-04-04T16:02:52.069+0000] {processor.py:208} INFO - Processing /home/airflow/.local/lib/python3.12/site-packages/airflow/example_dags/example_task_group.py took 0.094 seconds
