[2025-04-04T15:44:02.068+0000] {processor.py:186} INFO - Started process (PID=76) to work on /home/airflow/.local/lib/python3.12/site-packages/airflow/example_dags/example_setup_teardown.py
[2025-04-04T15:44:02.070+0000] {processor.py:914} INFO - Processing file /home/airflow/.local/lib/python3.12/site-packages/airflow/example_dags/example_setup_teardown.py for tasks to queue
[2025-04-04T15:44:02.077+0000] {logging_mixin.py:190} INFO - [2025-04-04T15:44:02.076+0000] {dagbag.py:588} INFO - Filling up the DagBag from /home/airflow/.local/lib/python3.12/site-packages/airflow/example_dags/example_setup_teardown.py
[2025-04-04T15:44:02.128+0000] {processor.py:925} INFO - DAG(s) 'example_setup_teardown' retrieved from /home/airflow/.local/lib/python3.12/site-packages/airflow/example_dags/example_setup_teardown.py
[2025-04-04T15:44:02.565+0000] {logging_mixin.py:190} INFO - [2025-04-04T15:44:02.564+0000] {override.py:1912} INFO - Created Permission View: can edit on DAG:example_setup_teardown
[2025-04-04T15:44:02.614+0000] {logging_mixin.py:190} INFO - [2025-04-04T15:44:02.613+0000] {override.py:1912} INFO - Created Permission View: can read on DAG:example_setup_teardown
[2025-04-04T15:44:02.641+0000] {logging_mixin.py:190} INFO - [2025-04-04T15:44:02.640+0000] {override.py:1912} INFO - Created Permission View: can delete on DAG:example_setup_teardown
[2025-04-04T15:44:02.677+0000] {logging_mixin.py:190} INFO - [2025-04-04T15:44:02.676+0000] {override.py:1912} INFO - Created Permission View: menu access on DAG Run:example_setup_teardown
[2025-04-04T15:44:02.707+0000] {logging_mixin.py:190} INFO - [2025-04-04T15:44:02.707+0000] {override.py:1912} INFO - Created Permission View: can read on DAG Run:example_setup_teardown
[2025-04-04T15:44:02.739+0000] {logging_mixin.py:190} INFO - [2025-04-04T15:44:02.738+0000] {override.py:1912} INFO - Created Permission View: can create on DAG Run:example_setup_teardown
[2025-04-04T15:44:02.769+0000] {logging_mixin.py:190} INFO - [2025-04-04T15:44:02.769+0000] {override.py:1912} INFO - Created Permission View: can delete on DAG Run:example_setup_teardown
[2025-04-04T15:44:02.770+0000] {logging_mixin.py:190} INFO - [2025-04-04T15:44:02.770+0000] {dag.py:3239} INFO - Sync 1 DAGs
[2025-04-04T15:44:02.821+0000] {logging_mixin.py:190} INFO - [2025-04-04T15:44:02.820+0000] {dag.py:3262} INFO - Creating ORM DAG for example_setup_teardown
[2025-04-04T15:44:02.825+0000] {logging_mixin.py:190} INFO - [2025-04-04T15:44:02.825+0000] {dag.py:4180} INFO - Setting next_dagrun for example_setup_teardown to None, run_after=None
[2025-04-04T15:44:02.878+0000] {processor.py:208} INFO - Processing /home/airflow/.local/lib/python3.12/site-packages/airflow/example_dags/example_setup_teardown.py took 0.847 seconds
[2025-04-04T15:44:33.397+0000] {processor.py:186} INFO - Started process (PID=139) to work on /home/airflow/.local/lib/python3.12/site-packages/airflow/example_dags/example_setup_teardown.py
[2025-04-04T15:44:33.398+0000] {processor.py:914} INFO - Processing file /home/airflow/.local/lib/python3.12/site-packages/airflow/example_dags/example_setup_teardown.py for tasks to queue
[2025-04-04T15:44:33.401+0000] {logging_mixin.py:190} INFO - [2025-04-04T15:44:33.401+0000] {dagbag.py:588} INFO - Filling up the DagBag from /home/airflow/.local/lib/python3.12/site-packages/airflow/example_dags/example_setup_teardown.py
[2025-04-04T15:44:33.412+0000] {processor.py:925} INFO - DAG(s) 'example_setup_teardown' retrieved from /home/airflow/.local/lib/python3.12/site-packages/airflow/example_dags/example_setup_teardown.py
[2025-04-04T15:44:33.442+0000] {logging_mixin.py:190} INFO - [2025-04-04T15:44:33.442+0000] {dag.py:3239} INFO - Sync 1 DAGs
[2025-04-04T15:44:33.463+0000] {logging_mixin.py:190} INFO - [2025-04-04T15:44:33.462+0000] {dag.py:4180} INFO - Setting next_dagrun for example_setup_teardown to None, run_after=None
[2025-04-04T15:44:33.487+0000] {processor.py:208} INFO - Processing /home/airflow/.local/lib/python3.12/site-packages/airflow/example_dags/example_setup_teardown.py took 0.097 seconds
[2025-04-04T15:45:04.032+0000] {processor.py:186} INFO - Started process (PID=202) to work on /home/airflow/.local/lib/python3.12/site-packages/airflow/example_dags/example_setup_teardown.py
[2025-04-04T15:45:04.034+0000] {processor.py:914} INFO - Processing file /home/airflow/.local/lib/python3.12/site-packages/airflow/example_dags/example_setup_teardown.py for tasks to queue
[2025-04-04T15:45:04.038+0000] {logging_mixin.py:190} INFO - [2025-04-04T15:45:04.037+0000] {dagbag.py:588} INFO - Filling up the DagBag from /home/airflow/.local/lib/python3.12/site-packages/airflow/example_dags/example_setup_teardown.py
[2025-04-04T15:45:04.052+0000] {processor.py:925} INFO - DAG(s) 'example_setup_teardown' retrieved from /home/airflow/.local/lib/python3.12/site-packages/airflow/example_dags/example_setup_teardown.py
[2025-04-04T15:45:04.091+0000] {logging_mixin.py:190} INFO - [2025-04-04T15:45:04.091+0000] {dag.py:3239} INFO - Sync 1 DAGs
[2025-04-04T15:45:04.114+0000] {logging_mixin.py:190} INFO - [2025-04-04T15:45:04.114+0000] {dag.py:4180} INFO - Setting next_dagrun for example_setup_teardown to None, run_after=None
[2025-04-04T15:45:04.144+0000] {processor.py:208} INFO - Processing /home/airflow/.local/lib/python3.12/site-packages/airflow/example_dags/example_setup_teardown.py took 0.124 seconds
[2025-04-04T15:45:34.862+0000] {processor.py:186} INFO - Started process (PID=265) to work on /home/airflow/.local/lib/python3.12/site-packages/airflow/example_dags/example_setup_teardown.py
[2025-04-04T15:45:34.864+0000] {processor.py:914} INFO - Processing file /home/airflow/.local/lib/python3.12/site-packages/airflow/example_dags/example_setup_teardown.py for tasks to queue
[2025-04-04T15:45:34.867+0000] {logging_mixin.py:190} INFO - [2025-04-04T15:45:34.867+0000] {dagbag.py:588} INFO - Filling up the DagBag from /home/airflow/.local/lib/python3.12/site-packages/airflow/example_dags/example_setup_teardown.py
[2025-04-04T15:45:34.880+0000] {processor.py:925} INFO - DAG(s) 'example_setup_teardown' retrieved from /home/airflow/.local/lib/python3.12/site-packages/airflow/example_dags/example_setup_teardown.py
[2025-04-04T15:45:34.910+0000] {logging_mixin.py:190} INFO - [2025-04-04T15:45:34.909+0000] {dag.py:3239} INFO - Sync 1 DAGs
[2025-04-04T15:45:34.929+0000] {logging_mixin.py:190} INFO - [2025-04-04T15:45:34.928+0000] {dag.py:4180} INFO - Setting next_dagrun for example_setup_teardown to None, run_after=None
[2025-04-04T15:45:34.955+0000] {processor.py:208} INFO - Processing /home/airflow/.local/lib/python3.12/site-packages/airflow/example_dags/example_setup_teardown.py took 0.101 seconds
[2025-04-04T15:46:05.200+0000] {processor.py:186} INFO - Started process (PID=328) to work on /home/airflow/.local/lib/python3.12/site-packages/airflow/example_dags/example_setup_teardown.py
[2025-04-04T15:46:05.202+0000] {processor.py:914} INFO - Processing file /home/airflow/.local/lib/python3.12/site-packages/airflow/example_dags/example_setup_teardown.py for tasks to queue
[2025-04-04T15:46:05.206+0000] {logging_mixin.py:190} INFO - [2025-04-04T15:46:05.206+0000] {dagbag.py:588} INFO - Filling up the DagBag from /home/airflow/.local/lib/python3.12/site-packages/airflow/example_dags/example_setup_teardown.py
[2025-04-04T15:46:05.217+0000] {processor.py:925} INFO - DAG(s) 'example_setup_teardown' retrieved from /home/airflow/.local/lib/python3.12/site-packages/airflow/example_dags/example_setup_teardown.py
[2025-04-04T15:46:05.247+0000] {logging_mixin.py:190} INFO - [2025-04-04T15:46:05.247+0000] {dag.py:3239} INFO - Sync 1 DAGs
[2025-04-04T15:46:05.272+0000] {logging_mixin.py:190} INFO - [2025-04-04T15:46:05.272+0000] {dag.py:4180} INFO - Setting next_dagrun for example_setup_teardown to None, run_after=None
[2025-04-04T15:46:05.300+0000] {processor.py:208} INFO - Processing /home/airflow/.local/lib/python3.12/site-packages/airflow/example_dags/example_setup_teardown.py took 0.108 seconds
[2025-04-04T15:47:17.095+0000] {processor.py:186} INFO - Started process (PID=70) to work on /home/airflow/.local/lib/python3.12/site-packages/airflow/example_dags/example_setup_teardown.py
[2025-04-04T15:47:17.096+0000] {processor.py:914} INFO - Processing file /home/airflow/.local/lib/python3.12/site-packages/airflow/example_dags/example_setup_teardown.py for tasks to queue
[2025-04-04T15:47:17.100+0000] {logging_mixin.py:190} INFO - [2025-04-04T15:47:17.099+0000] {dagbag.py:588} INFO - Filling up the DagBag from /home/airflow/.local/lib/python3.12/site-packages/airflow/example_dags/example_setup_teardown.py
[2025-04-04T15:47:17.116+0000] {processor.py:925} INFO - DAG(s) 'example_setup_teardown' retrieved from /home/airflow/.local/lib/python3.12/site-packages/airflow/example_dags/example_setup_teardown.py
[2025-04-04T15:47:17.165+0000] {logging_mixin.py:190} INFO - [2025-04-04T15:47:17.164+0000] {dag.py:3239} INFO - Sync 1 DAGs
[2025-04-04T15:47:17.194+0000] {logging_mixin.py:190} INFO - [2025-04-04T15:47:17.193+0000] {dag.py:4180} INFO - Setting next_dagrun for example_setup_teardown to None, run_after=None
[2025-04-04T15:47:17.225+0000] {processor.py:208} INFO - Processing /home/airflow/.local/lib/python3.12/site-packages/airflow/example_dags/example_setup_teardown.py took 0.141 seconds
[2025-04-04T15:47:47.480+0000] {processor.py:186} INFO - Started process (PID=134) to work on /home/airflow/.local/lib/python3.12/site-packages/airflow/example_dags/example_setup_teardown.py
[2025-04-04T15:47:47.482+0000] {processor.py:914} INFO - Processing file /home/airflow/.local/lib/python3.12/site-packages/airflow/example_dags/example_setup_teardown.py for tasks to queue
[2025-04-04T15:47:47.487+0000] {logging_mixin.py:190} INFO - [2025-04-04T15:47:47.487+0000] {dagbag.py:588} INFO - Filling up the DagBag from /home/airflow/.local/lib/python3.12/site-packages/airflow/example_dags/example_setup_teardown.py
[2025-04-04T15:47:47.499+0000] {processor.py:925} INFO - DAG(s) 'example_setup_teardown' retrieved from /home/airflow/.local/lib/python3.12/site-packages/airflow/example_dags/example_setup_teardown.py
[2025-04-04T15:47:47.526+0000] {logging_mixin.py:190} INFO - [2025-04-04T15:47:47.525+0000] {dag.py:3239} INFO - Sync 1 DAGs
[2025-04-04T15:47:47.556+0000] {logging_mixin.py:190} INFO - [2025-04-04T15:47:47.556+0000] {dag.py:4180} INFO - Setting next_dagrun for example_setup_teardown to None, run_after=None
[2025-04-04T15:47:47.587+0000] {processor.py:208} INFO - Processing /home/airflow/.local/lib/python3.12/site-packages/airflow/example_dags/example_setup_teardown.py took 0.119 seconds
[2025-04-04T15:48:17.890+0000] {processor.py:186} INFO - Started process (PID=198) to work on /home/airflow/.local/lib/python3.12/site-packages/airflow/example_dags/example_setup_teardown.py
[2025-04-04T15:48:17.892+0000] {processor.py:914} INFO - Processing file /home/airflow/.local/lib/python3.12/site-packages/airflow/example_dags/example_setup_teardown.py for tasks to queue
[2025-04-04T15:48:17.896+0000] {logging_mixin.py:190} INFO - [2025-04-04T15:48:17.895+0000] {dagbag.py:588} INFO - Filling up the DagBag from /home/airflow/.local/lib/python3.12/site-packages/airflow/example_dags/example_setup_teardown.py
[2025-04-04T15:48:17.913+0000] {processor.py:925} INFO - DAG(s) 'example_setup_teardown' retrieved from /home/airflow/.local/lib/python3.12/site-packages/airflow/example_dags/example_setup_teardown.py
[2025-04-04T15:48:17.953+0000] {logging_mixin.py:190} INFO - [2025-04-04T15:48:17.952+0000] {dag.py:3239} INFO - Sync 1 DAGs
[2025-04-04T15:48:17.986+0000] {logging_mixin.py:190} INFO - [2025-04-04T15:48:17.985+0000] {dag.py:4180} INFO - Setting next_dagrun for example_setup_teardown to None, run_after=None
[2025-04-04T15:48:18.034+0000] {processor.py:208} INFO - Processing /home/airflow/.local/lib/python3.12/site-packages/airflow/example_dags/example_setup_teardown.py took 0.156 seconds
[2025-04-04T15:48:49.002+0000] {processor.py:186} INFO - Started process (PID=262) to work on /home/airflow/.local/lib/python3.12/site-packages/airflow/example_dags/example_setup_teardown.py
[2025-04-04T15:48:49.003+0000] {processor.py:914} INFO - Processing file /home/airflow/.local/lib/python3.12/site-packages/airflow/example_dags/example_setup_teardown.py for tasks to queue
[2025-04-04T15:48:49.007+0000] {logging_mixin.py:190} INFO - [2025-04-04T15:48:49.007+0000] {dagbag.py:588} INFO - Filling up the DagBag from /home/airflow/.local/lib/python3.12/site-packages/airflow/example_dags/example_setup_teardown.py
[2025-04-04T15:48:49.019+0000] {processor.py:925} INFO - DAG(s) 'example_setup_teardown' retrieved from /home/airflow/.local/lib/python3.12/site-packages/airflow/example_dags/example_setup_teardown.py
[2025-04-04T15:48:49.053+0000] {logging_mixin.py:190} INFO - [2025-04-04T15:48:49.052+0000] {dag.py:3239} INFO - Sync 1 DAGs
[2025-04-04T15:48:49.081+0000] {logging_mixin.py:190} INFO - [2025-04-04T15:48:49.081+0000] {dag.py:4180} INFO - Setting next_dagrun for example_setup_teardown to None, run_after=None
[2025-04-04T15:48:49.115+0000] {processor.py:208} INFO - Processing /home/airflow/.local/lib/python3.12/site-packages/airflow/example_dags/example_setup_teardown.py took 0.123 seconds
[2025-04-04T15:49:19.924+0000] {processor.py:186} INFO - Started process (PID=326) to work on /home/airflow/.local/lib/python3.12/site-packages/airflow/example_dags/example_setup_teardown.py
[2025-04-04T15:49:19.925+0000] {processor.py:914} INFO - Processing file /home/airflow/.local/lib/python3.12/site-packages/airflow/example_dags/example_setup_teardown.py for tasks to queue
[2025-04-04T15:49:19.929+0000] {logging_mixin.py:190} INFO - [2025-04-04T15:49:19.928+0000] {dagbag.py:588} INFO - Filling up the DagBag from /home/airflow/.local/lib/python3.12/site-packages/airflow/example_dags/example_setup_teardown.py
[2025-04-04T15:49:19.940+0000] {processor.py:925} INFO - DAG(s) 'example_setup_teardown' retrieved from /home/airflow/.local/lib/python3.12/site-packages/airflow/example_dags/example_setup_teardown.py
[2025-04-04T15:49:19.966+0000] {logging_mixin.py:190} INFO - [2025-04-04T15:49:19.966+0000] {dag.py:3239} INFO - Sync 1 DAGs
[2025-04-04T15:49:19.984+0000] {logging_mixin.py:190} INFO - [2025-04-04T15:49:19.984+0000] {dag.py:4180} INFO - Setting next_dagrun for example_setup_teardown to None, run_after=None
[2025-04-04T15:49:20.009+0000] {processor.py:208} INFO - Processing /home/airflow/.local/lib/python3.12/site-packages/airflow/example_dags/example_setup_teardown.py took 0.094 seconds
[2025-04-04T15:49:50.221+0000] {processor.py:186} INFO - Started process (PID=390) to work on /home/airflow/.local/lib/python3.12/site-packages/airflow/example_dags/example_setup_teardown.py
[2025-04-04T15:49:50.223+0000] {processor.py:914} INFO - Processing file /home/airflow/.local/lib/python3.12/site-packages/airflow/example_dags/example_setup_teardown.py for tasks to queue
[2025-04-04T15:49:50.226+0000] {logging_mixin.py:190} INFO - [2025-04-04T15:49:50.226+0000] {dagbag.py:588} INFO - Filling up the DagBag from /home/airflow/.local/lib/python3.12/site-packages/airflow/example_dags/example_setup_teardown.py
[2025-04-04T15:49:50.236+0000] {processor.py:925} INFO - DAG(s) 'example_setup_teardown' retrieved from /home/airflow/.local/lib/python3.12/site-packages/airflow/example_dags/example_setup_teardown.py
[2025-04-04T15:49:50.263+0000] {logging_mixin.py:190} INFO - [2025-04-04T15:49:50.262+0000] {dag.py:3239} INFO - Sync 1 DAGs
[2025-04-04T15:49:50.281+0000] {logging_mixin.py:190} INFO - [2025-04-04T15:49:50.280+0000] {dag.py:4180} INFO - Setting next_dagrun for example_setup_teardown to None, run_after=None
[2025-04-04T15:49:50.304+0000] {processor.py:208} INFO - Processing /home/airflow/.local/lib/python3.12/site-packages/airflow/example_dags/example_setup_teardown.py took 0.090 seconds
[2025-04-04T15:50:20.929+0000] {processor.py:186} INFO - Started process (PID=454) to work on /home/airflow/.local/lib/python3.12/site-packages/airflow/example_dags/example_setup_teardown.py
[2025-04-04T15:50:20.931+0000] {processor.py:914} INFO - Processing file /home/airflow/.local/lib/python3.12/site-packages/airflow/example_dags/example_setup_teardown.py for tasks to queue
[2025-04-04T15:50:20.934+0000] {logging_mixin.py:190} INFO - [2025-04-04T15:50:20.934+0000] {dagbag.py:588} INFO - Filling up the DagBag from /home/airflow/.local/lib/python3.12/site-packages/airflow/example_dags/example_setup_teardown.py
[2025-04-04T15:50:20.946+0000] {processor.py:925} INFO - DAG(s) 'example_setup_teardown' retrieved from /home/airflow/.local/lib/python3.12/site-packages/airflow/example_dags/example_setup_teardown.py
[2025-04-04T15:50:20.974+0000] {logging_mixin.py:190} INFO - [2025-04-04T15:50:20.974+0000] {dag.py:3239} INFO - Sync 1 DAGs
[2025-04-04T15:50:20.994+0000] {logging_mixin.py:190} INFO - [2025-04-04T15:50:20.994+0000] {dag.py:4180} INFO - Setting next_dagrun for example_setup_teardown to None, run_after=None
[2025-04-04T15:50:21.022+0000] {processor.py:208} INFO - Processing /home/airflow/.local/lib/python3.12/site-packages/airflow/example_dags/example_setup_teardown.py took 0.102 seconds
[2025-04-04T15:50:51.221+0000] {processor.py:186} INFO - Started process (PID=518) to work on /home/airflow/.local/lib/python3.12/site-packages/airflow/example_dags/example_setup_teardown.py
[2025-04-04T15:50:51.224+0000] {processor.py:914} INFO - Processing file /home/airflow/.local/lib/python3.12/site-packages/airflow/example_dags/example_setup_teardown.py for tasks to queue
[2025-04-04T15:50:51.229+0000] {logging_mixin.py:190} INFO - [2025-04-04T15:50:51.228+0000] {dagbag.py:588} INFO - Filling up the DagBag from /home/airflow/.local/lib/python3.12/site-packages/airflow/example_dags/example_setup_teardown.py
[2025-04-04T15:50:51.245+0000] {processor.py:925} INFO - DAG(s) 'example_setup_teardown' retrieved from /home/airflow/.local/lib/python3.12/site-packages/airflow/example_dags/example_setup_teardown.py
[2025-04-04T15:50:51.275+0000] {logging_mixin.py:190} INFO - [2025-04-04T15:50:51.274+0000] {dag.py:3239} INFO - Sync 1 DAGs
[2025-04-04T15:50:51.293+0000] {logging_mixin.py:190} INFO - [2025-04-04T15:50:51.293+0000] {dag.py:4180} INFO - Setting next_dagrun for example_setup_teardown to None, run_after=None
[2025-04-04T15:50:51.316+0000] {processor.py:208} INFO - Processing /home/airflow/.local/lib/python3.12/site-packages/airflow/example_dags/example_setup_teardown.py took 0.105 seconds
[2025-04-04T15:51:22.161+0000] {processor.py:186} INFO - Started process (PID=582) to work on /home/airflow/.local/lib/python3.12/site-packages/airflow/example_dags/example_setup_teardown.py
[2025-04-04T15:51:22.163+0000] {processor.py:914} INFO - Processing file /home/airflow/.local/lib/python3.12/site-packages/airflow/example_dags/example_setup_teardown.py for tasks to queue
[2025-04-04T15:51:22.167+0000] {logging_mixin.py:190} INFO - [2025-04-04T15:51:22.166+0000] {dagbag.py:588} INFO - Filling up the DagBag from /home/airflow/.local/lib/python3.12/site-packages/airflow/example_dags/example_setup_teardown.py
[2025-04-04T15:51:22.178+0000] {processor.py:925} INFO - DAG(s) 'example_setup_teardown' retrieved from /home/airflow/.local/lib/python3.12/site-packages/airflow/example_dags/example_setup_teardown.py
[2025-04-04T15:51:22.208+0000] {logging_mixin.py:190} INFO - [2025-04-04T15:51:22.208+0000] {dag.py:3239} INFO - Sync 1 DAGs
[2025-04-04T15:51:22.228+0000] {logging_mixin.py:190} INFO - [2025-04-04T15:51:22.228+0000] {dag.py:4180} INFO - Setting next_dagrun for example_setup_teardown to None, run_after=None
[2025-04-04T15:51:22.255+0000] {processor.py:208} INFO - Processing /home/airflow/.local/lib/python3.12/site-packages/airflow/example_dags/example_setup_teardown.py took 0.103 seconds
[2025-04-04T15:51:52.354+0000] {processor.py:186} INFO - Started process (PID=646) to work on /home/airflow/.local/lib/python3.12/site-packages/airflow/example_dags/example_setup_teardown.py
[2025-04-04T15:51:52.356+0000] {processor.py:914} INFO - Processing file /home/airflow/.local/lib/python3.12/site-packages/airflow/example_dags/example_setup_teardown.py for tasks to queue
[2025-04-04T15:51:52.359+0000] {logging_mixin.py:190} INFO - [2025-04-04T15:51:52.359+0000] {dagbag.py:588} INFO - Filling up the DagBag from /home/airflow/.local/lib/python3.12/site-packages/airflow/example_dags/example_setup_teardown.py
[2025-04-04T15:51:52.374+0000] {processor.py:925} INFO - DAG(s) 'example_setup_teardown' retrieved from /home/airflow/.local/lib/python3.12/site-packages/airflow/example_dags/example_setup_teardown.py
[2025-04-04T15:51:52.409+0000] {logging_mixin.py:190} INFO - [2025-04-04T15:51:52.409+0000] {dag.py:3239} INFO - Sync 1 DAGs
[2025-04-04T15:51:52.436+0000] {logging_mixin.py:190} INFO - [2025-04-04T15:51:52.435+0000] {dag.py:4180} INFO - Setting next_dagrun for example_setup_teardown to None, run_after=None
[2025-04-04T15:51:52.465+0000] {processor.py:208} INFO - Processing /home/airflow/.local/lib/python3.12/site-packages/airflow/example_dags/example_setup_teardown.py took 0.121 seconds
[2025-04-04T15:52:23.509+0000] {processor.py:186} INFO - Started process (PID=710) to work on /home/airflow/.local/lib/python3.12/site-packages/airflow/example_dags/example_setup_teardown.py
[2025-04-04T15:52:23.511+0000] {processor.py:914} INFO - Processing file /home/airflow/.local/lib/python3.12/site-packages/airflow/example_dags/example_setup_teardown.py for tasks to queue
[2025-04-04T15:52:23.515+0000] {logging_mixin.py:190} INFO - [2025-04-04T15:52:23.514+0000] {dagbag.py:588} INFO - Filling up the DagBag from /home/airflow/.local/lib/python3.12/site-packages/airflow/example_dags/example_setup_teardown.py
[2025-04-04T15:52:23.531+0000] {processor.py:925} INFO - DAG(s) 'example_setup_teardown' retrieved from /home/airflow/.local/lib/python3.12/site-packages/airflow/example_dags/example_setup_teardown.py
[2025-04-04T15:52:23.572+0000] {logging_mixin.py:190} INFO - [2025-04-04T15:52:23.571+0000] {dag.py:3239} INFO - Sync 1 DAGs
[2025-04-04T15:52:23.605+0000] {logging_mixin.py:190} INFO - [2025-04-04T15:52:23.604+0000] {dag.py:4180} INFO - Setting next_dagrun for example_setup_teardown to None, run_after=None
[2025-04-04T15:52:23.661+0000] {processor.py:208} INFO - Processing /home/airflow/.local/lib/python3.12/site-packages/airflow/example_dags/example_setup_teardown.py took 0.164 seconds
[2025-04-04T15:52:54.342+0000] {processor.py:186} INFO - Started process (PID=774) to work on /home/airflow/.local/lib/python3.12/site-packages/airflow/example_dags/example_setup_teardown.py
[2025-04-04T15:52:54.343+0000] {processor.py:914} INFO - Processing file /home/airflow/.local/lib/python3.12/site-packages/airflow/example_dags/example_setup_teardown.py for tasks to queue
[2025-04-04T15:52:54.347+0000] {logging_mixin.py:190} INFO - [2025-04-04T15:52:54.347+0000] {dagbag.py:588} INFO - Filling up the DagBag from /home/airflow/.local/lib/python3.12/site-packages/airflow/example_dags/example_setup_teardown.py
[2025-04-04T15:52:54.362+0000] {processor.py:925} INFO - DAG(s) 'example_setup_teardown' retrieved from /home/airflow/.local/lib/python3.12/site-packages/airflow/example_dags/example_setup_teardown.py
[2025-04-04T15:52:54.392+0000] {logging_mixin.py:190} INFO - [2025-04-04T15:52:54.392+0000] {dag.py:3239} INFO - Sync 1 DAGs
[2025-04-04T15:52:54.418+0000] {logging_mixin.py:190} INFO - [2025-04-04T15:52:54.418+0000] {dag.py:4180} INFO - Setting next_dagrun for example_setup_teardown to None, run_after=None
[2025-04-04T15:52:54.450+0000] {processor.py:208} INFO - Processing /home/airflow/.local/lib/python3.12/site-packages/airflow/example_dags/example_setup_teardown.py took 0.117 seconds
[2025-04-04T15:53:25.086+0000] {processor.py:186} INFO - Started process (PID=838) to work on /home/airflow/.local/lib/python3.12/site-packages/airflow/example_dags/example_setup_teardown.py
[2025-04-04T15:53:25.088+0000] {processor.py:914} INFO - Processing file /home/airflow/.local/lib/python3.12/site-packages/airflow/example_dags/example_setup_teardown.py for tasks to queue
[2025-04-04T15:53:25.092+0000] {logging_mixin.py:190} INFO - [2025-04-04T15:53:25.091+0000] {dagbag.py:588} INFO - Filling up the DagBag from /home/airflow/.local/lib/python3.12/site-packages/airflow/example_dags/example_setup_teardown.py
[2025-04-04T15:53:25.103+0000] {processor.py:925} INFO - DAG(s) 'example_setup_teardown' retrieved from /home/airflow/.local/lib/python3.12/site-packages/airflow/example_dags/example_setup_teardown.py
[2025-04-04T15:53:25.137+0000] {logging_mixin.py:190} INFO - [2025-04-04T15:53:25.137+0000] {dag.py:3239} INFO - Sync 1 DAGs
[2025-04-04T15:53:25.163+0000] {logging_mixin.py:190} INFO - [2025-04-04T15:53:25.163+0000] {dag.py:4180} INFO - Setting next_dagrun for example_setup_teardown to None, run_after=None
[2025-04-04T15:53:25.193+0000] {processor.py:208} INFO - Processing /home/airflow/.local/lib/python3.12/site-packages/airflow/example_dags/example_setup_teardown.py took 0.115 seconds
[2025-04-04T15:53:55.607+0000] {processor.py:186} INFO - Started process (PID=902) to work on /home/airflow/.local/lib/python3.12/site-packages/airflow/example_dags/example_setup_teardown.py
[2025-04-04T15:53:55.608+0000] {processor.py:914} INFO - Processing file /home/airflow/.local/lib/python3.12/site-packages/airflow/example_dags/example_setup_teardown.py for tasks to queue
[2025-04-04T15:53:55.611+0000] {logging_mixin.py:190} INFO - [2025-04-04T15:53:55.611+0000] {dagbag.py:588} INFO - Filling up the DagBag from /home/airflow/.local/lib/python3.12/site-packages/airflow/example_dags/example_setup_teardown.py
[2025-04-04T15:53:55.621+0000] {processor.py:925} INFO - DAG(s) 'example_setup_teardown' retrieved from /home/airflow/.local/lib/python3.12/site-packages/airflow/example_dags/example_setup_teardown.py
[2025-04-04T15:53:55.651+0000] {logging_mixin.py:190} INFO - [2025-04-04T15:53:55.651+0000] {dag.py:3239} INFO - Sync 1 DAGs
[2025-04-04T15:53:55.671+0000] {logging_mixin.py:190} INFO - [2025-04-04T15:53:55.671+0000] {dag.py:4180} INFO - Setting next_dagrun for example_setup_teardown to None, run_after=None
[2025-04-04T15:53:55.698+0000] {processor.py:208} INFO - Processing /home/airflow/.local/lib/python3.12/site-packages/airflow/example_dags/example_setup_teardown.py took 0.099 seconds
[2025-04-04T15:54:25.842+0000] {processor.py:186} INFO - Started process (PID=966) to work on /home/airflow/.local/lib/python3.12/site-packages/airflow/example_dags/example_setup_teardown.py
[2025-04-04T15:54:25.843+0000] {processor.py:914} INFO - Processing file /home/airflow/.local/lib/python3.12/site-packages/airflow/example_dags/example_setup_teardown.py for tasks to queue
[2025-04-04T15:54:25.847+0000] {logging_mixin.py:190} INFO - [2025-04-04T15:54:25.846+0000] {dagbag.py:588} INFO - Filling up the DagBag from /home/airflow/.local/lib/python3.12/site-packages/airflow/example_dags/example_setup_teardown.py
[2025-04-04T15:54:25.857+0000] {processor.py:925} INFO - DAG(s) 'example_setup_teardown' retrieved from /home/airflow/.local/lib/python3.12/site-packages/airflow/example_dags/example_setup_teardown.py
[2025-04-04T15:54:25.887+0000] {logging_mixin.py:190} INFO - [2025-04-04T15:54:25.887+0000] {dag.py:3239} INFO - Sync 1 DAGs
[2025-04-04T15:54:25.909+0000] {logging_mixin.py:190} INFO - [2025-04-04T15:54:25.908+0000] {dag.py:4180} INFO - Setting next_dagrun for example_setup_teardown to None, run_after=None
[2025-04-04T15:54:25.935+0000] {processor.py:208} INFO - Processing /home/airflow/.local/lib/python3.12/site-packages/airflow/example_dags/example_setup_teardown.py took 0.105 seconds
[2025-04-04T15:54:56.478+0000] {processor.py:186} INFO - Started process (PID=1030) to work on /home/airflow/.local/lib/python3.12/site-packages/airflow/example_dags/example_setup_teardown.py
[2025-04-04T15:54:56.479+0000] {processor.py:914} INFO - Processing file /home/airflow/.local/lib/python3.12/site-packages/airflow/example_dags/example_setup_teardown.py for tasks to queue
[2025-04-04T15:54:56.482+0000] {logging_mixin.py:190} INFO - [2025-04-04T15:54:56.481+0000] {dagbag.py:588} INFO - Filling up the DagBag from /home/airflow/.local/lib/python3.12/site-packages/airflow/example_dags/example_setup_teardown.py
[2025-04-04T15:54:56.495+0000] {processor.py:925} INFO - DAG(s) 'example_setup_teardown' retrieved from /home/airflow/.local/lib/python3.12/site-packages/airflow/example_dags/example_setup_teardown.py
[2025-04-04T15:54:56.531+0000] {logging_mixin.py:190} INFO - [2025-04-04T15:54:56.530+0000] {dag.py:3239} INFO - Sync 1 DAGs
[2025-04-04T15:54:56.559+0000] {logging_mixin.py:190} INFO - [2025-04-04T15:54:56.558+0000] {dag.py:4180} INFO - Setting next_dagrun for example_setup_teardown to None, run_after=None
[2025-04-04T15:54:56.589+0000] {processor.py:208} INFO - Processing /home/airflow/.local/lib/python3.12/site-packages/airflow/example_dags/example_setup_teardown.py took 0.122 seconds
[2025-04-04T15:55:27.293+0000] {processor.py:186} INFO - Started process (PID=1094) to work on /home/airflow/.local/lib/python3.12/site-packages/airflow/example_dags/example_setup_teardown.py
[2025-04-04T15:55:27.294+0000] {processor.py:914} INFO - Processing file /home/airflow/.local/lib/python3.12/site-packages/airflow/example_dags/example_setup_teardown.py for tasks to queue
[2025-04-04T15:55:27.297+0000] {logging_mixin.py:190} INFO - [2025-04-04T15:55:27.297+0000] {dagbag.py:588} INFO - Filling up the DagBag from /home/airflow/.local/lib/python3.12/site-packages/airflow/example_dags/example_setup_teardown.py
[2025-04-04T15:55:27.308+0000] {processor.py:925} INFO - DAG(s) 'example_setup_teardown' retrieved from /home/airflow/.local/lib/python3.12/site-packages/airflow/example_dags/example_setup_teardown.py
[2025-04-04T15:55:27.334+0000] {logging_mixin.py:190} INFO - [2025-04-04T15:55:27.334+0000] {dag.py:3239} INFO - Sync 1 DAGs
[2025-04-04T15:55:27.355+0000] {logging_mixin.py:190} INFO - [2025-04-04T15:55:27.355+0000] {dag.py:4180} INFO - Setting next_dagrun for example_setup_teardown to None, run_after=None
[2025-04-04T15:55:27.381+0000] {processor.py:208} INFO - Processing /home/airflow/.local/lib/python3.12/site-packages/airflow/example_dags/example_setup_teardown.py took 0.095 seconds
[2025-04-04T15:55:58.063+0000] {processor.py:186} INFO - Started process (PID=1158) to work on /home/airflow/.local/lib/python3.12/site-packages/airflow/example_dags/example_setup_teardown.py
[2025-04-04T15:55:58.064+0000] {processor.py:914} INFO - Processing file /home/airflow/.local/lib/python3.12/site-packages/airflow/example_dags/example_setup_teardown.py for tasks to queue
[2025-04-04T15:55:58.068+0000] {logging_mixin.py:190} INFO - [2025-04-04T15:55:58.067+0000] {dagbag.py:588} INFO - Filling up the DagBag from /home/airflow/.local/lib/python3.12/site-packages/airflow/example_dags/example_setup_teardown.py
[2025-04-04T15:55:58.085+0000] {processor.py:925} INFO - DAG(s) 'example_setup_teardown' retrieved from /home/airflow/.local/lib/python3.12/site-packages/airflow/example_dags/example_setup_teardown.py
[2025-04-04T15:55:58.124+0000] {logging_mixin.py:190} INFO - [2025-04-04T15:55:58.124+0000] {dag.py:3239} INFO - Sync 1 DAGs
[2025-04-04T15:55:58.156+0000] {logging_mixin.py:190} INFO - [2025-04-04T15:55:58.155+0000] {dag.py:4180} INFO - Setting next_dagrun for example_setup_teardown to None, run_after=None
[2025-04-04T15:55:58.193+0000] {processor.py:208} INFO - Processing /home/airflow/.local/lib/python3.12/site-packages/airflow/example_dags/example_setup_teardown.py took 0.141 seconds
[2025-04-04T15:56:28.786+0000] {processor.py:186} INFO - Started process (PID=1222) to work on /home/airflow/.local/lib/python3.12/site-packages/airflow/example_dags/example_setup_teardown.py
[2025-04-04T15:56:28.787+0000] {processor.py:914} INFO - Processing file /home/airflow/.local/lib/python3.12/site-packages/airflow/example_dags/example_setup_teardown.py for tasks to queue
[2025-04-04T15:56:28.791+0000] {logging_mixin.py:190} INFO - [2025-04-04T15:56:28.790+0000] {dagbag.py:588} INFO - Filling up the DagBag from /home/airflow/.local/lib/python3.12/site-packages/airflow/example_dags/example_setup_teardown.py
[2025-04-04T15:56:28.805+0000] {processor.py:925} INFO - DAG(s) 'example_setup_teardown' retrieved from /home/airflow/.local/lib/python3.12/site-packages/airflow/example_dags/example_setup_teardown.py
[2025-04-04T15:56:28.847+0000] {logging_mixin.py:190} INFO - [2025-04-04T15:56:28.847+0000] {dag.py:3239} INFO - Sync 1 DAGs
[2025-04-04T15:56:28.885+0000] {logging_mixin.py:190} INFO - [2025-04-04T15:56:28.885+0000] {dag.py:4180} INFO - Setting next_dagrun for example_setup_teardown to None, run_after=None
[2025-04-04T15:56:28.920+0000] {processor.py:208} INFO - Processing /home/airflow/.local/lib/python3.12/site-packages/airflow/example_dags/example_setup_teardown.py took 0.143 seconds
[2025-04-04T15:56:59.517+0000] {processor.py:186} INFO - Started process (PID=1286) to work on /home/airflow/.local/lib/python3.12/site-packages/airflow/example_dags/example_setup_teardown.py
[2025-04-04T15:56:59.518+0000] {processor.py:914} INFO - Processing file /home/airflow/.local/lib/python3.12/site-packages/airflow/example_dags/example_setup_teardown.py for tasks to queue
[2025-04-04T15:56:59.522+0000] {logging_mixin.py:190} INFO - [2025-04-04T15:56:59.521+0000] {dagbag.py:588} INFO - Filling up the DagBag from /home/airflow/.local/lib/python3.12/site-packages/airflow/example_dags/example_setup_teardown.py
[2025-04-04T15:56:59.538+0000] {processor.py:925} INFO - DAG(s) 'example_setup_teardown' retrieved from /home/airflow/.local/lib/python3.12/site-packages/airflow/example_dags/example_setup_teardown.py
[2025-04-04T15:56:59.568+0000] {logging_mixin.py:190} INFO - [2025-04-04T15:56:59.568+0000] {dag.py:3239} INFO - Sync 1 DAGs
[2025-04-04T15:56:59.588+0000] {logging_mixin.py:190} INFO - [2025-04-04T15:56:59.587+0000] {dag.py:4180} INFO - Setting next_dagrun for example_setup_teardown to None, run_after=None
[2025-04-04T15:56:59.611+0000] {processor.py:208} INFO - Processing /home/airflow/.local/lib/python3.12/site-packages/airflow/example_dags/example_setup_teardown.py took 0.107 seconds
[2025-04-04T15:57:30.121+0000] {processor.py:186} INFO - Started process (PID=1350) to work on /home/airflow/.local/lib/python3.12/site-packages/airflow/example_dags/example_setup_teardown.py
[2025-04-04T15:57:30.122+0000] {processor.py:914} INFO - Processing file /home/airflow/.local/lib/python3.12/site-packages/airflow/example_dags/example_setup_teardown.py for tasks to queue
[2025-04-04T15:57:30.125+0000] {logging_mixin.py:190} INFO - [2025-04-04T15:57:30.125+0000] {dagbag.py:588} INFO - Filling up the DagBag from /home/airflow/.local/lib/python3.12/site-packages/airflow/example_dags/example_setup_teardown.py
[2025-04-04T15:57:30.136+0000] {processor.py:925} INFO - DAG(s) 'example_setup_teardown' retrieved from /home/airflow/.local/lib/python3.12/site-packages/airflow/example_dags/example_setup_teardown.py
[2025-04-04T15:57:30.166+0000] {logging_mixin.py:190} INFO - [2025-04-04T15:57:30.166+0000] {dag.py:3239} INFO - Sync 1 DAGs
[2025-04-04T15:57:30.187+0000] {logging_mixin.py:190} INFO - [2025-04-04T15:57:30.187+0000] {dag.py:4180} INFO - Setting next_dagrun for example_setup_teardown to None, run_after=None
[2025-04-04T15:57:30.210+0000] {processor.py:208} INFO - Processing /home/airflow/.local/lib/python3.12/site-packages/airflow/example_dags/example_setup_teardown.py took 0.098 seconds
[2025-04-04T15:58:00.374+0000] {processor.py:186} INFO - Started process (PID=1414) to work on /home/airflow/.local/lib/python3.12/site-packages/airflow/example_dags/example_setup_teardown.py
[2025-04-04T15:58:00.375+0000] {processor.py:914} INFO - Processing file /home/airflow/.local/lib/python3.12/site-packages/airflow/example_dags/example_setup_teardown.py for tasks to queue
[2025-04-04T15:58:00.378+0000] {logging_mixin.py:190} INFO - [2025-04-04T15:58:00.378+0000] {dagbag.py:588} INFO - Filling up the DagBag from /home/airflow/.local/lib/python3.12/site-packages/airflow/example_dags/example_setup_teardown.py
[2025-04-04T15:58:00.390+0000] {processor.py:925} INFO - DAG(s) 'example_setup_teardown' retrieved from /home/airflow/.local/lib/python3.12/site-packages/airflow/example_dags/example_setup_teardown.py
[2025-04-04T15:58:00.422+0000] {logging_mixin.py:190} INFO - [2025-04-04T15:58:00.422+0000] {dag.py:3239} INFO - Sync 1 DAGs
[2025-04-04T15:58:00.441+0000] {logging_mixin.py:190} INFO - [2025-04-04T15:58:00.440+0000] {dag.py:4180} INFO - Setting next_dagrun for example_setup_teardown to None, run_after=None
[2025-04-04T15:58:00.464+0000] {processor.py:208} INFO - Processing /home/airflow/.local/lib/python3.12/site-packages/airflow/example_dags/example_setup_teardown.py took 0.099 seconds
[2025-04-04T15:58:31.297+0000] {processor.py:186} INFO - Started process (PID=1478) to work on /home/airflow/.local/lib/python3.12/site-packages/airflow/example_dags/example_setup_teardown.py
[2025-04-04T15:58:31.298+0000] {processor.py:914} INFO - Processing file /home/airflow/.local/lib/python3.12/site-packages/airflow/example_dags/example_setup_teardown.py for tasks to queue
[2025-04-04T15:58:31.302+0000] {logging_mixin.py:190} INFO - [2025-04-04T15:58:31.301+0000] {dagbag.py:588} INFO - Filling up the DagBag from /home/airflow/.local/lib/python3.12/site-packages/airflow/example_dags/example_setup_teardown.py
[2025-04-04T15:58:31.316+0000] {processor.py:925} INFO - DAG(s) 'example_setup_teardown' retrieved from /home/airflow/.local/lib/python3.12/site-packages/airflow/example_dags/example_setup_teardown.py
[2025-04-04T15:58:31.342+0000] {logging_mixin.py:190} INFO - [2025-04-04T15:58:31.342+0000] {dag.py:3239} INFO - Sync 1 DAGs
[2025-04-04T15:58:31.361+0000] {logging_mixin.py:190} INFO - [2025-04-04T15:58:31.361+0000] {dag.py:4180} INFO - Setting next_dagrun for example_setup_teardown to None, run_after=None
[2025-04-04T15:58:31.387+0000] {processor.py:208} INFO - Processing /home/airflow/.local/lib/python3.12/site-packages/airflow/example_dags/example_setup_teardown.py took 0.099 seconds
[2025-04-04T16:00:46.610+0000] {processor.py:186} INFO - Started process (PID=69) to work on /home/airflow/.local/lib/python3.12/site-packages/airflow/example_dags/example_setup_teardown.py
[2025-04-04T16:00:46.612+0000] {processor.py:914} INFO - Processing file /home/airflow/.local/lib/python3.12/site-packages/airflow/example_dags/example_setup_teardown.py for tasks to queue
[2025-04-04T16:00:46.616+0000] {logging_mixin.py:190} INFO - [2025-04-04T16:00:46.615+0000] {dagbag.py:588} INFO - Filling up the DagBag from /home/airflow/.local/lib/python3.12/site-packages/airflow/example_dags/example_setup_teardown.py
[2025-04-04T16:00:46.638+0000] {processor.py:925} INFO - DAG(s) 'example_setup_teardown' retrieved from /home/airflow/.local/lib/python3.12/site-packages/airflow/example_dags/example_setup_teardown.py
[2025-04-04T16:00:46.694+0000] {logging_mixin.py:190} INFO - [2025-04-04T16:00:46.694+0000] {dag.py:3239} INFO - Sync 1 DAGs
[2025-04-04T16:00:46.724+0000] {logging_mixin.py:190} INFO - [2025-04-04T16:00:46.723+0000] {dag.py:4180} INFO - Setting next_dagrun for example_setup_teardown to None, run_after=None
[2025-04-04T16:00:46.757+0000] {processor.py:208} INFO - Processing /home/airflow/.local/lib/python3.12/site-packages/airflow/example_dags/example_setup_teardown.py took 0.158 seconds
[2025-04-04T16:01:17.109+0000] {processor.py:186} INFO - Started process (PID=133) to work on /home/airflow/.local/lib/python3.12/site-packages/airflow/example_dags/example_setup_teardown.py
[2025-04-04T16:01:17.111+0000] {processor.py:914} INFO - Processing file /home/airflow/.local/lib/python3.12/site-packages/airflow/example_dags/example_setup_teardown.py for tasks to queue
[2025-04-04T16:01:17.114+0000] {logging_mixin.py:190} INFO - [2025-04-04T16:01:17.114+0000] {dagbag.py:588} INFO - Filling up the DagBag from /home/airflow/.local/lib/python3.12/site-packages/airflow/example_dags/example_setup_teardown.py
[2025-04-04T16:01:17.125+0000] {processor.py:925} INFO - DAG(s) 'example_setup_teardown' retrieved from /home/airflow/.local/lib/python3.12/site-packages/airflow/example_dags/example_setup_teardown.py
[2025-04-04T16:01:17.157+0000] {logging_mixin.py:190} INFO - [2025-04-04T16:01:17.156+0000] {dag.py:3239} INFO - Sync 1 DAGs
[2025-04-04T16:01:17.179+0000] {logging_mixin.py:190} INFO - [2025-04-04T16:01:17.179+0000] {dag.py:4180} INFO - Setting next_dagrun for example_setup_teardown to None, run_after=None
[2025-04-04T16:01:17.204+0000] {processor.py:208} INFO - Processing /home/airflow/.local/lib/python3.12/site-packages/airflow/example_dags/example_setup_teardown.py took 0.104 seconds
[2025-04-04T16:01:48.006+0000] {processor.py:186} INFO - Started process (PID=197) to work on /home/airflow/.local/lib/python3.12/site-packages/airflow/example_dags/example_setup_teardown.py
[2025-04-04T16:01:48.008+0000] {processor.py:914} INFO - Processing file /home/airflow/.local/lib/python3.12/site-packages/airflow/example_dags/example_setup_teardown.py for tasks to queue
[2025-04-04T16:01:48.011+0000] {logging_mixin.py:190} INFO - [2025-04-04T16:01:48.011+0000] {dagbag.py:588} INFO - Filling up the DagBag from /home/airflow/.local/lib/python3.12/site-packages/airflow/example_dags/example_setup_teardown.py
[2025-04-04T16:01:48.023+0000] {processor.py:925} INFO - DAG(s) 'example_setup_teardown' retrieved from /home/airflow/.local/lib/python3.12/site-packages/airflow/example_dags/example_setup_teardown.py
[2025-04-04T16:01:48.053+0000] {logging_mixin.py:190} INFO - [2025-04-04T16:01:48.053+0000] {dag.py:3239} INFO - Sync 1 DAGs
[2025-04-04T16:01:48.074+0000] {logging_mixin.py:190} INFO - [2025-04-04T16:01:48.074+0000] {dag.py:4180} INFO - Setting next_dagrun for example_setup_teardown to None, run_after=None
[2025-04-04T16:01:48.102+0000] {processor.py:208} INFO - Processing /home/airflow/.local/lib/python3.12/site-packages/airflow/example_dags/example_setup_teardown.py took 0.104 seconds
[2025-04-04T16:02:18.327+0000] {processor.py:186} INFO - Started process (PID=261) to work on /home/airflow/.local/lib/python3.12/site-packages/airflow/example_dags/example_setup_teardown.py
[2025-04-04T16:02:18.328+0000] {processor.py:914} INFO - Processing file /home/airflow/.local/lib/python3.12/site-packages/airflow/example_dags/example_setup_teardown.py for tasks to queue
[2025-04-04T16:02:18.331+0000] {logging_mixin.py:190} INFO - [2025-04-04T16:02:18.331+0000] {dagbag.py:588} INFO - Filling up the DagBag from /home/airflow/.local/lib/python3.12/site-packages/airflow/example_dags/example_setup_teardown.py
[2025-04-04T16:02:18.341+0000] {processor.py:925} INFO - DAG(s) 'example_setup_teardown' retrieved from /home/airflow/.local/lib/python3.12/site-packages/airflow/example_dags/example_setup_teardown.py
[2025-04-04T16:02:18.371+0000] {logging_mixin.py:190} INFO - [2025-04-04T16:02:18.371+0000] {dag.py:3239} INFO - Sync 1 DAGs
[2025-04-04T16:02:18.398+0000] {logging_mixin.py:190} INFO - [2025-04-04T16:02:18.398+0000] {dag.py:4180} INFO - Setting next_dagrun for example_setup_teardown to None, run_after=None
[2025-04-04T16:02:18.429+0000] {processor.py:208} INFO - Processing /home/airflow/.local/lib/python3.12/site-packages/airflow/example_dags/example_setup_teardown.py took 0.110 seconds
[2025-04-04T16:02:48.580+0000] {processor.py:186} INFO - Started process (PID=325) to work on /home/airflow/.local/lib/python3.12/site-packages/airflow/example_dags/example_setup_teardown.py
[2025-04-04T16:02:48.581+0000] {processor.py:914} INFO - Processing file /home/airflow/.local/lib/python3.12/site-packages/airflow/example_dags/example_setup_teardown.py for tasks to queue
[2025-04-04T16:02:48.584+0000] {logging_mixin.py:190} INFO - [2025-04-04T16:02:48.584+0000] {dagbag.py:588} INFO - Filling up the DagBag from /home/airflow/.local/lib/python3.12/site-packages/airflow/example_dags/example_setup_teardown.py
[2025-04-04T16:02:48.596+0000] {processor.py:925} INFO - DAG(s) 'example_setup_teardown' retrieved from /home/airflow/.local/lib/python3.12/site-packages/airflow/example_dags/example_setup_teardown.py
[2025-04-04T16:02:48.622+0000] {logging_mixin.py:190} INFO - [2025-04-04T16:02:48.622+0000] {dag.py:3239} INFO - Sync 1 DAGs
[2025-04-04T16:02:48.642+0000] {logging_mixin.py:190} INFO - [2025-04-04T16:02:48.642+0000] {dag.py:4180} INFO - Setting next_dagrun for example_setup_teardown to None, run_after=None
[2025-04-04T16:02:48.666+0000] {processor.py:208} INFO - Processing /home/airflow/.local/lib/python3.12/site-packages/airflow/example_dags/example_setup_teardown.py took 0.095 seconds
