[2025-04-04T15:44:00.558+0000] {processor.py:186} INFO - Started process (PID=75) to work on /home/airflow/.local/lib/python3.12/site-packages/airflow/example_dags/example_subdag_operator.py
[2025-04-04T15:44:00.561+0000] {processor.py:914} INFO - Processing file /home/airflow/.local/lib/python3.12/site-packages/airflow/example_dags/example_subdag_operator.py for tasks to queue
[2025-04-04T15:44:00.572+0000] {logging_mixin.py:190} INFO - [2025-04-04T15:44:00.566+0000] {dagbag.py:588} INFO - Filling up the DagBag from /home/airflow/.local/lib/python3.12/site-packages/airflow/example_dags/example_subdag_operator.py
[2025-04-04T15:44:00.667+0000] {processor.py:925} INFO - DAG(s) 'example_subdag_operator.section-1', 'example_subdag_operator.section-2', 'example_subdag_operator' retrieved from /home/airflow/.local/lib/python3.12/site-packages/airflow/example_dags/example_subdag_operator.py
[2025-04-04T15:44:01.669+0000] {logging_mixin.py:190} INFO - [2025-04-04T15:44:01.668+0000] {override.py:1912} INFO - Created Permission View: can edit on DAG:example_subdag_operator
[2025-04-04T15:44:01.716+0000] {logging_mixin.py:190} INFO - [2025-04-04T15:44:01.715+0000] {override.py:1912} INFO - Created Permission View: can read on DAG:example_subdag_operator
[2025-04-04T15:44:01.744+0000] {logging_mixin.py:190} INFO - [2025-04-04T15:44:01.744+0000] {override.py:1912} INFO - Created Permission View: can delete on DAG:example_subdag_operator
[2025-04-04T15:44:01.764+0000] {logging_mixin.py:190} INFO - [2025-04-04T15:44:01.763+0000] {override.py:1912} INFO - Created Permission View: menu access on DAG Run:example_subdag_operator
[2025-04-04T15:44:01.785+0000] {logging_mixin.py:190} INFO - [2025-04-04T15:44:01.784+0000] {override.py:1912} INFO - Created Permission View: can read on DAG Run:example_subdag_operator
[2025-04-04T15:44:01.804+0000] {logging_mixin.py:190} INFO - [2025-04-04T15:44:01.804+0000] {override.py:1912} INFO - Created Permission View: can create on DAG Run:example_subdag_operator
[2025-04-04T15:44:01.836+0000] {logging_mixin.py:190} INFO - [2025-04-04T15:44:01.835+0000] {override.py:1912} INFO - Created Permission View: can delete on DAG Run:example_subdag_operator
[2025-04-04T15:44:01.837+0000] {logging_mixin.py:190} INFO - [2025-04-04T15:44:01.836+0000] {dag.py:3239} INFO - Sync 3 DAGs
[2025-04-04T15:44:01.916+0000] {logging_mixin.py:190} INFO - [2025-04-04T15:44:01.915+0000] {dag.py:3262} INFO - Creating ORM DAG for example_subdag_operator
[2025-04-04T15:44:01.917+0000] {logging_mixin.py:190} INFO - [2025-04-04T15:44:01.917+0000] {dag.py:3262} INFO - Creating ORM DAG for example_subdag_operator.section-1
[2025-04-04T15:44:01.925+0000] {logging_mixin.py:190} INFO - [2025-04-04T15:44:01.924+0000] {dag.py:3262} INFO - Creating ORM DAG for example_subdag_operator.section-2
[2025-04-04T15:44:01.961+0000] {logging_mixin.py:190} INFO - [2025-04-04T15:44:01.961+0000] {dag.py:4180} INFO - Setting next_dagrun for example_subdag_operator to 2022-01-01 00:00:00+00:00, run_after=2022-01-01 00:00:00+00:00
[2025-04-04T15:44:01.962+0000] {logging_mixin.py:190} INFO - [2025-04-04T15:44:01.962+0000] {dag.py:4180} INFO - Setting next_dagrun for example_subdag_operator.section-1 to None, run_after=None
[2025-04-04T15:44:01.967+0000] {logging_mixin.py:190} INFO - [2025-04-04T15:44:01.966+0000] {dag.py:4180} INFO - Setting next_dagrun for example_subdag_operator.section-2 to None, run_after=None
[2025-04-04T15:44:02.026+0000] {logging_mixin.py:190} INFO - [2025-04-04T15:44:02.026+0000] {dag.py:3239} INFO - Sync 2 DAGs
[2025-04-04T15:44:02.070+0000] {logging_mixin.py:190} INFO - [2025-04-04T15:44:02.069+0000] {dag.py:4180} INFO - Setting next_dagrun for example_subdag_operator.section-1 to None, run_after=None
[2025-04-04T15:44:02.088+0000] {logging_mixin.py:190} INFO - [2025-04-04T15:44:02.088+0000] {dag.py:4180} INFO - Setting next_dagrun for example_subdag_operator.section-2 to None, run_after=None
[2025-04-04T15:44:02.192+0000] {processor.py:208} INFO - Processing /home/airflow/.local/lib/python3.12/site-packages/airflow/example_dags/example_subdag_operator.py took 1.663 seconds
[2025-04-04T15:44:32.376+0000] {processor.py:186} INFO - Started process (PID=138) to work on /home/airflow/.local/lib/python3.12/site-packages/airflow/example_dags/example_subdag_operator.py
[2025-04-04T15:44:32.377+0000] {processor.py:914} INFO - Processing file /home/airflow/.local/lib/python3.12/site-packages/airflow/example_dags/example_subdag_operator.py for tasks to queue
[2025-04-04T15:44:32.380+0000] {logging_mixin.py:190} INFO - [2025-04-04T15:44:32.380+0000] {dagbag.py:588} INFO - Filling up the DagBag from /home/airflow/.local/lib/python3.12/site-packages/airflow/example_dags/example_subdag_operator.py
[2025-04-04T15:44:32.411+0000] {processor.py:925} INFO - DAG(s) 'example_subdag_operator.section-1', 'example_subdag_operator.section-2', 'example_subdag_operator' retrieved from /home/airflow/.local/lib/python3.12/site-packages/airflow/example_dags/example_subdag_operator.py
[2025-04-04T15:44:32.429+0000] {logging_mixin.py:190} INFO - [2025-04-04T15:44:32.429+0000] {dag.py:3239} INFO - Sync 3 DAGs
[2025-04-04T15:44:32.459+0000] {logging_mixin.py:190} INFO - [2025-04-04T15:44:32.459+0000] {dag.py:4180} INFO - Setting next_dagrun for example_subdag_operator to 2022-01-01 00:00:00+00:00, run_after=2022-01-01 00:00:00+00:00
[2025-04-04T15:44:32.467+0000] {logging_mixin.py:190} INFO - [2025-04-04T15:44:32.466+0000] {dag.py:4180} INFO - Setting next_dagrun for example_subdag_operator.section-1 to None, run_after=None
[2025-04-04T15:44:32.469+0000] {logging_mixin.py:190} INFO - [2025-04-04T15:44:32.468+0000] {dag.py:4180} INFO - Setting next_dagrun for example_subdag_operator.section-2 to None, run_after=None
[2025-04-04T15:44:32.478+0000] {logging_mixin.py:190} INFO - [2025-04-04T15:44:32.478+0000] {dag.py:3239} INFO - Sync 2 DAGs
[2025-04-04T15:44:32.485+0000] {logging_mixin.py:190} INFO - [2025-04-04T15:44:32.484+0000] {dag.py:4180} INFO - Setting next_dagrun for example_subdag_operator.section-1 to None, run_after=None
[2025-04-04T15:44:32.485+0000] {logging_mixin.py:190} INFO - [2025-04-04T15:44:32.485+0000] {dag.py:4180} INFO - Setting next_dagrun for example_subdag_operator.section-2 to None, run_after=None
[2025-04-04T15:44:32.499+0000] {processor.py:208} INFO - Processing /home/airflow/.local/lib/python3.12/site-packages/airflow/example_dags/example_subdag_operator.py took 0.130 seconds
[2025-04-04T15:45:02.839+0000] {processor.py:186} INFO - Started process (PID=201) to work on /home/airflow/.local/lib/python3.12/site-packages/airflow/example_dags/example_subdag_operator.py
[2025-04-04T15:45:02.840+0000] {processor.py:914} INFO - Processing file /home/airflow/.local/lib/python3.12/site-packages/airflow/example_dags/example_subdag_operator.py for tasks to queue
[2025-04-04T15:45:02.846+0000] {logging_mixin.py:190} INFO - [2025-04-04T15:45:02.846+0000] {dagbag.py:588} INFO - Filling up the DagBag from /home/airflow/.local/lib/python3.12/site-packages/airflow/example_dags/example_subdag_operator.py
[2025-04-04T15:45:02.903+0000] {processor.py:925} INFO - DAG(s) 'example_subdag_operator.section-1', 'example_subdag_operator.section-2', 'example_subdag_operator' retrieved from /home/airflow/.local/lib/python3.12/site-packages/airflow/example_dags/example_subdag_operator.py
[2025-04-04T15:45:02.941+0000] {logging_mixin.py:190} INFO - [2025-04-04T15:45:02.940+0000] {dag.py:3239} INFO - Sync 3 DAGs
[2025-04-04T15:45:03.003+0000] {logging_mixin.py:190} INFO - [2025-04-04T15:45:03.003+0000] {dag.py:4180} INFO - Setting next_dagrun for example_subdag_operator to 2022-01-01 00:00:00+00:00, run_after=2022-01-01 00:00:00+00:00
[2025-04-04T15:45:03.012+0000] {logging_mixin.py:190} INFO - [2025-04-04T15:45:03.012+0000] {dag.py:4180} INFO - Setting next_dagrun for example_subdag_operator.section-1 to None, run_after=None
[2025-04-04T15:45:03.015+0000] {logging_mixin.py:190} INFO - [2025-04-04T15:45:03.015+0000] {dag.py:4180} INFO - Setting next_dagrun for example_subdag_operator.section-2 to None, run_after=None
[2025-04-04T15:45:03.026+0000] {logging_mixin.py:190} INFO - [2025-04-04T15:45:03.025+0000] {dag.py:3239} INFO - Sync 2 DAGs
[2025-04-04T15:45:03.038+0000] {logging_mixin.py:190} INFO - [2025-04-04T15:45:03.037+0000] {dag.py:4180} INFO - Setting next_dagrun for example_subdag_operator.section-1 to None, run_after=None
[2025-04-04T15:45:03.039+0000] {logging_mixin.py:190} INFO - [2025-04-04T15:45:03.038+0000] {dag.py:4180} INFO - Setting next_dagrun for example_subdag_operator.section-2 to None, run_after=None
[2025-04-04T15:45:03.060+0000] {processor.py:208} INFO - Processing /home/airflow/.local/lib/python3.12/site-packages/airflow/example_dags/example_subdag_operator.py took 0.236 seconds
[2025-04-04T15:45:33.721+0000] {processor.py:186} INFO - Started process (PID=264) to work on /home/airflow/.local/lib/python3.12/site-packages/airflow/example_dags/example_subdag_operator.py
[2025-04-04T15:45:33.722+0000] {processor.py:914} INFO - Processing file /home/airflow/.local/lib/python3.12/site-packages/airflow/example_dags/example_subdag_operator.py for tasks to queue
[2025-04-04T15:45:33.726+0000] {logging_mixin.py:190} INFO - [2025-04-04T15:45:33.725+0000] {dagbag.py:588} INFO - Filling up the DagBag from /home/airflow/.local/lib/python3.12/site-packages/airflow/example_dags/example_subdag_operator.py
[2025-04-04T15:45:33.763+0000] {processor.py:925} INFO - DAG(s) 'example_subdag_operator.section-1', 'example_subdag_operator.section-2', 'example_subdag_operator' retrieved from /home/airflow/.local/lib/python3.12/site-packages/airflow/example_dags/example_subdag_operator.py
[2025-04-04T15:45:33.785+0000] {logging_mixin.py:190} INFO - [2025-04-04T15:45:33.785+0000] {dag.py:3239} INFO - Sync 3 DAGs
[2025-04-04T15:45:33.821+0000] {logging_mixin.py:190} INFO - [2025-04-04T15:45:33.821+0000] {dag.py:4180} INFO - Setting next_dagrun for example_subdag_operator to 2022-01-01 00:00:00+00:00, run_after=2022-01-01 00:00:00+00:00
[2025-04-04T15:45:33.826+0000] {logging_mixin.py:190} INFO - [2025-04-04T15:45:33.825+0000] {dag.py:4180} INFO - Setting next_dagrun for example_subdag_operator.section-1 to None, run_after=None
[2025-04-04T15:45:33.827+0000] {logging_mixin.py:190} INFO - [2025-04-04T15:45:33.827+0000] {dag.py:4180} INFO - Setting next_dagrun for example_subdag_operator.section-2 to None, run_after=None
[2025-04-04T15:45:33.838+0000] {logging_mixin.py:190} INFO - [2025-04-04T15:45:33.837+0000] {dag.py:3239} INFO - Sync 2 DAGs
[2025-04-04T15:45:33.849+0000] {logging_mixin.py:190} INFO - [2025-04-04T15:45:33.848+0000] {dag.py:4180} INFO - Setting next_dagrun for example_subdag_operator.section-1 to None, run_after=None
[2025-04-04T15:45:33.849+0000] {logging_mixin.py:190} INFO - [2025-04-04T15:45:33.849+0000] {dag.py:4180} INFO - Setting next_dagrun for example_subdag_operator.section-2 to None, run_after=None
[2025-04-04T15:45:33.866+0000] {processor.py:208} INFO - Processing /home/airflow/.local/lib/python3.12/site-packages/airflow/example_dags/example_subdag_operator.py took 0.155 seconds
[2025-04-04T15:46:04.057+0000] {processor.py:186} INFO - Started process (PID=327) to work on /home/airflow/.local/lib/python3.12/site-packages/airflow/example_dags/example_subdag_operator.py
[2025-04-04T15:46:04.058+0000] {processor.py:914} INFO - Processing file /home/airflow/.local/lib/python3.12/site-packages/airflow/example_dags/example_subdag_operator.py for tasks to queue
[2025-04-04T15:46:04.061+0000] {logging_mixin.py:190} INFO - [2025-04-04T15:46:04.061+0000] {dagbag.py:588} INFO - Filling up the DagBag from /home/airflow/.local/lib/python3.12/site-packages/airflow/example_dags/example_subdag_operator.py
[2025-04-04T15:46:04.101+0000] {processor.py:925} INFO - DAG(s) 'example_subdag_operator.section-1', 'example_subdag_operator.section-2', 'example_subdag_operator' retrieved from /home/airflow/.local/lib/python3.12/site-packages/airflow/example_dags/example_subdag_operator.py
[2025-04-04T15:46:04.123+0000] {logging_mixin.py:190} INFO - [2025-04-04T15:46:04.122+0000] {dag.py:3239} INFO - Sync 3 DAGs
[2025-04-04T15:46:04.164+0000] {logging_mixin.py:190} INFO - [2025-04-04T15:46:04.163+0000] {dag.py:4180} INFO - Setting next_dagrun for example_subdag_operator to 2022-01-01 00:00:00+00:00, run_after=2022-01-01 00:00:00+00:00
[2025-04-04T15:46:04.169+0000] {logging_mixin.py:190} INFO - [2025-04-04T15:46:04.168+0000] {dag.py:4180} INFO - Setting next_dagrun for example_subdag_operator.section-1 to None, run_after=None
[2025-04-04T15:46:04.171+0000] {logging_mixin.py:190} INFO - [2025-04-04T15:46:04.170+0000] {dag.py:4180} INFO - Setting next_dagrun for example_subdag_operator.section-2 to None, run_after=None
[2025-04-04T15:46:04.181+0000] {logging_mixin.py:190} INFO - [2025-04-04T15:46:04.180+0000] {dag.py:3239} INFO - Sync 2 DAGs
[2025-04-04T15:46:04.190+0000] {logging_mixin.py:190} INFO - [2025-04-04T15:46:04.190+0000] {dag.py:4180} INFO - Setting next_dagrun for example_subdag_operator.section-1 to None, run_after=None
[2025-04-04T15:46:04.190+0000] {logging_mixin.py:190} INFO - [2025-04-04T15:46:04.190+0000] {dag.py:4180} INFO - Setting next_dagrun for example_subdag_operator.section-2 to None, run_after=None
[2025-04-04T15:46:04.207+0000] {processor.py:208} INFO - Processing /home/airflow/.local/lib/python3.12/site-packages/airflow/example_dags/example_subdag_operator.py took 0.161 seconds
[2025-04-04T15:47:16.860+0000] {processor.py:186} INFO - Started process (PID=69) to work on /home/airflow/.local/lib/python3.12/site-packages/airflow/example_dags/example_subdag_operator.py
[2025-04-04T15:47:16.862+0000] {processor.py:914} INFO - Processing file /home/airflow/.local/lib/python3.12/site-packages/airflow/example_dags/example_subdag_operator.py for tasks to queue
[2025-04-04T15:47:16.865+0000] {logging_mixin.py:190} INFO - [2025-04-04T15:47:16.865+0000] {dagbag.py:588} INFO - Filling up the DagBag from /home/airflow/.local/lib/python3.12/site-packages/airflow/example_dags/example_subdag_operator.py
[2025-04-04T15:47:16.913+0000] {processor.py:925} INFO - DAG(s) 'example_subdag_operator.section-1', 'example_subdag_operator.section-2', 'example_subdag_operator' retrieved from /home/airflow/.local/lib/python3.12/site-packages/airflow/example_dags/example_subdag_operator.py
[2025-04-04T15:47:16.958+0000] {logging_mixin.py:190} INFO - [2025-04-04T15:47:16.957+0000] {dag.py:3239} INFO - Sync 3 DAGs
[2025-04-04T15:47:17.006+0000] {logging_mixin.py:190} INFO - [2025-04-04T15:47:17.005+0000] {dag.py:4180} INFO - Setting next_dagrun for example_subdag_operator to 2022-01-01 00:00:00+00:00, run_after=2022-01-01 00:00:00+00:00
[2025-04-04T15:47:17.013+0000] {logging_mixin.py:190} INFO - [2025-04-04T15:47:17.012+0000] {dag.py:4180} INFO - Setting next_dagrun for example_subdag_operator.section-1 to None, run_after=None
[2025-04-04T15:47:17.018+0000] {logging_mixin.py:190} INFO - [2025-04-04T15:47:17.018+0000] {dag.py:4180} INFO - Setting next_dagrun for example_subdag_operator.section-2 to None, run_after=None
[2025-04-04T15:47:17.031+0000] {logging_mixin.py:190} INFO - [2025-04-04T15:47:17.031+0000] {dag.py:3239} INFO - Sync 2 DAGs
[2025-04-04T15:47:17.042+0000] {logging_mixin.py:190} INFO - [2025-04-04T15:47:17.041+0000] {dag.py:4180} INFO - Setting next_dagrun for example_subdag_operator.section-1 to None, run_after=None
[2025-04-04T15:47:17.043+0000] {logging_mixin.py:190} INFO - [2025-04-04T15:47:17.042+0000] {dag.py:4180} INFO - Setting next_dagrun for example_subdag_operator.section-2 to None, run_after=None
[2025-04-04T15:47:17.064+0000] {processor.py:208} INFO - Processing /home/airflow/.local/lib/python3.12/site-packages/airflow/example_dags/example_subdag_operator.py took 0.215 seconds
[2025-04-04T15:47:47.293+0000] {processor.py:186} INFO - Started process (PID=133) to work on /home/airflow/.local/lib/python3.12/site-packages/airflow/example_dags/example_subdag_operator.py
[2025-04-04T15:47:47.294+0000] {processor.py:914} INFO - Processing file /home/airflow/.local/lib/python3.12/site-packages/airflow/example_dags/example_subdag_operator.py for tasks to queue
[2025-04-04T15:47:47.297+0000] {logging_mixin.py:190} INFO - [2025-04-04T15:47:47.297+0000] {dagbag.py:588} INFO - Filling up the DagBag from /home/airflow/.local/lib/python3.12/site-packages/airflow/example_dags/example_subdag_operator.py
[2025-04-04T15:47:47.333+0000] {processor.py:925} INFO - DAG(s) 'example_subdag_operator.section-1', 'example_subdag_operator.section-2', 'example_subdag_operator' retrieved from /home/airflow/.local/lib/python3.12/site-packages/airflow/example_dags/example_subdag_operator.py
[2025-04-04T15:47:47.352+0000] {logging_mixin.py:190} INFO - [2025-04-04T15:47:47.352+0000] {dag.py:3239} INFO - Sync 3 DAGs
[2025-04-04T15:47:47.384+0000] {logging_mixin.py:190} INFO - [2025-04-04T15:47:47.384+0000] {dag.py:4180} INFO - Setting next_dagrun for example_subdag_operator to 2022-01-01 00:00:00+00:00, run_after=2022-01-01 00:00:00+00:00
[2025-04-04T15:47:47.390+0000] {logging_mixin.py:190} INFO - [2025-04-04T15:47:47.390+0000] {dag.py:4180} INFO - Setting next_dagrun for example_subdag_operator.section-1 to None, run_after=None
[2025-04-04T15:47:47.392+0000] {logging_mixin.py:190} INFO - [2025-04-04T15:47:47.391+0000] {dag.py:4180} INFO - Setting next_dagrun for example_subdag_operator.section-2 to None, run_after=None
[2025-04-04T15:47:47.402+0000] {logging_mixin.py:190} INFO - [2025-04-04T15:47:47.402+0000] {dag.py:3239} INFO - Sync 2 DAGs
[2025-04-04T15:47:47.411+0000] {logging_mixin.py:190} INFO - [2025-04-04T15:47:47.411+0000] {dag.py:4180} INFO - Setting next_dagrun for example_subdag_operator.section-1 to None, run_after=None
[2025-04-04T15:47:47.412+0000] {logging_mixin.py:190} INFO - [2025-04-04T15:47:47.411+0000] {dag.py:4180} INFO - Setting next_dagrun for example_subdag_operator.section-2 to None, run_after=None
[2025-04-04T15:47:47.429+0000] {processor.py:208} INFO - Processing /home/airflow/.local/lib/python3.12/site-packages/airflow/example_dags/example_subdag_operator.py took 0.145 seconds
[2025-04-04T15:48:17.828+0000] {processor.py:186} INFO - Started process (PID=197) to work on /home/airflow/.local/lib/python3.12/site-packages/airflow/example_dags/example_subdag_operator.py
[2025-04-04T15:48:17.830+0000] {processor.py:914} INFO - Processing file /home/airflow/.local/lib/python3.12/site-packages/airflow/example_dags/example_subdag_operator.py for tasks to queue
[2025-04-04T15:48:17.834+0000] {logging_mixin.py:190} INFO - [2025-04-04T15:48:17.833+0000] {dagbag.py:588} INFO - Filling up the DagBag from /home/airflow/.local/lib/python3.12/site-packages/airflow/example_dags/example_subdag_operator.py
[2025-04-04T15:48:17.884+0000] {processor.py:925} INFO - DAG(s) 'example_subdag_operator.section-1', 'example_subdag_operator.section-2', 'example_subdag_operator' retrieved from /home/airflow/.local/lib/python3.12/site-packages/airflow/example_dags/example_subdag_operator.py
[2025-04-04T15:48:17.917+0000] {logging_mixin.py:190} INFO - [2025-04-04T15:48:17.917+0000] {dag.py:3239} INFO - Sync 3 DAGs
[2025-04-04T15:48:17.978+0000] {logging_mixin.py:190} INFO - [2025-04-04T15:48:17.977+0000] {dag.py:4180} INFO - Setting next_dagrun for example_subdag_operator to 2022-01-01 00:00:00+00:00, run_after=2022-01-01 00:00:00+00:00
[2025-04-04T15:48:17.985+0000] {logging_mixin.py:190} INFO - [2025-04-04T15:48:17.985+0000] {dag.py:4180} INFO - Setting next_dagrun for example_subdag_operator.section-1 to None, run_after=None
[2025-04-04T15:48:17.988+0000] {logging_mixin.py:190} INFO - [2025-04-04T15:48:17.988+0000] {dag.py:4180} INFO - Setting next_dagrun for example_subdag_operator.section-2 to None, run_after=None
[2025-04-04T15:48:18.001+0000] {logging_mixin.py:190} INFO - [2025-04-04T15:48:18.001+0000] {dag.py:3239} INFO - Sync 2 DAGs
[2025-04-04T15:48:18.013+0000] {logging_mixin.py:190} INFO - [2025-04-04T15:48:18.013+0000] {dag.py:4180} INFO - Setting next_dagrun for example_subdag_operator.section-1 to None, run_after=None
[2025-04-04T15:48:18.014+0000] {logging_mixin.py:190} INFO - [2025-04-04T15:48:18.014+0000] {dag.py:4180} INFO - Setting next_dagrun for example_subdag_operator.section-2 to None, run_after=None
[2025-04-04T15:48:18.034+0000] {processor.py:208} INFO - Processing /home/airflow/.local/lib/python3.12/site-packages/airflow/example_dags/example_subdag_operator.py took 0.218 seconds
[2025-04-04T15:48:48.812+0000] {processor.py:186} INFO - Started process (PID=261) to work on /home/airflow/.local/lib/python3.12/site-packages/airflow/example_dags/example_subdag_operator.py
[2025-04-04T15:48:48.814+0000] {processor.py:914} INFO - Processing file /home/airflow/.local/lib/python3.12/site-packages/airflow/example_dags/example_subdag_operator.py for tasks to queue
[2025-04-04T15:48:48.817+0000] {logging_mixin.py:190} INFO - [2025-04-04T15:48:48.816+0000] {dagbag.py:588} INFO - Filling up the DagBag from /home/airflow/.local/lib/python3.12/site-packages/airflow/example_dags/example_subdag_operator.py
[2025-04-04T15:48:48.851+0000] {processor.py:925} INFO - DAG(s) 'example_subdag_operator.section-1', 'example_subdag_operator.section-2', 'example_subdag_operator' retrieved from /home/airflow/.local/lib/python3.12/site-packages/airflow/example_dags/example_subdag_operator.py
[2025-04-04T15:48:48.872+0000] {logging_mixin.py:190} INFO - [2025-04-04T15:48:48.872+0000] {dag.py:3239} INFO - Sync 3 DAGs
[2025-04-04T15:48:48.906+0000] {logging_mixin.py:190} INFO - [2025-04-04T15:48:48.906+0000] {dag.py:4180} INFO - Setting next_dagrun for example_subdag_operator to 2022-01-01 00:00:00+00:00, run_after=2022-01-01 00:00:00+00:00
[2025-04-04T15:48:48.911+0000] {logging_mixin.py:190} INFO - [2025-04-04T15:48:48.911+0000] {dag.py:4180} INFO - Setting next_dagrun for example_subdag_operator.section-1 to None, run_after=None
[2025-04-04T15:48:48.913+0000] {logging_mixin.py:190} INFO - [2025-04-04T15:48:48.913+0000] {dag.py:4180} INFO - Setting next_dagrun for example_subdag_operator.section-2 to None, run_after=None
[2025-04-04T15:48:48.925+0000] {logging_mixin.py:190} INFO - [2025-04-04T15:48:48.924+0000] {dag.py:3239} INFO - Sync 2 DAGs
[2025-04-04T15:48:48.933+0000] {logging_mixin.py:190} INFO - [2025-04-04T15:48:48.933+0000] {dag.py:4180} INFO - Setting next_dagrun for example_subdag_operator.section-1 to None, run_after=None
[2025-04-04T15:48:48.934+0000] {logging_mixin.py:190} INFO - [2025-04-04T15:48:48.933+0000] {dag.py:4180} INFO - Setting next_dagrun for example_subdag_operator.section-2 to None, run_after=None
[2025-04-04T15:48:48.952+0000] {processor.py:208} INFO - Processing /home/airflow/.local/lib/python3.12/site-packages/airflow/example_dags/example_subdag_operator.py took 0.147 seconds
[2025-04-04T15:49:19.739+0000] {processor.py:186} INFO - Started process (PID=325) to work on /home/airflow/.local/lib/python3.12/site-packages/airflow/example_dags/example_subdag_operator.py
[2025-04-04T15:49:19.740+0000] {processor.py:914} INFO - Processing file /home/airflow/.local/lib/python3.12/site-packages/airflow/example_dags/example_subdag_operator.py for tasks to queue
[2025-04-04T15:49:19.743+0000] {logging_mixin.py:190} INFO - [2025-04-04T15:49:19.743+0000] {dagbag.py:588} INFO - Filling up the DagBag from /home/airflow/.local/lib/python3.12/site-packages/airflow/example_dags/example_subdag_operator.py
[2025-04-04T15:49:19.778+0000] {processor.py:925} INFO - DAG(s) 'example_subdag_operator.section-1', 'example_subdag_operator.section-2', 'example_subdag_operator' retrieved from /home/airflow/.local/lib/python3.12/site-packages/airflow/example_dags/example_subdag_operator.py
[2025-04-04T15:49:19.799+0000] {logging_mixin.py:190} INFO - [2025-04-04T15:49:19.798+0000] {dag.py:3239} INFO - Sync 3 DAGs
[2025-04-04T15:49:19.832+0000] {logging_mixin.py:190} INFO - [2025-04-04T15:49:19.831+0000] {dag.py:4180} INFO - Setting next_dagrun for example_subdag_operator to 2022-01-01 00:00:00+00:00, run_after=2022-01-01 00:00:00+00:00
[2025-04-04T15:49:19.837+0000] {logging_mixin.py:190} INFO - [2025-04-04T15:49:19.837+0000] {dag.py:4180} INFO - Setting next_dagrun for example_subdag_operator.section-1 to None, run_after=None
[2025-04-04T15:49:19.839+0000] {logging_mixin.py:190} INFO - [2025-04-04T15:49:19.839+0000] {dag.py:4180} INFO - Setting next_dagrun for example_subdag_operator.section-2 to None, run_after=None
[2025-04-04T15:49:19.849+0000] {logging_mixin.py:190} INFO - [2025-04-04T15:49:19.849+0000] {dag.py:3239} INFO - Sync 2 DAGs
[2025-04-04T15:49:19.859+0000] {logging_mixin.py:190} INFO - [2025-04-04T15:49:19.858+0000] {dag.py:4180} INFO - Setting next_dagrun for example_subdag_operator.section-1 to None, run_after=None
[2025-04-04T15:49:19.859+0000] {logging_mixin.py:190} INFO - [2025-04-04T15:49:19.859+0000] {dag.py:4180} INFO - Setting next_dagrun for example_subdag_operator.section-2 to None, run_after=None
[2025-04-04T15:49:19.877+0000] {processor.py:208} INFO - Processing /home/airflow/.local/lib/python3.12/site-packages/airflow/example_dags/example_subdag_operator.py took 0.146 seconds
[2025-04-04T15:49:50.044+0000] {processor.py:186} INFO - Started process (PID=389) to work on /home/airflow/.local/lib/python3.12/site-packages/airflow/example_dags/example_subdag_operator.py
[2025-04-04T15:49:50.045+0000] {processor.py:914} INFO - Processing file /home/airflow/.local/lib/python3.12/site-packages/airflow/example_dags/example_subdag_operator.py for tasks to queue
[2025-04-04T15:49:50.047+0000] {logging_mixin.py:190} INFO - [2025-04-04T15:49:50.047+0000] {dagbag.py:588} INFO - Filling up the DagBag from /home/airflow/.local/lib/python3.12/site-packages/airflow/example_dags/example_subdag_operator.py
[2025-04-04T15:49:50.081+0000] {processor.py:925} INFO - DAG(s) 'example_subdag_operator.section-1', 'example_subdag_operator.section-2', 'example_subdag_operator' retrieved from /home/airflow/.local/lib/python3.12/site-packages/airflow/example_dags/example_subdag_operator.py
[2025-04-04T15:49:50.100+0000] {logging_mixin.py:190} INFO - [2025-04-04T15:49:50.100+0000] {dag.py:3239} INFO - Sync 3 DAGs
[2025-04-04T15:49:50.132+0000] {logging_mixin.py:190} INFO - [2025-04-04T15:49:50.131+0000] {dag.py:4180} INFO - Setting next_dagrun for example_subdag_operator to 2022-01-01 00:00:00+00:00, run_after=2022-01-01 00:00:00+00:00
[2025-04-04T15:49:50.139+0000] {logging_mixin.py:190} INFO - [2025-04-04T15:49:50.139+0000] {dag.py:4180} INFO - Setting next_dagrun for example_subdag_operator.section-1 to None, run_after=None
[2025-04-04T15:49:50.141+0000] {logging_mixin.py:190} INFO - [2025-04-04T15:49:50.141+0000] {dag.py:4180} INFO - Setting next_dagrun for example_subdag_operator.section-2 to None, run_after=None
[2025-04-04T15:49:50.152+0000] {logging_mixin.py:190} INFO - [2025-04-04T15:49:50.152+0000] {dag.py:3239} INFO - Sync 2 DAGs
[2025-04-04T15:49:50.160+0000] {logging_mixin.py:190} INFO - [2025-04-04T15:49:50.159+0000] {dag.py:4180} INFO - Setting next_dagrun for example_subdag_operator.section-1 to None, run_after=None
[2025-04-04T15:49:50.160+0000] {logging_mixin.py:190} INFO - [2025-04-04T15:49:50.160+0000] {dag.py:4180} INFO - Setting next_dagrun for example_subdag_operator.section-2 to None, run_after=None
[2025-04-04T15:49:50.173+0000] {processor.py:208} INFO - Processing /home/airflow/.local/lib/python3.12/site-packages/airflow/example_dags/example_subdag_operator.py took 0.136 seconds
[2025-04-04T15:50:20.745+0000] {processor.py:186} INFO - Started process (PID=453) to work on /home/airflow/.local/lib/python3.12/site-packages/airflow/example_dags/example_subdag_operator.py
[2025-04-04T15:50:20.747+0000] {processor.py:914} INFO - Processing file /home/airflow/.local/lib/python3.12/site-packages/airflow/example_dags/example_subdag_operator.py for tasks to queue
[2025-04-04T15:50:20.750+0000] {logging_mixin.py:190} INFO - [2025-04-04T15:50:20.749+0000] {dagbag.py:588} INFO - Filling up the DagBag from /home/airflow/.local/lib/python3.12/site-packages/airflow/example_dags/example_subdag_operator.py
[2025-04-04T15:50:20.783+0000] {processor.py:925} INFO - DAG(s) 'example_subdag_operator.section-1', 'example_subdag_operator.section-2', 'example_subdag_operator' retrieved from /home/airflow/.local/lib/python3.12/site-packages/airflow/example_dags/example_subdag_operator.py
[2025-04-04T15:50:20.801+0000] {logging_mixin.py:190} INFO - [2025-04-04T15:50:20.801+0000] {dag.py:3239} INFO - Sync 3 DAGs
[2025-04-04T15:50:20.834+0000] {logging_mixin.py:190} INFO - [2025-04-04T15:50:20.834+0000] {dag.py:4180} INFO - Setting next_dagrun for example_subdag_operator to 2022-01-01 00:00:00+00:00, run_after=2022-01-01 00:00:00+00:00
[2025-04-04T15:50:20.841+0000] {logging_mixin.py:190} INFO - [2025-04-04T15:50:20.840+0000] {dag.py:4180} INFO - Setting next_dagrun for example_subdag_operator.section-1 to None, run_after=None
[2025-04-04T15:50:20.843+0000] {logging_mixin.py:190} INFO - [2025-04-04T15:50:20.842+0000] {dag.py:4180} INFO - Setting next_dagrun for example_subdag_operator.section-2 to None, run_after=None
[2025-04-04T15:50:20.854+0000] {logging_mixin.py:190} INFO - [2025-04-04T15:50:20.854+0000] {dag.py:3239} INFO - Sync 2 DAGs
[2025-04-04T15:50:20.865+0000] {logging_mixin.py:190} INFO - [2025-04-04T15:50:20.865+0000] {dag.py:4180} INFO - Setting next_dagrun for example_subdag_operator.section-1 to None, run_after=None
[2025-04-04T15:50:20.866+0000] {logging_mixin.py:190} INFO - [2025-04-04T15:50:20.866+0000] {dag.py:4180} INFO - Setting next_dagrun for example_subdag_operator.section-2 to None, run_after=None
[2025-04-04T15:50:20.883+0000] {processor.py:208} INFO - Processing /home/airflow/.local/lib/python3.12/site-packages/airflow/example_dags/example_subdag_operator.py took 0.145 seconds
[2025-04-04T15:50:51.028+0000] {processor.py:186} INFO - Started process (PID=517) to work on /home/airflow/.local/lib/python3.12/site-packages/airflow/example_dags/example_subdag_operator.py
[2025-04-04T15:50:51.030+0000] {processor.py:914} INFO - Processing file /home/airflow/.local/lib/python3.12/site-packages/airflow/example_dags/example_subdag_operator.py for tasks to queue
[2025-04-04T15:50:51.033+0000] {logging_mixin.py:190} INFO - [2025-04-04T15:50:51.033+0000] {dagbag.py:588} INFO - Filling up the DagBag from /home/airflow/.local/lib/python3.12/site-packages/airflow/example_dags/example_subdag_operator.py
[2025-04-04T15:50:51.068+0000] {processor.py:925} INFO - DAG(s) 'example_subdag_operator.section-1', 'example_subdag_operator.section-2', 'example_subdag_operator' retrieved from /home/airflow/.local/lib/python3.12/site-packages/airflow/example_dags/example_subdag_operator.py
[2025-04-04T15:50:51.089+0000] {logging_mixin.py:190} INFO - [2025-04-04T15:50:51.089+0000] {dag.py:3239} INFO - Sync 3 DAGs
[2025-04-04T15:50:51.124+0000] {logging_mixin.py:190} INFO - [2025-04-04T15:50:51.123+0000] {dag.py:4180} INFO - Setting next_dagrun for example_subdag_operator to 2022-01-01 00:00:00+00:00, run_after=2022-01-01 00:00:00+00:00
[2025-04-04T15:50:51.130+0000] {logging_mixin.py:190} INFO - [2025-04-04T15:50:51.130+0000] {dag.py:4180} INFO - Setting next_dagrun for example_subdag_operator.section-1 to None, run_after=None
[2025-04-04T15:50:51.132+0000] {logging_mixin.py:190} INFO - [2025-04-04T15:50:51.132+0000] {dag.py:4180} INFO - Setting next_dagrun for example_subdag_operator.section-2 to None, run_after=None
[2025-04-04T15:50:51.142+0000] {logging_mixin.py:190} INFO - [2025-04-04T15:50:51.142+0000] {dag.py:3239} INFO - Sync 2 DAGs
[2025-04-04T15:50:51.153+0000] {logging_mixin.py:190} INFO - [2025-04-04T15:50:51.152+0000] {dag.py:4180} INFO - Setting next_dagrun for example_subdag_operator.section-1 to None, run_after=None
[2025-04-04T15:50:51.153+0000] {logging_mixin.py:190} INFO - [2025-04-04T15:50:51.153+0000] {dag.py:4180} INFO - Setting next_dagrun for example_subdag_operator.section-2 to None, run_after=None
[2025-04-04T15:50:51.170+0000] {processor.py:208} INFO - Processing /home/airflow/.local/lib/python3.12/site-packages/airflow/example_dags/example_subdag_operator.py took 0.151 seconds
[2025-04-04T15:51:21.982+0000] {processor.py:186} INFO - Started process (PID=581) to work on /home/airflow/.local/lib/python3.12/site-packages/airflow/example_dags/example_subdag_operator.py
[2025-04-04T15:51:21.983+0000] {processor.py:914} INFO - Processing file /home/airflow/.local/lib/python3.12/site-packages/airflow/example_dags/example_subdag_operator.py for tasks to queue
[2025-04-04T15:51:21.986+0000] {logging_mixin.py:190} INFO - [2025-04-04T15:51:21.986+0000] {dagbag.py:588} INFO - Filling up the DagBag from /home/airflow/.local/lib/python3.12/site-packages/airflow/example_dags/example_subdag_operator.py
[2025-04-04T15:51:22.023+0000] {processor.py:925} INFO - DAG(s) 'example_subdag_operator.section-1', 'example_subdag_operator.section-2', 'example_subdag_operator' retrieved from /home/airflow/.local/lib/python3.12/site-packages/airflow/example_dags/example_subdag_operator.py
[2025-04-04T15:51:22.041+0000] {logging_mixin.py:190} INFO - [2025-04-04T15:51:22.041+0000] {dag.py:3239} INFO - Sync 3 DAGs
[2025-04-04T15:51:22.072+0000] {logging_mixin.py:190} INFO - [2025-04-04T15:51:22.072+0000] {dag.py:4180} INFO - Setting next_dagrun for example_subdag_operator to 2022-01-01 00:00:00+00:00, run_after=2022-01-01 00:00:00+00:00
[2025-04-04T15:51:22.077+0000] {logging_mixin.py:190} INFO - [2025-04-04T15:51:22.077+0000] {dag.py:4180} INFO - Setting next_dagrun for example_subdag_operator.section-1 to None, run_after=None
[2025-04-04T15:51:22.078+0000] {logging_mixin.py:190} INFO - [2025-04-04T15:51:22.078+0000] {dag.py:4180} INFO - Setting next_dagrun for example_subdag_operator.section-2 to None, run_after=None
[2025-04-04T15:51:22.088+0000] {logging_mixin.py:190} INFO - [2025-04-04T15:51:22.088+0000] {dag.py:3239} INFO - Sync 2 DAGs
[2025-04-04T15:51:22.097+0000] {logging_mixin.py:190} INFO - [2025-04-04T15:51:22.097+0000] {dag.py:4180} INFO - Setting next_dagrun for example_subdag_operator.section-1 to None, run_after=None
[2025-04-04T15:51:22.098+0000] {logging_mixin.py:190} INFO - [2025-04-04T15:51:22.097+0000] {dag.py:4180} INFO - Setting next_dagrun for example_subdag_operator.section-2 to None, run_after=None
[2025-04-04T15:51:22.113+0000] {processor.py:208} INFO - Processing /home/airflow/.local/lib/python3.12/site-packages/airflow/example_dags/example_subdag_operator.py took 0.139 seconds
[2025-04-04T15:51:52.319+0000] {processor.py:186} INFO - Started process (PID=645) to work on /home/airflow/.local/lib/python3.12/site-packages/airflow/example_dags/example_subdag_operator.py
[2025-04-04T15:51:52.320+0000] {processor.py:914} INFO - Processing file /home/airflow/.local/lib/python3.12/site-packages/airflow/example_dags/example_subdag_operator.py for tasks to queue
[2025-04-04T15:51:52.323+0000] {logging_mixin.py:190} INFO - [2025-04-04T15:51:52.323+0000] {dagbag.py:588} INFO - Filling up the DagBag from /home/airflow/.local/lib/python3.12/site-packages/airflow/example_dags/example_subdag_operator.py
[2025-04-04T15:51:52.356+0000] {processor.py:925} INFO - DAG(s) 'example_subdag_operator.section-1', 'example_subdag_operator.section-2', 'example_subdag_operator' retrieved from /home/airflow/.local/lib/python3.12/site-packages/airflow/example_dags/example_subdag_operator.py
[2025-04-04T15:51:52.377+0000] {logging_mixin.py:190} INFO - [2025-04-04T15:51:52.377+0000] {dag.py:3239} INFO - Sync 3 DAGs
[2025-04-04T15:51:52.412+0000] {logging_mixin.py:190} INFO - [2025-04-04T15:51:52.412+0000] {dag.py:4180} INFO - Setting next_dagrun for example_subdag_operator to 2022-01-01 00:00:00+00:00, run_after=2022-01-01 00:00:00+00:00
[2025-04-04T15:51:52.417+0000] {logging_mixin.py:190} INFO - [2025-04-04T15:51:52.417+0000] {dag.py:4180} INFO - Setting next_dagrun for example_subdag_operator.section-1 to None, run_after=None
[2025-04-04T15:51:52.419+0000] {logging_mixin.py:190} INFO - [2025-04-04T15:51:52.419+0000] {dag.py:4180} INFO - Setting next_dagrun for example_subdag_operator.section-2 to None, run_after=None
[2025-04-04T15:51:52.429+0000] {logging_mixin.py:190} INFO - [2025-04-04T15:51:52.429+0000] {dag.py:3239} INFO - Sync 2 DAGs
[2025-04-04T15:51:52.439+0000] {logging_mixin.py:190} INFO - [2025-04-04T15:51:52.439+0000] {dag.py:4180} INFO - Setting next_dagrun for example_subdag_operator.section-1 to None, run_after=None
[2025-04-04T15:51:52.440+0000] {logging_mixin.py:190} INFO - [2025-04-04T15:51:52.439+0000] {dag.py:4180} INFO - Setting next_dagrun for example_subdag_operator.section-2 to None, run_after=None
[2025-04-04T15:51:52.455+0000] {processor.py:208} INFO - Processing /home/airflow/.local/lib/python3.12/site-packages/airflow/example_dags/example_subdag_operator.py took 0.146 seconds
[2025-04-04T15:52:23.266+0000] {processor.py:186} INFO - Started process (PID=709) to work on /home/airflow/.local/lib/python3.12/site-packages/airflow/example_dags/example_subdag_operator.py
[2025-04-04T15:52:23.268+0000] {processor.py:914} INFO - Processing file /home/airflow/.local/lib/python3.12/site-packages/airflow/example_dags/example_subdag_operator.py for tasks to queue
[2025-04-04T15:52:23.271+0000] {logging_mixin.py:190} INFO - [2025-04-04T15:52:23.271+0000] {dagbag.py:588} INFO - Filling up the DagBag from /home/airflow/.local/lib/python3.12/site-packages/airflow/example_dags/example_subdag_operator.py
[2025-04-04T15:52:23.317+0000] {processor.py:925} INFO - DAG(s) 'example_subdag_operator.section-1', 'example_subdag_operator.section-2', 'example_subdag_operator' retrieved from /home/airflow/.local/lib/python3.12/site-packages/airflow/example_dags/example_subdag_operator.py
[2025-04-04T15:52:23.351+0000] {logging_mixin.py:190} INFO - [2025-04-04T15:52:23.351+0000] {dag.py:3239} INFO - Sync 3 DAGs
[2025-04-04T15:52:23.399+0000] {logging_mixin.py:190} INFO - [2025-04-04T15:52:23.398+0000] {dag.py:4180} INFO - Setting next_dagrun for example_subdag_operator to 2022-01-01 00:00:00+00:00, run_after=2022-01-01 00:00:00+00:00
[2025-04-04T15:52:23.406+0000] {logging_mixin.py:190} INFO - [2025-04-04T15:52:23.406+0000] {dag.py:4180} INFO - Setting next_dagrun for example_subdag_operator.section-1 to None, run_after=None
[2025-04-04T15:52:23.409+0000] {logging_mixin.py:190} INFO - [2025-04-04T15:52:23.408+0000] {dag.py:4180} INFO - Setting next_dagrun for example_subdag_operator.section-2 to None, run_after=None
[2025-04-04T15:52:23.422+0000] {logging_mixin.py:190} INFO - [2025-04-04T15:52:23.422+0000] {dag.py:3239} INFO - Sync 2 DAGs
[2025-04-04T15:52:23.433+0000] {logging_mixin.py:190} INFO - [2025-04-04T15:52:23.432+0000] {dag.py:4180} INFO - Setting next_dagrun for example_subdag_operator.section-1 to None, run_after=None
[2025-04-04T15:52:23.433+0000] {logging_mixin.py:190} INFO - [2025-04-04T15:52:23.433+0000] {dag.py:4180} INFO - Setting next_dagrun for example_subdag_operator.section-2 to None, run_after=None
[2025-04-04T15:52:23.452+0000] {processor.py:208} INFO - Processing /home/airflow/.local/lib/python3.12/site-packages/airflow/example_dags/example_subdag_operator.py took 0.197 seconds
[2025-04-04T15:52:54.150+0000] {processor.py:186} INFO - Started process (PID=773) to work on /home/airflow/.local/lib/python3.12/site-packages/airflow/example_dags/example_subdag_operator.py
[2025-04-04T15:52:54.151+0000] {processor.py:914} INFO - Processing file /home/airflow/.local/lib/python3.12/site-packages/airflow/example_dags/example_subdag_operator.py for tasks to queue
[2025-04-04T15:52:54.154+0000] {logging_mixin.py:190} INFO - [2025-04-04T15:52:54.153+0000] {dagbag.py:588} INFO - Filling up the DagBag from /home/airflow/.local/lib/python3.12/site-packages/airflow/example_dags/example_subdag_operator.py
[2025-04-04T15:52:54.193+0000] {processor.py:925} INFO - DAG(s) 'example_subdag_operator.section-1', 'example_subdag_operator.section-2', 'example_subdag_operator' retrieved from /home/airflow/.local/lib/python3.12/site-packages/airflow/example_dags/example_subdag_operator.py
[2025-04-04T15:52:54.213+0000] {logging_mixin.py:190} INFO - [2025-04-04T15:52:54.213+0000] {dag.py:3239} INFO - Sync 3 DAGs
[2025-04-04T15:52:54.247+0000] {logging_mixin.py:190} INFO - [2025-04-04T15:52:54.246+0000] {dag.py:4180} INFO - Setting next_dagrun for example_subdag_operator to 2022-01-01 00:00:00+00:00, run_after=2022-01-01 00:00:00+00:00
[2025-04-04T15:52:54.251+0000] {logging_mixin.py:190} INFO - [2025-04-04T15:52:54.251+0000] {dag.py:4180} INFO - Setting next_dagrun for example_subdag_operator.section-1 to None, run_after=None
[2025-04-04T15:52:54.253+0000] {logging_mixin.py:190} INFO - [2025-04-04T15:52:54.253+0000] {dag.py:4180} INFO - Setting next_dagrun for example_subdag_operator.section-2 to None, run_after=None
[2025-04-04T15:52:54.264+0000] {logging_mixin.py:190} INFO - [2025-04-04T15:52:54.264+0000] {dag.py:3239} INFO - Sync 2 DAGs
[2025-04-04T15:52:54.275+0000] {logging_mixin.py:190} INFO - [2025-04-04T15:52:54.274+0000] {dag.py:4180} INFO - Setting next_dagrun for example_subdag_operator.section-1 to None, run_after=None
[2025-04-04T15:52:54.275+0000] {logging_mixin.py:190} INFO - [2025-04-04T15:52:54.275+0000] {dag.py:4180} INFO - Setting next_dagrun for example_subdag_operator.section-2 to None, run_after=None
[2025-04-04T15:52:54.292+0000] {processor.py:208} INFO - Processing /home/airflow/.local/lib/python3.12/site-packages/airflow/example_dags/example_subdag_operator.py took 0.150 seconds
[2025-04-04T15:53:24.902+0000] {processor.py:186} INFO - Started process (PID=837) to work on /home/airflow/.local/lib/python3.12/site-packages/airflow/example_dags/example_subdag_operator.py
[2025-04-04T15:53:24.904+0000] {processor.py:914} INFO - Processing file /home/airflow/.local/lib/python3.12/site-packages/airflow/example_dags/example_subdag_operator.py for tasks to queue
[2025-04-04T15:53:24.907+0000] {logging_mixin.py:190} INFO - [2025-04-04T15:53:24.907+0000] {dagbag.py:588} INFO - Filling up the DagBag from /home/airflow/.local/lib/python3.12/site-packages/airflow/example_dags/example_subdag_operator.py
[2025-04-04T15:53:24.942+0000] {processor.py:925} INFO - DAG(s) 'example_subdag_operator.section-1', 'example_subdag_operator.section-2', 'example_subdag_operator' retrieved from /home/airflow/.local/lib/python3.12/site-packages/airflow/example_dags/example_subdag_operator.py
[2025-04-04T15:53:24.963+0000] {logging_mixin.py:190} INFO - [2025-04-04T15:53:24.963+0000] {dag.py:3239} INFO - Sync 3 DAGs
[2025-04-04T15:53:24.998+0000] {logging_mixin.py:190} INFO - [2025-04-04T15:53:24.997+0000] {dag.py:4180} INFO - Setting next_dagrun for example_subdag_operator to 2022-01-01 00:00:00+00:00, run_after=2022-01-01 00:00:00+00:00
[2025-04-04T15:53:25.003+0000] {logging_mixin.py:190} INFO - [2025-04-04T15:53:25.003+0000] {dag.py:4180} INFO - Setting next_dagrun for example_subdag_operator.section-1 to None, run_after=None
[2025-04-04T15:53:25.005+0000] {logging_mixin.py:190} INFO - [2025-04-04T15:53:25.005+0000] {dag.py:4180} INFO - Setting next_dagrun for example_subdag_operator.section-2 to None, run_after=None
[2025-04-04T15:53:25.015+0000] {logging_mixin.py:190} INFO - [2025-04-04T15:53:25.015+0000] {dag.py:3239} INFO - Sync 2 DAGs
[2025-04-04T15:53:25.025+0000] {logging_mixin.py:190} INFO - [2025-04-04T15:53:25.025+0000] {dag.py:4180} INFO - Setting next_dagrun for example_subdag_operator.section-1 to None, run_after=None
[2025-04-04T15:53:25.026+0000] {logging_mixin.py:190} INFO - [2025-04-04T15:53:25.026+0000] {dag.py:4180} INFO - Setting next_dagrun for example_subdag_operator.section-2 to None, run_after=None
[2025-04-04T15:53:25.045+0000] {processor.py:208} INFO - Processing /home/airflow/.local/lib/python3.12/site-packages/airflow/example_dags/example_subdag_operator.py took 0.151 seconds
[2025-04-04T15:53:55.429+0000] {processor.py:186} INFO - Started process (PID=901) to work on /home/airflow/.local/lib/python3.12/site-packages/airflow/example_dags/example_subdag_operator.py
[2025-04-04T15:53:55.430+0000] {processor.py:914} INFO - Processing file /home/airflow/.local/lib/python3.12/site-packages/airflow/example_dags/example_subdag_operator.py for tasks to queue
[2025-04-04T15:53:55.433+0000] {logging_mixin.py:190} INFO - [2025-04-04T15:53:55.433+0000] {dagbag.py:588} INFO - Filling up the DagBag from /home/airflow/.local/lib/python3.12/site-packages/airflow/example_dags/example_subdag_operator.py
[2025-04-04T15:53:55.468+0000] {processor.py:925} INFO - DAG(s) 'example_subdag_operator.section-1', 'example_subdag_operator.section-2', 'example_subdag_operator' retrieved from /home/airflow/.local/lib/python3.12/site-packages/airflow/example_dags/example_subdag_operator.py
[2025-04-04T15:53:55.491+0000] {logging_mixin.py:190} INFO - [2025-04-04T15:53:55.490+0000] {dag.py:3239} INFO - Sync 3 DAGs
[2025-04-04T15:53:55.525+0000] {logging_mixin.py:190} INFO - [2025-04-04T15:53:55.524+0000] {dag.py:4180} INFO - Setting next_dagrun for example_subdag_operator to 2022-01-01 00:00:00+00:00, run_after=2022-01-01 00:00:00+00:00
[2025-04-04T15:53:55.532+0000] {logging_mixin.py:190} INFO - [2025-04-04T15:53:55.531+0000] {dag.py:4180} INFO - Setting next_dagrun for example_subdag_operator.section-1 to None, run_after=None
[2025-04-04T15:53:55.535+0000] {logging_mixin.py:190} INFO - [2025-04-04T15:53:55.534+0000] {dag.py:4180} INFO - Setting next_dagrun for example_subdag_operator.section-2 to None, run_after=None
[2025-04-04T15:53:55.548+0000] {logging_mixin.py:190} INFO - [2025-04-04T15:53:55.548+0000] {dag.py:3239} INFO - Sync 2 DAGs
[2025-04-04T15:53:55.556+0000] {logging_mixin.py:190} INFO - [2025-04-04T15:53:55.556+0000] {dag.py:4180} INFO - Setting next_dagrun for example_subdag_operator.section-1 to None, run_after=None
[2025-04-04T15:53:55.557+0000] {logging_mixin.py:190} INFO - [2025-04-04T15:53:55.557+0000] {dag.py:4180} INFO - Setting next_dagrun for example_subdag_operator.section-2 to None, run_after=None
[2025-04-04T15:53:55.572+0000] {processor.py:208} INFO - Processing /home/airflow/.local/lib/python3.12/site-packages/airflow/example_dags/example_subdag_operator.py took 0.150 seconds
[2025-04-04T15:54:25.656+0000] {processor.py:186} INFO - Started process (PID=965) to work on /home/airflow/.local/lib/python3.12/site-packages/airflow/example_dags/example_subdag_operator.py
[2025-04-04T15:54:25.657+0000] {processor.py:914} INFO - Processing file /home/airflow/.local/lib/python3.12/site-packages/airflow/example_dags/example_subdag_operator.py for tasks to queue
[2025-04-04T15:54:25.660+0000] {logging_mixin.py:190} INFO - [2025-04-04T15:54:25.660+0000] {dagbag.py:588} INFO - Filling up the DagBag from /home/airflow/.local/lib/python3.12/site-packages/airflow/example_dags/example_subdag_operator.py
[2025-04-04T15:54:25.696+0000] {processor.py:925} INFO - DAG(s) 'example_subdag_operator.section-1', 'example_subdag_operator.section-2', 'example_subdag_operator' retrieved from /home/airflow/.local/lib/python3.12/site-packages/airflow/example_dags/example_subdag_operator.py
[2025-04-04T15:54:25.714+0000] {logging_mixin.py:190} INFO - [2025-04-04T15:54:25.714+0000] {dag.py:3239} INFO - Sync 3 DAGs
[2025-04-04T15:54:25.746+0000] {logging_mixin.py:190} INFO - [2025-04-04T15:54:25.746+0000] {dag.py:4180} INFO - Setting next_dagrun for example_subdag_operator to 2022-01-01 00:00:00+00:00, run_after=2022-01-01 00:00:00+00:00
[2025-04-04T15:54:25.751+0000] {logging_mixin.py:190} INFO - [2025-04-04T15:54:25.751+0000] {dag.py:4180} INFO - Setting next_dagrun for example_subdag_operator.section-1 to None, run_after=None
[2025-04-04T15:54:25.753+0000] {logging_mixin.py:190} INFO - [2025-04-04T15:54:25.752+0000] {dag.py:4180} INFO - Setting next_dagrun for example_subdag_operator.section-2 to None, run_after=None
[2025-04-04T15:54:25.762+0000] {logging_mixin.py:190} INFO - [2025-04-04T15:54:25.762+0000] {dag.py:3239} INFO - Sync 2 DAGs
[2025-04-04T15:54:25.772+0000] {logging_mixin.py:190} INFO - [2025-04-04T15:54:25.771+0000] {dag.py:4180} INFO - Setting next_dagrun for example_subdag_operator.section-1 to None, run_after=None
[2025-04-04T15:54:25.772+0000] {logging_mixin.py:190} INFO - [2025-04-04T15:54:25.772+0000] {dag.py:4180} INFO - Setting next_dagrun for example_subdag_operator.section-2 to None, run_after=None
[2025-04-04T15:54:25.788+0000] {processor.py:208} INFO - Processing /home/airflow/.local/lib/python3.12/site-packages/airflow/example_dags/example_subdag_operator.py took 0.140 seconds
[2025-04-04T15:54:56.264+0000] {processor.py:186} INFO - Started process (PID=1029) to work on /home/airflow/.local/lib/python3.12/site-packages/airflow/example_dags/example_subdag_operator.py
[2025-04-04T15:54:56.265+0000] {processor.py:914} INFO - Processing file /home/airflow/.local/lib/python3.12/site-packages/airflow/example_dags/example_subdag_operator.py for tasks to queue
[2025-04-04T15:54:56.268+0000] {logging_mixin.py:190} INFO - [2025-04-04T15:54:56.267+0000] {dagbag.py:588} INFO - Filling up the DagBag from /home/airflow/.local/lib/python3.12/site-packages/airflow/example_dags/example_subdag_operator.py
[2025-04-04T15:54:56.315+0000] {processor.py:925} INFO - DAG(s) 'example_subdag_operator.section-1', 'example_subdag_operator.section-2', 'example_subdag_operator' retrieved from /home/airflow/.local/lib/python3.12/site-packages/airflow/example_dags/example_subdag_operator.py
[2025-04-04T15:54:56.342+0000] {logging_mixin.py:190} INFO - [2025-04-04T15:54:56.342+0000] {dag.py:3239} INFO - Sync 3 DAGs
[2025-04-04T15:54:56.385+0000] {logging_mixin.py:190} INFO - [2025-04-04T15:54:56.384+0000] {dag.py:4180} INFO - Setting next_dagrun for example_subdag_operator to 2022-01-01 00:00:00+00:00, run_after=2022-01-01 00:00:00+00:00
[2025-04-04T15:54:56.391+0000] {logging_mixin.py:190} INFO - [2025-04-04T15:54:56.391+0000] {dag.py:4180} INFO - Setting next_dagrun for example_subdag_operator.section-1 to None, run_after=None
[2025-04-04T15:54:56.394+0000] {logging_mixin.py:190} INFO - [2025-04-04T15:54:56.394+0000] {dag.py:4180} INFO - Setting next_dagrun for example_subdag_operator.section-2 to None, run_after=None
[2025-04-04T15:54:56.405+0000] {logging_mixin.py:190} INFO - [2025-04-04T15:54:56.405+0000] {dag.py:3239} INFO - Sync 2 DAGs
[2025-04-04T15:54:56.414+0000] {logging_mixin.py:190} INFO - [2025-04-04T15:54:56.414+0000] {dag.py:4180} INFO - Setting next_dagrun for example_subdag_operator.section-1 to None, run_after=None
[2025-04-04T15:54:56.414+0000] {logging_mixin.py:190} INFO - [2025-04-04T15:54:56.414+0000] {dag.py:4180} INFO - Setting next_dagrun for example_subdag_operator.section-2 to None, run_after=None
[2025-04-04T15:54:56.431+0000] {processor.py:208} INFO - Processing /home/airflow/.local/lib/python3.12/site-packages/airflow/example_dags/example_subdag_operator.py took 0.174 seconds
[2025-04-04T15:55:27.124+0000] {processor.py:186} INFO - Started process (PID=1093) to work on /home/airflow/.local/lib/python3.12/site-packages/airflow/example_dags/example_subdag_operator.py
[2025-04-04T15:55:27.125+0000] {processor.py:914} INFO - Processing file /home/airflow/.local/lib/python3.12/site-packages/airflow/example_dags/example_subdag_operator.py for tasks to queue
[2025-04-04T15:55:27.127+0000] {logging_mixin.py:190} INFO - [2025-04-04T15:55:27.127+0000] {dagbag.py:588} INFO - Filling up the DagBag from /home/airflow/.local/lib/python3.12/site-packages/airflow/example_dags/example_subdag_operator.py
[2025-04-04T15:55:27.159+0000] {processor.py:925} INFO - DAG(s) 'example_subdag_operator.section-1', 'example_subdag_operator.section-2', 'example_subdag_operator' retrieved from /home/airflow/.local/lib/python3.12/site-packages/airflow/example_dags/example_subdag_operator.py
[2025-04-04T15:55:27.179+0000] {logging_mixin.py:190} INFO - [2025-04-04T15:55:27.179+0000] {dag.py:3239} INFO - Sync 3 DAGs
[2025-04-04T15:55:27.213+0000] {logging_mixin.py:190} INFO - [2025-04-04T15:55:27.213+0000] {dag.py:4180} INFO - Setting next_dagrun for example_subdag_operator to 2022-01-01 00:00:00+00:00, run_after=2022-01-01 00:00:00+00:00
[2025-04-04T15:55:27.219+0000] {logging_mixin.py:190} INFO - [2025-04-04T15:55:27.219+0000] {dag.py:4180} INFO - Setting next_dagrun for example_subdag_operator.section-1 to None, run_after=None
[2025-04-04T15:55:27.221+0000] {logging_mixin.py:190} INFO - [2025-04-04T15:55:27.221+0000] {dag.py:4180} INFO - Setting next_dagrun for example_subdag_operator.section-2 to None, run_after=None
[2025-04-04T15:55:27.232+0000] {logging_mixin.py:190} INFO - [2025-04-04T15:55:27.232+0000] {dag.py:3239} INFO - Sync 2 DAGs
[2025-04-04T15:55:27.241+0000] {logging_mixin.py:190} INFO - [2025-04-04T15:55:27.240+0000] {dag.py:4180} INFO - Setting next_dagrun for example_subdag_operator.section-1 to None, run_after=None
[2025-04-04T15:55:27.241+0000] {logging_mixin.py:190} INFO - [2025-04-04T15:55:27.241+0000] {dag.py:4180} INFO - Setting next_dagrun for example_subdag_operator.section-2 to None, run_after=None
[2025-04-04T15:55:27.257+0000] {processor.py:208} INFO - Processing /home/airflow/.local/lib/python3.12/site-packages/airflow/example_dags/example_subdag_operator.py took 0.141 seconds
[2025-04-04T15:55:58.011+0000] {processor.py:186} INFO - Started process (PID=1157) to work on /home/airflow/.local/lib/python3.12/site-packages/airflow/example_dags/example_subdag_operator.py
[2025-04-04T15:55:58.012+0000] {processor.py:914} INFO - Processing file /home/airflow/.local/lib/python3.12/site-packages/airflow/example_dags/example_subdag_operator.py for tasks to queue
[2025-04-04T15:55:58.016+0000] {logging_mixin.py:190} INFO - [2025-04-04T15:55:58.016+0000] {dagbag.py:588} INFO - Filling up the DagBag from /home/airflow/.local/lib/python3.12/site-packages/airflow/example_dags/example_subdag_operator.py
[2025-04-04T15:55:58.052+0000] {processor.py:925} INFO - DAG(s) 'example_subdag_operator.section-1', 'example_subdag_operator.section-2', 'example_subdag_operator' retrieved from /home/airflow/.local/lib/python3.12/site-packages/airflow/example_dags/example_subdag_operator.py
[2025-04-04T15:55:58.086+0000] {logging_mixin.py:190} INFO - [2025-04-04T15:55:58.085+0000] {dag.py:3239} INFO - Sync 3 DAGs
[2025-04-04T15:55:58.122+0000] {logging_mixin.py:190} INFO - [2025-04-04T15:55:58.122+0000] {dag.py:4180} INFO - Setting next_dagrun for example_subdag_operator to 2022-01-01 00:00:00+00:00, run_after=2022-01-01 00:00:00+00:00
[2025-04-04T15:55:58.131+0000] {logging_mixin.py:190} INFO - [2025-04-04T15:55:58.131+0000] {dag.py:4180} INFO - Setting next_dagrun for example_subdag_operator.section-1 to None, run_after=None
[2025-04-04T15:55:58.134+0000] {logging_mixin.py:190} INFO - [2025-04-04T15:55:58.133+0000] {dag.py:4180} INFO - Setting next_dagrun for example_subdag_operator.section-2 to None, run_after=None
[2025-04-04T15:55:58.147+0000] {logging_mixin.py:190} INFO - [2025-04-04T15:55:58.147+0000] {dag.py:3239} INFO - Sync 2 DAGs
[2025-04-04T15:55:58.159+0000] {logging_mixin.py:190} INFO - [2025-04-04T15:55:58.158+0000] {dag.py:4180} INFO - Setting next_dagrun for example_subdag_operator.section-1 to None, run_after=None
[2025-04-04T15:55:58.159+0000] {logging_mixin.py:190} INFO - [2025-04-04T15:55:58.159+0000] {dag.py:4180} INFO - Setting next_dagrun for example_subdag_operator.section-2 to None, run_after=None
[2025-04-04T15:55:58.179+0000] {processor.py:208} INFO - Processing /home/airflow/.local/lib/python3.12/site-packages/airflow/example_dags/example_subdag_operator.py took 0.177 seconds
[2025-04-04T15:56:28.761+0000] {processor.py:186} INFO - Started process (PID=1221) to work on /home/airflow/.local/lib/python3.12/site-packages/airflow/example_dags/example_subdag_operator.py
[2025-04-04T15:56:28.763+0000] {processor.py:914} INFO - Processing file /home/airflow/.local/lib/python3.12/site-packages/airflow/example_dags/example_subdag_operator.py for tasks to queue
[2025-04-04T15:56:28.767+0000] {logging_mixin.py:190} INFO - [2025-04-04T15:56:28.766+0000] {dagbag.py:588} INFO - Filling up the DagBag from /home/airflow/.local/lib/python3.12/site-packages/airflow/example_dags/example_subdag_operator.py
[2025-04-04T15:56:28.819+0000] {processor.py:925} INFO - DAG(s) 'example_subdag_operator.section-1', 'example_subdag_operator.section-2', 'example_subdag_operator' retrieved from /home/airflow/.local/lib/python3.12/site-packages/airflow/example_dags/example_subdag_operator.py
[2025-04-04T15:56:28.859+0000] {logging_mixin.py:190} INFO - [2025-04-04T15:56:28.858+0000] {dag.py:3239} INFO - Sync 3 DAGs
[2025-04-04T15:56:28.913+0000] {logging_mixin.py:190} INFO - [2025-04-04T15:56:28.913+0000] {dag.py:4180} INFO - Setting next_dagrun for example_subdag_operator to 2022-01-01 00:00:00+00:00, run_after=2022-01-01 00:00:00+00:00
[2025-04-04T15:56:28.920+0000] {logging_mixin.py:190} INFO - [2025-04-04T15:56:28.920+0000] {dag.py:4180} INFO - Setting next_dagrun for example_subdag_operator.section-1 to None, run_after=None
[2025-04-04T15:56:28.926+0000] {logging_mixin.py:190} INFO - [2025-04-04T15:56:28.925+0000] {dag.py:4180} INFO - Setting next_dagrun for example_subdag_operator.section-2 to None, run_after=None
[2025-04-04T15:56:28.939+0000] {logging_mixin.py:190} INFO - [2025-04-04T15:56:28.939+0000] {dag.py:3239} INFO - Sync 2 DAGs
[2025-04-04T15:56:28.951+0000] {logging_mixin.py:190} INFO - [2025-04-04T15:56:28.950+0000] {dag.py:4180} INFO - Setting next_dagrun for example_subdag_operator.section-1 to None, run_after=None
[2025-04-04T15:56:28.952+0000] {logging_mixin.py:190} INFO - [2025-04-04T15:56:28.951+0000] {dag.py:4180} INFO - Setting next_dagrun for example_subdag_operator.section-2 to None, run_after=None
[2025-04-04T15:56:28.972+0000] {processor.py:208} INFO - Processing /home/airflow/.local/lib/python3.12/site-packages/airflow/example_dags/example_subdag_operator.py took 0.230 seconds
[2025-04-04T15:56:59.503+0000] {processor.py:186} INFO - Started process (PID=1285) to work on /home/airflow/.local/lib/python3.12/site-packages/airflow/example_dags/example_subdag_operator.py
[2025-04-04T15:56:59.505+0000] {processor.py:914} INFO - Processing file /home/airflow/.local/lib/python3.12/site-packages/airflow/example_dags/example_subdag_operator.py for tasks to queue
[2025-04-04T15:56:59.509+0000] {logging_mixin.py:190} INFO - [2025-04-04T15:56:59.508+0000] {dagbag.py:588} INFO - Filling up the DagBag from /home/airflow/.local/lib/python3.12/site-packages/airflow/example_dags/example_subdag_operator.py
[2025-04-04T15:56:59.550+0000] {processor.py:925} INFO - DAG(s) 'example_subdag_operator.section-1', 'example_subdag_operator.section-2', 'example_subdag_operator' retrieved from /home/airflow/.local/lib/python3.12/site-packages/airflow/example_dags/example_subdag_operator.py
[2025-04-04T15:56:59.573+0000] {logging_mixin.py:190} INFO - [2025-04-04T15:56:59.573+0000] {dag.py:3239} INFO - Sync 3 DAGs
[2025-04-04T15:56:59.607+0000] {logging_mixin.py:190} INFO - [2025-04-04T15:56:59.606+0000] {dag.py:4180} INFO - Setting next_dagrun for example_subdag_operator to 2022-01-01 00:00:00+00:00, run_after=2022-01-01 00:00:00+00:00
[2025-04-04T15:56:59.611+0000] {logging_mixin.py:190} INFO - [2025-04-04T15:56:59.611+0000] {dag.py:4180} INFO - Setting next_dagrun for example_subdag_operator.section-1 to None, run_after=None
[2025-04-04T15:56:59.613+0000] {logging_mixin.py:190} INFO - [2025-04-04T15:56:59.613+0000] {dag.py:4180} INFO - Setting next_dagrun for example_subdag_operator.section-2 to None, run_after=None
[2025-04-04T15:56:59.623+0000] {logging_mixin.py:190} INFO - [2025-04-04T15:56:59.623+0000] {dag.py:3239} INFO - Sync 2 DAGs
[2025-04-04T15:56:59.632+0000] {logging_mixin.py:190} INFO - [2025-04-04T15:56:59.632+0000] {dag.py:4180} INFO - Setting next_dagrun for example_subdag_operator.section-1 to None, run_after=None
[2025-04-04T15:56:59.632+0000] {logging_mixin.py:190} INFO - [2025-04-04T15:56:59.632+0000] {dag.py:4180} INFO - Setting next_dagrun for example_subdag_operator.section-2 to None, run_after=None
[2025-04-04T15:56:59.650+0000] {processor.py:208} INFO - Processing /home/airflow/.local/lib/python3.12/site-packages/airflow/example_dags/example_subdag_operator.py took 0.157 seconds
[2025-04-04T15:57:29.936+0000] {processor.py:186} INFO - Started process (PID=1349) to work on /home/airflow/.local/lib/python3.12/site-packages/airflow/example_dags/example_subdag_operator.py
[2025-04-04T15:57:29.937+0000] {processor.py:914} INFO - Processing file /home/airflow/.local/lib/python3.12/site-packages/airflow/example_dags/example_subdag_operator.py for tasks to queue
[2025-04-04T15:57:29.940+0000] {logging_mixin.py:190} INFO - [2025-04-04T15:57:29.939+0000] {dagbag.py:588} INFO - Filling up the DagBag from /home/airflow/.local/lib/python3.12/site-packages/airflow/example_dags/example_subdag_operator.py
[2025-04-04T15:57:29.974+0000] {processor.py:925} INFO - DAG(s) 'example_subdag_operator.section-1', 'example_subdag_operator.section-2', 'example_subdag_operator' retrieved from /home/airflow/.local/lib/python3.12/site-packages/airflow/example_dags/example_subdag_operator.py
[2025-04-04T15:57:29.994+0000] {logging_mixin.py:190} INFO - [2025-04-04T15:57:29.994+0000] {dag.py:3239} INFO - Sync 3 DAGs
[2025-04-04T15:57:30.030+0000] {logging_mixin.py:190} INFO - [2025-04-04T15:57:30.030+0000] {dag.py:4180} INFO - Setting next_dagrun for example_subdag_operator to 2022-01-01 00:00:00+00:00, run_after=2022-01-01 00:00:00+00:00
[2025-04-04T15:57:30.035+0000] {logging_mixin.py:190} INFO - [2025-04-04T15:57:30.035+0000] {dag.py:4180} INFO - Setting next_dagrun for example_subdag_operator.section-1 to None, run_after=None
[2025-04-04T15:57:30.037+0000] {logging_mixin.py:190} INFO - [2025-04-04T15:57:30.037+0000] {dag.py:4180} INFO - Setting next_dagrun for example_subdag_operator.section-2 to None, run_after=None
[2025-04-04T15:57:30.047+0000] {logging_mixin.py:190} INFO - [2025-04-04T15:57:30.047+0000] {dag.py:3239} INFO - Sync 2 DAGs
[2025-04-04T15:57:30.056+0000] {logging_mixin.py:190} INFO - [2025-04-04T15:57:30.056+0000] {dag.py:4180} INFO - Setting next_dagrun for example_subdag_operator.section-1 to None, run_after=None
[2025-04-04T15:57:30.056+0000] {logging_mixin.py:190} INFO - [2025-04-04T15:57:30.056+0000] {dag.py:4180} INFO - Setting next_dagrun for example_subdag_operator.section-2 to None, run_after=None
[2025-04-04T15:57:30.073+0000] {processor.py:208} INFO - Processing /home/airflow/.local/lib/python3.12/site-packages/airflow/example_dags/example_subdag_operator.py took 0.147 seconds
[2025-04-04T15:58:00.191+0000] {processor.py:186} INFO - Started process (PID=1413) to work on /home/airflow/.local/lib/python3.12/site-packages/airflow/example_dags/example_subdag_operator.py
[2025-04-04T15:58:00.192+0000] {processor.py:914} INFO - Processing file /home/airflow/.local/lib/python3.12/site-packages/airflow/example_dags/example_subdag_operator.py for tasks to queue
[2025-04-04T15:58:00.194+0000] {logging_mixin.py:190} INFO - [2025-04-04T15:58:00.194+0000] {dagbag.py:588} INFO - Filling up the DagBag from /home/airflow/.local/lib/python3.12/site-packages/airflow/example_dags/example_subdag_operator.py
[2025-04-04T15:58:00.226+0000] {processor.py:925} INFO - DAG(s) 'example_subdag_operator.section-1', 'example_subdag_operator.section-2', 'example_subdag_operator' retrieved from /home/airflow/.local/lib/python3.12/site-packages/airflow/example_dags/example_subdag_operator.py
[2025-04-04T15:58:00.245+0000] {logging_mixin.py:190} INFO - [2025-04-04T15:58:00.245+0000] {dag.py:3239} INFO - Sync 3 DAGs
[2025-04-04T15:58:00.281+0000] {logging_mixin.py:190} INFO - [2025-04-04T15:58:00.280+0000] {dag.py:4180} INFO - Setting next_dagrun for example_subdag_operator to 2022-01-01 00:00:00+00:00, run_after=2022-01-01 00:00:00+00:00
[2025-04-04T15:58:00.286+0000] {logging_mixin.py:190} INFO - [2025-04-04T15:58:00.286+0000] {dag.py:4180} INFO - Setting next_dagrun for example_subdag_operator.section-1 to None, run_after=None
[2025-04-04T15:58:00.288+0000] {logging_mixin.py:190} INFO - [2025-04-04T15:58:00.288+0000] {dag.py:4180} INFO - Setting next_dagrun for example_subdag_operator.section-2 to None, run_after=None
[2025-04-04T15:58:00.298+0000] {logging_mixin.py:190} INFO - [2025-04-04T15:58:00.298+0000] {dag.py:3239} INFO - Sync 2 DAGs
[2025-04-04T15:58:00.308+0000] {logging_mixin.py:190} INFO - [2025-04-04T15:58:00.308+0000] {dag.py:4180} INFO - Setting next_dagrun for example_subdag_operator.section-1 to None, run_after=None
[2025-04-04T15:58:00.309+0000] {logging_mixin.py:190} INFO - [2025-04-04T15:58:00.309+0000] {dag.py:4180} INFO - Setting next_dagrun for example_subdag_operator.section-2 to None, run_after=None
[2025-04-04T15:58:00.326+0000] {processor.py:208} INFO - Processing /home/airflow/.local/lib/python3.12/site-packages/airflow/example_dags/example_subdag_operator.py took 0.145 seconds
[2025-04-04T15:58:31.269+0000] {processor.py:186} INFO - Started process (PID=1477) to work on /home/airflow/.local/lib/python3.12/site-packages/airflow/example_dags/example_subdag_operator.py
[2025-04-04T15:58:31.270+0000] {processor.py:914} INFO - Processing file /home/airflow/.local/lib/python3.12/site-packages/airflow/example_dags/example_subdag_operator.py for tasks to queue
[2025-04-04T15:58:31.274+0000] {logging_mixin.py:190} INFO - [2025-04-04T15:58:31.274+0000] {dagbag.py:588} INFO - Filling up the DagBag from /home/airflow/.local/lib/python3.12/site-packages/airflow/example_dags/example_subdag_operator.py
[2025-04-04T15:58:31.313+0000] {processor.py:925} INFO - DAG(s) 'example_subdag_operator.section-1', 'example_subdag_operator.section-2', 'example_subdag_operator' retrieved from /home/airflow/.local/lib/python3.12/site-packages/airflow/example_dags/example_subdag_operator.py
[2025-04-04T15:58:31.336+0000] {logging_mixin.py:190} INFO - [2025-04-04T15:58:31.335+0000] {dag.py:3239} INFO - Sync 3 DAGs
[2025-04-04T15:58:31.367+0000] {logging_mixin.py:190} INFO - [2025-04-04T15:58:31.366+0000] {dag.py:4180} INFO - Setting next_dagrun for example_subdag_operator to 2022-01-01 00:00:00+00:00, run_after=2022-01-01 00:00:00+00:00
[2025-04-04T15:58:31.372+0000] {logging_mixin.py:190} INFO - [2025-04-04T15:58:31.372+0000] {dag.py:4180} INFO - Setting next_dagrun for example_subdag_operator.section-1 to None, run_after=None
[2025-04-04T15:58:31.373+0000] {logging_mixin.py:190} INFO - [2025-04-04T15:58:31.373+0000] {dag.py:4180} INFO - Setting next_dagrun for example_subdag_operator.section-2 to None, run_after=None
[2025-04-04T15:58:31.384+0000] {logging_mixin.py:190} INFO - [2025-04-04T15:58:31.384+0000] {dag.py:3239} INFO - Sync 2 DAGs
[2025-04-04T15:58:31.393+0000] {logging_mixin.py:190} INFO - [2025-04-04T15:58:31.393+0000] {dag.py:4180} INFO - Setting next_dagrun for example_subdag_operator.section-1 to None, run_after=None
[2025-04-04T15:58:31.394+0000] {logging_mixin.py:190} INFO - [2025-04-04T15:58:31.394+0000] {dag.py:4180} INFO - Setting next_dagrun for example_subdag_operator.section-2 to None, run_after=None
[2025-04-04T15:58:31.409+0000] {processor.py:208} INFO - Processing /home/airflow/.local/lib/python3.12/site-packages/airflow/example_dags/example_subdag_operator.py took 0.148 seconds
[2025-04-04T16:00:46.362+0000] {processor.py:186} INFO - Started process (PID=68) to work on /home/airflow/.local/lib/python3.12/site-packages/airflow/example_dags/example_subdag_operator.py
[2025-04-04T16:00:46.364+0000] {processor.py:914} INFO - Processing file /home/airflow/.local/lib/python3.12/site-packages/airflow/example_dags/example_subdag_operator.py for tasks to queue
[2025-04-04T16:00:46.368+0000] {logging_mixin.py:190} INFO - [2025-04-04T16:00:46.367+0000] {dagbag.py:588} INFO - Filling up the DagBag from /home/airflow/.local/lib/python3.12/site-packages/airflow/example_dags/example_subdag_operator.py
[2025-04-04T16:00:46.421+0000] {processor.py:925} INFO - DAG(s) 'example_subdag_operator.section-1', 'example_subdag_operator.section-2', 'example_subdag_operator' retrieved from /home/airflow/.local/lib/python3.12/site-packages/airflow/example_dags/example_subdag_operator.py
[2025-04-04T16:00:46.469+0000] {logging_mixin.py:190} INFO - [2025-04-04T16:00:46.469+0000] {dag.py:3239} INFO - Sync 3 DAGs
[2025-04-04T16:00:46.519+0000] {logging_mixin.py:190} INFO - [2025-04-04T16:00:46.519+0000] {dag.py:4180} INFO - Setting next_dagrun for example_subdag_operator to 2022-01-01 00:00:00+00:00, run_after=2022-01-01 00:00:00+00:00
[2025-04-04T16:00:46.527+0000] {logging_mixin.py:190} INFO - [2025-04-04T16:00:46.527+0000] {dag.py:4180} INFO - Setting next_dagrun for example_subdag_operator.section-1 to None, run_after=None
[2025-04-04T16:00:46.530+0000] {logging_mixin.py:190} INFO - [2025-04-04T16:00:46.529+0000] {dag.py:4180} INFO - Setting next_dagrun for example_subdag_operator.section-2 to None, run_after=None
[2025-04-04T16:00:46.543+0000] {logging_mixin.py:190} INFO - [2025-04-04T16:00:46.542+0000] {dag.py:3239} INFO - Sync 2 DAGs
[2025-04-04T16:00:46.557+0000] {logging_mixin.py:190} INFO - [2025-04-04T16:00:46.557+0000] {dag.py:4180} INFO - Setting next_dagrun for example_subdag_operator.section-1 to None, run_after=None
[2025-04-04T16:00:46.558+0000] {logging_mixin.py:190} INFO - [2025-04-04T16:00:46.557+0000] {dag.py:4180} INFO - Setting next_dagrun for example_subdag_operator.section-2 to None, run_after=None
[2025-04-04T16:00:46.571+0000] {processor.py:208} INFO - Processing /home/airflow/.local/lib/python3.12/site-packages/airflow/example_dags/example_subdag_operator.py took 0.220 seconds
[2025-04-04T16:01:16.922+0000] {processor.py:186} INFO - Started process (PID=132) to work on /home/airflow/.local/lib/python3.12/site-packages/airflow/example_dags/example_subdag_operator.py
[2025-04-04T16:01:16.924+0000] {processor.py:914} INFO - Processing file /home/airflow/.local/lib/python3.12/site-packages/airflow/example_dags/example_subdag_operator.py for tasks to queue
[2025-04-04T16:01:16.927+0000] {logging_mixin.py:190} INFO - [2025-04-04T16:01:16.926+0000] {dagbag.py:588} INFO - Filling up the DagBag from /home/airflow/.local/lib/python3.12/site-packages/airflow/example_dags/example_subdag_operator.py
[2025-04-04T16:01:16.962+0000] {processor.py:925} INFO - DAG(s) 'example_subdag_operator.section-1', 'example_subdag_operator.section-2', 'example_subdag_operator' retrieved from /home/airflow/.local/lib/python3.12/site-packages/airflow/example_dags/example_subdag_operator.py
[2025-04-04T16:01:16.981+0000] {logging_mixin.py:190} INFO - [2025-04-04T16:01:16.981+0000] {dag.py:3239} INFO - Sync 3 DAGs
[2025-04-04T16:01:17.016+0000] {logging_mixin.py:190} INFO - [2025-04-04T16:01:17.015+0000] {dag.py:4180} INFO - Setting next_dagrun for example_subdag_operator to 2022-01-01 00:00:00+00:00, run_after=2022-01-01 00:00:00+00:00
[2025-04-04T16:01:17.021+0000] {logging_mixin.py:190} INFO - [2025-04-04T16:01:17.020+0000] {dag.py:4180} INFO - Setting next_dagrun for example_subdag_operator.section-1 to None, run_after=None
[2025-04-04T16:01:17.023+0000] {logging_mixin.py:190} INFO - [2025-04-04T16:01:17.022+0000] {dag.py:4180} INFO - Setting next_dagrun for example_subdag_operator.section-2 to None, run_after=None
[2025-04-04T16:01:17.033+0000] {logging_mixin.py:190} INFO - [2025-04-04T16:01:17.032+0000] {dag.py:3239} INFO - Sync 2 DAGs
[2025-04-04T16:01:17.043+0000] {logging_mixin.py:190} INFO - [2025-04-04T16:01:17.043+0000] {dag.py:4180} INFO - Setting next_dagrun for example_subdag_operator.section-1 to None, run_after=None
[2025-04-04T16:01:17.044+0000] {logging_mixin.py:190} INFO - [2025-04-04T16:01:17.044+0000] {dag.py:4180} INFO - Setting next_dagrun for example_subdag_operator.section-2 to None, run_after=None
[2025-04-04T16:01:17.062+0000] {processor.py:208} INFO - Processing /home/airflow/.local/lib/python3.12/site-packages/airflow/example_dags/example_subdag_operator.py took 0.146 seconds
[2025-04-04T16:01:47.821+0000] {processor.py:186} INFO - Started process (PID=196) to work on /home/airflow/.local/lib/python3.12/site-packages/airflow/example_dags/example_subdag_operator.py
[2025-04-04T16:01:47.822+0000] {processor.py:914} INFO - Processing file /home/airflow/.local/lib/python3.12/site-packages/airflow/example_dags/example_subdag_operator.py for tasks to queue
[2025-04-04T16:01:47.825+0000] {logging_mixin.py:190} INFO - [2025-04-04T16:01:47.825+0000] {dagbag.py:588} INFO - Filling up the DagBag from /home/airflow/.local/lib/python3.12/site-packages/airflow/example_dags/example_subdag_operator.py
[2025-04-04T16:01:47.858+0000] {processor.py:925} INFO - DAG(s) 'example_subdag_operator.section-1', 'example_subdag_operator.section-2', 'example_subdag_operator' retrieved from /home/airflow/.local/lib/python3.12/site-packages/airflow/example_dags/example_subdag_operator.py
[2025-04-04T16:01:47.877+0000] {logging_mixin.py:190} INFO - [2025-04-04T16:01:47.876+0000] {dag.py:3239} INFO - Sync 3 DAGs
[2025-04-04T16:01:47.909+0000] {logging_mixin.py:190} INFO - [2025-04-04T16:01:47.909+0000] {dag.py:4180} INFO - Setting next_dagrun for example_subdag_operator to 2022-01-01 00:00:00+00:00, run_after=2022-01-01 00:00:00+00:00
[2025-04-04T16:01:47.914+0000] {logging_mixin.py:190} INFO - [2025-04-04T16:01:47.914+0000] {dag.py:4180} INFO - Setting next_dagrun for example_subdag_operator.section-1 to None, run_after=None
[2025-04-04T16:01:47.916+0000] {logging_mixin.py:190} INFO - [2025-04-04T16:01:47.916+0000] {dag.py:4180} INFO - Setting next_dagrun for example_subdag_operator.section-2 to None, run_after=None
[2025-04-04T16:01:47.927+0000] {logging_mixin.py:190} INFO - [2025-04-04T16:01:47.927+0000] {dag.py:3239} INFO - Sync 2 DAGs
[2025-04-04T16:01:47.939+0000] {logging_mixin.py:190} INFO - [2025-04-04T16:01:47.939+0000] {dag.py:4180} INFO - Setting next_dagrun for example_subdag_operator.section-1 to None, run_after=None
[2025-04-04T16:01:47.939+0000] {logging_mixin.py:190} INFO - [2025-04-04T16:01:47.939+0000] {dag.py:4180} INFO - Setting next_dagrun for example_subdag_operator.section-2 to None, run_after=None
[2025-04-04T16:01:47.957+0000] {processor.py:208} INFO - Processing /home/airflow/.local/lib/python3.12/site-packages/airflow/example_dags/example_subdag_operator.py took 0.144 seconds
[2025-04-04T16:02:18.126+0000] {processor.py:186} INFO - Started process (PID=260) to work on /home/airflow/.local/lib/python3.12/site-packages/airflow/example_dags/example_subdag_operator.py
[2025-04-04T16:02:18.128+0000] {processor.py:914} INFO - Processing file /home/airflow/.local/lib/python3.12/site-packages/airflow/example_dags/example_subdag_operator.py for tasks to queue
[2025-04-04T16:02:18.131+0000] {logging_mixin.py:190} INFO - [2025-04-04T16:02:18.130+0000] {dagbag.py:588} INFO - Filling up the DagBag from /home/airflow/.local/lib/python3.12/site-packages/airflow/example_dags/example_subdag_operator.py
[2025-04-04T16:02:18.167+0000] {processor.py:925} INFO - DAG(s) 'example_subdag_operator.section-1', 'example_subdag_operator.section-2', 'example_subdag_operator' retrieved from /home/airflow/.local/lib/python3.12/site-packages/airflow/example_dags/example_subdag_operator.py
[2025-04-04T16:02:18.192+0000] {logging_mixin.py:190} INFO - [2025-04-04T16:02:18.192+0000] {dag.py:3239} INFO - Sync 3 DAGs
[2025-04-04T16:02:18.224+0000] {logging_mixin.py:190} INFO - [2025-04-04T16:02:18.224+0000] {dag.py:4180} INFO - Setting next_dagrun for example_subdag_operator to 2022-01-01 00:00:00+00:00, run_after=2022-01-01 00:00:00+00:00
[2025-04-04T16:02:18.230+0000] {logging_mixin.py:190} INFO - [2025-04-04T16:02:18.230+0000] {dag.py:4180} INFO - Setting next_dagrun for example_subdag_operator.section-1 to None, run_after=None
[2025-04-04T16:02:18.232+0000] {logging_mixin.py:190} INFO - [2025-04-04T16:02:18.231+0000] {dag.py:4180} INFO - Setting next_dagrun for example_subdag_operator.section-2 to None, run_after=None
[2025-04-04T16:02:18.242+0000] {logging_mixin.py:190} INFO - [2025-04-04T16:02:18.242+0000] {dag.py:3239} INFO - Sync 2 DAGs
[2025-04-04T16:02:18.253+0000] {logging_mixin.py:190} INFO - [2025-04-04T16:02:18.253+0000] {dag.py:4180} INFO - Setting next_dagrun for example_subdag_operator.section-1 to None, run_after=None
[2025-04-04T16:02:18.253+0000] {logging_mixin.py:190} INFO - [2025-04-04T16:02:18.253+0000] {dag.py:4180} INFO - Setting next_dagrun for example_subdag_operator.section-2 to None, run_after=None
[2025-04-04T16:02:18.270+0000] {processor.py:208} INFO - Processing /home/airflow/.local/lib/python3.12/site-packages/airflow/example_dags/example_subdag_operator.py took 0.153 seconds
[2025-04-04T16:02:48.393+0000] {processor.py:186} INFO - Started process (PID=324) to work on /home/airflow/.local/lib/python3.12/site-packages/airflow/example_dags/example_subdag_operator.py
[2025-04-04T16:02:48.395+0000] {processor.py:914} INFO - Processing file /home/airflow/.local/lib/python3.12/site-packages/airflow/example_dags/example_subdag_operator.py for tasks to queue
[2025-04-04T16:02:48.398+0000] {logging_mixin.py:190} INFO - [2025-04-04T16:02:48.398+0000] {dagbag.py:588} INFO - Filling up the DagBag from /home/airflow/.local/lib/python3.12/site-packages/airflow/example_dags/example_subdag_operator.py
[2025-04-04T16:02:48.431+0000] {processor.py:925} INFO - DAG(s) 'example_subdag_operator.section-1', 'example_subdag_operator.section-2', 'example_subdag_operator' retrieved from /home/airflow/.local/lib/python3.12/site-packages/airflow/example_dags/example_subdag_operator.py
[2025-04-04T16:02:48.451+0000] {logging_mixin.py:190} INFO - [2025-04-04T16:02:48.451+0000] {dag.py:3239} INFO - Sync 3 DAGs
[2025-04-04T16:02:48.482+0000] {logging_mixin.py:190} INFO - [2025-04-04T16:02:48.482+0000] {dag.py:4180} INFO - Setting next_dagrun for example_subdag_operator to 2022-01-01 00:00:00+00:00, run_after=2022-01-01 00:00:00+00:00
[2025-04-04T16:02:48.487+0000] {logging_mixin.py:190} INFO - [2025-04-04T16:02:48.487+0000] {dag.py:4180} INFO - Setting next_dagrun for example_subdag_operator.section-1 to None, run_after=None
[2025-04-04T16:02:48.489+0000] {logging_mixin.py:190} INFO - [2025-04-04T16:02:48.489+0000] {dag.py:4180} INFO - Setting next_dagrun for example_subdag_operator.section-2 to None, run_after=None
[2025-04-04T16:02:48.500+0000] {logging_mixin.py:190} INFO - [2025-04-04T16:02:48.499+0000] {dag.py:3239} INFO - Sync 2 DAGs
[2025-04-04T16:02:48.510+0000] {logging_mixin.py:190} INFO - [2025-04-04T16:02:48.510+0000] {dag.py:4180} INFO - Setting next_dagrun for example_subdag_operator.section-1 to None, run_after=None
[2025-04-04T16:02:48.511+0000] {logging_mixin.py:190} INFO - [2025-04-04T16:02:48.511+0000] {dag.py:4180} INFO - Setting next_dagrun for example_subdag_operator.section-2 to None, run_after=None
[2025-04-04T16:02:48.529+0000] {processor.py:208} INFO - Processing /home/airflow/.local/lib/python3.12/site-packages/airflow/example_dags/example_subdag_operator.py took 0.144 seconds
