[2025-04-04T15:44:21.537+0000] {processor.py:186} INFO - Started process (PID=112) to work on /home/airflow/.local/lib/python3.12/site-packages/airflow/example_dags/tutorial.py
[2025-04-04T15:44:21.538+0000] {processor.py:914} INFO - Processing file /home/airflow/.local/lib/python3.12/site-packages/airflow/example_dags/tutorial.py for tasks to queue
[2025-04-04T15:44:21.541+0000] {logging_mixin.py:190} INFO - [2025-04-04T15:44:21.540+0000] {dagbag.py:588} INFO - Filling up the DagBag from /home/airflow/.local/lib/python3.12/site-packages/airflow/example_dags/tutorial.py
[2025-04-04T15:44:21.557+0000] {processor.py:925} INFO - DAG(s) 'tutorial' retrieved from /home/airflow/.local/lib/python3.12/site-packages/airflow/example_dags/tutorial.py
[2025-04-04T15:44:21.804+0000] {logging_mixin.py:190} INFO - [2025-04-04T15:44:21.800+0000] {override.py:1912} INFO - Created Permission View: can edit on DAG:tutorial
[2025-04-04T15:44:21.824+0000] {logging_mixin.py:190} INFO - [2025-04-04T15:44:21.824+0000] {override.py:1912} INFO - Created Permission View: can read on DAG:tutorial
[2025-04-04T15:44:21.840+0000] {logging_mixin.py:190} INFO - [2025-04-04T15:44:21.839+0000] {override.py:1912} INFO - Created Permission View: can delete on DAG:tutorial
[2025-04-04T15:44:21.855+0000] {logging_mixin.py:190} INFO - [2025-04-04T15:44:21.855+0000] {override.py:1912} INFO - Created Permission View: menu access on DAG Run:tutorial
[2025-04-04T15:44:21.868+0000] {logging_mixin.py:190} INFO - [2025-04-04T15:44:21.867+0000] {override.py:1912} INFO - Created Permission View: can read on DAG Run:tutorial
[2025-04-04T15:44:21.880+0000] {logging_mixin.py:190} INFO - [2025-04-04T15:44:21.880+0000] {override.py:1912} INFO - Created Permission View: can create on DAG Run:tutorial
[2025-04-04T15:44:21.893+0000] {logging_mixin.py:190} INFO - [2025-04-04T15:44:21.892+0000] {override.py:1912} INFO - Created Permission View: can delete on DAG Run:tutorial
[2025-04-04T15:44:21.893+0000] {logging_mixin.py:190} INFO - [2025-04-04T15:44:21.893+0000] {dag.py:3239} INFO - Sync 1 DAGs
[2025-04-04T15:44:21.916+0000] {logging_mixin.py:190} INFO - [2025-04-04T15:44:21.916+0000] {dag.py:3262} INFO - Creating ORM DAG for tutorial
[2025-04-04T15:44:21.935+0000] {logging_mixin.py:190} INFO - [2025-04-04T15:44:21.934+0000] {dag.py:4180} INFO - Setting next_dagrun for tutorial to 2025-04-03 00:00:00+00:00, run_after=2025-04-04 00:00:00+00:00
[2025-04-04T15:44:21.976+0000] {processor.py:208} INFO - Processing /home/airflow/.local/lib/python3.12/site-packages/airflow/example_dags/tutorial.py took 0.449 seconds
[2025-04-04T15:44:52.829+0000] {processor.py:186} INFO - Started process (PID=175) to work on /home/airflow/.local/lib/python3.12/site-packages/airflow/example_dags/tutorial.py
[2025-04-04T15:44:52.831+0000] {processor.py:914} INFO - Processing file /home/airflow/.local/lib/python3.12/site-packages/airflow/example_dags/tutorial.py for tasks to queue
[2025-04-04T15:44:52.835+0000] {logging_mixin.py:190} INFO - [2025-04-04T15:44:52.834+0000] {dagbag.py:588} INFO - Filling up the DagBag from /home/airflow/.local/lib/python3.12/site-packages/airflow/example_dags/tutorial.py
[2025-04-04T15:44:52.845+0000] {processor.py:925} INFO - DAG(s) 'tutorial' retrieved from /home/airflow/.local/lib/python3.12/site-packages/airflow/example_dags/tutorial.py
[2025-04-04T15:44:52.875+0000] {logging_mixin.py:190} INFO - [2025-04-04T15:44:52.875+0000] {dag.py:3239} INFO - Sync 1 DAGs
[2025-04-04T15:44:52.911+0000] {logging_mixin.py:190} INFO - [2025-04-04T15:44:52.911+0000] {dag.py:4180} INFO - Setting next_dagrun for tutorial to 2025-04-03 00:00:00+00:00, run_after=2025-04-04 00:00:00+00:00
[2025-04-04T15:44:52.937+0000] {processor.py:208} INFO - Processing /home/airflow/.local/lib/python3.12/site-packages/airflow/example_dags/tutorial.py took 0.115 seconds
[2025-04-04T15:45:23.222+0000] {processor.py:186} INFO - Started process (PID=237) to work on /home/airflow/.local/lib/python3.12/site-packages/airflow/example_dags/tutorial.py
[2025-04-04T15:45:23.223+0000] {processor.py:914} INFO - Processing file /home/airflow/.local/lib/python3.12/site-packages/airflow/example_dags/tutorial.py for tasks to queue
[2025-04-04T15:45:23.227+0000] {logging_mixin.py:190} INFO - [2025-04-04T15:45:23.227+0000] {dagbag.py:588} INFO - Filling up the DagBag from /home/airflow/.local/lib/python3.12/site-packages/airflow/example_dags/tutorial.py
[2025-04-04T15:45:23.243+0000] {processor.py:925} INFO - DAG(s) 'tutorial' retrieved from /home/airflow/.local/lib/python3.12/site-packages/airflow/example_dags/tutorial.py
[2025-04-04T15:45:23.277+0000] {logging_mixin.py:190} INFO - [2025-04-04T15:45:23.277+0000] {dag.py:3239} INFO - Sync 1 DAGs
[2025-04-04T15:45:23.321+0000] {logging_mixin.py:190} INFO - [2025-04-04T15:45:23.321+0000] {dag.py:4180} INFO - Setting next_dagrun for tutorial to 2025-04-03 00:00:00+00:00, run_after=2025-04-04 00:00:00+00:00
[2025-04-04T15:45:23.349+0000] {processor.py:208} INFO - Processing /home/airflow/.local/lib/python3.12/site-packages/airflow/example_dags/tutorial.py took 0.138 seconds
[2025-04-04T15:45:56.689+0000] {processor.py:186} INFO - Started process (PID=301) to work on /home/airflow/.local/lib/python3.12/site-packages/airflow/example_dags/tutorial.py
[2025-04-04T15:45:56.691+0000] {processor.py:914} INFO - Processing file /home/airflow/.local/lib/python3.12/site-packages/airflow/example_dags/tutorial.py for tasks to queue
[2025-04-04T15:45:56.695+0000] {logging_mixin.py:190} INFO - [2025-04-04T15:45:56.694+0000] {dagbag.py:588} INFO - Filling up the DagBag from /home/airflow/.local/lib/python3.12/site-packages/airflow/example_dags/tutorial.py
[2025-04-04T15:45:56.722+0000] {processor.py:925} INFO - DAG(s) 'tutorial' retrieved from /home/airflow/.local/lib/python3.12/site-packages/airflow/example_dags/tutorial.py
[2025-04-04T15:45:56.770+0000] {logging_mixin.py:190} INFO - [2025-04-04T15:45:56.769+0000] {dag.py:3239} INFO - Sync 1 DAGs
[2025-04-04T15:45:56.823+0000] {logging_mixin.py:190} INFO - [2025-04-04T15:45:56.822+0000] {dag.py:4180} INFO - Setting next_dagrun for tutorial to 2025-04-03 00:00:00+00:00, run_after=2025-04-04 00:00:00+00:00
[2025-04-04T15:45:56.857+0000] {processor.py:208} INFO - Processing /home/airflow/.local/lib/python3.12/site-packages/airflow/example_dags/tutorial.py took 0.180 seconds
[2025-04-04T15:47:24.459+0000] {processor.py:186} INFO - Started process (PID=106) to work on /home/airflow/.local/lib/python3.12/site-packages/airflow/example_dags/tutorial.py
[2025-04-04T15:47:24.461+0000] {processor.py:914} INFO - Processing file /home/airflow/.local/lib/python3.12/site-packages/airflow/example_dags/tutorial.py for tasks to queue
[2025-04-04T15:47:24.465+0000] {logging_mixin.py:190} INFO - [2025-04-04T15:47:24.464+0000] {dagbag.py:588} INFO - Filling up the DagBag from /home/airflow/.local/lib/python3.12/site-packages/airflow/example_dags/tutorial.py
[2025-04-04T15:47:24.485+0000] {processor.py:925} INFO - DAG(s) 'tutorial' retrieved from /home/airflow/.local/lib/python3.12/site-packages/airflow/example_dags/tutorial.py
[2025-04-04T15:47:24.568+0000] {logging_mixin.py:190} INFO - [2025-04-04T15:47:24.568+0000] {dag.py:3239} INFO - Sync 1 DAGs
[2025-04-04T15:47:24.661+0000] {logging_mixin.py:190} INFO - [2025-04-04T15:47:24.661+0000] {dag.py:4180} INFO - Setting next_dagrun for tutorial to 2025-04-03 00:00:00+00:00, run_after=2025-04-04 00:00:00+00:00
[2025-04-04T15:47:24.739+0000] {processor.py:208} INFO - Processing /home/airflow/.local/lib/python3.12/site-packages/airflow/example_dags/tutorial.py took 0.296 seconds
[2025-04-04T15:47:55.243+0000] {processor.py:186} INFO - Started process (PID=170) to work on /home/airflow/.local/lib/python3.12/site-packages/airflow/example_dags/tutorial.py
[2025-04-04T15:47:55.244+0000] {processor.py:914} INFO - Processing file /home/airflow/.local/lib/python3.12/site-packages/airflow/example_dags/tutorial.py for tasks to queue
[2025-04-04T15:47:55.248+0000] {logging_mixin.py:190} INFO - [2025-04-04T15:47:55.247+0000] {dagbag.py:588} INFO - Filling up the DagBag from /home/airflow/.local/lib/python3.12/site-packages/airflow/example_dags/tutorial.py
[2025-04-04T15:47:55.259+0000] {processor.py:925} INFO - DAG(s) 'tutorial' retrieved from /home/airflow/.local/lib/python3.12/site-packages/airflow/example_dags/tutorial.py
[2025-04-04T15:47:55.286+0000] {logging_mixin.py:190} INFO - [2025-04-04T15:47:55.285+0000] {dag.py:3239} INFO - Sync 1 DAGs
[2025-04-04T15:47:55.318+0000] {logging_mixin.py:190} INFO - [2025-04-04T15:47:55.318+0000] {dag.py:4180} INFO - Setting next_dagrun for tutorial to 2025-04-03 00:00:00+00:00, run_after=2025-04-04 00:00:00+00:00
[2025-04-04T15:47:55.349+0000] {processor.py:208} INFO - Processing /home/airflow/.local/lib/python3.12/site-packages/airflow/example_dags/tutorial.py took 0.115 seconds
[2025-04-04T15:48:26.073+0000] {processor.py:186} INFO - Started process (PID=234) to work on /home/airflow/.local/lib/python3.12/site-packages/airflow/example_dags/tutorial.py
[2025-04-04T15:48:26.075+0000] {processor.py:914} INFO - Processing file /home/airflow/.local/lib/python3.12/site-packages/airflow/example_dags/tutorial.py for tasks to queue
[2025-04-04T15:48:26.078+0000] {logging_mixin.py:190} INFO - [2025-04-04T15:48:26.077+0000] {dagbag.py:588} INFO - Filling up the DagBag from /home/airflow/.local/lib/python3.12/site-packages/airflow/example_dags/tutorial.py
[2025-04-04T15:48:26.092+0000] {processor.py:925} INFO - DAG(s) 'tutorial' retrieved from /home/airflow/.local/lib/python3.12/site-packages/airflow/example_dags/tutorial.py
[2025-04-04T15:48:26.120+0000] {logging_mixin.py:190} INFO - [2025-04-04T15:48:26.120+0000] {dag.py:3239} INFO - Sync 1 DAGs
[2025-04-04T15:48:26.152+0000] {logging_mixin.py:190} INFO - [2025-04-04T15:48:26.151+0000] {dag.py:4180} INFO - Setting next_dagrun for tutorial to 2025-04-03 00:00:00+00:00, run_after=2025-04-04 00:00:00+00:00
[2025-04-04T15:48:26.176+0000] {processor.py:208} INFO - Processing /home/airflow/.local/lib/python3.12/site-packages/airflow/example_dags/tutorial.py took 0.109 seconds
[2025-04-04T15:48:57.803+0000] {processor.py:186} INFO - Started process (PID=298) to work on /home/airflow/.local/lib/python3.12/site-packages/airflow/example_dags/tutorial.py
[2025-04-04T15:48:57.804+0000] {processor.py:914} INFO - Processing file /home/airflow/.local/lib/python3.12/site-packages/airflow/example_dags/tutorial.py for tasks to queue
[2025-04-04T15:48:57.809+0000] {logging_mixin.py:190} INFO - [2025-04-04T15:48:57.808+0000] {dagbag.py:588} INFO - Filling up the DagBag from /home/airflow/.local/lib/python3.12/site-packages/airflow/example_dags/tutorial.py
[2025-04-04T15:48:57.823+0000] {processor.py:925} INFO - DAG(s) 'tutorial' retrieved from /home/airflow/.local/lib/python3.12/site-packages/airflow/example_dags/tutorial.py
[2025-04-04T15:48:57.858+0000] {logging_mixin.py:190} INFO - [2025-04-04T15:48:57.858+0000] {dag.py:3239} INFO - Sync 1 DAGs
[2025-04-04T15:48:57.903+0000] {logging_mixin.py:190} INFO - [2025-04-04T15:48:57.902+0000] {dag.py:4180} INFO - Setting next_dagrun for tutorial to 2025-04-03 00:00:00+00:00, run_after=2025-04-04 00:00:00+00:00
[2025-04-04T15:48:57.938+0000] {processor.py:208} INFO - Processing /home/airflow/.local/lib/python3.12/site-packages/airflow/example_dags/tutorial.py took 0.146 seconds
[2025-04-04T15:49:29.705+0000] {processor.py:186} INFO - Started process (PID=362) to work on /home/airflow/.local/lib/python3.12/site-packages/airflow/example_dags/tutorial.py
[2025-04-04T15:49:29.707+0000] {processor.py:914} INFO - Processing file /home/airflow/.local/lib/python3.12/site-packages/airflow/example_dags/tutorial.py for tasks to queue
[2025-04-04T15:49:29.712+0000] {logging_mixin.py:190} INFO - [2025-04-04T15:49:29.711+0000] {dagbag.py:588} INFO - Filling up the DagBag from /home/airflow/.local/lib/python3.12/site-packages/airflow/example_dags/tutorial.py
[2025-04-04T15:49:29.728+0000] {processor.py:925} INFO - DAG(s) 'tutorial' retrieved from /home/airflow/.local/lib/python3.12/site-packages/airflow/example_dags/tutorial.py
[2025-04-04T15:49:29.775+0000] {logging_mixin.py:190} INFO - [2025-04-04T15:49:29.775+0000] {dag.py:3239} INFO - Sync 1 DAGs
[2025-04-04T15:49:29.838+0000] {logging_mixin.py:190} INFO - [2025-04-04T15:49:29.838+0000] {dag.py:4180} INFO - Setting next_dagrun for tutorial to 2025-04-03 00:00:00+00:00, run_after=2025-04-04 00:00:00+00:00
[2025-04-04T15:49:29.879+0000] {processor.py:208} INFO - Processing /home/airflow/.local/lib/python3.12/site-packages/airflow/example_dags/tutorial.py took 0.187 seconds
[2025-04-04T15:50:01.045+0000] {processor.py:186} INFO - Started process (PID=426) to work on /home/airflow/.local/lib/python3.12/site-packages/airflow/example_dags/tutorial.py
[2025-04-04T15:50:01.046+0000] {processor.py:914} INFO - Processing file /home/airflow/.local/lib/python3.12/site-packages/airflow/example_dags/tutorial.py for tasks to queue
[2025-04-04T15:50:01.050+0000] {logging_mixin.py:190} INFO - [2025-04-04T15:50:01.050+0000] {dagbag.py:588} INFO - Filling up the DagBag from /home/airflow/.local/lib/python3.12/site-packages/airflow/example_dags/tutorial.py
[2025-04-04T15:50:01.063+0000] {processor.py:925} INFO - DAG(s) 'tutorial' retrieved from /home/airflow/.local/lib/python3.12/site-packages/airflow/example_dags/tutorial.py
[2025-04-04T15:50:01.097+0000] {logging_mixin.py:190} INFO - [2025-04-04T15:50:01.096+0000] {dag.py:3239} INFO - Sync 1 DAGs
[2025-04-04T15:50:01.131+0000] {logging_mixin.py:190} INFO - [2025-04-04T15:50:01.131+0000] {dag.py:4180} INFO - Setting next_dagrun for tutorial to 2025-04-03 00:00:00+00:00, run_after=2025-04-04 00:00:00+00:00
[2025-04-04T15:50:01.155+0000] {processor.py:208} INFO - Processing /home/airflow/.local/lib/python3.12/site-packages/airflow/example_dags/tutorial.py took 0.119 seconds
[2025-04-04T15:50:32.412+0000] {processor.py:186} INFO - Started process (PID=490) to work on /home/airflow/.local/lib/python3.12/site-packages/airflow/example_dags/tutorial.py
[2025-04-04T15:50:32.413+0000] {processor.py:914} INFO - Processing file /home/airflow/.local/lib/python3.12/site-packages/airflow/example_dags/tutorial.py for tasks to queue
[2025-04-04T15:50:32.416+0000] {logging_mixin.py:190} INFO - [2025-04-04T15:50:32.416+0000] {dagbag.py:588} INFO - Filling up the DagBag from /home/airflow/.local/lib/python3.12/site-packages/airflow/example_dags/tutorial.py
[2025-04-04T15:50:32.428+0000] {processor.py:925} INFO - DAG(s) 'tutorial' retrieved from /home/airflow/.local/lib/python3.12/site-packages/airflow/example_dags/tutorial.py
[2025-04-04T15:50:32.452+0000] {logging_mixin.py:190} INFO - [2025-04-04T15:50:32.452+0000] {dag.py:3239} INFO - Sync 1 DAGs
[2025-04-04T15:50:32.487+0000] {logging_mixin.py:190} INFO - [2025-04-04T15:50:32.487+0000] {dag.py:4180} INFO - Setting next_dagrun for tutorial to 2025-04-03 00:00:00+00:00, run_after=2025-04-04 00:00:00+00:00
[2025-04-04T15:50:32.512+0000] {processor.py:208} INFO - Processing /home/airflow/.local/lib/python3.12/site-packages/airflow/example_dags/tutorial.py took 0.107 seconds
[2025-04-04T15:51:03.595+0000] {processor.py:186} INFO - Started process (PID=554) to work on /home/airflow/.local/lib/python3.12/site-packages/airflow/example_dags/tutorial.py
[2025-04-04T15:51:03.596+0000] {processor.py:914} INFO - Processing file /home/airflow/.local/lib/python3.12/site-packages/airflow/example_dags/tutorial.py for tasks to queue
[2025-04-04T15:51:03.599+0000] {logging_mixin.py:190} INFO - [2025-04-04T15:51:03.599+0000] {dagbag.py:588} INFO - Filling up the DagBag from /home/airflow/.local/lib/python3.12/site-packages/airflow/example_dags/tutorial.py
[2025-04-04T15:51:03.610+0000] {processor.py:925} INFO - DAG(s) 'tutorial' retrieved from /home/airflow/.local/lib/python3.12/site-packages/airflow/example_dags/tutorial.py
[2025-04-04T15:51:03.633+0000] {logging_mixin.py:190} INFO - [2025-04-04T15:51:03.633+0000] {dag.py:3239} INFO - Sync 1 DAGs
[2025-04-04T15:51:03.665+0000] {logging_mixin.py:190} INFO - [2025-04-04T15:51:03.665+0000] {dag.py:4180} INFO - Setting next_dagrun for tutorial to 2025-04-03 00:00:00+00:00, run_after=2025-04-04 00:00:00+00:00
[2025-04-04T15:51:03.687+0000] {processor.py:208} INFO - Processing /home/airflow/.local/lib/python3.12/site-packages/airflow/example_dags/tutorial.py took 0.100 seconds
[2025-04-04T15:51:34.413+0000] {processor.py:186} INFO - Started process (PID=618) to work on /home/airflow/.local/lib/python3.12/site-packages/airflow/example_dags/tutorial.py
[2025-04-04T15:51:34.414+0000] {processor.py:914} INFO - Processing file /home/airflow/.local/lib/python3.12/site-packages/airflow/example_dags/tutorial.py for tasks to queue
[2025-04-04T15:51:34.416+0000] {logging_mixin.py:190} INFO - [2025-04-04T15:51:34.416+0000] {dagbag.py:588} INFO - Filling up the DagBag from /home/airflow/.local/lib/python3.12/site-packages/airflow/example_dags/tutorial.py
[2025-04-04T15:51:34.425+0000] {processor.py:925} INFO - DAG(s) 'tutorial' retrieved from /home/airflow/.local/lib/python3.12/site-packages/airflow/example_dags/tutorial.py
[2025-04-04T15:51:34.451+0000] {logging_mixin.py:190} INFO - [2025-04-04T15:51:34.451+0000] {dag.py:3239} INFO - Sync 1 DAGs
[2025-04-04T15:51:34.485+0000] {logging_mixin.py:190} INFO - [2025-04-04T15:51:34.484+0000] {dag.py:4180} INFO - Setting next_dagrun for tutorial to 2025-04-03 00:00:00+00:00, run_after=2025-04-04 00:00:00+00:00
[2025-04-04T15:51:34.512+0000] {processor.py:208} INFO - Processing /home/airflow/.local/lib/python3.12/site-packages/airflow/example_dags/tutorial.py took 0.107 seconds
[2025-04-04T15:52:04.808+0000] {processor.py:186} INFO - Started process (PID=681) to work on /home/airflow/.local/lib/python3.12/site-packages/airflow/example_dags/tutorial.py
[2025-04-04T15:52:04.810+0000] {processor.py:914} INFO - Processing file /home/airflow/.local/lib/python3.12/site-packages/airflow/example_dags/tutorial.py for tasks to queue
[2025-04-04T15:52:04.813+0000] {logging_mixin.py:190} INFO - [2025-04-04T15:52:04.812+0000] {dagbag.py:588} INFO - Filling up the DagBag from /home/airflow/.local/lib/python3.12/site-packages/airflow/example_dags/tutorial.py
[2025-04-04T15:52:04.822+0000] {processor.py:925} INFO - DAG(s) 'tutorial' retrieved from /home/airflow/.local/lib/python3.12/site-packages/airflow/example_dags/tutorial.py
[2025-04-04T15:52:04.852+0000] {logging_mixin.py:190} INFO - [2025-04-04T15:52:04.851+0000] {dag.py:3239} INFO - Sync 1 DAGs
[2025-04-04T15:52:04.884+0000] {logging_mixin.py:190} INFO - [2025-04-04T15:52:04.884+0000] {dag.py:4180} INFO - Setting next_dagrun for tutorial to 2025-04-03 00:00:00+00:00, run_after=2025-04-04 00:00:00+00:00
[2025-04-04T15:52:04.908+0000] {processor.py:208} INFO - Processing /home/airflow/.local/lib/python3.12/site-packages/airflow/example_dags/tutorial.py took 0.108 seconds
[2025-04-04T15:52:35.328+0000] {processor.py:186} INFO - Started process (PID=744) to work on /home/airflow/.local/lib/python3.12/site-packages/airflow/example_dags/tutorial.py
[2025-04-04T15:52:35.330+0000] {processor.py:914} INFO - Processing file /home/airflow/.local/lib/python3.12/site-packages/airflow/example_dags/tutorial.py for tasks to queue
[2025-04-04T15:52:35.334+0000] {logging_mixin.py:190} INFO - [2025-04-04T15:52:35.333+0000] {dagbag.py:588} INFO - Filling up the DagBag from /home/airflow/.local/lib/python3.12/site-packages/airflow/example_dags/tutorial.py
[2025-04-04T15:52:35.346+0000] {processor.py:925} INFO - DAG(s) 'tutorial' retrieved from /home/airflow/.local/lib/python3.12/site-packages/airflow/example_dags/tutorial.py
[2025-04-04T15:52:35.374+0000] {logging_mixin.py:190} INFO - [2025-04-04T15:52:35.374+0000] {dag.py:3239} INFO - Sync 1 DAGs
[2025-04-04T15:52:35.412+0000] {logging_mixin.py:190} INFO - [2025-04-04T15:52:35.411+0000] {dag.py:4180} INFO - Setting next_dagrun for tutorial to 2025-04-03 00:00:00+00:00, run_after=2025-04-04 00:00:00+00:00
[2025-04-04T15:52:35.437+0000] {processor.py:208} INFO - Processing /home/airflow/.local/lib/python3.12/site-packages/airflow/example_dags/tutorial.py took 0.120 seconds
[2025-04-04T15:53:05.492+0000] {processor.py:186} INFO - Started process (PID=808) to work on /home/airflow/.local/lib/python3.12/site-packages/airflow/example_dags/tutorial.py
[2025-04-04T15:53:05.493+0000] {processor.py:914} INFO - Processing file /home/airflow/.local/lib/python3.12/site-packages/airflow/example_dags/tutorial.py for tasks to queue
[2025-04-04T15:53:05.496+0000] {logging_mixin.py:190} INFO - [2025-04-04T15:53:05.495+0000] {dagbag.py:588} INFO - Filling up the DagBag from /home/airflow/.local/lib/python3.12/site-packages/airflow/example_dags/tutorial.py
[2025-04-04T15:53:05.506+0000] {processor.py:925} INFO - DAG(s) 'tutorial' retrieved from /home/airflow/.local/lib/python3.12/site-packages/airflow/example_dags/tutorial.py
[2025-04-04T15:53:05.538+0000] {logging_mixin.py:190} INFO - [2025-04-04T15:53:05.538+0000] {dag.py:3239} INFO - Sync 1 DAGs
[2025-04-04T15:53:05.583+0000] {logging_mixin.py:190} INFO - [2025-04-04T15:53:05.583+0000] {dag.py:4180} INFO - Setting next_dagrun for tutorial to 2025-04-03 00:00:00+00:00, run_after=2025-04-04 00:00:00+00:00
[2025-04-04T15:53:05.613+0000] {processor.py:208} INFO - Processing /home/airflow/.local/lib/python3.12/site-packages/airflow/example_dags/tutorial.py took 0.131 seconds
[2025-04-04T15:53:35.779+0000] {processor.py:186} INFO - Started process (PID=871) to work on /home/airflow/.local/lib/python3.12/site-packages/airflow/example_dags/tutorial.py
[2025-04-04T15:53:35.780+0000] {processor.py:914} INFO - Processing file /home/airflow/.local/lib/python3.12/site-packages/airflow/example_dags/tutorial.py for tasks to queue
[2025-04-04T15:53:35.784+0000] {logging_mixin.py:190} INFO - [2025-04-04T15:53:35.783+0000] {dagbag.py:588} INFO - Filling up the DagBag from /home/airflow/.local/lib/python3.12/site-packages/airflow/example_dags/tutorial.py
[2025-04-04T15:53:35.798+0000] {processor.py:925} INFO - DAG(s) 'tutorial' retrieved from /home/airflow/.local/lib/python3.12/site-packages/airflow/example_dags/tutorial.py
[2025-04-04T15:53:35.835+0000] {logging_mixin.py:190} INFO - [2025-04-04T15:53:35.835+0000] {dag.py:3239} INFO - Sync 1 DAGs
[2025-04-04T15:53:35.886+0000] {logging_mixin.py:190} INFO - [2025-04-04T15:53:35.886+0000] {dag.py:4180} INFO - Setting next_dagrun for tutorial to 2025-04-03 00:00:00+00:00, run_after=2025-04-04 00:00:00+00:00
[2025-04-04T15:53:35.924+0000] {processor.py:208} INFO - Processing /home/airflow/.local/lib/python3.12/site-packages/airflow/example_dags/tutorial.py took 0.157 seconds
[2025-04-04T15:54:06.286+0000] {processor.py:186} INFO - Started process (PID=935) to work on /home/airflow/.local/lib/python3.12/site-packages/airflow/example_dags/tutorial.py
[2025-04-04T15:54:06.287+0000] {processor.py:914} INFO - Processing file /home/airflow/.local/lib/python3.12/site-packages/airflow/example_dags/tutorial.py for tasks to queue
[2025-04-04T15:54:06.290+0000] {logging_mixin.py:190} INFO - [2025-04-04T15:54:06.290+0000] {dagbag.py:588} INFO - Filling up the DagBag from /home/airflow/.local/lib/python3.12/site-packages/airflow/example_dags/tutorial.py
[2025-04-04T15:54:06.301+0000] {processor.py:925} INFO - DAG(s) 'tutorial' retrieved from /home/airflow/.local/lib/python3.12/site-packages/airflow/example_dags/tutorial.py
[2025-04-04T15:54:06.328+0000] {logging_mixin.py:190} INFO - [2025-04-04T15:54:06.328+0000] {dag.py:3239} INFO - Sync 1 DAGs
[2025-04-04T15:54:06.363+0000] {logging_mixin.py:190} INFO - [2025-04-04T15:54:06.363+0000] {dag.py:4180} INFO - Setting next_dagrun for tutorial to 2025-04-03 00:00:00+00:00, run_after=2025-04-04 00:00:00+00:00
[2025-04-04T15:54:06.390+0000] {processor.py:208} INFO - Processing /home/airflow/.local/lib/python3.12/site-packages/airflow/example_dags/tutorial.py took 0.112 seconds
[2025-04-04T15:54:36.614+0000] {processor.py:186} INFO - Started process (PID=998) to work on /home/airflow/.local/lib/python3.12/site-packages/airflow/example_dags/tutorial.py
[2025-04-04T15:54:36.615+0000] {processor.py:914} INFO - Processing file /home/airflow/.local/lib/python3.12/site-packages/airflow/example_dags/tutorial.py for tasks to queue
[2025-04-04T15:54:36.619+0000] {logging_mixin.py:190} INFO - [2025-04-04T15:54:36.619+0000] {dagbag.py:588} INFO - Filling up the DagBag from /home/airflow/.local/lib/python3.12/site-packages/airflow/example_dags/tutorial.py
[2025-04-04T15:54:36.630+0000] {processor.py:925} INFO - DAG(s) 'tutorial' retrieved from /home/airflow/.local/lib/python3.12/site-packages/airflow/example_dags/tutorial.py
[2025-04-04T15:54:36.656+0000] {logging_mixin.py:190} INFO - [2025-04-04T15:54:36.656+0000] {dag.py:3239} INFO - Sync 1 DAGs
[2025-04-04T15:54:36.692+0000] {logging_mixin.py:190} INFO - [2025-04-04T15:54:36.692+0000] {dag.py:4180} INFO - Setting next_dagrun for tutorial to 2025-04-03 00:00:00+00:00, run_after=2025-04-04 00:00:00+00:00
[2025-04-04T15:54:36.716+0000] {processor.py:208} INFO - Processing /home/airflow/.local/lib/python3.12/site-packages/airflow/example_dags/tutorial.py took 0.111 seconds
[2025-04-04T15:55:07.024+0000] {processor.py:186} INFO - Started process (PID=1062) to work on /home/airflow/.local/lib/python3.12/site-packages/airflow/example_dags/tutorial.py
[2025-04-04T15:55:07.026+0000] {processor.py:914} INFO - Processing file /home/airflow/.local/lib/python3.12/site-packages/airflow/example_dags/tutorial.py for tasks to queue
[2025-04-04T15:55:07.029+0000] {logging_mixin.py:190} INFO - [2025-04-04T15:55:07.029+0000] {dagbag.py:588} INFO - Filling up the DagBag from /home/airflow/.local/lib/python3.12/site-packages/airflow/example_dags/tutorial.py
[2025-04-04T15:55:07.039+0000] {processor.py:925} INFO - DAG(s) 'tutorial' retrieved from /home/airflow/.local/lib/python3.12/site-packages/airflow/example_dags/tutorial.py
[2025-04-04T15:55:07.067+0000] {logging_mixin.py:190} INFO - [2025-04-04T15:55:07.066+0000] {dag.py:3239} INFO - Sync 1 DAGs
[2025-04-04T15:55:07.103+0000] {logging_mixin.py:190} INFO - [2025-04-04T15:55:07.103+0000] {dag.py:4180} INFO - Setting next_dagrun for tutorial to 2025-04-03 00:00:00+00:00, run_after=2025-04-04 00:00:00+00:00
[2025-04-04T15:55:07.134+0000] {processor.py:208} INFO - Processing /home/airflow/.local/lib/python3.12/site-packages/airflow/example_dags/tutorial.py took 0.117 seconds
[2025-04-04T15:55:37.782+0000] {processor.py:186} INFO - Started process (PID=1126) to work on /home/airflow/.local/lib/python3.12/site-packages/airflow/example_dags/tutorial.py
[2025-04-04T15:55:37.783+0000] {processor.py:914} INFO - Processing file /home/airflow/.local/lib/python3.12/site-packages/airflow/example_dags/tutorial.py for tasks to queue
[2025-04-04T15:55:37.786+0000] {logging_mixin.py:190} INFO - [2025-04-04T15:55:37.786+0000] {dagbag.py:588} INFO - Filling up the DagBag from /home/airflow/.local/lib/python3.12/site-packages/airflow/example_dags/tutorial.py
[2025-04-04T15:55:37.795+0000] {processor.py:925} INFO - DAG(s) 'tutorial' retrieved from /home/airflow/.local/lib/python3.12/site-packages/airflow/example_dags/tutorial.py
[2025-04-04T15:55:37.824+0000] {logging_mixin.py:190} INFO - [2025-04-04T15:55:37.824+0000] {dag.py:3239} INFO - Sync 1 DAGs
[2025-04-04T15:55:37.869+0000] {logging_mixin.py:190} INFO - [2025-04-04T15:55:37.869+0000] {dag.py:4180} INFO - Setting next_dagrun for tutorial to 2025-04-03 00:00:00+00:00, run_after=2025-04-04 00:00:00+00:00
[2025-04-04T15:55:37.902+0000] {processor.py:208} INFO - Processing /home/airflow/.local/lib/python3.12/site-packages/airflow/example_dags/tutorial.py took 0.128 seconds
[2025-04-04T15:56:08.135+0000] {processor.py:186} INFO - Started process (PID=1190) to work on /home/airflow/.local/lib/python3.12/site-packages/airflow/example_dags/tutorial.py
[2025-04-04T15:56:08.136+0000] {processor.py:914} INFO - Processing file /home/airflow/.local/lib/python3.12/site-packages/airflow/example_dags/tutorial.py for tasks to queue
[2025-04-04T15:56:08.139+0000] {logging_mixin.py:190} INFO - [2025-04-04T15:56:08.139+0000] {dagbag.py:588} INFO - Filling up the DagBag from /home/airflow/.local/lib/python3.12/site-packages/airflow/example_dags/tutorial.py
[2025-04-04T15:56:08.149+0000] {processor.py:925} INFO - DAG(s) 'tutorial' retrieved from /home/airflow/.local/lib/python3.12/site-packages/airflow/example_dags/tutorial.py
[2025-04-04T15:56:08.175+0000] {logging_mixin.py:190} INFO - [2025-04-04T15:56:08.174+0000] {dag.py:3239} INFO - Sync 1 DAGs
[2025-04-04T15:56:08.204+0000] {logging_mixin.py:190} INFO - [2025-04-04T15:56:08.204+0000] {dag.py:4180} INFO - Setting next_dagrun for tutorial to 2025-04-03 00:00:00+00:00, run_after=2025-04-04 00:00:00+00:00
[2025-04-04T15:56:08.230+0000] {processor.py:208} INFO - Processing /home/airflow/.local/lib/python3.12/site-packages/airflow/example_dags/tutorial.py took 0.104 seconds
[2025-04-04T15:56:38.414+0000] {processor.py:186} INFO - Started process (PID=1254) to work on /home/airflow/.local/lib/python3.12/site-packages/airflow/example_dags/tutorial.py
[2025-04-04T15:56:38.415+0000] {processor.py:914} INFO - Processing file /home/airflow/.local/lib/python3.12/site-packages/airflow/example_dags/tutorial.py for tasks to queue
[2025-04-04T15:56:38.420+0000] {logging_mixin.py:190} INFO - [2025-04-04T15:56:38.419+0000] {dagbag.py:588} INFO - Filling up the DagBag from /home/airflow/.local/lib/python3.12/site-packages/airflow/example_dags/tutorial.py
[2025-04-04T15:56:38.436+0000] {processor.py:925} INFO - DAG(s) 'tutorial' retrieved from /home/airflow/.local/lib/python3.12/site-packages/airflow/example_dags/tutorial.py
[2025-04-04T15:56:38.467+0000] {logging_mixin.py:190} INFO - [2025-04-04T15:56:38.466+0000] {dag.py:3239} INFO - Sync 1 DAGs
[2025-04-04T15:56:38.508+0000] {logging_mixin.py:190} INFO - [2025-04-04T15:56:38.507+0000] {dag.py:4180} INFO - Setting next_dagrun for tutorial to 2025-04-03 00:00:00+00:00, run_after=2025-04-04 00:00:00+00:00
[2025-04-04T15:56:38.537+0000] {processor.py:208} INFO - Processing /home/airflow/.local/lib/python3.12/site-packages/airflow/example_dags/tutorial.py took 0.134 seconds
[2025-04-04T15:57:08.824+0000] {processor.py:186} INFO - Started process (PID=1317) to work on /home/airflow/.local/lib/python3.12/site-packages/airflow/example_dags/tutorial.py
[2025-04-04T15:57:08.826+0000] {processor.py:914} INFO - Processing file /home/airflow/.local/lib/python3.12/site-packages/airflow/example_dags/tutorial.py for tasks to queue
[2025-04-04T15:57:08.831+0000] {logging_mixin.py:190} INFO - [2025-04-04T15:57:08.830+0000] {dagbag.py:588} INFO - Filling up the DagBag from /home/airflow/.local/lib/python3.12/site-packages/airflow/example_dags/tutorial.py
[2025-04-04T15:57:08.848+0000] {processor.py:925} INFO - DAG(s) 'tutorial' retrieved from /home/airflow/.local/lib/python3.12/site-packages/airflow/example_dags/tutorial.py
[2025-04-04T15:57:08.885+0000] {logging_mixin.py:190} INFO - [2025-04-04T15:57:08.884+0000] {dag.py:3239} INFO - Sync 1 DAGs
[2025-04-04T15:57:08.944+0000] {logging_mixin.py:190} INFO - [2025-04-04T15:57:08.944+0000] {dag.py:4180} INFO - Setting next_dagrun for tutorial to 2025-04-03 00:00:00+00:00, run_after=2025-04-04 00:00:00+00:00
[2025-04-04T15:57:08.979+0000] {processor.py:208} INFO - Processing /home/airflow/.local/lib/python3.12/site-packages/airflow/example_dags/tutorial.py took 0.162 seconds
[2025-04-04T15:57:39.856+0000] {processor.py:186} INFO - Started process (PID=1382) to work on /home/airflow/.local/lib/python3.12/site-packages/airflow/example_dags/tutorial.py
[2025-04-04T15:57:39.860+0000] {processor.py:914} INFO - Processing file /home/airflow/.local/lib/python3.12/site-packages/airflow/example_dags/tutorial.py for tasks to queue
[2025-04-04T15:57:39.867+0000] {logging_mixin.py:190} INFO - [2025-04-04T15:57:39.867+0000] {dagbag.py:588} INFO - Filling up the DagBag from /home/airflow/.local/lib/python3.12/site-packages/airflow/example_dags/tutorial.py
[2025-04-04T15:57:39.899+0000] {processor.py:925} INFO - DAG(s) 'tutorial' retrieved from /home/airflow/.local/lib/python3.12/site-packages/airflow/example_dags/tutorial.py
[2025-04-04T15:57:39.944+0000] {logging_mixin.py:190} INFO - [2025-04-04T15:57:39.944+0000] {dag.py:3239} INFO - Sync 1 DAGs
[2025-04-04T15:57:40.030+0000] {logging_mixin.py:190} INFO - [2025-04-04T15:57:40.029+0000] {dag.py:4180} INFO - Setting next_dagrun for tutorial to 2025-04-03 00:00:00+00:00, run_after=2025-04-04 00:00:00+00:00
[2025-04-04T15:57:40.098+0000] {processor.py:208} INFO - Processing /home/airflow/.local/lib/python3.12/site-packages/airflow/example_dags/tutorial.py took 0.254 seconds
[2025-04-04T15:58:11.136+0000] {processor.py:186} INFO - Started process (PID=1446) to work on /home/airflow/.local/lib/python3.12/site-packages/airflow/example_dags/tutorial.py
[2025-04-04T15:58:11.138+0000] {processor.py:914} INFO - Processing file /home/airflow/.local/lib/python3.12/site-packages/airflow/example_dags/tutorial.py for tasks to queue
[2025-04-04T15:58:11.145+0000] {logging_mixin.py:190} INFO - [2025-04-04T15:58:11.144+0000] {dagbag.py:588} INFO - Filling up the DagBag from /home/airflow/.local/lib/python3.12/site-packages/airflow/example_dags/tutorial.py
[2025-04-04T15:58:11.161+0000] {processor.py:925} INFO - DAG(s) 'tutorial' retrieved from /home/airflow/.local/lib/python3.12/site-packages/airflow/example_dags/tutorial.py
[2025-04-04T15:58:11.216+0000] {logging_mixin.py:190} INFO - [2025-04-04T15:58:11.215+0000] {dag.py:3239} INFO - Sync 1 DAGs
[2025-04-04T15:58:11.258+0000] {logging_mixin.py:190} INFO - [2025-04-04T15:58:11.258+0000] {dag.py:4180} INFO - Setting next_dagrun for tutorial to 2025-04-03 00:00:00+00:00, run_after=2025-04-04 00:00:00+00:00
[2025-04-04T15:58:11.314+0000] {processor.py:208} INFO - Processing /home/airflow/.local/lib/python3.12/site-packages/airflow/example_dags/tutorial.py took 0.193 seconds
[2025-04-04T15:58:41.817+0000] {processor.py:186} INFO - Started process (PID=1510) to work on /home/airflow/.local/lib/python3.12/site-packages/airflow/example_dags/tutorial.py
[2025-04-04T15:58:41.819+0000] {processor.py:914} INFO - Processing file /home/airflow/.local/lib/python3.12/site-packages/airflow/example_dags/tutorial.py for tasks to queue
[2025-04-04T15:58:41.822+0000] {logging_mixin.py:190} INFO - [2025-04-04T15:58:41.821+0000] {dagbag.py:588} INFO - Filling up the DagBag from /home/airflow/.local/lib/python3.12/site-packages/airflow/example_dags/tutorial.py
[2025-04-04T15:58:41.833+0000] {processor.py:925} INFO - DAG(s) 'tutorial' retrieved from /home/airflow/.local/lib/python3.12/site-packages/airflow/example_dags/tutorial.py
[2025-04-04T15:58:41.859+0000] {logging_mixin.py:190} INFO - [2025-04-04T15:58:41.859+0000] {dag.py:3239} INFO - Sync 1 DAGs
[2025-04-04T15:58:41.889+0000] {logging_mixin.py:190} INFO - [2025-04-04T15:58:41.888+0000] {dag.py:4180} INFO - Setting next_dagrun for tutorial to 2025-04-03 00:00:00+00:00, run_after=2025-04-04 00:00:00+00:00
[2025-04-04T15:58:41.912+0000] {processor.py:208} INFO - Processing /home/airflow/.local/lib/python3.12/site-packages/airflow/example_dags/tutorial.py took 0.105 seconds
[2025-04-04T16:00:55.537+0000] {processor.py:186} INFO - Started process (PID=105) to work on /home/airflow/.local/lib/python3.12/site-packages/airflow/example_dags/tutorial.py
[2025-04-04T16:00:55.538+0000] {processor.py:914} INFO - Processing file /home/airflow/.local/lib/python3.12/site-packages/airflow/example_dags/tutorial.py for tasks to queue
[2025-04-04T16:00:55.541+0000] {logging_mixin.py:190} INFO - [2025-04-04T16:00:55.541+0000] {dagbag.py:588} INFO - Filling up the DagBag from /home/airflow/.local/lib/python3.12/site-packages/airflow/example_dags/tutorial.py
[2025-04-04T16:00:55.552+0000] {processor.py:925} INFO - DAG(s) 'tutorial' retrieved from /home/airflow/.local/lib/python3.12/site-packages/airflow/example_dags/tutorial.py
[2025-04-04T16:00:55.579+0000] {logging_mixin.py:190} INFO - [2025-04-04T16:00:55.579+0000] {dag.py:3239} INFO - Sync 1 DAGs
[2025-04-04T16:00:55.621+0000] {logging_mixin.py:190} INFO - [2025-04-04T16:00:55.621+0000] {dag.py:4180} INFO - Setting next_dagrun for tutorial to 2025-04-03 00:00:00+00:00, run_after=2025-04-04 00:00:00+00:00
[2025-04-04T16:00:55.651+0000] {processor.py:208} INFO - Processing /home/airflow/.local/lib/python3.12/site-packages/airflow/example_dags/tutorial.py took 0.121 seconds
[2025-04-04T16:01:26.192+0000] {processor.py:186} INFO - Started process (PID=168) to work on /home/airflow/.local/lib/python3.12/site-packages/airflow/example_dags/tutorial.py
[2025-04-04T16:01:26.193+0000] {processor.py:914} INFO - Processing file /home/airflow/.local/lib/python3.12/site-packages/airflow/example_dags/tutorial.py for tasks to queue
[2025-04-04T16:01:26.196+0000] {logging_mixin.py:190} INFO - [2025-04-04T16:01:26.196+0000] {dagbag.py:588} INFO - Filling up the DagBag from /home/airflow/.local/lib/python3.12/site-packages/airflow/example_dags/tutorial.py
[2025-04-04T16:01:26.206+0000] {processor.py:925} INFO - DAG(s) 'tutorial' retrieved from /home/airflow/.local/lib/python3.12/site-packages/airflow/example_dags/tutorial.py
[2025-04-04T16:01:26.233+0000] {logging_mixin.py:190} INFO - [2025-04-04T16:01:26.232+0000] {dag.py:3239} INFO - Sync 1 DAGs
[2025-04-04T16:01:26.271+0000] {logging_mixin.py:190} INFO - [2025-04-04T16:01:26.271+0000] {dag.py:4180} INFO - Setting next_dagrun for tutorial to 2025-04-03 00:00:00+00:00, run_after=2025-04-04 00:00:00+00:00
[2025-04-04T16:01:26.303+0000] {processor.py:208} INFO - Processing /home/airflow/.local/lib/python3.12/site-packages/airflow/example_dags/tutorial.py took 0.119 seconds
[2025-04-04T16:01:57.140+0000] {processor.py:186} INFO - Started process (PID=232) to work on /home/airflow/.local/lib/python3.12/site-packages/airflow/example_dags/tutorial.py
[2025-04-04T16:01:57.141+0000] {processor.py:914} INFO - Processing file /home/airflow/.local/lib/python3.12/site-packages/airflow/example_dags/tutorial.py for tasks to queue
[2025-04-04T16:01:57.144+0000] {logging_mixin.py:190} INFO - [2025-04-04T16:01:57.143+0000] {dagbag.py:588} INFO - Filling up the DagBag from /home/airflow/.local/lib/python3.12/site-packages/airflow/example_dags/tutorial.py
[2025-04-04T16:01:57.153+0000] {processor.py:925} INFO - DAG(s) 'tutorial' retrieved from /home/airflow/.local/lib/python3.12/site-packages/airflow/example_dags/tutorial.py
[2025-04-04T16:01:57.176+0000] {logging_mixin.py:190} INFO - [2025-04-04T16:01:57.175+0000] {dag.py:3239} INFO - Sync 1 DAGs
[2025-04-04T16:01:57.208+0000] {logging_mixin.py:190} INFO - [2025-04-04T16:01:57.208+0000] {dag.py:4180} INFO - Setting next_dagrun for tutorial to 2025-04-03 00:00:00+00:00, run_after=2025-04-04 00:00:00+00:00
[2025-04-04T16:01:57.230+0000] {processor.py:208} INFO - Processing /home/airflow/.local/lib/python3.12/site-packages/airflow/example_dags/tutorial.py took 0.098 seconds
[2025-04-04T16:02:29.608+0000] {processor.py:186} INFO - Started process (PID=302) to work on /home/airflow/.local/lib/python3.12/site-packages/airflow/example_dags/tutorial.py
[2025-04-04T16:02:29.609+0000] {processor.py:914} INFO - Processing file /home/airflow/.local/lib/python3.12/site-packages/airflow/example_dags/tutorial.py for tasks to queue
[2025-04-04T16:02:29.612+0000] {logging_mixin.py:190} INFO - [2025-04-04T16:02:29.611+0000] {dagbag.py:588} INFO - Filling up the DagBag from /home/airflow/.local/lib/python3.12/site-packages/airflow/example_dags/tutorial.py
[2025-04-04T16:02:29.622+0000] {processor.py:925} INFO - DAG(s) 'tutorial' retrieved from /home/airflow/.local/lib/python3.12/site-packages/airflow/example_dags/tutorial.py
[2025-04-04T16:02:29.654+0000] {logging_mixin.py:190} INFO - [2025-04-04T16:02:29.654+0000] {dag.py:3239} INFO - Sync 1 DAGs
[2025-04-04T16:02:29.697+0000] {logging_mixin.py:190} INFO - [2025-04-04T16:02:29.697+0000] {dag.py:4180} INFO - Setting next_dagrun for tutorial to 2025-04-03 00:00:00+00:00, run_after=2025-04-04 00:00:00+00:00
[2025-04-04T16:02:29.725+0000] {processor.py:208} INFO - Processing /home/airflow/.local/lib/python3.12/site-packages/airflow/example_dags/tutorial.py took 0.125 seconds
