[2025-04-04T15:44:05.831+0000] {processor.py:186} INFO - Started process (PID=83) to work on /home/airflow/.local/lib/python3.12/site-packages/airflow/example_dags/tutorial_dag.py
[2025-04-04T15:44:05.836+0000] {processor.py:914} INFO - Processing file /home/airflow/.local/lib/python3.12/site-packages/airflow/example_dags/tutorial_dag.py for tasks to queue
[2025-04-04T15:44:05.849+0000] {logging_mixin.py:190} INFO - [2025-04-04T15:44:05.841+0000] {dagbag.py:588} INFO - Filling up the DagBag from /home/airflow/.local/lib/python3.12/site-packages/airflow/example_dags/tutorial_dag.py
[2025-04-04T15:44:05.921+0000] {processor.py:925} INFO - DAG(s) 'tutorial_dag' retrieved from /home/airflow/.local/lib/python3.12/site-packages/airflow/example_dags/tutorial_dag.py
[2025-04-04T15:44:06.745+0000] {logging_mixin.py:190} INFO - [2025-04-04T15:44:06.744+0000] {override.py:1912} INFO - Created Permission View: can edit on DAG:tutorial_dag
[2025-04-04T15:44:06.843+0000] {logging_mixin.py:190} INFO - [2025-04-04T15:44:06.842+0000] {override.py:1912} INFO - Created Permission View: can read on DAG:tutorial_dag
[2025-04-04T15:44:06.908+0000] {logging_mixin.py:190} INFO - [2025-04-04T15:44:06.908+0000] {override.py:1912} INFO - Created Permission View: can delete on DAG:tutorial_dag
[2025-04-04T15:44:06.931+0000] {logging_mixin.py:190} INFO - [2025-04-04T15:44:06.929+0000] {override.py:1912} INFO - Created Permission View: menu access on DAG Run:tutorial_dag
[2025-04-04T15:44:06.951+0000] {logging_mixin.py:190} INFO - [2025-04-04T15:44:06.950+0000] {override.py:1912} INFO - Created Permission View: can read on DAG Run:tutorial_dag
[2025-04-04T15:44:06.989+0000] {logging_mixin.py:190} INFO - [2025-04-04T15:44:06.989+0000] {override.py:1912} INFO - Created Permission View: can create on DAG Run:tutorial_dag
[2025-04-04T15:44:07.030+0000] {logging_mixin.py:190} INFO - [2025-04-04T15:44:07.030+0000] {override.py:1912} INFO - Created Permission View: can delete on DAG Run:tutorial_dag
[2025-04-04T15:44:07.031+0000] {logging_mixin.py:190} INFO - [2025-04-04T15:44:07.031+0000] {dag.py:3239} INFO - Sync 1 DAGs
[2025-04-04T15:44:07.151+0000] {logging_mixin.py:190} INFO - [2025-04-04T15:44:07.149+0000] {dag.py:3262} INFO - Creating ORM DAG for tutorial_dag
[2025-04-04T15:44:07.157+0000] {logging_mixin.py:190} INFO - [2025-04-04T15:44:07.157+0000] {dag.py:4180} INFO - Setting next_dagrun for tutorial_dag to None, run_after=None
[2025-04-04T15:44:07.259+0000] {processor.py:208} INFO - Processing /home/airflow/.local/lib/python3.12/site-packages/airflow/example_dags/tutorial_dag.py took 1.444 seconds
[2025-04-04T15:44:38.018+0000] {processor.py:186} INFO - Started process (PID=145) to work on /home/airflow/.local/lib/python3.12/site-packages/airflow/example_dags/tutorial_dag.py
[2025-04-04T15:44:38.019+0000] {processor.py:914} INFO - Processing file /home/airflow/.local/lib/python3.12/site-packages/airflow/example_dags/tutorial_dag.py for tasks to queue
[2025-04-04T15:44:38.024+0000] {logging_mixin.py:190} INFO - [2025-04-04T15:44:38.022+0000] {dagbag.py:588} INFO - Filling up the DagBag from /home/airflow/.local/lib/python3.12/site-packages/airflow/example_dags/tutorial_dag.py
[2025-04-04T15:44:38.036+0000] {processor.py:925} INFO - DAG(s) 'tutorial_dag' retrieved from /home/airflow/.local/lib/python3.12/site-packages/airflow/example_dags/tutorial_dag.py
[2025-04-04T15:44:38.060+0000] {logging_mixin.py:190} INFO - [2025-04-04T15:44:38.060+0000] {dag.py:3239} INFO - Sync 1 DAGs
[2025-04-04T15:44:38.082+0000] {logging_mixin.py:190} INFO - [2025-04-04T15:44:38.082+0000] {dag.py:4180} INFO - Setting next_dagrun for tutorial_dag to None, run_after=None
[2025-04-04T15:44:38.107+0000] {processor.py:208} INFO - Processing /home/airflow/.local/lib/python3.12/site-packages/airflow/example_dags/tutorial_dag.py took 0.098 seconds
[2025-04-04T15:45:08.550+0000] {processor.py:186} INFO - Started process (PID=208) to work on /home/airflow/.local/lib/python3.12/site-packages/airflow/example_dags/tutorial_dag.py
[2025-04-04T15:45:08.553+0000] {processor.py:914} INFO - Processing file /home/airflow/.local/lib/python3.12/site-packages/airflow/example_dags/tutorial_dag.py for tasks to queue
[2025-04-04T15:45:08.559+0000] {logging_mixin.py:190} INFO - [2025-04-04T15:45:08.559+0000] {dagbag.py:588} INFO - Filling up the DagBag from /home/airflow/.local/lib/python3.12/site-packages/airflow/example_dags/tutorial_dag.py
[2025-04-04T15:45:08.574+0000] {processor.py:925} INFO - DAG(s) 'tutorial_dag' retrieved from /home/airflow/.local/lib/python3.12/site-packages/airflow/example_dags/tutorial_dag.py
[2025-04-04T15:45:08.621+0000] {logging_mixin.py:190} INFO - [2025-04-04T15:45:08.620+0000] {dag.py:3239} INFO - Sync 1 DAGs
[2025-04-04T15:45:08.654+0000] {logging_mixin.py:190} INFO - [2025-04-04T15:45:08.654+0000] {dag.py:4180} INFO - Setting next_dagrun for tutorial_dag to None, run_after=None
[2025-04-04T15:45:08.695+0000] {processor.py:208} INFO - Processing /home/airflow/.local/lib/python3.12/site-packages/airflow/example_dags/tutorial_dag.py took 0.163 seconds
[2025-04-04T15:45:39.342+0000] {processor.py:186} INFO - Started process (PID=271) to work on /home/airflow/.local/lib/python3.12/site-packages/airflow/example_dags/tutorial_dag.py
[2025-04-04T15:45:39.344+0000] {processor.py:914} INFO - Processing file /home/airflow/.local/lib/python3.12/site-packages/airflow/example_dags/tutorial_dag.py for tasks to queue
[2025-04-04T15:45:39.347+0000] {logging_mixin.py:190} INFO - [2025-04-04T15:45:39.346+0000] {dagbag.py:588} INFO - Filling up the DagBag from /home/airflow/.local/lib/python3.12/site-packages/airflow/example_dags/tutorial_dag.py
[2025-04-04T15:45:39.359+0000] {processor.py:925} INFO - DAG(s) 'tutorial_dag' retrieved from /home/airflow/.local/lib/python3.12/site-packages/airflow/example_dags/tutorial_dag.py
[2025-04-04T15:45:39.387+0000] {logging_mixin.py:190} INFO - [2025-04-04T15:45:39.386+0000] {dag.py:3239} INFO - Sync 1 DAGs
[2025-04-04T15:45:39.407+0000] {logging_mixin.py:190} INFO - [2025-04-04T15:45:39.407+0000] {dag.py:4180} INFO - Setting next_dagrun for tutorial_dag to None, run_after=None
[2025-04-04T15:45:39.431+0000] {processor.py:208} INFO - Processing /home/airflow/.local/lib/python3.12/site-packages/airflow/example_dags/tutorial_dag.py took 0.098 seconds
[2025-04-04T15:47:18.182+0000] {processor.py:186} INFO - Started process (PID=77) to work on /home/airflow/.local/lib/python3.12/site-packages/airflow/example_dags/tutorial_dag.py
[2025-04-04T15:47:18.183+0000] {processor.py:914} INFO - Processing file /home/airflow/.local/lib/python3.12/site-packages/airflow/example_dags/tutorial_dag.py for tasks to queue
[2025-04-04T15:47:18.187+0000] {logging_mixin.py:190} INFO - [2025-04-04T15:47:18.186+0000] {dagbag.py:588} INFO - Filling up the DagBag from /home/airflow/.local/lib/python3.12/site-packages/airflow/example_dags/tutorial_dag.py
[2025-04-04T15:47:18.201+0000] {processor.py:925} INFO - DAG(s) 'tutorial_dag' retrieved from /home/airflow/.local/lib/python3.12/site-packages/airflow/example_dags/tutorial_dag.py
[2025-04-04T15:47:18.241+0000] {logging_mixin.py:190} INFO - [2025-04-04T15:47:18.240+0000] {dag.py:3239} INFO - Sync 1 DAGs
[2025-04-04T15:47:18.271+0000] {logging_mixin.py:190} INFO - [2025-04-04T15:47:18.270+0000] {dag.py:4180} INFO - Setting next_dagrun for tutorial_dag to None, run_after=None
[2025-04-04T15:47:18.306+0000] {processor.py:208} INFO - Processing /home/airflow/.local/lib/python3.12/site-packages/airflow/example_dags/tutorial_dag.py took 0.135 seconds
[2025-04-04T15:47:48.994+0000] {processor.py:186} INFO - Started process (PID=140) to work on /home/airflow/.local/lib/python3.12/site-packages/airflow/example_dags/tutorial_dag.py
[2025-04-04T15:47:48.996+0000] {processor.py:914} INFO - Processing file /home/airflow/.local/lib/python3.12/site-packages/airflow/example_dags/tutorial_dag.py for tasks to queue
[2025-04-04T15:47:49.000+0000] {logging_mixin.py:190} INFO - [2025-04-04T15:47:48.999+0000] {dagbag.py:588} INFO - Filling up the DagBag from /home/airflow/.local/lib/python3.12/site-packages/airflow/example_dags/tutorial_dag.py
[2025-04-04T15:47:49.010+0000] {processor.py:925} INFO - DAG(s) 'tutorial_dag' retrieved from /home/airflow/.local/lib/python3.12/site-packages/airflow/example_dags/tutorial_dag.py
[2025-04-04T15:47:49.038+0000] {logging_mixin.py:190} INFO - [2025-04-04T15:47:49.038+0000] {dag.py:3239} INFO - Sync 1 DAGs
[2025-04-04T15:47:49.062+0000] {logging_mixin.py:190} INFO - [2025-04-04T15:47:49.061+0000] {dag.py:4180} INFO - Setting next_dagrun for tutorial_dag to None, run_after=None
[2025-04-04T15:47:49.090+0000] {processor.py:208} INFO - Processing /home/airflow/.local/lib/python3.12/site-packages/airflow/example_dags/tutorial_dag.py took 0.104 seconds
[2025-04-04T15:48:19.713+0000] {processor.py:186} INFO - Started process (PID=204) to work on /home/airflow/.local/lib/python3.12/site-packages/airflow/example_dags/tutorial_dag.py
[2025-04-04T15:48:19.714+0000] {processor.py:914} INFO - Processing file /home/airflow/.local/lib/python3.12/site-packages/airflow/example_dags/tutorial_dag.py for tasks to queue
[2025-04-04T15:48:19.718+0000] {logging_mixin.py:190} INFO - [2025-04-04T15:48:19.718+0000] {dagbag.py:588} INFO - Filling up the DagBag from /home/airflow/.local/lib/python3.12/site-packages/airflow/example_dags/tutorial_dag.py
[2025-04-04T15:48:19.731+0000] {processor.py:925} INFO - DAG(s) 'tutorial_dag' retrieved from /home/airflow/.local/lib/python3.12/site-packages/airflow/example_dags/tutorial_dag.py
[2025-04-04T15:48:19.769+0000] {logging_mixin.py:190} INFO - [2025-04-04T15:48:19.768+0000] {dag.py:3239} INFO - Sync 1 DAGs
[2025-04-04T15:48:19.800+0000] {logging_mixin.py:190} INFO - [2025-04-04T15:48:19.799+0000] {dag.py:4180} INFO - Setting next_dagrun for tutorial_dag to None, run_after=None
[2025-04-04T15:48:19.835+0000] {processor.py:208} INFO - Processing /home/airflow/.local/lib/python3.12/site-packages/airflow/example_dags/tutorial_dag.py took 0.133 seconds
[2025-04-04T15:48:50.493+0000] {processor.py:186} INFO - Started process (PID=268) to work on /home/airflow/.local/lib/python3.12/site-packages/airflow/example_dags/tutorial_dag.py
[2025-04-04T15:48:50.495+0000] {processor.py:914} INFO - Processing file /home/airflow/.local/lib/python3.12/site-packages/airflow/example_dags/tutorial_dag.py for tasks to queue
[2025-04-04T15:48:50.497+0000] {logging_mixin.py:190} INFO - [2025-04-04T15:48:50.497+0000] {dagbag.py:588} INFO - Filling up the DagBag from /home/airflow/.local/lib/python3.12/site-packages/airflow/example_dags/tutorial_dag.py
[2025-04-04T15:48:50.507+0000] {processor.py:925} INFO - DAG(s) 'tutorial_dag' retrieved from /home/airflow/.local/lib/python3.12/site-packages/airflow/example_dags/tutorial_dag.py
[2025-04-04T15:48:50.534+0000] {logging_mixin.py:190} INFO - [2025-04-04T15:48:50.533+0000] {dag.py:3239} INFO - Sync 1 DAGs
[2025-04-04T15:48:50.558+0000] {logging_mixin.py:190} INFO - [2025-04-04T15:48:50.557+0000] {dag.py:4180} INFO - Setting next_dagrun for tutorial_dag to None, run_after=None
[2025-04-04T15:48:50.580+0000] {processor.py:208} INFO - Processing /home/airflow/.local/lib/python3.12/site-packages/airflow/example_dags/tutorial_dag.py took 0.099 seconds
[2025-04-04T15:49:21.253+0000] {processor.py:186} INFO - Started process (PID=332) to work on /home/airflow/.local/lib/python3.12/site-packages/airflow/example_dags/tutorial_dag.py
[2025-04-04T15:49:21.255+0000] {processor.py:914} INFO - Processing file /home/airflow/.local/lib/python3.12/site-packages/airflow/example_dags/tutorial_dag.py for tasks to queue
[2025-04-04T15:49:21.258+0000] {logging_mixin.py:190} INFO - [2025-04-04T15:49:21.258+0000] {dagbag.py:588} INFO - Filling up the DagBag from /home/airflow/.local/lib/python3.12/site-packages/airflow/example_dags/tutorial_dag.py
[2025-04-04T15:49:21.268+0000] {processor.py:925} INFO - DAG(s) 'tutorial_dag' retrieved from /home/airflow/.local/lib/python3.12/site-packages/airflow/example_dags/tutorial_dag.py
[2025-04-04T15:49:21.291+0000] {logging_mixin.py:190} INFO - [2025-04-04T15:49:21.290+0000] {dag.py:3239} INFO - Sync 1 DAGs
[2025-04-04T15:49:21.309+0000] {logging_mixin.py:190} INFO - [2025-04-04T15:49:21.308+0000] {dag.py:4180} INFO - Setting next_dagrun for tutorial_dag to None, run_after=None
[2025-04-04T15:49:21.331+0000] {processor.py:208} INFO - Processing /home/airflow/.local/lib/python3.12/site-packages/airflow/example_dags/tutorial_dag.py took 0.088 seconds
[2025-04-04T15:49:51.517+0000] {processor.py:186} INFO - Started process (PID=395) to work on /home/airflow/.local/lib/python3.12/site-packages/airflow/example_dags/tutorial_dag.py
[2025-04-04T15:49:51.518+0000] {processor.py:914} INFO - Processing file /home/airflow/.local/lib/python3.12/site-packages/airflow/example_dags/tutorial_dag.py for tasks to queue
[2025-04-04T15:49:51.521+0000] {logging_mixin.py:190} INFO - [2025-04-04T15:49:51.521+0000] {dagbag.py:588} INFO - Filling up the DagBag from /home/airflow/.local/lib/python3.12/site-packages/airflow/example_dags/tutorial_dag.py
[2025-04-04T15:49:51.535+0000] {processor.py:925} INFO - DAG(s) 'tutorial_dag' retrieved from /home/airflow/.local/lib/python3.12/site-packages/airflow/example_dags/tutorial_dag.py
[2025-04-04T15:49:51.559+0000] {logging_mixin.py:190} INFO - [2025-04-04T15:49:51.559+0000] {dag.py:3239} INFO - Sync 1 DAGs
[2025-04-04T15:49:51.577+0000] {logging_mixin.py:190} INFO - [2025-04-04T15:49:51.577+0000] {dag.py:4180} INFO - Setting next_dagrun for tutorial_dag to None, run_after=None
[2025-04-04T15:49:51.601+0000] {processor.py:208} INFO - Processing /home/airflow/.local/lib/python3.12/site-packages/airflow/example_dags/tutorial_dag.py took 0.093 seconds
[2025-04-04T15:50:22.383+0000] {processor.py:186} INFO - Started process (PID=460) to work on /home/airflow/.local/lib/python3.12/site-packages/airflow/example_dags/tutorial_dag.py
[2025-04-04T15:50:22.385+0000] {processor.py:914} INFO - Processing file /home/airflow/.local/lib/python3.12/site-packages/airflow/example_dags/tutorial_dag.py for tasks to queue
[2025-04-04T15:50:22.388+0000] {logging_mixin.py:190} INFO - [2025-04-04T15:50:22.387+0000] {dagbag.py:588} INFO - Filling up the DagBag from /home/airflow/.local/lib/python3.12/site-packages/airflow/example_dags/tutorial_dag.py
[2025-04-04T15:50:22.398+0000] {processor.py:925} INFO - DAG(s) 'tutorial_dag' retrieved from /home/airflow/.local/lib/python3.12/site-packages/airflow/example_dags/tutorial_dag.py
[2025-04-04T15:50:22.424+0000] {logging_mixin.py:190} INFO - [2025-04-04T15:50:22.424+0000] {dag.py:3239} INFO - Sync 1 DAGs
[2025-04-04T15:50:22.450+0000] {logging_mixin.py:190} INFO - [2025-04-04T15:50:22.449+0000] {dag.py:4180} INFO - Setting next_dagrun for tutorial_dag to None, run_after=None
[2025-04-04T15:50:22.475+0000] {processor.py:208} INFO - Processing /home/airflow/.local/lib/python3.12/site-packages/airflow/example_dags/tutorial_dag.py took 0.101 seconds
[2025-04-04T15:50:52.678+0000] {processor.py:186} INFO - Started process (PID=524) to work on /home/airflow/.local/lib/python3.12/site-packages/airflow/example_dags/tutorial_dag.py
[2025-04-04T15:50:52.680+0000] {processor.py:914} INFO - Processing file /home/airflow/.local/lib/python3.12/site-packages/airflow/example_dags/tutorial_dag.py for tasks to queue
[2025-04-04T15:50:52.683+0000] {logging_mixin.py:190} INFO - [2025-04-04T15:50:52.682+0000] {dagbag.py:588} INFO - Filling up the DagBag from /home/airflow/.local/lib/python3.12/site-packages/airflow/example_dags/tutorial_dag.py
[2025-04-04T15:50:52.693+0000] {processor.py:925} INFO - DAG(s) 'tutorial_dag' retrieved from /home/airflow/.local/lib/python3.12/site-packages/airflow/example_dags/tutorial_dag.py
[2025-04-04T15:50:52.717+0000] {logging_mixin.py:190} INFO - [2025-04-04T15:50:52.717+0000] {dag.py:3239} INFO - Sync 1 DAGs
[2025-04-04T15:50:52.735+0000] {logging_mixin.py:190} INFO - [2025-04-04T15:50:52.734+0000] {dag.py:4180} INFO - Setting next_dagrun for tutorial_dag to None, run_after=None
[2025-04-04T15:50:52.758+0000] {processor.py:208} INFO - Processing /home/airflow/.local/lib/python3.12/site-packages/airflow/example_dags/tutorial_dag.py took 0.089 seconds
[2025-04-04T15:51:23.640+0000] {processor.py:186} INFO - Started process (PID=588) to work on /home/airflow/.local/lib/python3.12/site-packages/airflow/example_dags/tutorial_dag.py
[2025-04-04T15:51:23.641+0000] {processor.py:914} INFO - Processing file /home/airflow/.local/lib/python3.12/site-packages/airflow/example_dags/tutorial_dag.py for tasks to queue
[2025-04-04T15:51:23.644+0000] {logging_mixin.py:190} INFO - [2025-04-04T15:51:23.644+0000] {dagbag.py:588} INFO - Filling up the DagBag from /home/airflow/.local/lib/python3.12/site-packages/airflow/example_dags/tutorial_dag.py
[2025-04-04T15:51:23.654+0000] {processor.py:925} INFO - DAG(s) 'tutorial_dag' retrieved from /home/airflow/.local/lib/python3.12/site-packages/airflow/example_dags/tutorial_dag.py
[2025-04-04T15:51:23.682+0000] {logging_mixin.py:190} INFO - [2025-04-04T15:51:23.681+0000] {dag.py:3239} INFO - Sync 1 DAGs
[2025-04-04T15:51:23.704+0000] {logging_mixin.py:190} INFO - [2025-04-04T15:51:23.704+0000] {dag.py:4180} INFO - Setting next_dagrun for tutorial_dag to None, run_after=None
[2025-04-04T15:51:23.730+0000] {processor.py:208} INFO - Processing /home/airflow/.local/lib/python3.12/site-packages/airflow/example_dags/tutorial_dag.py took 0.101 seconds
[2025-04-04T15:51:53.967+0000] {processor.py:186} INFO - Started process (PID=652) to work on /home/airflow/.local/lib/python3.12/site-packages/airflow/example_dags/tutorial_dag.py
[2025-04-04T15:51:53.968+0000] {processor.py:914} INFO - Processing file /home/airflow/.local/lib/python3.12/site-packages/airflow/example_dags/tutorial_dag.py for tasks to queue
[2025-04-04T15:51:53.971+0000] {logging_mixin.py:190} INFO - [2025-04-04T15:51:53.971+0000] {dagbag.py:588} INFO - Filling up the DagBag from /home/airflow/.local/lib/python3.12/site-packages/airflow/example_dags/tutorial_dag.py
[2025-04-04T15:51:53.980+0000] {processor.py:925} INFO - DAG(s) 'tutorial_dag' retrieved from /home/airflow/.local/lib/python3.12/site-packages/airflow/example_dags/tutorial_dag.py
[2025-04-04T15:51:54.008+0000] {logging_mixin.py:190} INFO - [2025-04-04T15:51:54.008+0000] {dag.py:3239} INFO - Sync 1 DAGs
[2025-04-04T15:51:54.030+0000] {logging_mixin.py:190} INFO - [2025-04-04T15:51:54.030+0000] {dag.py:4180} INFO - Setting next_dagrun for tutorial_dag to None, run_after=None
[2025-04-04T15:51:54.060+0000] {processor.py:208} INFO - Processing /home/airflow/.local/lib/python3.12/site-packages/airflow/example_dags/tutorial_dag.py took 0.103 seconds
[2025-04-04T15:52:24.405+0000] {processor.py:186} INFO - Started process (PID=716) to work on /home/airflow/.local/lib/python3.12/site-packages/airflow/example_dags/tutorial_dag.py
[2025-04-04T15:52:24.408+0000] {processor.py:914} INFO - Processing file /home/airflow/.local/lib/python3.12/site-packages/airflow/example_dags/tutorial_dag.py for tasks to queue
[2025-04-04T15:52:24.412+0000] {logging_mixin.py:190} INFO - [2025-04-04T15:52:24.412+0000] {dagbag.py:588} INFO - Filling up the DagBag from /home/airflow/.local/lib/python3.12/site-packages/airflow/example_dags/tutorial_dag.py
[2025-04-04T15:52:24.432+0000] {processor.py:925} INFO - DAG(s) 'tutorial_dag' retrieved from /home/airflow/.local/lib/python3.12/site-packages/airflow/example_dags/tutorial_dag.py
[2025-04-04T15:52:24.479+0000] {logging_mixin.py:190} INFO - [2025-04-04T15:52:24.478+0000] {dag.py:3239} INFO - Sync 1 DAGs
[2025-04-04T15:52:24.527+0000] {logging_mixin.py:190} INFO - [2025-04-04T15:52:24.527+0000] {dag.py:4180} INFO - Setting next_dagrun for tutorial_dag to None, run_after=None
[2025-04-04T15:52:24.599+0000] {processor.py:208} INFO - Processing /home/airflow/.local/lib/python3.12/site-packages/airflow/example_dags/tutorial_dag.py took 0.210 seconds
[2025-04-04T15:52:54.795+0000] {processor.py:186} INFO - Started process (PID=780) to work on /home/airflow/.local/lib/python3.12/site-packages/airflow/example_dags/tutorial_dag.py
[2025-04-04T15:52:54.796+0000] {processor.py:914} INFO - Processing file /home/airflow/.local/lib/python3.12/site-packages/airflow/example_dags/tutorial_dag.py for tasks to queue
[2025-04-04T15:52:54.800+0000] {logging_mixin.py:190} INFO - [2025-04-04T15:52:54.800+0000] {dagbag.py:588} INFO - Filling up the DagBag from /home/airflow/.local/lib/python3.12/site-packages/airflow/example_dags/tutorial_dag.py
[2025-04-04T15:52:54.814+0000] {processor.py:925} INFO - DAG(s) 'tutorial_dag' retrieved from /home/airflow/.local/lib/python3.12/site-packages/airflow/example_dags/tutorial_dag.py
[2025-04-04T15:52:54.842+0000] {logging_mixin.py:190} INFO - [2025-04-04T15:52:54.841+0000] {dag.py:3239} INFO - Sync 1 DAGs
[2025-04-04T15:52:54.867+0000] {logging_mixin.py:190} INFO - [2025-04-04T15:52:54.867+0000] {dag.py:4180} INFO - Setting next_dagrun for tutorial_dag to None, run_after=None
[2025-04-04T15:52:54.894+0000] {processor.py:208} INFO - Processing /home/airflow/.local/lib/python3.12/site-packages/airflow/example_dags/tutorial_dag.py took 0.108 seconds
[2025-04-04T15:53:25.539+0000] {processor.py:186} INFO - Started process (PID=844) to work on /home/airflow/.local/lib/python3.12/site-packages/airflow/example_dags/tutorial_dag.py
[2025-04-04T15:53:25.542+0000] {processor.py:914} INFO - Processing file /home/airflow/.local/lib/python3.12/site-packages/airflow/example_dags/tutorial_dag.py for tasks to queue
[2025-04-04T15:53:25.546+0000] {logging_mixin.py:190} INFO - [2025-04-04T15:53:25.545+0000] {dagbag.py:588} INFO - Filling up the DagBag from /home/airflow/.local/lib/python3.12/site-packages/airflow/example_dags/tutorial_dag.py
[2025-04-04T15:53:25.558+0000] {processor.py:925} INFO - DAG(s) 'tutorial_dag' retrieved from /home/airflow/.local/lib/python3.12/site-packages/airflow/example_dags/tutorial_dag.py
[2025-04-04T15:53:25.584+0000] {logging_mixin.py:190} INFO - [2025-04-04T15:53:25.584+0000] {dag.py:3239} INFO - Sync 1 DAGs
[2025-04-04T15:53:25.604+0000] {logging_mixin.py:190} INFO - [2025-04-04T15:53:25.604+0000] {dag.py:4180} INFO - Setting next_dagrun for tutorial_dag to None, run_after=None
[2025-04-04T15:53:25.629+0000] {processor.py:208} INFO - Processing /home/airflow/.local/lib/python3.12/site-packages/airflow/example_dags/tutorial_dag.py took 0.100 seconds
[2025-04-04T15:53:56.041+0000] {processor.py:186} INFO - Started process (PID=908) to work on /home/airflow/.local/lib/python3.12/site-packages/airflow/example_dags/tutorial_dag.py
[2025-04-04T15:53:56.042+0000] {processor.py:914} INFO - Processing file /home/airflow/.local/lib/python3.12/site-packages/airflow/example_dags/tutorial_dag.py for tasks to queue
[2025-04-04T15:53:56.045+0000] {logging_mixin.py:190} INFO - [2025-04-04T15:53:56.045+0000] {dagbag.py:588} INFO - Filling up the DagBag from /home/airflow/.local/lib/python3.12/site-packages/airflow/example_dags/tutorial_dag.py
[2025-04-04T15:53:56.056+0000] {processor.py:925} INFO - DAG(s) 'tutorial_dag' retrieved from /home/airflow/.local/lib/python3.12/site-packages/airflow/example_dags/tutorial_dag.py
[2025-04-04T15:53:56.078+0000] {logging_mixin.py:190} INFO - [2025-04-04T15:53:56.078+0000] {dag.py:3239} INFO - Sync 1 DAGs
[2025-04-04T15:53:56.097+0000] {logging_mixin.py:190} INFO - [2025-04-04T15:53:56.096+0000] {dag.py:4180} INFO - Setting next_dagrun for tutorial_dag to None, run_after=None
[2025-04-04T15:53:56.124+0000] {processor.py:208} INFO - Processing /home/airflow/.local/lib/python3.12/site-packages/airflow/example_dags/tutorial_dag.py took 0.093 seconds
[2025-04-04T15:54:26.421+0000] {processor.py:186} INFO - Started process (PID=972) to work on /home/airflow/.local/lib/python3.12/site-packages/airflow/example_dags/tutorial_dag.py
[2025-04-04T15:54:26.422+0000] {processor.py:914} INFO - Processing file /home/airflow/.local/lib/python3.12/site-packages/airflow/example_dags/tutorial_dag.py for tasks to queue
[2025-04-04T15:54:26.427+0000] {logging_mixin.py:190} INFO - [2025-04-04T15:54:26.426+0000] {dagbag.py:588} INFO - Filling up the DagBag from /home/airflow/.local/lib/python3.12/site-packages/airflow/example_dags/tutorial_dag.py
[2025-04-04T15:54:26.441+0000] {processor.py:925} INFO - DAG(s) 'tutorial_dag' retrieved from /home/airflow/.local/lib/python3.12/site-packages/airflow/example_dags/tutorial_dag.py
[2025-04-04T15:54:26.471+0000] {logging_mixin.py:190} INFO - [2025-04-04T15:54:26.471+0000] {dag.py:3239} INFO - Sync 1 DAGs
[2025-04-04T15:54:26.497+0000] {logging_mixin.py:190} INFO - [2025-04-04T15:54:26.497+0000] {dag.py:4180} INFO - Setting next_dagrun for tutorial_dag to None, run_after=None
[2025-04-04T15:54:26.542+0000] {processor.py:208} INFO - Processing /home/airflow/.local/lib/python3.12/site-packages/airflow/example_dags/tutorial_dag.py took 0.129 seconds
[2025-04-04T15:54:56.973+0000] {processor.py:186} INFO - Started process (PID=1036) to work on /home/airflow/.local/lib/python3.12/site-packages/airflow/example_dags/tutorial_dag.py
[2025-04-04T15:54:56.975+0000] {processor.py:914} INFO - Processing file /home/airflow/.local/lib/python3.12/site-packages/airflow/example_dags/tutorial_dag.py for tasks to queue
[2025-04-04T15:54:56.979+0000] {logging_mixin.py:190} INFO - [2025-04-04T15:54:56.978+0000] {dagbag.py:588} INFO - Filling up the DagBag from /home/airflow/.local/lib/python3.12/site-packages/airflow/example_dags/tutorial_dag.py
[2025-04-04T15:54:56.989+0000] {processor.py:925} INFO - DAG(s) 'tutorial_dag' retrieved from /home/airflow/.local/lib/python3.12/site-packages/airflow/example_dags/tutorial_dag.py
[2025-04-04T15:54:57.018+0000] {logging_mixin.py:190} INFO - [2025-04-04T15:54:57.017+0000] {dag.py:3239} INFO - Sync 1 DAGs
[2025-04-04T15:54:57.043+0000] {logging_mixin.py:190} INFO - [2025-04-04T15:54:57.042+0000] {dag.py:4180} INFO - Setting next_dagrun for tutorial_dag to None, run_after=None
[2025-04-04T15:54:57.069+0000] {processor.py:208} INFO - Processing /home/airflow/.local/lib/python3.12/site-packages/airflow/example_dags/tutorial_dag.py took 0.105 seconds
[2025-04-04T15:55:27.730+0000] {processor.py:186} INFO - Started process (PID=1100) to work on /home/airflow/.local/lib/python3.12/site-packages/airflow/example_dags/tutorial_dag.py
[2025-04-04T15:55:27.731+0000] {processor.py:914} INFO - Processing file /home/airflow/.local/lib/python3.12/site-packages/airflow/example_dags/tutorial_dag.py for tasks to queue
[2025-04-04T15:55:27.734+0000] {logging_mixin.py:190} INFO - [2025-04-04T15:55:27.734+0000] {dagbag.py:588} INFO - Filling up the DagBag from /home/airflow/.local/lib/python3.12/site-packages/airflow/example_dags/tutorial_dag.py
[2025-04-04T15:55:27.745+0000] {processor.py:925} INFO - DAG(s) 'tutorial_dag' retrieved from /home/airflow/.local/lib/python3.12/site-packages/airflow/example_dags/tutorial_dag.py
[2025-04-04T15:55:27.774+0000] {logging_mixin.py:190} INFO - [2025-04-04T15:55:27.774+0000] {dag.py:3239} INFO - Sync 1 DAGs
[2025-04-04T15:55:27.795+0000] {logging_mixin.py:190} INFO - [2025-04-04T15:55:27.795+0000] {dag.py:4180} INFO - Setting next_dagrun for tutorial_dag to None, run_after=None
[2025-04-04T15:55:27.826+0000] {processor.py:208} INFO - Processing /home/airflow/.local/lib/python3.12/site-packages/airflow/example_dags/tutorial_dag.py took 0.104 seconds
[2025-04-04T15:55:58.723+0000] {processor.py:186} INFO - Started process (PID=1164) to work on /home/airflow/.local/lib/python3.12/site-packages/airflow/example_dags/tutorial_dag.py
[2025-04-04T15:55:58.724+0000] {processor.py:914} INFO - Processing file /home/airflow/.local/lib/python3.12/site-packages/airflow/example_dags/tutorial_dag.py for tasks to queue
[2025-04-04T15:55:58.728+0000] {logging_mixin.py:190} INFO - [2025-04-04T15:55:58.727+0000] {dagbag.py:588} INFO - Filling up the DagBag from /home/airflow/.local/lib/python3.12/site-packages/airflow/example_dags/tutorial_dag.py
[2025-04-04T15:55:58.740+0000] {processor.py:925} INFO - DAG(s) 'tutorial_dag' retrieved from /home/airflow/.local/lib/python3.12/site-packages/airflow/example_dags/tutorial_dag.py
[2025-04-04T15:55:58.770+0000] {logging_mixin.py:190} INFO - [2025-04-04T15:55:58.770+0000] {dag.py:3239} INFO - Sync 1 DAGs
[2025-04-04T15:55:58.805+0000] {logging_mixin.py:190} INFO - [2025-04-04T15:55:58.805+0000] {dag.py:4180} INFO - Setting next_dagrun for tutorial_dag to None, run_after=None
[2025-04-04T15:55:58.853+0000] {processor.py:208} INFO - Processing /home/airflow/.local/lib/python3.12/site-packages/airflow/example_dags/tutorial_dag.py took 0.141 seconds
[2025-04-04T15:56:29.674+0000] {processor.py:186} INFO - Started process (PID=1228) to work on /home/airflow/.local/lib/python3.12/site-packages/airflow/example_dags/tutorial_dag.py
[2025-04-04T15:56:29.677+0000] {processor.py:914} INFO - Processing file /home/airflow/.local/lib/python3.12/site-packages/airflow/example_dags/tutorial_dag.py for tasks to queue
[2025-04-04T15:56:29.682+0000] {logging_mixin.py:190} INFO - [2025-04-04T15:56:29.681+0000] {dagbag.py:588} INFO - Filling up the DagBag from /home/airflow/.local/lib/python3.12/site-packages/airflow/example_dags/tutorial_dag.py
[2025-04-04T15:56:29.698+0000] {processor.py:925} INFO - DAG(s) 'tutorial_dag' retrieved from /home/airflow/.local/lib/python3.12/site-packages/airflow/example_dags/tutorial_dag.py
[2025-04-04T15:56:29.738+0000] {logging_mixin.py:190} INFO - [2025-04-04T15:56:29.738+0000] {dag.py:3239} INFO - Sync 1 DAGs
[2025-04-04T15:56:29.769+0000] {logging_mixin.py:190} INFO - [2025-04-04T15:56:29.769+0000] {dag.py:4180} INFO - Setting next_dagrun for tutorial_dag to None, run_after=None
[2025-04-04T15:56:29.816+0000] {processor.py:208} INFO - Processing /home/airflow/.local/lib/python3.12/site-packages/airflow/example_dags/tutorial_dag.py took 0.153 seconds
[2025-04-04T15:56:59.940+0000] {processor.py:186} INFO - Started process (PID=1291) to work on /home/airflow/.local/lib/python3.12/site-packages/airflow/example_dags/tutorial_dag.py
[2025-04-04T15:56:59.941+0000] {processor.py:914} INFO - Processing file /home/airflow/.local/lib/python3.12/site-packages/airflow/example_dags/tutorial_dag.py for tasks to queue
[2025-04-04T15:56:59.944+0000] {logging_mixin.py:190} INFO - [2025-04-04T15:56:59.943+0000] {dagbag.py:588} INFO - Filling up the DagBag from /home/airflow/.local/lib/python3.12/site-packages/airflow/example_dags/tutorial_dag.py
[2025-04-04T15:56:59.954+0000] {processor.py:925} INFO - DAG(s) 'tutorial_dag' retrieved from /home/airflow/.local/lib/python3.12/site-packages/airflow/example_dags/tutorial_dag.py
[2025-04-04T15:56:59.981+0000] {logging_mixin.py:190} INFO - [2025-04-04T15:56:59.981+0000] {dag.py:3239} INFO - Sync 1 DAGs
[2025-04-04T15:57:00.004+0000] {logging_mixin.py:190} INFO - [2025-04-04T15:57:00.004+0000] {dag.py:4180} INFO - Setting next_dagrun for tutorial_dag to None, run_after=None
[2025-04-04T15:57:00.033+0000] {processor.py:208} INFO - Processing /home/airflow/.local/lib/python3.12/site-packages/airflow/example_dags/tutorial_dag.py took 0.103 seconds
[2025-04-04T15:57:30.558+0000] {processor.py:186} INFO - Started process (PID=1356) to work on /home/airflow/.local/lib/python3.12/site-packages/airflow/example_dags/tutorial_dag.py
[2025-04-04T15:57:30.559+0000] {processor.py:914} INFO - Processing file /home/airflow/.local/lib/python3.12/site-packages/airflow/example_dags/tutorial_dag.py for tasks to queue
[2025-04-04T15:57:30.562+0000] {logging_mixin.py:190} INFO - [2025-04-04T15:57:30.562+0000] {dagbag.py:588} INFO - Filling up the DagBag from /home/airflow/.local/lib/python3.12/site-packages/airflow/example_dags/tutorial_dag.py
[2025-04-04T15:57:30.572+0000] {processor.py:925} INFO - DAG(s) 'tutorial_dag' retrieved from /home/airflow/.local/lib/python3.12/site-packages/airflow/example_dags/tutorial_dag.py
[2025-04-04T15:57:30.601+0000] {logging_mixin.py:190} INFO - [2025-04-04T15:57:30.601+0000] {dag.py:3239} INFO - Sync 1 DAGs
[2025-04-04T15:57:30.623+0000] {logging_mixin.py:190} INFO - [2025-04-04T15:57:30.623+0000] {dag.py:4180} INFO - Setting next_dagrun for tutorial_dag to None, run_after=None
[2025-04-04T15:57:30.649+0000] {processor.py:208} INFO - Processing /home/airflow/.local/lib/python3.12/site-packages/airflow/example_dags/tutorial_dag.py took 0.101 seconds
[2025-04-04T15:58:00.806+0000] {processor.py:186} INFO - Started process (PID=1420) to work on /home/airflow/.local/lib/python3.12/site-packages/airflow/example_dags/tutorial_dag.py
[2025-04-04T15:58:00.807+0000] {processor.py:914} INFO - Processing file /home/airflow/.local/lib/python3.12/site-packages/airflow/example_dags/tutorial_dag.py for tasks to queue
[2025-04-04T15:58:00.810+0000] {logging_mixin.py:190} INFO - [2025-04-04T15:58:00.809+0000] {dagbag.py:588} INFO - Filling up the DagBag from /home/airflow/.local/lib/python3.12/site-packages/airflow/example_dags/tutorial_dag.py
[2025-04-04T15:58:00.821+0000] {processor.py:925} INFO - DAG(s) 'tutorial_dag' retrieved from /home/airflow/.local/lib/python3.12/site-packages/airflow/example_dags/tutorial_dag.py
[2025-04-04T15:58:00.857+0000] {logging_mixin.py:190} INFO - [2025-04-04T15:58:00.857+0000] {dag.py:3239} INFO - Sync 1 DAGs
[2025-04-04T15:58:00.879+0000] {logging_mixin.py:190} INFO - [2025-04-04T15:58:00.879+0000] {dag.py:4180} INFO - Setting next_dagrun for tutorial_dag to None, run_after=None
[2025-04-04T15:58:00.910+0000] {processor.py:208} INFO - Processing /home/airflow/.local/lib/python3.12/site-packages/airflow/example_dags/tutorial_dag.py took 0.113 seconds
[2025-04-04T15:58:31.776+0000] {processor.py:186} INFO - Started process (PID=1484) to work on /home/airflow/.local/lib/python3.12/site-packages/airflow/example_dags/tutorial_dag.py
[2025-04-04T15:58:31.777+0000] {processor.py:914} INFO - Processing file /home/airflow/.local/lib/python3.12/site-packages/airflow/example_dags/tutorial_dag.py for tasks to queue
[2025-04-04T15:58:31.780+0000] {logging_mixin.py:190} INFO - [2025-04-04T15:58:31.780+0000] {dagbag.py:588} INFO - Filling up the DagBag from /home/airflow/.local/lib/python3.12/site-packages/airflow/example_dags/tutorial_dag.py
[2025-04-04T15:58:31.789+0000] {processor.py:925} INFO - DAG(s) 'tutorial_dag' retrieved from /home/airflow/.local/lib/python3.12/site-packages/airflow/example_dags/tutorial_dag.py
[2025-04-04T15:58:31.818+0000] {logging_mixin.py:190} INFO - [2025-04-04T15:58:31.817+0000] {dag.py:3239} INFO - Sync 1 DAGs
[2025-04-04T15:58:31.847+0000] {logging_mixin.py:190} INFO - [2025-04-04T15:58:31.846+0000] {dag.py:4180} INFO - Setting next_dagrun for tutorial_dag to None, run_after=None
[2025-04-04T15:58:31.871+0000] {processor.py:208} INFO - Processing /home/airflow/.local/lib/python3.12/site-packages/airflow/example_dags/tutorial_dag.py took 0.104 seconds
[2025-04-04T16:00:47.781+0000] {processor.py:186} INFO - Started process (PID=76) to work on /home/airflow/.local/lib/python3.12/site-packages/airflow/example_dags/tutorial_dag.py
[2025-04-04T16:00:47.782+0000] {processor.py:914} INFO - Processing file /home/airflow/.local/lib/python3.12/site-packages/airflow/example_dags/tutorial_dag.py for tasks to queue
[2025-04-04T16:00:47.786+0000] {logging_mixin.py:190} INFO - [2025-04-04T16:00:47.786+0000] {dagbag.py:588} INFO - Filling up the DagBag from /home/airflow/.local/lib/python3.12/site-packages/airflow/example_dags/tutorial_dag.py
[2025-04-04T16:00:47.801+0000] {processor.py:925} INFO - DAG(s) 'tutorial_dag' retrieved from /home/airflow/.local/lib/python3.12/site-packages/airflow/example_dags/tutorial_dag.py
[2025-04-04T16:00:47.839+0000] {logging_mixin.py:190} INFO - [2025-04-04T16:00:47.838+0000] {dag.py:3239} INFO - Sync 1 DAGs
[2025-04-04T16:00:47.870+0000] {logging_mixin.py:190} INFO - [2025-04-04T16:00:47.869+0000] {dag.py:4180} INFO - Setting next_dagrun for tutorial_dag to None, run_after=None
[2025-04-04T16:00:47.903+0000] {processor.py:208} INFO - Processing /home/airflow/.local/lib/python3.12/site-packages/airflow/example_dags/tutorial_dag.py took 0.134 seconds
[2025-04-04T16:01:18.591+0000] {processor.py:186} INFO - Started process (PID=139) to work on /home/airflow/.local/lib/python3.12/site-packages/airflow/example_dags/tutorial_dag.py
[2025-04-04T16:01:18.594+0000] {processor.py:914} INFO - Processing file /home/airflow/.local/lib/python3.12/site-packages/airflow/example_dags/tutorial_dag.py for tasks to queue
[2025-04-04T16:01:18.597+0000] {logging_mixin.py:190} INFO - [2025-04-04T16:01:18.596+0000] {dagbag.py:588} INFO - Filling up the DagBag from /home/airflow/.local/lib/python3.12/site-packages/airflow/example_dags/tutorial_dag.py
[2025-04-04T16:01:18.607+0000] {processor.py:925} INFO - DAG(s) 'tutorial_dag' retrieved from /home/airflow/.local/lib/python3.12/site-packages/airflow/example_dags/tutorial_dag.py
[2025-04-04T16:01:18.632+0000] {logging_mixin.py:190} INFO - [2025-04-04T16:01:18.631+0000] {dag.py:3239} INFO - Sync 1 DAGs
[2025-04-04T16:01:18.652+0000] {logging_mixin.py:190} INFO - [2025-04-04T16:01:18.652+0000] {dag.py:4180} INFO - Setting next_dagrun for tutorial_dag to None, run_after=None
[2025-04-04T16:01:18.675+0000] {processor.py:208} INFO - Processing /home/airflow/.local/lib/python3.12/site-packages/airflow/example_dags/tutorial_dag.py took 0.093 seconds
[2025-04-04T16:01:49.487+0000] {processor.py:186} INFO - Started process (PID=203) to work on /home/airflow/.local/lib/python3.12/site-packages/airflow/example_dags/tutorial_dag.py
[2025-04-04T16:01:49.489+0000] {processor.py:914} INFO - Processing file /home/airflow/.local/lib/python3.12/site-packages/airflow/example_dags/tutorial_dag.py for tasks to queue
[2025-04-04T16:01:49.492+0000] {logging_mixin.py:190} INFO - [2025-04-04T16:01:49.492+0000] {dagbag.py:588} INFO - Filling up the DagBag from /home/airflow/.local/lib/python3.12/site-packages/airflow/example_dags/tutorial_dag.py
[2025-04-04T16:01:49.502+0000] {processor.py:925} INFO - DAG(s) 'tutorial_dag' retrieved from /home/airflow/.local/lib/python3.12/site-packages/airflow/example_dags/tutorial_dag.py
[2025-04-04T16:01:49.531+0000] {logging_mixin.py:190} INFO - [2025-04-04T16:01:49.531+0000] {dag.py:3239} INFO - Sync 1 DAGs
[2025-04-04T16:01:49.550+0000] {logging_mixin.py:190} INFO - [2025-04-04T16:01:49.550+0000] {dag.py:4180} INFO - Setting next_dagrun for tutorial_dag to None, run_after=None
[2025-04-04T16:01:49.574+0000] {processor.py:208} INFO - Processing /home/airflow/.local/lib/python3.12/site-packages/airflow/example_dags/tutorial_dag.py took 0.096 seconds
[2025-04-04T16:02:19.816+0000] {processor.py:186} INFO - Started process (PID=267) to work on /home/airflow/.local/lib/python3.12/site-packages/airflow/example_dags/tutorial_dag.py
[2025-04-04T16:02:19.817+0000] {processor.py:914} INFO - Processing file /home/airflow/.local/lib/python3.12/site-packages/airflow/example_dags/tutorial_dag.py for tasks to queue
[2025-04-04T16:02:19.820+0000] {logging_mixin.py:190} INFO - [2025-04-04T16:02:19.819+0000] {dagbag.py:588} INFO - Filling up the DagBag from /home/airflow/.local/lib/python3.12/site-packages/airflow/example_dags/tutorial_dag.py
[2025-04-04T16:02:19.828+0000] {processor.py:925} INFO - DAG(s) 'tutorial_dag' retrieved from /home/airflow/.local/lib/python3.12/site-packages/airflow/example_dags/tutorial_dag.py
[2025-04-04T16:02:19.858+0000] {logging_mixin.py:190} INFO - [2025-04-04T16:02:19.858+0000] {dag.py:3239} INFO - Sync 1 DAGs
[2025-04-04T16:02:19.883+0000] {logging_mixin.py:190} INFO - [2025-04-04T16:02:19.883+0000] {dag.py:4180} INFO - Setting next_dagrun for tutorial_dag to None, run_after=None
[2025-04-04T16:02:19.907+0000] {processor.py:208} INFO - Processing /home/airflow/.local/lib/python3.12/site-packages/airflow/example_dags/tutorial_dag.py took 0.100 seconds
[2025-04-04T16:02:50.037+0000] {processor.py:186} INFO - Started process (PID=331) to work on /home/airflow/.local/lib/python3.12/site-packages/airflow/example_dags/tutorial_dag.py
[2025-04-04T16:02:50.038+0000] {processor.py:914} INFO - Processing file /home/airflow/.local/lib/python3.12/site-packages/airflow/example_dags/tutorial_dag.py for tasks to queue
[2025-04-04T16:02:50.041+0000] {logging_mixin.py:190} INFO - [2025-04-04T16:02:50.041+0000] {dagbag.py:588} INFO - Filling up the DagBag from /home/airflow/.local/lib/python3.12/site-packages/airflow/example_dags/tutorial_dag.py
[2025-04-04T16:02:50.052+0000] {processor.py:925} INFO - DAG(s) 'tutorial_dag' retrieved from /home/airflow/.local/lib/python3.12/site-packages/airflow/example_dags/tutorial_dag.py
[2025-04-04T16:02:50.080+0000] {logging_mixin.py:190} INFO - [2025-04-04T16:02:50.079+0000] {dag.py:3239} INFO - Sync 1 DAGs
[2025-04-04T16:02:50.108+0000] {logging_mixin.py:190} INFO - [2025-04-04T16:02:50.108+0000] {dag.py:4180} INFO - Setting next_dagrun for tutorial_dag to None, run_after=None
[2025-04-04T16:02:50.138+0000] {processor.py:208} INFO - Processing /home/airflow/.local/lib/python3.12/site-packages/airflow/example_dags/tutorial_dag.py took 0.109 seconds
